[2025-06-09T18:40:02.391+0200] {local_task_job_runner.py:120} INFO - ::group::Pre task execution logs
[2025-06-09T18:40:02.409+0200] {taskinstance.py:2073} INFO - Dependencies all met for dep_context=non-requeueable deps ti=<TaskInstance: backfill_pollution_weather_dag.format_backfill_all_data manual__2025-06-09T16:39:57.729782+00:00 [queued]>
[2025-06-09T18:40:02.414+0200] {taskinstance.py:2073} INFO - Dependencies all met for dep_context=requeueable deps ti=<TaskInstance: backfill_pollution_weather_dag.format_backfill_all_data manual__2025-06-09T16:39:57.729782+00:00 [queued]>
[2025-06-09T18:40:02.414+0200] {taskinstance.py:2303} INFO - Starting attempt 1 of 2
[2025-06-09T18:40:02.433+0200] {taskinstance.py:2327} INFO - Executing <Task(PythonOperator): format_backfill_all_data> on 2025-06-09 16:39:57.729782+00:00
[2025-06-09T18:40:02.436+0200] {standard_task_runner.py:63} INFO - Started process 164479 to run task
[2025-06-09T18:40:02.441+0200] {standard_task_runner.py:90} INFO - Running: ['airflow', 'tasks', 'run', 'backfill_pollution_weather_dag', 'format_backfill_all_data', 'manual__2025-06-09T16:39:57.729782+00:00', '--job-id', '432', '--raw', '--subdir', 'DAGS_FOLDER/backfill_dag.py', '--cfg-path', '/tmp/tmppbgi9w4z']
[2025-06-09T18:40:02.441+0200] {standard_task_runner.py:91} INFO - Job 432: Subtask format_backfill_all_data
[2025-06-09T18:40:02.480+0200] {task_command.py:426} INFO - Running <TaskInstance: backfill_pollution_weather_dag.format_backfill_all_data manual__2025-06-09T16:39:57.729782+00:00 [running]> on host DESKTOP-2QS8J6D.
[2025-06-09T18:40:02.548+0200] {taskinstance.py:2644} INFO - Exporting env vars: AIRFLOW_CTX_DAG_OWNER='airflow' AIRFLOW_CTX_DAG_ID='backfill_pollution_weather_dag' AIRFLOW_CTX_TASK_ID='format_backfill_all_data' AIRFLOW_CTX_EXECUTION_DATE='2025-06-09T16:39:57.729782+00:00' AIRFLOW_CTX_TRY_NUMBER='1' AIRFLOW_CTX_DAG_RUN_ID='manual__2025-06-09T16:39:57.729782+00:00'
[2025-06-09T18:40:02.549+0200] {taskinstance.py:430} INFO - ::endgroup::
[2025-06-09T18:40:08.340+0200] {logging_mixin.py:188} INFO - [CITY] Processing: moscow
[2025-06-09T18:40:08.341+0200] {logging_mixin.py:188} INFO - [CITY] Processing: istanbul
[2025-06-09T18:40:17.045+0200] {logging_mixin.py:188} INFO - [OK] Pollution written: /home/ccd/airflow/data/formatted/pollution/istanbul/2023-01-01
[2025-06-09T18:40:17.046+0200] {logging_mixin.py:188} INFO - [OK] Pollution written: /home/ccd/airflow/data/formatted/pollution/moscow/2023-01-01
[2025-06-09T18:40:18.399+0200] {logging_mixin.py:188} INFO - [OK] Pollution written: /home/ccd/airflow/data/formatted/pollution/istanbul/2023-01-02
[2025-06-09T18:40:19.693+0200] {logging_mixin.py:188} INFO - [OK] Pollution written: /home/ccd/airflow/data/formatted/pollution/moscow/2023-01-02
[2025-06-09T18:40:20.330+0200] {logging_mixin.py:188} INFO - [OK] Pollution written: /home/ccd/airflow/data/formatted/pollution/istanbul/2023-01-03
[2025-06-09T18:40:20.773+0200] {logging_mixin.py:188} INFO - [OK] Pollution written: /home/ccd/airflow/data/formatted/pollution/moscow/2023-01-03
[2025-06-09T18:40:21.882+0200] {logging_mixin.py:188} INFO - [OK] Pollution written: /home/ccd/airflow/data/formatted/pollution/istanbul/2023-01-04
[2025-06-09T18:40:22.600+0200] {logging_mixin.py:188} INFO - [OK] Pollution written: /home/ccd/airflow/data/formatted/pollution/moscow/2023-01-04
[2025-06-09T18:40:23.223+0200] {logging_mixin.py:188} INFO - [OK] Pollution written: /home/ccd/airflow/data/formatted/pollution/istanbul/2023-01-05
[2025-06-09T18:40:23.586+0200] {logging_mixin.py:188} INFO - [OK] Pollution written: /home/ccd/airflow/data/formatted/pollution/moscow/2023-01-05
[2025-06-09T18:40:24.075+0200] {logging_mixin.py:188} INFO - [OK] Pollution written: /home/ccd/airflow/data/formatted/pollution/istanbul/2023-01-06
[2025-06-09T18:40:24.568+0200] {logging_mixin.py:188} INFO - [OK] Pollution written: /home/ccd/airflow/data/formatted/pollution/moscow/2023-01-06
[2025-06-09T18:40:24.943+0200] {logging_mixin.py:188} INFO - [OK] Pollution written: /home/ccd/airflow/data/formatted/pollution/istanbul/2023-01-07
[2025-06-09T18:40:26.081+0200] {logging_mixin.py:188} INFO - [OK] Pollution written: /home/ccd/airflow/data/formatted/pollution/moscow/2023-01-07
[2025-06-09T18:40:26.428+0200] {logging_mixin.py:188} INFO - [OK] Pollution written: /home/ccd/airflow/data/formatted/pollution/istanbul/2023-01-08
[2025-06-09T18:40:26.911+0200] {logging_mixin.py:188} INFO - [OK] Pollution written: /home/ccd/airflow/data/formatted/pollution/moscow/2023-01-08
[2025-06-09T18:40:27.334+0200] {logging_mixin.py:188} INFO - [OK] Pollution written: /home/ccd/airflow/data/formatted/pollution/istanbul/2023-01-09
[2025-06-09T18:40:27.754+0200] {logging_mixin.py:188} INFO - [OK] Pollution written: /home/ccd/airflow/data/formatted/pollution/moscow/2023-01-09
[2025-06-09T18:40:28.157+0200] {logging_mixin.py:188} INFO - [OK] Pollution written: /home/ccd/airflow/data/formatted/pollution/istanbul/2023-01-10
[2025-06-09T18:40:28.534+0200] {logging_mixin.py:188} INFO - [OK] Pollution written: /home/ccd/airflow/data/formatted/pollution/moscow/2023-01-10
[2025-06-09T18:40:28.935+0200] {logging_mixin.py:188} INFO - [OK] Pollution written: /home/ccd/airflow/data/formatted/pollution/istanbul/2023-01-11
[2025-06-09T18:40:29.290+0200] {logging_mixin.py:188} INFO - [OK] Pollution written: /home/ccd/airflow/data/formatted/pollution/moscow/2023-01-11
[2025-06-09T18:40:29.695+0200] {logging_mixin.py:188} INFO - [OK] Pollution written: /home/ccd/airflow/data/formatted/pollution/istanbul/2023-01-12
[2025-06-09T18:40:30.107+0200] {logging_mixin.py:188} INFO - [OK] Pollution written: /home/ccd/airflow/data/formatted/pollution/moscow/2023-01-12
[2025-06-09T18:40:30.465+0200] {logging_mixin.py:188} INFO - [OK] Pollution written: /home/ccd/airflow/data/formatted/pollution/istanbul/2023-01-13
[2025-06-09T18:40:30.879+0200] {logging_mixin.py:188} INFO - [OK] Pollution written: /home/ccd/airflow/data/formatted/pollution/moscow/2023-01-13
[2025-06-09T18:40:31.387+0200] {logging_mixin.py:188} INFO - [OK] Pollution written: /home/ccd/airflow/data/formatted/pollution/istanbul/2023-01-14
[2025-06-09T18:40:31.844+0200] {logging_mixin.py:188} INFO - [OK] Pollution written: /home/ccd/airflow/data/formatted/pollution/moscow/2023-01-14
[2025-06-09T18:40:32.066+0200] {logging_mixin.py:188} INFO - [OK] Pollution written: /home/ccd/airflow/data/formatted/pollution/istanbul/2023-01-15
[2025-06-09T18:40:32.567+0200] {logging_mixin.py:188} INFO - [OK] Pollution written: /home/ccd/airflow/data/formatted/pollution/moscow/2023-01-15
[2025-06-09T18:40:32.944+0200] {logging_mixin.py:188} INFO - [OK] Pollution written: /home/ccd/airflow/data/formatted/pollution/istanbul/2023-01-16
[2025-06-09T18:40:33.432+0200] {logging_mixin.py:188} INFO - [OK] Pollution written: /home/ccd/airflow/data/formatted/pollution/moscow/2023-01-16
[2025-06-09T18:40:33.764+0200] {logging_mixin.py:188} INFO - [OK] Pollution written: /home/ccd/airflow/data/formatted/pollution/istanbul/2023-01-17
[2025-06-09T18:40:34.070+0200] {logging_mixin.py:188} INFO - [OK] Pollution written: /home/ccd/airflow/data/formatted/pollution/moscow/2023-01-17
[2025-06-09T18:40:34.554+0200] {logging_mixin.py:188} INFO - [OK] Pollution written: /home/ccd/airflow/data/formatted/pollution/istanbul/2023-01-18
[2025-06-09T18:40:34.894+0200] {logging_mixin.py:188} INFO - [OK] Pollution written: /home/ccd/airflow/data/formatted/pollution/moscow/2023-01-18
[2025-06-09T18:40:35.344+0200] {logging_mixin.py:188} INFO - [OK] Pollution written: /home/ccd/airflow/data/formatted/pollution/istanbul/2023-01-19
[2025-06-09T18:40:35.948+0200] {logging_mixin.py:188} INFO - [OK] Pollution written: /home/ccd/airflow/data/formatted/pollution/moscow/2023-01-19
[2025-06-09T18:40:36.544+0200] {logging_mixin.py:188} INFO - [OK] Pollution written: /home/ccd/airflow/data/formatted/pollution/istanbul/2023-01-20
[2025-06-09T18:40:37.310+0200] {logging_mixin.py:188} INFO - [OK] Pollution written: /home/ccd/airflow/data/formatted/pollution/moscow/2023-01-20
[2025-06-09T18:40:37.934+0200] {logging_mixin.py:188} INFO - [OK] Pollution written: /home/ccd/airflow/data/formatted/pollution/istanbul/2023-01-21
[2025-06-09T18:40:38.565+0200] {logging_mixin.py:188} INFO - [OK] Pollution written: /home/ccd/airflow/data/formatted/pollution/moscow/2023-01-21
[2025-06-09T18:40:39.211+0200] {logging_mixin.py:188} INFO - [OK] Pollution written: /home/ccd/airflow/data/formatted/pollution/istanbul/2023-01-22
[2025-06-09T18:40:39.986+0200] {logging_mixin.py:188} INFO - [OK] Pollution written: /home/ccd/airflow/data/formatted/pollution/moscow/2023-01-22
[2025-06-09T18:40:40.584+0200] {logging_mixin.py:188} INFO - [OK] Pollution written: /home/ccd/airflow/data/formatted/pollution/istanbul/2023-01-23
[2025-06-09T18:40:41.270+0200] {logging_mixin.py:188} INFO - [OK] Pollution written: /home/ccd/airflow/data/formatted/pollution/moscow/2023-01-23
[2025-06-09T18:40:41.955+0200] {logging_mixin.py:188} INFO - [OK] Pollution written: /home/ccd/airflow/data/formatted/pollution/istanbul/2023-01-24
[2025-06-09T18:40:42.605+0200] {logging_mixin.py:188} INFO - [OK] Pollution written: /home/ccd/airflow/data/formatted/pollution/moscow/2023-01-24
[2025-06-09T18:40:43.156+0200] {logging_mixin.py:188} INFO - [OK] Pollution written: /home/ccd/airflow/data/formatted/pollution/istanbul/2023-01-25
[2025-06-09T18:40:43.899+0200] {logging_mixin.py:188} INFO - [OK] Pollution written: /home/ccd/airflow/data/formatted/pollution/moscow/2023-01-25
[2025-06-09T18:40:44.545+0200] {logging_mixin.py:188} INFO - [OK] Pollution written: /home/ccd/airflow/data/formatted/pollution/istanbul/2023-01-26
[2025-06-09T18:40:45.254+0200] {logging_mixin.py:188} INFO - [OK] Pollution written: /home/ccd/airflow/data/formatted/pollution/moscow/2023-01-26
[2025-06-09T18:40:45.745+0200] {logging_mixin.py:188} INFO - [OK] Pollution written: /home/ccd/airflow/data/formatted/pollution/istanbul/2023-01-27
[2025-06-09T18:40:46.376+0200] {logging_mixin.py:188} INFO - [OK] Pollution written: /home/ccd/airflow/data/formatted/pollution/moscow/2023-01-27
[2025-06-09T18:40:46.974+0200] {logging_mixin.py:188} INFO - [OK] Pollution written: /home/ccd/airflow/data/formatted/pollution/istanbul/2023-01-28
[2025-06-09T18:40:47.595+0200] {logging_mixin.py:188} INFO - [OK] Pollution written: /home/ccd/airflow/data/formatted/pollution/moscow/2023-01-28
[2025-06-09T18:40:48.324+0200] {logging_mixin.py:188} INFO - [OK] Pollution written: /home/ccd/airflow/data/formatted/pollution/istanbul/2023-01-29
[2025-06-09T18:40:49.370+0200] {logging_mixin.py:188} INFO - [OK] Pollution written: /home/ccd/airflow/data/formatted/pollution/moscow/2023-01-29
[2025-06-09T18:40:50.686+0200] {logging_mixin.py:188} INFO - [OK] Pollution written: /home/ccd/airflow/data/formatted/pollution/istanbul/2023-01-30
[2025-06-09T18:40:51.618+0200] {logging_mixin.py:188} INFO - [OK] Pollution written: /home/ccd/airflow/data/formatted/pollution/moscow/2023-01-30
[2025-06-09T18:40:52.685+0200] {logging_mixin.py:188} INFO - [OK] Pollution written: /home/ccd/airflow/data/formatted/pollution/istanbul/2023-01-31
[2025-06-09T18:40:54.104+0200] {logging_mixin.py:188} INFO - [OK] Pollution written: /home/ccd/airflow/data/formatted/pollution/moscow/2023-01-31
[2025-06-09T18:40:54.524+0200] {logging_mixin.py:188} INFO - [OK] Pollution written: /home/ccd/airflow/data/formatted/pollution/istanbul/2023-02-01
[2025-06-09T18:40:55.087+0200] {logging_mixin.py:188} INFO - [OK] Pollution written: /home/ccd/airflow/data/formatted/pollution/moscow/2023-02-01
[2025-06-09T18:40:55.649+0200] {logging_mixin.py:188} INFO - [OK] Pollution written: /home/ccd/airflow/data/formatted/pollution/istanbul/2023-02-02
[2025-06-09T18:40:56.247+0200] {logging_mixin.py:188} INFO - [OK] Pollution written: /home/ccd/airflow/data/formatted/pollution/moscow/2023-02-02
[2025-06-09T18:40:56.573+0200] {logging_mixin.py:188} INFO - [OK] Pollution written: /home/ccd/airflow/data/formatted/pollution/istanbul/2023-02-03
[2025-06-09T18:40:57.044+0200] {logging_mixin.py:188} INFO - [OK] Pollution written: /home/ccd/airflow/data/formatted/pollution/moscow/2023-02-03
[2025-06-09T18:40:57.331+0200] {logging_mixin.py:188} INFO - [OK] Pollution written: /home/ccd/airflow/data/formatted/pollution/istanbul/2023-02-04
[2025-06-09T18:40:57.740+0200] {logging_mixin.py:188} INFO - [OK] Pollution written: /home/ccd/airflow/data/formatted/pollution/moscow/2023-02-04
[2025-06-09T18:40:58.746+0200] {logging_mixin.py:188} INFO - [OK] Pollution written: /home/ccd/airflow/data/formatted/pollution/istanbul/2023-02-05
[2025-06-09T18:40:59.060+0200] {logging_mixin.py:188} INFO - [OK] Pollution written: /home/ccd/airflow/data/formatted/pollution/moscow/2023-02-05
[2025-06-09T18:40:59.526+0200] {logging_mixin.py:188} INFO - [OK] Pollution written: /home/ccd/airflow/data/formatted/pollution/istanbul/2023-02-06
[2025-06-09T18:40:59.847+0200] {logging_mixin.py:188} INFO - [OK] Pollution written: /home/ccd/airflow/data/formatted/pollution/moscow/2023-02-06
[2025-06-09T18:41:00.347+0200] {logging_mixin.py:188} INFO - [OK] Pollution written: /home/ccd/airflow/data/formatted/pollution/istanbul/2023-02-07
[2025-06-09T18:41:00.640+0200] {logging_mixin.py:188} INFO - [OK] Pollution written: /home/ccd/airflow/data/formatted/pollution/moscow/2023-02-07
[2025-06-09T18:41:01.036+0200] {logging_mixin.py:188} INFO - [OK] Pollution written: /home/ccd/airflow/data/formatted/pollution/istanbul/2023-02-08
[2025-06-09T18:41:01.421+0200] {logging_mixin.py:188} INFO - [OK] Pollution written: /home/ccd/airflow/data/formatted/pollution/moscow/2023-02-08
[2025-06-09T18:41:01.659+0200] {logging_mixin.py:188} INFO - [OK] Pollution written: /home/ccd/airflow/data/formatted/pollution/istanbul/2023-02-09
[2025-06-09T18:41:02.022+0200] {logging_mixin.py:188} INFO - [OK] Pollution written: /home/ccd/airflow/data/formatted/pollution/moscow/2023-02-09
[2025-06-09T18:41:02.390+0200] {logging_mixin.py:188} INFO - [OK] Pollution written: /home/ccd/airflow/data/formatted/pollution/istanbul/2023-02-10
[2025-06-09T18:41:02.753+0200] {logging_mixin.py:188} INFO - [OK] Pollution written: /home/ccd/airflow/data/formatted/pollution/moscow/2023-02-10
[2025-06-09T18:41:03.126+0200] {logging_mixin.py:188} INFO - [OK] Pollution written: /home/ccd/airflow/data/formatted/pollution/istanbul/2023-02-11
[2025-06-09T18:41:03.564+0200] {logging_mixin.py:188} INFO - [OK] Pollution written: /home/ccd/airflow/data/formatted/pollution/moscow/2023-02-11
[2025-06-09T18:41:03.770+0200] {logging_mixin.py:188} INFO - [OK] Pollution written: /home/ccd/airflow/data/formatted/pollution/istanbul/2023-02-12
[2025-06-09T18:41:04.131+0200] {logging_mixin.py:188} INFO - [OK] Pollution written: /home/ccd/airflow/data/formatted/pollution/moscow/2023-02-12
[2025-06-09T18:41:04.526+0200] {logging_mixin.py:188} INFO - [OK] Pollution written: /home/ccd/airflow/data/formatted/pollution/istanbul/2023-02-13
[2025-06-09T18:41:04.976+0200] {logging_mixin.py:188} INFO - [OK] Pollution written: /home/ccd/airflow/data/formatted/pollution/moscow/2023-02-13
[2025-06-09T18:41:05.440+0200] {logging_mixin.py:188} INFO - [OK] Pollution written: /home/ccd/airflow/data/formatted/pollution/istanbul/2023-02-14
[2025-06-09T18:41:05.726+0200] {logging_mixin.py:188} INFO - [OK] Pollution written: /home/ccd/airflow/data/formatted/pollution/moscow/2023-02-14
[2025-06-09T18:41:06.113+0200] {logging_mixin.py:188} INFO - [OK] Pollution written: /home/ccd/airflow/data/formatted/pollution/istanbul/2023-02-15
[2025-06-09T18:41:06.416+0200] {logging_mixin.py:188} INFO - [OK] Pollution written: /home/ccd/airflow/data/formatted/pollution/moscow/2023-02-15
[2025-06-09T18:41:06.717+0200] {logging_mixin.py:188} INFO - [OK] Pollution written: /home/ccd/airflow/data/formatted/pollution/istanbul/2023-02-16
[2025-06-09T18:41:07.143+0200] {logging_mixin.py:188} INFO - [OK] Pollution written: /home/ccd/airflow/data/formatted/pollution/moscow/2023-02-16
[2025-06-09T18:41:07.580+0200] {logging_mixin.py:188} INFO - [OK] Pollution written: /home/ccd/airflow/data/formatted/pollution/istanbul/2023-02-17
[2025-06-09T18:41:07.996+0200] {logging_mixin.py:188} INFO - [OK] Pollution written: /home/ccd/airflow/data/formatted/pollution/moscow/2023-02-17
[2025-06-09T18:41:08.396+0200] {logging_mixin.py:188} INFO - [OK] Pollution written: /home/ccd/airflow/data/formatted/pollution/istanbul/2023-02-18
[2025-06-09T18:41:08.776+0200] {logging_mixin.py:188} INFO - [OK] Pollution written: /home/ccd/airflow/data/formatted/pollution/moscow/2023-02-18
[2025-06-09T18:41:09.039+0200] {logging_mixin.py:188} INFO - [OK] Pollution written: /home/ccd/airflow/data/formatted/pollution/istanbul/2023-02-19
[2025-06-09T18:41:09.416+0200] {logging_mixin.py:188} INFO - [OK] Pollution written: /home/ccd/airflow/data/formatted/pollution/moscow/2023-02-19
[2025-06-09T18:41:09.747+0200] {logging_mixin.py:188} INFO - [OK] Pollution written: /home/ccd/airflow/data/formatted/pollution/istanbul/2023-02-20
[2025-06-09T18:41:10.387+0200] {logging_mixin.py:188} INFO - [OK] Pollution written: /home/ccd/airflow/data/formatted/pollution/moscow/2023-02-20
[2025-06-09T18:41:11.290+0200] {logging_mixin.py:188} INFO - [OK] Pollution written: /home/ccd/airflow/data/formatted/pollution/istanbul/2023-02-21
[2025-06-09T18:41:12.339+0200] {logging_mixin.py:188} INFO - [OK] Pollution written: /home/ccd/airflow/data/formatted/pollution/moscow/2023-02-21
[2025-06-09T18:41:13.170+0200] {logging_mixin.py:188} INFO - [OK] Pollution written: /home/ccd/airflow/data/formatted/pollution/istanbul/2023-02-22
[2025-06-09T18:41:14.782+0200] {logging_mixin.py:188} INFO - [OK] Pollution written: /home/ccd/airflow/data/formatted/pollution/moscow/2023-02-22
[2025-06-09T18:41:15.538+0200] {logging_mixin.py:188} INFO - [OK] Pollution written: /home/ccd/airflow/data/formatted/pollution/istanbul/2023-02-25
[2025-06-09T18:41:16.197+0200] {logging_mixin.py:188} INFO - [OK] Pollution written: /home/ccd/airflow/data/formatted/pollution/moscow/2023-02-25
[2025-06-09T18:41:16.788+0200] {logging_mixin.py:188} INFO - [OK] Pollution written: /home/ccd/airflow/data/formatted/pollution/istanbul/2023-02-26
[2025-06-09T18:41:17.333+0200] {logging_mixin.py:188} INFO - [OK] Pollution written: /home/ccd/airflow/data/formatted/pollution/moscow/2023-02-26
[2025-06-09T18:41:17.992+0200] {logging_mixin.py:188} INFO - [OK] Pollution written: /home/ccd/airflow/data/formatted/pollution/istanbul/2023-02-27
[2025-06-09T18:41:18.668+0200] {logging_mixin.py:188} INFO - [OK] Pollution written: /home/ccd/airflow/data/formatted/pollution/moscow/2023-02-27
[2025-06-09T18:41:19.459+0200] {logging_mixin.py:188} INFO - [OK] Pollution written: /home/ccd/airflow/data/formatted/pollution/istanbul/2023-02-28
[2025-06-09T18:41:20.367+0200] {logging_mixin.py:188} INFO - [OK] Pollution written: /home/ccd/airflow/data/formatted/pollution/moscow/2023-02-28
[2025-06-09T18:41:20.932+0200] {logging_mixin.py:188} INFO - [OK] Pollution written: /home/ccd/airflow/data/formatted/pollution/istanbul/2023-03-01
[2025-06-09T18:41:21.625+0200] {logging_mixin.py:188} INFO - [OK] Pollution written: /home/ccd/airflow/data/formatted/pollution/moscow/2023-03-01
[2025-06-09T18:41:22.292+0200] {logging_mixin.py:188} INFO - [OK] Pollution written: /home/ccd/airflow/data/formatted/pollution/istanbul/2023-03-02
[2025-06-09T18:41:22.991+0200] {logging_mixin.py:188} INFO - [OK] Pollution written: /home/ccd/airflow/data/formatted/pollution/moscow/2023-03-02
[2025-06-09T18:41:23.569+0200] {logging_mixin.py:188} INFO - [OK] Pollution written: /home/ccd/airflow/data/formatted/pollution/istanbul/2023-03-03
[2025-06-09T18:41:24.167+0200] {logging_mixin.py:188} INFO - [OK] Pollution written: /home/ccd/airflow/data/formatted/pollution/moscow/2023-03-03
[2025-06-09T18:41:24.717+0200] {logging_mixin.py:188} INFO - [OK] Pollution written: /home/ccd/airflow/data/formatted/pollution/istanbul/2023-03-05
[2025-06-09T18:41:25.258+0200] {logging_mixin.py:188} INFO - [OK] Pollution written: /home/ccd/airflow/data/formatted/pollution/moscow/2023-03-05
[2025-06-09T18:41:25.987+0200] {logging_mixin.py:188} INFO - [OK] Pollution written: /home/ccd/airflow/data/formatted/pollution/istanbul/2023-03-06
[2025-06-09T18:41:26.697+0200] {logging_mixin.py:188} INFO - [OK] Pollution written: /home/ccd/airflow/data/formatted/pollution/moscow/2023-03-06
[2025-06-09T18:41:27.297+0200] {logging_mixin.py:188} INFO - [OK] Pollution written: /home/ccd/airflow/data/formatted/pollution/istanbul/2023-03-07
[2025-06-09T18:41:28.142+0200] {logging_mixin.py:188} INFO - [OK] Pollution written: /home/ccd/airflow/data/formatted/pollution/moscow/2023-03-07
[2025-06-09T18:41:28.753+0200] {logging_mixin.py:188} INFO - [OK] Pollution written: /home/ccd/airflow/data/formatted/pollution/istanbul/2023-03-08
[2025-06-09T18:41:29.841+0200] {logging_mixin.py:188} INFO - [OK] Pollution written: /home/ccd/airflow/data/formatted/pollution/moscow/2023-03-08
[2025-06-09T18:41:30.377+0200] {logging_mixin.py:188} INFO - [OK] Pollution written: /home/ccd/airflow/data/formatted/pollution/istanbul/2023-03-09
[2025-06-09T18:41:31.757+0200] {logging_mixin.py:188} INFO - [OK] Pollution written: /home/ccd/airflow/data/formatted/pollution/moscow/2023-03-09
[2025-06-09T18:41:32.850+0200] {logging_mixin.py:188} INFO - [OK] Pollution written: /home/ccd/airflow/data/formatted/pollution/istanbul/2023-03-10
[2025-06-09T18:41:33.681+0200] {logging_mixin.py:188} INFO - [OK] Pollution written: /home/ccd/airflow/data/formatted/pollution/moscow/2023-03-10
[2025-06-09T18:41:34.516+0200] {logging_mixin.py:188} INFO - [OK] Pollution written: /home/ccd/airflow/data/formatted/pollution/istanbul/2023-03-11
[2025-06-09T18:41:35.232+0200] {logging_mixin.py:188} INFO - [OK] Pollution written: /home/ccd/airflow/data/formatted/pollution/moscow/2023-03-11
[2025-06-09T18:41:35.996+0200] {logging_mixin.py:188} INFO - [OK] Pollution written: /home/ccd/airflow/data/formatted/pollution/istanbul/2023-03-12
[2025-06-09T18:41:36.413+0200] {logging_mixin.py:188} INFO - [OK] Pollution written: /home/ccd/airflow/data/formatted/pollution/moscow/2023-03-12
[2025-06-09T18:41:36.752+0200] {logging_mixin.py:188} INFO - [OK] Pollution written: /home/ccd/airflow/data/formatted/pollution/istanbul/2023-03-13
[2025-06-09T18:41:37.145+0200] {logging_mixin.py:188} INFO - [OK] Pollution written: /home/ccd/airflow/data/formatted/pollution/moscow/2023-03-13
[2025-06-09T18:41:37.505+0200] {logging_mixin.py:188} INFO - [OK] Pollution written: /home/ccd/airflow/data/formatted/pollution/istanbul/2023-03-14
[2025-06-09T18:41:37.954+0200] {logging_mixin.py:188} INFO - [OK] Pollution written: /home/ccd/airflow/data/formatted/pollution/moscow/2023-03-14
[2025-06-09T18:41:38.223+0200] {logging_mixin.py:188} INFO - [OK] Pollution written: /home/ccd/airflow/data/formatted/pollution/istanbul/2023-03-15
[2025-06-09T18:41:38.545+0200] {logging_mixin.py:188} INFO - [OK] Pollution written: /home/ccd/airflow/data/formatted/pollution/moscow/2023-03-15
[2025-06-09T18:41:38.916+0200] {logging_mixin.py:188} INFO - [OK] Pollution written: /home/ccd/airflow/data/formatted/pollution/istanbul/2023-03-16
[2025-06-09T18:41:39.301+0200] {logging_mixin.py:188} INFO - [OK] Pollution written: /home/ccd/airflow/data/formatted/pollution/moscow/2023-03-16
[2025-06-09T18:41:39.611+0200] {logging_mixin.py:188} INFO - [OK] Pollution written: /home/ccd/airflow/data/formatted/pollution/istanbul/2023-03-17
[2025-06-09T18:41:40.067+0200] {logging_mixin.py:188} INFO - [OK] Pollution written: /home/ccd/airflow/data/formatted/pollution/moscow/2023-03-17
[2025-06-09T18:41:40.434+0200] {logging_mixin.py:188} INFO - [OK] Pollution written: /home/ccd/airflow/data/formatted/pollution/istanbul/2023-03-18
[2025-06-09T18:41:40.710+0200] {logging_mixin.py:188} INFO - [OK] Pollution written: /home/ccd/airflow/data/formatted/pollution/moscow/2023-03-18
[2025-06-09T18:41:41.065+0200] {logging_mixin.py:188} INFO - [OK] Pollution written: /home/ccd/airflow/data/formatted/pollution/istanbul/2023-03-19
[2025-06-09T18:41:41.357+0200] {logging_mixin.py:188} INFO - [OK] Pollution written: /home/ccd/airflow/data/formatted/pollution/moscow/2023-03-19
[2025-06-09T18:41:41.763+0200] {logging_mixin.py:188} INFO - [OK] Pollution written: /home/ccd/airflow/data/formatted/pollution/istanbul/2023-03-20
[2025-06-09T18:41:42.053+0200] {logging_mixin.py:188} INFO - [OK] Pollution written: /home/ccd/airflow/data/formatted/pollution/moscow/2023-03-20
[2025-06-09T18:41:42.546+0200] {logging_mixin.py:188} INFO - [OK] Pollution written: /home/ccd/airflow/data/formatted/pollution/istanbul/2023-03-21
[2025-06-09T18:41:42.886+0200] {logging_mixin.py:188} INFO - [OK] Pollution written: /home/ccd/airflow/data/formatted/pollution/moscow/2023-03-21
[2025-06-09T18:41:43.293+0200] {logging_mixin.py:188} INFO - [OK] Pollution written: /home/ccd/airflow/data/formatted/pollution/istanbul/2023-03-22
[2025-06-09T18:41:43.673+0200] {logging_mixin.py:188} INFO - [OK] Pollution written: /home/ccd/airflow/data/formatted/pollution/moscow/2023-03-22
[2025-06-09T18:41:43.862+0200] {logging_mixin.py:188} INFO - [OK] Pollution written: /home/ccd/airflow/data/formatted/pollution/istanbul/2023-03-23
[2025-06-09T18:41:44.263+0200] {logging_mixin.py:188} INFO - [OK] Pollution written: /home/ccd/airflow/data/formatted/pollution/moscow/2023-03-23
[2025-06-09T18:41:44.671+0200] {logging_mixin.py:188} INFO - [OK] Pollution written: /home/ccd/airflow/data/formatted/pollution/istanbul/2023-03-24
[2025-06-09T18:41:44.964+0200] {logging_mixin.py:188} INFO - [OK] Pollution written: /home/ccd/airflow/data/formatted/pollution/moscow/2023-03-24
[2025-06-09T18:41:45.332+0200] {logging_mixin.py:188} INFO - [OK] Pollution written: /home/ccd/airflow/data/formatted/pollution/istanbul/2023-03-25
[2025-06-09T18:41:45.744+0200] {logging_mixin.py:188} INFO - [OK] Pollution written: /home/ccd/airflow/data/formatted/pollution/moscow/2023-03-25
[2025-06-09T18:41:46.043+0200] {logging_mixin.py:188} INFO - [OK] Pollution written: /home/ccd/airflow/data/formatted/pollution/istanbul/2023-03-26
[2025-06-09T18:41:46.538+0200] {logging_mixin.py:188} INFO - [OK] Pollution written: /home/ccd/airflow/data/formatted/pollution/moscow/2023-03-26
[2025-06-09T18:41:47.126+0200] {logging_mixin.py:188} INFO - [OK] Pollution written: /home/ccd/airflow/data/formatted/pollution/istanbul/2023-03-27
[2025-06-09T18:41:47.643+0200] {logging_mixin.py:188} INFO - [OK] Pollution written: /home/ccd/airflow/data/formatted/pollution/moscow/2023-03-27
[2025-06-09T18:41:48.300+0200] {logging_mixin.py:188} INFO - [OK] Pollution written: /home/ccd/airflow/data/formatted/pollution/istanbul/2023-03-28
[2025-06-09T18:41:49.045+0200] {logging_mixin.py:188} INFO - [OK] Pollution written: /home/ccd/airflow/data/formatted/pollution/moscow/2023-03-28
[2025-06-09T18:41:49.711+0200] {logging_mixin.py:188} INFO - [OK] Pollution written: /home/ccd/airflow/data/formatted/pollution/istanbul/2023-03-29
[2025-06-09T18:41:50.424+0200] {logging_mixin.py:188} INFO - [OK] Pollution written: /home/ccd/airflow/data/formatted/pollution/moscow/2023-03-29
[2025-06-09T18:41:51.109+0200] {logging_mixin.py:188} INFO - [OK] Pollution written: /home/ccd/airflow/data/formatted/pollution/istanbul/2023-03-30
[2025-06-09T18:41:51.686+0200] {logging_mixin.py:188} INFO - [OK] Pollution written: /home/ccd/airflow/data/formatted/pollution/moscow/2023-03-30
[2025-06-09T18:41:52.303+0200] {logging_mixin.py:188} INFO - [OK] Pollution written: /home/ccd/airflow/data/formatted/pollution/istanbul/2023-03-31
[2025-06-09T18:41:52.884+0200] {logging_mixin.py:188} INFO - [OK] Pollution written: /home/ccd/airflow/data/formatted/pollution/moscow/2023-03-31
[2025-06-09T18:41:53.500+0200] {logging_mixin.py:188} INFO - [OK] Pollution written: /home/ccd/airflow/data/formatted/pollution/istanbul/2023-04-01
[2025-06-09T18:41:54.090+0200] {logging_mixin.py:188} INFO - [OK] Pollution written: /home/ccd/airflow/data/formatted/pollution/moscow/2023-04-01
[2025-06-09T18:41:54.703+0200] {logging_mixin.py:188} INFO - [OK] Pollution written: /home/ccd/airflow/data/formatted/pollution/istanbul/2023-04-02
[2025-06-09T18:41:55.185+0200] {logging_mixin.py:188} INFO - [OK] Pollution written: /home/ccd/airflow/data/formatted/pollution/moscow/2023-04-02
[2025-06-09T18:41:55.738+0200] {logging_mixin.py:188} INFO - [OK] Pollution written: /home/ccd/airflow/data/formatted/pollution/istanbul/2023-04-03
[2025-06-09T18:41:56.522+0200] {logging_mixin.py:188} INFO - [OK] Pollution written: /home/ccd/airflow/data/formatted/pollution/moscow/2023-04-03
[2025-06-09T18:41:57.095+0200] {logging_mixin.py:188} INFO - [OK] Pollution written: /home/ccd/airflow/data/formatted/pollution/istanbul/2023-04-04
[2025-06-09T18:41:57.774+0200] {logging_mixin.py:188} INFO - [OK] Pollution written: /home/ccd/airflow/data/formatted/pollution/moscow/2023-04-04
[2025-06-09T18:41:58.254+0200] {logging_mixin.py:188} INFO - [OK] Pollution written: /home/ccd/airflow/data/formatted/pollution/istanbul/2023-04-05
[2025-06-09T18:41:58.845+0200] {logging_mixin.py:188} INFO - [OK] Pollution written: /home/ccd/airflow/data/formatted/pollution/moscow/2023-04-05
[2025-06-09T18:41:59.366+0200] {logging_mixin.py:188} INFO - [OK] Pollution written: /home/ccd/airflow/data/formatted/pollution/istanbul/2023-04-06
[2025-06-09T18:41:59.904+0200] {logging_mixin.py:188} INFO - [OK] Pollution written: /home/ccd/airflow/data/formatted/pollution/moscow/2023-04-06
[2025-06-09T18:42:00.553+0200] {logging_mixin.py:188} INFO - [OK] Pollution written: /home/ccd/airflow/data/formatted/pollution/istanbul/2023-04-07
[2025-06-09T18:42:01.134+0200] {logging_mixin.py:188} INFO - [OK] Pollution written: /home/ccd/airflow/data/formatted/pollution/moscow/2023-04-07
[2025-06-09T18:42:01.789+0200] {logging_mixin.py:188} INFO - [OK] Pollution written: /home/ccd/airflow/data/formatted/pollution/istanbul/2023-04-08
[2025-06-09T18:42:02.403+0200] {logging_mixin.py:188} INFO - [OK] Pollution written: /home/ccd/airflow/data/formatted/pollution/moscow/2023-04-08
[2025-06-09T18:42:03.225+0200] {logging_mixin.py:188} INFO - [OK] Pollution written: /home/ccd/airflow/data/formatted/pollution/istanbul/2023-04-09
[2025-06-09T18:42:03.727+0200] {logging_mixin.py:188} INFO - [OK] Pollution written: /home/ccd/airflow/data/formatted/pollution/moscow/2023-04-09
[2025-06-09T18:42:05.232+0200] {logging_mixin.py:188} INFO - [OK] Pollution written: /home/ccd/airflow/data/formatted/pollution/istanbul/2023-04-10
[2025-06-09T18:42:05.765+0200] {logging_mixin.py:188} INFO - [OK] Pollution written: /home/ccd/airflow/data/formatted/pollution/moscow/2023-04-10
[2025-06-09T18:42:06.506+0200] {logging_mixin.py:188} INFO - [OK] Pollution written: /home/ccd/airflow/data/formatted/pollution/istanbul/2023-04-11
[2025-06-09T18:42:07.185+0200] {logging_mixin.py:188} INFO - [OK] Pollution written: /home/ccd/airflow/data/formatted/pollution/moscow/2023-04-11
[2025-06-09T18:42:08.046+0200] {logging_mixin.py:188} INFO - [OK] Pollution written: /home/ccd/airflow/data/formatted/pollution/istanbul/2023-04-12
[2025-06-09T18:42:08.714+0200] {logging_mixin.py:188} INFO - [OK] Pollution written: /home/ccd/airflow/data/formatted/pollution/moscow/2023-04-12
[2025-06-09T18:42:09.391+0200] {logging_mixin.py:188} INFO - [OK] Pollution written: /home/ccd/airflow/data/formatted/pollution/istanbul/2023-04-13
[2025-06-09T18:42:09.989+0200] {logging_mixin.py:188} INFO - [OK] Pollution written: /home/ccd/airflow/data/formatted/pollution/moscow/2023-04-13
[2025-06-09T18:42:10.393+0200] {logging_mixin.py:188} INFO - [OK] Pollution written: /home/ccd/airflow/data/formatted/pollution/istanbul/2023-04-14
[2025-06-09T18:42:10.692+0200] {logging_mixin.py:188} INFO - [OK] Pollution written: /home/ccd/airflow/data/formatted/pollution/moscow/2023-04-14
[2025-06-09T18:42:10.951+0200] {logging_mixin.py:188} INFO - [OK] Pollution written: /home/ccd/airflow/data/formatted/pollution/istanbul/2023-04-15
[2025-06-09T18:42:11.392+0200] {logging_mixin.py:188} INFO - [OK] Pollution written: /home/ccd/airflow/data/formatted/pollution/moscow/2023-04-15
[2025-06-09T18:42:11.867+0200] {logging_mixin.py:188} INFO - [OK] Pollution written: /home/ccd/airflow/data/formatted/pollution/istanbul/2023-04-16
[2025-06-09T18:42:12.161+0200] {logging_mixin.py:188} INFO - [OK] Pollution written: /home/ccd/airflow/data/formatted/pollution/moscow/2023-04-16
[2025-06-09T18:42:12.530+0200] {logging_mixin.py:188} INFO - [OK] Pollution written: /home/ccd/airflow/data/formatted/pollution/istanbul/2023-04-17
[2025-06-09T18:42:12.983+0200] {logging_mixin.py:188} INFO - [OK] Pollution written: /home/ccd/airflow/data/formatted/pollution/moscow/2023-04-17
[2025-06-09T18:42:13.353+0200] {logging_mixin.py:188} INFO - [OK] Pollution written: /home/ccd/airflow/data/formatted/pollution/istanbul/2023-04-18
[2025-06-09T18:42:13.625+0200] {logging_mixin.py:188} INFO - [OK] Pollution written: /home/ccd/airflow/data/formatted/pollution/moscow/2023-04-18
[2025-06-09T18:42:14.054+0200] {logging_mixin.py:188} INFO - [OK] Pollution written: /home/ccd/airflow/data/formatted/pollution/istanbul/2023-04-19
[2025-06-09T18:42:14.445+0200] {logging_mixin.py:188} INFO - [OK] Pollution written: /home/ccd/airflow/data/formatted/pollution/moscow/2023-04-19
[2025-06-09T18:42:14.852+0200] {logging_mixin.py:188} INFO - [OK] Pollution written: /home/ccd/airflow/data/formatted/pollution/istanbul/2023-04-20
[2025-06-09T18:42:15.175+0200] {logging_mixin.py:188} INFO - [OK] Pollution written: /home/ccd/airflow/data/formatted/pollution/moscow/2023-04-20
[2025-06-09T18:42:15.592+0200] {logging_mixin.py:188} INFO - [OK] Pollution written: /home/ccd/airflow/data/formatted/pollution/istanbul/2023-04-21
[2025-06-09T18:42:15.943+0200] {logging_mixin.py:188} INFO - [OK] Pollution written: /home/ccd/airflow/data/formatted/pollution/moscow/2023-04-21
[2025-06-09T18:42:16.302+0200] {logging_mixin.py:188} INFO - [OK] Pollution written: /home/ccd/airflow/data/formatted/pollution/istanbul/2023-04-22
[2025-06-09T18:42:16.645+0200] {logging_mixin.py:188} INFO - [OK] Pollution written: /home/ccd/airflow/data/formatted/pollution/moscow/2023-04-22
[2025-06-09T18:42:16.961+0200] {logging_mixin.py:188} INFO - [OK] Pollution written: /home/ccd/airflow/data/formatted/pollution/istanbul/2023-04-23
[2025-06-09T18:42:17.339+0200] {logging_mixin.py:188} INFO - [OK] Pollution written: /home/ccd/airflow/data/formatted/pollution/moscow/2023-04-23
[2025-06-09T18:42:17.712+0200] {logging_mixin.py:188} INFO - [OK] Pollution written: /home/ccd/airflow/data/formatted/pollution/istanbul/2023-04-24
[2025-06-09T18:42:18.169+0200] {logging_mixin.py:188} INFO - [OK] Pollution written: /home/ccd/airflow/data/formatted/pollution/moscow/2023-04-24
[2025-06-09T18:42:18.552+0200] {logging_mixin.py:188} INFO - [OK] Pollution written: /home/ccd/airflow/data/formatted/pollution/istanbul/2023-04-25
[2025-06-09T18:42:18.946+0200] {logging_mixin.py:188} INFO - [OK] Pollution written: /home/ccd/airflow/data/formatted/pollution/moscow/2023-04-25
[2025-06-09T18:42:19.392+0200] {logging_mixin.py:188} INFO - [OK] Pollution written: /home/ccd/airflow/data/formatted/pollution/istanbul/2023-04-26
[2025-06-09T18:42:19.685+0200] {logging_mixin.py:188} INFO - [OK] Pollution written: /home/ccd/airflow/data/formatted/pollution/moscow/2023-04-26
[2025-06-09T18:42:20.129+0200] {logging_mixin.py:188} INFO - [OK] Pollution written: /home/ccd/airflow/data/formatted/pollution/istanbul/2023-04-27
[2025-06-09T18:42:20.706+0200] {logging_mixin.py:188} INFO - [OK] Pollution written: /home/ccd/airflow/data/formatted/pollution/moscow/2023-04-27
[2025-06-09T18:42:21.154+0200] {logging_mixin.py:188} INFO - [OK] Pollution written: /home/ccd/airflow/data/formatted/pollution/istanbul/2023-04-28
[2025-06-09T18:42:21.714+0200] {logging_mixin.py:188} INFO - [OK] Pollution written: /home/ccd/airflow/data/formatted/pollution/moscow/2023-04-28
[2025-06-09T18:42:22.200+0200] {logging_mixin.py:188} INFO - [OK] Pollution written: /home/ccd/airflow/data/formatted/pollution/istanbul/2023-04-29
[2025-06-09T18:42:22.623+0200] {logging_mixin.py:188} INFO - [OK] Pollution written: /home/ccd/airflow/data/formatted/pollution/moscow/2023-04-29
[2025-06-09T18:42:23.122+0200] {logging_mixin.py:188} INFO - [OK] Pollution written: /home/ccd/airflow/data/formatted/pollution/istanbul/2023-04-30
[2025-06-09T18:42:23.781+0200] {logging_mixin.py:188} INFO - [OK] Pollution written: /home/ccd/airflow/data/formatted/pollution/moscow/2023-04-30
[2025-06-09T18:42:24.697+0200] {logging_mixin.py:188} INFO - [OK] Pollution written: /home/ccd/airflow/data/formatted/pollution/istanbul/2023-05-01
[2025-06-09T18:42:25.234+0200] {logging_mixin.py:188} INFO - [OK] Pollution written: /home/ccd/airflow/data/formatted/pollution/moscow/2023-05-01
[2025-06-09T18:42:25.727+0200] {logging_mixin.py:188} INFO - [OK] Pollution written: /home/ccd/airflow/data/formatted/pollution/istanbul/2023-05-02
[2025-06-09T18:42:26.143+0200] {logging_mixin.py:188} INFO - [OK] Pollution written: /home/ccd/airflow/data/formatted/pollution/moscow/2023-05-02
[2025-06-09T18:42:26.604+0200] {logging_mixin.py:188} INFO - [OK] Pollution written: /home/ccd/airflow/data/formatted/pollution/istanbul/2023-05-03
[2025-06-09T18:42:27.256+0200] {logging_mixin.py:188} INFO - [OK] Pollution written: /home/ccd/airflow/data/formatted/pollution/moscow/2023-05-03
[2025-06-09T18:42:27.774+0200] {logging_mixin.py:188} INFO - [OK] Pollution written: /home/ccd/airflow/data/formatted/pollution/istanbul/2023-05-04
[2025-06-09T18:42:28.423+0200] {logging_mixin.py:188} INFO - [OK] Pollution written: /home/ccd/airflow/data/formatted/pollution/moscow/2023-05-04
[2025-06-09T18:42:29.229+0200] {logging_mixin.py:188} INFO - [OK] Pollution written: /home/ccd/airflow/data/formatted/pollution/istanbul/2023-05-05
[2025-06-09T18:42:29.818+0200] {logging_mixin.py:188} INFO - [OK] Pollution written: /home/ccd/airflow/data/formatted/pollution/moscow/2023-05-05
[2025-06-09T18:42:30.623+0200] {logging_mixin.py:188} INFO - [OK] Pollution written: /home/ccd/airflow/data/formatted/pollution/istanbul/2023-05-06
[2025-06-09T18:42:31.263+0200] {logging_mixin.py:188} INFO - [OK] Pollution written: /home/ccd/airflow/data/formatted/pollution/moscow/2023-05-06
[2025-06-09T18:42:33.662+0200] {logging_mixin.py:188} INFO - [OK] Pollution written: /home/ccd/airflow/data/formatted/pollution/istanbul/2023-05-07
[2025-06-09T18:42:33.982+0200] {logging_mixin.py:188} INFO - [OK] Pollution written: /home/ccd/airflow/data/formatted/pollution/moscow/2023-05-07
[2025-06-09T18:42:34.258+0200] {logging_mixin.py:188} INFO - [OK] Pollution written: /home/ccd/airflow/data/formatted/pollution/istanbul/2023-05-08
[2025-06-09T18:42:34.915+0200] {logging_mixin.py:188} INFO - [OK] Pollution written: /home/ccd/airflow/data/formatted/pollution/moscow/2023-05-08
[2025-06-09T18:42:35.702+0200] {logging_mixin.py:188} INFO - [OK] Pollution written: /home/ccd/airflow/data/formatted/pollution/istanbul/2023-05-09
[2025-06-09T18:42:36.484+0200] {logging_mixin.py:188} INFO - [OK] Pollution written: /home/ccd/airflow/data/formatted/pollution/moscow/2023-05-09
[2025-06-09T18:42:37.808+0200] {logging_mixin.py:188} INFO - [OK] Pollution written: /home/ccd/airflow/data/formatted/pollution/istanbul/2023-05-10
[2025-06-09T18:42:38.495+0200] {logging_mixin.py:188} INFO - [OK] Pollution written: /home/ccd/airflow/data/formatted/pollution/moscow/2023-05-10
[2025-06-09T18:42:39.290+0200] {logging_mixin.py:188} INFO - [OK] Pollution written: /home/ccd/airflow/data/formatted/pollution/istanbul/2023-05-11
[2025-06-09T18:42:39.937+0200] {logging_mixin.py:188} INFO - [OK] Pollution written: /home/ccd/airflow/data/formatted/pollution/moscow/2023-05-11
[2025-06-09T18:42:41.137+0200] {logging_mixin.py:188} INFO - [OK] Pollution written: /home/ccd/airflow/data/formatted/pollution/istanbul/2023-05-12
[2025-06-09T18:42:41.729+0200] {logging_mixin.py:188} INFO - [OK] Pollution written: /home/ccd/airflow/data/formatted/pollution/moscow/2023-05-12
[2025-06-09T18:42:42.297+0200] {logging_mixin.py:188} INFO - [OK] Pollution written: /home/ccd/airflow/data/formatted/pollution/istanbul/2023-05-13
[2025-06-09T18:42:43.067+0200] {logging_mixin.py:188} INFO - [OK] Pollution written: /home/ccd/airflow/data/formatted/pollution/moscow/2023-05-13
[2025-06-09T18:42:43.708+0200] {logging_mixin.py:188} INFO - [OK] Pollution written: /home/ccd/airflow/data/formatted/pollution/istanbul/2023-05-14
[2025-06-09T18:42:44.338+0200] {logging_mixin.py:188} INFO - [OK] Pollution written: /home/ccd/airflow/data/formatted/pollution/moscow/2023-05-14
[2025-06-09T18:42:45.038+0200] {logging_mixin.py:188} INFO - [OK] Pollution written: /home/ccd/airflow/data/formatted/pollution/istanbul/2023-05-15
[2025-06-09T18:42:45.957+0200] {logging_mixin.py:188} INFO - [OK] Pollution written: /home/ccd/airflow/data/formatted/pollution/moscow/2023-05-15
[2025-06-09T18:42:46.729+0200] {logging_mixin.py:188} INFO - [OK] Pollution written: /home/ccd/airflow/data/formatted/pollution/istanbul/2023-05-16
[2025-06-09T18:42:47.474+0200] {logging_mixin.py:188} INFO - [OK] Pollution written: /home/ccd/airflow/data/formatted/pollution/moscow/2023-05-16
[2025-06-09T18:42:48.030+0200] {logging_mixin.py:188} INFO - [OK] Pollution written: /home/ccd/airflow/data/formatted/pollution/istanbul/2023-05-17
[2025-06-09T18:42:48.506+0200] {logging_mixin.py:188} INFO - [OK] Pollution written: /home/ccd/airflow/data/formatted/pollution/moscow/2023-05-17
[2025-06-09T18:42:48.938+0200] {logging_mixin.py:188} INFO - [OK] Pollution written: /home/ccd/airflow/data/formatted/pollution/istanbul/2023-05-18
[2025-06-09T18:42:49.429+0200] {logging_mixin.py:188} INFO - [OK] Pollution written: /home/ccd/airflow/data/formatted/pollution/moscow/2023-05-18
[2025-06-09T18:42:49.786+0200] {logging_mixin.py:188} INFO - [OK] Pollution written: /home/ccd/airflow/data/formatted/pollution/istanbul/2023-05-19
[2025-06-09T18:42:50.276+0200] {logging_mixin.py:188} INFO - [OK] Pollution written: /home/ccd/airflow/data/formatted/pollution/moscow/2023-05-19
[2025-06-09T18:42:50.877+0200] {logging_mixin.py:188} INFO - [OK] Pollution written: /home/ccd/airflow/data/formatted/pollution/istanbul/2023-05-20
[2025-06-09T18:42:51.478+0200] {logging_mixin.py:188} INFO - [OK] Pollution written: /home/ccd/airflow/data/formatted/pollution/moscow/2023-05-20
[2025-06-09T18:42:52.153+0200] {logging_mixin.py:188} INFO - [OK] Pollution written: /home/ccd/airflow/data/formatted/pollution/istanbul/2023-05-21
[2025-06-09T18:42:53.155+0200] {logging_mixin.py:188} INFO - [OK] Pollution written: /home/ccd/airflow/data/formatted/pollution/moscow/2023-05-21
[2025-06-09T18:42:53.958+0200] {logging_mixin.py:188} INFO - [OK] Pollution written: /home/ccd/airflow/data/formatted/pollution/istanbul/2023-05-22
[2025-06-09T18:42:54.347+0200] {logging_mixin.py:188} INFO - [OK] Pollution written: /home/ccd/airflow/data/formatted/pollution/moscow/2023-05-22
[2025-06-09T18:42:54.757+0200] {logging_mixin.py:188} INFO - [OK] Pollution written: /home/ccd/airflow/data/formatted/pollution/istanbul/2023-05-23
[2025-06-09T18:42:55.108+0200] {logging_mixin.py:188} INFO - [OK] Pollution written: /home/ccd/airflow/data/formatted/pollution/moscow/2023-05-23
[2025-06-09T18:42:55.426+0200] {logging_mixin.py:188} INFO - [OK] Pollution written: /home/ccd/airflow/data/formatted/pollution/istanbul/2023-05-24
[2025-06-09T18:42:55.857+0200] {logging_mixin.py:188} INFO - [OK] Pollution written: /home/ccd/airflow/data/formatted/pollution/moscow/2023-05-24
[2025-06-09T18:42:56.228+0200] {logging_mixin.py:188} INFO - [OK] Pollution written: /home/ccd/airflow/data/formatted/pollution/istanbul/2023-05-25
[2025-06-09T18:42:56.446+0200] {logging_mixin.py:188} INFO - [OK] Pollution written: /home/ccd/airflow/data/formatted/pollution/moscow/2023-05-25
[2025-06-09T18:42:56.947+0200] {logging_mixin.py:188} INFO - [OK] Pollution written: /home/ccd/airflow/data/formatted/pollution/istanbul/2023-05-26
[2025-06-09T18:42:57.366+0200] {logging_mixin.py:188} INFO - [OK] Pollution written: /home/ccd/airflow/data/formatted/pollution/moscow/2023-05-26
[2025-06-09T18:42:57.696+0200] {logging_mixin.py:188} INFO - [OK] Pollution written: /home/ccd/airflow/data/formatted/pollution/istanbul/2023-05-27
[2025-06-09T18:42:58.156+0200] {logging_mixin.py:188} INFO - [OK] Pollution written: /home/ccd/airflow/data/formatted/pollution/moscow/2023-05-27
[2025-06-09T18:42:58.513+0200] {logging_mixin.py:188} INFO - [OK] Pollution written: /home/ccd/airflow/data/formatted/pollution/istanbul/2023-05-28
[2025-06-09T18:42:58.957+0200] {logging_mixin.py:188} INFO - [OK] Pollution written: /home/ccd/airflow/data/formatted/pollution/moscow/2023-05-28
[2025-06-09T18:42:59.296+0200] {logging_mixin.py:188} INFO - [OK] Pollution written: /home/ccd/airflow/data/formatted/pollution/istanbul/2023-05-29
[2025-06-09T18:42:59.696+0200] {logging_mixin.py:188} INFO - [OK] Pollution written: /home/ccd/airflow/data/formatted/pollution/moscow/2023-05-29
[2025-06-09T18:43:00.008+0200] {logging_mixin.py:188} INFO - [OK] Pollution written: /home/ccd/airflow/data/formatted/pollution/istanbul/2023-05-30
[2025-06-09T18:43:00.486+0200] {logging_mixin.py:188} INFO - [OK] Pollution written: /home/ccd/airflow/data/formatted/pollution/moscow/2023-05-30
[2025-06-09T18:43:00.898+0200] {logging_mixin.py:188} INFO - [OK] Pollution written: /home/ccd/airflow/data/formatted/pollution/istanbul/2023-05-31
[2025-06-09T18:43:01.238+0200] {logging_mixin.py:188} INFO - [OK] Pollution written: /home/ccd/airflow/data/formatted/pollution/moscow/2023-05-31
[2025-06-09T18:43:01.597+0200] {logging_mixin.py:188} INFO - [OK] Pollution written: /home/ccd/airflow/data/formatted/pollution/istanbul/2023-06-01
[2025-06-09T18:43:02.146+0200] {logging_mixin.py:188} INFO - [OK] Pollution written: /home/ccd/airflow/data/formatted/pollution/moscow/2023-06-01
[2025-06-09T18:43:02.506+0200] {logging_mixin.py:188} INFO - [OK] Pollution written: /home/ccd/airflow/data/formatted/pollution/istanbul/2023-06-02
[2025-06-09T18:43:02.817+0200] {logging_mixin.py:188} INFO - [OK] Pollution written: /home/ccd/airflow/data/formatted/pollution/moscow/2023-06-02
[2025-06-09T18:43:03.507+0200] {logging_mixin.py:188} INFO - [OK] Pollution written: /home/ccd/airflow/data/formatted/pollution/istanbul/2023-06-03
[2025-06-09T18:43:04.187+0200] {logging_mixin.py:188} INFO - [OK] Pollution written: /home/ccd/airflow/data/formatted/pollution/moscow/2023-06-03
[2025-06-09T18:43:04.902+0200] {logging_mixin.py:188} INFO - [OK] Pollution written: /home/ccd/airflow/data/formatted/pollution/istanbul/2023-06-04
[2025-06-09T18:43:05.771+0200] {logging_mixin.py:188} INFO - [OK] Pollution written: /home/ccd/airflow/data/formatted/pollution/moscow/2023-06-04
[2025-06-09T18:43:06.697+0200] {logging_mixin.py:188} INFO - [OK] Pollution written: /home/ccd/airflow/data/formatted/pollution/istanbul/2023-06-05
[2025-06-09T18:43:07.686+0200] {logging_mixin.py:188} INFO - [OK] Pollution written: /home/ccd/airflow/data/formatted/pollution/moscow/2023-06-05
[2025-06-09T18:43:09.296+0200] {logging_mixin.py:188} INFO - [OK] Pollution written: /home/ccd/airflow/data/formatted/pollution/istanbul/2023-06-06
[2025-06-09T18:43:11.454+0200] {logging_mixin.py:188} INFO - [OK] Pollution written: /home/ccd/airflow/data/formatted/pollution/moscow/2023-06-06
[2025-06-09T18:43:12.454+0200] {logging_mixin.py:188} INFO - [OK] Pollution written: /home/ccd/airflow/data/formatted/pollution/istanbul/2023-06-07
[2025-06-09T18:43:13.187+0200] {logging_mixin.py:188} INFO - [OK] Pollution written: /home/ccd/airflow/data/formatted/pollution/moscow/2023-06-07
[2025-06-09T18:43:13.804+0200] {logging_mixin.py:188} INFO - [OK] Pollution written: /home/ccd/airflow/data/formatted/pollution/istanbul/2023-06-08
[2025-06-09T18:43:14.429+0200] {logging_mixin.py:188} INFO - [OK] Pollution written: /home/ccd/airflow/data/formatted/pollution/moscow/2023-06-08
[2025-06-09T18:43:15.044+0200] {logging_mixin.py:188} INFO - [OK] Pollution written: /home/ccd/airflow/data/formatted/pollution/istanbul/2023-06-09
[2025-06-09T18:43:15.643+0200] {logging_mixin.py:188} INFO - [OK] Pollution written: /home/ccd/airflow/data/formatted/pollution/moscow/2023-06-09
[2025-06-09T18:43:16.345+0200] {logging_mixin.py:188} INFO - [OK] Pollution written: /home/ccd/airflow/data/formatted/pollution/istanbul/2023-06-10
[2025-06-09T18:43:16.965+0200] {logging_mixin.py:188} INFO - [OK] Pollution written: /home/ccd/airflow/data/formatted/pollution/moscow/2023-06-10
[2025-06-09T18:43:17.371+0200] {logging_mixin.py:188} INFO - [OK] Pollution written: /home/ccd/airflow/data/formatted/pollution/istanbul/2023-06-11
[2025-06-09T18:43:18.121+0200] {logging_mixin.py:188} INFO - [OK] Pollution written: /home/ccd/airflow/data/formatted/pollution/moscow/2023-06-11
[2025-06-09T18:43:18.704+0200] {logging_mixin.py:188} INFO - [OK] Pollution written: /home/ccd/airflow/data/formatted/pollution/istanbul/2023-06-12
[2025-06-09T18:43:19.284+0200] {logging_mixin.py:188} INFO - [OK] Pollution written: /home/ccd/airflow/data/formatted/pollution/moscow/2023-06-12
[2025-06-09T18:43:19.924+0200] {logging_mixin.py:188} INFO - [OK] Pollution written: /home/ccd/airflow/data/formatted/pollution/istanbul/2023-06-13
[2025-06-09T18:43:20.434+0200] {logging_mixin.py:188} INFO - [OK] Pollution written: /home/ccd/airflow/data/formatted/pollution/moscow/2023-06-13
[2025-06-09T18:43:21.373+0200] {logging_mixin.py:188} INFO - [OK] Pollution written: /home/ccd/airflow/data/formatted/pollution/istanbul/2023-06-14
[2025-06-09T18:43:22.563+0200] {logging_mixin.py:188} INFO - [OK] Pollution written: /home/ccd/airflow/data/formatted/pollution/moscow/2023-06-14
[2025-06-09T18:43:23.359+0200] {logging_mixin.py:188} INFO - [OK] Pollution written: /home/ccd/airflow/data/formatted/pollution/istanbul/2023-06-15
[2025-06-09T18:43:25.029+0200] {logging_mixin.py:188} INFO - [OK] Pollution written: /home/ccd/airflow/data/formatted/pollution/moscow/2023-06-15
[2025-06-09T18:43:26.183+0200] {logging_mixin.py:188} INFO - [OK] Pollution written: /home/ccd/airflow/data/formatted/pollution/istanbul/2023-06-16
[2025-06-09T18:43:26.896+0200] {logging_mixin.py:188} INFO - [OK] Pollution written: /home/ccd/airflow/data/formatted/pollution/moscow/2023-06-16
[2025-06-09T18:43:27.667+0200] {logging_mixin.py:188} INFO - [OK] Pollution written: /home/ccd/airflow/data/formatted/pollution/istanbul/2023-06-17
[2025-06-09T18:43:28.533+0200] {logging_mixin.py:188} INFO - [OK] Pollution written: /home/ccd/airflow/data/formatted/pollution/moscow/2023-06-17
[2025-06-09T18:43:29.208+0200] {logging_mixin.py:188} INFO - [OK] Pollution written: /home/ccd/airflow/data/formatted/pollution/istanbul/2023-06-18
[2025-06-09T18:43:29.506+0200] {logging_mixin.py:188} INFO - [OK] Pollution written: /home/ccd/airflow/data/formatted/pollution/moscow/2023-06-18
[2025-06-09T18:43:29.904+0200] {logging_mixin.py:188} INFO - [OK] Pollution written: /home/ccd/airflow/data/formatted/pollution/istanbul/2023-06-19
[2025-06-09T18:43:30.283+0200] {logging_mixin.py:188} INFO - [OK] Pollution written: /home/ccd/airflow/data/formatted/pollution/moscow/2023-06-19
[2025-06-09T18:43:30.491+0200] {logging_mixin.py:188} INFO - [OK] Pollution written: /home/ccd/airflow/data/formatted/pollution/istanbul/2023-06-20
[2025-06-09T18:43:30.964+0200] {logging_mixin.py:188} INFO - [OK] Pollution written: /home/ccd/airflow/data/formatted/pollution/moscow/2023-06-20
[2025-06-09T18:43:31.324+0200] {logging_mixin.py:188} INFO - [OK] Pollution written: /home/ccd/airflow/data/formatted/pollution/istanbul/2023-06-21
[2025-06-09T18:43:31.580+0200] {logging_mixin.py:188} INFO - [OK] Pollution written: /home/ccd/airflow/data/formatted/pollution/moscow/2023-06-21
[2025-06-09T18:43:32.020+0200] {logging_mixin.py:188} INFO - [OK] Pollution written: /home/ccd/airflow/data/formatted/pollution/istanbul/2023-06-22
[2025-06-09T18:43:32.353+0200] {logging_mixin.py:188} INFO - [OK] Pollution written: /home/ccd/airflow/data/formatted/pollution/moscow/2023-06-22
[2025-06-09T18:43:32.695+0200] {logging_mixin.py:188} INFO - [OK] Pollution written: /home/ccd/airflow/data/formatted/pollution/istanbul/2023-06-23
[2025-06-09T18:43:33.034+0200] {logging_mixin.py:188} INFO - [OK] Pollution written: /home/ccd/airflow/data/formatted/pollution/moscow/2023-06-23
[2025-06-09T18:43:33.310+0200] {logging_mixin.py:188} INFO - [OK] Pollution written: /home/ccd/airflow/data/formatted/pollution/istanbul/2023-06-24
[2025-06-09T18:43:33.764+0200] {logging_mixin.py:188} INFO - [OK] Pollution written: /home/ccd/airflow/data/formatted/pollution/moscow/2023-06-24
[2025-06-09T18:43:33.966+0200] {logging_mixin.py:188} INFO - [OK] Pollution written: /home/ccd/airflow/data/formatted/pollution/istanbul/2023-06-25
[2025-06-09T18:43:34.473+0200] {logging_mixin.py:188} INFO - [OK] Pollution written: /home/ccd/airflow/data/formatted/pollution/moscow/2023-06-25
[2025-06-09T18:43:34.756+0200] {logging_mixin.py:188} INFO - [OK] Pollution written: /home/ccd/airflow/data/formatted/pollution/istanbul/2023-06-26
[2025-06-09T18:43:35.153+0200] {logging_mixin.py:188} INFO - [OK] Pollution written: /home/ccd/airflow/data/formatted/pollution/moscow/2023-06-26
[2025-06-09T18:43:35.434+0200] {logging_mixin.py:188} INFO - [OK] Pollution written: /home/ccd/airflow/data/formatted/pollution/istanbul/2023-06-27
[2025-06-09T18:43:35.813+0200] {logging_mixin.py:188} INFO - [OK] Pollution written: /home/ccd/airflow/data/formatted/pollution/moscow/2023-06-27
[2025-06-09T18:43:36.115+0200] {logging_mixin.py:188} INFO - [OK] Pollution written: /home/ccd/airflow/data/formatted/pollution/istanbul/2023-06-28
[2025-06-09T18:43:36.610+0200] {logging_mixin.py:188} INFO - [OK] Pollution written: /home/ccd/airflow/data/formatted/pollution/moscow/2023-06-28
[2025-06-09T18:43:37.153+0200] {logging_mixin.py:188} INFO - [OK] Pollution written: /home/ccd/airflow/data/formatted/pollution/istanbul/2023-06-29
[2025-06-09T18:43:38.171+0200] {logging_mixin.py:188} INFO - [OK] Pollution written: /home/ccd/airflow/data/formatted/pollution/moscow/2023-06-29
[2025-06-09T18:43:38.977+0200] {logging_mixin.py:188} INFO - [OK] Pollution written: /home/ccd/airflow/data/formatted/pollution/istanbul/2023-06-30
[2025-06-09T18:43:39.453+0200] {logging_mixin.py:188} INFO - [OK] Pollution written: /home/ccd/airflow/data/formatted/pollution/moscow/2023-06-30
[2025-06-09T18:43:39.828+0200] {logging_mixin.py:188} INFO - [OK] Pollution written: /home/ccd/airflow/data/formatted/pollution/istanbul/2023-07-01
[2025-06-09T18:43:40.113+0200] {logging_mixin.py:188} INFO - [OK] Pollution written: /home/ccd/airflow/data/formatted/pollution/moscow/2023-07-01
[2025-06-09T18:43:40.523+0200] {logging_mixin.py:188} INFO - [OK] Pollution written: /home/ccd/airflow/data/formatted/pollution/istanbul/2023-07-02
[2025-06-09T18:43:40.813+0200] {logging_mixin.py:188} INFO - [OK] Pollution written: /home/ccd/airflow/data/formatted/pollution/moscow/2023-07-02
[2025-06-09T18:43:41.153+0200] {logging_mixin.py:188} INFO - [OK] Pollution written: /home/ccd/airflow/data/formatted/pollution/istanbul/2023-07-03
[2025-06-09T18:43:41.493+0200] {logging_mixin.py:188} INFO - [OK] Pollution written: /home/ccd/airflow/data/formatted/pollution/moscow/2023-07-03
[2025-06-09T18:43:41.909+0200] {logging_mixin.py:188} INFO - [OK] Pollution written: /home/ccd/airflow/data/formatted/pollution/istanbul/2023-07-04
[2025-06-09T18:43:42.197+0200] {logging_mixin.py:188} INFO - [OK] Pollution written: /home/ccd/airflow/data/formatted/pollution/moscow/2023-07-04
[2025-06-09T18:43:43.102+0200] {logging_mixin.py:188} INFO - [OK] Pollution written: /home/ccd/airflow/data/formatted/pollution/istanbul/2023-07-05
[2025-06-09T18:43:43.512+0200] {logging_mixin.py:188} INFO - [OK] Pollution written: /home/ccd/airflow/data/formatted/pollution/moscow/2023-07-05
[2025-06-09T18:43:43.872+0200] {logging_mixin.py:188} INFO - [OK] Pollution written: /home/ccd/airflow/data/formatted/pollution/istanbul/2023-07-06
[2025-06-09T18:43:44.122+0200] {logging_mixin.py:188} INFO - [OK] Pollution written: /home/ccd/airflow/data/formatted/pollution/moscow/2023-07-06
[2025-06-09T18:43:44.553+0200] {logging_mixin.py:188} INFO - [OK] Pollution written: /home/ccd/airflow/data/formatted/pollution/istanbul/2023-07-07
[2025-06-09T18:43:44.866+0200] {logging_mixin.py:188} INFO - [OK] Pollution written: /home/ccd/airflow/data/formatted/pollution/moscow/2023-07-07
[2025-06-09T18:43:45.136+0200] {logging_mixin.py:188} INFO - [OK] Pollution written: /home/ccd/airflow/data/formatted/pollution/istanbul/2023-07-08
[2025-06-09T18:43:45.532+0200] {logging_mixin.py:188} INFO - [OK] Pollution written: /home/ccd/airflow/data/formatted/pollution/moscow/2023-07-08
[2025-06-09T18:43:45.913+0200] {logging_mixin.py:188} INFO - [OK] Pollution written: /home/ccd/airflow/data/formatted/pollution/istanbul/2023-07-09
[2025-06-09T18:43:46.277+0200] {logging_mixin.py:188} INFO - [OK] Pollution written: /home/ccd/airflow/data/formatted/pollution/moscow/2023-07-09
[2025-06-09T18:43:46.964+0200] {logging_mixin.py:188} INFO - [OK] Pollution written: /home/ccd/airflow/data/formatted/pollution/istanbul/2023-07-10
[2025-06-09T18:43:47.494+0200] {logging_mixin.py:188} INFO - [OK] Pollution written: /home/ccd/airflow/data/formatted/pollution/moscow/2023-07-10
[2025-06-09T18:43:48.264+0200] {logging_mixin.py:188} INFO - [OK] Pollution written: /home/ccd/airflow/data/formatted/pollution/istanbul/2023-07-11
[2025-06-09T18:43:48.793+0200] {logging_mixin.py:188} INFO - [OK] Pollution written: /home/ccd/airflow/data/formatted/pollution/moscow/2023-07-11
[2025-06-09T18:43:49.313+0200] {logging_mixin.py:188} INFO - [OK] Pollution written: /home/ccd/airflow/data/formatted/pollution/istanbul/2023-07-12
[2025-06-09T18:43:49.817+0200] {logging_mixin.py:188} INFO - [OK] Pollution written: /home/ccd/airflow/data/formatted/pollution/moscow/2023-07-12
[2025-06-09T18:43:50.461+0200] {logging_mixin.py:188} INFO - [OK] Pollution written: /home/ccd/airflow/data/formatted/pollution/istanbul/2023-07-13
[2025-06-09T18:43:51.027+0200] {logging_mixin.py:188} INFO - [OK] Pollution written: /home/ccd/airflow/data/formatted/pollution/moscow/2023-07-13
[2025-06-09T18:43:51.543+0200] {logging_mixin.py:188} INFO - [OK] Pollution written: /home/ccd/airflow/data/formatted/pollution/istanbul/2023-07-14
[2025-06-09T18:43:52.286+0200] {logging_mixin.py:188} INFO - [OK] Pollution written: /home/ccd/airflow/data/formatted/pollution/moscow/2023-07-14
[2025-06-09T18:43:53.186+0200] {logging_mixin.py:188} INFO - [OK] Pollution written: /home/ccd/airflow/data/formatted/pollution/istanbul/2023-07-15
[2025-06-09T18:43:54.448+0200] {logging_mixin.py:188} INFO - [OK] Pollution written: /home/ccd/airflow/data/formatted/pollution/moscow/2023-07-15
[2025-06-09T18:43:55.948+0200] {logging_mixin.py:188} INFO - [OK] Pollution written: /home/ccd/airflow/data/formatted/pollution/istanbul/2023-07-16
[2025-06-09T18:43:56.739+0200] {logging_mixin.py:188} INFO - [OK] Pollution written: /home/ccd/airflow/data/formatted/pollution/moscow/2023-07-16
[2025-06-09T18:43:57.460+0200] {logging_mixin.py:188} INFO - [OK] Pollution written: /home/ccd/airflow/data/formatted/pollution/istanbul/2023-07-17
[2025-06-09T18:43:58.566+0200] {logging_mixin.py:188} INFO - [OK] Pollution written: /home/ccd/airflow/data/formatted/pollution/moscow/2023-07-17
[2025-06-09T18:44:00.141+0200] {logging_mixin.py:188} INFO - [OK] Pollution written: /home/ccd/airflow/data/formatted/pollution/istanbul/2023-07-18
[2025-06-09T18:44:01.403+0200] {logging_mixin.py:188} INFO - [OK] Pollution written: /home/ccd/airflow/data/formatted/pollution/moscow/2023-07-18
[2025-06-09T18:44:02.806+0200] {logging_mixin.py:188} INFO - [OK] Pollution written: /home/ccd/airflow/data/formatted/pollution/istanbul/2023-07-19
[2025-06-09T18:44:03.495+0200] {logging_mixin.py:188} INFO - [OK] Pollution written: /home/ccd/airflow/data/formatted/pollution/moscow/2023-07-19
[2025-06-09T18:44:04.236+0200] {logging_mixin.py:188} INFO - [OK] Pollution written: /home/ccd/airflow/data/formatted/pollution/istanbul/2023-07-20
[2025-06-09T18:44:04.935+0200] {logging_mixin.py:188} INFO - [OK] Pollution written: /home/ccd/airflow/data/formatted/pollution/moscow/2023-07-20
[2025-06-09T18:44:05.588+0200] {logging_mixin.py:188} INFO - [OK] Pollution written: /home/ccd/airflow/data/formatted/pollution/istanbul/2023-07-21
[2025-06-09T18:44:06.294+0200] {logging_mixin.py:188} INFO - [OK] Pollution written: /home/ccd/airflow/data/formatted/pollution/moscow/2023-07-21
[2025-06-09T18:44:06.672+0200] {logging_mixin.py:188} INFO - [OK] Pollution written: /home/ccd/airflow/data/formatted/pollution/istanbul/2023-07-22
[2025-06-09T18:44:06.951+0200] {logging_mixin.py:188} INFO - [OK] Pollution written: /home/ccd/airflow/data/formatted/pollution/moscow/2023-07-22
[2025-06-09T18:44:07.349+0200] {logging_mixin.py:188} INFO - [OK] Pollution written: /home/ccd/airflow/data/formatted/pollution/istanbul/2023-07-23
[2025-06-09T18:44:07.682+0200] {logging_mixin.py:188} INFO - [OK] Pollution written: /home/ccd/airflow/data/formatted/pollution/moscow/2023-07-23
[2025-06-09T18:44:08.042+0200] {logging_mixin.py:188} INFO - [OK] Pollution written: /home/ccd/airflow/data/formatted/pollution/istanbul/2023-07-24
[2025-06-09T18:44:08.333+0200] {logging_mixin.py:188} INFO - [OK] Pollution written: /home/ccd/airflow/data/formatted/pollution/moscow/2023-07-24
[2025-06-09T18:44:08.733+0200] {logging_mixin.py:188} INFO - [OK] Pollution written: /home/ccd/airflow/data/formatted/pollution/istanbul/2023-07-25
[2025-06-09T18:44:09.133+0200] {logging_mixin.py:188} INFO - [OK] Pollution written: /home/ccd/airflow/data/formatted/pollution/moscow/2023-07-25
[2025-06-09T18:44:09.454+0200] {logging_mixin.py:188} INFO - [OK] Pollution written: /home/ccd/airflow/data/formatted/pollution/istanbul/2023-07-26
[2025-06-09T18:44:09.716+0200] {logging_mixin.py:188} INFO - [OK] Pollution written: /home/ccd/airflow/data/formatted/pollution/moscow/2023-07-26
[2025-06-09T18:44:10.158+0200] {logging_mixin.py:188} INFO - [OK] Pollution written: /home/ccd/airflow/data/formatted/pollution/istanbul/2023-07-27
[2025-06-09T18:44:10.465+0200] {logging_mixin.py:188} INFO - [OK] Pollution written: /home/ccd/airflow/data/formatted/pollution/moscow/2023-07-27
[2025-06-09T18:44:10.886+0200] {logging_mixin.py:188} INFO - [OK] Pollution written: /home/ccd/airflow/data/formatted/pollution/istanbul/2023-07-28
[2025-06-09T18:44:11.312+0200] {logging_mixin.py:188} INFO - [OK] Pollution written: /home/ccd/airflow/data/formatted/pollution/moscow/2023-07-28
[2025-06-09T18:44:11.542+0200] {logging_mixin.py:188} INFO - [OK] Pollution written: /home/ccd/airflow/data/formatted/pollution/istanbul/2023-07-29
[2025-06-09T18:44:11.992+0200] {logging_mixin.py:188} INFO - [OK] Pollution written: /home/ccd/airflow/data/formatted/pollution/moscow/2023-07-29
[2025-06-09T18:44:12.282+0200] {logging_mixin.py:188} INFO - [OK] Pollution written: /home/ccd/airflow/data/formatted/pollution/istanbul/2023-07-30
[2025-06-09T18:44:12.584+0200] {logging_mixin.py:188} INFO - [OK] Pollution written: /home/ccd/airflow/data/formatted/pollution/moscow/2023-07-30
[2025-06-09T18:44:12.994+0200] {logging_mixin.py:188} INFO - [OK] Pollution written: /home/ccd/airflow/data/formatted/pollution/istanbul/2023-07-31
[2025-06-09T18:44:13.297+0200] {logging_mixin.py:188} INFO - [OK] Pollution written: /home/ccd/airflow/data/formatted/pollution/moscow/2023-07-31
[2025-06-09T18:44:13.685+0200] {logging_mixin.py:188} INFO - [OK] Pollution written: /home/ccd/airflow/data/formatted/pollution/istanbul/2023-08-01
[2025-06-09T18:44:14.063+0200] {logging_mixin.py:188} INFO - [OK] Pollution written: /home/ccd/airflow/data/formatted/pollution/moscow/2023-08-01
[2025-06-09T18:44:14.444+0200] {logging_mixin.py:188} INFO - [OK] Pollution written: /home/ccd/airflow/data/formatted/pollution/istanbul/2023-08-02
[2025-06-09T18:44:14.950+0200] {logging_mixin.py:188} INFO - [OK] Pollution written: /home/ccd/airflow/data/formatted/pollution/moscow/2023-08-02
[2025-06-09T18:44:15.877+0200] {logging_mixin.py:188} INFO - [OK] Pollution written: /home/ccd/airflow/data/formatted/pollution/istanbul/2023-08-03
[2025-06-09T18:44:16.320+0200] {logging_mixin.py:188} INFO - [OK] Pollution written: /home/ccd/airflow/data/formatted/pollution/moscow/2023-08-03
[2025-06-09T18:44:17.009+0200] {logging_mixin.py:188} INFO - [OK] Pollution written: /home/ccd/airflow/data/formatted/pollution/istanbul/2023-08-04
[2025-06-09T18:44:17.622+0200] {logging_mixin.py:188} INFO - [OK] Pollution written: /home/ccd/airflow/data/formatted/pollution/moscow/2023-08-04
[2025-06-09T18:44:18.363+0200] {logging_mixin.py:188} INFO - [OK] Pollution written: /home/ccd/airflow/data/formatted/pollution/istanbul/2023-08-05
[2025-06-09T18:44:19.014+0200] {logging_mixin.py:188} INFO - [OK] Pollution written: /home/ccd/airflow/data/formatted/pollution/moscow/2023-08-05
[2025-06-09T18:44:19.400+0200] {logging_mixin.py:188} INFO - [OK] Pollution written: /home/ccd/airflow/data/formatted/pollution/istanbul/2023-08-06
[2025-06-09T18:44:19.827+0200] {logging_mixin.py:188} INFO - [OK] Pollution written: /home/ccd/airflow/data/formatted/pollution/moscow/2023-08-06
[2025-06-09T18:44:20.251+0200] {logging_mixin.py:188} INFO - [OK] Pollution written: /home/ccd/airflow/data/formatted/pollution/istanbul/2023-08-07
[2025-06-09T18:44:20.537+0200] {logging_mixin.py:188} INFO - [OK] Pollution written: /home/ccd/airflow/data/formatted/pollution/moscow/2023-08-07
[2025-06-09T18:44:20.975+0200] {logging_mixin.py:188} INFO - [OK] Pollution written: /home/ccd/airflow/data/formatted/pollution/istanbul/2023-08-08
[2025-06-09T18:44:21.260+0200] {logging_mixin.py:188} INFO - [OK] Pollution written: /home/ccd/airflow/data/formatted/pollution/moscow/2023-08-08
[2025-06-09T18:44:21.699+0200] {logging_mixin.py:188} INFO - [OK] Pollution written: /home/ccd/airflow/data/formatted/pollution/istanbul/2023-08-09
[2025-06-09T18:44:22.032+0200] {logging_mixin.py:188} INFO - [OK] Pollution written: /home/ccd/airflow/data/formatted/pollution/moscow/2023-08-09
[2025-06-09T18:44:22.643+0200] {logging_mixin.py:188} INFO - [OK] Pollution written: /home/ccd/airflow/data/formatted/pollution/istanbul/2023-08-10
[2025-06-09T18:44:23.198+0200] {logging_mixin.py:188} INFO - [OK] Pollution written: /home/ccd/airflow/data/formatted/pollution/moscow/2023-08-10
[2025-06-09T18:44:23.840+0200] {logging_mixin.py:188} INFO - [OK] Pollution written: /home/ccd/airflow/data/formatted/pollution/istanbul/2023-08-11
[2025-06-09T18:44:24.532+0200] {logging_mixin.py:188} INFO - [OK] Pollution written: /home/ccd/airflow/data/formatted/pollution/moscow/2023-08-11
[2025-06-09T18:44:25.104+0200] {logging_mixin.py:188} INFO - [OK] Pollution written: /home/ccd/airflow/data/formatted/pollution/istanbul/2023-08-12
[2025-06-09T18:44:25.761+0200] {logging_mixin.py:188} INFO - [OK] Pollution written: /home/ccd/airflow/data/formatted/pollution/moscow/2023-08-12
[2025-06-09T18:44:26.395+0200] {logging_mixin.py:188} INFO - [OK] Pollution written: /home/ccd/airflow/data/formatted/pollution/istanbul/2023-08-13
[2025-06-09T18:44:27.252+0200] {logging_mixin.py:188} INFO - [OK] Pollution written: /home/ccd/airflow/data/formatted/pollution/moscow/2023-08-13
[2025-06-09T18:44:28.162+0200] {logging_mixin.py:188} INFO - [OK] Pollution written: /home/ccd/airflow/data/formatted/pollution/istanbul/2023-08-14
[2025-06-09T18:44:28.783+0200] {logging_mixin.py:188} INFO - [OK] Pollution written: /home/ccd/airflow/data/formatted/pollution/moscow/2023-08-14
[2025-06-09T18:44:29.578+0200] {logging_mixin.py:188} INFO - [OK] Pollution written: /home/ccd/airflow/data/formatted/pollution/istanbul/2023-08-15
[2025-06-09T18:44:31.320+0200] {logging_mixin.py:188} INFO - [OK] Pollution written: /home/ccd/airflow/data/formatted/pollution/moscow/2023-08-15
[2025-06-09T18:44:32.118+0200] {logging_mixin.py:188} INFO - [OK] Pollution written: /home/ccd/airflow/data/formatted/pollution/istanbul/2023-08-16
[2025-06-09T18:44:32.948+0200] {logging_mixin.py:188} INFO - [OK] Pollution written: /home/ccd/airflow/data/formatted/pollution/moscow/2023-08-16
[2025-06-09T18:44:34.110+0200] {logging_mixin.py:188} INFO - [OK] Pollution written: /home/ccd/airflow/data/formatted/pollution/istanbul/2023-08-17
[2025-06-09T18:44:35.048+0200] {logging_mixin.py:188} INFO - [OK] Pollution written: /home/ccd/airflow/data/formatted/pollution/moscow/2023-08-17
[2025-06-09T18:44:35.789+0200] {logging_mixin.py:188} INFO - [OK] Pollution written: /home/ccd/airflow/data/formatted/pollution/istanbul/2023-08-18
[2025-06-09T18:44:36.635+0200] {logging_mixin.py:188} INFO - [OK] Pollution written: /home/ccd/airflow/data/formatted/pollution/moscow/2023-08-18
[2025-06-09T18:44:37.318+0200] {logging_mixin.py:188} INFO - [OK] Pollution written: /home/ccd/airflow/data/formatted/pollution/istanbul/2023-08-19
[2025-06-09T18:44:38.009+0200] {logging_mixin.py:188} INFO - [OK] Pollution written: /home/ccd/airflow/data/formatted/pollution/moscow/2023-08-19
[2025-06-09T18:44:38.728+0200] {logging_mixin.py:188} INFO - [OK] Pollution written: /home/ccd/airflow/data/formatted/pollution/istanbul/2023-08-20
[2025-06-09T18:44:39.278+0200] {logging_mixin.py:188} INFO - [OK] Pollution written: /home/ccd/airflow/data/formatted/pollution/moscow/2023-08-20
[2025-06-09T18:44:40.079+0200] {logging_mixin.py:188} INFO - [OK] Pollution written: /home/ccd/airflow/data/formatted/pollution/istanbul/2023-08-21
[2025-06-09T18:44:40.893+0200] {logging_mixin.py:188} INFO - [OK] Pollution written: /home/ccd/airflow/data/formatted/pollution/moscow/2023-08-21
[2025-06-09T18:44:41.461+0200] {logging_mixin.py:188} INFO - [OK] Pollution written: /home/ccd/airflow/data/formatted/pollution/istanbul/2023-08-22
[2025-06-09T18:44:42.282+0200] {logging_mixin.py:188} INFO - [OK] Pollution written: /home/ccd/airflow/data/formatted/pollution/moscow/2023-08-22
[2025-06-09T18:44:42.732+0200] {logging_mixin.py:188} INFO - [OK] Pollution written: /home/ccd/airflow/data/formatted/pollution/istanbul/2023-08-23
[2025-06-09T18:44:43.207+0200] {logging_mixin.py:188} INFO - [OK] Pollution written: /home/ccd/airflow/data/formatted/pollution/moscow/2023-08-23
[2025-06-09T18:44:43.581+0200] {logging_mixin.py:188} INFO - [OK] Pollution written: /home/ccd/airflow/data/formatted/pollution/istanbul/2023-08-24
[2025-06-09T18:44:43.845+0200] {logging_mixin.py:188} INFO - [OK] Pollution written: /home/ccd/airflow/data/formatted/pollution/moscow/2023-08-24
[2025-06-09T18:44:44.257+0200] {logging_mixin.py:188} INFO - [OK] Pollution written: /home/ccd/airflow/data/formatted/pollution/istanbul/2023-08-25
[2025-06-09T18:44:44.649+0200] {logging_mixin.py:188} INFO - [OK] Pollution written: /home/ccd/airflow/data/formatted/pollution/moscow/2023-08-25
[2025-06-09T18:44:45.027+0200] {logging_mixin.py:188} INFO - [OK] Pollution written: /home/ccd/airflow/data/formatted/pollution/istanbul/2023-08-26
[2025-06-09T18:44:45.621+0200] {logging_mixin.py:188} INFO - [OK] Pollution written: /home/ccd/airflow/data/formatted/pollution/moscow/2023-08-26
[2025-06-09T18:44:46.136+0200] {logging_mixin.py:188} INFO - [OK] Pollution written: /home/ccd/airflow/data/formatted/pollution/istanbul/2023-08-27
[2025-06-09T18:44:46.552+0200] {logging_mixin.py:188} INFO - [OK] Pollution written: /home/ccd/airflow/data/formatted/pollution/moscow/2023-08-27
[2025-06-09T18:44:46.895+0200] {logging_mixin.py:188} INFO - [OK] Pollution written: /home/ccd/airflow/data/formatted/pollution/istanbul/2023-08-28
[2025-06-09T18:44:47.311+0200] {logging_mixin.py:188} INFO - [OK] Pollution written: /home/ccd/airflow/data/formatted/pollution/moscow/2023-08-28
[2025-06-09T18:44:47.676+0200] {logging_mixin.py:188} INFO - [OK] Pollution written: /home/ccd/airflow/data/formatted/pollution/istanbul/2023-08-29
[2025-06-09T18:44:48.597+0200] {logging_mixin.py:188} INFO - [OK] Pollution written: /home/ccd/airflow/data/formatted/pollution/moscow/2023-08-29
[2025-06-09T18:44:48.916+0200] {logging_mixin.py:188} INFO - [OK] Pollution written: /home/ccd/airflow/data/formatted/pollution/istanbul/2023-08-30
[2025-06-09T18:44:49.266+0200] {logging_mixin.py:188} INFO - [OK] Pollution written: /home/ccd/airflow/data/formatted/pollution/moscow/2023-08-30
[2025-06-09T18:44:49.720+0200] {logging_mixin.py:188} INFO - [OK] Pollution written: /home/ccd/airflow/data/formatted/pollution/istanbul/2023-08-31
[2025-06-09T18:44:50.076+0200] {logging_mixin.py:188} INFO - [OK] Pollution written: /home/ccd/airflow/data/formatted/pollution/moscow/2023-08-31
[2025-06-09T18:44:50.353+0200] {logging_mixin.py:188} INFO - [OK] Pollution written: /home/ccd/airflow/data/formatted/pollution/istanbul/2023-09-01
[2025-06-09T18:44:50.829+0200] {logging_mixin.py:188} INFO - [OK] Pollution written: /home/ccd/airflow/data/formatted/pollution/moscow/2023-09-01
[2025-06-09T18:44:51.132+0200] {logging_mixin.py:188} INFO - [OK] Pollution written: /home/ccd/airflow/data/formatted/pollution/istanbul/2023-09-02
[2025-06-09T18:44:51.487+0200] {logging_mixin.py:188} INFO - [OK] Pollution written: /home/ccd/airflow/data/formatted/pollution/moscow/2023-09-02
[2025-06-09T18:44:51.927+0200] {logging_mixin.py:188} INFO - [OK] Pollution written: /home/ccd/airflow/data/formatted/pollution/istanbul/2023-09-03
[2025-06-09T18:44:52.189+0200] {logging_mixin.py:188} INFO - [OK] Pollution written: /home/ccd/airflow/data/formatted/pollution/moscow/2023-09-03
[2025-06-09T18:44:52.542+0200] {logging_mixin.py:188} INFO - [OK] Pollution written: /home/ccd/airflow/data/formatted/pollution/istanbul/2023-09-04
[2025-06-09T18:44:52.910+0200] {logging_mixin.py:188} INFO - [OK] Pollution written: /home/ccd/airflow/data/formatted/pollution/moscow/2023-09-04
[2025-06-09T18:44:53.357+0200] {logging_mixin.py:188} INFO - [OK] Pollution written: /home/ccd/airflow/data/formatted/pollution/istanbul/2023-09-05
[2025-06-09T18:44:53.756+0200] {logging_mixin.py:188} INFO - [OK] Pollution written: /home/ccd/airflow/data/formatted/pollution/moscow/2023-09-05
[2025-06-09T18:44:53.995+0200] {local_task_job_runner.py:310} WARNING - State of this instance has been externally set to failed. Terminating instance.
[2025-06-09T18:44:53.998+0200] {local_task_job_runner.py:222} INFO - ::endgroup::
[2025-06-09T18:44:54.001+0200] {process_utils.py:132} INFO - Sending Signals.SIGTERM to group 164479. PIDs of all processes in the group: [164480, 164640, 164689, 164690, 164693, 164695, 164699, 164701, 164703, 164705, 164707, 164708, 164711, 164713, 164479]
[2025-06-09T18:44:54.001+0200] {process_utils.py:87} INFO - Sending the signal Signals.SIGTERM to group 164479
[2025-06-09T18:44:54.002+0200] {taskinstance.py:2607} ERROR - Received SIGTERM. Terminating subprocesses.
[2025-06-09T18:44:54.002+0200] {taskinstance.py:441} INFO - ::group::Post task execution logs
[2025-06-09T18:44:54.107+0200] {process_utils.py:80} INFO - Process psutil.Process(pid=164703, status='terminated', started='18:40:13') (164703) terminated with exit code None
[2025-06-09T18:44:54.108+0200] {process_utils.py:80} INFO - Process psutil.Process(pid=164693, status='terminated', started='18:40:13') (164693) terminated with exit code None
[2025-06-09T18:44:54.108+0200] {process_utils.py:80} INFO - Process psutil.Process(pid=164699, status='terminated', started='18:40:13') (164699) terminated with exit code None
[2025-06-09T18:44:54.109+0200] {process_utils.py:80} INFO - Process psutil.Process(pid=164705, status='terminated', started='18:40:13') (164705) terminated with exit code None
[2025-06-09T18:44:54.109+0200] {process_utils.py:80} INFO - Process psutil.Process(pid=164689, status='terminated', started='18:40:13') (164689) terminated with exit code None
[2025-06-09T18:44:54.110+0200] {process_utils.py:80} INFO - Process psutil.Process(pid=164713, status='terminated', started='18:40:14') (164713) terminated with exit code None
[2025-06-09T18:44:54.110+0200] {process_utils.py:80} INFO - Process psutil.Process(pid=164701, status='terminated', started='18:40:13') (164701) terminated with exit code None
[2025-06-09T18:44:54.163+0200] {process_utils.py:80} INFO - Process psutil.Process(pid=164640, status='terminated', started='18:40:11') (164640) terminated with exit code None
[2025-06-09T18:44:54.163+0200] {process_utils.py:80} INFO - Process psutil.Process(pid=164711, status='terminated', started='18:40:14') (164711) terminated with exit code None
[2025-06-09T18:44:54.164+0200] {process_utils.py:80} INFO - Process psutil.Process(pid=164479, status='terminated', exitcode=0, started='18:40:02') (164479) terminated with exit code 0
[2025-06-09T18:44:54.257+0200] {process_utils.py:80} INFO - Process psutil.Process(pid=164708, status='terminated', started='18:40:14') (164708) terminated with exit code None
[2025-06-09T18:44:54.257+0200] {process_utils.py:80} INFO - Process psutil.Process(pid=164695, status='terminated', started='18:40:13') (164695) terminated with exit code None
[2025-06-09T18:44:54.257+0200] {process_utils.py:80} INFO - Process psutil.Process(pid=164690, status='terminated', started='18:40:13') (164690) terminated with exit code None
[2025-06-09T18:44:54.258+0200] {process_utils.py:80} INFO - Process psutil.Process(pid=164707, status='terminated', started='18:40:13') (164707) terminated with exit code None
[2025-06-09T18:44:54.551+0200] {process_utils.py:80} INFO - Process psutil.Process(pid=164480, status='terminated', started='18:40:02') (164480) terminated with exit code None
