[2025-06-09T19:13:11.214+0200] {local_task_job_runner.py:120} INFO - ::group::Pre task execution logs
[2025-06-09T19:13:11.227+0200] {taskinstance.py:2073} INFO - Dependencies all met for dep_context=non-requeueable deps ti=<TaskInstance: backfill_pollution_weather_dag.combine_backfill_data manual__2025-06-09T17:11:46.336991+00:00 [queued]>
[2025-06-09T19:13:11.230+0200] {taskinstance.py:2073} INFO - Dependencies all met for dep_context=requeueable deps ti=<TaskInstance: backfill_pollution_weather_dag.combine_backfill_data manual__2025-06-09T17:11:46.336991+00:00 [queued]>
[2025-06-09T19:13:11.230+0200] {taskinstance.py:2303} INFO - Starting attempt 1 of 2
[2025-06-09T19:13:11.249+0200] {taskinstance.py:2327} INFO - Executing <Task(PythonOperator): combine_backfill_data> on 2025-06-09 17:11:46.336991+00:00
[2025-06-09T19:13:11.252+0200] {standard_task_runner.py:63} INFO - Started process 207944 to run task
[2025-06-09T19:13:11.255+0200] {standard_task_runner.py:90} INFO - Running: ['airflow', 'tasks', 'run', 'backfill_pollution_weather_dag', 'combine_backfill_data', 'manual__2025-06-09T17:11:46.336991+00:00', '--job-id', '439', '--raw', '--subdir', 'DAGS_FOLDER/backfill_dag.py', '--cfg-path', '/tmp/tmph023m548']
[2025-06-09T19:13:11.255+0200] {standard_task_runner.py:91} INFO - Job 439: Subtask combine_backfill_data
[2025-06-09T19:13:11.287+0200] {task_command.py:426} INFO - Running <TaskInstance: backfill_pollution_weather_dag.combine_backfill_data manual__2025-06-09T17:11:46.336991+00:00 [running]> on host DESKTOP-2QS8J6D.
[2025-06-09T19:13:11.342+0200] {taskinstance.py:2644} INFO - Exporting env vars: AIRFLOW_CTX_DAG_OWNER='airflow' AIRFLOW_CTX_DAG_ID='backfill_pollution_weather_dag' AIRFLOW_CTX_TASK_ID='combine_backfill_data' AIRFLOW_CTX_EXECUTION_DATE='2025-06-09T17:11:46.336991+00:00' AIRFLOW_CTX_TRY_NUMBER='1' AIRFLOW_CTX_DAG_RUN_ID='manual__2025-06-09T17:11:46.336991+00:00'
[2025-06-09T19:13:11.343+0200] {taskinstance.py:430} INFO - ::endgroup::
[2025-06-09T19:13:15.510+0200] {logging_mixin.py:188} INFO - [COMBINING] City: istanbul
[2025-06-09T19:13:19.271+0200] {logging_mixin.py:188} INFO - [OK] Combined istanbul 2024-06-01
[2025-06-09T19:13:19.901+0200] {logging_mixin.py:188} INFO - [OK] Combined istanbul 2024-06-02
[2025-06-09T19:13:20.586+0200] {logging_mixin.py:188} INFO - [OK] Combined istanbul 2024-06-03
[2025-06-09T19:13:21.149+0200] {logging_mixin.py:188} INFO - [OK] Combined istanbul 2024-06-04
[2025-06-09T19:13:21.653+0200] {logging_mixin.py:188} INFO - [OK] Combined istanbul 2024-06-05
[2025-06-09T19:13:22.135+0200] {logging_mixin.py:188} INFO - [OK] Combined istanbul 2024-06-06
[2025-06-09T19:13:22.704+0200] {logging_mixin.py:188} INFO - [OK] Combined istanbul 2024-06-07
[2025-06-09T19:13:23.566+0200] {logging_mixin.py:188} INFO - [OK] Combined istanbul 2024-06-08
[2025-06-09T19:13:24.265+0200] {logging_mixin.py:188} INFO - [OK] Combined istanbul 2024-06-09
[2025-06-09T19:13:24.880+0200] {logging_mixin.py:188} INFO - [OK] Combined istanbul 2024-06-10
[2025-06-09T19:13:25.494+0200] {logging_mixin.py:188} INFO - [OK] Combined istanbul 2024-06-11
[2025-06-09T19:13:26.036+0200] {logging_mixin.py:188} INFO - [OK] Combined istanbul 2024-06-12
[2025-06-09T19:13:26.667+0200] {logging_mixin.py:188} INFO - [OK] Combined istanbul 2024-06-13
[2025-06-09T19:13:27.290+0200] {logging_mixin.py:188} INFO - [OK] Combined istanbul 2024-06-14
[2025-06-09T19:13:27.898+0200] {logging_mixin.py:188} INFO - [OK] Combined istanbul 2024-06-15
[2025-06-09T19:13:28.437+0200] {logging_mixin.py:188} INFO - [OK] Combined istanbul 2024-06-16
[2025-06-09T19:13:28.897+0200] {logging_mixin.py:188} INFO - [OK] Combined istanbul 2024-06-17
[2025-06-09T19:13:29.385+0200] {logging_mixin.py:188} INFO - [OK] Combined istanbul 2024-06-18
[2025-06-09T19:13:29.962+0200] {logging_mixin.py:188} INFO - [OK] Combined istanbul 2024-06-19
[2025-06-09T19:13:30.483+0200] {logging_mixin.py:188} INFO - [OK] Combined istanbul 2024-06-20
[2025-06-09T19:13:30.948+0200] {logging_mixin.py:188} INFO - [OK] Combined istanbul 2024-06-21
[2025-06-09T19:13:31.415+0200] {logging_mixin.py:188} INFO - [OK] Combined istanbul 2024-06-22
[2025-06-09T19:13:31.874+0200] {logging_mixin.py:188} INFO - [OK] Combined istanbul 2024-06-23
[2025-06-09T19:13:32.324+0200] {logging_mixin.py:188} INFO - [OK] Combined istanbul 2024-06-24
[2025-06-09T19:13:32.770+0200] {logging_mixin.py:188} INFO - [OK] Combined istanbul 2024-06-25
[2025-06-09T19:13:33.301+0200] {logging_mixin.py:188} INFO - [OK] Combined istanbul 2024-06-26
[2025-06-09T19:13:33.763+0200] {logging_mixin.py:188} INFO - [OK] Combined istanbul 2024-06-27
[2025-06-09T19:13:34.189+0200] {logging_mixin.py:188} INFO - [OK] Combined istanbul 2024-06-28
[2025-06-09T19:13:34.687+0200] {logging_mixin.py:188} INFO - [OK] Combined istanbul 2024-06-29
[2025-06-09T19:13:35.133+0200] {logging_mixin.py:188} INFO - [OK] Combined istanbul 2024-06-30
[2025-06-09T19:13:35.601+0200] {logging_mixin.py:188} INFO - [OK] Combined istanbul 2024-07-01
[2025-06-09T19:13:36.105+0200] {logging_mixin.py:188} INFO - [OK] Combined istanbul 2024-07-02
[2025-06-09T19:13:36.596+0200] {logging_mixin.py:188} INFO - [OK] Combined istanbul 2024-07-03
[2025-06-09T19:13:37.145+0200] {logging_mixin.py:188} INFO - [OK] Combined istanbul 2024-07-04
[2025-06-09T19:13:37.723+0200] {logging_mixin.py:188} INFO - [OK] Combined istanbul 2024-07-05
[2025-06-09T19:13:38.320+0200] {logging_mixin.py:188} INFO - [OK] Combined istanbul 2024-07-06
[2025-06-09T19:13:38.788+0200] {logging_mixin.py:188} INFO - [OK] Combined istanbul 2024-07-07
[2025-06-09T19:13:39.197+0200] {logging_mixin.py:188} INFO - [OK] Combined istanbul 2024-07-08
[2025-06-09T19:13:39.622+0200] {logging_mixin.py:188} INFO - [OK] Combined istanbul 2024-07-09
[2025-06-09T19:13:40.050+0200] {logging_mixin.py:188} INFO - [OK] Combined istanbul 2024-07-10
[2025-06-09T19:13:40.482+0200] {logging_mixin.py:188} INFO - [OK] Combined istanbul 2024-07-11
[2025-06-09T19:13:40.901+0200] {logging_mixin.py:188} INFO - [OK] Combined istanbul 2024-07-12
[2025-06-09T19:13:41.349+0200] {logging_mixin.py:188} INFO - [OK] Combined istanbul 2024-07-13
[2025-06-09T19:13:41.805+0200] {logging_mixin.py:188} INFO - [OK] Combined istanbul 2024-07-14
[2025-06-09T19:13:42.307+0200] {logging_mixin.py:188} INFO - [OK] Combined istanbul 2024-07-15
[2025-06-09T19:13:42.727+0200] {logging_mixin.py:188} INFO - [OK] Combined istanbul 2024-07-16
[2025-06-09T19:13:43.248+0200] {logging_mixin.py:188} INFO - [OK] Combined istanbul 2024-07-17
[2025-06-09T19:13:43.756+0200] {logging_mixin.py:188} INFO - [OK] Combined istanbul 2024-07-18
[2025-06-09T19:13:44.468+0200] {logging_mixin.py:188} INFO - [OK] Combined istanbul 2024-07-19
[2025-06-09T19:13:45.628+0200] {logging_mixin.py:188} INFO - [OK] Combined istanbul 2024-07-20
[2025-06-09T19:13:46.208+0200] {logging_mixin.py:188} INFO - [OK] Combined istanbul 2024-07-21
[2025-06-09T19:13:46.808+0200] {logging_mixin.py:188} INFO - [OK] Combined istanbul 2024-07-24
[2025-06-09T19:13:48.056+0200] {logging_mixin.py:188} INFO - [OK] Combined istanbul 2024-07-25
[2025-06-09T19:13:48.663+0200] {logging_mixin.py:188} INFO - [OK] Combined istanbul 2024-07-26
[2025-06-09T19:13:49.340+0200] {logging_mixin.py:188} INFO - [OK] Combined istanbul 2024-07-27
[2025-06-09T19:13:50.060+0200] {logging_mixin.py:188} INFO - [OK] Combined istanbul 2024-07-28
[2025-06-09T19:13:50.762+0200] {logging_mixin.py:188} INFO - [OK] Combined istanbul 2024-07-29
[2025-06-09T19:13:51.261+0200] {logging_mixin.py:188} INFO - [OK] Combined istanbul 2024-07-30
[2025-06-09T19:13:51.698+0200] {logging_mixin.py:188} INFO - [OK] Combined istanbul 2024-07-31
[2025-06-09T19:13:52.124+0200] {logging_mixin.py:188} INFO - [OK] Combined istanbul 2024-08-01
[2025-06-09T19:13:52.590+0200] {logging_mixin.py:188} INFO - [OK] Combined istanbul 2024-08-02
[2025-06-09T19:13:52.964+0200] {logging_mixin.py:188} INFO - [OK] Combined istanbul 2024-08-03
[2025-06-09T19:13:53.334+0200] {logging_mixin.py:188} INFO - [OK] Combined istanbul 2024-08-04
[2025-06-09T19:13:53.742+0200] {logging_mixin.py:188} INFO - [OK] Combined istanbul 2024-08-05
[2025-06-09T19:13:54.110+0200] {logging_mixin.py:188} INFO - [OK] Combined istanbul 2024-08-06
[2025-06-09T19:13:54.487+0200] {logging_mixin.py:188} INFO - [OK] Combined istanbul 2024-08-07
[2025-06-09T19:13:54.832+0200] {logging_mixin.py:188} INFO - [OK] Combined istanbul 2024-08-08
[2025-06-09T19:13:55.183+0200] {logging_mixin.py:188} INFO - [OK] Combined istanbul 2024-08-09
[2025-06-09T19:13:55.533+0200] {logging_mixin.py:188} INFO - [OK] Combined istanbul 2024-08-10
[2025-06-09T19:13:55.878+0200] {logging_mixin.py:188} INFO - [OK] Combined istanbul 2024-08-11
[2025-06-09T19:13:56.248+0200] {logging_mixin.py:188} INFO - [OK] Combined istanbul 2024-08-12
[2025-06-09T19:13:56.609+0200] {logging_mixin.py:188} INFO - [OK] Combined istanbul 2024-08-13
[2025-06-09T19:13:56.949+0200] {logging_mixin.py:188} INFO - [OK] Combined istanbul 2024-08-14
[2025-06-09T19:13:57.350+0200] {logging_mixin.py:188} INFO - [OK] Combined istanbul 2024-08-15
[2025-06-09T19:13:57.699+0200] {logging_mixin.py:188} INFO - [OK] Combined istanbul 2024-08-16
[2025-06-09T19:13:58.055+0200] {logging_mixin.py:188} INFO - [OK] Combined istanbul 2024-08-17
[2025-06-09T19:13:58.399+0200] {logging_mixin.py:188} INFO - [OK] Combined istanbul 2024-08-18
[2025-06-09T19:13:58.766+0200] {logging_mixin.py:188} INFO - [OK] Combined istanbul 2024-08-19
[2025-06-09T19:13:59.147+0200] {logging_mixin.py:188} INFO - [OK] Combined istanbul 2024-08-20
[2025-06-09T19:13:59.490+0200] {logging_mixin.py:188} INFO - [OK] Combined istanbul 2024-08-21
[2025-06-09T19:13:59.847+0200] {logging_mixin.py:188} INFO - [OK] Combined istanbul 2024-08-22
[2025-06-09T19:14:00.294+0200] {logging_mixin.py:188} INFO - [OK] Combined istanbul 2024-08-23
[2025-06-09T19:14:00.727+0200] {logging_mixin.py:188} INFO - [OK] Combined istanbul 2024-08-24
[2025-06-09T19:14:01.230+0200] {logging_mixin.py:188} INFO - [OK] Combined istanbul 2024-08-25
[2025-06-09T19:14:01.636+0200] {logging_mixin.py:188} INFO - [OK] Combined istanbul 2024-08-26
[2025-06-09T19:14:02.035+0200] {logging_mixin.py:188} INFO - [OK] Combined istanbul 2024-08-27
[2025-06-09T19:14:02.413+0200] {logging_mixin.py:188} INFO - [OK] Combined istanbul 2024-08-28
[2025-06-09T19:14:02.789+0200] {logging_mixin.py:188} INFO - [OK] Combined istanbul 2024-08-29
[2025-06-09T19:14:03.182+0200] {logging_mixin.py:188} INFO - [OK] Combined istanbul 2024-08-30
[2025-06-09T19:14:03.576+0200] {logging_mixin.py:188} INFO - [OK] Combined istanbul 2024-08-31
[2025-06-09T19:14:03.985+0200] {logging_mixin.py:188} INFO - [OK] Combined istanbul 2024-09-01
[2025-06-09T19:14:04.380+0200] {logging_mixin.py:188} INFO - [OK] Combined istanbul 2024-09-02
[2025-06-09T19:14:04.775+0200] {logging_mixin.py:188} INFO - [OK] Combined istanbul 2024-09-03
[2025-06-09T19:14:05.159+0200] {logging_mixin.py:188} INFO - [OK] Combined istanbul 2024-09-04
[2025-06-09T19:14:05.581+0200] {logging_mixin.py:188} INFO - [OK] Combined istanbul 2024-09-05
[2025-06-09T19:14:05.974+0200] {logging_mixin.py:188} INFO - [OK] Combined istanbul 2024-09-06
[2025-06-09T19:14:06.366+0200] {logging_mixin.py:188} INFO - [OK] Combined istanbul 2024-09-07
[2025-06-09T19:14:06.747+0200] {logging_mixin.py:188} INFO - [OK] Combined istanbul 2024-09-08
[2025-06-09T19:14:07.146+0200] {logging_mixin.py:188} INFO - [OK] Combined istanbul 2024-09-10
[2025-06-09T19:14:07.571+0200] {logging_mixin.py:188} INFO - [OK] Combined istanbul 2024-09-11
[2025-06-09T19:14:07.983+0200] {logging_mixin.py:188} INFO - [OK] Combined istanbul 2024-09-12
[2025-06-09T19:14:08.408+0200] {logging_mixin.py:188} INFO - [OK] Combined istanbul 2024-09-13
[2025-06-09T19:14:08.855+0200] {logging_mixin.py:188} INFO - [OK] Combined istanbul 2024-09-14
[2025-06-09T19:14:09.308+0200] {logging_mixin.py:188} INFO - [OK] Combined istanbul 2024-09-15
[2025-06-09T19:14:09.747+0200] {logging_mixin.py:188} INFO - [OK] Combined istanbul 2024-09-16
[2025-06-09T19:14:10.171+0200] {logging_mixin.py:188} INFO - [OK] Combined istanbul 2024-09-17
[2025-06-09T19:14:10.787+0200] {logging_mixin.py:188} INFO - [OK] Combined istanbul 2024-09-18
[2025-06-09T19:14:11.480+0200] {logging_mixin.py:188} INFO - [OK] Combined istanbul 2024-09-19
[2025-06-09T19:14:12.091+0200] {logging_mixin.py:188} INFO - [OK] Combined istanbul 2024-09-20
[2025-06-09T19:14:12.538+0200] {logging_mixin.py:188} INFO - [OK] Combined istanbul 2024-09-21
[2025-06-09T19:14:12.957+0200] {logging_mixin.py:188} INFO - [OK] Combined istanbul 2024-09-22
[2025-06-09T19:14:13.405+0200] {logging_mixin.py:188} INFO - [OK] Combined istanbul 2024-09-23
[2025-06-09T19:14:14.089+0200] {logging_mixin.py:188} INFO - [OK] Combined istanbul 2024-09-24
[2025-06-09T19:14:14.555+0200] {logging_mixin.py:188} INFO - [OK] Combined istanbul 2024-09-25
[2025-06-09T19:14:15.117+0200] {logging_mixin.py:188} INFO - [OK] Combined istanbul 2024-09-26
[2025-06-09T19:14:15.808+0200] {logging_mixin.py:188} INFO - [OK] Combined istanbul 2024-09-27
[2025-06-09T19:14:16.368+0200] {logging_mixin.py:188} INFO - [OK] Combined istanbul 2024-09-28
[2025-06-09T19:14:16.839+0200] {logging_mixin.py:188} INFO - [OK] Combined istanbul 2024-09-29
[2025-06-09T19:14:17.437+0200] {logging_mixin.py:188} INFO - [OK] Combined istanbul 2024-09-30
[2025-06-09T19:14:17.783+0200] {logging_mixin.py:188} INFO - [OK] Combined istanbul 2024-10-01
[2025-06-09T19:14:18.103+0200] {logging_mixin.py:188} INFO - [OK] Combined istanbul 2024-10-02
[2025-06-09T19:14:18.426+0200] {logging_mixin.py:188} INFO - [OK] Combined istanbul 2024-10-03
[2025-06-09T19:14:18.759+0200] {logging_mixin.py:188} INFO - [OK] Combined istanbul 2024-10-04
[2025-06-09T19:14:19.106+0200] {logging_mixin.py:188} INFO - [OK] Combined istanbul 2024-10-05
[2025-06-09T19:14:19.440+0200] {logging_mixin.py:188} INFO - [OK] Combined istanbul 2024-10-06
[2025-06-09T19:14:19.863+0200] {logging_mixin.py:188} INFO - [OK] Combined istanbul 2024-10-07
[2025-06-09T19:14:20.796+0200] {logging_mixin.py:188} INFO - [OK] Combined istanbul 2024-10-08
[2025-06-09T19:14:21.162+0200] {logging_mixin.py:188} INFO - [OK] Combined istanbul 2024-10-09
[2025-06-09T19:14:21.535+0200] {logging_mixin.py:188} INFO - [OK] Combined istanbul 2024-10-10
[2025-06-09T19:14:22.017+0200] {logging_mixin.py:188} INFO - [OK] Combined istanbul 2024-10-11
[2025-06-09T19:14:22.434+0200] {logging_mixin.py:188} INFO - [OK] Combined istanbul 2024-10-12
[2025-06-09T19:14:22.950+0200] {logging_mixin.py:188} INFO - [OK] Combined istanbul 2024-10-13
[2025-06-09T19:14:23.313+0200] {logging_mixin.py:188} INFO - [OK] Combined istanbul 2024-10-14
[2025-06-09T19:14:23.696+0200] {logging_mixin.py:188} INFO - [OK] Combined istanbul 2024-10-15
[2025-06-09T19:14:24.143+0200] {logging_mixin.py:188} INFO - [OK] Combined istanbul 2024-10-16
[2025-06-09T19:14:24.589+0200] {logging_mixin.py:188} INFO - [OK] Combined istanbul 2024-10-17
[2025-06-09T19:14:25.316+0200] {logging_mixin.py:188} INFO - [OK] Combined istanbul 2024-10-18
[2025-06-09T19:14:25.858+0200] {logging_mixin.py:188} INFO - [OK] Combined istanbul 2024-10-19
[2025-06-09T19:14:26.301+0200] {logging_mixin.py:188} INFO - [OK] Combined istanbul 2024-10-20
[2025-06-09T19:14:27.348+0200] {logging_mixin.py:188} INFO - [OK] Combined istanbul 2024-10-21
[2025-06-09T19:14:27.969+0200] {logging_mixin.py:188} INFO - [OK] Combined istanbul 2024-10-22
[2025-06-09T19:14:28.385+0200] {logging_mixin.py:188} INFO - [OK] Combined istanbul 2024-10-23
[2025-06-09T19:14:28.787+0200] {logging_mixin.py:188} INFO - [OK] Combined istanbul 2024-10-24
[2025-06-09T19:14:29.227+0200] {logging_mixin.py:188} INFO - [OK] Combined istanbul 2024-10-25
[2025-06-09T19:14:29.602+0200] {logging_mixin.py:188} INFO - [OK] Combined istanbul 2024-10-26
[2025-06-09T19:14:29.967+0200] {logging_mixin.py:188} INFO - [OK] Combined istanbul 2024-10-27
[2025-06-09T19:14:30.305+0200] {logging_mixin.py:188} INFO - [OK] Combined istanbul 2024-10-28
[2025-06-09T19:14:30.628+0200] {logging_mixin.py:188} INFO - [OK] Combined istanbul 2024-10-29
[2025-06-09T19:14:31.033+0200] {logging_mixin.py:188} INFO - [OK] Combined istanbul 2024-10-30
[2025-06-09T19:14:31.360+0200] {logging_mixin.py:188} INFO - [OK] Combined istanbul 2024-10-31
[2025-06-09T19:14:31.665+0200] {logging_mixin.py:188} INFO - [OK] Combined istanbul 2024-11-01
[2025-06-09T19:14:31.994+0200] {logging_mixin.py:188} INFO - [OK] Combined istanbul 2024-11-02
[2025-06-09T19:14:32.325+0200] {logging_mixin.py:188} INFO - [OK] Combined istanbul 2024-11-03
[2025-06-09T19:14:32.701+0200] {logging_mixin.py:188} INFO - [OK] Combined istanbul 2024-11-04
[2025-06-09T19:14:33.062+0200] {logging_mixin.py:188} INFO - [OK] Combined istanbul 2024-11-05
[2025-06-09T19:14:33.404+0200] {logging_mixin.py:188} INFO - [OK] Combined istanbul 2024-11-06
[2025-06-09T19:14:33.753+0200] {logging_mixin.py:188} INFO - [OK] Combined istanbul 2024-11-07
[2025-06-09T19:14:34.093+0200] {logging_mixin.py:188} INFO - [OK] Combined istanbul 2024-11-08
[2025-06-09T19:14:34.475+0200] {logging_mixin.py:188} INFO - [OK] Combined istanbul 2024-11-09
[2025-06-09T19:14:34.846+0200] {logging_mixin.py:188} INFO - [OK] Combined istanbul 2024-11-10
[2025-06-09T19:14:35.206+0200] {logging_mixin.py:188} INFO - [OK] Combined istanbul 2024-11-11
[2025-06-09T19:14:35.562+0200] {logging_mixin.py:188} INFO - [OK] Combined istanbul 2024-11-12
[2025-06-09T19:14:35.956+0200] {logging_mixin.py:188} INFO - [OK] Combined istanbul 2024-11-13
[2025-06-09T19:14:36.496+0200] {logging_mixin.py:188} INFO - [OK] Combined istanbul 2024-11-14
[2025-06-09T19:14:36.938+0200] {logging_mixin.py:188} INFO - [OK] Combined istanbul 2024-11-15
[2025-06-09T19:14:37.408+0200] {logging_mixin.py:188} INFO - [OK] Combined istanbul 2024-11-16
[2025-06-09T19:14:37.872+0200] {logging_mixin.py:188} INFO - [OK] Combined istanbul 2024-11-17
[2025-06-09T19:14:38.377+0200] {logging_mixin.py:188} INFO - [OK] Combined istanbul 2024-11-18
[2025-06-09T19:14:38.916+0200] {logging_mixin.py:188} INFO - [OK] Combined istanbul 2024-11-19
[2025-06-09T19:14:39.390+0200] {logging_mixin.py:188} INFO - [OK] Combined istanbul 2024-11-20
[2025-06-09T19:14:39.860+0200] {logging_mixin.py:188} INFO - [OK] Combined istanbul 2024-11-21
[2025-06-09T19:14:40.506+0200] {logging_mixin.py:188} INFO - [OK] Combined istanbul 2024-11-22
[2025-06-09T19:14:41.331+0200] {logging_mixin.py:188} INFO - [OK] Combined istanbul 2024-11-23
[2025-06-09T19:14:42.960+0200] {logging_mixin.py:188} INFO - [OK] Combined istanbul 2024-11-24
[2025-06-09T19:14:43.590+0200] {logging_mixin.py:188} INFO - [OK] Combined istanbul 2024-11-25
[2025-06-09T19:14:44.139+0200] {logging_mixin.py:188} INFO - [OK] Combined istanbul 2024-11-26
[2025-06-09T19:14:44.689+0200] {logging_mixin.py:188} INFO - [OK] Combined istanbul 2024-11-27
[2025-06-09T19:14:45.164+0200] {logging_mixin.py:188} INFO - [OK] Combined istanbul 2024-11-28
[2025-06-09T19:14:45.598+0200] {logging_mixin.py:188} INFO - [OK] Combined istanbul 2024-11-29
[2025-06-09T19:14:46.035+0200] {logging_mixin.py:188} INFO - [OK] Combined istanbul 2024-11-30
[2025-06-09T19:14:46.559+0200] {logging_mixin.py:188} INFO - [OK] Combined istanbul 2024-12-01
[2025-06-09T19:14:46.981+0200] {logging_mixin.py:188} INFO - [OK] Combined istanbul 2024-12-02
[2025-06-09T19:14:47.355+0200] {logging_mixin.py:188} INFO - [OK] Combined istanbul 2024-12-03
[2025-06-09T19:14:47.742+0200] {logging_mixin.py:188} INFO - [OK] Combined istanbul 2024-12-04
[2025-06-09T19:14:48.136+0200] {logging_mixin.py:188} INFO - [OK] Combined istanbul 2024-12-05
[2025-06-09T19:14:48.522+0200] {logging_mixin.py:188} INFO - [OK] Combined istanbul 2024-12-06
[2025-06-09T19:14:48.909+0200] {logging_mixin.py:188} INFO - [OK] Combined istanbul 2024-12-07
[2025-06-09T19:14:49.287+0200] {logging_mixin.py:188} INFO - [OK] Combined istanbul 2024-12-08
[2025-06-09T19:14:49.708+0200] {logging_mixin.py:188} INFO - [OK] Combined istanbul 2024-12-09
[2025-06-09T19:14:50.099+0200] {logging_mixin.py:188} INFO - [OK] Combined istanbul 2024-12-10
[2025-06-09T19:14:50.468+0200] {logging_mixin.py:188} INFO - [OK] Combined istanbul 2024-12-11
[2025-06-09T19:14:50.878+0200] {logging_mixin.py:188} INFO - [OK] Combined istanbul 2024-12-12
[2025-06-09T19:14:51.281+0200] {logging_mixin.py:188} INFO - [OK] Combined istanbul 2024-12-13
[2025-06-09T19:14:51.693+0200] {logging_mixin.py:188} INFO - [OK] Combined istanbul 2024-12-14
[2025-06-09T19:14:52.096+0200] {logging_mixin.py:188} INFO - [OK] Combined istanbul 2024-12-15
[2025-06-09T19:14:52.495+0200] {logging_mixin.py:188} INFO - [OK] Combined istanbul 2024-12-16
[2025-06-09T19:14:53.489+0200] {logging_mixin.py:188} INFO - [OK] Combined istanbul 2024-12-17
[2025-06-09T19:14:53.906+0200] {logging_mixin.py:188} INFO - [OK] Combined istanbul 2024-12-18
[2025-06-09T19:14:54.359+0200] {logging_mixin.py:188} INFO - [OK] Combined istanbul 2024-12-19
[2025-06-09T19:14:54.738+0200] {logging_mixin.py:188} INFO - [OK] Combined istanbul 2024-12-20
[2025-06-09T19:14:55.119+0200] {logging_mixin.py:188} INFO - [OK] Combined istanbul 2024-12-21
[2025-06-09T19:14:55.508+0200] {logging_mixin.py:188} INFO - [OK] Combined istanbul 2024-12-22
[2025-06-09T19:14:55.878+0200] {logging_mixin.py:188} INFO - [OK] Combined istanbul 2024-12-23
[2025-06-09T19:14:56.310+0200] {logging_mixin.py:188} INFO - [OK] Combined istanbul 2024-12-24
[2025-06-09T19:14:57.698+0200] {logging_mixin.py:188} INFO - [OK] Combined istanbul 2024-12-25
[2025-06-09T19:14:58.080+0200] {logging_mixin.py:188} INFO - [OK] Combined istanbul 2024-12-26
[2025-06-09T19:14:58.428+0200] {logging_mixin.py:188} INFO - [OK] Combined istanbul 2024-12-27
[2025-06-09T19:14:58.784+0200] {logging_mixin.py:188} INFO - [OK] Combined istanbul 2024-12-28
[2025-06-09T19:14:59.115+0200] {logging_mixin.py:188} INFO - [OK] Combined istanbul 2024-12-29
[2025-06-09T19:14:59.458+0200] {logging_mixin.py:188} INFO - [OK] Combined istanbul 2024-12-30
[2025-06-09T19:14:59.798+0200] {logging_mixin.py:188} INFO - [OK] Combined istanbul 2024-12-31
[2025-06-09T19:15:00.101+0200] {logging_mixin.py:188} INFO - [OK] Combined istanbul 2025-01-01
[2025-06-09T19:15:00.401+0200] {logging_mixin.py:188} INFO - [OK] Combined istanbul 2025-01-02
[2025-06-09T19:15:00.736+0200] {logging_mixin.py:188} INFO - [OK] Combined istanbul 2025-01-03
[2025-06-09T19:15:01.101+0200] {logging_mixin.py:188} INFO - [OK] Combined istanbul 2025-01-04
[2025-06-09T19:15:01.441+0200] {logging_mixin.py:188} INFO - [OK] Combined istanbul 2025-01-05
[2025-06-09T19:15:01.739+0200] {logging_mixin.py:188} INFO - [OK] Combined istanbul 2025-01-06
[2025-06-09T19:15:02.052+0200] {logging_mixin.py:188} INFO - [OK] Combined istanbul 2025-01-07
[2025-06-09T19:15:02.331+0200] {logging_mixin.py:188} INFO - [OK] Combined istanbul 2025-01-08
[2025-06-09T19:15:02.650+0200] {logging_mixin.py:188} INFO - [OK] Combined istanbul 2025-01-09
[2025-06-09T19:15:02.949+0200] {logging_mixin.py:188} INFO - [OK] Combined istanbul 2025-01-10
[2025-06-09T19:15:03.258+0200] {logging_mixin.py:188} INFO - [OK] Combined istanbul 2025-01-11
[2025-06-09T19:15:03.558+0200] {logging_mixin.py:188} INFO - [OK] Combined istanbul 2025-01-12
[2025-06-09T19:15:03.854+0200] {logging_mixin.py:188} INFO - [OK] Combined istanbul 2025-01-13
[2025-06-09T19:15:04.172+0200] {logging_mixin.py:188} INFO - [OK] Combined istanbul 2025-01-14
[2025-06-09T19:15:04.466+0200] {logging_mixin.py:188} INFO - [OK] Combined istanbul 2025-01-15
[2025-06-09T19:15:04.763+0200] {logging_mixin.py:188} INFO - [OK] Combined istanbul 2025-01-16
[2025-06-09T19:15:05.050+0200] {logging_mixin.py:188} INFO - [OK] Combined istanbul 2025-01-17
[2025-06-09T19:15:05.365+0200] {logging_mixin.py:188} INFO - [OK] Combined istanbul 2025-01-18
[2025-06-09T19:15:05.663+0200] {logging_mixin.py:188} INFO - [OK] Combined istanbul 2025-01-19
[2025-06-09T19:15:05.960+0200] {logging_mixin.py:188} INFO - [OK] Combined istanbul 2025-01-20
[2025-06-09T19:15:06.281+0200] {logging_mixin.py:188} INFO - [OK] Combined istanbul 2025-01-21
[2025-06-09T19:15:06.579+0200] {logging_mixin.py:188} INFO - [OK] Combined istanbul 2025-01-22
[2025-06-09T19:15:06.903+0200] {logging_mixin.py:188} INFO - [OK] Combined istanbul 2025-01-23
[2025-06-09T19:15:07.191+0200] {logging_mixin.py:188} INFO - [OK] Combined istanbul 2025-01-24
[2025-06-09T19:15:07.472+0200] {logging_mixin.py:188} INFO - [OK] Combined istanbul 2025-01-25
[2025-06-09T19:15:07.771+0200] {logging_mixin.py:188} INFO - [OK] Combined istanbul 2025-01-26
[2025-06-09T19:15:08.060+0200] {logging_mixin.py:188} INFO - [OK] Combined istanbul 2025-01-27
[2025-06-09T19:15:08.366+0200] {logging_mixin.py:188} INFO - [OK] Combined istanbul 2025-01-28
[2025-06-09T19:15:08.651+0200] {logging_mixin.py:188} INFO - [OK] Combined istanbul 2025-01-29
[2025-06-09T19:15:08.969+0200] {logging_mixin.py:188} INFO - [OK] Combined istanbul 2025-01-30
[2025-06-09T19:15:09.266+0200] {logging_mixin.py:188} INFO - [OK] Combined istanbul 2025-01-31
[2025-06-09T19:15:09.591+0200] {logging_mixin.py:188} INFO - [OK] Combined istanbul 2025-02-01
[2025-06-09T19:15:09.921+0200] {logging_mixin.py:188} INFO - [OK] Combined istanbul 2025-02-02
[2025-06-09T19:15:10.212+0200] {logging_mixin.py:188} INFO - [OK] Combined istanbul 2025-02-03
[2025-06-09T19:15:10.530+0200] {logging_mixin.py:188} INFO - [OK] Combined istanbul 2025-02-04
[2025-06-09T19:15:10.888+0200] {logging_mixin.py:188} INFO - [OK] Combined istanbul 2025-02-05
[2025-06-09T19:15:11.253+0200] {logging_mixin.py:188} INFO - [OK] Combined istanbul 2025-02-06
[2025-06-09T19:15:11.734+0200] {logging_mixin.py:188} INFO - [OK] Combined istanbul 2025-02-07
[2025-06-09T19:15:12.668+0200] {logging_mixin.py:188} INFO - [OK] Combined istanbul 2025-02-08
[2025-06-09T19:15:13.290+0200] {logging_mixin.py:188} INFO - [OK] Combined istanbul 2025-02-09
[2025-06-09T19:15:13.726+0200] {logging_mixin.py:188} INFO - [OK] Combined istanbul 2025-02-10
[2025-06-09T19:15:14.124+0200] {logging_mixin.py:188} INFO - [OK] Combined istanbul 2025-02-11
[2025-06-09T19:15:14.541+0200] {logging_mixin.py:188} INFO - [OK] Combined istanbul 2025-02-12
[2025-06-09T19:15:14.937+0200] {logging_mixin.py:188} INFO - [OK] Combined istanbul 2025-02-13
[2025-06-09T19:15:15.383+0200] {logging_mixin.py:188} INFO - [OK] Combined istanbul 2025-02-14
[2025-06-09T19:15:15.771+0200] {logging_mixin.py:188} INFO - [OK] Combined istanbul 2025-02-15
[2025-06-09T19:15:16.136+0200] {logging_mixin.py:188} INFO - [OK] Combined istanbul 2025-02-16
[2025-06-09T19:15:16.536+0200] {logging_mixin.py:188} INFO - [OK] Combined istanbul 2025-02-17
[2025-06-09T19:15:16.867+0200] {logging_mixin.py:188} INFO - [OK] Combined istanbul 2025-02-18
[2025-06-09T19:15:17.217+0200] {logging_mixin.py:188} INFO - [OK] Combined istanbul 2025-02-19
[2025-06-09T19:15:17.555+0200] {logging_mixin.py:188} INFO - [OK] Combined istanbul 2025-02-20
[2025-06-09T19:15:17.991+0200] {logging_mixin.py:188} INFO - [OK] Combined istanbul 2025-02-21
[2025-06-09T19:15:18.382+0200] {logging_mixin.py:188} INFO - [OK] Combined istanbul 2025-02-22
[2025-06-09T19:15:18.722+0200] {logging_mixin.py:188} INFO - [OK] Combined istanbul 2025-02-23
[2025-06-09T19:15:19.074+0200] {logging_mixin.py:188} INFO - [OK] Combined istanbul 2025-02-24
[2025-06-09T19:15:19.419+0200] {logging_mixin.py:188} INFO - [OK] Combined istanbul 2025-02-25
[2025-06-09T19:15:19.790+0200] {logging_mixin.py:188} INFO - [OK] Combined istanbul 2025-02-26
[2025-06-09T19:15:20.139+0200] {logging_mixin.py:188} INFO - [OK] Combined istanbul 2025-02-27
[2025-06-09T19:15:20.492+0200] {logging_mixin.py:188} INFO - [OK] Combined istanbul 2025-02-28
[2025-06-09T19:15:20.844+0200] {logging_mixin.py:188} INFO - [OK] Combined istanbul 2025-03-01
[2025-06-09T19:15:21.217+0200] {logging_mixin.py:188} INFO - [OK] Combined istanbul 2025-03-02
[2025-06-09T19:15:21.620+0200] {logging_mixin.py:188} INFO - [OK] Combined istanbul 2025-03-03
[2025-06-09T19:15:21.966+0200] {logging_mixin.py:188} INFO - [OK] Combined istanbul 2025-03-04
[2025-06-09T19:15:22.317+0200] {logging_mixin.py:188} INFO - [OK] Combined istanbul 2025-03-07
[2025-06-09T19:15:22.677+0200] {logging_mixin.py:188} INFO - [OK] Combined istanbul 2025-03-08
[2025-06-09T19:15:23.010+0200] {logging_mixin.py:188} INFO - [OK] Combined istanbul 2025-03-09
[2025-06-09T19:15:23.415+0200] {logging_mixin.py:188} INFO - [OK] Combined istanbul 2025-03-10
[2025-06-09T19:15:23.798+0200] {logging_mixin.py:188} INFO - [OK] Combined istanbul 2025-03-11
[2025-06-09T19:15:24.199+0200] {logging_mixin.py:188} INFO - [OK] Combined istanbul 2025-03-12
[2025-06-09T19:15:24.560+0200] {logging_mixin.py:188} INFO - [OK] Combined istanbul 2025-03-13
[2025-06-09T19:15:24.914+0200] {logging_mixin.py:188} INFO - [OK] Combined istanbul 2025-03-14
[2025-06-09T19:15:25.332+0200] {logging_mixin.py:188} INFO - [OK] Combined istanbul 2025-03-15
[2025-06-09T19:15:26.287+0200] {logging_mixin.py:188} INFO - [OK] Combined istanbul 2025-03-16
[2025-06-09T19:15:26.743+0200] {logging_mixin.py:188} INFO - [OK] Combined istanbul 2025-03-17
[2025-06-09T19:15:27.227+0200] {logging_mixin.py:188} INFO - [OK] Combined istanbul 2025-03-18
[2025-06-09T19:15:28.581+0200] {logging_mixin.py:188} INFO - [OK] Combined istanbul 2025-03-19
[2025-06-09T19:15:29.353+0200] {logging_mixin.py:188} INFO - [OK] Combined istanbul 2025-03-20
[2025-06-09T19:15:29.748+0200] {logging_mixin.py:188} INFO - [OK] Combined istanbul 2025-03-21
[2025-06-09T19:15:30.076+0200] {logging_mixin.py:188} INFO - [OK] Combined istanbul 2025-03-22
[2025-06-09T19:15:30.410+0200] {logging_mixin.py:188} INFO - [OK] Combined istanbul 2025-03-23
[2025-06-09T19:15:30.814+0200] {logging_mixin.py:188} INFO - [OK] Combined istanbul 2025-03-24
[2025-06-09T19:15:31.140+0200] {logging_mixin.py:188} INFO - [OK] Combined istanbul 2025-03-25
[2025-06-09T19:15:31.455+0200] {logging_mixin.py:188} INFO - [OK] Combined istanbul 2025-03-27
[2025-06-09T19:15:31.786+0200] {logging_mixin.py:188} INFO - [OK] Combined istanbul 2025-03-28
[2025-06-09T19:15:32.160+0200] {logging_mixin.py:188} INFO - [OK] Combined istanbul 2025-03-29
[2025-06-09T19:15:32.494+0200] {logging_mixin.py:188} INFO - [OK] Combined istanbul 2025-04-04
[2025-06-09T19:15:32.786+0200] {logging_mixin.py:188} INFO - [OK] Combined istanbul 2025-04-06
[2025-06-09T19:15:33.093+0200] {logging_mixin.py:188} INFO - [OK] Combined istanbul 2025-04-07
[2025-06-09T19:15:33.386+0200] {logging_mixin.py:188} INFO - [OK] Combined istanbul 2025-04-08
[2025-06-09T19:15:33.689+0200] {logging_mixin.py:188} INFO - [OK] Combined istanbul 2025-04-09
[2025-06-09T19:15:34.013+0200] {logging_mixin.py:188} INFO - [OK] Combined istanbul 2025-04-10
[2025-06-09T19:15:34.323+0200] {logging_mixin.py:188} INFO - [OK] Combined istanbul 2025-04-11
[2025-06-09T19:15:34.621+0200] {logging_mixin.py:188} INFO - [OK] Combined istanbul 2025-04-12
[2025-06-09T19:15:34.907+0200] {logging_mixin.py:188} INFO - [OK] Combined istanbul 2025-04-13
[2025-06-09T19:15:35.198+0200] {logging_mixin.py:188} INFO - [OK] Combined istanbul 2025-04-14
[2025-06-09T19:15:35.509+0200] {logging_mixin.py:188} INFO - [OK] Combined istanbul 2025-04-15
[2025-06-09T19:15:35.806+0200] {logging_mixin.py:188} INFO - [OK] Combined istanbul 2025-04-16
[2025-06-09T19:15:36.106+0200] {logging_mixin.py:188} INFO - [OK] Combined istanbul 2025-04-17
[2025-06-09T19:15:36.424+0200] {logging_mixin.py:188} INFO - [OK] Combined istanbul 2025-04-18
[2025-06-09T19:15:36.706+0200] {logging_mixin.py:188} INFO - [OK] Combined istanbul 2025-04-20
[2025-06-09T19:15:37.011+0200] {logging_mixin.py:188} INFO - [OK] Combined istanbul 2025-04-21
[2025-06-09T19:15:37.313+0200] {logging_mixin.py:188} INFO - [OK] Combined istanbul 2025-04-22
[2025-06-09T19:15:37.613+0200] {logging_mixin.py:188} INFO - [OK] Combined istanbul 2025-04-23
[2025-06-09T19:15:37.924+0200] {logging_mixin.py:188} INFO - [OK] Combined istanbul 2025-04-24
[2025-06-09T19:15:38.232+0200] {logging_mixin.py:188} INFO - [OK] Combined istanbul 2025-04-25
[2025-06-09T19:15:38.523+0200] {logging_mixin.py:188} INFO - [OK] Combined istanbul 2025-04-26
[2025-06-09T19:15:38.820+0200] {logging_mixin.py:188} INFO - [OK] Combined istanbul 2025-04-27
[2025-06-09T19:15:39.110+0200] {logging_mixin.py:188} INFO - [OK] Combined istanbul 2025-04-28
[2025-06-09T19:15:39.415+0200] {logging_mixin.py:188} INFO - [OK] Combined istanbul 2025-04-29
[2025-06-09T19:15:39.711+0200] {logging_mixin.py:188} INFO - [OK] Combined istanbul 2025-04-30
[2025-06-09T19:15:40.011+0200] {logging_mixin.py:188} INFO - [OK] Combined istanbul 2025-05-01
[2025-06-09T19:15:40.309+0200] {logging_mixin.py:188} INFO - [OK] Combined istanbul 2025-05-02
[2025-06-09T19:15:40.596+0200] {logging_mixin.py:188} INFO - [OK] Combined istanbul 2025-05-03
[2025-06-09T19:15:40.899+0200] {logging_mixin.py:188} INFO - [OK] Combined istanbul 2025-05-04
[2025-06-09T19:15:41.193+0200] {logging_mixin.py:188} INFO - [OK] Combined istanbul 2025-05-05
[2025-06-09T19:15:41.511+0200] {logging_mixin.py:188} INFO - [OK] Combined istanbul 2025-05-06
[2025-06-09T19:15:41.843+0200] {logging_mixin.py:188} INFO - [OK] Combined istanbul 2025-05-07
[2025-06-09T19:15:42.198+0200] {logging_mixin.py:188} INFO - [OK] Combined istanbul 2025-05-08
[2025-06-09T19:15:42.573+0200] {logging_mixin.py:188} INFO - [OK] Combined istanbul 2025-05-09
[2025-06-09T19:15:43.284+0200] {logging_mixin.py:188} INFO - [OK] Combined istanbul 2025-05-10
[2025-06-09T19:15:43.601+0200] {logging_mixin.py:188} INFO - [OK] Combined istanbul 2025-05-11
[2025-06-09T19:15:43.932+0200] {logging_mixin.py:188} INFO - [OK] Combined istanbul 2025-05-12
[2025-06-09T19:15:44.247+0200] {logging_mixin.py:188} INFO - [OK] Combined istanbul 2025-05-13
[2025-06-09T19:15:44.548+0200] {logging_mixin.py:188} INFO - [OK] Combined istanbul 2025-05-14
[2025-06-09T19:15:44.851+0200] {logging_mixin.py:188} INFO - [OK] Combined istanbul 2025-05-15
[2025-06-09T19:15:45.169+0200] {logging_mixin.py:188} INFO - [OK] Combined istanbul 2025-05-16
[2025-06-09T19:15:45.503+0200] {logging_mixin.py:188} INFO - [OK] Combined istanbul 2025-05-17
[2025-06-09T19:15:45.802+0200] {logging_mixin.py:188} INFO - [OK] Combined istanbul 2025-05-18
[2025-06-09T19:15:46.098+0200] {logging_mixin.py:188} INFO - [OK] Combined istanbul 2025-05-19
[2025-06-09T19:15:46.383+0200] {logging_mixin.py:188} INFO - [OK] Combined istanbul 2025-05-20
[2025-06-09T19:15:46.669+0200] {logging_mixin.py:188} INFO - [OK] Combined istanbul 2025-05-21
[2025-06-09T19:15:46.968+0200] {logging_mixin.py:188} INFO - [OK] Combined istanbul 2025-05-22
[2025-06-09T19:15:47.335+0200] {logging_mixin.py:188} INFO - [OK] Combined istanbul 2025-05-23
[2025-06-09T19:15:47.625+0200] {logging_mixin.py:188} INFO - [OK] Combined istanbul 2025-05-24
[2025-06-09T19:15:47.918+0200] {logging_mixin.py:188} INFO - [OK] Combined istanbul 2025-05-25
[2025-06-09T19:15:48.211+0200] {logging_mixin.py:188} INFO - [OK] Combined istanbul 2025-05-26
[2025-06-09T19:15:48.539+0200] {logging_mixin.py:188} INFO - [OK] Combined istanbul 2025-05-27
[2025-06-09T19:15:48.832+0200] {logging_mixin.py:188} INFO - [OK] Combined istanbul 2025-05-28
[2025-06-09T19:15:49.139+0200] {logging_mixin.py:188} INFO - [OK] Combined istanbul 2025-05-29
[2025-06-09T19:15:49.427+0200] {logging_mixin.py:188} INFO - [OK] Combined istanbul 2025-05-30
[2025-06-09T19:15:49.721+0200] {logging_mixin.py:188} INFO - [OK] Combined istanbul 2025-05-31
[2025-06-09T19:15:50.074+0200] {logging_mixin.py:188} INFO - [OK] Combined istanbul 2025-06-01
[2025-06-09T19:15:50.402+0200] {logging_mixin.py:188} INFO - [OK] Combined istanbul 2025-06-02
[2025-06-09T19:15:50.739+0200] {logging_mixin.py:188} INFO - [OK] Combined istanbul 2025-06-03
[2025-06-09T19:15:51.133+0200] {logging_mixin.py:188} INFO - [OK] Combined istanbul 2025-06-04
[2025-06-09T19:15:51.511+0200] {logging_mixin.py:188} INFO - [OK] Combined istanbul 2025-06-05
[2025-06-09T19:15:51.511+0200] {logging_mixin.py:188} INFO - [COMBINING] City: moscow
[2025-06-09T19:15:51.869+0200] {logging_mixin.py:188} INFO - [OK] Combined moscow 2024-06-01
[2025-06-09T19:15:52.230+0200] {logging_mixin.py:188} INFO - [OK] Combined moscow 2024-06-02
[2025-06-09T19:15:52.570+0200] {logging_mixin.py:188} INFO - [OK] Combined moscow 2024-06-03
[2025-06-09T19:15:52.924+0200] {logging_mixin.py:188} INFO - [OK] Combined moscow 2024-06-04
[2025-06-09T19:15:53.267+0200] {logging_mixin.py:188} INFO - [OK] Combined moscow 2024-06-05
[2025-06-09T19:15:53.603+0200] {logging_mixin.py:188} INFO - [OK] Combined moscow 2024-06-06
[2025-06-09T19:15:53.965+0200] {logging_mixin.py:188} INFO - [OK] Combined moscow 2024-06-07
[2025-06-09T19:15:54.338+0200] {logging_mixin.py:188} INFO - [OK] Combined moscow 2024-06-08
[2025-06-09T19:15:54.741+0200] {logging_mixin.py:188} INFO - [OK] Combined moscow 2024-06-09
[2025-06-09T19:15:55.093+0200] {logging_mixin.py:188} INFO - [OK] Combined moscow 2024-06-10
[2025-06-09T19:15:55.467+0200] {logging_mixin.py:188} INFO - [OK] Combined moscow 2024-06-11
[2025-06-09T19:15:55.812+0200] {logging_mixin.py:188} INFO - [OK] Combined moscow 2024-06-12
[2025-06-09T19:15:56.180+0200] {logging_mixin.py:188} INFO - [OK] Combined moscow 2024-06-13
[2025-06-09T19:15:56.552+0200] {logging_mixin.py:188} INFO - [OK] Combined moscow 2024-06-14
[2025-06-09T19:15:57.040+0200] {logging_mixin.py:188} INFO - [OK] Combined moscow 2024-06-15
[2025-06-09T19:15:57.713+0200] {logging_mixin.py:188} INFO - [OK] Combined moscow 2024-06-17
[2025-06-09T19:15:59.025+0200] {logging_mixin.py:188} INFO - [OK] Combined moscow 2024-06-18
[2025-06-09T19:16:00.291+0200] {logging_mixin.py:188} INFO - [OK] Combined moscow 2024-06-19
[2025-06-09T19:16:00.824+0200] {logging_mixin.py:188} INFO - [OK] Combined moscow 2024-06-20
[2025-06-09T19:16:01.334+0200] {logging_mixin.py:188} INFO - [OK] Combined moscow 2024-06-21
[2025-06-09T19:16:01.776+0200] {logging_mixin.py:188} INFO - [OK] Combined moscow 2024-06-22
[2025-06-09T19:16:02.227+0200] {logging_mixin.py:188} INFO - [OK] Combined moscow 2024-06-23
[2025-06-09T19:16:02.709+0200] {logging_mixin.py:188} INFO - [OK] Combined moscow 2024-06-24
[2025-06-09T19:16:03.124+0200] {logging_mixin.py:188} INFO - [OK] Combined moscow 2024-06-25
[2025-06-09T19:16:03.508+0200] {logging_mixin.py:188} INFO - [OK] Combined moscow 2024-06-26
[2025-06-09T19:16:03.919+0200] {logging_mixin.py:188} INFO - [OK] Combined moscow 2024-06-27
[2025-06-09T19:16:04.335+0200] {logging_mixin.py:188} INFO - [OK] Combined moscow 2024-06-28
[2025-06-09T19:16:04.801+0200] {logging_mixin.py:188} INFO - [OK] Combined moscow 2024-06-29
[2025-06-09T19:16:05.190+0200] {logging_mixin.py:188} INFO - [OK] Combined moscow 2024-06-30
[2025-06-09T19:16:05.474+0200] {logging_mixin.py:188} INFO - [OK] Combined moscow 2024-07-01
[2025-06-09T19:16:05.747+0200] {logging_mixin.py:188} INFO - [OK] Combined moscow 2024-07-02
[2025-06-09T19:16:06.028+0200] {logging_mixin.py:188} INFO - [OK] Combined moscow 2024-07-03
[2025-06-09T19:16:06.317+0200] {logging_mixin.py:188} INFO - [OK] Combined moscow 2024-07-04
[2025-06-09T19:16:06.655+0200] {logging_mixin.py:188} INFO - [OK] Combined moscow 2024-07-05
[2025-06-09T19:16:06.946+0200] {logging_mixin.py:188} INFO - [OK] Combined moscow 2024-07-06
[2025-06-09T19:16:07.228+0200] {logging_mixin.py:188} INFO - [OK] Combined moscow 2024-07-07
[2025-06-09T19:16:07.520+0200] {logging_mixin.py:188} INFO - [OK] Combined moscow 2024-07-08
[2025-06-09T19:16:07.801+0200] {logging_mixin.py:188} INFO - [OK] Combined moscow 2024-07-09
[2025-06-09T19:16:08.076+0200] {logging_mixin.py:188} INFO - [OK] Combined moscow 2024-07-10
[2025-06-09T19:16:08.361+0200] {logging_mixin.py:188} INFO - [OK] Combined moscow 2024-07-11
[2025-06-09T19:16:08.638+0200] {logging_mixin.py:188} INFO - [OK] Combined moscow 2024-07-12
[2025-06-09T19:16:08.914+0200] {logging_mixin.py:188} INFO - [OK] Combined moscow 2024-07-13
[2025-06-09T19:16:09.196+0200] {logging_mixin.py:188} INFO - [OK] Combined moscow 2024-07-14
[2025-06-09T19:16:09.493+0200] {logging_mixin.py:188} INFO - [OK] Combined moscow 2024-07-15
[2025-06-09T19:16:09.776+0200] {logging_mixin.py:188} INFO - [OK] Combined moscow 2024-07-16
[2025-06-09T19:16:10.060+0200] {logging_mixin.py:188} INFO - [OK] Combined moscow 2024-07-17
[2025-06-09T19:16:10.390+0200] {logging_mixin.py:188} INFO - [OK] Combined moscow 2024-07-18
[2025-06-09T19:16:10.674+0200] {logging_mixin.py:188} INFO - [OK] Combined moscow 2024-07-19
[2025-06-09T19:16:10.958+0200] {logging_mixin.py:188} INFO - [OK] Combined moscow 2024-07-20
[2025-06-09T19:16:11.241+0200] {logging_mixin.py:188} INFO - [OK] Combined moscow 2024-07-21
[2025-06-09T19:16:11.539+0200] {logging_mixin.py:188} INFO - [OK] Combined moscow 2024-07-24
[2025-06-09T19:16:11.835+0200] {logging_mixin.py:188} INFO - [OK] Combined moscow 2024-07-25
[2025-06-09T19:16:12.138+0200] {logging_mixin.py:188} INFO - [OK] Combined moscow 2024-07-26
[2025-06-09T19:16:12.447+0200] {logging_mixin.py:188} INFO - [OK] Combined moscow 2024-07-27
[2025-06-09T19:16:12.769+0200] {logging_mixin.py:188} INFO - [OK] Combined moscow 2024-07-28
[2025-06-09T19:16:13.171+0200] {logging_mixin.py:188} INFO - [OK] Combined moscow 2024-07-29
[2025-06-09T19:16:13.985+0200] {logging_mixin.py:188} INFO - [OK] Combined moscow 2024-07-30
[2025-06-09T19:16:14.363+0200] {logging_mixin.py:188} INFO - [OK] Combined moscow 2024-07-31
[2025-06-09T19:16:14.701+0200] {logging_mixin.py:188} INFO - [OK] Combined moscow 2024-08-01
[2025-06-09T19:16:15.028+0200] {logging_mixin.py:188} INFO - [OK] Combined moscow 2024-08-02
[2025-06-09T19:16:15.348+0200] {logging_mixin.py:188} INFO - [OK] Combined moscow 2024-08-03
[2025-06-09T19:16:15.650+0200] {logging_mixin.py:188} INFO - [OK] Combined moscow 2024-08-04
[2025-06-09T19:16:15.940+0200] {logging_mixin.py:188} INFO - [OK] Combined moscow 2024-08-05
[2025-06-09T19:16:16.240+0200] {logging_mixin.py:188} INFO - [OK] Combined moscow 2024-08-06
[2025-06-09T19:16:16.527+0200] {logging_mixin.py:188} INFO - [OK] Combined moscow 2024-08-07
[2025-06-09T19:16:16.813+0200] {logging_mixin.py:188} INFO - [OK] Combined moscow 2024-08-08
[2025-06-09T19:16:17.096+0200] {logging_mixin.py:188} INFO - [OK] Combined moscow 2024-08-09
[2025-06-09T19:16:17.381+0200] {logging_mixin.py:188} INFO - [OK] Combined moscow 2024-08-10
[2025-06-09T19:16:17.660+0200] {logging_mixin.py:188} INFO - [OK] Combined moscow 2024-08-11
[2025-06-09T19:16:17.945+0200] {logging_mixin.py:188} INFO - [OK] Combined moscow 2024-08-12
[2025-06-09T19:16:18.239+0200] {logging_mixin.py:188} INFO - [OK] Combined moscow 2024-08-13
[2025-06-09T19:16:18.520+0200] {logging_mixin.py:188} INFO - [OK] Combined moscow 2024-08-14
[2025-06-09T19:16:18.795+0200] {logging_mixin.py:188} INFO - [OK] Combined moscow 2024-08-15
[2025-06-09T19:16:19.081+0200] {logging_mixin.py:188} INFO - [OK] Combined moscow 2024-08-16
[2025-06-09T19:16:19.369+0200] {logging_mixin.py:188} INFO - [OK] Combined moscow 2024-08-17
[2025-06-09T19:16:19.646+0200] {logging_mixin.py:188} INFO - [OK] Combined moscow 2024-08-18
[2025-06-09T19:16:19.922+0200] {logging_mixin.py:188} INFO - [OK] Combined moscow 2024-08-19
[2025-06-09T19:16:20.210+0200] {logging_mixin.py:188} INFO - [OK] Combined moscow 2024-08-20
[2025-06-09T19:16:20.496+0200] {logging_mixin.py:188} INFO - [OK] Combined moscow 2024-08-21
[2025-06-09T19:16:20.770+0200] {logging_mixin.py:188} INFO - [OK] Combined moscow 2024-08-22
[2025-06-09T19:16:21.049+0200] {logging_mixin.py:188} INFO - [OK] Combined moscow 2024-08-23
[2025-06-09T19:16:21.333+0200] {logging_mixin.py:188} INFO - [OK] Combined moscow 2024-08-24
[2025-06-09T19:16:21.619+0200] {logging_mixin.py:188} INFO - [OK] Combined moscow 2024-08-25
[2025-06-09T19:16:21.923+0200] {logging_mixin.py:188} INFO - [OK] Combined moscow 2024-08-26
[2025-06-09T19:16:22.223+0200] {logging_mixin.py:188} INFO - [OK] Combined moscow 2024-08-27
[2025-06-09T19:16:22.509+0200] {logging_mixin.py:188} INFO - [OK] Combined moscow 2024-08-28
[2025-06-09T19:16:22.812+0200] {logging_mixin.py:188} INFO - [OK] Combined moscow 2024-08-29
[2025-06-09T19:16:23.115+0200] {logging_mixin.py:188} INFO - [OK] Combined moscow 2024-08-30
[2025-06-09T19:16:23.405+0200] {logging_mixin.py:188} INFO - [OK] Combined moscow 2024-08-31
[2025-06-09T19:16:23.706+0200] {logging_mixin.py:188} INFO - [OK] Combined moscow 2024-09-01
[2025-06-09T19:16:24.052+0200] {logging_mixin.py:188} INFO - [OK] Combined moscow 2024-09-02
[2025-06-09T19:16:24.409+0200] {logging_mixin.py:188} INFO - [OK] Combined moscow 2024-09-03
[2025-06-09T19:16:24.743+0200] {logging_mixin.py:188} INFO - [OK] Combined moscow 2024-09-04
[2025-06-09T19:16:25.120+0200] {logging_mixin.py:188} INFO - [OK] Combined moscow 2024-09-05
[2025-06-09T19:16:25.435+0200] {logging_mixin.py:188} INFO - [OK] Combined moscow 2024-09-06
[2025-06-09T19:16:25.776+0200] {logging_mixin.py:188} INFO - [OK] Combined moscow 2024-09-07
[2025-06-09T19:16:26.080+0200] {logging_mixin.py:188} INFO - [OK] Combined moscow 2024-09-08
[2025-06-09T19:16:26.382+0200] {logging_mixin.py:188} INFO - [OK] Combined moscow 2024-09-10
[2025-06-09T19:16:26.662+0200] {logging_mixin.py:188} INFO - [OK] Combined moscow 2024-09-11
[2025-06-09T19:16:26.956+0200] {logging_mixin.py:188} INFO - [OK] Combined moscow 2024-09-12
[2025-06-09T19:16:27.274+0200] {logging_mixin.py:188} INFO - [OK] Combined moscow 2024-09-13
[2025-06-09T19:16:27.663+0200] {logging_mixin.py:188} INFO - [OK] Combined moscow 2024-09-14
[2025-06-09T19:16:28.197+0200] {logging_mixin.py:188} INFO - [OK] Combined moscow 2024-09-15
[2025-06-09T19:16:29.456+0200] {logging_mixin.py:188} INFO - [OK] Combined moscow 2024-09-16
[2025-06-09T19:16:30.652+0200] {logging_mixin.py:188} INFO - [OK] Combined moscow 2024-09-17
[2025-06-09T19:16:31.153+0200] {logging_mixin.py:188} INFO - [OK] Combined moscow 2024-09-18
[2025-06-09T19:16:32.377+0200] {logging_mixin.py:188} INFO - [OK] Combined moscow 2024-09-19
[2025-06-09T19:16:32.930+0200] {logging_mixin.py:188} INFO - [OK] Combined moscow 2024-09-20
[2025-06-09T19:16:33.667+0200] {logging_mixin.py:188} INFO - [OK] Combined moscow 2024-09-21
[2025-06-09T19:16:34.327+0200] {logging_mixin.py:188} INFO - [OK] Combined moscow 2024-09-22
[2025-06-09T19:16:34.948+0200] {logging_mixin.py:188} INFO - [OK] Combined moscow 2024-09-23
[2025-06-09T19:16:35.532+0200] {logging_mixin.py:188} INFO - [OK] Combined moscow 2024-09-24
[2025-06-09T19:16:36.140+0200] {logging_mixin.py:188} INFO - [OK] Combined moscow 2024-09-25
[2025-06-09T19:16:36.715+0200] {logging_mixin.py:188} INFO - [OK] Combined moscow 2024-09-26
[2025-06-09T19:16:37.294+0200] {logging_mixin.py:188} INFO - [OK] Combined moscow 2024-09-27
[2025-06-09T19:16:37.828+0200] {logging_mixin.py:188} INFO - [OK] Combined moscow 2024-09-28
[2025-06-09T19:16:38.339+0200] {logging_mixin.py:188} INFO - [OK] Combined moscow 2024-09-29
[2025-06-09T19:16:38.833+0200] {logging_mixin.py:188} INFO - [OK] Combined moscow 2024-09-30
[2025-06-09T19:16:39.242+0200] {logging_mixin.py:188} INFO - [OK] Combined moscow 2024-10-01
[2025-06-09T19:16:39.566+0200] {logging_mixin.py:188} INFO - [OK] Combined moscow 2024-10-02
[2025-06-09T19:16:39.852+0200] {logging_mixin.py:188} INFO - [OK] Combined moscow 2024-10-03
[2025-06-09T19:16:40.138+0200] {logging_mixin.py:188} INFO - [OK] Combined moscow 2024-10-04
[2025-06-09T19:16:40.421+0200] {logging_mixin.py:188} INFO - [OK] Combined moscow 2024-10-05
[2025-06-09T19:16:40.711+0200] {logging_mixin.py:188} INFO - [OK] Combined moscow 2024-10-06
[2025-06-09T19:16:41.004+0200] {logging_mixin.py:188} INFO - [OK] Combined moscow 2024-10-07
[2025-06-09T19:16:41.294+0200] {logging_mixin.py:188} INFO - [OK] Combined moscow 2024-10-08
[2025-06-09T19:16:41.645+0200] {logging_mixin.py:188} INFO - [OK] Combined moscow 2024-10-09
[2025-06-09T19:16:41.964+0200] {logging_mixin.py:188} INFO - [OK] Combined moscow 2024-10-10
[2025-06-09T19:16:42.290+0200] {logging_mixin.py:188} INFO - [OK] Combined moscow 2024-10-11
[2025-06-09T19:16:42.613+0200] {logging_mixin.py:188} INFO - [OK] Combined moscow 2024-10-12
[2025-06-09T19:16:42.944+0200] {logging_mixin.py:188} INFO - [OK] Combined moscow 2024-10-13
[2025-06-09T19:16:43.315+0200] {logging_mixin.py:188} INFO - [OK] Combined moscow 2024-10-14
[2025-06-09T19:16:43.725+0200] {logging_mixin.py:188} INFO - [OK] Combined moscow 2024-10-15
[2025-06-09T19:16:44.162+0200] {logging_mixin.py:188} INFO - [OK] Combined moscow 2024-10-16
[2025-06-09T19:16:45.319+0200] {logging_mixin.py:188} INFO - [OK] Combined moscow 2024-10-17
[2025-06-09T19:16:45.792+0200] {logging_mixin.py:188} INFO - [OK] Combined moscow 2024-10-18
[2025-06-09T19:16:46.145+0200] {logging_mixin.py:188} INFO - [OK] Combined moscow 2024-10-19
[2025-06-09T19:16:46.488+0200] {logging_mixin.py:188} INFO - [OK] Combined moscow 2024-10-20
[2025-06-09T19:16:46.808+0200] {logging_mixin.py:188} INFO - [OK] Combined moscow 2024-10-21
[2025-06-09T19:16:47.189+0200] {logging_mixin.py:188} INFO - [OK] Combined moscow 2024-10-22
[2025-06-09T19:16:47.541+0200] {logging_mixin.py:188} INFO - [OK] Combined moscow 2024-10-23
[2025-06-09T19:16:47.874+0200] {logging_mixin.py:188} INFO - [OK] Combined moscow 2024-10-24
[2025-06-09T19:16:48.219+0200] {logging_mixin.py:188} INFO - [OK] Combined moscow 2024-10-25
[2025-06-09T19:16:48.536+0200] {logging_mixin.py:188} INFO - [OK] Combined moscow 2024-10-26
[2025-06-09T19:16:48.860+0200] {logging_mixin.py:188} INFO - [OK] Combined moscow 2024-10-27
[2025-06-09T19:16:49.182+0200] {logging_mixin.py:188} INFO - [OK] Combined moscow 2024-10-28
[2025-06-09T19:16:49.486+0200] {logging_mixin.py:188} INFO - [OK] Combined moscow 2024-10-29
[2025-06-09T19:16:49.779+0200] {logging_mixin.py:188} INFO - [OK] Combined moscow 2024-10-30
[2025-06-09T19:16:50.109+0200] {logging_mixin.py:188} INFO - [OK] Combined moscow 2024-10-31
[2025-06-09T19:16:50.405+0200] {logging_mixin.py:188} INFO - [OK] Combined moscow 2024-11-01
[2025-06-09T19:16:50.705+0200] {logging_mixin.py:188} INFO - [OK] Combined moscow 2024-11-02
[2025-06-09T19:16:51.013+0200] {logging_mixin.py:188} INFO - [OK] Combined moscow 2024-11-03
[2025-06-09T19:16:51.321+0200] {logging_mixin.py:188} INFO - [OK] Combined moscow 2024-11-04
[2025-06-09T19:16:51.628+0200] {logging_mixin.py:188} INFO - [OK] Combined moscow 2024-11-05
[2025-06-09T19:16:51.974+0200] {logging_mixin.py:188} INFO - [OK] Combined moscow 2024-11-06
[2025-06-09T19:16:52.279+0200] {logging_mixin.py:188} INFO - [OK] Combined moscow 2024-11-07
[2025-06-09T19:16:52.655+0200] {logging_mixin.py:188} INFO - [OK] Combined moscow 2024-11-08
[2025-06-09T19:16:52.974+0200] {logging_mixin.py:188} INFO - [OK] Combined moscow 2024-11-09
[2025-06-09T19:16:53.280+0200] {logging_mixin.py:188} INFO - [OK] Combined moscow 2024-11-10
[2025-06-09T19:16:53.623+0200] {logging_mixin.py:188} INFO - [OK] Combined moscow 2024-11-11
[2025-06-09T19:16:53.962+0200] {logging_mixin.py:188} INFO - [OK] Combined moscow 2024-11-12
[2025-06-09T19:16:54.281+0200] {logging_mixin.py:188} INFO - [OK] Combined moscow 2024-11-13
[2025-06-09T19:16:54.611+0200] {logging_mixin.py:188} INFO - [OK] Combined moscow 2024-11-14
[2025-06-09T19:16:54.960+0200] {logging_mixin.py:188} INFO - [OK] Combined moscow 2024-11-15
[2025-06-09T19:16:55.320+0200] {logging_mixin.py:188} INFO - [OK] Combined moscow 2024-11-16
[2025-06-09T19:16:55.649+0200] {logging_mixin.py:188} INFO - [OK] Combined moscow 2024-11-17
[2025-06-09T19:16:55.978+0200] {logging_mixin.py:188} INFO - [OK] Combined moscow 2024-11-18
[2025-06-09T19:16:56.312+0200] {logging_mixin.py:188} INFO - [OK] Combined moscow 2024-11-19
[2025-06-09T19:16:56.658+0200] {logging_mixin.py:188} INFO - [OK] Combined moscow 2024-11-20
[2025-06-09T19:16:56.986+0200] {logging_mixin.py:188} INFO - [OK] Combined moscow 2024-11-21
[2025-06-09T19:16:57.318+0200] {logging_mixin.py:188} INFO - [OK] Combined moscow 2024-11-22
[2025-06-09T19:16:57.639+0200] {logging_mixin.py:188} INFO - [OK] Combined moscow 2024-11-23
[2025-06-09T19:16:57.980+0200] {logging_mixin.py:188} INFO - [OK] Combined moscow 2024-11-24
[2025-06-09T19:16:58.347+0200] {logging_mixin.py:188} INFO - [OK] Combined moscow 2024-11-25
[2025-06-09T19:16:58.785+0200] {logging_mixin.py:188} INFO - [OK] Combined moscow 2024-11-26
[2025-06-09T19:16:59.166+0200] {logging_mixin.py:188} INFO - [OK] Combined moscow 2024-11-27
[2025-06-09T19:17:00.354+0200] {logging_mixin.py:188} INFO - [OK] Combined moscow 2024-11-28
[2025-06-09T19:17:01.667+0200] {logging_mixin.py:188} INFO - [OK] Combined moscow 2024-11-29
[2025-06-09T19:17:02.377+0200] {logging_mixin.py:188} INFO - [OK] Combined moscow 2024-11-30
[2025-06-09T19:17:03.183+0200] {logging_mixin.py:188} INFO - [OK] Combined moscow 2024-12-01
[2025-06-09T19:17:03.989+0200] {logging_mixin.py:188} INFO - [OK] Combined moscow 2024-12-02
[2025-06-09T19:17:05.311+0200] {logging_mixin.py:188} INFO - [OK] Combined moscow 2024-12-03
[2025-06-09T19:17:05.897+0200] {logging_mixin.py:188} INFO - [OK] Combined moscow 2024-12-04
[2025-06-09T19:17:06.465+0200] {logging_mixin.py:188} INFO - [OK] Combined moscow 2024-12-05
[2025-06-09T19:17:06.973+0200] {logging_mixin.py:188} INFO - [OK] Combined moscow 2024-12-06
[2025-06-09T19:17:07.416+0200] {logging_mixin.py:188} INFO - [OK] Combined moscow 2024-12-07
[2025-06-09T19:17:07.867+0200] {logging_mixin.py:188} INFO - [OK] Combined moscow 2024-12-08
[2025-06-09T19:17:08.285+0200] {logging_mixin.py:188} INFO - [OK] Combined moscow 2024-12-09
[2025-06-09T19:17:08.674+0200] {logging_mixin.py:188} INFO - [OK] Combined moscow 2024-12-10
[2025-06-09T19:17:09.045+0200] {logging_mixin.py:188} INFO - [OK] Combined moscow 2024-12-11
[2025-06-09T19:17:09.434+0200] {logging_mixin.py:188} INFO - [OK] Combined moscow 2024-12-12
[2025-06-09T19:17:09.837+0200] {logging_mixin.py:188} INFO - [OK] Combined moscow 2024-12-13
[2025-06-09T19:17:10.225+0200] {logging_mixin.py:188} INFO - [OK] Combined moscow 2024-12-14
[2025-06-09T19:17:10.629+0200] {logging_mixin.py:188} INFO - [OK] Combined moscow 2024-12-15
[2025-06-09T19:17:11.013+0200] {logging_mixin.py:188} INFO - [OK] Combined moscow 2024-12-16
[2025-06-09T19:17:11.396+0200] {logging_mixin.py:188} INFO - [OK] Combined moscow 2024-12-17
[2025-06-09T19:17:11.775+0200] {logging_mixin.py:188} INFO - [OK] Combined moscow 2024-12-18
[2025-06-09T19:17:12.180+0200] {logging_mixin.py:188} INFO - [OK] Combined moscow 2024-12-19
[2025-06-09T19:17:12.564+0200] {logging_mixin.py:188} INFO - [OK] Combined moscow 2024-12-20
[2025-06-09T19:17:12.967+0200] {logging_mixin.py:188} INFO - [OK] Combined moscow 2024-12-21
[2025-06-09T19:17:13.270+0200] {logging_mixin.py:188} INFO - [OK] Combined moscow 2024-12-22
[2025-06-09T19:17:13.599+0200] {logging_mixin.py:188} INFO - [OK] Combined moscow 2024-12-23
[2025-06-09T19:17:13.906+0200] {logging_mixin.py:188} INFO - [OK] Combined moscow 2024-12-24
[2025-06-09T19:17:14.208+0200] {logging_mixin.py:188} INFO - [OK] Combined moscow 2024-12-25
[2025-06-09T19:17:14.502+0200] {logging_mixin.py:188} INFO - [OK] Combined moscow 2024-12-26
[2025-06-09T19:17:14.808+0200] {logging_mixin.py:188} INFO - [OK] Combined moscow 2024-12-27
[2025-06-09T19:17:15.106+0200] {logging_mixin.py:188} INFO - [OK] Combined moscow 2024-12-28
[2025-06-09T19:17:15.404+0200] {logging_mixin.py:188} INFO - [OK] Combined moscow 2024-12-29
[2025-06-09T19:17:15.717+0200] {logging_mixin.py:188} INFO - [OK] Combined moscow 2024-12-30
[2025-06-09T19:17:16.019+0200] {logging_mixin.py:188} INFO - [OK] Combined moscow 2024-12-31
[2025-06-09T19:17:16.334+0200] {logging_mixin.py:188} INFO - [OK] Combined moscow 2025-01-01
[2025-06-09T19:17:16.667+0200] {logging_mixin.py:188} INFO - [OK] Combined moscow 2025-01-02
[2025-06-09T19:17:17.020+0200] {logging_mixin.py:188} INFO - [OK] Combined moscow 2025-01-03
[2025-06-09T19:17:17.381+0200] {logging_mixin.py:188} INFO - [OK] Combined moscow 2025-01-04
[2025-06-09T19:17:17.712+0200] {logging_mixin.py:188} INFO - [OK] Combined moscow 2025-01-05
[2025-06-09T19:17:18.026+0200] {logging_mixin.py:188} INFO - [OK] Combined moscow 2025-01-06
[2025-06-09T19:17:18.343+0200] {logging_mixin.py:188} INFO - [OK] Combined moscow 2025-01-07
[2025-06-09T19:17:18.675+0200] {logging_mixin.py:188} INFO - [OK] Combined moscow 2025-01-08
[2025-06-09T19:17:19.003+0200] {logging_mixin.py:188} INFO - [OK] Combined moscow 2025-01-09
[2025-06-09T19:17:19.329+0200] {logging_mixin.py:188} INFO - [OK] Combined moscow 2025-01-10
[2025-06-09T19:17:19.663+0200] {logging_mixin.py:188} INFO - [OK] Combined moscow 2025-01-11
[2025-06-09T19:17:19.971+0200] {logging_mixin.py:188} INFO - [OK] Combined moscow 2025-01-12
[2025-06-09T19:17:20.285+0200] {logging_mixin.py:188} INFO - [OK] Combined moscow 2025-01-13
[2025-06-09T19:17:20.609+0200] {logging_mixin.py:188} INFO - [OK] Combined moscow 2025-01-14
[2025-06-09T19:17:20.957+0200] {logging_mixin.py:188} INFO - [OK] Combined moscow 2025-01-15
[2025-06-09T19:17:21.400+0200] {logging_mixin.py:188} INFO - [OK] Combined moscow 2025-01-16
[2025-06-09T19:17:21.719+0200] {logging_mixin.py:188} INFO - [OK] Combined moscow 2025-01-17
[2025-06-09T19:17:22.039+0200] {logging_mixin.py:188} INFO - [OK] Combined moscow 2025-01-18
[2025-06-09T19:17:22.358+0200] {logging_mixin.py:188} INFO - [OK] Combined moscow 2025-01-19
[2025-06-09T19:17:22.716+0200] {logging_mixin.py:188} INFO - [OK] Combined moscow 2025-01-20
[2025-06-09T19:17:23.059+0200] {logging_mixin.py:188} INFO - [OK] Combined moscow 2025-01-21
[2025-06-09T19:17:23.422+0200] {logging_mixin.py:188} INFO - [OK] Combined moscow 2025-01-22
[2025-06-09T19:17:23.728+0200] {logging_mixin.py:188} INFO - [OK] Combined moscow 2025-01-23
[2025-06-09T19:17:24.034+0200] {logging_mixin.py:188} INFO - [OK] Combined moscow 2025-01-24
[2025-06-09T19:17:24.350+0200] {logging_mixin.py:188} INFO - [OK] Combined moscow 2025-01-25
[2025-06-09T19:17:24.672+0200] {logging_mixin.py:188} INFO - [OK] Combined moscow 2025-01-26
[2025-06-09T19:17:24.982+0200] {logging_mixin.py:188} INFO - [OK] Combined moscow 2025-01-27
[2025-06-09T19:17:25.296+0200] {logging_mixin.py:188} INFO - [OK] Combined moscow 2025-01-28
[2025-06-09T19:17:25.661+0200] {logging_mixin.py:188} INFO - [OK] Combined moscow 2025-01-29
[2025-06-09T19:17:25.980+0200] {logging_mixin.py:188} INFO - [OK] Combined moscow 2025-01-30
[2025-06-09T19:17:26.305+0200] {logging_mixin.py:188} INFO - [OK] Combined moscow 2025-01-31
[2025-06-09T19:17:26.611+0200] {logging_mixin.py:188} INFO - [OK] Combined moscow 2025-02-01
[2025-06-09T19:17:26.931+0200] {logging_mixin.py:188} INFO - [OK] Combined moscow 2025-02-02
[2025-06-09T19:17:27.228+0200] {logging_mixin.py:188} INFO - [OK] Combined moscow 2025-02-03
[2025-06-09T19:17:27.600+0200] {logging_mixin.py:188} INFO - [OK] Combined moscow 2025-02-04
[2025-06-09T19:17:27.928+0200] {logging_mixin.py:188} INFO - [OK] Combined moscow 2025-02-05
[2025-06-09T19:17:28.255+0200] {logging_mixin.py:188} INFO - [OK] Combined moscow 2025-02-06
[2025-06-09T19:17:28.579+0200] {logging_mixin.py:188} INFO - [OK] Combined moscow 2025-02-07
[2025-06-09T19:17:28.894+0200] {logging_mixin.py:188} INFO - [OK] Combined moscow 2025-02-08
[2025-06-09T19:17:29.208+0200] {logging_mixin.py:188} INFO - [OK] Combined moscow 2025-02-09
[2025-06-09T19:17:29.533+0200] {logging_mixin.py:188} INFO - [OK] Combined moscow 2025-02-10
[2025-06-09T19:17:29.862+0200] {logging_mixin.py:188} INFO - [OK] Combined moscow 2025-02-11
[2025-06-09T19:17:30.180+0200] {logging_mixin.py:188} INFO - [OK] Combined moscow 2025-02-12
[2025-06-09T19:17:30.514+0200] {logging_mixin.py:188} INFO - [OK] Combined moscow 2025-02-13
[2025-06-09T19:17:30.881+0200] {logging_mixin.py:188} INFO - [OK] Combined moscow 2025-02-14
[2025-06-09T19:17:31.304+0200] {logging_mixin.py:188} INFO - [OK] Combined moscow 2025-02-15
[2025-06-09T19:17:31.829+0200] {logging_mixin.py:188} INFO - [OK] Combined moscow 2025-02-16
[2025-06-09T19:17:32.374+0200] {logging_mixin.py:188} INFO - [OK] Combined moscow 2025-02-17
[2025-06-09T19:17:33.308+0200] {logging_mixin.py:188} INFO - [OK] Combined moscow 2025-02-18
[2025-06-09T19:17:33.531+0200] {local_task_job_runner.py:310} WARNING - State of this instance has been externally set to failed. Terminating instance.
[2025-06-09T19:17:33.532+0200] {local_task_job_runner.py:222} INFO - ::endgroup::
[2025-06-09T19:17:33.546+0200] {process_utils.py:132} INFO - Sending Signals.SIGTERM to group 207944. PIDs of all processes in the group: [207945, 208124, 207944]
[2025-06-09T19:17:33.547+0200] {process_utils.py:87} INFO - Sending the signal Signals.SIGTERM to group 207944
[2025-06-09T19:17:33.548+0200] {taskinstance.py:2607} ERROR - Received SIGTERM. Terminating subprocesses.
[2025-06-09T19:17:33.548+0200] {taskinstance.py:441} INFO - ::group::Post task execution logs
[2025-06-09T19:17:33.611+0200] {clientserver.py:570} INFO - Closing down clientserver connection
[2025-06-09T19:17:33.680+0200] {process_utils.py:80} INFO - Process psutil.Process(pid=207944, status='terminated', exitcode=0, started='19:13:10') (207944) terminated with exit code 0
[2025-06-09T19:17:34.019+0200] {process_utils.py:80} INFO - Process psutil.Process(pid=208124, status='terminated', started='19:13:17') (208124) terminated with exit code None
[2025-06-09T19:17:34.239+0200] {process_utils.py:80} INFO - Process psutil.Process(pid=207945, status='terminated', started='19:13:10') (207945) terminated with exit code None
