[2025-05-31T01:31:36.225+0200] {local_task_job_runner.py:120} INFO - ::group::Pre task execution logs
[2025-05-31T01:31:36.241+0200] {taskinstance.py:2073} INFO - Dependencies all met for dep_context=non-requeueable deps ti=<TaskInstance: inspect_static_parquet_file_dag.inspect_static_parquet manual__2025-05-30T23:31:32.032417+00:00 [queued]>
[2025-05-31T01:31:36.245+0200] {taskinstance.py:2073} INFO - Dependencies all met for dep_context=requeueable deps ti=<TaskInstance: inspect_static_parquet_file_dag.inspect_static_parquet manual__2025-05-30T23:31:32.032417+00:00 [queued]>
[2025-05-31T01:31:36.246+0200] {taskinstance.py:2303} INFO - Starting attempt 1 of 1
[2025-05-31T01:31:36.263+0200] {taskinstance.py:2327} INFO - Executing <Task(PythonOperator): inspect_static_parquet> on 2025-05-30 23:31:32.032417+00:00
[2025-05-31T01:31:36.266+0200] {standard_task_runner.py:63} INFO - Started process 177711 to run task
[2025-05-31T01:31:36.269+0200] {standard_task_runner.py:90} INFO - Running: ['airflow', 'tasks', 'run', 'inspect_static_parquet_file_dag', 'inspect_static_parquet', 'manual__2025-05-30T23:31:32.032417+00:00', '--job-id', '137', '--raw', '--subdir', 'DAGS_FOLDER/inspect_parquet_file.py', '--cfg-path', '/tmp/tmpk7l4w0qm']
[2025-05-31T01:31:36.271+0200] {standard_task_runner.py:91} INFO - Job 137: Subtask inspect_static_parquet
[2025-05-31T01:31:36.314+0200] {task_command.py:426} INFO - Running <TaskInstance: inspect_static_parquet_file_dag.inspect_static_parquet manual__2025-05-30T23:31:32.032417+00:00 [running]> on host DESKTOP-2QS8J6D.
[2025-05-31T01:31:36.390+0200] {taskinstance.py:2644} INFO - Exporting env vars: AIRFLOW_CTX_DAG_OWNER='airflow' AIRFLOW_CTX_DAG_ID='inspect_static_parquet_file_dag' AIRFLOW_CTX_TASK_ID='inspect_static_parquet' AIRFLOW_CTX_EXECUTION_DATE='2025-05-30T23:31:32.032417+00:00' AIRFLOW_CTX_TRY_NUMBER='1' AIRFLOW_CTX_DAG_RUN_ID='manual__2025-05-30T23:31:32.032417+00:00'
[2025-05-31T01:31:36.391+0200] {taskinstance.py:430} INFO - ::endgroup::
[2025-05-31T01:31:45.255+0200] {logging_mixin.py:188} INFO - === Parquet Schema ===
[2025-05-31T01:31:45.269+0200] {logging_mixin.py:188} INFO - root
 |-- co: double (nullable = true)
 |-- no: double (nullable = true)
 |-- no2: double (nullable = true)
 |-- o3: double (nullable = true)
 |-- so2: double (nullable = true)
 |-- pm2_5: double (nullable = true)
 |-- pm10: double (nullable = true)
 |-- nh3: double (nullable = true)
 |-- aqi_mode: long (nullable = true)
 |-- lat: double (nullable = true)
 |-- lon: double (nullable = true)
 |-- date: date (nullable = true)
 |-- city_name: string (nullable = true)
[2025-05-31T01:31:45.269+0200] {logging_mixin.py:188} INFO - === Sample Data ===
[2025-05-31T01:31:47.292+0200] {logging_mixin.py:188} INFO - +------------------+------------------+------------------+-----------------+-------------------+------------------+-----------------+------------------+--------+-------+------+----------+---------+
|co                |no                |no2               |o3               |so2                |pm2_5             |pm10             |nh3               |aqi_mode|lat    |lon   |date      |city_name|
+------------------+------------------+------------------+-----------------+-------------------+------------------+-----------------+------------------+--------+-------+------+----------+---------+
|103.91777777777779|0.5211111111111111|1.8283333333333331|49.03888888888889|0.15944444444444442|2.6705555555555556|4.637222222222222|3.4727777777777775|1       |48.8566|2.3522|2025-05-28|paris    |
+------------------+------------------+------------------+-----------------+-------------------+------------------+-----------------+------------------+--------+-------+------+----------+---------+
[2025-05-31T01:31:47.293+0200] {logging_mixin.py:188} INFO - === Static Parquet File Inspection Completed ===
[2025-05-31T01:31:47.441+0200] {logging_mixin.py:188} INFO - === Parquet Schema ===
[2025-05-31T01:31:47.443+0200] {logging_mixin.py:188} INFO - root
 |-- time: string (nullable = true)
 |-- temperature_2m_max: double (nullable = true)
 |-- temperature_2m_min: double (nullable = true)
 |-- temperature_2m_mean: string (nullable = true)
 |-- precipitation_sum: string (nullable = true)
 |-- snowfall_sum: string (nullable = true)
 |-- cloudcover_mean: string (nullable = true)
 |-- windgusts_10m_max: double (nullable = true)
 |-- winddirection_10m_dominant: string (nullable = true)
 |-- shortwave_radiation_sum: string (nullable = true)
 |-- et0_fao_evapotranspiration: string (nullable = true)
 |-- lat: double (nullable = true)
 |-- lon: double (nullable = true)
 |-- city_name: string (nullable = true)
[2025-05-31T01:31:47.444+0200] {logging_mixin.py:188} INFO - === Sample Data ===
[2025-05-31T01:31:47.784+0200] {logging_mixin.py:188} INFO - +----------+------------------+------------------+-------------------+-----------------+------------+---------------+-----------------+--------------------------+-----------------------+--------------------------+---------+---------+---------+
|time      |temperature_2m_max|temperature_2m_min|temperature_2m_mean|precipitation_sum|snowfall_sum|cloudcover_mean|windgusts_10m_max|winddirection_10m_dominant|shortwave_radiation_sum|et0_fao_evapotranspiration|lat      |lon      |city_name|
+----------+------------------+------------------+-------------------+-----------------+------------+---------------+-----------------+--------------------------+-----------------------+--------------------------+---------+---------+---------+
|2025-05-29|14.4              |13.1              |                   |                 |            |               |15.8             |                          |                       |                          |48.822495|2.2881355|paris    |
+----------+------------------+------------------+-------------------+-----------------+------------+---------------+-----------------+--------------------------+-----------------------+--------------------------+---------+---------+---------+
[2025-05-31T01:31:48.258+0200] {python.py:237} INFO - Done. Returned value was: None
[2025-05-31T01:31:48.259+0200] {taskinstance.py:441} INFO - ::group::Post task execution logs
[2025-05-31T01:31:48.263+0200] {taskinstance.py:1205} INFO - Marking task as SUCCESS. dag_id=inspect_static_parquet_file_dag, task_id=inspect_static_parquet, execution_date=20250530T233132, start_date=20250530T233136, end_date=20250530T233148
[2025-05-31T01:31:48.310+0200] {local_task_job_runner.py:240} INFO - Task exited with return code 0
[2025-05-31T01:31:48.316+0200] {taskinstance.py:3482} INFO - 0 downstream tasks scheduled from follow-on schedule check
[2025-05-31T01:31:48.316+0200] {local_task_job_runner.py:222} INFO - ::endgroup::
