[2025-06-09T11:48:39.595+0200] {local_task_job_runner.py:120} INFO - ::group::Pre task execution logs
[2025-06-09T11:48:39.608+0200] {taskinstance.py:2073} INFO - Dependencies all met for dep_context=non-requeueable deps ti=<TaskInstance: backfill_pollution_weather_dag.combine_backfill_data manual__2025-06-09T09:48:36.067110+00:00 [queued]>
[2025-06-09T11:48:39.612+0200] {taskinstance.py:2073} INFO - Dependencies all met for dep_context=requeueable deps ti=<TaskInstance: backfill_pollution_weather_dag.combine_backfill_data manual__2025-06-09T09:48:36.067110+00:00 [queued]>
[2025-06-09T11:48:39.612+0200] {taskinstance.py:2303} INFO - Starting attempt 1 of 2
[2025-06-09T11:48:39.629+0200] {taskinstance.py:2327} INFO - Executing <Task(PythonOperator): combine_backfill_data> on 2025-06-09 09:48:36.067110+00:00
[2025-06-09T11:48:39.631+0200] {standard_task_runner.py:63} INFO - Started process 14530 to run task
[2025-06-09T11:48:39.634+0200] {standard_task_runner.py:90} INFO - Running: ['airflow', 'tasks', 'run', 'backfill_pollution_weather_dag', 'combine_backfill_data', 'manual__2025-06-09T09:48:36.067110+00:00', '--job-id', '354', '--raw', '--subdir', 'DAGS_FOLDER/backfill_dag.py', '--cfg-path', '/tmp/tmp414tat_w']
[2025-06-09T11:48:39.634+0200] {standard_task_runner.py:91} INFO - Job 354: Subtask combine_backfill_data
[2025-06-09T11:48:39.670+0200] {task_command.py:426} INFO - Running <TaskInstance: backfill_pollution_weather_dag.combine_backfill_data manual__2025-06-09T09:48:36.067110+00:00 [running]> on host DESKTOP-2QS8J6D.
[2025-06-09T11:48:39.727+0200] {taskinstance.py:2644} INFO - Exporting env vars: AIRFLOW_CTX_DAG_OWNER='airflow' AIRFLOW_CTX_DAG_ID='backfill_pollution_weather_dag' AIRFLOW_CTX_TASK_ID='combine_backfill_data' AIRFLOW_CTX_EXECUTION_DATE='2025-06-09T09:48:36.067110+00:00' AIRFLOW_CTX_TRY_NUMBER='1' AIRFLOW_CTX_DAG_RUN_ID='manual__2025-06-09T09:48:36.067110+00:00'
[2025-06-09T11:48:39.728+0200] {taskinstance.py:430} INFO - ::endgroup::
[2025-06-09T11:48:43.225+0200] {logging_mixin.py:188} INFO - [COMBINING] City: istanbul
[2025-06-09T11:48:46.869+0200] {logging_mixin.py:188} INFO - [OK] Combined istanbul 2025-05-20
[2025-06-09T11:48:47.593+0200] {logging_mixin.py:188} INFO - [OK] Combined istanbul 2025-05-21
[2025-06-09T11:48:48.166+0200] {logging_mixin.py:188} INFO - [OK] Combined istanbul 2025-05-22
[2025-06-09T11:48:48.689+0200] {logging_mixin.py:188} INFO - [OK] Combined istanbul 2025-05-23
[2025-06-09T11:48:49.162+0200] {logging_mixin.py:188} INFO - [OK] Combined istanbul 2025-05-24
[2025-06-09T11:48:49.625+0200] {logging_mixin.py:188} INFO - [OK] Combined istanbul 2025-05-25
[2025-06-09T11:48:50.100+0200] {logging_mixin.py:188} INFO - [OK] Combined istanbul 2025-05-26
[2025-06-09T11:48:50.586+0200] {logging_mixin.py:188} INFO - [OK] Combined istanbul 2025-05-27
[2025-06-09T11:48:50.587+0200] {logging_mixin.py:188} INFO - [COMBINING] City: moscow
[2025-06-09T11:48:51.973+0200] {logging_mixin.py:188} INFO - [OK] Combined moscow 2025-05-20
[2025-06-09T11:48:52.388+0200] {logging_mixin.py:188} INFO - [OK] Combined moscow 2025-05-21
[2025-06-09T11:48:52.807+0200] {logging_mixin.py:188} INFO - [OK] Combined moscow 2025-05-22
[2025-06-09T11:48:53.210+0200] {logging_mixin.py:188} INFO - [OK] Combined moscow 2025-05-23
[2025-06-09T11:48:53.645+0200] {logging_mixin.py:188} INFO - [OK] Combined moscow 2025-05-24
[2025-06-09T11:48:54.564+0200] {logging_mixin.py:188} INFO - [OK] Combined moscow 2025-05-25
[2025-06-09T11:48:55.158+0200] {logging_mixin.py:188} INFO - [OK] Combined moscow 2025-05-26
[2025-06-09T11:48:55.624+0200] {logging_mixin.py:188} INFO - [OK] Combined moscow 2025-05-27
[2025-06-09T11:48:56.506+0200] {logging_mixin.py:188} INFO - [DONE] Backfill combining completed
[2025-06-09T11:48:56.506+0200] {python.py:237} INFO - Done. Returned value was: None
[2025-06-09T11:48:56.507+0200] {taskinstance.py:441} INFO - ::group::Post task execution logs
[2025-06-09T11:48:56.514+0200] {taskinstance.py:1205} INFO - Marking task as SUCCESS. dag_id=backfill_pollution_weather_dag, task_id=combine_backfill_data, execution_date=20250609T094836, start_date=20250609T094839, end_date=20250609T094856
[2025-06-09T11:48:56.694+0200] {local_task_job_runner.py:240} INFO - Task exited with return code 0
[2025-06-09T11:48:56.708+0200] {taskinstance.py:3482} INFO - 0 downstream tasks scheduled from follow-on schedule check
[2025-06-09T11:48:56.709+0200] {local_task_job_runner.py:222} INFO - ::endgroup::
