[2025-06-09T17:53:07.868+0200] {local_task_job_runner.py:120} INFO - ::group::Pre task execution logs
[2025-06-09T17:53:07.893+0200] {taskinstance.py:2073} INFO - Dependencies all met for dep_context=non-requeueable deps ti=<TaskInstance: fetch_daily_pollution_weather_dag.fetch_daily_data_all_cities scheduled__2025-06-05T00:00:00+00:00 [queued]>
[2025-06-09T17:53:07.899+0200] {taskinstance.py:2073} INFO - Dependencies all met for dep_context=requeueable deps ti=<TaskInstance: fetch_daily_pollution_weather_dag.fetch_daily_data_all_cities scheduled__2025-06-05T00:00:00+00:00 [queued]>
[2025-06-09T17:53:07.899+0200] {taskinstance.py:2303} INFO - Starting attempt 1 of 2
[2025-06-09T17:53:07.922+0200] {taskinstance.py:2327} INFO - Executing <Task(PythonOperator): fetch_daily_data_all_cities> on 2025-06-05 00:00:00+00:00
[2025-06-09T17:53:07.926+0200] {standard_task_runner.py:63} INFO - Started process 118999 to run task
[2025-06-09T17:53:07.930+0200] {standard_task_runner.py:90} INFO - Running: ['airflow', 'tasks', 'run', 'fetch_daily_pollution_weather_dag', 'fetch_daily_data_all_cities', 'scheduled__2025-06-05T00:00:00+00:00', '--job-id', '412', '--raw', '--subdir', 'DAGS_FOLDER/daily_dag.py', '--cfg-path', '/tmp/tmpwhpnrjfr']
[2025-06-09T17:53:07.931+0200] {standard_task_runner.py:91} INFO - Job 412: Subtask fetch_daily_data_all_cities
[2025-06-09T17:53:07.988+0200] {task_command.py:426} INFO - Running <TaskInstance: fetch_daily_pollution_weather_dag.fetch_daily_data_all_cities scheduled__2025-06-05T00:00:00+00:00 [running]> on host DESKTOP-2QS8J6D.
[2025-06-09T17:53:08.066+0200] {taskinstance.py:2644} INFO - Exporting env vars: AIRFLOW_CTX_DAG_OWNER='airflow' AIRFLOW_CTX_DAG_ID='fetch_daily_pollution_weather_dag' AIRFLOW_CTX_TASK_ID='fetch_daily_data_all_cities' AIRFLOW_CTX_EXECUTION_DATE='2025-06-05T00:00:00+00:00' AIRFLOW_CTX_TRY_NUMBER='1' AIRFLOW_CTX_DAG_RUN_ID='scheduled__2025-06-05T00:00:00+00:00'
[2025-06-09T17:53:08.068+0200] {taskinstance.py:430} INFO - ::endgroup::
[2025-06-09T17:53:16.789+0200] {python.py:237} INFO - Done. Returned value was: None
[2025-06-09T17:53:16.789+0200] {taskinstance.py:441} INFO - ::group::Post task execution logs
[2025-06-09T17:53:16.792+0200] {taskinstance.py:1205} INFO - Marking task as SUCCESS. dag_id=fetch_daily_pollution_weather_dag, task_id=fetch_daily_data_all_cities, execution_date=20250605T000000, start_date=20250609T155307, end_date=20250609T155316
[2025-06-09T17:53:16.838+0200] {local_task_job_runner.py:240} INFO - Task exited with return code 0
[2025-06-09T17:53:16.849+0200] {taskinstance.py:3482} INFO - 1 downstream tasks scheduled from follow-on schedule check
[2025-06-09T17:53:16.860+0200] {local_task_job_runner.py:222} INFO - ::endgroup::
[2025-06-09T17:58:59.507+0200] {local_task_job_runner.py:120} INFO - ::group::Pre task execution logs
[2025-06-09T17:58:59.527+0200] {taskinstance.py:2073} INFO - Dependencies all met for dep_context=non-requeueable deps ti=<TaskInstance: fetch_daily_pollution_weather_dag.fetch_daily_data_all_cities scheduled__2025-06-05T00:00:00+00:00 [queued]>
[2025-06-09T17:58:59.551+0200] {taskinstance.py:2073} INFO - Dependencies all met for dep_context=requeueable deps ti=<TaskInstance: fetch_daily_pollution_weather_dag.fetch_daily_data_all_cities scheduled__2025-06-05T00:00:00+00:00 [queued]>
[2025-06-09T17:58:59.552+0200] {taskinstance.py:2303} INFO - Starting attempt 1 of 2
[2025-06-09T17:58:59.569+0200] {taskinstance.py:2327} INFO - Executing <Task(PythonOperator): fetch_daily_data_all_cities> on 2025-06-05 00:00:00+00:00
[2025-06-09T17:58:59.572+0200] {standard_task_runner.py:63} INFO - Started process 123613 to run task
[2025-06-09T17:58:59.574+0200] {standard_task_runner.py:90} INFO - Running: ['airflow', 'tasks', 'run', 'fetch_daily_pollution_weather_dag', 'fetch_daily_data_all_cities', 'scheduled__2025-06-05T00:00:00+00:00', '--job-id', '414', '--raw', '--subdir', 'DAGS_FOLDER/daily_dag.py', '--cfg-path', '/tmp/tmp8qouk6en']
[2025-06-09T17:58:59.575+0200] {standard_task_runner.py:91} INFO - Job 414: Subtask fetch_daily_data_all_cities
[2025-06-09T17:58:59.614+0200] {task_command.py:426} INFO - Running <TaskInstance: fetch_daily_pollution_weather_dag.fetch_daily_data_all_cities scheduled__2025-06-05T00:00:00+00:00 [running]> on host DESKTOP-2QS8J6D.
[2025-06-09T17:58:59.676+0200] {taskinstance.py:2644} INFO - Exporting env vars: AIRFLOW_CTX_DAG_OWNER='airflow' AIRFLOW_CTX_DAG_ID='fetch_daily_pollution_weather_dag' AIRFLOW_CTX_TASK_ID='fetch_daily_data_all_cities' AIRFLOW_CTX_EXECUTION_DATE='2025-06-05T00:00:00+00:00' AIRFLOW_CTX_TRY_NUMBER='1' AIRFLOW_CTX_DAG_RUN_ID='scheduled__2025-06-05T00:00:00+00:00'
[2025-06-09T17:58:59.677+0200] {taskinstance.py:430} INFO - ::endgroup::
[2025-06-09T17:59:08.381+0200] {python.py:237} INFO - Done. Returned value was: None
[2025-06-09T17:59:08.381+0200] {taskinstance.py:441} INFO - ::group::Post task execution logs
[2025-06-09T17:59:08.384+0200] {taskinstance.py:1205} INFO - Marking task as SUCCESS. dag_id=fetch_daily_pollution_weather_dag, task_id=fetch_daily_data_all_cities, execution_date=20250605T000000, start_date=20250609T155859, end_date=20250609T155908
[2025-06-09T17:59:08.425+0200] {local_task_job_runner.py:240} INFO - Task exited with return code 0
[2025-06-09T17:59:08.435+0200] {taskinstance.py:3482} INFO - 1 downstream tasks scheduled from follow-on schedule check
[2025-06-09T17:59:08.444+0200] {local_task_job_runner.py:222} INFO - ::endgroup::
