[2025-06-09T17:55:41.429+0200] {local_task_job_runner.py:120} INFO - ::group::Pre task execution logs
[2025-06-09T17:55:41.444+0200] {taskinstance.py:2073} INFO - Dependencies all met for dep_context=non-requeueable deps ti=<TaskInstance: fetch_daily_pollution_weather_dag.index_daily_combined_to_elasticsearch scheduled__2025-06-07T00:00:00+00:00 [queued]>
[2025-06-09T17:55:41.449+0200] {taskinstance.py:2073} INFO - Dependencies all met for dep_context=requeueable deps ti=<TaskInstance: fetch_daily_pollution_weather_dag.index_daily_combined_to_elasticsearch scheduled__2025-06-07T00:00:00+00:00 [queued]>
[2025-06-09T17:55:41.449+0200] {taskinstance.py:2303} INFO - Starting attempt 1 of 2
[2025-06-09T17:55:41.468+0200] {taskinstance.py:2327} INFO - Executing <Task(PythonOperator): index_daily_combined_to_elasticsearch> on 2025-06-07 00:00:00+00:00
[2025-06-09T17:55:41.472+0200] {standard_task_runner.py:63} INFO - Started process 122034 to run task
[2025-06-09T17:55:41.474+0200] {standard_task_runner.py:90} INFO - Running: ['airflow', 'tasks', 'run', 'fetch_daily_pollution_weather_dag', 'index_daily_combined_to_elasticsearch', 'scheduled__2025-06-07T00:00:00+00:00', '--job-id', '423', '--raw', '--subdir', 'DAGS_FOLDER/daily_dag.py', '--cfg-path', '/tmp/tmp_8il4wyv']
[2025-06-09T17:55:41.475+0200] {standard_task_runner.py:91} INFO - Job 423: Subtask index_daily_combined_to_elasticsearch
[2025-06-09T17:55:41.529+0200] {task_command.py:426} INFO - Running <TaskInstance: fetch_daily_pollution_weather_dag.index_daily_combined_to_elasticsearch scheduled__2025-06-07T00:00:00+00:00 [running]> on host DESKTOP-2QS8J6D.
[2025-06-09T17:55:41.599+0200] {taskinstance.py:2644} INFO - Exporting env vars: AIRFLOW_CTX_DAG_OWNER='airflow' AIRFLOW_CTX_DAG_ID='fetch_daily_pollution_weather_dag' AIRFLOW_CTX_TASK_ID='index_daily_combined_to_elasticsearch' AIRFLOW_CTX_EXECUTION_DATE='2025-06-07T00:00:00+00:00' AIRFLOW_CTX_TRY_NUMBER='1' AIRFLOW_CTX_DAG_RUN_ID='scheduled__2025-06-07T00:00:00+00:00'
[2025-06-09T17:55:41.600+0200] {taskinstance.py:430} INFO - ::endgroup::
[2025-06-09T17:55:46.614+0200] {_transport.py:349} INFO - HEAD http://localhost:9200/ [status:200 duration:0.004s]
[2025-06-09T17:55:46.804+0200] {logging_mixin.py:188} INFO - [DONE] Finished indexing daily data for 2025-06-07
[2025-06-09T17:55:46.804+0200] {python.py:237} INFO - Done. Returned value was: None
[2025-06-09T17:55:46.805+0200] {taskinstance.py:441} INFO - ::group::Post task execution logs
[2025-06-09T17:55:46.810+0200] {taskinstance.py:1205} INFO - Marking task as SUCCESS. dag_id=fetch_daily_pollution_weather_dag, task_id=index_daily_combined_to_elasticsearch, execution_date=20250607T000000, start_date=20250609T155541, end_date=20250609T155546
[2025-06-09T17:55:46.841+0200] {local_task_job_runner.py:240} INFO - Task exited with return code 0
[2025-06-09T17:55:46.850+0200] {taskinstance.py:3482} INFO - 0 downstream tasks scheduled from follow-on schedule check
[2025-06-09T17:55:46.850+0200] {local_task_job_runner.py:222} INFO - ::endgroup::
[2025-06-09T20:19:50.282+0200] {local_task_job_runner.py:120} INFO - ::group::Pre task execution logs
[2025-06-09T20:19:50.297+0200] {taskinstance.py:2073} INFO - Dependencies all met for dep_context=non-requeueable deps ti=<TaskInstance: fetch_daily_pollution_weather_dag.index_daily_combined_to_elasticsearch scheduled__2025-06-07T00:00:00+00:00 [queued]>
[2025-06-09T20:19:50.302+0200] {taskinstance.py:2073} INFO - Dependencies all met for dep_context=requeueable deps ti=<TaskInstance: fetch_daily_pollution_weather_dag.index_daily_combined_to_elasticsearch scheduled__2025-06-07T00:00:00+00:00 [queued]>
[2025-06-09T20:19:50.303+0200] {taskinstance.py:2303} INFO - Starting attempt 1 of 2
[2025-06-09T20:19:50.320+0200] {taskinstance.py:2327} INFO - Executing <Task(PythonOperator): index_daily_combined_to_elasticsearch> on 2025-06-07 00:00:00+00:00
[2025-06-09T20:19:50.323+0200] {standard_task_runner.py:63} INFO - Started process 301214 to run task
[2025-06-09T20:19:50.327+0200] {standard_task_runner.py:90} INFO - Running: ['airflow', 'tasks', 'run', 'fetch_daily_pollution_weather_dag', 'index_daily_combined_to_elasticsearch', 'scheduled__2025-06-07T00:00:00+00:00', '--job-id', '451', '--raw', '--subdir', 'DAGS_FOLDER/daily_dag.py', '--cfg-path', '/tmp/tmphc70rdmf']
[2025-06-09T20:19:50.328+0200] {standard_task_runner.py:91} INFO - Job 451: Subtask index_daily_combined_to_elasticsearch
[2025-06-09T20:19:50.381+0200] {task_command.py:426} INFO - Running <TaskInstance: fetch_daily_pollution_weather_dag.index_daily_combined_to_elasticsearch scheduled__2025-06-07T00:00:00+00:00 [running]> on host DESKTOP-2QS8J6D.
[2025-06-09T20:19:50.527+0200] {taskinstance.py:2644} INFO - Exporting env vars: AIRFLOW_CTX_DAG_OWNER='airflow' AIRFLOW_CTX_DAG_ID='fetch_daily_pollution_weather_dag' AIRFLOW_CTX_TASK_ID='index_daily_combined_to_elasticsearch' AIRFLOW_CTX_EXECUTION_DATE='2025-06-07T00:00:00+00:00' AIRFLOW_CTX_TRY_NUMBER='1' AIRFLOW_CTX_DAG_RUN_ID='scheduled__2025-06-07T00:00:00+00:00'
[2025-06-09T20:19:50.527+0200] {taskinstance.py:430} INFO - ::endgroup::
[2025-06-09T20:19:55.537+0200] {_transport.py:349} INFO - HEAD http://localhost:9200/ [status:200 duration:0.002s]
[2025-06-09T20:19:58.080+0200] {_transport.py:349} INFO - POST http://localhost:9200/environment_data/_doc [status:201 duration:0.039s]
[2025-06-09T20:19:58.080+0200] {logging_mixin.py:188} INFO - [OK] Indexed istanbul/2025-06-07
[2025-06-09T20:19:58.338+0200] {_transport.py:349} INFO - POST http://localhost:9200/environment_data/_doc [status:201 duration:0.016s]
[2025-06-09T20:19:58.339+0200] {logging_mixin.py:188} INFO - [OK] Indexed moscow/2025-06-07
[2025-06-09T20:19:58.556+0200] {_transport.py:349} INFO - POST http://localhost:9200/environment_data/_doc [status:201 duration:0.017s]
[2025-06-09T20:19:58.556+0200] {logging_mixin.py:188} INFO - [OK] Indexed london/2025-06-07
[2025-06-09T20:19:58.759+0200] {_transport.py:349} INFO - POST http://localhost:9200/environment_data/_doc [status:201 duration:0.014s]
[2025-06-09T20:19:58.759+0200] {logging_mixin.py:188} INFO - [OK] Indexed saint_petersburg/2025-06-07
[2025-06-09T20:19:58.931+0200] {_transport.py:349} INFO - POST http://localhost:9200/environment_data/_doc [status:201 duration:0.014s]
[2025-06-09T20:19:58.931+0200] {logging_mixin.py:188} INFO - [OK] Indexed berlin/2025-06-07
[2025-06-09T20:19:59.107+0200] {_transport.py:349} INFO - POST http://localhost:9200/environment_data/_doc [status:201 duration:0.014s]
[2025-06-09T20:19:59.107+0200] {logging_mixin.py:188} INFO - [OK] Indexed madrid/2025-06-07
[2025-06-09T20:19:59.255+0200] {_transport.py:349} INFO - POST http://localhost:9200/environment_data/_doc [status:201 duration:0.016s]
[2025-06-09T20:19:59.256+0200] {logging_mixin.py:188} INFO - [OK] Indexed kyiv/2025-06-07
[2025-06-09T20:19:59.423+0200] {_transport.py:349} INFO - POST http://localhost:9200/environment_data/_doc [status:201 duration:0.017s]
[2025-06-09T20:19:59.424+0200] {logging_mixin.py:188} INFO - [OK] Indexed rome/2025-06-07
[2025-06-09T20:19:59.560+0200] {_transport.py:349} INFO - POST http://localhost:9200/environment_data/_doc [status:201 duration:0.016s]
[2025-06-09T20:19:59.560+0200] {logging_mixin.py:188} INFO - [OK] Indexed baku/2025-06-07
[2025-06-09T20:19:59.711+0200] {_transport.py:349} INFO - POST http://localhost:9200/environment_data/_doc [status:201 duration:0.014s]
[2025-06-09T20:19:59.712+0200] {logging_mixin.py:188} INFO - [OK] Indexed paris/2025-06-07
[2025-06-09T20:19:59.863+0200] {_transport.py:349} INFO - POST http://localhost:9200/environment_data/_doc [status:201 duration:0.015s]
[2025-06-09T20:19:59.863+0200] {logging_mixin.py:188} INFO - [OK] Indexed vienna/2025-06-07
[2025-06-09T20:19:59.982+0200] {_transport.py:349} INFO - POST http://localhost:9200/environment_data/_doc [status:201 duration:0.014s]
[2025-06-09T20:19:59.982+0200] {logging_mixin.py:188} INFO - [OK] Indexed minsk/2025-06-07
[2025-06-09T20:20:00.099+0200] {_transport.py:349} INFO - POST http://localhost:9200/environment_data/_doc [status:201 duration:0.009s]
[2025-06-09T20:20:00.099+0200] {logging_mixin.py:188} INFO - [OK] Indexed hamburg/2025-06-07
[2025-06-09T20:20:00.205+0200] {_transport.py:349} INFO - POST http://localhost:9200/environment_data/_doc [status:201 duration:0.009s]
[2025-06-09T20:20:00.205+0200] {logging_mixin.py:188} INFO - [OK] Indexed warsaw/2025-06-07
[2025-06-09T20:20:00.333+0200] {_transport.py:349} INFO - POST http://localhost:9200/environment_data/_doc [status:201 duration:0.013s]
[2025-06-09T20:20:00.334+0200] {logging_mixin.py:188} INFO - [OK] Indexed bucharest/2025-06-07
[2025-06-09T20:20:00.450+0200] {_transport.py:349} INFO - POST http://localhost:9200/environment_data/_doc [status:201 duration:0.014s]
[2025-06-09T20:20:00.450+0200] {logging_mixin.py:188} INFO - [OK] Indexed barcelona/2025-06-07
[2025-06-09T20:20:00.563+0200] {_transport.py:349} INFO - POST http://localhost:9200/environment_data/_doc [status:201 duration:0.010s]
[2025-06-09T20:20:00.564+0200] {logging_mixin.py:188} INFO - [OK] Indexed budapest/2025-06-07
[2025-06-09T20:20:00.677+0200] {_transport.py:349} INFO - POST http://localhost:9200/environment_data/_doc [status:201 duration:0.010s]
[2025-06-09T20:20:00.677+0200] {logging_mixin.py:188} INFO - [OK] Indexed belgrade/2025-06-07
[2025-06-09T20:20:00.793+0200] {_transport.py:349} INFO - POST http://localhost:9200/environment_data/_doc [status:201 duration:0.012s]
[2025-06-09T20:20:00.793+0200] {logging_mixin.py:188} INFO - [OK] Indexed munich/2025-06-07
[2025-06-09T20:20:00.915+0200] {_transport.py:349} INFO - POST http://localhost:9200/environment_data/_doc [status:201 duration:0.011s]
[2025-06-09T20:20:00.915+0200] {logging_mixin.py:188} INFO - [OK] Indexed kharkiv/2025-06-07
[2025-06-09T20:20:01.054+0200] {_transport.py:349} INFO - POST http://localhost:9200/environment_data/_doc [status:201 duration:0.011s]
[2025-06-09T20:20:01.054+0200] {logging_mixin.py:188} INFO - [OK] Indexed prague/2025-06-07
[2025-06-09T20:20:01.176+0200] {_transport.py:349} INFO - POST http://localhost:9200/environment_data/_doc [status:201 duration:0.010s]
[2025-06-09T20:20:01.176+0200] {logging_mixin.py:188} INFO - [OK] Indexed milan/2025-06-07
[2025-06-09T20:20:01.286+0200] {_transport.py:349} INFO - POST http://localhost:9200/environment_data/_doc [status:201 duration:0.012s]
[2025-06-09T20:20:01.287+0200] {logging_mixin.py:188} INFO - [OK] Indexed algiers/2025-06-07
[2025-06-09T20:20:01.507+0200] {logging_mixin.py:188} INFO - [DONE] Finished indexing daily data for 2025-06-07
[2025-06-09T20:20:01.507+0200] {python.py:237} INFO - Done. Returned value was: None
[2025-06-09T20:20:01.507+0200] {taskinstance.py:441} INFO - ::group::Post task execution logs
[2025-06-09T20:20:01.511+0200] {taskinstance.py:1205} INFO - Marking task as SUCCESS. dag_id=fetch_daily_pollution_weather_dag, task_id=index_daily_combined_to_elasticsearch, execution_date=20250607T000000, start_date=20250609T181950, end_date=20250609T182001
[2025-06-09T20:20:01.540+0200] {local_task_job_runner.py:240} INFO - Task exited with return code 0
[2025-06-09T20:20:01.546+0200] {taskinstance.py:3482} INFO - 0 downstream tasks scheduled from follow-on schedule check
[2025-06-09T20:20:01.546+0200] {local_task_job_runner.py:222} INFO - ::endgroup::
