[2025-06-08T22:46:53.828+0200] {local_task_job_runner.py:120} INFO - ::group::Pre task execution logs
[2025-06-08T22:46:53.847+0200] {taskinstance.py:2073} INFO - Dependencies all met for dep_context=non-requeueable deps ti=<TaskInstance: fetch_daily_pollution_weather_dag.fetch_daily_data_all_cities scheduled__2025-06-06T00:00:00+00:00 [queued]>
[2025-06-08T22:46:53.851+0200] {taskinstance.py:2073} INFO - Dependencies all met for dep_context=requeueable deps ti=<TaskInstance: fetch_daily_pollution_weather_dag.fetch_daily_data_all_cities scheduled__2025-06-06T00:00:00+00:00 [queued]>
[2025-06-08T22:46:53.851+0200] {taskinstance.py:2303} INFO - Starting attempt 1 of 2
[2025-06-08T22:46:53.869+0200] {taskinstance.py:2327} INFO - Executing <Task(PythonOperator): fetch_daily_data_all_cities> on 2025-06-06 00:00:00+00:00
[2025-06-08T22:46:53.871+0200] {standard_task_runner.py:63} INFO - Started process 1186131 to run task
[2025-06-08T22:46:53.873+0200] {standard_task_runner.py:90} INFO - Running: ['airflow', 'tasks', 'run', 'fetch_daily_pollution_weather_dag', 'fetch_daily_data_all_cities', 'scheduled__2025-06-06T00:00:00+00:00', '--job-id', '286', '--raw', '--subdir', 'DAGS_FOLDER/daily_dag.py', '--cfg-path', '/tmp/tmpkfullycf']
[2025-06-08T22:46:53.874+0200] {standard_task_runner.py:91} INFO - Job 286: Subtask fetch_daily_data_all_cities
[2025-06-08T22:46:53.916+0200] {task_command.py:426} INFO - Running <TaskInstance: fetch_daily_pollution_weather_dag.fetch_daily_data_all_cities scheduled__2025-06-06T00:00:00+00:00 [running]> on host DESKTOP-2QS8J6D.
[2025-06-08T22:46:53.970+0200] {taskinstance.py:2644} INFO - Exporting env vars: AIRFLOW_CTX_DAG_OWNER='airflow' AIRFLOW_CTX_DAG_ID='fetch_daily_pollution_weather_dag' AIRFLOW_CTX_TASK_ID='fetch_daily_data_all_cities' AIRFLOW_CTX_EXECUTION_DATE='2025-06-06T00:00:00+00:00' AIRFLOW_CTX_TRY_NUMBER='1' AIRFLOW_CTX_DAG_RUN_ID='scheduled__2025-06-06T00:00:00+00:00'
[2025-06-08T22:46:53.971+0200] {taskinstance.py:430} INFO - ::endgroup::
[2025-06-08T22:49:34.378+0200] {python.py:237} INFO - Done. Returned value was: None
[2025-06-08T22:49:34.379+0200] {taskinstance.py:441} INFO - ::group::Post task execution logs
[2025-06-08T22:49:34.382+0200] {taskinstance.py:1205} INFO - Marking task as SUCCESS. dag_id=fetch_daily_pollution_weather_dag, task_id=fetch_daily_data_all_cities, execution_date=20250606T000000, start_date=20250608T204653, end_date=20250608T204934
[2025-06-08T22:49:34.410+0200] {local_task_job_runner.py:240} INFO - Task exited with return code 0
[2025-06-08T22:49:34.418+0200] {taskinstance.py:3482} INFO - 1 downstream tasks scheduled from follow-on schedule check
[2025-06-08T22:49:34.428+0200] {local_task_job_runner.py:222} INFO - ::endgroup::
[2025-06-08T22:55:45.126+0200] {local_task_job_runner.py:120} INFO - ::group::Pre task execution logs
[2025-06-08T22:55:45.138+0200] {taskinstance.py:2073} INFO - Dependencies all met for dep_context=non-requeueable deps ti=<TaskInstance: fetch_daily_pollution_weather_dag.fetch_daily_data_all_cities scheduled__2025-06-06T00:00:00+00:00 [queued]>
[2025-06-08T22:55:45.141+0200] {taskinstance.py:2073} INFO - Dependencies all met for dep_context=requeueable deps ti=<TaskInstance: fetch_daily_pollution_weather_dag.fetch_daily_data_all_cities scheduled__2025-06-06T00:00:00+00:00 [queued]>
[2025-06-08T22:55:45.142+0200] {taskinstance.py:2303} INFO - Starting attempt 1 of 2
[2025-06-08T22:55:45.159+0200] {taskinstance.py:2327} INFO - Executing <Task(PythonOperator): fetch_daily_data_all_cities> on 2025-06-06 00:00:00+00:00
[2025-06-08T22:55:45.161+0200] {standard_task_runner.py:63} INFO - Started process 1192147 to run task
[2025-06-08T22:55:45.164+0200] {standard_task_runner.py:90} INFO - Running: ['airflow', 'tasks', 'run', 'fetch_daily_pollution_weather_dag', 'fetch_daily_data_all_cities', 'scheduled__2025-06-06T00:00:00+00:00', '--job-id', '294', '--raw', '--subdir', 'DAGS_FOLDER/daily_dag.py', '--cfg-path', '/tmp/tmpvyxmpmbb']
[2025-06-08T22:55:45.164+0200] {standard_task_runner.py:91} INFO - Job 294: Subtask fetch_daily_data_all_cities
[2025-06-08T22:55:45.196+0200] {task_command.py:426} INFO - Running <TaskInstance: fetch_daily_pollution_weather_dag.fetch_daily_data_all_cities scheduled__2025-06-06T00:00:00+00:00 [running]> on host DESKTOP-2QS8J6D.
[2025-06-08T22:55:45.250+0200] {taskinstance.py:2644} INFO - Exporting env vars: AIRFLOW_CTX_DAG_OWNER='airflow' AIRFLOW_CTX_DAG_ID='fetch_daily_pollution_weather_dag' AIRFLOW_CTX_TASK_ID='fetch_daily_data_all_cities' AIRFLOW_CTX_EXECUTION_DATE='2025-06-06T00:00:00+00:00' AIRFLOW_CTX_TRY_NUMBER='1' AIRFLOW_CTX_DAG_RUN_ID='scheduled__2025-06-06T00:00:00+00:00'
[2025-06-08T22:55:45.251+0200] {taskinstance.py:430} INFO - ::endgroup::
[2025-06-08T22:58:26.847+0200] {python.py:237} INFO - Done. Returned value was: None
[2025-06-08T22:58:26.848+0200] {taskinstance.py:441} INFO - ::group::Post task execution logs
[2025-06-08T22:58:26.853+0200] {taskinstance.py:1205} INFO - Marking task as SUCCESS. dag_id=fetch_daily_pollution_weather_dag, task_id=fetch_daily_data_all_cities, execution_date=20250606T000000, start_date=20250608T205545, end_date=20250608T205826
[2025-06-08T22:58:26.901+0200] {local_task_job_runner.py:240} INFO - Task exited with return code 0
[2025-06-08T22:58:26.910+0200] {taskinstance.py:3482} INFO - 1 downstream tasks scheduled from follow-on schedule check
[2025-06-08T22:58:26.920+0200] {local_task_job_runner.py:222} INFO - ::endgroup::
[2025-06-09T00:55:18.940+0200] {local_task_job_runner.py:120} INFO - ::group::Pre task execution logs
[2025-06-09T00:55:18.957+0200] {taskinstance.py:2073} INFO - Dependencies all met for dep_context=non-requeueable deps ti=<TaskInstance: fetch_daily_pollution_weather_dag.fetch_daily_data_all_cities scheduled__2025-06-06T00:00:00+00:00 [queued]>
[2025-06-09T00:55:18.962+0200] {taskinstance.py:2073} INFO - Dependencies all met for dep_context=requeueable deps ti=<TaskInstance: fetch_daily_pollution_weather_dag.fetch_daily_data_all_cities scheduled__2025-06-06T00:00:00+00:00 [queued]>
[2025-06-09T00:55:18.962+0200] {taskinstance.py:2303} INFO - Starting attempt 1 of 2
[2025-06-09T00:55:18.981+0200] {taskinstance.py:2327} INFO - Executing <Task(PythonOperator): fetch_daily_data_all_cities> on 2025-06-06 00:00:00+00:00
[2025-06-09T00:55:18.984+0200] {standard_task_runner.py:63} INFO - Started process 1299804 to run task
[2025-06-09T00:55:18.987+0200] {standard_task_runner.py:90} INFO - Running: ['airflow', 'tasks', 'run', 'fetch_daily_pollution_weather_dag', 'fetch_daily_data_all_cities', 'scheduled__2025-06-06T00:00:00+00:00', '--job-id', '339', '--raw', '--subdir', 'DAGS_FOLDER/daily_dag.py', '--cfg-path', '/tmp/tmpcsls3izu']
[2025-06-09T00:55:18.987+0200] {standard_task_runner.py:91} INFO - Job 339: Subtask fetch_daily_data_all_cities
[2025-06-09T00:55:19.026+0200] {task_command.py:426} INFO - Running <TaskInstance: fetch_daily_pollution_weather_dag.fetch_daily_data_all_cities scheduled__2025-06-06T00:00:00+00:00 [running]> on host DESKTOP-2QS8J6D.
[2025-06-09T00:55:19.093+0200] {taskinstance.py:2644} INFO - Exporting env vars: AIRFLOW_CTX_DAG_OWNER='airflow' AIRFLOW_CTX_DAG_ID='fetch_daily_pollution_weather_dag' AIRFLOW_CTX_TASK_ID='fetch_daily_data_all_cities' AIRFLOW_CTX_EXECUTION_DATE='2025-06-06T00:00:00+00:00' AIRFLOW_CTX_TRY_NUMBER='1' AIRFLOW_CTX_DAG_RUN_ID='scheduled__2025-06-06T00:00:00+00:00'
[2025-06-09T00:55:19.094+0200] {taskinstance.py:430} INFO - ::endgroup::
[2025-06-09T00:57:59.302+0200] {python.py:237} INFO - Done. Returned value was: None
[2025-06-09T00:57:59.303+0200] {taskinstance.py:441} INFO - ::group::Post task execution logs
[2025-06-09T00:57:59.307+0200] {taskinstance.py:1205} INFO - Marking task as SUCCESS. dag_id=fetch_daily_pollution_weather_dag, task_id=fetch_daily_data_all_cities, execution_date=20250606T000000, start_date=20250608T225518, end_date=20250608T225759
[2025-06-09T00:57:59.368+0200] {local_task_job_runner.py:240} INFO - Task exited with return code 0
[2025-06-09T00:57:59.378+0200] {taskinstance.py:3482} INFO - 1 downstream tasks scheduled from follow-on schedule check
[2025-06-09T00:57:59.387+0200] {local_task_job_runner.py:222} INFO - ::endgroup::
