[2025-05-29T00:48:10.235+0200] {local_task_job_runner.py:120} INFO - ::group::Pre task execution logs
[2025-05-29T00:48:10.252+0200] {taskinstance.py:2073} INFO - Dependencies all met for dep_context=non-requeueable deps ti=<TaskInstance: fetch_daily_pollution_weather_dag.fetch_daily_data_all_cities scheduled__2025-05-23T00:00:00+00:00 [queued]>
[2025-05-29T00:48:10.256+0200] {taskinstance.py:2073} INFO - Dependencies all met for dep_context=requeueable deps ti=<TaskInstance: fetch_daily_pollution_weather_dag.fetch_daily_data_all_cities scheduled__2025-05-23T00:00:00+00:00 [queued]>
[2025-05-29T00:48:10.257+0200] {taskinstance.py:2303} INFO - Starting attempt 1 of 2
[2025-05-29T00:48:10.277+0200] {taskinstance.py:2327} INFO - Executing <Task(PythonOperator): fetch_daily_data_all_cities> on 2025-05-23 00:00:00+00:00
[2025-05-29T00:48:10.280+0200] {standard_task_runner.py:63} INFO - Started process 391930 to run task
[2025-05-29T00:48:10.285+0200] {standard_task_runner.py:90} INFO - Running: ['airflow', 'tasks', 'run', 'fetch_daily_pollution_weather_dag', 'fetch_daily_data_all_cities', 'scheduled__2025-05-23T00:00:00+00:00', '--job-id', '48', '--raw', '--subdir', 'DAGS_FOLDER/daily_dag.py', '--cfg-path', '/tmp/tmpd66uva2k']
[2025-05-29T00:48:10.286+0200] {standard_task_runner.py:91} INFO - Job 48: Subtask fetch_daily_data_all_cities
[2025-05-29T00:48:10.333+0200] {task_command.py:426} INFO - Running <TaskInstance: fetch_daily_pollution_weather_dag.fetch_daily_data_all_cities scheduled__2025-05-23T00:00:00+00:00 [running]> on host DESKTOP-2QS8J6D.
[2025-05-29T00:48:10.408+0200] {taskinstance.py:2644} INFO - Exporting env vars: AIRFLOW_CTX_DAG_OWNER='airflow' AIRFLOW_CTX_DAG_ID='fetch_daily_pollution_weather_dag' AIRFLOW_CTX_TASK_ID='fetch_daily_data_all_cities' AIRFLOW_CTX_EXECUTION_DATE='2025-05-23T00:00:00+00:00' AIRFLOW_CTX_TRY_NUMBER='1' AIRFLOW_CTX_DAG_RUN_ID='scheduled__2025-05-23T00:00:00+00:00'
[2025-05-29T00:48:10.409+0200] {taskinstance.py:430} INFO - ::endgroup::
[2025-05-29T00:49:22.304+0200] {local_task_job_runner.py:310} WARNING - State of this instance has been externally set to failed. Terminating instance.
[2025-05-29T00:49:22.305+0200] {local_task_job_runner.py:222} INFO - ::endgroup::
[2025-05-29T00:49:22.306+0200] {process_utils.py:132} INFO - Sending Signals.SIGTERM to group 391930. PIDs of all processes in the group: [391930]
[2025-05-29T00:49:22.306+0200] {process_utils.py:87} INFO - Sending the signal Signals.SIGTERM to group 391930
[2025-05-29T00:49:22.306+0200] {taskinstance.py:2607} ERROR - Received SIGTERM. Terminating subprocesses.
[2025-05-29T00:49:22.307+0200] {taskinstance.py:441} INFO - ::group::Post task execution logs
[2025-05-29T00:49:22.333+0200] {process_utils.py:80} INFO - Process psutil.Process(pid=391930, status='terminated', exitcode=0, started='00:48:09') (391930) terminated with exit code 0
[2025-05-30T16:56:44.834+0200] {local_task_job_runner.py:120} INFO - ::group::Pre task execution logs
[2025-05-30T16:56:44.845+0200] {taskinstance.py:2073} INFO - Dependencies all met for dep_context=non-requeueable deps ti=<TaskInstance: fetch_daily_pollution_weather_dag.fetch_daily_data_all_cities scheduled__2025-05-23T00:00:00+00:00 [queued]>
[2025-05-30T16:56:44.848+0200] {taskinstance.py:2073} INFO - Dependencies all met for dep_context=requeueable deps ti=<TaskInstance: fetch_daily_pollution_weather_dag.fetch_daily_data_all_cities scheduled__2025-05-23T00:00:00+00:00 [queued]>
[2025-05-30T16:56:44.848+0200] {taskinstance.py:2303} INFO - Starting attempt 1 of 2
[2025-05-30T16:56:44.863+0200] {taskinstance.py:2327} INFO - Executing <Task(PythonOperator): fetch_daily_data_all_cities> on 2025-05-23 00:00:00+00:00
[2025-05-30T16:56:44.867+0200] {standard_task_runner.py:90} INFO - Running: ['airflow', 'tasks', 'run', 'fetch_daily_pollution_weather_dag', 'fetch_daily_data_all_cities', 'scheduled__2025-05-23T00:00:00+00:00', '--job-id', '65', '--raw', '--subdir', 'DAGS_FOLDER/daily_dag.py', '--cfg-path', '/tmp/tmp_hhhmd52']
[2025-05-30T16:56:44.865+0200] {standard_task_runner.py:63} INFO - Started process 25880 to run task
[2025-05-30T16:56:44.867+0200] {standard_task_runner.py:91} INFO - Job 65: Subtask fetch_daily_data_all_cities
[2025-05-30T16:56:44.917+0200] {task_command.py:426} INFO - Running <TaskInstance: fetch_daily_pollution_weather_dag.fetch_daily_data_all_cities scheduled__2025-05-23T00:00:00+00:00 [running]> on host DESKTOP-2QS8J6D.
[2025-05-30T16:56:44.966+0200] {taskinstance.py:2644} INFO - Exporting env vars: AIRFLOW_CTX_DAG_OWNER='airflow' AIRFLOW_CTX_DAG_ID='fetch_daily_pollution_weather_dag' AIRFLOW_CTX_TASK_ID='fetch_daily_data_all_cities' AIRFLOW_CTX_EXECUTION_DATE='2025-05-23T00:00:00+00:00' AIRFLOW_CTX_TRY_NUMBER='1' AIRFLOW_CTX_DAG_RUN_ID='scheduled__2025-05-23T00:00:00+00:00'
[2025-05-30T16:56:44.967+0200] {taskinstance.py:430} INFO - ::endgroup::
[2025-05-30T16:59:41.005+0200] {python.py:237} INFO - Done. Returned value was: None
[2025-05-30T16:59:41.005+0200] {taskinstance.py:441} INFO - ::group::Post task execution logs
[2025-05-30T16:59:41.007+0200] {taskinstance.py:1205} INFO - Marking task as SUCCESS. dag_id=fetch_daily_pollution_weather_dag, task_id=fetch_daily_data_all_cities, execution_date=20250523T000000, start_date=20250530T145644, end_date=20250530T145941
[2025-05-30T16:59:41.055+0200] {local_task_job_runner.py:240} INFO - Task exited with return code 0
[2025-05-30T16:59:41.065+0200] {taskinstance.py:3482} INFO - 1 downstream tasks scheduled from follow-on schedule check
[2025-05-30T16:59:41.076+0200] {local_task_job_runner.py:222} INFO - ::endgroup::
[2025-05-30T17:10:16.434+0200] {local_task_job_runner.py:120} INFO - ::group::Pre task execution logs
[2025-05-30T17:10:16.447+0200] {taskinstance.py:2073} INFO - Dependencies all met for dep_context=non-requeueable deps ti=<TaskInstance: fetch_daily_pollution_weather_dag.fetch_daily_data_all_cities scheduled__2025-05-23T00:00:00+00:00 [queued]>
[2025-05-30T17:10:16.450+0200] {taskinstance.py:2073} INFO - Dependencies all met for dep_context=requeueable deps ti=<TaskInstance: fetch_daily_pollution_weather_dag.fetch_daily_data_all_cities scheduled__2025-05-23T00:00:00+00:00 [queued]>
[2025-05-30T17:10:16.450+0200] {taskinstance.py:2303} INFO - Starting attempt 1 of 2
[2025-05-30T17:10:16.466+0200] {taskinstance.py:2327} INFO - Executing <Task(PythonOperator): fetch_daily_data_all_cities> on 2025-05-23 00:00:00+00:00
[2025-05-30T17:10:16.469+0200] {standard_task_runner.py:63} INFO - Started process 29165 to run task
[2025-05-30T17:10:16.472+0200] {standard_task_runner.py:90} INFO - Running: ['airflow', 'tasks', 'run', 'fetch_daily_pollution_weather_dag', 'fetch_daily_data_all_cities', 'scheduled__2025-05-23T00:00:00+00:00', '--job-id', '73', '--raw', '--subdir', 'DAGS_FOLDER/daily_dag.py', '--cfg-path', '/tmp/tmpmed3my_l']
[2025-05-30T17:10:16.472+0200] {standard_task_runner.py:91} INFO - Job 73: Subtask fetch_daily_data_all_cities
[2025-05-30T17:10:16.506+0200] {task_command.py:426} INFO - Running <TaskInstance: fetch_daily_pollution_weather_dag.fetch_daily_data_all_cities scheduled__2025-05-23T00:00:00+00:00 [running]> on host DESKTOP-2QS8J6D.
[2025-05-30T17:10:16.562+0200] {taskinstance.py:2644} INFO - Exporting env vars: AIRFLOW_CTX_DAG_OWNER='airflow' AIRFLOW_CTX_DAG_ID='fetch_daily_pollution_weather_dag' AIRFLOW_CTX_TASK_ID='fetch_daily_data_all_cities' AIRFLOW_CTX_EXECUTION_DATE='2025-05-23T00:00:00+00:00' AIRFLOW_CTX_TRY_NUMBER='1' AIRFLOW_CTX_DAG_RUN_ID='scheduled__2025-05-23T00:00:00+00:00'
[2025-05-30T17:10:16.562+0200] {taskinstance.py:430} INFO - ::endgroup::
[2025-05-30T17:13:08.614+0200] {python.py:237} INFO - Done. Returned value was: None
[2025-05-30T17:13:08.615+0200] {taskinstance.py:441} INFO - ::group::Post task execution logs
[2025-05-30T17:13:08.620+0200] {taskinstance.py:1205} INFO - Marking task as SUCCESS. dag_id=fetch_daily_pollution_weather_dag, task_id=fetch_daily_data_all_cities, execution_date=20250523T000000, start_date=20250530T151016, end_date=20250530T151308
[2025-05-30T17:13:08.661+0200] {local_task_job_runner.py:240} INFO - Task exited with return code 0
[2025-05-30T17:13:08.670+0200] {taskinstance.py:3482} INFO - 1 downstream tasks scheduled from follow-on schedule check
[2025-05-30T17:13:08.680+0200] {local_task_job_runner.py:222} INFO - ::endgroup::
