[2025-06-09T17:49:20.793+0200] {local_task_job_runner.py:120} INFO - ::group::Pre task execution logs
[2025-06-09T17:49:20.820+0200] {taskinstance.py:2073} INFO - Dependencies all met for dep_context=non-requeueable deps ti=<TaskInstance: backfill_pollution_weather_dag.combine_backfill_data manual__2025-06-09T15:48:09.736764+00:00 [queued]>
[2025-06-09T17:49:20.827+0200] {taskinstance.py:2073} INFO - Dependencies all met for dep_context=requeueable deps ti=<TaskInstance: backfill_pollution_weather_dag.combine_backfill_data manual__2025-06-09T15:48:09.736764+00:00 [queued]>
[2025-06-09T17:49:20.828+0200] {taskinstance.py:2303} INFO - Starting attempt 1 of 2
[2025-06-09T17:49:20.954+0200] {taskinstance.py:2327} INFO - Executing <Task(PythonOperator): combine_backfill_data> on 2025-06-09 15:48:09.736764+00:00
[2025-06-09T17:49:20.957+0200] {standard_task_runner.py:63} INFO - Started process 116194 to run task
[2025-06-09T17:49:20.960+0200] {standard_task_runner.py:90} INFO - Running: ['airflow', 'tasks', 'run', 'backfill_pollution_weather_dag', 'combine_backfill_data', 'manual__2025-06-09T15:48:09.736764+00:00', '--job-id', '409', '--raw', '--subdir', 'DAGS_FOLDER/backfill_dag.py', '--cfg-path', '/tmp/tmpzsx_k10p']
[2025-06-09T17:49:20.961+0200] {standard_task_runner.py:91} INFO - Job 409: Subtask combine_backfill_data
[2025-06-09T17:49:21.000+0200] {task_command.py:426} INFO - Running <TaskInstance: backfill_pollution_weather_dag.combine_backfill_data manual__2025-06-09T15:48:09.736764+00:00 [running]> on host DESKTOP-2QS8J6D.
[2025-06-09T17:49:21.067+0200] {taskinstance.py:2644} INFO - Exporting env vars: AIRFLOW_CTX_DAG_OWNER='airflow' AIRFLOW_CTX_DAG_ID='backfill_pollution_weather_dag' AIRFLOW_CTX_TASK_ID='combine_backfill_data' AIRFLOW_CTX_EXECUTION_DATE='2025-06-09T15:48:09.736764+00:00' AIRFLOW_CTX_TRY_NUMBER='1' AIRFLOW_CTX_DAG_RUN_ID='manual__2025-06-09T15:48:09.736764+00:00'
[2025-06-09T17:49:21.068+0200] {taskinstance.py:430} INFO - ::endgroup::
[2025-06-09T17:49:26.699+0200] {logging_mixin.py:188} INFO - [COMBINING] City: istanbul
[2025-06-09T17:49:34.626+0200] {logging_mixin.py:188} INFO - [OK] Combined istanbul 2025-05-20
[2025-06-09T17:49:35.676+0200] {logging_mixin.py:188} INFO - [OK] Combined istanbul 2025-05-21
[2025-06-09T17:49:36.566+0200] {logging_mixin.py:188} INFO - [OK] Combined istanbul 2025-05-22
[2025-06-09T17:49:37.439+0200] {logging_mixin.py:188} INFO - [OK] Combined istanbul 2025-05-23
[2025-06-09T17:49:38.822+0200] {logging_mixin.py:188} INFO - [OK] Combined istanbul 2025-05-24
[2025-06-09T17:49:40.095+0200] {logging_mixin.py:188} INFO - [OK] Combined istanbul 2025-05-25
[2025-06-09T17:49:40.809+0200] {logging_mixin.py:188} INFO - [OK] Combined istanbul 2025-05-26
[2025-06-09T17:49:41.442+0200] {logging_mixin.py:188} INFO - [OK] Combined istanbul 2025-05-27
[2025-06-09T17:49:41.442+0200] {logging_mixin.py:188} INFO - [COMBINING] City: moscow
[2025-06-09T17:49:42.039+0200] {logging_mixin.py:188} INFO - [OK] Combined moscow 2025-05-20
[2025-06-09T17:49:42.622+0200] {logging_mixin.py:188} INFO - [OK] Combined moscow 2025-05-21
[2025-06-09T17:49:43.657+0200] {logging_mixin.py:188} INFO - [OK] Combined moscow 2025-05-22
[2025-06-09T17:49:45.317+0200] {logging_mixin.py:188} INFO - [OK] Combined moscow 2025-05-23
[2025-06-09T17:49:46.085+0200] {logging_mixin.py:188} INFO - [OK] Combined moscow 2025-05-24
[2025-06-09T17:49:46.948+0200] {logging_mixin.py:188} INFO - [OK] Combined moscow 2025-05-25
[2025-06-09T17:49:47.659+0200] {logging_mixin.py:188} INFO - [OK] Combined moscow 2025-05-26
[2025-06-09T17:49:48.206+0200] {logging_mixin.py:188} INFO - [OK] Combined moscow 2025-05-27
[2025-06-09T17:49:49.053+0200] {logging_mixin.py:188} INFO - [DONE] Backfill combining completed
[2025-06-09T17:49:49.054+0200] {python.py:237} INFO - Done. Returned value was: None
[2025-06-09T17:49:49.054+0200] {taskinstance.py:441} INFO - ::group::Post task execution logs
[2025-06-09T17:49:49.058+0200] {taskinstance.py:1205} INFO - Marking task as SUCCESS. dag_id=backfill_pollution_weather_dag, task_id=combine_backfill_data, execution_date=20250609T154809, start_date=20250609T154920, end_date=20250609T154949
[2025-06-09T17:49:49.102+0200] {local_task_job_runner.py:240} INFO - Task exited with return code 0
[2025-06-09T17:49:49.107+0200] {taskinstance.py:3482} INFO - 0 downstream tasks scheduled from follow-on schedule check
[2025-06-09T17:49:49.108+0200] {local_task_job_runner.py:222} INFO - ::endgroup::
