[2025-06-09T18:01:33.359+0200] {local_task_job_runner.py:120} INFO - ::group::Pre task execution logs
[2025-06-09T18:01:33.376+0200] {taskinstance.py:2073} INFO - Dependencies all met for dep_context=non-requeueable deps ti=<TaskInstance: inspect_static_parquet_file_dag.inspect_static_parquet manual__2025-06-09T16:01:28.585976+00:00 [queued]>
[2025-06-09T18:01:33.380+0200] {taskinstance.py:2073} INFO - Dependencies all met for dep_context=requeueable deps ti=<TaskInstance: inspect_static_parquet_file_dag.inspect_static_parquet manual__2025-06-09T16:01:28.585976+00:00 [queued]>
[2025-06-09T18:01:33.381+0200] {taskinstance.py:2303} INFO - Starting attempt 1 of 1
[2025-06-09T18:01:33.398+0200] {taskinstance.py:2327} INFO - Executing <Task(PythonOperator): inspect_static_parquet> on 2025-06-09 16:01:28.585976+00:00
[2025-06-09T18:01:33.400+0200] {standard_task_runner.py:63} INFO - Started process 126544 to run task
[2025-06-09T18:01:33.403+0200] {standard_task_runner.py:90} INFO - Running: ['airflow', 'tasks', 'run', 'inspect_static_parquet_file_dag', 'inspect_static_parquet', 'manual__2025-06-09T16:01:28.585976+00:00', '--job-id', '424', '--raw', '--subdir', 'DAGS_FOLDER/inspect_parquet_file.py', '--cfg-path', '/tmp/tmpwejaa_br']
[2025-06-09T18:01:33.404+0200] {standard_task_runner.py:91} INFO - Job 424: Subtask inspect_static_parquet
[2025-06-09T18:01:33.435+0200] {task_command.py:426} INFO - Running <TaskInstance: inspect_static_parquet_file_dag.inspect_static_parquet manual__2025-06-09T16:01:28.585976+00:00 [running]> on host DESKTOP-2QS8J6D.
[2025-06-09T18:01:33.506+0200] {taskinstance.py:2644} INFO - Exporting env vars: AIRFLOW_CTX_DAG_OWNER='airflow' AIRFLOW_CTX_DAG_ID='inspect_static_parquet_file_dag' AIRFLOW_CTX_TASK_ID='inspect_static_parquet' AIRFLOW_CTX_EXECUTION_DATE='2025-06-09T16:01:28.585976+00:00' AIRFLOW_CTX_TRY_NUMBER='1' AIRFLOW_CTX_DAG_RUN_ID='manual__2025-06-09T16:01:28.585976+00:00'
[2025-06-09T18:01:33.507+0200] {taskinstance.py:430} INFO - ::endgroup::
[2025-06-09T18:01:38.932+0200] {logging_mixin.py:188} INFO - === Pollution Parquet Schema ===
[2025-06-09T18:01:40.691+0200] {logging_mixin.py:188} INFO - root
 |-- city_name: string (nullable = true)
 |-- time: string (nullable = true)
 |-- co: double (nullable = true)
 |-- no: double (nullable = true)
 |-- no2: double (nullable = true)
 |-- o3: double (nullable = true)
 |-- so2: double (nullable = true)
 |-- pm2_5: double (nullable = true)
 |-- pm10: double (nullable = true)
 |-- nh3: double (nullable = true)
 |-- aqi_mode: long (nullable = true)
 |-- lat: double (nullable = true)
 |-- lon: double (nullable = true)
 |-- population: integer (nullable = true)
 |-- temperature_2m_max: double (nullable = true)
 |-- temperature_2m_min: double (nullable = true)
 |-- temperature_2m_mean: double (nullable = true)
 |-- precipitation_sum: double (nullable = true)
 |-- snowfall_sum: double (nullable = true)
 |-- cloudcover_mean: long (nullable = true)
 |-- windgusts_10m_max: double (nullable = true)
 |-- winddirection_10m_dominant: long (nullable = true)
 |-- shortwave_radiation_sum: double (nullable = true)
 |-- et0_fao_evapotranspiration: double (nullable = true)
[2025-06-09T18:01:42.178+0200] {logging_mixin.py:188} INFO - +---------+----------+-------+-----+-----+------+-----+------+------+-----+--------+-------+-------+----------+------------------+------------------+-------------------+-----------------+------------+---------------+-----------------+--------------------------+-----------------------+--------------------------+
|city_name|time      |co     |no   |no2  |o3    |so2  |pm2_5 |pm10  |nh3  |aqi_mode|lat    |lon    |population|temperature_2m_max|temperature_2m_min|temperature_2m_mean|precipitation_sum|snowfall_sum|cloudcover_mean|windgusts_10m_max|winddirection_10m_dominant|shortwave_radiation_sum|et0_fao_evapotranspiration|
+---------+----------+-------+-----+-----+------+-----+------+------+-----+--------+-------+-------+----------+------------------+------------------+-------------------+-----------------+------------+---------------+-----------------+--------------------------+-----------------------+--------------------------+
|istanbul |2025-06-05|125.387|0.481|4.743|97.446|5.062|10.797|12.354|6.486|2       |41.0082|28.9784|15701602  |30.5              |19.9              |25.0               |0.0              |0.0         |0              |48.6             |44                        |28.82                  |7.48                      |
+---------+----------+-------+-----+-----+------+-----+------+------+-----+--------+-------+-------+----------+------------------+------------------+-------------------+-----------------+------------+---------------+-----------------+--------------------------+-----------------------+--------------------------+
[2025-06-09T18:01:42.179+0200] {logging_mixin.py:188} INFO - === Weather Parquet Schema ===
[2025-06-09T18:01:42.288+0200] {logging_mixin.py:188} INFO - root
 |-- city_name: string (nullable = true)
 |-- time: string (nullable = true)
 |-- co: double (nullable = true)
 |-- no: double (nullable = true)
 |-- no2: double (nullable = true)
 |-- o3: double (nullable = true)
 |-- so2: double (nullable = true)
 |-- pm2_5: double (nullable = true)
 |-- pm10: double (nullable = true)
 |-- nh3: double (nullable = true)
 |-- aqi_mode: long (nullable = true)
 |-- lat: double (nullable = true)
 |-- lon: double (nullable = true)
 |-- population: integer (nullable = true)
 |-- temperature_2m_max: double (nullable = true)
 |-- temperature_2m_min: double (nullable = true)
 |-- temperature_2m_mean: double (nullable = true)
 |-- precipitation_sum: double (nullable = true)
 |-- snowfall_sum: double (nullable = true)
 |-- cloudcover_mean: long (nullable = true)
 |-- windgusts_10m_max: double (nullable = true)
 |-- winddirection_10m_dominant: long (nullable = true)
 |-- shortwave_radiation_sum: double (nullable = true)
 |-- et0_fao_evapotranspiration: double (nullable = true)
[2025-06-09T18:01:42.465+0200] {logging_mixin.py:188} INFO - +---------+----------+-------+-----+-----+------+-----+------+------+-----+--------+-------+-------+----------+------------------+------------------+-------------------+-----------------+------------+---------------+-----------------+--------------------------+-----------------------+--------------------------+
|city_name|time      |co     |no   |no2  |o3    |so2  |pm2_5 |pm10  |nh3  |aqi_mode|lat    |lon    |population|temperature_2m_max|temperature_2m_min|temperature_2m_mean|precipitation_sum|snowfall_sum|cloudcover_mean|windgusts_10m_max|winddirection_10m_dominant|shortwave_radiation_sum|et0_fao_evapotranspiration|
+---------+----------+-------+-----+-----+------+-----+------+------+-----+--------+-------+-------+----------+------------------+------------------+-------------------+-----------------+------------+---------------+-----------------+--------------------------+-----------------------+--------------------------+
|istanbul |2025-06-05|125.387|0.481|4.743|97.446|5.062|10.797|12.354|6.486|2       |41.0082|28.9784|15701602  |30.5              |19.9              |25.0               |0.0              |0.0         |0              |48.6             |44                        |28.82                  |7.48                      |
+---------+----------+-------+-----+-----+------+-----+------+------+-----+--------+-------+-------+----------+------------------+------------------+-------------------+-----------------+------------+---------------+-----------------+--------------------------+-----------------------+--------------------------+
[2025-06-09T18:01:42.772+0200] {python.py:237} INFO - Done. Returned value was: None
[2025-06-09T18:01:42.772+0200] {taskinstance.py:441} INFO - ::group::Post task execution logs
[2025-06-09T18:01:42.777+0200] {taskinstance.py:1205} INFO - Marking task as SUCCESS. dag_id=inspect_static_parquet_file_dag, task_id=inspect_static_parquet, execution_date=20250609T160128, start_date=20250609T160133, end_date=20250609T160142
[2025-06-09T18:01:42.830+0200] {local_task_job_runner.py:240} INFO - Task exited with return code 0
[2025-06-09T18:01:42.857+0200] {taskinstance.py:3482} INFO - 0 downstream tasks scheduled from follow-on schedule check
[2025-06-09T18:01:42.858+0200] {local_task_job_runner.py:222} INFO - ::endgroup::
