[2025-06-09T20:17:47.340+0200] {local_task_job_runner.py:120} INFO - ::group::Pre task execution logs
[2025-06-09T20:17:47.353+0200] {taskinstance.py:2073} INFO - Dependencies all met for dep_context=non-requeueable deps ti=<TaskInstance: fetch_daily_pollution_weather_dag.index_daily_combined_to_elasticsearch scheduled__2025-06-06T00:00:00+00:00 [queued]>
[2025-06-09T20:17:47.357+0200] {taskinstance.py:2073} INFO - Dependencies all met for dep_context=requeueable deps ti=<TaskInstance: fetch_daily_pollution_weather_dag.index_daily_combined_to_elasticsearch scheduled__2025-06-06T00:00:00+00:00 [queued]>
[2025-06-09T20:17:47.357+0200] {taskinstance.py:2303} INFO - Starting attempt 2 of 2
[2025-06-09T20:17:47.378+0200] {taskinstance.py:2327} INFO - Executing <Task(PythonOperator): index_daily_combined_to_elasticsearch> on 2025-06-06 00:00:00+00:00
[2025-06-09T20:17:47.381+0200] {standard_task_runner.py:63} INFO - Started process 300096 to run task
[2025-06-09T20:17:47.385+0200] {standard_task_runner.py:90} INFO - Running: ['airflow', 'tasks', 'run', 'fetch_daily_pollution_weather_dag', 'index_daily_combined_to_elasticsearch', 'scheduled__2025-06-06T00:00:00+00:00', '--job-id', '447', '--raw', '--subdir', 'DAGS_FOLDER/daily_dag.py', '--cfg-path', '/tmp/tmpo6lo4i8j']
[2025-06-09T20:17:47.385+0200] {standard_task_runner.py:91} INFO - Job 447: Subtask index_daily_combined_to_elasticsearch
[2025-06-09T20:17:47.423+0200] {task_command.py:426} INFO - Running <TaskInstance: fetch_daily_pollution_weather_dag.index_daily_combined_to_elasticsearch scheduled__2025-06-06T00:00:00+00:00 [running]> on host DESKTOP-2QS8J6D.
[2025-06-09T20:17:47.475+0200] {taskinstance.py:2644} INFO - Exporting env vars: AIRFLOW_CTX_DAG_OWNER='airflow' AIRFLOW_CTX_DAG_ID='fetch_daily_pollution_weather_dag' AIRFLOW_CTX_TASK_ID='index_daily_combined_to_elasticsearch' AIRFLOW_CTX_EXECUTION_DATE='2025-06-06T00:00:00+00:00' AIRFLOW_CTX_TRY_NUMBER='2' AIRFLOW_CTX_DAG_RUN_ID='scheduled__2025-06-06T00:00:00+00:00'
[2025-06-09T20:17:47.476+0200] {taskinstance.py:430} INFO - ::endgroup::
[2025-06-09T20:17:51.193+0200] {_transport.py:349} INFO - HEAD http://localhost:9200/ [status:200 duration:0.004s]
[2025-06-09T20:17:53.649+0200] {_transport.py:349} INFO - POST http://localhost:9200/environment_data/_doc [status:201 duration:0.034s]
[2025-06-09T20:17:53.649+0200] {logging_mixin.py:188} INFO - [OK] Indexed istanbul/2025-06-06
[2025-06-09T20:17:53.865+0200] {_transport.py:349} INFO - POST http://localhost:9200/environment_data/_doc [status:201 duration:0.014s]
[2025-06-09T20:17:53.866+0200] {logging_mixin.py:188} INFO - [OK] Indexed moscow/2025-06-06
[2025-06-09T20:17:54.045+0200] {_transport.py:349} INFO - POST http://localhost:9200/environment_data/_doc [status:201 duration:0.015s]
[2025-06-09T20:17:54.046+0200] {logging_mixin.py:188} INFO - [OK] Indexed london/2025-06-06
[2025-06-09T20:17:54.227+0200] {_transport.py:349} INFO - POST http://localhost:9200/environment_data/_doc [status:201 duration:0.013s]
[2025-06-09T20:17:54.227+0200] {logging_mixin.py:188} INFO - [OK] Indexed saint_petersburg/2025-06-06
[2025-06-09T20:17:54.400+0200] {_transport.py:349} INFO - POST http://localhost:9200/environment_data/_doc [status:201 duration:0.014s]
[2025-06-09T20:17:54.401+0200] {logging_mixin.py:188} INFO - [OK] Indexed berlin/2025-06-06
[2025-06-09T20:17:54.576+0200] {_transport.py:349} INFO - POST http://localhost:9200/environment_data/_doc [status:201 duration:0.014s]
[2025-06-09T20:17:54.577+0200] {logging_mixin.py:188} INFO - [OK] Indexed madrid/2025-06-06
[2025-06-09T20:17:54.727+0200] {_transport.py:349} INFO - POST http://localhost:9200/environment_data/_doc [status:201 duration:0.014s]
[2025-06-09T20:17:54.728+0200] {logging_mixin.py:188} INFO - [OK] Indexed kyiv/2025-06-06
[2025-06-09T20:17:54.886+0200] {_transport.py:349} INFO - POST http://localhost:9200/environment_data/_doc [status:201 duration:0.016s]
[2025-06-09T20:17:54.886+0200] {logging_mixin.py:188} INFO - [OK] Indexed rome/2025-06-06
[2025-06-09T20:17:55.019+0200] {_transport.py:349} INFO - POST http://localhost:9200/environment_data/_doc [status:201 duration:0.013s]
[2025-06-09T20:17:55.019+0200] {logging_mixin.py:188} INFO - [OK] Indexed baku/2025-06-06
[2025-06-09T20:17:55.153+0200] {_transport.py:349} INFO - POST http://localhost:9200/environment_data/_doc [status:201 duration:0.014s]
[2025-06-09T20:17:55.154+0200] {logging_mixin.py:188} INFO - [OK] Indexed paris/2025-06-06
[2025-06-09T20:17:55.292+0200] {_transport.py:349} INFO - POST http://localhost:9200/environment_data/_doc [status:201 duration:0.009s]
[2025-06-09T20:17:55.292+0200] {logging_mixin.py:188} INFO - [OK] Indexed vienna/2025-06-06
[2025-06-09T20:17:55.404+0200] {_transport.py:349} INFO - POST http://localhost:9200/environment_data/_doc [status:201 duration:0.010s]
[2025-06-09T20:17:55.404+0200] {logging_mixin.py:188} INFO - [OK] Indexed minsk/2025-06-06
[2025-06-09T20:17:55.522+0200] {_transport.py:349} INFO - POST http://localhost:9200/environment_data/_doc [status:201 duration:0.010s]
[2025-06-09T20:17:55.522+0200] {logging_mixin.py:188} INFO - [OK] Indexed hamburg/2025-06-06
[2025-06-09T20:17:55.626+0200] {_transport.py:349} INFO - POST http://localhost:9200/environment_data/_doc [status:201 duration:0.009s]
[2025-06-09T20:17:55.626+0200] {logging_mixin.py:188} INFO - [OK] Indexed warsaw/2025-06-06
[2025-06-09T20:17:55.736+0200] {_transport.py:349} INFO - POST http://localhost:9200/environment_data/_doc [status:201 duration:0.009s]
[2025-06-09T20:17:55.736+0200] {logging_mixin.py:188} INFO - [OK] Indexed bucharest/2025-06-06
[2025-06-09T20:17:55.856+0200] {_transport.py:349} INFO - POST http://localhost:9200/environment_data/_doc [status:201 duration:0.010s]
[2025-06-09T20:17:55.856+0200] {logging_mixin.py:188} INFO - [OK] Indexed barcelona/2025-06-06
[2025-06-09T20:17:55.968+0200] {_transport.py:349} INFO - POST http://localhost:9200/environment_data/_doc [status:201 duration:0.009s]
[2025-06-09T20:17:55.968+0200] {logging_mixin.py:188} INFO - [OK] Indexed budapest/2025-06-06
[2025-06-09T20:17:56.078+0200] {_transport.py:349} INFO - POST http://localhost:9200/environment_data/_doc [status:201 duration:0.010s]
[2025-06-09T20:17:56.078+0200] {logging_mixin.py:188} INFO - [OK] Indexed belgrade/2025-06-06
[2025-06-09T20:17:56.182+0200] {_transport.py:349} INFO - POST http://localhost:9200/environment_data/_doc [status:201 duration:0.010s]
[2025-06-09T20:17:56.183+0200] {logging_mixin.py:188} INFO - [OK] Indexed munich/2025-06-06
[2025-06-09T20:17:56.298+0200] {_transport.py:349} INFO - POST http://localhost:9200/environment_data/_doc [status:201 duration:0.011s]
[2025-06-09T20:17:56.299+0200] {logging_mixin.py:188} INFO - [OK] Indexed kharkiv/2025-06-06
[2025-06-09T20:17:56.423+0200] {_transport.py:349} INFO - POST http://localhost:9200/environment_data/_doc [status:201 duration:0.011s]
[2025-06-09T20:17:56.423+0200] {logging_mixin.py:188} INFO - [OK] Indexed prague/2025-06-06
[2025-06-09T20:17:56.560+0200] {_transport.py:349} INFO - POST http://localhost:9200/environment_data/_doc [status:201 duration:0.009s]
[2025-06-09T20:17:56.560+0200] {logging_mixin.py:188} INFO - [OK] Indexed milan/2025-06-06
[2025-06-09T20:17:56.666+0200] {_transport.py:349} INFO - POST http://localhost:9200/environment_data/_doc [status:201 duration:0.011s]
[2025-06-09T20:17:56.666+0200] {logging_mixin.py:188} INFO - [OK] Indexed algiers/2025-06-06
[2025-06-09T20:17:56.917+0200] {logging_mixin.py:188} INFO - [DONE] Finished indexing daily data for 2025-06-06
[2025-06-09T20:17:56.917+0200] {python.py:237} INFO - Done. Returned value was: None
[2025-06-09T20:17:56.918+0200] {taskinstance.py:441} INFO - ::group::Post task execution logs
[2025-06-09T20:17:56.921+0200] {taskinstance.py:1205} INFO - Marking task as SUCCESS. dag_id=fetch_daily_pollution_weather_dag, task_id=index_daily_combined_to_elasticsearch, execution_date=20250606T000000, start_date=20250609T181747, end_date=20250609T181756
[2025-06-09T20:17:56.957+0200] {local_task_job_runner.py:240} INFO - Task exited with return code 0
[2025-06-09T20:17:56.962+0200] {taskinstance.py:3482} INFO - 0 downstream tasks scheduled from follow-on schedule check
[2025-06-09T20:17:56.962+0200] {local_task_job_runner.py:222} INFO - ::endgroup::
