[2025-06-09T17:54:46.063+0200] {local_task_job_runner.py:120} INFO - ::group::Pre task execution logs
[2025-06-09T17:54:46.081+0200] {taskinstance.py:2073} INFO - Dependencies all met for dep_context=non-requeueable deps ti=<TaskInstance: fetch_daily_pollution_weather_dag.index_daily_combined_to_elasticsearch scheduled__2025-06-06T00:00:00+00:00 [queued]>
[2025-06-09T17:54:46.087+0200] {taskinstance.py:2073} INFO - Dependencies all met for dep_context=requeueable deps ti=<TaskInstance: fetch_daily_pollution_weather_dag.index_daily_combined_to_elasticsearch scheduled__2025-06-06T00:00:00+00:00 [queued]>
[2025-06-09T17:54:46.087+0200] {taskinstance.py:2303} INFO - Starting attempt 1 of 2
[2025-06-09T17:54:46.109+0200] {taskinstance.py:2327} INFO - Executing <Task(PythonOperator): index_daily_combined_to_elasticsearch> on 2025-06-06 00:00:00+00:00
[2025-06-09T17:54:46.111+0200] {standard_task_runner.py:63} INFO - Started process 120885 to run task
[2025-06-09T17:54:46.114+0200] {standard_task_runner.py:90} INFO - Running: ['airflow', 'tasks', 'run', 'fetch_daily_pollution_weather_dag', 'index_daily_combined_to_elasticsearch', 'scheduled__2025-06-06T00:00:00+00:00', '--job-id', '419', '--raw', '--subdir', 'DAGS_FOLDER/daily_dag.py', '--cfg-path', '/tmp/tmpdpgsqrcu']
[2025-06-09T17:54:46.114+0200] {standard_task_runner.py:91} INFO - Job 419: Subtask index_daily_combined_to_elasticsearch
[2025-06-09T17:54:46.160+0200] {task_command.py:426} INFO - Running <TaskInstance: fetch_daily_pollution_weather_dag.index_daily_combined_to_elasticsearch scheduled__2025-06-06T00:00:00+00:00 [running]> on host DESKTOP-2QS8J6D.
[2025-06-09T17:54:46.230+0200] {taskinstance.py:2644} INFO - Exporting env vars: AIRFLOW_CTX_DAG_OWNER='airflow' AIRFLOW_CTX_DAG_ID='fetch_daily_pollution_weather_dag' AIRFLOW_CTX_TASK_ID='index_daily_combined_to_elasticsearch' AIRFLOW_CTX_EXECUTION_DATE='2025-06-06T00:00:00+00:00' AIRFLOW_CTX_TRY_NUMBER='1' AIRFLOW_CTX_DAG_RUN_ID='scheduled__2025-06-06T00:00:00+00:00'
[2025-06-09T17:54:46.231+0200] {taskinstance.py:430} INFO - ::endgroup::
[2025-06-09T17:54:52.172+0200] {_transport.py:349} INFO - HEAD http://localhost:9200/ [status:200 duration:0.005s]
[2025-06-09T17:54:52.312+0200] {logging_mixin.py:188} INFO - [DONE] Finished indexing daily data for 2025-06-06
[2025-06-09T17:54:52.313+0200] {python.py:237} INFO - Done. Returned value was: None
[2025-06-09T17:54:52.313+0200] {taskinstance.py:441} INFO - ::group::Post task execution logs
[2025-06-09T17:54:52.318+0200] {taskinstance.py:1205} INFO - Marking task as SUCCESS. dag_id=fetch_daily_pollution_weather_dag, task_id=index_daily_combined_to_elasticsearch, execution_date=20250606T000000, start_date=20250609T155446, end_date=20250609T155452
[2025-06-09T17:54:52.383+0200] {local_task_job_runner.py:240} INFO - Task exited with return code 0
[2025-06-09T17:54:52.398+0200] {taskinstance.py:3482} INFO - 0 downstream tasks scheduled from follow-on schedule check
[2025-06-09T17:54:52.398+0200] {local_task_job_runner.py:222} INFO - ::endgroup::
[2025-06-09T20:12:44.365+0200] {local_task_job_runner.py:120} INFO - ::group::Pre task execution logs
[2025-06-09T20:12:44.378+0200] {taskinstance.py:2063} INFO - Dependencies not met for <TaskInstance: fetch_daily_pollution_weather_dag.index_daily_combined_to_elasticsearch scheduled__2025-06-06T00:00:00+00:00 [queued]>, dependency 'Trigger Rule' FAILED: Task's trigger rule 'all_success' requires all upstream tasks to have succeeded, but found 1 non-success(es). upstream_states=_UpstreamTIStates(success=0, skipped=0, failed=0, upstream_failed=0, removed=0, done=0, success_setup=0, skipped_setup=0), upstream_task_ids={'combine_daily_data_all_cities'}
[2025-06-09T20:12:44.378+0200] {local_task_job_runner.py:163} INFO - Task is not able to be run
