[2025-06-09T11:39:53.371+0200] {local_task_job_runner.py:120} INFO - ::group::Pre task execution logs
[2025-06-09T11:39:53.385+0200] {taskinstance.py:2073} INFO - Dependencies all met for dep_context=non-requeueable deps ti=<TaskInstance: inspect_static_parquet_file_dag.inspect_static_parquet manual__2025-06-09T09:39:50.857467+00:00 [queued]>
[2025-06-09T11:39:53.388+0200] {taskinstance.py:2073} INFO - Dependencies all met for dep_context=requeueable deps ti=<TaskInstance: inspect_static_parquet_file_dag.inspect_static_parquet manual__2025-06-09T09:39:50.857467+00:00 [queued]>
[2025-06-09T11:39:53.388+0200] {taskinstance.py:2303} INFO - Starting attempt 1 of 1
[2025-06-09T11:39:53.404+0200] {taskinstance.py:2327} INFO - Executing <Task(PythonOperator): inspect_static_parquet> on 2025-06-09 09:39:50.857467+00:00
[2025-06-09T11:39:53.407+0200] {standard_task_runner.py:63} INFO - Started process 9959 to run task
[2025-06-09T11:39:53.411+0200] {standard_task_runner.py:90} INFO - Running: ['airflow', 'tasks', 'run', 'inspect_static_parquet_file_dag', 'inspect_static_parquet', 'manual__2025-06-09T09:39:50.857467+00:00', '--job-id', '351', '--raw', '--subdir', 'DAGS_FOLDER/inspect_parquet_file.py', '--cfg-path', '/tmp/tmp0f84d7on']
[2025-06-09T11:39:53.413+0200] {standard_task_runner.py:91} INFO - Job 351: Subtask inspect_static_parquet
[2025-06-09T11:39:53.444+0200] {task_command.py:426} INFO - Running <TaskInstance: inspect_static_parquet_file_dag.inspect_static_parquet manual__2025-06-09T09:39:50.857467+00:00 [running]> on host DESKTOP-2QS8J6D.
[2025-06-09T11:39:53.510+0200] {taskinstance.py:2644} INFO - Exporting env vars: AIRFLOW_CTX_DAG_OWNER='airflow' AIRFLOW_CTX_DAG_ID='inspect_static_parquet_file_dag' AIRFLOW_CTX_TASK_ID='inspect_static_parquet' AIRFLOW_CTX_EXECUTION_DATE='2025-06-09T09:39:50.857467+00:00' AIRFLOW_CTX_TRY_NUMBER='1' AIRFLOW_CTX_DAG_RUN_ID='manual__2025-06-09T09:39:50.857467+00:00'
[2025-06-09T11:39:53.512+0200] {taskinstance.py:430} INFO - ::endgroup::
[2025-06-09T11:39:57.420+0200] {logging_mixin.py:188} INFO - === Pollution Parquet Schema ===
[2025-06-09T11:39:58.732+0200] {logging_mixin.py:188} INFO - root
 |-- co: double (nullable = true)
 |-- no: double (nullable = true)
 |-- no2: double (nullable = true)
 |-- o3: double (nullable = true)
 |-- so2: double (nullable = true)
 |-- pm2_5: double (nullable = true)
 |-- pm10: double (nullable = true)
 |-- nh3: double (nullable = true)
 |-- aqi_mode: long (nullable = true)
 |-- lat: double (nullable = true)
 |-- lon: double (nullable = true)
 |-- time: string (nullable = true)
 |-- city_name: string (nullable = true)
[2025-06-09T11:40:00.700+0200] {logging_mixin.py:188} INFO - +-------+-----+-----+------+-----+-----+------+-----+--------+-------+-------+----------+---------+
|co     |no   |no2  |o3    |so2  |pm2_5|pm10  |nh3  |aqi_mode|lat    |lon    |time      |city_name|
+-------+-----+-----+------+-----+-----+------+-----+--------+-------+-------+----------+---------+
|102.039|0.205|2.814|83.291|2.369|7.774|19.842|6.582|2       |41.0082|28.9784|2025-05-22|istanbul |
+-------+-----+-----+------+-----+-----+------+-----+--------+-------+-------+----------+---------+
[2025-06-09T11:40:00.700+0200] {logging_mixin.py:188} INFO - [ERROR] Weather file not found: /home/ccd/airflow/data/formatted/weather/paris/2025-05-22/
[2025-06-09T11:40:01.114+0200] {python.py:237} INFO - Done. Returned value was: None
[2025-06-09T11:40:01.114+0200] {taskinstance.py:441} INFO - ::group::Post task execution logs
[2025-06-09T11:40:01.118+0200] {taskinstance.py:1205} INFO - Marking task as SUCCESS. dag_id=inspect_static_parquet_file_dag, task_id=inspect_static_parquet, execution_date=20250609T093950, start_date=20250609T093953, end_date=20250609T094001
[2025-06-09T11:40:01.160+0200] {local_task_job_runner.py:240} INFO - Task exited with return code 0
[2025-06-09T11:40:01.164+0200] {taskinstance.py:3482} INFO - 0 downstream tasks scheduled from follow-on schedule check
[2025-06-09T11:40:01.165+0200] {local_task_job_runner.py:222} INFO - ::endgroup::
