[2025-05-29T00:58:05.399+0200] {local_task_job_runner.py:120} INFO - ::group::Pre task execution logs
[2025-05-29T00:58:05.419+0200] {taskinstance.py:2073} INFO - Dependencies all met for dep_context=non-requeueable deps ti=<TaskInstance: fetch_daily_pollution_weather_dag.format_daily_data_all_cities scheduled__2025-05-26T00:00:00+00:00 [queued]>
[2025-05-29T00:58:05.424+0200] {taskinstance.py:2073} INFO - Dependencies all met for dep_context=requeueable deps ti=<TaskInstance: fetch_daily_pollution_weather_dag.format_daily_data_all_cities scheduled__2025-05-26T00:00:00+00:00 [queued]>
[2025-05-29T00:58:05.424+0200] {taskinstance.py:2303} INFO - Starting attempt 1 of 2
[2025-05-29T00:58:05.443+0200] {taskinstance.py:2327} INFO - Executing <Task(PythonOperator): format_daily_data_all_cities> on 2025-05-26 00:00:00+00:00
[2025-05-29T00:58:05.447+0200] {standard_task_runner.py:63} INFO - Started process 395233 to run task
[2025-05-29T00:58:05.450+0200] {standard_task_runner.py:90} INFO - Running: ['airflow', 'tasks', 'run', 'fetch_daily_pollution_weather_dag', 'format_daily_data_all_cities', 'scheduled__2025-05-26T00:00:00+00:00', '--job-id', '54', '--raw', '--subdir', 'DAGS_FOLDER/daily_dag.py', '--cfg-path', '/tmp/tmp30whfz6h']
[2025-05-29T00:58:05.451+0200] {standard_task_runner.py:91} INFO - Job 54: Subtask format_daily_data_all_cities
[2025-05-29T00:58:05.493+0200] {task_command.py:426} INFO - Running <TaskInstance: fetch_daily_pollution_weather_dag.format_daily_data_all_cities scheduled__2025-05-26T00:00:00+00:00 [running]> on host DESKTOP-2QS8J6D.
[2025-05-29T00:58:05.566+0200] {taskinstance.py:2644} INFO - Exporting env vars: AIRFLOW_CTX_DAG_OWNER='airflow' AIRFLOW_CTX_DAG_ID='fetch_daily_pollution_weather_dag' AIRFLOW_CTX_TASK_ID='format_daily_data_all_cities' AIRFLOW_CTX_EXECUTION_DATE='2025-05-26T00:00:00+00:00' AIRFLOW_CTX_TRY_NUMBER='1' AIRFLOW_CTX_DAG_RUN_ID='scheduled__2025-05-26T00:00:00+00:00'
[2025-05-29T00:58:05.568+0200] {taskinstance.py:430} INFO - ::endgroup::
[2025-05-29T00:58:05.672+0200] {python.py:237} INFO - Done. Returned value was: None
[2025-05-29T00:58:05.672+0200] {taskinstance.py:441} INFO - ::group::Post task execution logs
[2025-05-29T00:58:05.677+0200] {taskinstance.py:1205} INFO - Marking task as SUCCESS. dag_id=fetch_daily_pollution_weather_dag, task_id=format_daily_data_all_cities, execution_date=20250526T000000, start_date=20250528T225805, end_date=20250528T225805
[2025-05-29T00:58:05.703+0200] {local_task_job_runner.py:240} INFO - Task exited with return code 0
[2025-05-29T00:58:05.713+0200] {taskinstance.py:3482} INFO - 0 downstream tasks scheduled from follow-on schedule check
[2025-05-29T00:58:05.713+0200] {local_task_job_runner.py:222} INFO - ::endgroup::
[2025-05-30T17:22:09.974+0200] {local_task_job_runner.py:120} INFO - ::group::Pre task execution logs
[2025-05-30T17:22:09.985+0200] {taskinstance.py:2073} INFO - Dependencies all met for dep_context=non-requeueable deps ti=<TaskInstance: fetch_daily_pollution_weather_dag.format_daily_data_all_cities scheduled__2025-05-26T00:00:00+00:00 [queued]>
[2025-05-30T17:22:09.987+0200] {taskinstance.py:2073} INFO - Dependencies all met for dep_context=requeueable deps ti=<TaskInstance: fetch_daily_pollution_weather_dag.format_daily_data_all_cities scheduled__2025-05-26T00:00:00+00:00 [queued]>
[2025-05-30T17:22:09.988+0200] {taskinstance.py:2303} INFO - Starting attempt 1 of 2
[2025-05-30T17:22:10.001+0200] {taskinstance.py:2327} INFO - Executing <Task(PythonOperator): format_daily_data_all_cities> on 2025-05-26 00:00:00+00:00
[2025-05-30T17:22:10.003+0200] {standard_task_runner.py:63} INFO - Started process 32554 to run task
[2025-05-30T17:22:10.005+0200] {standard_task_runner.py:90} INFO - Running: ['airflow', 'tasks', 'run', 'fetch_daily_pollution_weather_dag', 'format_daily_data_all_cities', 'scheduled__2025-05-26T00:00:00+00:00', '--job-id', '80', '--raw', '--subdir', 'DAGS_FOLDER/daily_dag.py', '--cfg-path', '/tmp/tmpoh77jn2l']
[2025-05-30T17:22:10.006+0200] {standard_task_runner.py:91} INFO - Job 80: Subtask format_daily_data_all_cities
[2025-05-30T17:22:10.038+0200] {task_command.py:426} INFO - Running <TaskInstance: fetch_daily_pollution_weather_dag.format_daily_data_all_cities scheduled__2025-05-26T00:00:00+00:00 [running]> on host DESKTOP-2QS8J6D.
[2025-05-30T17:22:10.093+0200] {taskinstance.py:2644} INFO - Exporting env vars: AIRFLOW_CTX_DAG_OWNER='airflow' AIRFLOW_CTX_DAG_ID='fetch_daily_pollution_weather_dag' AIRFLOW_CTX_TASK_ID='format_daily_data_all_cities' AIRFLOW_CTX_EXECUTION_DATE='2025-05-26T00:00:00+00:00' AIRFLOW_CTX_TRY_NUMBER='1' AIRFLOW_CTX_DAG_RUN_ID='scheduled__2025-05-26T00:00:00+00:00'
[2025-05-30T17:22:10.094+0200] {taskinstance.py:430} INFO - ::endgroup::
[2025-05-30T17:22:10.199+0200] {python.py:237} INFO - Done. Returned value was: None
[2025-05-30T17:22:10.199+0200] {taskinstance.py:441} INFO - ::group::Post task execution logs
[2025-05-30T17:22:10.201+0200] {taskinstance.py:1205} INFO - Marking task as SUCCESS. dag_id=fetch_daily_pollution_weather_dag, task_id=format_daily_data_all_cities, execution_date=20250526T000000, start_date=20250530T152209, end_date=20250530T152210
[2025-05-30T17:22:10.258+0200] {local_task_job_runner.py:240} INFO - Task exited with return code 0
[2025-05-30T17:22:10.266+0200] {taskinstance.py:3482} INFO - 0 downstream tasks scheduled from follow-on schedule check
[2025-05-30T17:22:10.266+0200] {local_task_job_runner.py:222} INFO - ::endgroup::
