[2025-06-09T12:05:03.025+0200] {local_task_job_runner.py:120} INFO - ::group::Pre task execution logs
[2025-06-09T12:05:03.036+0200] {taskinstance.py:2073} INFO - Dependencies all met for dep_context=non-requeueable deps ti=<TaskInstance: fetch_daily_pollution_weather_dag.combine_daily_data_all_cities scheduled__2025-06-07T00:00:00+00:00 [queued]>
[2025-06-09T12:05:03.039+0200] {taskinstance.py:2073} INFO - Dependencies all met for dep_context=requeueable deps ti=<TaskInstance: fetch_daily_pollution_weather_dag.combine_daily_data_all_cities scheduled__2025-06-07T00:00:00+00:00 [queued]>
[2025-06-09T12:05:03.039+0200] {taskinstance.py:2303} INFO - Starting attempt 1 of 2
[2025-06-09T12:05:03.055+0200] {taskinstance.py:2327} INFO - Executing <Task(PythonOperator): combine_daily_data_all_cities> on 2025-06-07 00:00:00+00:00
[2025-06-09T12:05:03.057+0200] {standard_task_runner.py:63} INFO - Started process 23798 to run task
[2025-06-09T12:05:03.059+0200] {standard_task_runner.py:90} INFO - Running: ['airflow', 'tasks', 'run', 'fetch_daily_pollution_weather_dag', 'combine_daily_data_all_cities', 'scheduled__2025-06-07T00:00:00+00:00', '--job-id', '365', '--raw', '--subdir', 'DAGS_FOLDER/daily_dag.py', '--cfg-path', '/tmp/tmptu8ln2uo']
[2025-06-09T12:05:03.059+0200] {standard_task_runner.py:91} INFO - Job 365: Subtask combine_daily_data_all_cities
[2025-06-09T12:05:03.085+0200] {task_command.py:426} INFO - Running <TaskInstance: fetch_daily_pollution_weather_dag.combine_daily_data_all_cities scheduled__2025-06-07T00:00:00+00:00 [running]> on host DESKTOP-2QS8J6D.
[2025-06-09T12:05:03.138+0200] {taskinstance.py:2644} INFO - Exporting env vars: AIRFLOW_CTX_DAG_OWNER='airflow' AIRFLOW_CTX_DAG_ID='fetch_daily_pollution_weather_dag' AIRFLOW_CTX_TASK_ID='combine_daily_data_all_cities' AIRFLOW_CTX_EXECUTION_DATE='2025-06-07T00:00:00+00:00' AIRFLOW_CTX_TRY_NUMBER='1' AIRFLOW_CTX_DAG_RUN_ID='scheduled__2025-06-07T00:00:00+00:00'
[2025-06-09T12:05:03.139+0200] {taskinstance.py:430} INFO - ::endgroup::
[2025-06-09T12:05:06.268+0200] {logging_mixin.py:188} INFO - [START] Combining daily data for 2025-06-07
[2025-06-09T12:05:06.269+0200] {logging_mixin.py:188} INFO - [COMBINING] City: istanbul
[2025-06-09T12:05:09.563+0200] {logging_mixin.py:188} INFO - [OK] Combined written: /home/ccd/airflow/data/formatted/combined/istanbul/2025-06-07
[2025-06-09T12:05:09.564+0200] {logging_mixin.py:188} INFO - [COMBINING] City: moscow
[2025-06-09T12:05:10.198+0200] {logging_mixin.py:188} INFO - [OK] Combined written: /home/ccd/airflow/data/formatted/combined/moscow/2025-06-07
[2025-06-09T12:05:11.009+0200] {logging_mixin.py:188} INFO - [DONE] Finished combining daily data for 2025-06-07
[2025-06-09T12:05:11.009+0200] {python.py:237} INFO - Done. Returned value was: None
[2025-06-09T12:05:11.010+0200] {taskinstance.py:441} INFO - ::group::Post task execution logs
[2025-06-09T12:05:11.014+0200] {taskinstance.py:1205} INFO - Marking task as SUCCESS. dag_id=fetch_daily_pollution_weather_dag, task_id=combine_daily_data_all_cities, execution_date=20250607T000000, start_date=20250609T100503, end_date=20250609T100511
[2025-06-09T12:05:11.071+0200] {local_task_job_runner.py:240} INFO - Task exited with return code 0
[2025-06-09T12:05:11.078+0200] {taskinstance.py:3482} INFO - 0 downstream tasks scheduled from follow-on schedule check
[2025-06-09T12:05:11.078+0200] {local_task_job_runner.py:222} INFO - ::endgroup::
[2025-06-09T15:29:49.250+0200] {local_task_job_runner.py:120} INFO - ::group::Pre task execution logs
[2025-06-09T15:29:49.265+0200] {taskinstance.py:2073} INFO - Dependencies all met for dep_context=non-requeueable deps ti=<TaskInstance: fetch_daily_pollution_weather_dag.combine_daily_data_all_cities scheduled__2025-06-07T00:00:00+00:00 [queued]>
[2025-06-09T15:29:49.268+0200] {taskinstance.py:2073} INFO - Dependencies all met for dep_context=requeueable deps ti=<TaskInstance: fetch_daily_pollution_weather_dag.combine_daily_data_all_cities scheduled__2025-06-07T00:00:00+00:00 [queued]>
[2025-06-09T15:29:49.268+0200] {taskinstance.py:2303} INFO - Starting attempt 1 of 2
[2025-06-09T15:29:49.286+0200] {taskinstance.py:2327} INFO - Executing <Task(PythonOperator): combine_daily_data_all_cities> on 2025-06-07 00:00:00+00:00
[2025-06-09T15:29:49.288+0200] {standard_task_runner.py:63} INFO - Started process 79929 to run task
[2025-06-09T15:29:49.291+0200] {standard_task_runner.py:90} INFO - Running: ['airflow', 'tasks', 'run', 'fetch_daily_pollution_weather_dag', 'combine_daily_data_all_cities', 'scheduled__2025-06-07T00:00:00+00:00', '--job-id', '389', '--raw', '--subdir', 'DAGS_FOLDER/daily_dag.py', '--cfg-path', '/tmp/tmph1bo6cy1']
[2025-06-09T15:29:49.292+0200] {standard_task_runner.py:91} INFO - Job 389: Subtask combine_daily_data_all_cities
[2025-06-09T15:29:49.323+0200] {task_command.py:426} INFO - Running <TaskInstance: fetch_daily_pollution_weather_dag.combine_daily_data_all_cities scheduled__2025-06-07T00:00:00+00:00 [running]> on host DESKTOP-2QS8J6D.
[2025-06-09T15:29:49.405+0200] {taskinstance.py:2644} INFO - Exporting env vars: AIRFLOW_CTX_DAG_OWNER='airflow' AIRFLOW_CTX_DAG_ID='fetch_daily_pollution_weather_dag' AIRFLOW_CTX_TASK_ID='combine_daily_data_all_cities' AIRFLOW_CTX_EXECUTION_DATE='2025-06-07T00:00:00+00:00' AIRFLOW_CTX_TRY_NUMBER='1' AIRFLOW_CTX_DAG_RUN_ID='scheduled__2025-06-07T00:00:00+00:00'
[2025-06-09T15:29:49.406+0200] {taskinstance.py:430} INFO - ::endgroup::
[2025-06-09T15:29:53.280+0200] {logging_mixin.py:188} INFO - [START] Combining daily data for 2025-06-07
[2025-06-09T15:29:53.280+0200] {logging_mixin.py:188} INFO - [COMBINING] City: istanbul
[2025-06-09T15:29:58.369+0200] {logging_mixin.py:188} INFO - [OK] Combined written: /home/ccd/airflow/data/formatted/combined/istanbul/2025-06-07
[2025-06-09T15:29:58.369+0200] {logging_mixin.py:188} INFO - [COMBINING] City: moscow
[2025-06-09T15:29:59.381+0200] {logging_mixin.py:188} INFO - [OK] Combined written: /home/ccd/airflow/data/formatted/combined/moscow/2025-06-07
[2025-06-09T15:30:00.055+0200] {logging_mixin.py:188} INFO - [DONE] Finished combining daily data for 2025-06-07
[2025-06-09T15:30:00.056+0200] {python.py:237} INFO - Done. Returned value was: None
[2025-06-09T15:30:00.056+0200] {taskinstance.py:441} INFO - ::group::Post task execution logs
[2025-06-09T15:30:00.059+0200] {taskinstance.py:1205} INFO - Marking task as SUCCESS. dag_id=fetch_daily_pollution_weather_dag, task_id=combine_daily_data_all_cities, execution_date=20250607T000000, start_date=20250609T132949, end_date=20250609T133000
[2025-06-09T15:30:00.107+0200] {local_task_job_runner.py:240} INFO - Task exited with return code 0
[2025-06-09T15:30:00.114+0200] {taskinstance.py:3482} INFO - 1 downstream tasks scheduled from follow-on schedule check
[2025-06-09T15:30:00.123+0200] {local_task_job_runner.py:222} INFO - ::endgroup::
