[2025-05-31T01:06:37.437+0200] {local_task_job_runner.py:120} INFO - ::group::Pre task execution logs
[2025-05-31T01:06:37.451+0200] {taskinstance.py:2073} INFO - Dependencies all met for dep_context=non-requeueable deps ti=<TaskInstance: fetch_daily_pollution_weather_dag.format_daily_data_all_cities scheduled__2025-05-29T00:00:00+00:00 [queued]>
[2025-05-31T01:06:37.454+0200] {taskinstance.py:2073} INFO - Dependencies all met for dep_context=requeueable deps ti=<TaskInstance: fetch_daily_pollution_weather_dag.format_daily_data_all_cities scheduled__2025-05-29T00:00:00+00:00 [queued]>
[2025-05-31T01:06:37.454+0200] {taskinstance.py:2303} INFO - Starting attempt 2 of 2
[2025-05-31T01:06:37.470+0200] {taskinstance.py:2327} INFO - Executing <Task(PythonOperator): format_daily_data_all_cities> on 2025-05-29 00:00:00+00:00
[2025-05-31T01:06:37.473+0200] {standard_task_runner.py:63} INFO - Started process 167142 to run task
[2025-05-31T01:06:37.475+0200] {standard_task_runner.py:90} INFO - Running: ['airflow', 'tasks', 'run', 'fetch_daily_pollution_weather_dag', 'format_daily_data_all_cities', 'scheduled__2025-05-29T00:00:00+00:00', '--job-id', '133', '--raw', '--subdir', 'DAGS_FOLDER/daily_dag.py', '--cfg-path', '/tmp/tmpfn1qjrr6']
[2025-05-31T01:06:37.476+0200] {standard_task_runner.py:91} INFO - Job 133: Subtask format_daily_data_all_cities
[2025-05-31T01:06:37.510+0200] {task_command.py:426} INFO - Running <TaskInstance: fetch_daily_pollution_weather_dag.format_daily_data_all_cities scheduled__2025-05-29T00:00:00+00:00 [running]> on host DESKTOP-2QS8J6D.
[2025-05-31T01:06:37.551+0200] {taskinstance.py:2644} INFO - Exporting env vars: AIRFLOW_CTX_DAG_OWNER='airflow' AIRFLOW_CTX_DAG_ID='fetch_daily_pollution_weather_dag' AIRFLOW_CTX_TASK_ID='format_daily_data_all_cities' AIRFLOW_CTX_EXECUTION_DATE='2025-05-29T00:00:00+00:00' AIRFLOW_CTX_TRY_NUMBER='2' AIRFLOW_CTX_DAG_RUN_ID='scheduled__2025-05-29T00:00:00+00:00'
[2025-05-31T01:06:37.552+0200] {taskinstance.py:430} INFO - ::endgroup::
[2025-05-31T01:06:44.046+0200] {logging_mixin.py:188} INFO - [OK] Formatted pollution for istanbul
[2025-05-31T01:06:44.056+0200] {taskinstance.py:441} INFO - ::group::Post task execution logs
[2025-05-31T01:06:44.056+0200] {taskinstance.py:2890} ERROR - Task failed with exception
Traceback (most recent call last):
  File "/home/ccd/airflow_venv/lib/python3.10/site-packages/airflow/models/taskinstance.py", line 465, in _execute_task
    result = _execute_callable(context=context, **execute_callable_kwargs)
  File "/home/ccd/airflow_venv/lib/python3.10/site-packages/airflow/models/taskinstance.py", line 432, in _execute_callable
    return execute_callable(context=context, **execute_callable_kwargs)
  File "/home/ccd/airflow_venv/lib/python3.10/site-packages/airflow/models/baseoperator.py", line 400, in wrapper
    return func(self, *args, **kwargs)
  File "/home/ccd/airflow_venv/lib/python3.10/site-packages/airflow/operators/python.py", line 235, in execute
    return_value = self.execute_callable()
  File "/home/ccd/airflow_venv/lib/python3.10/site-packages/airflow/operators/python.py", line 252, in execute_callable
    return self.python_callable(*self.op_args, **self.op_kwargs)
  File "/home/ccd/airflow/dags/daily_dag.py", line 243, in format_daily_data
    df_weather_spark = spark.createDataFrame(df_weather).withColumn("city_name", lit(city_name))
  File "/home/ccd/airflow_venv/lib/python3.10/site-packages/pyspark/sql/session.py", line 1591, in createDataFrame
    return super(SparkSession, self).createDataFrame(  # type: ignore[call-overload]
  File "/home/ccd/airflow_venv/lib/python3.10/site-packages/pyspark/sql/pandas/conversion.py", line 437, in createDataFrame
    return self._create_dataframe(converted_data, schema, samplingRatio, verifySchema)
  File "/home/ccd/airflow_venv/lib/python3.10/site-packages/pyspark/sql/session.py", line 1643, in _create_dataframe
    rdd, struct = self._createFromLocal(
  File "/home/ccd/airflow_venv/lib/python3.10/site-packages/pyspark/sql/session.py", line 1198, in _createFromLocal
    struct = self._inferSchemaFromList(data, names=schema)
  File "/home/ccd/airflow_venv/lib/python3.10/site-packages/pyspark/sql/session.py", line 1071, in _inferSchemaFromList
    raise PySparkValueError(
pyspark.errors.exceptions.base.PySparkValueError: [CANNOT_DETERMINE_TYPE] Some of types cannot be determined after inferring.
[2025-05-31T01:06:44.060+0200] {taskinstance.py:1205} INFO - Marking task as FAILED. dag_id=fetch_daily_pollution_weather_dag, task_id=format_daily_data_all_cities, execution_date=20250529T000000, start_date=20250530T230637, end_date=20250530T230644
[2025-05-31T01:06:44.077+0200] {standard_task_runner.py:110} ERROR - Failed to execute job 133 for task format_daily_data_all_cities ([CANNOT_DETERMINE_TYPE] Some of types cannot be determined after inferring.; 167142)
[2025-05-31T01:06:44.093+0200] {local_task_job_runner.py:240} INFO - Task exited with return code 1
[2025-05-31T01:06:44.098+0200] {taskinstance.py:3482} INFO - 0 downstream tasks scheduled from follow-on schedule check
[2025-05-31T01:06:44.098+0200] {local_task_job_runner.py:222} INFO - ::endgroup::
[2025-05-31T01:20:41.616+0200] {local_task_job_runner.py:120} INFO - ::group::Pre task execution logs
[2025-05-31T01:20:41.631+0200] {taskinstance.py:2073} INFO - Dependencies all met for dep_context=non-requeueable deps ti=<TaskInstance: fetch_daily_pollution_weather_dag.format_daily_data_all_cities scheduled__2025-05-29T00:00:00+00:00 [queued]>
[2025-05-31T01:20:41.635+0200] {taskinstance.py:2073} INFO - Dependencies all met for dep_context=requeueable deps ti=<TaskInstance: fetch_daily_pollution_weather_dag.format_daily_data_all_cities scheduled__2025-05-29T00:00:00+00:00 [queued]>
[2025-05-31T01:20:41.635+0200] {taskinstance.py:2303} INFO - Starting attempt 2 of 2
[2025-05-31T01:20:41.652+0200] {taskinstance.py:2327} INFO - Executing <Task(PythonOperator): format_daily_data_all_cities> on 2025-05-29 00:00:00+00:00
[2025-05-31T01:20:41.655+0200] {standard_task_runner.py:63} INFO - Started process 171513 to run task
[2025-05-31T01:20:41.657+0200] {standard_task_runner.py:90} INFO - Running: ['airflow', 'tasks', 'run', 'fetch_daily_pollution_weather_dag', 'format_daily_data_all_cities', 'scheduled__2025-05-29T00:00:00+00:00', '--job-id', '135', '--raw', '--subdir', 'DAGS_FOLDER/daily_dag.py', '--cfg-path', '/tmp/tmp0_pjp16t']
[2025-05-31T01:20:41.658+0200] {standard_task_runner.py:91} INFO - Job 135: Subtask format_daily_data_all_cities
[2025-05-31T01:20:41.693+0200] {task_command.py:426} INFO - Running <TaskInstance: fetch_daily_pollution_weather_dag.format_daily_data_all_cities scheduled__2025-05-29T00:00:00+00:00 [running]> on host DESKTOP-2QS8J6D.
[2025-05-31T01:20:41.740+0200] {taskinstance.py:2644} INFO - Exporting env vars: AIRFLOW_CTX_DAG_OWNER='airflow' AIRFLOW_CTX_DAG_ID='fetch_daily_pollution_weather_dag' AIRFLOW_CTX_TASK_ID='format_daily_data_all_cities' AIRFLOW_CTX_EXECUTION_DATE='2025-05-29T00:00:00+00:00' AIRFLOW_CTX_TRY_NUMBER='2' AIRFLOW_CTX_DAG_RUN_ID='scheduled__2025-05-29T00:00:00+00:00'
[2025-05-31T01:20:41.741+0200] {taskinstance.py:430} INFO - ::endgroup::
[2025-05-31T01:20:49.427+0200] {logging_mixin.py:188} INFO - [OK] Formatted pollution for istanbul
[2025-05-31T01:20:49.440+0200] {taskinstance.py:441} INFO - ::group::Post task execution logs
[2025-05-31T01:20:49.441+0200] {taskinstance.py:2890} ERROR - Task failed with exception
Traceback (most recent call last):
  File "/home/ccd/airflow_venv/lib/python3.10/site-packages/airflow/models/taskinstance.py", line 465, in _execute_task
    result = _execute_callable(context=context, **execute_callable_kwargs)
  File "/home/ccd/airflow_venv/lib/python3.10/site-packages/airflow/models/taskinstance.py", line 432, in _execute_callable
    return execute_callable(context=context, **execute_callable_kwargs)
  File "/home/ccd/airflow_venv/lib/python3.10/site-packages/airflow/models/baseoperator.py", line 400, in wrapper
    return func(self, *args, **kwargs)
  File "/home/ccd/airflow_venv/lib/python3.10/site-packages/airflow/operators/python.py", line 235, in execute
    return_value = self.execute_callable()
  File "/home/ccd/airflow_venv/lib/python3.10/site-packages/airflow/operators/python.py", line 252, in execute_callable
    return self.python_callable(*self.op_args, **self.op_kwargs)
  File "/home/ccd/airflow/dags/daily_dag.py", line 258, in format_daily_data
    df_weather_spark = spark.createDataFrame(df_weather).withColumn("city_name", lit(city_name))
  File "/home/ccd/airflow_venv/lib/python3.10/site-packages/pyspark/sql/session.py", line 1591, in createDataFrame
    return super(SparkSession, self).createDataFrame(  # type: ignore[call-overload]
  File "/home/ccd/airflow_venv/lib/python3.10/site-packages/pyspark/sql/pandas/conversion.py", line 437, in createDataFrame
    return self._create_dataframe(converted_data, schema, samplingRatio, verifySchema)
  File "/home/ccd/airflow_venv/lib/python3.10/site-packages/pyspark/sql/session.py", line 1643, in _create_dataframe
    rdd, struct = self._createFromLocal(
  File "/home/ccd/airflow_venv/lib/python3.10/site-packages/pyspark/sql/session.py", line 1198, in _createFromLocal
    struct = self._inferSchemaFromList(data, names=schema)
  File "/home/ccd/airflow_venv/lib/python3.10/site-packages/pyspark/sql/session.py", line 1071, in _inferSchemaFromList
    raise PySparkValueError(
pyspark.errors.exceptions.base.PySparkValueError: [CANNOT_DETERMINE_TYPE] Some of types cannot be determined after inferring.
[2025-05-31T01:20:49.445+0200] {taskinstance.py:1205} INFO - Marking task as FAILED. dag_id=fetch_daily_pollution_weather_dag, task_id=format_daily_data_all_cities, execution_date=20250529T000000, start_date=20250530T232041, end_date=20250530T232049
[2025-05-31T01:20:49.468+0200] {standard_task_runner.py:110} ERROR - Failed to execute job 135 for task format_daily_data_all_cities ([CANNOT_DETERMINE_TYPE] Some of types cannot be determined after inferring.; 171513)
[2025-05-31T01:20:49.497+0200] {local_task_job_runner.py:240} INFO - Task exited with return code 1
[2025-05-31T01:20:49.504+0200] {taskinstance.py:3482} INFO - 0 downstream tasks scheduled from follow-on schedule check
[2025-05-31T01:20:49.504+0200] {local_task_job_runner.py:222} INFO - ::endgroup::
[2025-05-31T12:50:01.275+0200] {local_task_job_runner.py:120} INFO - ::group::Pre task execution logs
[2025-05-31T12:50:01.290+0200] {taskinstance.py:2073} INFO - Dependencies all met for dep_context=non-requeueable deps ti=<TaskInstance: fetch_daily_pollution_weather_dag.format_daily_data_all_cities scheduled__2025-05-29T00:00:00+00:00 [queued]>
[2025-05-31T12:50:01.293+0200] {taskinstance.py:2073} INFO - Dependencies all met for dep_context=requeueable deps ti=<TaskInstance: fetch_daily_pollution_weather_dag.format_daily_data_all_cities scheduled__2025-05-29T00:00:00+00:00 [queued]>
[2025-05-31T12:50:01.293+0200] {taskinstance.py:2303} INFO - Starting attempt 2 of 2
[2025-05-31T12:50:01.310+0200] {taskinstance.py:2327} INFO - Executing <Task(PythonOperator): format_daily_data_all_cities> on 2025-05-29 00:00:00+00:00
[2025-05-31T12:50:01.312+0200] {standard_task_runner.py:63} INFO - Started process 20692 to run task
[2025-05-31T12:50:01.315+0200] {standard_task_runner.py:90} INFO - Running: ['airflow', 'tasks', 'run', 'fetch_daily_pollution_weather_dag', 'format_daily_data_all_cities', 'scheduled__2025-05-29T00:00:00+00:00', '--job-id', '155', '--raw', '--subdir', 'DAGS_FOLDER/daily_dag.py', '--cfg-path', '/tmp/tmpr9cvxtw5']
[2025-05-31T12:50:01.316+0200] {standard_task_runner.py:91} INFO - Job 155: Subtask format_daily_data_all_cities
[2025-05-31T12:50:01.356+0200] {task_command.py:426} INFO - Running <TaskInstance: fetch_daily_pollution_weather_dag.format_daily_data_all_cities scheduled__2025-05-29T00:00:00+00:00 [running]> on host DESKTOP-2QS8J6D.
[2025-05-31T12:50:01.400+0200] {taskinstance.py:2644} INFO - Exporting env vars: AIRFLOW_CTX_DAG_OWNER='airflow' AIRFLOW_CTX_DAG_ID='fetch_daily_pollution_weather_dag' AIRFLOW_CTX_TASK_ID='format_daily_data_all_cities' AIRFLOW_CTX_EXECUTION_DATE='2025-05-29T00:00:00+00:00' AIRFLOW_CTX_TRY_NUMBER='2' AIRFLOW_CTX_DAG_RUN_ID='scheduled__2025-05-29T00:00:00+00:00'
[2025-05-31T12:50:01.400+0200] {taskinstance.py:430} INFO - ::endgroup::
[2025-05-31T12:50:01.402+0200] {logging_mixin.py:188} INFO - [START] Formatting data for execution_date: 2025-05-29
[2025-05-31T12:50:06.271+0200] {logging_mixin.py:188} INFO - [INFO] Spark session started
[2025-05-31T12:50:06.277+0200] {logging_mixin.py:188} INFO - [INFO] Loaded 37 cities from config
[2025-05-31T12:50:06.277+0200] {logging_mixin.py:188} INFO - [PROCESSING] City: istanbul
[2025-05-31T12:50:06.278+0200] {logging_mixin.py:188} INFO - [FOUND] Pollution file exists: /home/ccd/airflow/data/raw/pollution/istanbul/2025-05-29.json
[2025-05-31T12:50:06.285+0200] {logging_mixin.py:188} INFO - [INFO] Flattened pollution data: 25 rows
[2025-05-31T12:50:06.298+0200] {logging_mixin.py:188} INFO - [INFO] Aggregated pollution data: 1 rows
[2025-05-31T12:50:10.107+0200] {logging_mixin.py:188} INFO - [OK] Formatted pollution for istanbul
[2025-05-31T12:50:10.108+0200] {logging_mixin.py:188} INFO - [FOUND] Weather file exists: /home/ccd/airflow/data/raw/weather/istanbul/2025-05-29.json
[2025-05-31T12:50:10.110+0200] {logging_mixin.py:188} INFO - [INFO] Flattened weather data: 1 rows
[2025-05-31T12:50:11.713+0200] {logging_mixin.py:188} INFO - [OK] Formatted weather for istanbul
[2025-05-31T12:50:11.713+0200] {logging_mixin.py:188} INFO - [PROCESSING] City: moscow
[2025-05-31T12:50:11.713+0200] {logging_mixin.py:188} INFO - [FOUND] Pollution file exists: /home/ccd/airflow/data/raw/pollution/moscow/2025-05-29.json
[2025-05-31T12:50:11.715+0200] {logging_mixin.py:188} INFO - [INFO] Flattened pollution data: 25 rows
[2025-05-31T12:50:11.717+0200] {logging_mixin.py:188} INFO - [INFO] Aggregated pollution data: 1 rows
[2025-05-31T12:50:12.283+0200] {logging_mixin.py:188} INFO - [OK] Formatted pollution for moscow
[2025-05-31T12:50:12.283+0200] {logging_mixin.py:188} INFO - [FOUND] Weather file exists: /home/ccd/airflow/data/raw/weather/moscow/2025-05-29.json
[2025-05-31T12:50:12.287+0200] {logging_mixin.py:188} INFO - [INFO] Flattened weather data: 1 rows
[2025-05-31T12:50:12.876+0200] {logging_mixin.py:188} INFO - [OK] Formatted weather for moscow
[2025-05-31T12:50:12.876+0200] {logging_mixin.py:188} INFO - [PROCESSING] City: london
[2025-05-31T12:50:12.877+0200] {logging_mixin.py:188} INFO - [FOUND] Pollution file exists: /home/ccd/airflow/data/raw/pollution/london/2025-05-29.json
[2025-05-31T12:50:12.880+0200] {logging_mixin.py:188} INFO - [INFO] Flattened pollution data: 25 rows
[2025-05-31T12:50:12.884+0200] {logging_mixin.py:188} INFO - [INFO] Aggregated pollution data: 1 rows
[2025-05-31T12:50:13.420+0200] {logging_mixin.py:188} INFO - [OK] Formatted pollution for london
[2025-05-31T12:50:13.421+0200] {logging_mixin.py:188} INFO - [FOUND] Weather file exists: /home/ccd/airflow/data/raw/weather/london/2025-05-29.json
[2025-05-31T12:50:13.423+0200] {logging_mixin.py:188} INFO - [INFO] Flattened weather data: 1 rows
[2025-05-31T12:50:13.850+0200] {logging_mixin.py:188} INFO - [OK] Formatted weather for london
[2025-05-31T12:50:13.851+0200] {logging_mixin.py:188} INFO - [PROCESSING] City: saint_petersburg
[2025-05-31T12:50:13.851+0200] {logging_mixin.py:188} INFO - [FOUND] Pollution file exists: /home/ccd/airflow/data/raw/pollution/saint_petersburg/2025-05-29.json
[2025-05-31T12:50:13.852+0200] {logging_mixin.py:188} INFO - [INFO] Flattened pollution data: 25 rows
[2025-05-31T12:50:13.855+0200] {logging_mixin.py:188} INFO - [INFO] Aggregated pollution data: 1 rows
[2025-05-31T12:50:14.250+0200] {logging_mixin.py:188} INFO - [OK] Formatted pollution for saint_petersburg
[2025-05-31T12:50:14.251+0200] {logging_mixin.py:188} INFO - [FOUND] Weather file exists: /home/ccd/airflow/data/raw/weather/saint_petersburg/2025-05-29.json
[2025-05-31T12:50:14.252+0200] {logging_mixin.py:188} INFO - [INFO] Flattened weather data: 1 rows
[2025-05-31T12:50:14.655+0200] {logging_mixin.py:188} INFO - [OK] Formatted weather for saint_petersburg
[2025-05-31T12:50:14.655+0200] {logging_mixin.py:188} INFO - [PROCESSING] City: berlin
[2025-05-31T12:50:14.656+0200] {logging_mixin.py:188} INFO - [FOUND] Pollution file exists: /home/ccd/airflow/data/raw/pollution/berlin/2025-05-29.json
[2025-05-31T12:50:14.657+0200] {logging_mixin.py:188} INFO - [INFO] Flattened pollution data: 25 rows
[2025-05-31T12:50:14.660+0200] {logging_mixin.py:188} INFO - [INFO] Aggregated pollution data: 1 rows
[2025-05-31T12:50:15.095+0200] {logging_mixin.py:188} INFO - [OK] Formatted pollution for berlin
[2025-05-31T12:50:15.095+0200] {logging_mixin.py:188} INFO - [FOUND] Weather file exists: /home/ccd/airflow/data/raw/weather/berlin/2025-05-29.json
[2025-05-31T12:50:15.097+0200] {logging_mixin.py:188} INFO - [INFO] Flattened weather data: 1 rows
[2025-05-31T12:50:15.493+0200] {logging_mixin.py:188} INFO - [OK] Formatted weather for berlin
[2025-05-31T12:50:15.493+0200] {logging_mixin.py:188} INFO - [PROCESSING] City: madrid
[2025-05-31T12:50:15.493+0200] {logging_mixin.py:188} INFO - [FOUND] Pollution file exists: /home/ccd/airflow/data/raw/pollution/madrid/2025-05-29.json
[2025-05-31T12:50:15.495+0200] {logging_mixin.py:188} INFO - [INFO] Flattened pollution data: 25 rows
[2025-05-31T12:50:15.497+0200] {logging_mixin.py:188} INFO - [INFO] Aggregated pollution data: 1 rows
[2025-05-31T12:50:15.911+0200] {logging_mixin.py:188} INFO - [OK] Formatted pollution for madrid
[2025-05-31T12:50:15.911+0200] {logging_mixin.py:188} INFO - [FOUND] Weather file exists: /home/ccd/airflow/data/raw/weather/madrid/2025-05-29.json
[2025-05-31T12:50:15.913+0200] {logging_mixin.py:188} INFO - [INFO] Flattened weather data: 1 rows
[2025-05-31T12:50:16.396+0200] {logging_mixin.py:188} INFO - [OK] Formatted weather for madrid
[2025-05-31T12:50:16.396+0200] {logging_mixin.py:188} INFO - [PROCESSING] City: kyiv
[2025-05-31T12:50:16.396+0200] {logging_mixin.py:188} INFO - [FOUND] Pollution file exists: /home/ccd/airflow/data/raw/pollution/kyiv/2025-05-29.json
[2025-05-31T12:50:16.398+0200] {logging_mixin.py:188} INFO - [INFO] Flattened pollution data: 25 rows
[2025-05-31T12:50:16.401+0200] {logging_mixin.py:188} INFO - [INFO] Aggregated pollution data: 1 rows
[2025-05-31T12:50:16.859+0200] {logging_mixin.py:188} INFO - [OK] Formatted pollution for kyiv
[2025-05-31T12:50:16.860+0200] {logging_mixin.py:188} INFO - [FOUND] Weather file exists: /home/ccd/airflow/data/raw/weather/kyiv/2025-05-29.json
[2025-05-31T12:50:16.861+0200] {logging_mixin.py:188} INFO - [INFO] Flattened weather data: 1 rows
[2025-05-31T12:50:17.251+0200] {logging_mixin.py:188} INFO - [OK] Formatted weather for kyiv
[2025-05-31T12:50:17.252+0200] {logging_mixin.py:188} INFO - [PROCESSING] City: rome
[2025-05-31T12:50:17.252+0200] {logging_mixin.py:188} INFO - [FOUND] Pollution file exists: /home/ccd/airflow/data/raw/pollution/rome/2025-05-29.json
[2025-05-31T12:50:17.254+0200] {logging_mixin.py:188} INFO - [INFO] Flattened pollution data: 25 rows
[2025-05-31T12:50:17.256+0200] {logging_mixin.py:188} INFO - [INFO] Aggregated pollution data: 1 rows
[2025-05-31T12:50:17.723+0200] {logging_mixin.py:188} INFO - [OK] Formatted pollution for rome
[2025-05-31T12:50:17.724+0200] {logging_mixin.py:188} INFO - [FOUND] Weather file exists: /home/ccd/airflow/data/raw/weather/rome/2025-05-29.json
[2025-05-31T12:50:17.726+0200] {logging_mixin.py:188} INFO - [INFO] Flattened weather data: 1 rows
[2025-05-31T12:50:18.223+0200] {logging_mixin.py:188} INFO - [OK] Formatted weather for rome
[2025-05-31T12:50:18.223+0200] {logging_mixin.py:188} INFO - [PROCESSING] City: baku
[2025-05-31T12:50:18.223+0200] {logging_mixin.py:188} INFO - [FOUND] Pollution file exists: /home/ccd/airflow/data/raw/pollution/baku/2025-05-29.json
[2025-05-31T12:50:18.224+0200] {logging_mixin.py:188} INFO - [INFO] Flattened pollution data: 25 rows
[2025-05-31T12:50:18.226+0200] {logging_mixin.py:188} INFO - [INFO] Aggregated pollution data: 1 rows
[2025-05-31T12:50:18.592+0200] {logging_mixin.py:188} INFO - [OK] Formatted pollution for baku
[2025-05-31T12:50:18.592+0200] {logging_mixin.py:188} INFO - [FOUND] Weather file exists: /home/ccd/airflow/data/raw/weather/baku/2025-05-29.json
[2025-05-31T12:50:18.595+0200] {logging_mixin.py:188} INFO - [INFO] Flattened weather data: 1 rows
[2025-05-31T12:50:18.945+0200] {logging_mixin.py:188} INFO - [OK] Formatted weather for baku
[2025-05-31T12:50:18.945+0200] {logging_mixin.py:188} INFO - [PROCESSING] City: paris
[2025-05-31T12:50:18.946+0200] {logging_mixin.py:188} INFO - [FOUND] Pollution file exists: /home/ccd/airflow/data/raw/pollution/paris/2025-05-29.json
[2025-05-31T12:50:18.947+0200] {logging_mixin.py:188} INFO - [INFO] Flattened pollution data: 25 rows
[2025-05-31T12:50:18.961+0200] {logging_mixin.py:188} INFO - [INFO] Aggregated pollution data: 1 rows
[2025-05-31T12:50:19.350+0200] {logging_mixin.py:188} INFO - [OK] Formatted pollution for paris
[2025-05-31T12:50:19.350+0200] {logging_mixin.py:188} INFO - [FOUND] Weather file exists: /home/ccd/airflow/data/raw/weather/paris/2025-05-29.json
[2025-05-31T12:50:19.352+0200] {logging_mixin.py:188} INFO - [INFO] Flattened weather data: 1 rows
[2025-05-31T12:50:19.716+0200] {logging_mixin.py:188} INFO - [OK] Formatted weather for paris
[2025-05-31T12:50:19.716+0200] {logging_mixin.py:188} INFO - [PROCESSING] City: vienna
[2025-05-31T12:50:19.716+0200] {logging_mixin.py:188} INFO - [FOUND] Pollution file exists: /home/ccd/airflow/data/raw/pollution/vienna/2025-05-29.json
[2025-05-31T12:50:19.718+0200] {logging_mixin.py:188} INFO - [INFO] Flattened pollution data: 25 rows
[2025-05-31T12:50:19.720+0200] {logging_mixin.py:188} INFO - [INFO] Aggregated pollution data: 1 rows
[2025-05-31T12:50:20.050+0200] {logging_mixin.py:188} INFO - [OK] Formatted pollution for vienna
[2025-05-31T12:50:20.050+0200] {logging_mixin.py:188} INFO - [FOUND] Weather file exists: /home/ccd/airflow/data/raw/weather/vienna/2025-05-29.json
[2025-05-31T12:50:20.051+0200] {logging_mixin.py:188} INFO - [INFO] Flattened weather data: 1 rows
[2025-05-31T12:50:20.396+0200] {logging_mixin.py:188} INFO - [OK] Formatted weather for vienna
[2025-05-31T12:50:20.397+0200] {logging_mixin.py:188} INFO - [PROCESSING] City: minsk
[2025-05-31T12:50:20.397+0200] {logging_mixin.py:188} INFO - [FOUND] Pollution file exists: /home/ccd/airflow/data/raw/pollution/minsk/2025-05-29.json
[2025-05-31T12:50:20.398+0200] {logging_mixin.py:188} INFO - [INFO] Flattened pollution data: 25 rows
[2025-05-31T12:50:20.400+0200] {logging_mixin.py:188} INFO - [INFO] Aggregated pollution data: 1 rows
[2025-05-31T12:50:20.742+0200] {logging_mixin.py:188} INFO - [OK] Formatted pollution for minsk
[2025-05-31T12:50:20.742+0200] {logging_mixin.py:188} INFO - [FOUND] Weather file exists: /home/ccd/airflow/data/raw/weather/minsk/2025-05-29.json
[2025-05-31T12:50:20.743+0200] {logging_mixin.py:188} INFO - [INFO] Flattened weather data: 1 rows
[2025-05-31T12:50:21.063+0200] {logging_mixin.py:188} INFO - [OK] Formatted weather for minsk
[2025-05-31T12:50:21.063+0200] {logging_mixin.py:188} INFO - [PROCESSING] City: hamburg
[2025-05-31T12:50:21.063+0200] {logging_mixin.py:188} INFO - [FOUND] Pollution file exists: /home/ccd/airflow/data/raw/pollution/hamburg/2025-05-29.json
[2025-05-31T12:50:21.064+0200] {logging_mixin.py:188} INFO - [INFO] Flattened pollution data: 25 rows
[2025-05-31T12:50:21.066+0200] {logging_mixin.py:188} INFO - [INFO] Aggregated pollution data: 1 rows
[2025-05-31T12:50:21.397+0200] {logging_mixin.py:188} INFO - [OK] Formatted pollution for hamburg
[2025-05-31T12:50:21.398+0200] {logging_mixin.py:188} INFO - [FOUND] Weather file exists: /home/ccd/airflow/data/raw/weather/hamburg/2025-05-29.json
[2025-05-31T12:50:21.399+0200] {logging_mixin.py:188} INFO - [INFO] Flattened weather data: 1 rows
[2025-05-31T12:50:21.738+0200] {logging_mixin.py:188} INFO - [OK] Formatted weather for hamburg
[2025-05-31T12:50:21.738+0200] {logging_mixin.py:188} INFO - [PROCESSING] City: warsaw
[2025-05-31T12:50:21.739+0200] {logging_mixin.py:188} INFO - [FOUND] Pollution file exists: /home/ccd/airflow/data/raw/pollution/warsaw/2025-05-29.json
[2025-05-31T12:50:21.740+0200] {logging_mixin.py:188} INFO - [INFO] Flattened pollution data: 25 rows
[2025-05-31T12:50:21.742+0200] {logging_mixin.py:188} INFO - [INFO] Aggregated pollution data: 1 rows
[2025-05-31T12:50:22.085+0200] {logging_mixin.py:188} INFO - [OK] Formatted pollution for warsaw
[2025-05-31T12:50:22.085+0200] {logging_mixin.py:188} INFO - [FOUND] Weather file exists: /home/ccd/airflow/data/raw/weather/warsaw/2025-05-29.json
[2025-05-31T12:50:22.087+0200] {logging_mixin.py:188} INFO - [INFO] Flattened weather data: 1 rows
[2025-05-31T12:50:22.442+0200] {logging_mixin.py:188} INFO - [OK] Formatted weather for warsaw
[2025-05-31T12:50:22.443+0200] {logging_mixin.py:188} INFO - [PROCESSING] City: bucharest
[2025-05-31T12:50:22.443+0200] {logging_mixin.py:188} INFO - [FOUND] Pollution file exists: /home/ccd/airflow/data/raw/pollution/bucharest/2025-05-29.json
[2025-05-31T12:50:22.444+0200] {logging_mixin.py:188} INFO - [INFO] Flattened pollution data: 25 rows
[2025-05-31T12:50:22.445+0200] {logging_mixin.py:188} INFO - [INFO] Aggregated pollution data: 1 rows
[2025-05-31T12:50:22.799+0200] {logging_mixin.py:188} INFO - [OK] Formatted pollution for bucharest
[2025-05-31T12:50:22.800+0200] {logging_mixin.py:188} INFO - [FOUND] Weather file exists: /home/ccd/airflow/data/raw/weather/bucharest/2025-05-29.json
[2025-05-31T12:50:22.802+0200] {logging_mixin.py:188} INFO - [INFO] Flattened weather data: 1 rows
[2025-05-31T12:50:23.454+0200] {logging_mixin.py:188} INFO - [OK] Formatted weather for bucharest
[2025-05-31T12:50:23.454+0200] {logging_mixin.py:188} INFO - [PROCESSING] City: barcelona
[2025-05-31T12:50:23.454+0200] {logging_mixin.py:188} INFO - [FOUND] Pollution file exists: /home/ccd/airflow/data/raw/pollution/barcelona/2025-05-29.json
[2025-05-31T12:50:23.456+0200] {logging_mixin.py:188} INFO - [INFO] Flattened pollution data: 25 rows
[2025-05-31T12:50:23.460+0200] {logging_mixin.py:188} INFO - [INFO] Aggregated pollution data: 1 rows
[2025-05-31T12:50:24.120+0200] {logging_mixin.py:188} INFO - [OK] Formatted pollution for barcelona
[2025-05-31T12:50:24.121+0200] {logging_mixin.py:188} INFO - [FOUND] Weather file exists: /home/ccd/airflow/data/raw/weather/barcelona/2025-05-29.json
[2025-05-31T12:50:24.123+0200] {logging_mixin.py:188} INFO - [INFO] Flattened weather data: 1 rows
[2025-05-31T12:50:24.756+0200] {logging_mixin.py:188} INFO - [OK] Formatted weather for barcelona
[2025-05-31T12:50:24.756+0200] {logging_mixin.py:188} INFO - [PROCESSING] City: budapest
[2025-05-31T12:50:24.756+0200] {logging_mixin.py:188} INFO - [FOUND] Pollution file exists: /home/ccd/airflow/data/raw/pollution/budapest/2025-05-29.json
[2025-05-31T12:50:24.758+0200] {logging_mixin.py:188} INFO - [INFO] Flattened pollution data: 25 rows
[2025-05-31T12:50:24.763+0200] {logging_mixin.py:188} INFO - [INFO] Aggregated pollution data: 1 rows
[2025-05-31T12:50:25.417+0200] {logging_mixin.py:188} INFO - [OK] Formatted pollution for budapest
[2025-05-31T12:50:25.418+0200] {logging_mixin.py:188} INFO - [FOUND] Weather file exists: /home/ccd/airflow/data/raw/weather/budapest/2025-05-29.json
[2025-05-31T12:50:25.421+0200] {logging_mixin.py:188} INFO - [INFO] Flattened weather data: 1 rows
[2025-05-31T12:50:26.003+0200] {logging_mixin.py:188} INFO - [OK] Formatted weather for budapest
[2025-05-31T12:50:26.003+0200] {logging_mixin.py:188} INFO - [PROCESSING] City: belgrade
[2025-05-31T12:50:26.004+0200] {logging_mixin.py:188} INFO - [FOUND] Pollution file exists: /home/ccd/airflow/data/raw/pollution/belgrade/2025-05-29.json
[2025-05-31T12:50:26.006+0200] {logging_mixin.py:188} INFO - [INFO] Flattened pollution data: 25 rows
[2025-05-31T12:50:26.010+0200] {logging_mixin.py:188} INFO - [INFO] Aggregated pollution data: 1 rows
[2025-05-31T12:50:26.657+0200] {logging_mixin.py:188} INFO - [OK] Formatted pollution for belgrade
[2025-05-31T12:50:26.657+0200] {logging_mixin.py:188} INFO - [FOUND] Weather file exists: /home/ccd/airflow/data/raw/weather/belgrade/2025-05-29.json
[2025-05-31T12:50:26.660+0200] {logging_mixin.py:188} INFO - [INFO] Flattened weather data: 1 rows
[2025-05-31T12:50:27.269+0200] {logging_mixin.py:188} INFO - [OK] Formatted weather for belgrade
[2025-05-31T12:50:27.270+0200] {logging_mixin.py:188} INFO - [PROCESSING] City: munich
[2025-05-31T12:50:27.270+0200] {logging_mixin.py:188} INFO - [FOUND] Pollution file exists: /home/ccd/airflow/data/raw/pollution/munich/2025-05-29.json
[2025-05-31T12:50:27.272+0200] {logging_mixin.py:188} INFO - [INFO] Flattened pollution data: 25 rows
[2025-05-31T12:50:27.277+0200] {logging_mixin.py:188} INFO - [INFO] Aggregated pollution data: 1 rows
[2025-05-31T12:50:27.897+0200] {logging_mixin.py:188} INFO - [OK] Formatted pollution for munich
[2025-05-31T12:50:27.897+0200] {logging_mixin.py:188} INFO - [FOUND] Weather file exists: /home/ccd/airflow/data/raw/weather/munich/2025-05-29.json
[2025-05-31T12:50:27.900+0200] {logging_mixin.py:188} INFO - [INFO] Flattened weather data: 1 rows
[2025-05-31T12:50:28.517+0200] {logging_mixin.py:188} INFO - [OK] Formatted weather for munich
[2025-05-31T12:50:28.517+0200] {logging_mixin.py:188} INFO - [PROCESSING] City: kharkiv
[2025-05-31T12:50:28.518+0200] {logging_mixin.py:188} INFO - [FOUND] Pollution file exists: /home/ccd/airflow/data/raw/pollution/kharkiv/2025-05-29.json
[2025-05-31T12:50:28.520+0200] {logging_mixin.py:188} INFO - [INFO] Flattened pollution data: 25 rows
[2025-05-31T12:50:28.524+0200] {logging_mixin.py:188} INFO - [INFO] Aggregated pollution data: 1 rows
[2025-05-31T12:50:29.160+0200] {logging_mixin.py:188} INFO - [OK] Formatted pollution for kharkiv
[2025-05-31T12:50:29.161+0200] {logging_mixin.py:188} INFO - [FOUND] Weather file exists: /home/ccd/airflow/data/raw/weather/kharkiv/2025-05-29.json
[2025-05-31T12:50:29.164+0200] {logging_mixin.py:188} INFO - [INFO] Flattened weather data: 1 rows
[2025-05-31T12:50:29.753+0200] {logging_mixin.py:188} INFO - [OK] Formatted weather for kharkiv
[2025-05-31T12:50:29.753+0200] {logging_mixin.py:188} INFO - [PROCESSING] City: prague
[2025-05-31T12:50:29.753+0200] {logging_mixin.py:188} INFO - [FOUND] Pollution file exists: /home/ccd/airflow/data/raw/pollution/prague/2025-05-29.json
[2025-05-31T12:50:29.755+0200] {logging_mixin.py:188} INFO - [INFO] Flattened pollution data: 25 rows
[2025-05-31T12:50:29.759+0200] {logging_mixin.py:188} INFO - [INFO] Aggregated pollution data: 1 rows
[2025-05-31T12:50:30.396+0200] {logging_mixin.py:188} INFO - [OK] Formatted pollution for prague
[2025-05-31T12:50:30.396+0200] {logging_mixin.py:188} INFO - [FOUND] Weather file exists: /home/ccd/airflow/data/raw/weather/prague/2025-05-29.json
[2025-05-31T12:50:30.399+0200] {logging_mixin.py:188} INFO - [INFO] Flattened weather data: 1 rows
[2025-05-31T12:50:31.014+0200] {logging_mixin.py:188} INFO - [OK] Formatted weather for prague
[2025-05-31T12:50:31.014+0200] {logging_mixin.py:188} INFO - [PROCESSING] City: milan
[2025-05-31T12:50:31.014+0200] {logging_mixin.py:188} INFO - [FOUND] Pollution file exists: /home/ccd/airflow/data/raw/pollution/milan/2025-05-29.json
[2025-05-31T12:50:31.017+0200] {logging_mixin.py:188} INFO - [INFO] Flattened pollution data: 25 rows
[2025-05-31T12:50:31.021+0200] {logging_mixin.py:188} INFO - [INFO] Aggregated pollution data: 1 rows
[2025-05-31T12:50:31.641+0200] {logging_mixin.py:188} INFO - [OK] Formatted pollution for milan
[2025-05-31T12:50:31.642+0200] {logging_mixin.py:188} INFO - [FOUND] Weather file exists: /home/ccd/airflow/data/raw/weather/milan/2025-05-29.json
[2025-05-31T12:50:31.645+0200] {logging_mixin.py:188} INFO - [INFO] Flattened weather data: 1 rows
[2025-05-31T12:50:32.325+0200] {logging_mixin.py:188} INFO - [OK] Formatted weather for milan
[2025-05-31T12:50:32.325+0200] {logging_mixin.py:188} INFO - [PROCESSING] City: kazan
[2025-05-31T12:50:32.325+0200] {logging_mixin.py:188} INFO - [FOUND] Pollution file exists: /home/ccd/airflow/data/raw/pollution/kazan/2025-05-29.json
[2025-05-31T12:50:32.327+0200] {logging_mixin.py:188} INFO - [INFO] Flattened pollution data: 25 rows
[2025-05-31T12:50:32.331+0200] {logging_mixin.py:188} INFO - [INFO] Aggregated pollution data: 1 rows
[2025-05-31T12:50:33.012+0200] {logging_mixin.py:188} INFO - [OK] Formatted pollution for kazan
[2025-05-31T12:50:33.013+0200] {logging_mixin.py:188} INFO - [FOUND] Weather file exists: /home/ccd/airflow/data/raw/weather/kazan/2025-05-29.json
[2025-05-31T12:50:33.017+0200] {logging_mixin.py:188} INFO - [INFO] Flattened weather data: 1 rows
[2025-05-31T12:50:33.649+0200] {logging_mixin.py:188} INFO - [OK] Formatted weather for kazan
[2025-05-31T12:50:33.649+0200] {logging_mixin.py:188} INFO - [PROCESSING] City: sofia
[2025-05-31T12:50:33.649+0200] {logging_mixin.py:188} INFO - [FOUND] Pollution file exists: /home/ccd/airflow/data/raw/pollution/sofia/2025-05-29.json
[2025-05-31T12:50:33.651+0200] {logging_mixin.py:188} INFO - [INFO] Flattened pollution data: 25 rows
[2025-05-31T12:50:33.655+0200] {logging_mixin.py:188} INFO - [INFO] Aggregated pollution data: 1 rows
[2025-05-31T12:50:34.255+0200] {logging_mixin.py:188} INFO - [OK] Formatted pollution for sofia
[2025-05-31T12:50:34.256+0200] {logging_mixin.py:188} INFO - [FOUND] Weather file exists: /home/ccd/airflow/data/raw/weather/sofia/2025-05-29.json
[2025-05-31T12:50:34.260+0200] {logging_mixin.py:188} INFO - [INFO] Flattened weather data: 1 rows
[2025-05-31T12:50:34.975+0200] {logging_mixin.py:188} INFO - [OK] Formatted weather for sofia
[2025-05-31T12:50:34.975+0200] {logging_mixin.py:188} INFO - [PROCESSING] City: tbilisi
[2025-05-31T12:50:34.976+0200] {logging_mixin.py:188} INFO - [FOUND] Pollution file exists: /home/ccd/airflow/data/raw/pollution/tbilisi/2025-05-29.json
[2025-05-31T12:50:34.978+0200] {logging_mixin.py:188} INFO - [INFO] Flattened pollution data: 25 rows
[2025-05-31T12:50:34.982+0200] {logging_mixin.py:188} INFO - [INFO] Aggregated pollution data: 1 rows
[2025-05-31T12:50:35.676+0200] {logging_mixin.py:188} INFO - [OK] Formatted pollution for tbilisi
[2025-05-31T12:50:35.677+0200] {logging_mixin.py:188} INFO - [FOUND] Weather file exists: /home/ccd/airflow/data/raw/weather/tbilisi/2025-05-29.json
[2025-05-31T12:50:35.680+0200] {logging_mixin.py:188} INFO - [INFO] Flattened weather data: 1 rows
[2025-05-31T12:50:36.281+0200] {logging_mixin.py:188} INFO - [OK] Formatted weather for tbilisi
[2025-05-31T12:50:36.282+0200] {logging_mixin.py:188} INFO - [PROCESSING] City: nizhny_novgorod
[2025-05-31T12:50:36.282+0200] {logging_mixin.py:188} INFO - [FOUND] Pollution file exists: /home/ccd/airflow/data/raw/pollution/nizhny_novgorod/2025-05-29.json
[2025-05-31T12:50:36.284+0200] {logging_mixin.py:188} INFO - [INFO] Flattened pollution data: 25 rows
[2025-05-31T12:50:36.288+0200] {logging_mixin.py:188} INFO - [INFO] Aggregated pollution data: 1 rows
[2025-05-31T12:50:36.894+0200] {logging_mixin.py:188} INFO - [OK] Formatted pollution for nizhny_novgorod
[2025-05-31T12:50:36.894+0200] {logging_mixin.py:188} INFO - [FOUND] Weather file exists: /home/ccd/airflow/data/raw/weather/nizhny_novgorod/2025-05-29.json
[2025-05-31T12:50:36.897+0200] {logging_mixin.py:188} INFO - [INFO] Flattened weather data: 1 rows
[2025-05-31T12:50:37.542+0200] {logging_mixin.py:188} INFO - [OK] Formatted weather for nizhny_novgorod
[2025-05-31T12:50:37.542+0200] {logging_mixin.py:188} INFO - [PROCESSING] City: ufa
[2025-05-31T12:50:37.543+0200] {logging_mixin.py:188} INFO - [FOUND] Pollution file exists: /home/ccd/airflow/data/raw/pollution/ufa/2025-05-29.json
[2025-05-31T12:50:37.545+0200] {logging_mixin.py:188} INFO - [INFO] Flattened pollution data: 25 rows
[2025-05-31T12:50:37.549+0200] {logging_mixin.py:188} INFO - [INFO] Aggregated pollution data: 1 rows
[2025-05-31T12:50:38.200+0200] {logging_mixin.py:188} INFO - [OK] Formatted pollution for ufa
[2025-05-31T12:50:38.200+0200] {logging_mixin.py:188} INFO - [FOUND] Weather file exists: /home/ccd/airflow/data/raw/weather/ufa/2025-05-29.json
[2025-05-31T12:50:38.203+0200] {logging_mixin.py:188} INFO - [INFO] Flattened weather data: 1 rows
[2025-05-31T12:50:38.879+0200] {logging_mixin.py:188} INFO - [OK] Formatted weather for ufa
[2025-05-31T12:50:38.880+0200] {logging_mixin.py:188} INFO - [PROCESSING] City: birmingham
[2025-05-31T12:50:38.880+0200] {logging_mixin.py:188} INFO - [FOUND] Pollution file exists: /home/ccd/airflow/data/raw/pollution/birmingham/2025-05-29.json
[2025-05-31T12:50:38.882+0200] {logging_mixin.py:188} INFO - [INFO] Flattened pollution data: 25 rows
[2025-05-31T12:50:38.886+0200] {logging_mixin.py:188} INFO - [INFO] Aggregated pollution data: 1 rows
[2025-05-31T12:50:39.505+0200] {logging_mixin.py:188} INFO - [OK] Formatted pollution for birmingham
[2025-05-31T12:50:39.505+0200] {logging_mixin.py:188} INFO - [FOUND] Weather file exists: /home/ccd/airflow/data/raw/weather/birmingham/2025-05-29.json
[2025-05-31T12:50:39.508+0200] {logging_mixin.py:188} INFO - [INFO] Flattened weather data: 1 rows
[2025-05-31T12:50:40.156+0200] {logging_mixin.py:188} INFO - [OK] Formatted weather for birmingham
[2025-05-31T12:50:40.157+0200] {logging_mixin.py:188} INFO - [PROCESSING] City: krasnodar
[2025-05-31T12:50:40.157+0200] {logging_mixin.py:188} INFO - [FOUND] Pollution file exists: /home/ccd/airflow/data/raw/pollution/krasnodar/2025-05-29.json
[2025-05-31T12:50:40.161+0200] {logging_mixin.py:188} INFO - [INFO] Flattened pollution data: 25 rows
[2025-05-31T12:50:40.165+0200] {logging_mixin.py:188} INFO - [INFO] Aggregated pollution data: 1 rows
[2025-05-31T12:50:40.945+0200] {logging_mixin.py:188} INFO - [OK] Formatted pollution for krasnodar
[2025-05-31T12:50:40.946+0200] {logging_mixin.py:188} INFO - [FOUND] Weather file exists: /home/ccd/airflow/data/raw/weather/krasnodar/2025-05-29.json
[2025-05-31T12:50:40.949+0200] {logging_mixin.py:188} INFO - [INFO] Flattened weather data: 1 rows
[2025-05-31T12:50:41.742+0200] {logging_mixin.py:188} INFO - [OK] Formatted weather for krasnodar
[2025-05-31T12:50:41.743+0200] {logging_mixin.py:188} INFO - [PROCESSING] City: samara
[2025-05-31T12:50:41.743+0200] {logging_mixin.py:188} INFO - [FOUND] Pollution file exists: /home/ccd/airflow/data/raw/pollution/samara/2025-05-29.json
[2025-05-31T12:50:41.746+0200] {logging_mixin.py:188} INFO - [INFO] Flattened pollution data: 25 rows
[2025-05-31T12:50:41.750+0200] {logging_mixin.py:188} INFO - [INFO] Aggregated pollution data: 1 rows
[2025-05-31T12:50:42.392+0200] {logging_mixin.py:188} INFO - [OK] Formatted pollution for samara
[2025-05-31T12:50:42.392+0200] {logging_mixin.py:188} INFO - [FOUND] Weather file exists: /home/ccd/airflow/data/raw/weather/samara/2025-05-29.json
[2025-05-31T12:50:42.395+0200] {logging_mixin.py:188} INFO - [INFO] Flattened weather data: 1 rows
[2025-05-31T12:50:43.068+0200] {logging_mixin.py:188} INFO - [OK] Formatted weather for samara
[2025-05-31T12:50:43.068+0200] {logging_mixin.py:188} INFO - [PROCESSING] City: rostov-on-don
[2025-05-31T12:50:43.068+0200] {logging_mixin.py:188} INFO - [FOUND] Pollution file exists: /home/ccd/airflow/data/raw/pollution/rostov-on-don/2025-05-29.json
[2025-05-31T12:50:43.071+0200] {logging_mixin.py:188} INFO - [INFO] Flattened pollution data: 25 rows
[2025-05-31T12:50:43.074+0200] {logging_mixin.py:188} INFO - [INFO] Aggregated pollution data: 1 rows
[2025-05-31T12:50:43.695+0200] {logging_mixin.py:188} INFO - [OK] Formatted pollution for rostov-on-don
[2025-05-31T12:50:43.696+0200] {logging_mixin.py:188} INFO - [FOUND] Weather file exists: /home/ccd/airflow/data/raw/weather/rostov-on-don/2025-05-29.json
[2025-05-31T12:50:43.698+0200] {logging_mixin.py:188} INFO - [INFO] Flattened weather data: 1 rows
[2025-05-31T12:50:45.388+0200] {logging_mixin.py:188} INFO - [OK] Formatted weather for rostov-on-don
[2025-05-31T12:50:45.389+0200] {logging_mixin.py:188} INFO - [PROCESSING] City: yerevan
[2025-05-31T12:50:45.389+0200] {logging_mixin.py:188} INFO - [FOUND] Pollution file exists: /home/ccd/airflow/data/raw/pollution/yerevan/2025-05-29.json
[2025-05-31T12:50:45.391+0200] {logging_mixin.py:188} INFO - [INFO] Flattened pollution data: 25 rows
[2025-05-31T12:50:45.395+0200] {logging_mixin.py:188} INFO - [INFO] Aggregated pollution data: 1 rows
[2025-05-31T12:50:46.036+0200] {logging_mixin.py:188} INFO - [OK] Formatted pollution for yerevan
[2025-05-31T12:50:46.037+0200] {logging_mixin.py:188} INFO - [FOUND] Weather file exists: /home/ccd/airflow/data/raw/weather/yerevan/2025-05-29.json
[2025-05-31T12:50:46.040+0200] {logging_mixin.py:188} INFO - [INFO] Flattened weather data: 1 rows
[2025-05-31T12:50:46.722+0200] {logging_mixin.py:188} INFO - [OK] Formatted weather for yerevan
[2025-05-31T12:50:46.723+0200] {logging_mixin.py:188} INFO - [PROCESSING] City: cologne
[2025-05-31T12:50:46.724+0200] {logging_mixin.py:188} INFO - [FOUND] Pollution file exists: /home/ccd/airflow/data/raw/pollution/cologne/2025-05-29.json
[2025-05-31T12:50:46.727+0200] {logging_mixin.py:188} INFO - [INFO] Flattened pollution data: 25 rows
[2025-05-31T12:50:46.732+0200] {logging_mixin.py:188} INFO - [INFO] Aggregated pollution data: 1 rows
[2025-05-31T12:50:47.429+0200] {logging_mixin.py:188} INFO - [OK] Formatted pollution for cologne
[2025-05-31T12:50:47.429+0200] {logging_mixin.py:188} INFO - [FOUND] Weather file exists: /home/ccd/airflow/data/raw/weather/cologne/2025-05-29.json
[2025-05-31T12:50:47.433+0200] {logging_mixin.py:188} INFO - [INFO] Flattened weather data: 1 rows
[2025-05-31T12:50:48.063+0200] {logging_mixin.py:188} INFO - [OK] Formatted weather for cologne
[2025-05-31T12:50:48.064+0200] {logging_mixin.py:188} INFO - [PROCESSING] City: voronezh
[2025-05-31T12:50:48.064+0200] {logging_mixin.py:188} INFO - [FOUND] Pollution file exists: /home/ccd/airflow/data/raw/pollution/voronezh/2025-05-29.json
[2025-05-31T12:50:48.066+0200] {logging_mixin.py:188} INFO - [INFO] Flattened pollution data: 25 rows
[2025-05-31T12:50:48.069+0200] {logging_mixin.py:188} INFO - [INFO] Aggregated pollution data: 1 rows
[2025-05-31T12:50:48.676+0200] {logging_mixin.py:188} INFO - [OK] Formatted pollution for voronezh
[2025-05-31T12:50:48.677+0200] {logging_mixin.py:188} INFO - [FOUND] Weather file exists: /home/ccd/airflow/data/raw/weather/voronezh/2025-05-29.json
[2025-05-31T12:50:48.680+0200] {logging_mixin.py:188} INFO - [INFO] Flattened weather data: 1 rows
[2025-05-31T12:50:49.340+0200] {logging_mixin.py:188} INFO - [OK] Formatted weather for voronezh
[2025-05-31T12:50:49.341+0200] {logging_mixin.py:188} INFO - [PROCESSING] City: perm
[2025-05-31T12:50:49.341+0200] {logging_mixin.py:188} INFO - [FOUND] Pollution file exists: /home/ccd/airflow/data/raw/pollution/perm/2025-05-29.json
[2025-05-31T12:50:49.343+0200] {logging_mixin.py:188} INFO - [INFO] Flattened pollution data: 25 rows
[2025-05-31T12:50:49.347+0200] {logging_mixin.py:188} INFO - [INFO] Aggregated pollution data: 1 rows
[2025-05-31T12:50:49.950+0200] {logging_mixin.py:188} INFO - [OK] Formatted pollution for perm
[2025-05-31T12:50:49.950+0200] {logging_mixin.py:188} INFO - [FOUND] Weather file exists: /home/ccd/airflow/data/raw/weather/perm/2025-05-29.json
[2025-05-31T12:50:49.953+0200] {logging_mixin.py:188} INFO - [INFO] Flattened weather data: 1 rows
[2025-05-31T12:50:50.605+0200] {logging_mixin.py:188} INFO - [OK] Formatted weather for perm
[2025-05-31T12:50:50.606+0200] {logging_mixin.py:188} INFO - [PROCESSING] City: volgograd
[2025-05-31T12:50:50.606+0200] {logging_mixin.py:188} INFO - [FOUND] Pollution file exists: /home/ccd/airflow/data/raw/pollution/volgograd/2025-05-29.json
[2025-05-31T12:50:50.608+0200] {logging_mixin.py:188} INFO - [INFO] Flattened pollution data: 25 rows
[2025-05-31T12:50:50.612+0200] {logging_mixin.py:188} INFO - [INFO] Aggregated pollution data: 1 rows
[2025-05-31T12:50:51.180+0200] {logging_mixin.py:188} INFO - [OK] Formatted pollution for volgograd
[2025-05-31T12:50:51.180+0200] {logging_mixin.py:188} INFO - [FOUND] Weather file exists: /home/ccd/airflow/data/raw/weather/volgograd/2025-05-29.json
[2025-05-31T12:50:51.183+0200] {logging_mixin.py:188} INFO - [INFO] Flattened weather data: 1 rows
[2025-05-31T12:50:51.780+0200] {logging_mixin.py:188} INFO - [OK] Formatted weather for volgograd
[2025-05-31T12:50:51.781+0200] {logging_mixin.py:188} INFO - [PROCESSING] City: odesa
[2025-05-31T12:50:51.781+0200] {logging_mixin.py:188} INFO - [FOUND] Pollution file exists: /home/ccd/airflow/data/raw/pollution/odesa/2025-05-29.json
[2025-05-31T12:50:51.783+0200] {logging_mixin.py:188} INFO - [INFO] Flattened pollution data: 25 rows
[2025-05-31T12:50:51.787+0200] {logging_mixin.py:188} INFO - [INFO] Aggregated pollution data: 1 rows
[2025-05-31T12:50:52.397+0200] {logging_mixin.py:188} INFO - [OK] Formatted pollution for odesa
[2025-05-31T12:50:52.398+0200] {logging_mixin.py:188} INFO - [FOUND] Weather file exists: /home/ccd/airflow/data/raw/weather/odesa/2025-05-29.json
[2025-05-31T12:50:52.401+0200] {logging_mixin.py:188} INFO - [INFO] Flattened weather data: 1 rows
[2025-05-31T12:50:52.992+0200] {logging_mixin.py:188} INFO - [OK] Formatted weather for odesa
[2025-05-31T12:50:53.985+0200] {logging_mixin.py:188} INFO - [DONE] Spark session closed
[2025-05-31T12:50:53.985+0200] {python.py:237} INFO - Done. Returned value was: None
[2025-05-31T12:50:53.986+0200] {taskinstance.py:441} INFO - ::group::Post task execution logs
[2025-05-31T12:50:53.988+0200] {taskinstance.py:1205} INFO - Marking task as SUCCESS. dag_id=fetch_daily_pollution_weather_dag, task_id=format_daily_data_all_cities, execution_date=20250529T000000, start_date=20250531T105001, end_date=20250531T105053
[2025-05-31T12:50:54.015+0200] {local_task_job_runner.py:240} INFO - Task exited with return code 0
[2025-05-31T12:50:54.020+0200] {taskinstance.py:3482} INFO - 0 downstream tasks scheduled from follow-on schedule check
[2025-05-31T12:50:54.021+0200] {local_task_job_runner.py:222} INFO - ::endgroup::
