[2025-05-29T00:52:23.492+0200] {local_task_job_runner.py:120} INFO - ::group::Pre task execution logs
[2025-05-29T00:52:23.508+0200] {taskinstance.py:2073} INFO - Dependencies all met for dep_context=non-requeueable deps ti=<TaskInstance: fetch_daily_pollution_weather_dag.fetch_daily_data_all_cities scheduled__2025-05-25T00:00:00+00:00 [queued]>
[2025-05-29T00:52:23.514+0200] {taskinstance.py:2073} INFO - Dependencies all met for dep_context=requeueable deps ti=<TaskInstance: fetch_daily_pollution_weather_dag.fetch_daily_data_all_cities scheduled__2025-05-25T00:00:00+00:00 [queued]>
[2025-05-29T00:52:23.515+0200] {taskinstance.py:2303} INFO - Starting attempt 1 of 2
[2025-05-29T00:52:23.538+0200] {taskinstance.py:2327} INFO - Executing <Task(PythonOperator): fetch_daily_data_all_cities> on 2025-05-25 00:00:00+00:00
[2025-05-29T00:52:23.541+0200] {standard_task_runner.py:63} INFO - Started process 393217 to run task
[2025-05-29T00:52:23.545+0200] {standard_task_runner.py:90} INFO - Running: ['airflow', 'tasks', 'run', 'fetch_daily_pollution_weather_dag', 'fetch_daily_data_all_cities', 'scheduled__2025-05-25T00:00:00+00:00', '--job-id', '51', '--raw', '--subdir', 'DAGS_FOLDER/daily_dag.py', '--cfg-path', '/tmp/tmpjsjyy0d8']
[2025-05-29T00:52:23.546+0200] {standard_task_runner.py:91} INFO - Job 51: Subtask fetch_daily_data_all_cities
[2025-05-29T00:52:23.584+0200] {task_command.py:426} INFO - Running <TaskInstance: fetch_daily_pollution_weather_dag.fetch_daily_data_all_cities scheduled__2025-05-25T00:00:00+00:00 [running]> on host DESKTOP-2QS8J6D.
[2025-05-29T00:52:23.652+0200] {taskinstance.py:2644} INFO - Exporting env vars: AIRFLOW_CTX_DAG_OWNER='airflow' AIRFLOW_CTX_DAG_ID='fetch_daily_pollution_weather_dag' AIRFLOW_CTX_TASK_ID='fetch_daily_data_all_cities' AIRFLOW_CTX_EXECUTION_DATE='2025-05-25T00:00:00+00:00' AIRFLOW_CTX_TRY_NUMBER='1' AIRFLOW_CTX_DAG_RUN_ID='scheduled__2025-05-25T00:00:00+00:00'
[2025-05-29T00:52:23.654+0200] {taskinstance.py:430} INFO - ::endgroup::
[2025-05-29T00:55:06.285+0200] {python.py:237} INFO - Done. Returned value was: None
[2025-05-29T00:55:06.286+0200] {taskinstance.py:441} INFO - ::group::Post task execution logs
[2025-05-29T00:55:06.289+0200] {taskinstance.py:1205} INFO - Marking task as SUCCESS. dag_id=fetch_daily_pollution_weather_dag, task_id=fetch_daily_data_all_cities, execution_date=20250525T000000, start_date=20250528T225223, end_date=20250528T225506
[2025-05-29T00:55:06.342+0200] {local_task_job_runner.py:240} INFO - Task exited with return code 0
[2025-05-29T00:55:06.350+0200] {taskinstance.py:3482} INFO - 1 downstream tasks scheduled from follow-on schedule check
[2025-05-29T00:55:06.363+0200] {local_task_job_runner.py:222} INFO - ::endgroup::
[2025-05-30T17:05:18.368+0200] {local_task_job_runner.py:120} INFO - ::group::Pre task execution logs
[2025-05-30T17:05:18.379+0200] {taskinstance.py:2073} INFO - Dependencies all met for dep_context=non-requeueable deps ti=<TaskInstance: fetch_daily_pollution_weather_dag.fetch_daily_data_all_cities scheduled__2025-05-25T00:00:00+00:00 [queued]>
[2025-05-30T17:05:18.383+0200] {taskinstance.py:2073} INFO - Dependencies all met for dep_context=requeueable deps ti=<TaskInstance: fetch_daily_pollution_weather_dag.fetch_daily_data_all_cities scheduled__2025-05-25T00:00:00+00:00 [queued]>
[2025-05-30T17:05:18.383+0200] {taskinstance.py:2303} INFO - Starting attempt 1 of 2
[2025-05-30T17:05:18.396+0200] {taskinstance.py:2327} INFO - Executing <Task(PythonOperator): fetch_daily_data_all_cities> on 2025-05-25 00:00:00+00:00
[2025-05-30T17:05:18.398+0200] {standard_task_runner.py:63} INFO - Started process 28160 to run task
[2025-05-30T17:05:18.401+0200] {standard_task_runner.py:90} INFO - Running: ['airflow', 'tasks', 'run', 'fetch_daily_pollution_weather_dag', 'fetch_daily_data_all_cities', 'scheduled__2025-05-25T00:00:00+00:00', '--job-id', '68', '--raw', '--subdir', 'DAGS_FOLDER/daily_dag.py', '--cfg-path', '/tmp/tmpttcfony0']
[2025-05-30T17:05:18.401+0200] {standard_task_runner.py:91} INFO - Job 68: Subtask fetch_daily_data_all_cities
[2025-05-30T17:05:18.429+0200] {task_command.py:426} INFO - Running <TaskInstance: fetch_daily_pollution_weather_dag.fetch_daily_data_all_cities scheduled__2025-05-25T00:00:00+00:00 [running]> on host DESKTOP-2QS8J6D.
[2025-05-30T17:05:18.479+0200] {taskinstance.py:2644} INFO - Exporting env vars: AIRFLOW_CTX_DAG_OWNER='airflow' AIRFLOW_CTX_DAG_ID='fetch_daily_pollution_weather_dag' AIRFLOW_CTX_TASK_ID='fetch_daily_data_all_cities' AIRFLOW_CTX_EXECUTION_DATE='2025-05-25T00:00:00+00:00' AIRFLOW_CTX_TRY_NUMBER='1' AIRFLOW_CTX_DAG_RUN_ID='scheduled__2025-05-25T00:00:00+00:00'
[2025-05-30T17:05:18.479+0200] {taskinstance.py:430} INFO - ::endgroup::
[2025-05-30T17:08:08.033+0200] {python.py:237} INFO - Done. Returned value was: None
[2025-05-30T17:08:08.044+0200] {taskinstance.py:441} INFO - ::group::Post task execution logs
[2025-05-30T17:08:08.047+0200] {taskinstance.py:1205} INFO - Marking task as SUCCESS. dag_id=fetch_daily_pollution_weather_dag, task_id=fetch_daily_data_all_cities, execution_date=20250525T000000, start_date=20250530T150518, end_date=20250530T150808
[2025-05-30T17:08:08.088+0200] {local_task_job_runner.py:240} INFO - Task exited with return code 0
[2025-05-30T17:08:08.095+0200] {taskinstance.py:3482} INFO - 1 downstream tasks scheduled from follow-on schedule check
[2025-05-30T17:08:08.105+0200] {local_task_job_runner.py:222} INFO - ::endgroup::
[2025-05-30T17:16:16.570+0200] {local_task_job_runner.py:120} INFO - ::group::Pre task execution logs
[2025-05-30T17:16:16.583+0200] {taskinstance.py:2073} INFO - Dependencies all met for dep_context=non-requeueable deps ti=<TaskInstance: fetch_daily_pollution_weather_dag.fetch_daily_data_all_cities scheduled__2025-05-25T00:00:00+00:00 [queued]>
[2025-05-30T17:16:16.586+0200] {taskinstance.py:2073} INFO - Dependencies all met for dep_context=requeueable deps ti=<TaskInstance: fetch_daily_pollution_weather_dag.fetch_daily_data_all_cities scheduled__2025-05-25T00:00:00+00:00 [queued]>
[2025-05-30T17:16:16.586+0200] {taskinstance.py:2303} INFO - Starting attempt 1 of 2
[2025-05-30T17:16:16.601+0200] {taskinstance.py:2327} INFO - Executing <Task(PythonOperator): fetch_daily_data_all_cities> on 2025-05-25 00:00:00+00:00
[2025-05-30T17:16:16.603+0200] {standard_task_runner.py:63} INFO - Started process 30732 to run task
[2025-05-30T17:16:16.606+0200] {standard_task_runner.py:90} INFO - Running: ['airflow', 'tasks', 'run', 'fetch_daily_pollution_weather_dag', 'fetch_daily_data_all_cities', 'scheduled__2025-05-25T00:00:00+00:00', '--job-id', '77', '--raw', '--subdir', 'DAGS_FOLDER/daily_dag.py', '--cfg-path', '/tmp/tmp4i6rm2fk']
[2025-05-30T17:16:16.606+0200] {standard_task_runner.py:91} INFO - Job 77: Subtask fetch_daily_data_all_cities
[2025-05-30T17:16:16.638+0200] {task_command.py:426} INFO - Running <TaskInstance: fetch_daily_pollution_weather_dag.fetch_daily_data_all_cities scheduled__2025-05-25T00:00:00+00:00 [running]> on host DESKTOP-2QS8J6D.
[2025-05-30T17:16:16.693+0200] {taskinstance.py:2644} INFO - Exporting env vars: AIRFLOW_CTX_DAG_OWNER='airflow' AIRFLOW_CTX_DAG_ID='fetch_daily_pollution_weather_dag' AIRFLOW_CTX_TASK_ID='fetch_daily_data_all_cities' AIRFLOW_CTX_EXECUTION_DATE='2025-05-25T00:00:00+00:00' AIRFLOW_CTX_TRY_NUMBER='1' AIRFLOW_CTX_DAG_RUN_ID='scheduled__2025-05-25T00:00:00+00:00'
[2025-05-30T17:16:16.693+0200] {taskinstance.py:430} INFO - ::endgroup::
[2025-05-30T17:19:08.146+0200] {python.py:237} INFO - Done. Returned value was: None
[2025-05-30T17:19:08.148+0200] {taskinstance.py:441} INFO - ::group::Post task execution logs
[2025-05-30T17:19:08.152+0200] {taskinstance.py:1205} INFO - Marking task as SUCCESS. dag_id=fetch_daily_pollution_weather_dag, task_id=fetch_daily_data_all_cities, execution_date=20250525T000000, start_date=20250530T151616, end_date=20250530T151908
[2025-05-30T17:19:08.207+0200] {local_task_job_runner.py:240} INFO - Task exited with return code 0
[2025-05-30T17:19:08.216+0200] {taskinstance.py:3482} INFO - 1 downstream tasks scheduled from follow-on schedule check
[2025-05-30T17:19:08.225+0200] {local_task_job_runner.py:222} INFO - ::endgroup::
