[2025-06-09T11:37:19.152+0200] {local_task_job_runner.py:120} INFO - ::group::Pre task execution logs
[2025-06-09T11:37:19.164+0200] {taskinstance.py:2073} INFO - Dependencies all met for dep_context=non-requeueable deps ti=<TaskInstance: backfill_pollution_weather_dag.combine_backfill_data manual__2025-06-09T09:36:37.247868+00:00 [queued]>
[2025-06-09T11:37:19.167+0200] {taskinstance.py:2073} INFO - Dependencies all met for dep_context=requeueable deps ti=<TaskInstance: backfill_pollution_weather_dag.combine_backfill_data manual__2025-06-09T09:36:37.247868+00:00 [queued]>
[2025-06-09T11:37:19.167+0200] {taskinstance.py:2303} INFO - Starting attempt 1 of 2
[2025-06-09T11:37:19.192+0200] {taskinstance.py:2327} INFO - Executing <Task(PythonOperator): combine_backfill_data> on 2025-06-09 09:36:37.247868+00:00
[2025-06-09T11:37:19.195+0200] {standard_task_runner.py:63} INFO - Started process 8091 to run task
[2025-06-09T11:37:19.197+0200] {standard_task_runner.py:90} INFO - Running: ['airflow', 'tasks', 'run', 'backfill_pollution_weather_dag', 'combine_backfill_data', 'manual__2025-06-09T09:36:37.247868+00:00', '--job-id', '349', '--raw', '--subdir', 'DAGS_FOLDER/backfill_dag.py', '--cfg-path', '/tmp/tmpwscp5c7y']
[2025-06-09T11:37:19.197+0200] {standard_task_runner.py:91} INFO - Job 349: Subtask combine_backfill_data
[2025-06-09T11:37:19.235+0200] {task_command.py:426} INFO - Running <TaskInstance: backfill_pollution_weather_dag.combine_backfill_data manual__2025-06-09T09:36:37.247868+00:00 [running]> on host DESKTOP-2QS8J6D.
[2025-06-09T11:37:19.302+0200] {taskinstance.py:2644} INFO - Exporting env vars: AIRFLOW_CTX_DAG_OWNER='airflow' AIRFLOW_CTX_DAG_ID='backfill_pollution_weather_dag' AIRFLOW_CTX_TASK_ID='combine_backfill_data' AIRFLOW_CTX_EXECUTION_DATE='2025-06-09T09:36:37.247868+00:00' AIRFLOW_CTX_TRY_NUMBER='1' AIRFLOW_CTX_DAG_RUN_ID='manual__2025-06-09T09:36:37.247868+00:00'
[2025-06-09T11:37:19.303+0200] {taskinstance.py:430} INFO - ::endgroup::
[2025-06-09T11:37:23.737+0200] {logging_mixin.py:188} INFO - [COMBINING] City: istanbul
[2025-06-09T11:37:28.350+0200] {logging_mixin.py:188} INFO - [SKIP] Empty join result for istanbul 2025-05-20
[2025-06-09T11:37:29.037+0200] {logging_mixin.py:188} INFO - [SKIP] Empty join result for istanbul 2025-05-21
[2025-06-09T11:37:29.762+0200] {logging_mixin.py:188} INFO - [SKIP] Empty join result for istanbul 2025-05-22
[2025-06-09T11:37:30.425+0200] {logging_mixin.py:188} INFO - [SKIP] Empty join result for istanbul 2025-05-23
[2025-06-09T11:37:30.918+0200] {logging_mixin.py:188} INFO - [SKIP] Empty join result for istanbul 2025-05-24
[2025-06-09T11:37:31.452+0200] {logging_mixin.py:188} INFO - [SKIP] Empty join result for istanbul 2025-05-25
[2025-06-09T11:37:32.049+0200] {logging_mixin.py:188} INFO - [SKIP] Empty join result for istanbul 2025-05-26
[2025-06-09T11:37:32.667+0200] {logging_mixin.py:188} INFO - [SKIP] Empty join result for istanbul 2025-05-27
[2025-06-09T11:37:32.667+0200] {logging_mixin.py:188} INFO - [COMBINING] City: moscow
[2025-06-09T11:37:33.777+0200] {logging_mixin.py:188} INFO - [SKIP] Empty join result for moscow 2025-05-20
[2025-06-09T11:37:34.812+0200] {logging_mixin.py:188} INFO - [SKIP] Empty join result for moscow 2025-05-21
[2025-06-09T11:37:35.246+0200] {logging_mixin.py:188} INFO - [SKIP] Empty join result for moscow 2025-05-22
[2025-06-09T11:37:35.648+0200] {logging_mixin.py:188} INFO - [SKIP] Empty join result for moscow 2025-05-23
[2025-06-09T11:37:36.027+0200] {logging_mixin.py:188} INFO - [SKIP] Empty join result for moscow 2025-05-24
[2025-06-09T11:37:36.380+0200] {logging_mixin.py:188} INFO - [SKIP] Empty join result for moscow 2025-05-25
[2025-06-09T11:37:36.786+0200] {logging_mixin.py:188} INFO - [SKIP] Empty join result for moscow 2025-05-26
[2025-06-09T11:37:37.159+0200] {logging_mixin.py:188} INFO - [SKIP] Empty join result for moscow 2025-05-27
[2025-06-09T11:37:38.157+0200] {logging_mixin.py:188} INFO - [DONE] Backfill combining completed
[2025-06-09T11:37:38.158+0200] {python.py:237} INFO - Done. Returned value was: None
[2025-06-09T11:37:38.158+0200] {taskinstance.py:441} INFO - ::group::Post task execution logs
[2025-06-09T11:37:38.161+0200] {taskinstance.py:1205} INFO - Marking task as SUCCESS. dag_id=backfill_pollution_weather_dag, task_id=combine_backfill_data, execution_date=20250609T093637, start_date=20250609T093719, end_date=20250609T093738
[2025-06-09T11:37:38.210+0200] {local_task_job_runner.py:240} INFO - Task exited with return code 0
[2025-06-09T11:37:38.216+0200] {taskinstance.py:3482} INFO - 0 downstream tasks scheduled from follow-on schedule check
[2025-06-09T11:37:38.216+0200] {local_task_job_runner.py:222} INFO - ::endgroup::
