[2025-05-29T00:55:12.812+0200] {local_task_job_runner.py:120} INFO - ::group::Pre task execution logs
[2025-05-29T00:55:12.833+0200] {taskinstance.py:2073} INFO - Dependencies all met for dep_context=non-requeueable deps ti=<TaskInstance: fetch_daily_pollution_weather_dag.format_daily_data_all_cities scheduled__2025-05-25T00:00:00+00:00 [queued]>
[2025-05-29T00:55:12.839+0200] {taskinstance.py:2073} INFO - Dependencies all met for dep_context=requeueable deps ti=<TaskInstance: fetch_daily_pollution_weather_dag.format_daily_data_all_cities scheduled__2025-05-25T00:00:00+00:00 [queued]>
[2025-05-29T00:55:12.839+0200] {taskinstance.py:2303} INFO - Starting attempt 1 of 2
[2025-05-29T00:55:12.858+0200] {taskinstance.py:2327} INFO - Executing <Task(PythonOperator): format_daily_data_all_cities> on 2025-05-25 00:00:00+00:00
[2025-05-29T00:55:12.862+0200] {standard_task_runner.py:63} INFO - Started process 394211 to run task
[2025-05-29T00:55:12.865+0200] {standard_task_runner.py:90} INFO - Running: ['airflow', 'tasks', 'run', 'fetch_daily_pollution_weather_dag', 'format_daily_data_all_cities', 'scheduled__2025-05-25T00:00:00+00:00', '--job-id', '52', '--raw', '--subdir', 'DAGS_FOLDER/daily_dag.py', '--cfg-path', '/tmp/tmpe2_4n209']
[2025-05-29T00:55:12.865+0200] {standard_task_runner.py:91} INFO - Job 52: Subtask format_daily_data_all_cities
[2025-05-29T00:55:12.904+0200] {task_command.py:426} INFO - Running <TaskInstance: fetch_daily_pollution_weather_dag.format_daily_data_all_cities scheduled__2025-05-25T00:00:00+00:00 [running]> on host DESKTOP-2QS8J6D.
[2025-05-29T00:55:12.975+0200] {taskinstance.py:2644} INFO - Exporting env vars: AIRFLOW_CTX_DAG_OWNER='airflow' AIRFLOW_CTX_DAG_ID='fetch_daily_pollution_weather_dag' AIRFLOW_CTX_TASK_ID='format_daily_data_all_cities' AIRFLOW_CTX_EXECUTION_DATE='2025-05-25T00:00:00+00:00' AIRFLOW_CTX_TRY_NUMBER='1' AIRFLOW_CTX_DAG_RUN_ID='scheduled__2025-05-25T00:00:00+00:00'
[2025-05-29T00:55:12.976+0200] {taskinstance.py:430} INFO - ::endgroup::
[2025-05-29T00:55:13.082+0200] {python.py:237} INFO - Done. Returned value was: None
[2025-05-29T00:55:13.082+0200] {taskinstance.py:441} INFO - ::group::Post task execution logs
[2025-05-29T00:55:13.086+0200] {taskinstance.py:1205} INFO - Marking task as SUCCESS. dag_id=fetch_daily_pollution_weather_dag, task_id=format_daily_data_all_cities, execution_date=20250525T000000, start_date=20250528T225512, end_date=20250528T225513
[2025-05-29T00:55:13.118+0200] {local_task_job_runner.py:240} INFO - Task exited with return code 0
[2025-05-29T00:55:13.133+0200] {taskinstance.py:3482} INFO - 0 downstream tasks scheduled from follow-on schedule check
[2025-05-29T00:55:13.136+0200] {local_task_job_runner.py:222} INFO - ::endgroup::
[2025-05-30T17:08:53.173+0200] {local_task_job_runner.py:120} INFO - ::group::Pre task execution logs
[2025-05-30T17:08:53.193+0200] {taskinstance.py:2073} INFO - Dependencies all met for dep_context=non-requeueable deps ti=<TaskInstance: fetch_daily_pollution_weather_dag.format_daily_data_all_cities scheduled__2025-05-25T00:00:00+00:00 [queued]>
[2025-05-30T17:08:53.197+0200] {taskinstance.py:2073} INFO - Dependencies all met for dep_context=requeueable deps ti=<TaskInstance: fetch_daily_pollution_weather_dag.format_daily_data_all_cities scheduled__2025-05-25T00:00:00+00:00 [queued]>
[2025-05-30T17:08:53.197+0200] {taskinstance.py:2303} INFO - Starting attempt 1 of 2
[2025-05-30T17:08:53.210+0200] {taskinstance.py:2327} INFO - Executing <Task(PythonOperator): format_daily_data_all_cities> on 2025-05-25 00:00:00+00:00
[2025-05-30T17:08:53.212+0200] {standard_task_runner.py:63} INFO - Started process 28805 to run task
[2025-05-30T17:08:53.214+0200] {standard_task_runner.py:90} INFO - Running: ['airflow', 'tasks', 'run', 'fetch_daily_pollution_weather_dag', 'format_daily_data_all_cities', 'scheduled__2025-05-25T00:00:00+00:00', '--job-id', '69', '--raw', '--subdir', 'DAGS_FOLDER/daily_dag.py', '--cfg-path', '/tmp/tmph53a425n']
[2025-05-30T17:08:53.215+0200] {standard_task_runner.py:91} INFO - Job 69: Subtask format_daily_data_all_cities
[2025-05-30T17:08:53.245+0200] {task_command.py:426} INFO - Running <TaskInstance: fetch_daily_pollution_weather_dag.format_daily_data_all_cities scheduled__2025-05-25T00:00:00+00:00 [running]> on host DESKTOP-2QS8J6D.
[2025-05-30T17:08:53.301+0200] {taskinstance.py:2644} INFO - Exporting env vars: AIRFLOW_CTX_DAG_OWNER='airflow' AIRFLOW_CTX_DAG_ID='fetch_daily_pollution_weather_dag' AIRFLOW_CTX_TASK_ID='format_daily_data_all_cities' AIRFLOW_CTX_EXECUTION_DATE='2025-05-25T00:00:00+00:00' AIRFLOW_CTX_TRY_NUMBER='1' AIRFLOW_CTX_DAG_RUN_ID='scheduled__2025-05-25T00:00:00+00:00'
[2025-05-30T17:08:53.302+0200] {taskinstance.py:430} INFO - ::endgroup::
[2025-05-30T17:08:53.309+0200] {python.py:237} INFO - Done. Returned value was: None
[2025-05-30T17:08:53.309+0200] {taskinstance.py:441} INFO - ::group::Post task execution logs
[2025-05-30T17:08:53.311+0200] {taskinstance.py:1205} INFO - Marking task as SUCCESS. dag_id=fetch_daily_pollution_weather_dag, task_id=format_daily_data_all_cities, execution_date=20250525T000000, start_date=20250530T150853, end_date=20250530T150853
[2025-05-30T17:08:53.346+0200] {local_task_job_runner.py:240} INFO - Task exited with return code 0
[2025-05-30T17:08:53.362+0200] {taskinstance.py:3482} INFO - 0 downstream tasks scheduled from follow-on schedule check
[2025-05-30T17:08:53.362+0200] {local_task_job_runner.py:222} INFO - ::endgroup::
[2025-05-30T17:19:10.012+0200] {local_task_job_runner.py:120} INFO - ::group::Pre task execution logs
[2025-05-30T17:19:10.024+0200] {taskinstance.py:2073} INFO - Dependencies all met for dep_context=non-requeueable deps ti=<TaskInstance: fetch_daily_pollution_weather_dag.format_daily_data_all_cities scheduled__2025-05-25T00:00:00+00:00 [queued]>
[2025-05-30T17:19:10.027+0200] {taskinstance.py:2073} INFO - Dependencies all met for dep_context=requeueable deps ti=<TaskInstance: fetch_daily_pollution_weather_dag.format_daily_data_all_cities scheduled__2025-05-25T00:00:00+00:00 [queued]>
[2025-05-30T17:19:10.027+0200] {taskinstance.py:2303} INFO - Starting attempt 1 of 2
[2025-05-30T17:19:10.041+0200] {taskinstance.py:2327} INFO - Executing <Task(PythonOperator): format_daily_data_all_cities> on 2025-05-25 00:00:00+00:00
[2025-05-30T17:19:10.043+0200] {standard_task_runner.py:63} INFO - Started process 31731 to run task
[2025-05-30T17:19:10.045+0200] {standard_task_runner.py:90} INFO - Running: ['airflow', 'tasks', 'run', 'fetch_daily_pollution_weather_dag', 'format_daily_data_all_cities', 'scheduled__2025-05-25T00:00:00+00:00', '--job-id', '78', '--raw', '--subdir', 'DAGS_FOLDER/daily_dag.py', '--cfg-path', '/tmp/tmp7ug29j1b']
[2025-05-30T17:19:10.046+0200] {standard_task_runner.py:91} INFO - Job 78: Subtask format_daily_data_all_cities
[2025-05-30T17:19:10.071+0200] {task_command.py:426} INFO - Running <TaskInstance: fetch_daily_pollution_weather_dag.format_daily_data_all_cities scheduled__2025-05-25T00:00:00+00:00 [running]> on host DESKTOP-2QS8J6D.
[2025-05-30T17:19:10.117+0200] {taskinstance.py:2644} INFO - Exporting env vars: AIRFLOW_CTX_DAG_OWNER='airflow' AIRFLOW_CTX_DAG_ID='fetch_daily_pollution_weather_dag' AIRFLOW_CTX_TASK_ID='format_daily_data_all_cities' AIRFLOW_CTX_EXECUTION_DATE='2025-05-25T00:00:00+00:00' AIRFLOW_CTX_TRY_NUMBER='1' AIRFLOW_CTX_DAG_RUN_ID='scheduled__2025-05-25T00:00:00+00:00'
[2025-05-30T17:19:10.117+0200] {taskinstance.py:430} INFO - ::endgroup::
[2025-05-30T17:19:10.221+0200] {python.py:237} INFO - Done. Returned value was: None
[2025-05-30T17:19:10.221+0200] {taskinstance.py:441} INFO - ::group::Post task execution logs
[2025-05-30T17:19:10.223+0200] {taskinstance.py:1205} INFO - Marking task as SUCCESS. dag_id=fetch_daily_pollution_weather_dag, task_id=format_daily_data_all_cities, execution_date=20250525T000000, start_date=20250530T151910, end_date=20250530T151910
[2025-05-30T17:19:10.258+0200] {local_task_job_runner.py:240} INFO - Task exited with return code 0
[2025-05-30T17:19:10.265+0200] {taskinstance.py:3482} INFO - 0 downstream tasks scheduled from follow-on schedule check
[2025-05-30T17:19:10.265+0200] {local_task_job_runner.py:222} INFO - ::endgroup::
