[2025-06-08T21:29:39.845+0200] {local_task_job_runner.py:120} INFO - ::group::Pre task execution logs
[2025-06-08T21:29:39.869+0200] {taskinstance.py:2073} INFO - Dependencies all met for dep_context=non-requeueable deps ti=<TaskInstance: inspect_static_parquet_file_dag.inspect_static_parquet manual__2025-06-08T19:29:36.052317+00:00 [queued]>
[2025-06-08T21:29:39.872+0200] {taskinstance.py:2073} INFO - Dependencies all met for dep_context=requeueable deps ti=<TaskInstance: inspect_static_parquet_file_dag.inspect_static_parquet manual__2025-06-08T19:29:36.052317+00:00 [queued]>
[2025-06-08T21:29:39.872+0200] {taskinstance.py:2303} INFO - Starting attempt 1 of 1
[2025-06-08T21:29:39.889+0200] {taskinstance.py:2327} INFO - Executing <Task(PythonOperator): inspect_static_parquet> on 2025-06-08 19:29:36.052317+00:00
[2025-06-08T21:29:39.892+0200] {standard_task_runner.py:63} INFO - Started process 1075150 to run task
[2025-06-08T21:29:39.894+0200] {standard_task_runner.py:90} INFO - Running: ['airflow', 'tasks', 'run', 'inspect_static_parquet_file_dag', 'inspect_static_parquet', 'manual__2025-06-08T19:29:36.052317+00:00', '--job-id', '251', '--raw', '--subdir', 'DAGS_FOLDER/inspect_parquet_file.py', '--cfg-path', '/tmp/tmpcuyv5pp9']
[2025-06-08T21:29:39.896+0200] {standard_task_runner.py:91} INFO - Job 251: Subtask inspect_static_parquet
[2025-06-08T21:29:39.933+0200] {task_command.py:426} INFO - Running <TaskInstance: inspect_static_parquet_file_dag.inspect_static_parquet manual__2025-06-08T19:29:36.052317+00:00 [running]> on host DESKTOP-2QS8J6D.
[2025-06-08T21:29:39.988+0200] {taskinstance.py:2644} INFO - Exporting env vars: AIRFLOW_CTX_DAG_OWNER='airflow' AIRFLOW_CTX_DAG_ID='inspect_static_parquet_file_dag' AIRFLOW_CTX_TASK_ID='inspect_static_parquet' AIRFLOW_CTX_EXECUTION_DATE='2025-06-08T19:29:36.052317+00:00' AIRFLOW_CTX_TRY_NUMBER='1' AIRFLOW_CTX_DAG_RUN_ID='manual__2025-06-08T19:29:36.052317+00:00'
[2025-06-08T21:29:39.989+0200] {taskinstance.py:430} INFO - ::endgroup::
[2025-06-08T21:29:44.447+0200] {logging_mixin.py:188} INFO - === Pollution Parquet Schema ===
[2025-06-08T21:29:45.688+0200] {logging_mixin.py:188} INFO - root
 |-- co: double (nullable = true)
 |-- no: double (nullable = true)
 |-- no2: double (nullable = true)
 |-- o3: double (nullable = true)
 |-- so2: double (nullable = true)
 |-- pm2_5: double (nullable = true)
 |-- pm10: double (nullable = true)
 |-- nh3: double (nullable = true)
 |-- aqi_mode: long (nullable = true)
 |-- lat: double (nullable = true)
 |-- lon: double (nullable = true)
 |-- city_name: string (nullable = true)
[2025-06-08T21:29:46.835+0200] {logging_mixin.py:188} INFO - +-------+-----+-----+------+-----+-----+------+-----+--------+-------+------+---------+
|co     |no   |no2  |o3    |so2  |pm2_5|pm10  |nh3  |aqi_mode|lat    |lon   |city_name|
+-------+-----+-----+------+-----+-----+------+-----+--------+-------+------+---------+
|266.832|1.693|9.777|99.968|3.147|9.259|13.296|6.553|3       |48.8566|2.3522|paris    |
+-------+-----+-----+------+-----+-----+------+-----+--------+-------+------+---------+
[2025-06-08T21:29:46.835+0200] {logging_mixin.py:188} INFO - [ERROR] Weather file not found: /home/ccd/airflow/data/formatted/weather/paris/2024-11-21/
[2025-06-08T21:29:47.345+0200] {python.py:237} INFO - Done. Returned value was: None
[2025-06-08T21:29:47.346+0200] {taskinstance.py:441} INFO - ::group::Post task execution logs
[2025-06-08T21:29:47.352+0200] {taskinstance.py:1205} INFO - Marking task as SUCCESS. dag_id=inspect_static_parquet_file_dag, task_id=inspect_static_parquet, execution_date=20250608T192936, start_date=20250608T192939, end_date=20250608T192947
[2025-06-08T21:29:47.381+0200] {local_task_job_runner.py:240} INFO - Task exited with return code 0
[2025-06-08T21:29:47.387+0200] {taskinstance.py:3482} INFO - 0 downstream tasks scheduled from follow-on schedule check
[2025-06-08T21:29:47.387+0200] {local_task_job_runner.py:222} INFO - ::endgroup::
