[2025-05-30T15:43:42.364+0200] {local_task_job_runner.py:120} INFO - ::group::Pre task execution logs
[2025-05-30T15:43:42.391+0200] {taskinstance.py:2073} INFO - Dependencies all met for dep_context=non-requeueable deps ti=<TaskInstance: fetch_daily_pollution_weather_dag.fetch_daily_data_all_cities scheduled__2025-05-28T00:00:00+00:00 [queued]>
[2025-05-30T15:43:42.398+0200] {taskinstance.py:2073} INFO - Dependencies all met for dep_context=requeueable deps ti=<TaskInstance: fetch_daily_pollution_weather_dag.fetch_daily_data_all_cities scheduled__2025-05-28T00:00:00+00:00 [queued]>
[2025-05-30T15:43:42.398+0200] {taskinstance.py:2303} INFO - Starting attempt 1 of 2
[2025-05-30T15:43:42.474+0200] {taskinstance.py:2327} INFO - Executing <Task(PythonOperator): fetch_daily_data_all_cities> on 2025-05-28 00:00:00+00:00
[2025-05-30T15:43:42.477+0200] {standard_task_runner.py:63} INFO - Started process 10018 to run task
[2025-05-30T15:43:42.490+0200] {standard_task_runner.py:90} INFO - Running: ['airflow', 'tasks', 'run', 'fetch_daily_pollution_weather_dag', 'fetch_daily_data_all_cities', 'scheduled__2025-05-28T00:00:00+00:00', '--job-id', '59', '--raw', '--subdir', 'DAGS_FOLDER/daily_dag.py', '--cfg-path', '/tmp/tmpjcpbsijd']
[2025-05-30T15:43:42.491+0200] {standard_task_runner.py:91} INFO - Job 59: Subtask fetch_daily_data_all_cities
[2025-05-30T15:43:42.546+0200] {task_command.py:426} INFO - Running <TaskInstance: fetch_daily_pollution_weather_dag.fetch_daily_data_all_cities scheduled__2025-05-28T00:00:00+00:00 [running]> on host DESKTOP-2QS8J6D.
[2025-05-30T15:43:42.613+0200] {taskinstance.py:2644} INFO - Exporting env vars: AIRFLOW_CTX_DAG_OWNER='airflow' AIRFLOW_CTX_DAG_ID='fetch_daily_pollution_weather_dag' AIRFLOW_CTX_TASK_ID='fetch_daily_data_all_cities' AIRFLOW_CTX_EXECUTION_DATE='2025-05-28T00:00:00+00:00' AIRFLOW_CTX_TRY_NUMBER='1' AIRFLOW_CTX_DAG_RUN_ID='scheduled__2025-05-28T00:00:00+00:00'
[2025-05-30T15:43:42.614+0200] {taskinstance.py:430} INFO - ::endgroup::
[2025-05-30T15:46:33.741+0200] {python.py:237} INFO - Done. Returned value was: None
[2025-05-30T15:46:33.751+0200] {taskinstance.py:441} INFO - ::group::Post task execution logs
[2025-05-30T15:46:33.754+0200] {taskinstance.py:1205} INFO - Marking task as SUCCESS. dag_id=fetch_daily_pollution_weather_dag, task_id=fetch_daily_data_all_cities, execution_date=20250528T000000, start_date=20250530T134342, end_date=20250530T134633
[2025-05-30T15:46:33.808+0200] {local_task_job_runner.py:240} INFO - Task exited with return code 0
[2025-05-30T15:46:33.815+0200] {taskinstance.py:3482} INFO - 1 downstream tasks scheduled from follow-on schedule check
[2025-05-30T15:46:33.824+0200] {local_task_job_runner.py:222} INFO - ::endgroup::
[2025-05-30T17:25:15.351+0200] {local_task_job_runner.py:120} INFO - ::group::Pre task execution logs
[2025-05-30T17:25:15.361+0200] {taskinstance.py:2073} INFO - Dependencies all met for dep_context=non-requeueable deps ti=<TaskInstance: fetch_daily_pollution_weather_dag.fetch_daily_data_all_cities scheduled__2025-05-28T00:00:00+00:00 [queued]>
[2025-05-30T17:25:15.364+0200] {taskinstance.py:2073} INFO - Dependencies all met for dep_context=requeueable deps ti=<TaskInstance: fetch_daily_pollution_weather_dag.fetch_daily_data_all_cities scheduled__2025-05-28T00:00:00+00:00 [queued]>
[2025-05-30T17:25:15.364+0200] {taskinstance.py:2303} INFO - Starting attempt 1 of 2
[2025-05-30T17:25:15.378+0200] {taskinstance.py:2327} INFO - Executing <Task(PythonOperator): fetch_daily_data_all_cities> on 2025-05-28 00:00:00+00:00
[2025-05-30T17:25:15.381+0200] {standard_task_runner.py:63} INFO - Started process 33107 to run task
[2025-05-30T17:25:15.383+0200] {standard_task_runner.py:90} INFO - Running: ['airflow', 'tasks', 'run', 'fetch_daily_pollution_weather_dag', 'fetch_daily_data_all_cities', 'scheduled__2025-05-28T00:00:00+00:00', '--job-id', '83', '--raw', '--subdir', 'DAGS_FOLDER/daily_dag.py', '--cfg-path', '/tmp/tmpuyp0lh_d']
[2025-05-30T17:25:15.383+0200] {standard_task_runner.py:91} INFO - Job 83: Subtask fetch_daily_data_all_cities
[2025-05-30T17:25:15.412+0200] {task_command.py:426} INFO - Running <TaskInstance: fetch_daily_pollution_weather_dag.fetch_daily_data_all_cities scheduled__2025-05-28T00:00:00+00:00 [running]> on host DESKTOP-2QS8J6D.
[2025-05-30T17:25:15.460+0200] {taskinstance.py:2644} INFO - Exporting env vars: AIRFLOW_CTX_DAG_OWNER='airflow' AIRFLOW_CTX_DAG_ID='fetch_daily_pollution_weather_dag' AIRFLOW_CTX_TASK_ID='fetch_daily_data_all_cities' AIRFLOW_CTX_EXECUTION_DATE='2025-05-28T00:00:00+00:00' AIRFLOW_CTX_TRY_NUMBER='1' AIRFLOW_CTX_DAG_RUN_ID='scheduled__2025-05-28T00:00:00+00:00'
[2025-05-30T17:25:15.461+0200] {taskinstance.py:430} INFO - ::endgroup::
[2025-05-30T17:28:08.271+0200] {python.py:237} INFO - Done. Returned value was: None
[2025-05-30T17:28:08.273+0200] {taskinstance.py:441} INFO - ::group::Post task execution logs
[2025-05-30T17:28:08.278+0200] {taskinstance.py:1205} INFO - Marking task as SUCCESS. dag_id=fetch_daily_pollution_weather_dag, task_id=fetch_daily_data_all_cities, execution_date=20250528T000000, start_date=20250530T152515, end_date=20250530T152808
[2025-05-30T17:28:08.307+0200] {local_task_job_runner.py:240} INFO - Task exited with return code 0
[2025-05-30T17:28:08.315+0200] {taskinstance.py:3482} INFO - 1 downstream tasks scheduled from follow-on schedule check
[2025-05-30T17:28:08.327+0200] {local_task_job_runner.py:222} INFO - ::endgroup::
[2025-05-30T19:11:54.345+0200] {local_task_job_runner.py:120} INFO - ::group::Pre task execution logs
[2025-05-30T19:11:54.357+0200] {taskinstance.py:2073} INFO - Dependencies all met for dep_context=non-requeueable deps ti=<TaskInstance: fetch_daily_pollution_weather_dag.fetch_daily_data_all_cities scheduled__2025-05-28T00:00:00+00:00 [queued]>
[2025-05-30T19:11:54.360+0200] {taskinstance.py:2073} INFO - Dependencies all met for dep_context=requeueable deps ti=<TaskInstance: fetch_daily_pollution_weather_dag.fetch_daily_data_all_cities scheduled__2025-05-28T00:00:00+00:00 [queued]>
[2025-05-30T19:11:54.360+0200] {taskinstance.py:2303} INFO - Starting attempt 1 of 2
[2025-05-30T19:11:54.375+0200] {taskinstance.py:2327} INFO - Executing <Task(PythonOperator): fetch_daily_data_all_cities> on 2025-05-28 00:00:00+00:00
[2025-05-30T19:11:54.377+0200] {standard_task_runner.py:63} INFO - Started process 61562 to run task
[2025-05-30T19:11:54.379+0200] {standard_task_runner.py:90} INFO - Running: ['airflow', 'tasks', 'run', 'fetch_daily_pollution_weather_dag', 'fetch_daily_data_all_cities', 'scheduled__2025-05-28T00:00:00+00:00', '--job-id', '110', '--raw', '--subdir', 'DAGS_FOLDER/daily_dag.py', '--cfg-path', '/tmp/tmp2bbbztk1']
[2025-05-30T19:11:54.379+0200] {standard_task_runner.py:91} INFO - Job 110: Subtask fetch_daily_data_all_cities
[2025-05-30T19:11:54.411+0200] {task_command.py:426} INFO - Running <TaskInstance: fetch_daily_pollution_weather_dag.fetch_daily_data_all_cities scheduled__2025-05-28T00:00:00+00:00 [running]> on host DESKTOP-2QS8J6D.
[2025-05-30T19:11:54.464+0200] {taskinstance.py:2644} INFO - Exporting env vars: AIRFLOW_CTX_DAG_OWNER='airflow' AIRFLOW_CTX_DAG_ID='fetch_daily_pollution_weather_dag' AIRFLOW_CTX_TASK_ID='fetch_daily_data_all_cities' AIRFLOW_CTX_EXECUTION_DATE='2025-05-28T00:00:00+00:00' AIRFLOW_CTX_TRY_NUMBER='1' AIRFLOW_CTX_DAG_RUN_ID='scheduled__2025-05-28T00:00:00+00:00'
[2025-05-30T19:11:54.465+0200] {taskinstance.py:430} INFO - ::endgroup::
[2025-05-30T19:14:44.118+0200] {python.py:237} INFO - Done. Returned value was: None
[2025-05-30T19:14:44.118+0200] {taskinstance.py:441} INFO - ::group::Post task execution logs
[2025-05-30T19:14:44.120+0200] {taskinstance.py:1205} INFO - Marking task as SUCCESS. dag_id=fetch_daily_pollution_weather_dag, task_id=fetch_daily_data_all_cities, execution_date=20250528T000000, start_date=20250530T171154, end_date=20250530T171444
[2025-05-30T19:14:44.148+0200] {local_task_job_runner.py:240} INFO - Task exited with return code 0
[2025-05-30T19:14:44.156+0200] {taskinstance.py:3482} INFO - 1 downstream tasks scheduled from follow-on schedule check
[2025-05-30T19:14:44.166+0200] {local_task_job_runner.py:222} INFO - ::endgroup::
[2025-05-30T21:57:52.261+0200] {local_task_job_runner.py:120} INFO - ::group::Pre task execution logs
[2025-05-30T21:57:52.275+0200] {taskinstance.py:2073} INFO - Dependencies all met for dep_context=non-requeueable deps ti=<TaskInstance: fetch_daily_pollution_weather_dag.fetch_daily_data_all_cities scheduled__2025-05-28T00:00:00+00:00 [queued]>
[2025-05-30T21:57:52.278+0200] {taskinstance.py:2073} INFO - Dependencies all met for dep_context=requeueable deps ti=<TaskInstance: fetch_daily_pollution_weather_dag.fetch_daily_data_all_cities scheduled__2025-05-28T00:00:00+00:00 [queued]>
[2025-05-30T21:57:52.278+0200] {taskinstance.py:2303} INFO - Starting attempt 1 of 2
[2025-05-30T21:57:52.295+0200] {taskinstance.py:2327} INFO - Executing <Task(PythonOperator): fetch_daily_data_all_cities> on 2025-05-28 00:00:00+00:00
[2025-05-30T21:57:52.299+0200] {standard_task_runner.py:63} INFO - Started process 108969 to run task
[2025-05-30T21:57:52.301+0200] {standard_task_runner.py:90} INFO - Running: ['airflow', 'tasks', 'run', 'fetch_daily_pollution_weather_dag', 'fetch_daily_data_all_cities', 'scheduled__2025-05-28T00:00:00+00:00', '--job-id', '121', '--raw', '--subdir', 'DAGS_FOLDER/daily_dag.py', '--cfg-path', '/tmp/tmpnxash0io']
[2025-05-30T21:57:52.301+0200] {standard_task_runner.py:91} INFO - Job 121: Subtask fetch_daily_data_all_cities
[2025-05-30T21:57:52.337+0200] {task_command.py:426} INFO - Running <TaskInstance: fetch_daily_pollution_weather_dag.fetch_daily_data_all_cities scheduled__2025-05-28T00:00:00+00:00 [running]> on host DESKTOP-2QS8J6D.
[2025-05-30T21:57:52.391+0200] {taskinstance.py:2644} INFO - Exporting env vars: AIRFLOW_CTX_DAG_OWNER='airflow' AIRFLOW_CTX_DAG_ID='fetch_daily_pollution_weather_dag' AIRFLOW_CTX_TASK_ID='fetch_daily_data_all_cities' AIRFLOW_CTX_EXECUTION_DATE='2025-05-28T00:00:00+00:00' AIRFLOW_CTX_TRY_NUMBER='1' AIRFLOW_CTX_DAG_RUN_ID='scheduled__2025-05-28T00:00:00+00:00'
[2025-05-30T21:57:52.392+0200] {taskinstance.py:430} INFO - ::endgroup::
[2025-05-30T22:00:43.719+0200] {python.py:237} INFO - Done. Returned value was: None
[2025-05-30T22:00:43.720+0200] {taskinstance.py:441} INFO - ::group::Post task execution logs
[2025-05-30T22:00:43.723+0200] {taskinstance.py:1205} INFO - Marking task as SUCCESS. dag_id=fetch_daily_pollution_weather_dag, task_id=fetch_daily_data_all_cities, execution_date=20250528T000000, start_date=20250530T195752, end_date=20250530T200043
[2025-05-30T22:00:43.749+0200] {local_task_job_runner.py:240} INFO - Task exited with return code 0
[2025-05-30T22:00:43.755+0200] {taskinstance.py:3482} INFO - 1 downstream tasks scheduled from follow-on schedule check
[2025-05-30T22:00:43.765+0200] {local_task_job_runner.py:222} INFO - ::endgroup::
[2025-05-30T23:53:38.811+0200] {local_task_job_runner.py:120} INFO - ::group::Pre task execution logs
[2025-05-30T23:53:38.822+0200] {taskinstance.py:2073} INFO - Dependencies all met for dep_context=non-requeueable deps ti=<TaskInstance: fetch_daily_pollution_weather_dag.fetch_daily_data_all_cities scheduled__2025-05-28T00:00:00+00:00 [queued]>
[2025-05-30T23:53:38.825+0200] {taskinstance.py:2073} INFO - Dependencies all met for dep_context=requeueable deps ti=<TaskInstance: fetch_daily_pollution_weather_dag.fetch_daily_data_all_cities scheduled__2025-05-28T00:00:00+00:00 [queued]>
[2025-05-30T23:53:38.825+0200] {taskinstance.py:2303} INFO - Starting attempt 1 of 2
[2025-05-30T23:53:38.844+0200] {taskinstance.py:2327} INFO - Executing <Task(PythonOperator): fetch_daily_data_all_cities> on 2025-05-28 00:00:00+00:00
[2025-05-30T23:53:38.847+0200] {standard_task_runner.py:63} INFO - Started process 140414 to run task
[2025-05-30T23:53:38.851+0200] {standard_task_runner.py:90} INFO - Running: ['airflow', 'tasks', 'run', 'fetch_daily_pollution_weather_dag', 'fetch_daily_data_all_cities', 'scheduled__2025-05-28T00:00:00+00:00', '--job-id', '123', '--raw', '--subdir', 'DAGS_FOLDER/daily_dag.py', '--cfg-path', '/tmp/tmpx8igu4p9']
[2025-05-30T23:53:38.851+0200] {standard_task_runner.py:91} INFO - Job 123: Subtask fetch_daily_data_all_cities
[2025-05-30T23:53:38.883+0200] {task_command.py:426} INFO - Running <TaskInstance: fetch_daily_pollution_weather_dag.fetch_daily_data_all_cities scheduled__2025-05-28T00:00:00+00:00 [running]> on host DESKTOP-2QS8J6D.
[2025-05-30T23:53:38.996+0200] {taskinstance.py:2644} INFO - Exporting env vars: AIRFLOW_CTX_DAG_OWNER='airflow' AIRFLOW_CTX_DAG_ID='fetch_daily_pollution_weather_dag' AIRFLOW_CTX_TASK_ID='fetch_daily_data_all_cities' AIRFLOW_CTX_EXECUTION_DATE='2025-05-28T00:00:00+00:00' AIRFLOW_CTX_TRY_NUMBER='1' AIRFLOW_CTX_DAG_RUN_ID='scheduled__2025-05-28T00:00:00+00:00'
[2025-05-30T23:53:38.997+0200] {taskinstance.py:430} INFO - ::endgroup::
[2025-05-30T23:56:31.783+0200] {python.py:237} INFO - Done. Returned value was: None
[2025-05-30T23:56:31.783+0200] {taskinstance.py:441} INFO - ::group::Post task execution logs
[2025-05-30T23:56:31.787+0200] {taskinstance.py:1205} INFO - Marking task as SUCCESS. dag_id=fetch_daily_pollution_weather_dag, task_id=fetch_daily_data_all_cities, execution_date=20250528T000000, start_date=20250530T215338, end_date=20250530T215631
[2025-05-30T23:56:31.831+0200] {local_task_job_runner.py:240} INFO - Task exited with return code 0
[2025-05-30T23:56:31.839+0200] {taskinstance.py:3482} INFO - 1 downstream tasks scheduled from follow-on schedule check
[2025-05-30T23:56:31.848+0200] {local_task_job_runner.py:222} INFO - ::endgroup::
