[2025-06-09T17:37:51.778+0200] {local_task_job_runner.py:120} INFO - ::group::Pre task execution logs
[2025-06-09T17:37:51.797+0200] {taskinstance.py:2073} INFO - Dependencies all met for dep_context=non-requeueable deps ti=<TaskInstance: backfill_pollution_weather_dag.combine_backfill_data manual__2025-06-09T15:37:48.924318+00:00 [queued]>
[2025-06-09T17:37:51.802+0200] {taskinstance.py:2073} INFO - Dependencies all met for dep_context=requeueable deps ti=<TaskInstance: backfill_pollution_weather_dag.combine_backfill_data manual__2025-06-09T15:37:48.924318+00:00 [queued]>
[2025-06-09T17:37:51.802+0200] {taskinstance.py:2303} INFO - Starting attempt 1 of 2
[2025-06-09T17:37:51.821+0200] {taskinstance.py:2327} INFO - Executing <Task(PythonOperator): combine_backfill_data> on 2025-06-09 15:37:48.924318+00:00
[2025-06-09T17:37:51.824+0200] {standard_task_runner.py:63} INFO - Started process 109378 to run task
[2025-06-09T17:37:51.827+0200] {standard_task_runner.py:90} INFO - Running: ['airflow', 'tasks', 'run', 'backfill_pollution_weather_dag', 'combine_backfill_data', 'manual__2025-06-09T15:37:48.924318+00:00', '--job-id', '396', '--raw', '--subdir', 'DAGS_FOLDER/backfill_dag.py', '--cfg-path', '/tmp/tmpp8jpjhha']
[2025-06-09T17:37:51.827+0200] {standard_task_runner.py:91} INFO - Job 396: Subtask combine_backfill_data
[2025-06-09T17:37:51.873+0200] {task_command.py:426} INFO - Running <TaskInstance: backfill_pollution_weather_dag.combine_backfill_data manual__2025-06-09T15:37:48.924318+00:00 [running]> on host DESKTOP-2QS8J6D.
[2025-06-09T17:37:51.943+0200] {taskinstance.py:2644} INFO - Exporting env vars: AIRFLOW_CTX_DAG_OWNER='airflow' AIRFLOW_CTX_DAG_ID='backfill_pollution_weather_dag' AIRFLOW_CTX_TASK_ID='combine_backfill_data' AIRFLOW_CTX_EXECUTION_DATE='2025-06-09T15:37:48.924318+00:00' AIRFLOW_CTX_TRY_NUMBER='1' AIRFLOW_CTX_DAG_RUN_ID='manual__2025-06-09T15:37:48.924318+00:00'
[2025-06-09T17:37:51.944+0200] {taskinstance.py:430} INFO - ::endgroup::
[2025-06-09T17:37:59.894+0200] {logging_mixin.py:188} INFO - [COMBINING] City: istanbul
[2025-06-09T17:37:59.896+0200] {logging_mixin.py:188} INFO - [COMBINING] City: moscow
[2025-06-09T17:38:00.353+0200] {logging_mixin.py:188} INFO - [DONE] Backfill combining completed
[2025-06-09T17:38:00.353+0200] {python.py:237} INFO - Done. Returned value was: None
[2025-06-09T17:38:00.353+0200] {taskinstance.py:441} INFO - ::group::Post task execution logs
[2025-06-09T17:38:00.378+0200] {taskinstance.py:1205} INFO - Marking task as SUCCESS. dag_id=backfill_pollution_weather_dag, task_id=combine_backfill_data, execution_date=20250609T153748, start_date=20250609T153751, end_date=20250609T153800
[2025-06-09T17:38:00.435+0200] {local_task_job_runner.py:240} INFO - Task exited with return code 0
[2025-06-09T17:38:00.444+0200] {taskinstance.py:3482} INFO - 1 downstream tasks scheduled from follow-on schedule check
[2025-06-09T17:38:00.456+0200] {local_task_job_runner.py:222} INFO - ::endgroup::
