[2025-06-08T23:54:35.886+0200] {local_task_job_runner.py:120} INFO - ::group::Pre task execution logs
[2025-06-08T23:54:35.899+0200] {taskinstance.py:2073} INFO - Dependencies all met for dep_context=non-requeueable deps ti=<TaskInstance: backfill_pollution_weather_dag.format_backfill_all_data manual__2025-06-08T21:54:33.869367+00:00 [queued]>
[2025-06-08T23:54:35.902+0200] {taskinstance.py:2073} INFO - Dependencies all met for dep_context=requeueable deps ti=<TaskInstance: backfill_pollution_weather_dag.format_backfill_all_data manual__2025-06-08T21:54:33.869367+00:00 [queued]>
[2025-06-08T23:54:35.902+0200] {taskinstance.py:2303} INFO - Starting attempt 1 of 2
[2025-06-08T23:54:35.919+0200] {taskinstance.py:2327} INFO - Executing <Task(PythonOperator): format_backfill_all_data> on 2025-06-08 21:54:33.869367+00:00
[2025-06-08T23:54:35.922+0200] {standard_task_runner.py:63} INFO - Started process 1213220 to run task
[2025-06-08T23:54:35.925+0200] {standard_task_runner.py:90} INFO - Running: ['airflow', 'tasks', 'run', 'backfill_pollution_weather_dag', 'format_backfill_all_data', 'manual__2025-06-08T21:54:33.869367+00:00', '--job-id', '320', '--raw', '--subdir', 'DAGS_FOLDER/backfill_dag.py', '--cfg-path', '/tmp/tmpcwgj8dbv']
[2025-06-08T23:54:35.925+0200] {standard_task_runner.py:91} INFO - Job 320: Subtask format_backfill_all_data
[2025-06-08T23:54:35.966+0200] {task_command.py:426} INFO - Running <TaskInstance: backfill_pollution_weather_dag.format_backfill_all_data manual__2025-06-08T21:54:33.869367+00:00 [running]> on host DESKTOP-2QS8J6D.
[2025-06-08T23:54:36.041+0200] {taskinstance.py:2644} INFO - Exporting env vars: AIRFLOW_CTX_DAG_OWNER='airflow' AIRFLOW_CTX_DAG_ID='backfill_pollution_weather_dag' AIRFLOW_CTX_TASK_ID='format_backfill_all_data' AIRFLOW_CTX_EXECUTION_DATE='2025-06-08T21:54:33.869367+00:00' AIRFLOW_CTX_TRY_NUMBER='1' AIRFLOW_CTX_DAG_RUN_ID='manual__2025-06-08T21:54:33.869367+00:00'
[2025-06-08T23:54:36.042+0200] {taskinstance.py:430} INFO - ::endgroup::
[2025-06-08T23:54:39.633+0200] {logging_mixin.py:188} INFO - [CITY] Processing: istanbul
[2025-06-08T23:54:40.311+0200] {taskinstance.py:441} INFO - ::group::Post task execution logs
[2025-06-08T23:54:40.312+0200] {taskinstance.py:2890} ERROR - Task failed with exception
Traceback (most recent call last):
  File "/home/ccd/airflow_venv/lib/python3.10/site-packages/airflow/models/taskinstance.py", line 465, in _execute_task
    result = _execute_callable(context=context, **execute_callable_kwargs)
  File "/home/ccd/airflow_venv/lib/python3.10/site-packages/airflow/models/taskinstance.py", line 432, in _execute_callable
    return execute_callable(context=context, **execute_callable_kwargs)
  File "/home/ccd/airflow_venv/lib/python3.10/site-packages/airflow/models/baseoperator.py", line 400, in wrapper
    return func(self, *args, **kwargs)
  File "/home/ccd/airflow_venv/lib/python3.10/site-packages/airflow/operators/python.py", line 235, in execute
    return_value = self.execute_callable()
  File "/home/ccd/airflow_venv/lib/python3.10/site-packages/airflow/operators/python.py", line 252, in execute_callable
    return self.python_callable(*self.op_args, **self.op_kwargs)
  File "/home/ccd/airflow/dags/backfill_dag.py", line 193, in format_backfill_all_dates
    df_spark = spark.createDataFrame(df).withColumn("city_name", lit(city_name))
NameError: name 'lit' is not defined
[2025-06-08T23:54:40.314+0200] {taskinstance.py:1205} INFO - Marking task as UP_FOR_RETRY. dag_id=backfill_pollution_weather_dag, task_id=format_backfill_all_data, execution_date=20250608T215433, start_date=20250608T215435, end_date=20250608T215440
[2025-06-08T23:54:40.339+0200] {standard_task_runner.py:110} ERROR - Failed to execute job 320 for task format_backfill_all_data (name 'lit' is not defined; 1213220)
[2025-06-08T23:54:40.359+0200] {local_task_job_runner.py:240} INFO - Task exited with return code 1
[2025-06-08T23:54:40.365+0200] {taskinstance.py:3482} INFO - 0 downstream tasks scheduled from follow-on schedule check
[2025-06-08T23:54:40.365+0200] {local_task_job_runner.py:222} INFO - ::endgroup::
