[2025-06-09T02:00:07.527+0200] {processor.py:161} INFO - Started process (PID=1328045) to work on /home/ccd/airflow_venv/lib/python3.10/site-packages/airflow/example_dags/plugins/decreasing_priority_weight_strategy.py
[2025-06-09T02:00:07.528+0200] {processor.py:830} INFO - Processing file /home/ccd/airflow_venv/lib/python3.10/site-packages/airflow/example_dags/plugins/decreasing_priority_weight_strategy.py for tasks to queue
[2025-06-09T02:00:07.529+0200] {logging_mixin.py:188} INFO - [2025-06-09T02:00:07.528+0200] {dagbag.py:540} INFO - Filling up the DagBag from /home/ccd/airflow_venv/lib/python3.10/site-packages/airflow/example_dags/plugins/decreasing_priority_weight_strategy.py
[2025-06-09T02:00:07.530+0200] {processor.py:842} WARNING - No viable dags retrieved from /home/ccd/airflow_venv/lib/python3.10/site-packages/airflow/example_dags/plugins/decreasing_priority_weight_strategy.py
[2025-06-09T02:00:07.541+0200] {processor.py:183} INFO - Processing /home/ccd/airflow_venv/lib/python3.10/site-packages/airflow/example_dags/plugins/decreasing_priority_weight_strategy.py took 0.020 seconds
[2025-06-09T02:01:09.827+0200] {processor.py:161} INFO - Started process (PID=1328434) to work on /home/ccd/airflow_venv/lib/python3.10/site-packages/airflow/example_dags/plugins/decreasing_priority_weight_strategy.py
[2025-06-09T02:01:09.839+0200] {processor.py:830} INFO - Processing file /home/ccd/airflow_venv/lib/python3.10/site-packages/airflow/example_dags/plugins/decreasing_priority_weight_strategy.py for tasks to queue
[2025-06-09T02:01:09.841+0200] {logging_mixin.py:188} INFO - [2025-06-09T02:01:09.840+0200] {dagbag.py:540} INFO - Filling up the DagBag from /home/ccd/airflow_venv/lib/python3.10/site-packages/airflow/example_dags/plugins/decreasing_priority_weight_strategy.py
[2025-06-09T02:01:09.854+0200] {processor.py:842} WARNING - No viable dags retrieved from /home/ccd/airflow_venv/lib/python3.10/site-packages/airflow/example_dags/plugins/decreasing_priority_weight_strategy.py
[2025-06-09T02:01:09.897+0200] {processor.py:183} INFO - Processing /home/ccd/airflow_venv/lib/python3.10/site-packages/airflow/example_dags/plugins/decreasing_priority_weight_strategy.py took 0.085 seconds
[2025-06-09T02:02:08.842+0200] {processor.py:161} INFO - Started process (PID=1328788) to work on /home/ccd/airflow_venv/lib/python3.10/site-packages/airflow/example_dags/plugins/decreasing_priority_weight_strategy.py
[2025-06-09T02:02:08.845+0200] {processor.py:830} INFO - Processing file /home/ccd/airflow_venv/lib/python3.10/site-packages/airflow/example_dags/plugins/decreasing_priority_weight_strategy.py for tasks to queue
[2025-06-09T02:02:08.845+0200] {logging_mixin.py:188} INFO - [2025-06-09T02:02:08.845+0200] {dagbag.py:540} INFO - Filling up the DagBag from /home/ccd/airflow_venv/lib/python3.10/site-packages/airflow/example_dags/plugins/decreasing_priority_weight_strategy.py
[2025-06-09T02:02:08.847+0200] {processor.py:842} WARNING - No viable dags retrieved from /home/ccd/airflow_venv/lib/python3.10/site-packages/airflow/example_dags/plugins/decreasing_priority_weight_strategy.py
[2025-06-09T02:02:08.857+0200] {processor.py:183} INFO - Processing /home/ccd/airflow_venv/lib/python3.10/site-packages/airflow/example_dags/plugins/decreasing_priority_weight_strategy.py took 0.021 seconds
[2025-06-09T02:03:02.183+0200] {processor.py:161} INFO - Started process (PID=1329085) to work on /home/ccd/airflow_venv/lib/python3.10/site-packages/airflow/example_dags/plugins/decreasing_priority_weight_strategy.py
[2025-06-09T02:03:02.193+0200] {processor.py:830} INFO - Processing file /home/ccd/airflow_venv/lib/python3.10/site-packages/airflow/example_dags/plugins/decreasing_priority_weight_strategy.py for tasks to queue
[2025-06-09T02:03:02.194+0200] {logging_mixin.py:188} INFO - [2025-06-09T02:03:02.194+0200] {dagbag.py:540} INFO - Filling up the DagBag from /home/ccd/airflow_venv/lib/python3.10/site-packages/airflow/example_dags/plugins/decreasing_priority_weight_strategy.py
[2025-06-09T02:03:02.199+0200] {processor.py:842} WARNING - No viable dags retrieved from /home/ccd/airflow_venv/lib/python3.10/site-packages/airflow/example_dags/plugins/decreasing_priority_weight_strategy.py
[2025-06-09T02:03:02.221+0200] {processor.py:183} INFO - Processing /home/ccd/airflow_venv/lib/python3.10/site-packages/airflow/example_dags/plugins/decreasing_priority_weight_strategy.py took 0.045 seconds
[2025-06-09T02:03:51.761+0200] {processor.py:161} INFO - Started process (PID=1329389) to work on /home/ccd/airflow_venv/lib/python3.10/site-packages/airflow/example_dags/plugins/decreasing_priority_weight_strategy.py
[2025-06-09T02:03:51.773+0200] {processor.py:830} INFO - Processing file /home/ccd/airflow_venv/lib/python3.10/site-packages/airflow/example_dags/plugins/decreasing_priority_weight_strategy.py for tasks to queue
[2025-06-09T02:03:51.774+0200] {logging_mixin.py:188} INFO - [2025-06-09T02:03:51.773+0200] {dagbag.py:540} INFO - Filling up the DagBag from /home/ccd/airflow_venv/lib/python3.10/site-packages/airflow/example_dags/plugins/decreasing_priority_weight_strategy.py
[2025-06-09T02:03:51.775+0200] {processor.py:842} WARNING - No viable dags retrieved from /home/ccd/airflow_venv/lib/python3.10/site-packages/airflow/example_dags/plugins/decreasing_priority_weight_strategy.py
[2025-06-09T02:03:51.784+0200] {processor.py:183} INFO - Processing /home/ccd/airflow_venv/lib/python3.10/site-packages/airflow/example_dags/plugins/decreasing_priority_weight_strategy.py took 0.027 seconds
[2025-06-09T02:04:42.961+0200] {processor.py:161} INFO - Started process (PID=1329789) to work on /home/ccd/airflow_venv/lib/python3.10/site-packages/airflow/example_dags/plugins/decreasing_priority_weight_strategy.py
[2025-06-09T02:04:42.972+0200] {processor.py:830} INFO - Processing file /home/ccd/airflow_venv/lib/python3.10/site-packages/airflow/example_dags/plugins/decreasing_priority_weight_strategy.py for tasks to queue
[2025-06-09T02:04:42.973+0200] {logging_mixin.py:188} INFO - [2025-06-09T02:04:42.972+0200] {dagbag.py:540} INFO - Filling up the DagBag from /home/ccd/airflow_venv/lib/python3.10/site-packages/airflow/example_dags/plugins/decreasing_priority_weight_strategy.py
[2025-06-09T02:04:42.974+0200] {processor.py:842} WARNING - No viable dags retrieved from /home/ccd/airflow_venv/lib/python3.10/site-packages/airflow/example_dags/plugins/decreasing_priority_weight_strategy.py
[2025-06-09T02:04:42.982+0200] {processor.py:183} INFO - Processing /home/ccd/airflow_venv/lib/python3.10/site-packages/airflow/example_dags/plugins/decreasing_priority_weight_strategy.py took 0.026 seconds
[2025-06-09T02:05:37.123+0200] {processor.py:161} INFO - Started process (PID=1330218) to work on /home/ccd/airflow_venv/lib/python3.10/site-packages/airflow/example_dags/plugins/decreasing_priority_weight_strategy.py
[2025-06-09T02:05:37.124+0200] {processor.py:830} INFO - Processing file /home/ccd/airflow_venv/lib/python3.10/site-packages/airflow/example_dags/plugins/decreasing_priority_weight_strategy.py for tasks to queue
[2025-06-09T02:05:37.136+0200] {logging_mixin.py:188} INFO - [2025-06-09T02:05:37.135+0200] {dagbag.py:540} INFO - Filling up the DagBag from /home/ccd/airflow_venv/lib/python3.10/site-packages/airflow/example_dags/plugins/decreasing_priority_weight_strategy.py
[2025-06-09T02:05:37.139+0200] {processor.py:842} WARNING - No viable dags retrieved from /home/ccd/airflow_venv/lib/python3.10/site-packages/airflow/example_dags/plugins/decreasing_priority_weight_strategy.py
[2025-06-09T02:05:37.169+0200] {processor.py:183} INFO - Processing /home/ccd/airflow_venv/lib/python3.10/site-packages/airflow/example_dags/plugins/decreasing_priority_weight_strategy.py took 0.053 seconds
[2025-06-09T02:06:31.718+0200] {processor.py:161} INFO - Started process (PID=1330718) to work on /home/ccd/airflow_venv/lib/python3.10/site-packages/airflow/example_dags/plugins/decreasing_priority_weight_strategy.py
[2025-06-09T02:06:31.719+0200] {processor.py:830} INFO - Processing file /home/ccd/airflow_venv/lib/python3.10/site-packages/airflow/example_dags/plugins/decreasing_priority_weight_strategy.py for tasks to queue
[2025-06-09T02:06:31.720+0200] {logging_mixin.py:188} INFO - [2025-06-09T02:06:31.720+0200] {dagbag.py:540} INFO - Filling up the DagBag from /home/ccd/airflow_venv/lib/python3.10/site-packages/airflow/example_dags/plugins/decreasing_priority_weight_strategy.py
[2025-06-09T02:06:31.721+0200] {processor.py:842} WARNING - No viable dags retrieved from /home/ccd/airflow_venv/lib/python3.10/site-packages/airflow/example_dags/plugins/decreasing_priority_weight_strategy.py
[2025-06-09T02:06:31.730+0200] {processor.py:183} INFO - Processing /home/ccd/airflow_venv/lib/python3.10/site-packages/airflow/example_dags/plugins/decreasing_priority_weight_strategy.py took 0.018 seconds
[2025-06-09T02:07:28.925+0200] {processor.py:161} INFO - Started process (PID=1331176) to work on /home/ccd/airflow_venv/lib/python3.10/site-packages/airflow/example_dags/plugins/decreasing_priority_weight_strategy.py
[2025-06-09T02:07:28.937+0200] {processor.py:830} INFO - Processing file /home/ccd/airflow_venv/lib/python3.10/site-packages/airflow/example_dags/plugins/decreasing_priority_weight_strategy.py for tasks to queue
[2025-06-09T02:07:28.937+0200] {logging_mixin.py:188} INFO - [2025-06-09T02:07:28.937+0200] {dagbag.py:540} INFO - Filling up the DagBag from /home/ccd/airflow_venv/lib/python3.10/site-packages/airflow/example_dags/plugins/decreasing_priority_weight_strategy.py
[2025-06-09T02:07:28.939+0200] {processor.py:842} WARNING - No viable dags retrieved from /home/ccd/airflow_venv/lib/python3.10/site-packages/airflow/example_dags/plugins/decreasing_priority_weight_strategy.py
[2025-06-09T02:07:28.948+0200] {processor.py:183} INFO - Processing /home/ccd/airflow_venv/lib/python3.10/site-packages/airflow/example_dags/plugins/decreasing_priority_weight_strategy.py took 0.027 seconds
[2025-06-09T02:08:23.671+0200] {processor.py:161} INFO - Started process (PID=1331667) to work on /home/ccd/airflow_venv/lib/python3.10/site-packages/airflow/example_dags/plugins/decreasing_priority_weight_strategy.py
[2025-06-09T02:08:23.674+0200] {processor.py:830} INFO - Processing file /home/ccd/airflow_venv/lib/python3.10/site-packages/airflow/example_dags/plugins/decreasing_priority_weight_strategy.py for tasks to queue
[2025-06-09T02:08:23.675+0200] {logging_mixin.py:188} INFO - [2025-06-09T02:08:23.675+0200] {dagbag.py:540} INFO - Filling up the DagBag from /home/ccd/airflow_venv/lib/python3.10/site-packages/airflow/example_dags/plugins/decreasing_priority_weight_strategy.py
[2025-06-09T02:08:23.678+0200] {processor.py:842} WARNING - No viable dags retrieved from /home/ccd/airflow_venv/lib/python3.10/site-packages/airflow/example_dags/plugins/decreasing_priority_weight_strategy.py
[2025-06-09T02:08:23.689+0200] {processor.py:183} INFO - Processing /home/ccd/airflow_venv/lib/python3.10/site-packages/airflow/example_dags/plugins/decreasing_priority_weight_strategy.py took 0.026 seconds
[2025-06-09T02:09:17.873+0200] {processor.py:161} INFO - Started process (PID=1332154) to work on /home/ccd/airflow_venv/lib/python3.10/site-packages/airflow/example_dags/plugins/decreasing_priority_weight_strategy.py
[2025-06-09T02:09:17.884+0200] {processor.py:830} INFO - Processing file /home/ccd/airflow_venv/lib/python3.10/site-packages/airflow/example_dags/plugins/decreasing_priority_weight_strategy.py for tasks to queue
[2025-06-09T02:09:17.885+0200] {logging_mixin.py:188} INFO - [2025-06-09T02:09:17.884+0200] {dagbag.py:540} INFO - Filling up the DagBag from /home/ccd/airflow_venv/lib/python3.10/site-packages/airflow/example_dags/plugins/decreasing_priority_weight_strategy.py
[2025-06-09T02:09:17.887+0200] {processor.py:842} WARNING - No viable dags retrieved from /home/ccd/airflow_venv/lib/python3.10/site-packages/airflow/example_dags/plugins/decreasing_priority_weight_strategy.py
[2025-06-09T02:09:17.897+0200] {processor.py:183} INFO - Processing /home/ccd/airflow_venv/lib/python3.10/site-packages/airflow/example_dags/plugins/decreasing_priority_weight_strategy.py took 0.028 seconds
[2025-06-09T02:10:09.760+0200] {processor.py:161} INFO - Started process (PID=1332458) to work on /home/ccd/airflow_venv/lib/python3.10/site-packages/airflow/example_dags/plugins/decreasing_priority_weight_strategy.py
[2025-06-09T02:10:09.771+0200] {processor.py:830} INFO - Processing file /home/ccd/airflow_venv/lib/python3.10/site-packages/airflow/example_dags/plugins/decreasing_priority_weight_strategy.py for tasks to queue
[2025-06-09T02:10:09.772+0200] {logging_mixin.py:188} INFO - [2025-06-09T02:10:09.772+0200] {dagbag.py:540} INFO - Filling up the DagBag from /home/ccd/airflow_venv/lib/python3.10/site-packages/airflow/example_dags/plugins/decreasing_priority_weight_strategy.py
[2025-06-09T02:10:09.774+0200] {processor.py:842} WARNING - No viable dags retrieved from /home/ccd/airflow_venv/lib/python3.10/site-packages/airflow/example_dags/plugins/decreasing_priority_weight_strategy.py
[2025-06-09T02:10:09.781+0200] {processor.py:183} INFO - Processing /home/ccd/airflow_venv/lib/python3.10/site-packages/airflow/example_dags/plugins/decreasing_priority_weight_strategy.py took 0.025 seconds
[2025-06-09T11:30:39.491+0200] {processor.py:161} INFO - Started process (PID=3777) to work on /home/ccd/airflow_venv/lib/python3.10/site-packages/airflow/example_dags/plugins/decreasing_priority_weight_strategy.py
[2025-06-09T11:30:39.502+0200] {processor.py:830} INFO - Processing file /home/ccd/airflow_venv/lib/python3.10/site-packages/airflow/example_dags/plugins/decreasing_priority_weight_strategy.py for tasks to queue
[2025-06-09T11:30:39.503+0200] {logging_mixin.py:188} INFO - [2025-06-09T11:30:39.503+0200] {dagbag.py:540} INFO - Filling up the DagBag from /home/ccd/airflow_venv/lib/python3.10/site-packages/airflow/example_dags/plugins/decreasing_priority_weight_strategy.py
[2025-06-09T11:30:39.504+0200] {processor.py:842} WARNING - No viable dags retrieved from /home/ccd/airflow_venv/lib/python3.10/site-packages/airflow/example_dags/plugins/decreasing_priority_weight_strategy.py
[2025-06-09T11:30:39.510+0200] {processor.py:183} INFO - Processing /home/ccd/airflow_venv/lib/python3.10/site-packages/airflow/example_dags/plugins/decreasing_priority_weight_strategy.py took 0.023 seconds
[2025-06-09T11:31:38.471+0200] {processor.py:161} INFO - Started process (PID=4111) to work on /home/ccd/airflow_venv/lib/python3.10/site-packages/airflow/example_dags/plugins/decreasing_priority_weight_strategy.py
[2025-06-09T11:31:38.473+0200] {processor.py:830} INFO - Processing file /home/ccd/airflow_venv/lib/python3.10/site-packages/airflow/example_dags/plugins/decreasing_priority_weight_strategy.py for tasks to queue
[2025-06-09T11:31:38.474+0200] {logging_mixin.py:188} INFO - [2025-06-09T11:31:38.474+0200] {dagbag.py:540} INFO - Filling up the DagBag from /home/ccd/airflow_venv/lib/python3.10/site-packages/airflow/example_dags/plugins/decreasing_priority_weight_strategy.py
[2025-06-09T11:31:38.475+0200] {processor.py:842} WARNING - No viable dags retrieved from /home/ccd/airflow_venv/lib/python3.10/site-packages/airflow/example_dags/plugins/decreasing_priority_weight_strategy.py
[2025-06-09T11:31:38.481+0200] {processor.py:183} INFO - Processing /home/ccd/airflow_venv/lib/python3.10/site-packages/airflow/example_dags/plugins/decreasing_priority_weight_strategy.py took 0.014 seconds
[2025-06-09T11:32:47.241+0200] {processor.py:161} INFO - Started process (PID=4768) to work on /home/ccd/airflow_venv/lib/python3.10/site-packages/airflow/example_dags/plugins/decreasing_priority_weight_strategy.py
[2025-06-09T11:32:47.242+0200] {processor.py:830} INFO - Processing file /home/ccd/airflow_venv/lib/python3.10/site-packages/airflow/example_dags/plugins/decreasing_priority_weight_strategy.py for tasks to queue
[2025-06-09T11:32:47.243+0200] {logging_mixin.py:188} INFO - [2025-06-09T11:32:47.243+0200] {dagbag.py:540} INFO - Filling up the DagBag from /home/ccd/airflow_venv/lib/python3.10/site-packages/airflow/example_dags/plugins/decreasing_priority_weight_strategy.py
[2025-06-09T11:32:47.245+0200] {processor.py:842} WARNING - No viable dags retrieved from /home/ccd/airflow_venv/lib/python3.10/site-packages/airflow/example_dags/plugins/decreasing_priority_weight_strategy.py
[2025-06-09T11:32:47.251+0200] {processor.py:183} INFO - Processing /home/ccd/airflow_venv/lib/python3.10/site-packages/airflow/example_dags/plugins/decreasing_priority_weight_strategy.py took 0.013 seconds
[2025-06-09T11:34:06.124+0200] {processor.py:161} INFO - Started process (PID=5424) to work on /home/ccd/airflow_venv/lib/python3.10/site-packages/airflow/example_dags/plugins/decreasing_priority_weight_strategy.py
[2025-06-09T11:34:06.134+0200] {processor.py:830} INFO - Processing file /home/ccd/airflow_venv/lib/python3.10/site-packages/airflow/example_dags/plugins/decreasing_priority_weight_strategy.py for tasks to queue
[2025-06-09T11:34:06.136+0200] {logging_mixin.py:188} INFO - [2025-06-09T11:34:06.136+0200] {dagbag.py:540} INFO - Filling up the DagBag from /home/ccd/airflow_venv/lib/python3.10/site-packages/airflow/example_dags/plugins/decreasing_priority_weight_strategy.py
[2025-06-09T11:34:06.137+0200] {processor.py:842} WARNING - No viable dags retrieved from /home/ccd/airflow_venv/lib/python3.10/site-packages/airflow/example_dags/plugins/decreasing_priority_weight_strategy.py
[2025-06-09T11:34:06.145+0200] {processor.py:183} INFO - Processing /home/ccd/airflow_venv/lib/python3.10/site-packages/airflow/example_dags/plugins/decreasing_priority_weight_strategy.py took 0.024 seconds
[2025-06-09T11:35:03.948+0200] {processor.py:161} INFO - Started process (PID=5786) to work on /home/ccd/airflow_venv/lib/python3.10/site-packages/airflow/example_dags/plugins/decreasing_priority_weight_strategy.py
[2025-06-09T11:35:03.949+0200] {processor.py:830} INFO - Processing file /home/ccd/airflow_venv/lib/python3.10/site-packages/airflow/example_dags/plugins/decreasing_priority_weight_strategy.py for tasks to queue
[2025-06-09T11:35:03.950+0200] {logging_mixin.py:188} INFO - [2025-06-09T11:35:03.950+0200] {dagbag.py:540} INFO - Filling up the DagBag from /home/ccd/airflow_venv/lib/python3.10/site-packages/airflow/example_dags/plugins/decreasing_priority_weight_strategy.py
[2025-06-09T11:35:03.951+0200] {processor.py:842} WARNING - No viable dags retrieved from /home/ccd/airflow_venv/lib/python3.10/site-packages/airflow/example_dags/plugins/decreasing_priority_weight_strategy.py
[2025-06-09T11:35:03.958+0200] {processor.py:183} INFO - Processing /home/ccd/airflow_venv/lib/python3.10/site-packages/airflow/example_dags/plugins/decreasing_priority_weight_strategy.py took 0.014 seconds
[2025-06-09T11:35:59.953+0200] {processor.py:161} INFO - Started process (PID=6098) to work on /home/ccd/airflow_venv/lib/python3.10/site-packages/airflow/example_dags/plugins/decreasing_priority_weight_strategy.py
[2025-06-09T11:35:59.956+0200] {processor.py:830} INFO - Processing file /home/ccd/airflow_venv/lib/python3.10/site-packages/airflow/example_dags/plugins/decreasing_priority_weight_strategy.py for tasks to queue
[2025-06-09T11:35:59.957+0200] {logging_mixin.py:188} INFO - [2025-06-09T11:35:59.957+0200] {dagbag.py:540} INFO - Filling up the DagBag from /home/ccd/airflow_venv/lib/python3.10/site-packages/airflow/example_dags/plugins/decreasing_priority_weight_strategy.py
[2025-06-09T11:35:59.958+0200] {processor.py:842} WARNING - No viable dags retrieved from /home/ccd/airflow_venv/lib/python3.10/site-packages/airflow/example_dags/plugins/decreasing_priority_weight_strategy.py
[2025-06-09T11:35:59.965+0200] {processor.py:183} INFO - Processing /home/ccd/airflow_venv/lib/python3.10/site-packages/airflow/example_dags/plugins/decreasing_priority_weight_strategy.py took 0.015 seconds
[2025-06-09T11:38:16.714+0200] {processor.py:161} INFO - Started process (PID=9194) to work on /home/ccd/airflow_venv/lib/python3.10/site-packages/airflow/example_dags/plugins/decreasing_priority_weight_strategy.py
[2025-06-09T11:38:16.726+0200] {processor.py:830} INFO - Processing file /home/ccd/airflow_venv/lib/python3.10/site-packages/airflow/example_dags/plugins/decreasing_priority_weight_strategy.py for tasks to queue
[2025-06-09T11:38:16.727+0200] {logging_mixin.py:188} INFO - [2025-06-09T11:38:16.727+0200] {dagbag.py:540} INFO - Filling up the DagBag from /home/ccd/airflow_venv/lib/python3.10/site-packages/airflow/example_dags/plugins/decreasing_priority_weight_strategy.py
[2025-06-09T11:38:16.728+0200] {processor.py:842} WARNING - No viable dags retrieved from /home/ccd/airflow_venv/lib/python3.10/site-packages/airflow/example_dags/plugins/decreasing_priority_weight_strategy.py
[2025-06-09T11:38:16.734+0200] {processor.py:183} INFO - Processing /home/ccd/airflow_venv/lib/python3.10/site-packages/airflow/example_dags/plugins/decreasing_priority_weight_strategy.py took 0.024 seconds
[2025-06-09T11:39:17.741+0200] {processor.py:161} INFO - Started process (PID=9707) to work on /home/ccd/airflow_venv/lib/python3.10/site-packages/airflow/example_dags/plugins/decreasing_priority_weight_strategy.py
[2025-06-09T11:39:17.742+0200] {processor.py:830} INFO - Processing file /home/ccd/airflow_venv/lib/python3.10/site-packages/airflow/example_dags/plugins/decreasing_priority_weight_strategy.py for tasks to queue
[2025-06-09T11:39:17.744+0200] {logging_mixin.py:188} INFO - [2025-06-09T11:39:17.743+0200] {dagbag.py:540} INFO - Filling up the DagBag from /home/ccd/airflow_venv/lib/python3.10/site-packages/airflow/example_dags/plugins/decreasing_priority_weight_strategy.py
[2025-06-09T11:39:17.745+0200] {processor.py:842} WARNING - No viable dags retrieved from /home/ccd/airflow_venv/lib/python3.10/site-packages/airflow/example_dags/plugins/decreasing_priority_weight_strategy.py
[2025-06-09T11:39:17.751+0200] {processor.py:183} INFO - Processing /home/ccd/airflow_venv/lib/python3.10/site-packages/airflow/example_dags/plugins/decreasing_priority_weight_strategy.py took 0.013 seconds
[2025-06-09T11:40:31.598+0200] {processor.py:161} INFO - Started process (PID=10454) to work on /home/ccd/airflow_venv/lib/python3.10/site-packages/airflow/example_dags/plugins/decreasing_priority_weight_strategy.py
[2025-06-09T11:40:31.601+0200] {processor.py:830} INFO - Processing file /home/ccd/airflow_venv/lib/python3.10/site-packages/airflow/example_dags/plugins/decreasing_priority_weight_strategy.py for tasks to queue
[2025-06-09T11:40:31.602+0200] {logging_mixin.py:188} INFO - [2025-06-09T11:40:31.602+0200] {dagbag.py:540} INFO - Filling up the DagBag from /home/ccd/airflow_venv/lib/python3.10/site-packages/airflow/example_dags/plugins/decreasing_priority_weight_strategy.py
[2025-06-09T11:40:31.604+0200] {processor.py:842} WARNING - No viable dags retrieved from /home/ccd/airflow_venv/lib/python3.10/site-packages/airflow/example_dags/plugins/decreasing_priority_weight_strategy.py
[2025-06-09T11:40:31.611+0200] {processor.py:183} INFO - Processing /home/ccd/airflow_venv/lib/python3.10/site-packages/airflow/example_dags/plugins/decreasing_priority_weight_strategy.py took 0.016 seconds
[2025-06-09T11:41:38.963+0200] {processor.py:161} INFO - Started process (PID=11058) to work on /home/ccd/airflow_venv/lib/python3.10/site-packages/airflow/example_dags/plugins/decreasing_priority_weight_strategy.py
[2025-06-09T11:41:38.965+0200] {processor.py:830} INFO - Processing file /home/ccd/airflow_venv/lib/python3.10/site-packages/airflow/example_dags/plugins/decreasing_priority_weight_strategy.py for tasks to queue
[2025-06-09T11:41:38.967+0200] {logging_mixin.py:188} INFO - [2025-06-09T11:41:38.966+0200] {dagbag.py:540} INFO - Filling up the DagBag from /home/ccd/airflow_venv/lib/python3.10/site-packages/airflow/example_dags/plugins/decreasing_priority_weight_strategy.py
[2025-06-09T11:41:38.968+0200] {processor.py:842} WARNING - No viable dags retrieved from /home/ccd/airflow_venv/lib/python3.10/site-packages/airflow/example_dags/plugins/decreasing_priority_weight_strategy.py
[2025-06-09T11:41:38.975+0200] {processor.py:183} INFO - Processing /home/ccd/airflow_venv/lib/python3.10/site-packages/airflow/example_dags/plugins/decreasing_priority_weight_strategy.py took 0.015 seconds
[2025-06-09T11:42:33.930+0200] {processor.py:161} INFO - Started process (PID=11367) to work on /home/ccd/airflow_venv/lib/python3.10/site-packages/airflow/example_dags/plugins/decreasing_priority_weight_strategy.py
[2025-06-09T11:42:33.932+0200] {processor.py:830} INFO - Processing file /home/ccd/airflow_venv/lib/python3.10/site-packages/airflow/example_dags/plugins/decreasing_priority_weight_strategy.py for tasks to queue
[2025-06-09T11:42:33.933+0200] {logging_mixin.py:188} INFO - [2025-06-09T11:42:33.933+0200] {dagbag.py:540} INFO - Filling up the DagBag from /home/ccd/airflow_venv/lib/python3.10/site-packages/airflow/example_dags/plugins/decreasing_priority_weight_strategy.py
[2025-06-09T11:42:33.934+0200] {processor.py:842} WARNING - No viable dags retrieved from /home/ccd/airflow_venv/lib/python3.10/site-packages/airflow/example_dags/plugins/decreasing_priority_weight_strategy.py
[2025-06-09T11:42:33.941+0200] {processor.py:183} INFO - Processing /home/ccd/airflow_venv/lib/python3.10/site-packages/airflow/example_dags/plugins/decreasing_priority_weight_strategy.py took 0.016 seconds
[2025-06-09T11:43:29.541+0200] {processor.py:161} INFO - Started process (PID=11695) to work on /home/ccd/airflow_venv/lib/python3.10/site-packages/airflow/example_dags/plugins/decreasing_priority_weight_strategy.py
[2025-06-09T11:43:29.543+0200] {processor.py:830} INFO - Processing file /home/ccd/airflow_venv/lib/python3.10/site-packages/airflow/example_dags/plugins/decreasing_priority_weight_strategy.py for tasks to queue
[2025-06-09T11:43:29.544+0200] {logging_mixin.py:188} INFO - [2025-06-09T11:43:29.544+0200] {dagbag.py:540} INFO - Filling up the DagBag from /home/ccd/airflow_venv/lib/python3.10/site-packages/airflow/example_dags/plugins/decreasing_priority_weight_strategy.py
[2025-06-09T11:43:29.546+0200] {processor.py:842} WARNING - No viable dags retrieved from /home/ccd/airflow_venv/lib/python3.10/site-packages/airflow/example_dags/plugins/decreasing_priority_weight_strategy.py
[2025-06-09T11:43:29.555+0200] {processor.py:183} INFO - Processing /home/ccd/airflow_venv/lib/python3.10/site-packages/airflow/example_dags/plugins/decreasing_priority_weight_strategy.py took 0.020 seconds
[2025-06-09T11:44:29.785+0200] {processor.py:161} INFO - Started process (PID=12079) to work on /home/ccd/airflow_venv/lib/python3.10/site-packages/airflow/example_dags/plugins/decreasing_priority_weight_strategy.py
[2025-06-09T11:44:29.796+0200] {processor.py:830} INFO - Processing file /home/ccd/airflow_venv/lib/python3.10/site-packages/airflow/example_dags/plugins/decreasing_priority_weight_strategy.py for tasks to queue
[2025-06-09T11:44:29.797+0200] {logging_mixin.py:188} INFO - [2025-06-09T11:44:29.797+0200] {dagbag.py:540} INFO - Filling up the DagBag from /home/ccd/airflow_venv/lib/python3.10/site-packages/airflow/example_dags/plugins/decreasing_priority_weight_strategy.py
[2025-06-09T11:44:29.799+0200] {processor.py:842} WARNING - No viable dags retrieved from /home/ccd/airflow_venv/lib/python3.10/site-packages/airflow/example_dags/plugins/decreasing_priority_weight_strategy.py
[2025-06-09T11:44:29.805+0200] {processor.py:183} INFO - Processing /home/ccd/airflow_venv/lib/python3.10/site-packages/airflow/example_dags/plugins/decreasing_priority_weight_strategy.py took 0.023 seconds
[2025-06-09T11:45:22.325+0200] {processor.py:161} INFO - Started process (PID=12382) to work on /home/ccd/airflow_venv/lib/python3.10/site-packages/airflow/example_dags/plugins/decreasing_priority_weight_strategy.py
[2025-06-09T11:45:22.326+0200] {processor.py:830} INFO - Processing file /home/ccd/airflow_venv/lib/python3.10/site-packages/airflow/example_dags/plugins/decreasing_priority_weight_strategy.py for tasks to queue
[2025-06-09T11:45:22.327+0200] {logging_mixin.py:188} INFO - [2025-06-09T11:45:22.327+0200] {dagbag.py:540} INFO - Filling up the DagBag from /home/ccd/airflow_venv/lib/python3.10/site-packages/airflow/example_dags/plugins/decreasing_priority_weight_strategy.py
[2025-06-09T11:45:22.328+0200] {processor.py:842} WARNING - No viable dags retrieved from /home/ccd/airflow_venv/lib/python3.10/site-packages/airflow/example_dags/plugins/decreasing_priority_weight_strategy.py
[2025-06-09T11:45:22.335+0200] {processor.py:183} INFO - Processing /home/ccd/airflow_venv/lib/python3.10/site-packages/airflow/example_dags/plugins/decreasing_priority_weight_strategy.py took 0.014 seconds
[2025-06-09T11:46:38.822+0200] {processor.py:161} INFO - Started process (PID=13727) to work on /home/ccd/airflow_venv/lib/python3.10/site-packages/airflow/example_dags/plugins/decreasing_priority_weight_strategy.py
[2025-06-09T11:46:38.824+0200] {processor.py:830} INFO - Processing file /home/ccd/airflow_venv/lib/python3.10/site-packages/airflow/example_dags/plugins/decreasing_priority_weight_strategy.py for tasks to queue
[2025-06-09T11:46:38.826+0200] {logging_mixin.py:188} INFO - [2025-06-09T11:46:38.825+0200] {dagbag.py:540} INFO - Filling up the DagBag from /home/ccd/airflow_venv/lib/python3.10/site-packages/airflow/example_dags/plugins/decreasing_priority_weight_strategy.py
[2025-06-09T11:46:38.829+0200] {processor.py:842} WARNING - No viable dags retrieved from /home/ccd/airflow_venv/lib/python3.10/site-packages/airflow/example_dags/plugins/decreasing_priority_weight_strategy.py
[2025-06-09T11:46:38.837+0200] {processor.py:183} INFO - Processing /home/ccd/airflow_venv/lib/python3.10/site-packages/airflow/example_dags/plugins/decreasing_priority_weight_strategy.py took 0.020 seconds
[2025-06-09T11:47:36.357+0200] {processor.py:161} INFO - Started process (PID=14061) to work on /home/ccd/airflow_venv/lib/python3.10/site-packages/airflow/example_dags/plugins/decreasing_priority_weight_strategy.py
[2025-06-09T11:47:36.359+0200] {processor.py:830} INFO - Processing file /home/ccd/airflow_venv/lib/python3.10/site-packages/airflow/example_dags/plugins/decreasing_priority_weight_strategy.py for tasks to queue
[2025-06-09T11:47:36.360+0200] {logging_mixin.py:188} INFO - [2025-06-09T11:47:36.360+0200] {dagbag.py:540} INFO - Filling up the DagBag from /home/ccd/airflow_venv/lib/python3.10/site-packages/airflow/example_dags/plugins/decreasing_priority_weight_strategy.py
[2025-06-09T11:47:36.362+0200] {processor.py:842} WARNING - No viable dags retrieved from /home/ccd/airflow_venv/lib/python3.10/site-packages/airflow/example_dags/plugins/decreasing_priority_weight_strategy.py
[2025-06-09T11:47:36.369+0200] {processor.py:183} INFO - Processing /home/ccd/airflow_venv/lib/python3.10/site-packages/airflow/example_dags/plugins/decreasing_priority_weight_strategy.py took 0.017 seconds
[2025-06-09T11:48:36.113+0200] {processor.py:161} INFO - Started process (PID=14490) to work on /home/ccd/airflow_venv/lib/python3.10/site-packages/airflow/example_dags/plugins/decreasing_priority_weight_strategy.py
[2025-06-09T11:48:36.114+0200] {processor.py:830} INFO - Processing file /home/ccd/airflow_venv/lib/python3.10/site-packages/airflow/example_dags/plugins/decreasing_priority_weight_strategy.py for tasks to queue
[2025-06-09T11:48:36.115+0200] {logging_mixin.py:188} INFO - [2025-06-09T11:48:36.115+0200] {dagbag.py:540} INFO - Filling up the DagBag from /home/ccd/airflow_venv/lib/python3.10/site-packages/airflow/example_dags/plugins/decreasing_priority_weight_strategy.py
[2025-06-09T11:48:36.117+0200] {processor.py:842} WARNING - No viable dags retrieved from /home/ccd/airflow_venv/lib/python3.10/site-packages/airflow/example_dags/plugins/decreasing_priority_weight_strategy.py
[2025-06-09T11:48:36.123+0200] {processor.py:183} INFO - Processing /home/ccd/airflow_venv/lib/python3.10/site-packages/airflow/example_dags/plugins/decreasing_priority_weight_strategy.py took 0.014 seconds
[2025-06-09T11:49:50.409+0200] {processor.py:161} INFO - Started process (PID=16029) to work on /home/ccd/airflow_venv/lib/python3.10/site-packages/airflow/example_dags/plugins/decreasing_priority_weight_strategy.py
[2025-06-09T11:49:50.420+0200] {processor.py:830} INFO - Processing file /home/ccd/airflow_venv/lib/python3.10/site-packages/airflow/example_dags/plugins/decreasing_priority_weight_strategy.py for tasks to queue
[2025-06-09T11:49:50.421+0200] {logging_mixin.py:188} INFO - [2025-06-09T11:49:50.421+0200] {dagbag.py:540} INFO - Filling up the DagBag from /home/ccd/airflow_venv/lib/python3.10/site-packages/airflow/example_dags/plugins/decreasing_priority_weight_strategy.py
[2025-06-09T11:49:50.422+0200] {processor.py:842} WARNING - No viable dags retrieved from /home/ccd/airflow_venv/lib/python3.10/site-packages/airflow/example_dags/plugins/decreasing_priority_weight_strategy.py
[2025-06-09T11:49:50.429+0200] {processor.py:183} INFO - Processing /home/ccd/airflow_venv/lib/python3.10/site-packages/airflow/example_dags/plugins/decreasing_priority_weight_strategy.py took 0.024 seconds
[2025-06-09T11:51:06.577+0200] {processor.py:161} INFO - Started process (PID=17144) to work on /home/ccd/airflow_venv/lib/python3.10/site-packages/airflow/example_dags/plugins/decreasing_priority_weight_strategy.py
[2025-06-09T11:51:06.588+0200] {processor.py:830} INFO - Processing file /home/ccd/airflow_venv/lib/python3.10/site-packages/airflow/example_dags/plugins/decreasing_priority_weight_strategy.py for tasks to queue
[2025-06-09T11:51:06.589+0200] {logging_mixin.py:188} INFO - [2025-06-09T11:51:06.589+0200] {dagbag.py:540} INFO - Filling up the DagBag from /home/ccd/airflow_venv/lib/python3.10/site-packages/airflow/example_dags/plugins/decreasing_priority_weight_strategy.py
[2025-06-09T11:51:06.591+0200] {processor.py:842} WARNING - No viable dags retrieved from /home/ccd/airflow_venv/lib/python3.10/site-packages/airflow/example_dags/plugins/decreasing_priority_weight_strategy.py
[2025-06-09T11:51:06.597+0200] {processor.py:183} INFO - Processing /home/ccd/airflow_venv/lib/python3.10/site-packages/airflow/example_dags/plugins/decreasing_priority_weight_strategy.py took 0.023 seconds
[2025-06-09T11:52:04.515+0200] {processor.py:161} INFO - Started process (PID=17509) to work on /home/ccd/airflow_venv/lib/python3.10/site-packages/airflow/example_dags/plugins/decreasing_priority_weight_strategy.py
[2025-06-09T11:52:04.527+0200] {processor.py:830} INFO - Processing file /home/ccd/airflow_venv/lib/python3.10/site-packages/airflow/example_dags/plugins/decreasing_priority_weight_strategy.py for tasks to queue
[2025-06-09T11:52:04.528+0200] {logging_mixin.py:188} INFO - [2025-06-09T11:52:04.528+0200] {dagbag.py:540} INFO - Filling up the DagBag from /home/ccd/airflow_venv/lib/python3.10/site-packages/airflow/example_dags/plugins/decreasing_priority_weight_strategy.py
[2025-06-09T11:52:04.529+0200] {processor.py:842} WARNING - No viable dags retrieved from /home/ccd/airflow_venv/lib/python3.10/site-packages/airflow/example_dags/plugins/decreasing_priority_weight_strategy.py
[2025-06-09T11:52:04.536+0200] {processor.py:183} INFO - Processing /home/ccd/airflow_venv/lib/python3.10/site-packages/airflow/example_dags/plugins/decreasing_priority_weight_strategy.py took 0.024 seconds
[2025-06-09T11:52:56.919+0200] {processor.py:161} INFO - Started process (PID=17798) to work on /home/ccd/airflow_venv/lib/python3.10/site-packages/airflow/example_dags/plugins/decreasing_priority_weight_strategy.py
[2025-06-09T11:52:56.930+0200] {processor.py:830} INFO - Processing file /home/ccd/airflow_venv/lib/python3.10/site-packages/airflow/example_dags/plugins/decreasing_priority_weight_strategy.py for tasks to queue
[2025-06-09T11:52:56.931+0200] {logging_mixin.py:188} INFO - [2025-06-09T11:52:56.931+0200] {dagbag.py:540} INFO - Filling up the DagBag from /home/ccd/airflow_venv/lib/python3.10/site-packages/airflow/example_dags/plugins/decreasing_priority_weight_strategy.py
[2025-06-09T11:52:56.933+0200] {processor.py:842} WARNING - No viable dags retrieved from /home/ccd/airflow_venv/lib/python3.10/site-packages/airflow/example_dags/plugins/decreasing_priority_weight_strategy.py
[2025-06-09T11:52:56.940+0200] {processor.py:183} INFO - Processing /home/ccd/airflow_venv/lib/python3.10/site-packages/airflow/example_dags/plugins/decreasing_priority_weight_strategy.py took 0.025 seconds
[2025-06-09T11:53:50.892+0200] {processor.py:161} INFO - Started process (PID=18129) to work on /home/ccd/airflow_venv/lib/python3.10/site-packages/airflow/example_dags/plugins/decreasing_priority_weight_strategy.py
[2025-06-09T11:53:50.903+0200] {processor.py:830} INFO - Processing file /home/ccd/airflow_venv/lib/python3.10/site-packages/airflow/example_dags/plugins/decreasing_priority_weight_strategy.py for tasks to queue
[2025-06-09T11:53:50.905+0200] {logging_mixin.py:188} INFO - [2025-06-09T11:53:50.905+0200] {dagbag.py:540} INFO - Filling up the DagBag from /home/ccd/airflow_venv/lib/python3.10/site-packages/airflow/example_dags/plugins/decreasing_priority_weight_strategy.py
[2025-06-09T11:53:50.908+0200] {processor.py:842} WARNING - No viable dags retrieved from /home/ccd/airflow_venv/lib/python3.10/site-packages/airflow/example_dags/plugins/decreasing_priority_weight_strategy.py
[2025-06-09T11:53:50.915+0200] {processor.py:183} INFO - Processing /home/ccd/airflow_venv/lib/python3.10/site-packages/airflow/example_dags/plugins/decreasing_priority_weight_strategy.py took 0.027 seconds
[2025-06-09T11:54:42.777+0200] {processor.py:161} INFO - Started process (PID=18417) to work on /home/ccd/airflow_venv/lib/python3.10/site-packages/airflow/example_dags/plugins/decreasing_priority_weight_strategy.py
[2025-06-09T11:54:42.788+0200] {processor.py:830} INFO - Processing file /home/ccd/airflow_venv/lib/python3.10/site-packages/airflow/example_dags/plugins/decreasing_priority_weight_strategy.py for tasks to queue
[2025-06-09T11:54:42.789+0200] {logging_mixin.py:188} INFO - [2025-06-09T11:54:42.788+0200] {dagbag.py:540} INFO - Filling up the DagBag from /home/ccd/airflow_venv/lib/python3.10/site-packages/airflow/example_dags/plugins/decreasing_priority_weight_strategy.py
[2025-06-09T11:54:42.790+0200] {processor.py:842} WARNING - No viable dags retrieved from /home/ccd/airflow_venv/lib/python3.10/site-packages/airflow/example_dags/plugins/decreasing_priority_weight_strategy.py
[2025-06-09T11:54:42.797+0200] {processor.py:183} INFO - Processing /home/ccd/airflow_venv/lib/python3.10/site-packages/airflow/example_dags/plugins/decreasing_priority_weight_strategy.py took 0.024 seconds
[2025-06-09T11:55:33.732+0200] {processor.py:161} INFO - Started process (PID=18721) to work on /home/ccd/airflow_venv/lib/python3.10/site-packages/airflow/example_dags/plugins/decreasing_priority_weight_strategy.py
[2025-06-09T11:55:33.743+0200] {processor.py:830} INFO - Processing file /home/ccd/airflow_venv/lib/python3.10/site-packages/airflow/example_dags/plugins/decreasing_priority_weight_strategy.py for tasks to queue
[2025-06-09T11:55:33.744+0200] {logging_mixin.py:188} INFO - [2025-06-09T11:55:33.744+0200] {dagbag.py:540} INFO - Filling up the DagBag from /home/ccd/airflow_venv/lib/python3.10/site-packages/airflow/example_dags/plugins/decreasing_priority_weight_strategy.py
[2025-06-09T11:55:33.745+0200] {processor.py:842} WARNING - No viable dags retrieved from /home/ccd/airflow_venv/lib/python3.10/site-packages/airflow/example_dags/plugins/decreasing_priority_weight_strategy.py
[2025-06-09T11:55:33.751+0200] {processor.py:183} INFO - Processing /home/ccd/airflow_venv/lib/python3.10/site-packages/airflow/example_dags/plugins/decreasing_priority_weight_strategy.py took 0.023 seconds
[2025-06-09T11:56:24.359+0200] {processor.py:161} INFO - Started process (PID=19007) to work on /home/ccd/airflow_venv/lib/python3.10/site-packages/airflow/example_dags/plugins/decreasing_priority_weight_strategy.py
[2025-06-09T11:56:24.360+0200] {processor.py:830} INFO - Processing file /home/ccd/airflow_venv/lib/python3.10/site-packages/airflow/example_dags/plugins/decreasing_priority_weight_strategy.py for tasks to queue
[2025-06-09T11:56:24.361+0200] {logging_mixin.py:188} INFO - [2025-06-09T11:56:24.361+0200] {dagbag.py:540} INFO - Filling up the DagBag from /home/ccd/airflow_venv/lib/python3.10/site-packages/airflow/example_dags/plugins/decreasing_priority_weight_strategy.py
[2025-06-09T11:56:24.362+0200] {processor.py:842} WARNING - No viable dags retrieved from /home/ccd/airflow_venv/lib/python3.10/site-packages/airflow/example_dags/plugins/decreasing_priority_weight_strategy.py
[2025-06-09T11:56:24.369+0200] {processor.py:183} INFO - Processing /home/ccd/airflow_venv/lib/python3.10/site-packages/airflow/example_dags/plugins/decreasing_priority_weight_strategy.py took 0.014 seconds
[2025-06-09T11:57:15.111+0200] {processor.py:161} INFO - Started process (PID=19301) to work on /home/ccd/airflow_venv/lib/python3.10/site-packages/airflow/example_dags/plugins/decreasing_priority_weight_strategy.py
[2025-06-09T11:57:15.113+0200] {processor.py:830} INFO - Processing file /home/ccd/airflow_venv/lib/python3.10/site-packages/airflow/example_dags/plugins/decreasing_priority_weight_strategy.py for tasks to queue
[2025-06-09T11:57:15.114+0200] {logging_mixin.py:188} INFO - [2025-06-09T11:57:15.114+0200] {dagbag.py:540} INFO - Filling up the DagBag from /home/ccd/airflow_venv/lib/python3.10/site-packages/airflow/example_dags/plugins/decreasing_priority_weight_strategy.py
[2025-06-09T11:57:15.115+0200] {processor.py:842} WARNING - No viable dags retrieved from /home/ccd/airflow_venv/lib/python3.10/site-packages/airflow/example_dags/plugins/decreasing_priority_weight_strategy.py
[2025-06-09T11:57:15.123+0200] {processor.py:183} INFO - Processing /home/ccd/airflow_venv/lib/python3.10/site-packages/airflow/example_dags/plugins/decreasing_priority_weight_strategy.py took 0.016 seconds
[2025-06-09T11:58:28.470+0200] {processor.py:161} INFO - Started process (PID=19711) to work on /home/ccd/airflow_venv/lib/python3.10/site-packages/airflow/example_dags/plugins/decreasing_priority_weight_strategy.py
[2025-06-09T11:58:28.482+0200] {processor.py:830} INFO - Processing file /home/ccd/airflow_venv/lib/python3.10/site-packages/airflow/example_dags/plugins/decreasing_priority_weight_strategy.py for tasks to queue
[2025-06-09T11:58:28.483+0200] {logging_mixin.py:188} INFO - [2025-06-09T11:58:28.483+0200] {dagbag.py:540} INFO - Filling up the DagBag from /home/ccd/airflow_venv/lib/python3.10/site-packages/airflow/example_dags/plugins/decreasing_priority_weight_strategy.py
[2025-06-09T11:58:28.484+0200] {processor.py:842} WARNING - No viable dags retrieved from /home/ccd/airflow_venv/lib/python3.10/site-packages/airflow/example_dags/plugins/decreasing_priority_weight_strategy.py
[2025-06-09T11:58:28.491+0200] {processor.py:183} INFO - Processing /home/ccd/airflow_venv/lib/python3.10/site-packages/airflow/example_dags/plugins/decreasing_priority_weight_strategy.py took 0.024 seconds
[2025-06-09T11:59:20.708+0200] {processor.py:161} INFO - Started process (PID=20051) to work on /home/ccd/airflow_venv/lib/python3.10/site-packages/airflow/example_dags/plugins/decreasing_priority_weight_strategy.py
[2025-06-09T11:59:20.719+0200] {processor.py:830} INFO - Processing file /home/ccd/airflow_venv/lib/python3.10/site-packages/airflow/example_dags/plugins/decreasing_priority_weight_strategy.py for tasks to queue
[2025-06-09T11:59:20.720+0200] {logging_mixin.py:188} INFO - [2025-06-09T11:59:20.720+0200] {dagbag.py:540} INFO - Filling up the DagBag from /home/ccd/airflow_venv/lib/python3.10/site-packages/airflow/example_dags/plugins/decreasing_priority_weight_strategy.py
[2025-06-09T11:59:20.722+0200] {processor.py:842} WARNING - No viable dags retrieved from /home/ccd/airflow_venv/lib/python3.10/site-packages/airflow/example_dags/plugins/decreasing_priority_weight_strategy.py
[2025-06-09T11:59:20.729+0200] {processor.py:183} INFO - Processing /home/ccd/airflow_venv/lib/python3.10/site-packages/airflow/example_dags/plugins/decreasing_priority_weight_strategy.py took 0.024 seconds
[2025-06-09T12:00:12.568+0200] {processor.py:161} INFO - Started process (PID=20443) to work on /home/ccd/airflow_venv/lib/python3.10/site-packages/airflow/example_dags/plugins/decreasing_priority_weight_strategy.py
[2025-06-09T12:00:12.578+0200] {processor.py:830} INFO - Processing file /home/ccd/airflow_venv/lib/python3.10/site-packages/airflow/example_dags/plugins/decreasing_priority_weight_strategy.py for tasks to queue
[2025-06-09T12:00:12.580+0200] {logging_mixin.py:188} INFO - [2025-06-09T12:00:12.579+0200] {dagbag.py:540} INFO - Filling up the DagBag from /home/ccd/airflow_venv/lib/python3.10/site-packages/airflow/example_dags/plugins/decreasing_priority_weight_strategy.py
[2025-06-09T12:00:12.581+0200] {processor.py:842} WARNING - No viable dags retrieved from /home/ccd/airflow_venv/lib/python3.10/site-packages/airflow/example_dags/plugins/decreasing_priority_weight_strategy.py
[2025-06-09T12:00:12.589+0200] {processor.py:183} INFO - Processing /home/ccd/airflow_venv/lib/python3.10/site-packages/airflow/example_dags/plugins/decreasing_priority_weight_strategy.py took 0.026 seconds
[2025-06-09T12:01:02.950+0200] {processor.py:161} INFO - Started process (PID=20785) to work on /home/ccd/airflow_venv/lib/python3.10/site-packages/airflow/example_dags/plugins/decreasing_priority_weight_strategy.py
[2025-06-09T12:01:02.960+0200] {processor.py:830} INFO - Processing file /home/ccd/airflow_venv/lib/python3.10/site-packages/airflow/example_dags/plugins/decreasing_priority_weight_strategy.py for tasks to queue
[2025-06-09T12:01:02.962+0200] {logging_mixin.py:188} INFO - [2025-06-09T12:01:02.961+0200] {dagbag.py:540} INFO - Filling up the DagBag from /home/ccd/airflow_venv/lib/python3.10/site-packages/airflow/example_dags/plugins/decreasing_priority_weight_strategy.py
[2025-06-09T12:01:02.963+0200] {processor.py:842} WARNING - No viable dags retrieved from /home/ccd/airflow_venv/lib/python3.10/site-packages/airflow/example_dags/plugins/decreasing_priority_weight_strategy.py
[2025-06-09T12:01:02.970+0200] {processor.py:183} INFO - Processing /home/ccd/airflow_venv/lib/python3.10/site-packages/airflow/example_dags/plugins/decreasing_priority_weight_strategy.py took 0.024 seconds
[2025-06-09T12:01:55.446+0200] {processor.py:161} INFO - Started process (PID=21118) to work on /home/ccd/airflow_venv/lib/python3.10/site-packages/airflow/example_dags/plugins/decreasing_priority_weight_strategy.py
[2025-06-09T12:01:55.448+0200] {processor.py:830} INFO - Processing file /home/ccd/airflow_venv/lib/python3.10/site-packages/airflow/example_dags/plugins/decreasing_priority_weight_strategy.py for tasks to queue
[2025-06-09T12:01:55.449+0200] {logging_mixin.py:188} INFO - [2025-06-09T12:01:55.449+0200] {dagbag.py:540} INFO - Filling up the DagBag from /home/ccd/airflow_venv/lib/python3.10/site-packages/airflow/example_dags/plugins/decreasing_priority_weight_strategy.py
[2025-06-09T12:01:55.450+0200] {processor.py:842} WARNING - No viable dags retrieved from /home/ccd/airflow_venv/lib/python3.10/site-packages/airflow/example_dags/plugins/decreasing_priority_weight_strategy.py
[2025-06-09T12:01:55.462+0200] {processor.py:183} INFO - Processing /home/ccd/airflow_venv/lib/python3.10/site-packages/airflow/example_dags/plugins/decreasing_priority_weight_strategy.py took 0.020 seconds
[2025-06-09T12:02:48.086+0200] {processor.py:161} INFO - Started process (PID=21413) to work on /home/ccd/airflow_venv/lib/python3.10/site-packages/airflow/example_dags/plugins/decreasing_priority_weight_strategy.py
[2025-06-09T12:02:48.088+0200] {processor.py:830} INFO - Processing file /home/ccd/airflow_venv/lib/python3.10/site-packages/airflow/example_dags/plugins/decreasing_priority_weight_strategy.py for tasks to queue
[2025-06-09T12:02:48.089+0200] {logging_mixin.py:188} INFO - [2025-06-09T12:02:48.089+0200] {dagbag.py:540} INFO - Filling up the DagBag from /home/ccd/airflow_venv/lib/python3.10/site-packages/airflow/example_dags/plugins/decreasing_priority_weight_strategy.py
[2025-06-09T12:02:48.091+0200] {processor.py:842} WARNING - No viable dags retrieved from /home/ccd/airflow_venv/lib/python3.10/site-packages/airflow/example_dags/plugins/decreasing_priority_weight_strategy.py
[2025-06-09T12:02:48.098+0200] {processor.py:183} INFO - Processing /home/ccd/airflow_venv/lib/python3.10/site-packages/airflow/example_dags/plugins/decreasing_priority_weight_strategy.py took 0.016 seconds
[2025-06-09T12:05:11.384+0200] {processor.py:161} INFO - Started process (PID=24160) to work on /home/ccd/airflow_venv/lib/python3.10/site-packages/airflow/example_dags/plugins/decreasing_priority_weight_strategy.py
[2025-06-09T12:05:11.385+0200] {processor.py:830} INFO - Processing file /home/ccd/airflow_venv/lib/python3.10/site-packages/airflow/example_dags/plugins/decreasing_priority_weight_strategy.py for tasks to queue
[2025-06-09T12:05:11.386+0200] {logging_mixin.py:188} INFO - [2025-06-09T12:05:11.386+0200] {dagbag.py:540} INFO - Filling up the DagBag from /home/ccd/airflow_venv/lib/python3.10/site-packages/airflow/example_dags/plugins/decreasing_priority_weight_strategy.py
[2025-06-09T12:05:11.387+0200] {processor.py:842} WARNING - No viable dags retrieved from /home/ccd/airflow_venv/lib/python3.10/site-packages/airflow/example_dags/plugins/decreasing_priority_weight_strategy.py
[2025-06-09T12:05:11.394+0200] {processor.py:183} INFO - Processing /home/ccd/airflow_venv/lib/python3.10/site-packages/airflow/example_dags/plugins/decreasing_priority_weight_strategy.py took 0.014 seconds
[2025-06-09T12:06:22.464+0200] {processor.py:161} INFO - Started process (PID=24705) to work on /home/ccd/airflow_venv/lib/python3.10/site-packages/airflow/example_dags/plugins/decreasing_priority_weight_strategy.py
[2025-06-09T12:06:22.475+0200] {processor.py:830} INFO - Processing file /home/ccd/airflow_venv/lib/python3.10/site-packages/airflow/example_dags/plugins/decreasing_priority_weight_strategy.py for tasks to queue
[2025-06-09T12:06:22.476+0200] {logging_mixin.py:188} INFO - [2025-06-09T12:06:22.476+0200] {dagbag.py:540} INFO - Filling up the DagBag from /home/ccd/airflow_venv/lib/python3.10/site-packages/airflow/example_dags/plugins/decreasing_priority_weight_strategy.py
[2025-06-09T12:06:22.478+0200] {processor.py:842} WARNING - No viable dags retrieved from /home/ccd/airflow_venv/lib/python3.10/site-packages/airflow/example_dags/plugins/decreasing_priority_weight_strategy.py
[2025-06-09T12:06:22.484+0200] {processor.py:183} INFO - Processing /home/ccd/airflow_venv/lib/python3.10/site-packages/airflow/example_dags/plugins/decreasing_priority_weight_strategy.py took 0.024 seconds
[2025-06-09T12:07:29.406+0200] {processor.py:161} INFO - Started process (PID=25287) to work on /home/ccd/airflow_venv/lib/python3.10/site-packages/airflow/example_dags/plugins/decreasing_priority_weight_strategy.py
[2025-06-09T12:07:29.409+0200] {processor.py:830} INFO - Processing file /home/ccd/airflow_venv/lib/python3.10/site-packages/airflow/example_dags/plugins/decreasing_priority_weight_strategy.py for tasks to queue
[2025-06-09T12:07:29.410+0200] {logging_mixin.py:188} INFO - [2025-06-09T12:07:29.410+0200] {dagbag.py:540} INFO - Filling up the DagBag from /home/ccd/airflow_venv/lib/python3.10/site-packages/airflow/example_dags/plugins/decreasing_priority_weight_strategy.py
[2025-06-09T12:07:29.412+0200] {processor.py:842} WARNING - No viable dags retrieved from /home/ccd/airflow_venv/lib/python3.10/site-packages/airflow/example_dags/plugins/decreasing_priority_weight_strategy.py
[2025-06-09T12:07:29.419+0200] {processor.py:183} INFO - Processing /home/ccd/airflow_venv/lib/python3.10/site-packages/airflow/example_dags/plugins/decreasing_priority_weight_strategy.py took 0.017 seconds
[2025-06-09T12:08:27.208+0200] {processor.py:161} INFO - Started process (PID=25663) to work on /home/ccd/airflow_venv/lib/python3.10/site-packages/airflow/example_dags/plugins/decreasing_priority_weight_strategy.py
[2025-06-09T12:08:27.209+0200] {processor.py:830} INFO - Processing file /home/ccd/airflow_venv/lib/python3.10/site-packages/airflow/example_dags/plugins/decreasing_priority_weight_strategy.py for tasks to queue
[2025-06-09T12:08:27.210+0200] {logging_mixin.py:188} INFO - [2025-06-09T12:08:27.210+0200] {dagbag.py:540} INFO - Filling up the DagBag from /home/ccd/airflow_venv/lib/python3.10/site-packages/airflow/example_dags/plugins/decreasing_priority_weight_strategy.py
[2025-06-09T12:08:27.211+0200] {processor.py:842} WARNING - No viable dags retrieved from /home/ccd/airflow_venv/lib/python3.10/site-packages/airflow/example_dags/plugins/decreasing_priority_weight_strategy.py
[2025-06-09T12:08:27.218+0200] {processor.py:183} INFO - Processing /home/ccd/airflow_venv/lib/python3.10/site-packages/airflow/example_dags/plugins/decreasing_priority_weight_strategy.py took 0.014 seconds
[2025-06-09T12:09:21.178+0200] {processor.py:161} INFO - Started process (PID=26064) to work on /home/ccd/airflow_venv/lib/python3.10/site-packages/airflow/example_dags/plugins/decreasing_priority_weight_strategy.py
[2025-06-09T12:09:21.179+0200] {processor.py:830} INFO - Processing file /home/ccd/airflow_venv/lib/python3.10/site-packages/airflow/example_dags/plugins/decreasing_priority_weight_strategy.py for tasks to queue
[2025-06-09T12:09:21.182+0200] {logging_mixin.py:188} INFO - [2025-06-09T12:09:21.181+0200] {dagbag.py:540} INFO - Filling up the DagBag from /home/ccd/airflow_venv/lib/python3.10/site-packages/airflow/example_dags/plugins/decreasing_priority_weight_strategy.py
[2025-06-09T12:09:21.185+0200] {processor.py:842} WARNING - No viable dags retrieved from /home/ccd/airflow_venv/lib/python3.10/site-packages/airflow/example_dags/plugins/decreasing_priority_weight_strategy.py
[2025-06-09T12:09:21.196+0200] {processor.py:183} INFO - Processing /home/ccd/airflow_venv/lib/python3.10/site-packages/airflow/example_dags/plugins/decreasing_priority_weight_strategy.py took 0.024 seconds
