[2025-06-09T02:00:45.176+0200] {processor.py:161} INFO - Started process (PID=1328306) to work on /home/ccd/airflow_venv/lib/python3.10/site-packages/airflow/example_dags/plugins/event_listener.py
[2025-06-09T02:00:45.177+0200] {processor.py:830} INFO - Processing file /home/ccd/airflow_venv/lib/python3.10/site-packages/airflow/example_dags/plugins/event_listener.py for tasks to queue
[2025-06-09T02:00:45.177+0200] {logging_mixin.py:188} INFO - [2025-06-09T02:00:45.177+0200] {dagbag.py:540} INFO - Filling up the DagBag from /home/ccd/airflow_venv/lib/python3.10/site-packages/airflow/example_dags/plugins/event_listener.py
[2025-06-09T02:00:45.179+0200] {processor.py:842} WARNING - No viable dags retrieved from /home/ccd/airflow_venv/lib/python3.10/site-packages/airflow/example_dags/plugins/event_listener.py
[2025-06-09T02:00:45.189+0200] {processor.py:183} INFO - Processing /home/ccd/airflow_venv/lib/python3.10/site-packages/airflow/example_dags/plugins/event_listener.py took 0.019 seconds
[2025-06-09T02:01:43.591+0200] {processor.py:161} INFO - Started process (PID=1328672) to work on /home/ccd/airflow_venv/lib/python3.10/site-packages/airflow/example_dags/plugins/event_listener.py
[2025-06-09T02:01:43.602+0200] {processor.py:830} INFO - Processing file /home/ccd/airflow_venv/lib/python3.10/site-packages/airflow/example_dags/plugins/event_listener.py for tasks to queue
[2025-06-09T02:01:43.603+0200] {logging_mixin.py:188} INFO - [2025-06-09T02:01:43.603+0200] {dagbag.py:540} INFO - Filling up the DagBag from /home/ccd/airflow_venv/lib/python3.10/site-packages/airflow/example_dags/plugins/event_listener.py
[2025-06-09T02:01:43.605+0200] {processor.py:842} WARNING - No viable dags retrieved from /home/ccd/airflow_venv/lib/python3.10/site-packages/airflow/example_dags/plugins/event_listener.py
[2025-06-09T02:01:43.613+0200] {processor.py:183} INFO - Processing /home/ccd/airflow_venv/lib/python3.10/site-packages/airflow/example_dags/plugins/event_listener.py took 0.026 seconds
[2025-06-09T02:02:39.236+0200] {processor.py:161} INFO - Started process (PID=1328942) to work on /home/ccd/airflow_venv/lib/python3.10/site-packages/airflow/example_dags/plugins/event_listener.py
[2025-06-09T02:02:39.247+0200] {processor.py:830} INFO - Processing file /home/ccd/airflow_venv/lib/python3.10/site-packages/airflow/example_dags/plugins/event_listener.py for tasks to queue
[2025-06-09T02:02:39.248+0200] {logging_mixin.py:188} INFO - [2025-06-09T02:02:39.247+0200] {dagbag.py:540} INFO - Filling up the DagBag from /home/ccd/airflow_venv/lib/python3.10/site-packages/airflow/example_dags/plugins/event_listener.py
[2025-06-09T02:02:39.250+0200] {processor.py:842} WARNING - No viable dags retrieved from /home/ccd/airflow_venv/lib/python3.10/site-packages/airflow/example_dags/plugins/event_listener.py
[2025-06-09T02:02:39.257+0200] {processor.py:183} INFO - Processing /home/ccd/airflow_venv/lib/python3.10/site-packages/airflow/example_dags/plugins/event_listener.py took 0.026 seconds
[2025-06-09T02:03:32.323+0200] {processor.py:161} INFO - Started process (PID=1329272) to work on /home/ccd/airflow_venv/lib/python3.10/site-packages/airflow/example_dags/plugins/event_listener.py
[2025-06-09T02:03:32.326+0200] {processor.py:830} INFO - Processing file /home/ccd/airflow_venv/lib/python3.10/site-packages/airflow/example_dags/plugins/event_listener.py for tasks to queue
[2025-06-09T02:03:32.327+0200] {logging_mixin.py:188} INFO - [2025-06-09T02:03:32.327+0200] {dagbag.py:540} INFO - Filling up the DagBag from /home/ccd/airflow_venv/lib/python3.10/site-packages/airflow/example_dags/plugins/event_listener.py
[2025-06-09T02:03:32.329+0200] {processor.py:842} WARNING - No viable dags retrieved from /home/ccd/airflow_venv/lib/python3.10/site-packages/airflow/example_dags/plugins/event_listener.py
[2025-06-09T02:03:32.338+0200] {processor.py:183} INFO - Processing /home/ccd/airflow_venv/lib/python3.10/site-packages/airflow/example_dags/plugins/event_listener.py took 0.020 seconds
[2025-06-09T02:04:41.364+0200] {processor.py:161} INFO - Started process (PID=1329775) to work on /home/ccd/airflow_venv/lib/python3.10/site-packages/airflow/example_dags/plugins/event_listener.py
[2025-06-09T02:04:41.365+0200] {processor.py:830} INFO - Processing file /home/ccd/airflow_venv/lib/python3.10/site-packages/airflow/example_dags/plugins/event_listener.py for tasks to queue
[2025-06-09T02:04:41.365+0200] {logging_mixin.py:188} INFO - [2025-06-09T02:04:41.365+0200] {dagbag.py:540} INFO - Filling up the DagBag from /home/ccd/airflow_venv/lib/python3.10/site-packages/airflow/example_dags/plugins/event_listener.py
[2025-06-09T02:04:41.367+0200] {processor.py:842} WARNING - No viable dags retrieved from /home/ccd/airflow_venv/lib/python3.10/site-packages/airflow/example_dags/plugins/event_listener.py
[2025-06-09T02:04:41.374+0200] {processor.py:183} INFO - Processing /home/ccd/airflow_venv/lib/python3.10/site-packages/airflow/example_dags/plugins/event_listener.py took 0.015 seconds
[2025-06-09T02:05:34.523+0200] {processor.py:161} INFO - Started process (PID=1330155) to work on /home/ccd/airflow_venv/lib/python3.10/site-packages/airflow/example_dags/plugins/event_listener.py
[2025-06-09T02:05:34.524+0200] {processor.py:830} INFO - Processing file /home/ccd/airflow_venv/lib/python3.10/site-packages/airflow/example_dags/plugins/event_listener.py for tasks to queue
[2025-06-09T02:05:34.525+0200] {logging_mixin.py:188} INFO - [2025-06-09T02:05:34.524+0200] {dagbag.py:540} INFO - Filling up the DagBag from /home/ccd/airflow_venv/lib/python3.10/site-packages/airflow/example_dags/plugins/event_listener.py
[2025-06-09T02:05:34.526+0200] {processor.py:842} WARNING - No viable dags retrieved from /home/ccd/airflow_venv/lib/python3.10/site-packages/airflow/example_dags/plugins/event_listener.py
[2025-06-09T02:05:34.535+0200] {processor.py:183} INFO - Processing /home/ccd/airflow_venv/lib/python3.10/site-packages/airflow/example_dags/plugins/event_listener.py took 0.016 seconds
[2025-06-09T02:06:29.096+0200] {processor.py:161} INFO - Started process (PID=1330687) to work on /home/ccd/airflow_venv/lib/python3.10/site-packages/airflow/example_dags/plugins/event_listener.py
[2025-06-09T02:06:29.099+0200] {processor.py:830} INFO - Processing file /home/ccd/airflow_venv/lib/python3.10/site-packages/airflow/example_dags/plugins/event_listener.py for tasks to queue
[2025-06-09T02:06:29.099+0200] {logging_mixin.py:188} INFO - [2025-06-09T02:06:29.099+0200] {dagbag.py:540} INFO - Filling up the DagBag from /home/ccd/airflow_venv/lib/python3.10/site-packages/airflow/example_dags/plugins/event_listener.py
[2025-06-09T02:06:29.102+0200] {processor.py:842} WARNING - No viable dags retrieved from /home/ccd/airflow_venv/lib/python3.10/site-packages/airflow/example_dags/plugins/event_listener.py
[2025-06-09T02:06:29.109+0200] {processor.py:183} INFO - Processing /home/ccd/airflow_venv/lib/python3.10/site-packages/airflow/example_dags/plugins/event_listener.py took 0.016 seconds
[2025-06-09T02:07:26.262+0200] {processor.py:161} INFO - Started process (PID=1331141) to work on /home/ccd/airflow_venv/lib/python3.10/site-packages/airflow/example_dags/plugins/event_listener.py
[2025-06-09T02:07:26.264+0200] {processor.py:830} INFO - Processing file /home/ccd/airflow_venv/lib/python3.10/site-packages/airflow/example_dags/plugins/event_listener.py for tasks to queue
[2025-06-09T02:07:26.267+0200] {logging_mixin.py:188} INFO - [2025-06-09T02:07:26.265+0200] {dagbag.py:540} INFO - Filling up the DagBag from /home/ccd/airflow_venv/lib/python3.10/site-packages/airflow/example_dags/plugins/event_listener.py
[2025-06-09T02:07:26.271+0200] {processor.py:842} WARNING - No viable dags retrieved from /home/ccd/airflow_venv/lib/python3.10/site-packages/airflow/example_dags/plugins/event_listener.py
[2025-06-09T02:07:26.317+0200] {processor.py:183} INFO - Processing /home/ccd/airflow_venv/lib/python3.10/site-packages/airflow/example_dags/plugins/event_listener.py took 0.074 seconds
[2025-06-09T02:08:20.950+0200] {processor.py:161} INFO - Started process (PID=1331614) to work on /home/ccd/airflow_venv/lib/python3.10/site-packages/airflow/example_dags/plugins/event_listener.py
[2025-06-09T02:08:20.952+0200] {processor.py:830} INFO - Processing file /home/ccd/airflow_venv/lib/python3.10/site-packages/airflow/example_dags/plugins/event_listener.py for tasks to queue
[2025-06-09T02:08:20.953+0200] {logging_mixin.py:188} INFO - [2025-06-09T02:08:20.953+0200] {dagbag.py:540} INFO - Filling up the DagBag from /home/ccd/airflow_venv/lib/python3.10/site-packages/airflow/example_dags/plugins/event_listener.py
[2025-06-09T02:08:20.956+0200] {processor.py:842} WARNING - No viable dags retrieved from /home/ccd/airflow_venv/lib/python3.10/site-packages/airflow/example_dags/plugins/event_listener.py
[2025-06-09T02:08:21.083+0200] {processor.py:183} INFO - Processing /home/ccd/airflow_venv/lib/python3.10/site-packages/airflow/example_dags/plugins/event_listener.py took 0.150 seconds
[2025-06-09T02:09:15.396+0200] {processor.py:161} INFO - Started process (PID=1332115) to work on /home/ccd/airflow_venv/lib/python3.10/site-packages/airflow/example_dags/plugins/event_listener.py
[2025-06-09T02:09:15.399+0200] {processor.py:830} INFO - Processing file /home/ccd/airflow_venv/lib/python3.10/site-packages/airflow/example_dags/plugins/event_listener.py for tasks to queue
[2025-06-09T02:09:15.399+0200] {logging_mixin.py:188} INFO - [2025-06-09T02:09:15.399+0200] {dagbag.py:540} INFO - Filling up the DagBag from /home/ccd/airflow_venv/lib/python3.10/site-packages/airflow/example_dags/plugins/event_listener.py
[2025-06-09T02:09:15.403+0200] {processor.py:842} WARNING - No viable dags retrieved from /home/ccd/airflow_venv/lib/python3.10/site-packages/airflow/example_dags/plugins/event_listener.py
[2025-06-09T02:09:15.412+0200] {processor.py:183} INFO - Processing /home/ccd/airflow_venv/lib/python3.10/site-packages/airflow/example_dags/plugins/event_listener.py took 0.021 seconds
[2025-06-09T02:10:07.280+0200] {processor.py:161} INFO - Started process (PID=1332430) to work on /home/ccd/airflow_venv/lib/python3.10/site-packages/airflow/example_dags/plugins/event_listener.py
[2025-06-09T02:10:07.282+0200] {processor.py:830} INFO - Processing file /home/ccd/airflow_venv/lib/python3.10/site-packages/airflow/example_dags/plugins/event_listener.py for tasks to queue
[2025-06-09T02:10:07.283+0200] {logging_mixin.py:188} INFO - [2025-06-09T02:10:07.283+0200] {dagbag.py:540} INFO - Filling up the DagBag from /home/ccd/airflow_venv/lib/python3.10/site-packages/airflow/example_dags/plugins/event_listener.py
[2025-06-09T02:10:07.285+0200] {processor.py:842} WARNING - No viable dags retrieved from /home/ccd/airflow_venv/lib/python3.10/site-packages/airflow/example_dags/plugins/event_listener.py
[2025-06-09T02:10:07.292+0200] {processor.py:183} INFO - Processing /home/ccd/airflow_venv/lib/python3.10/site-packages/airflow/example_dags/plugins/event_listener.py took 0.017 seconds
[2025-06-09T11:30:36.226+0200] {processor.py:161} INFO - Started process (PID=3763) to work on /home/ccd/airflow_venv/lib/python3.10/site-packages/airflow/example_dags/plugins/event_listener.py
[2025-06-09T11:30:36.238+0200] {processor.py:830} INFO - Processing file /home/ccd/airflow_venv/lib/python3.10/site-packages/airflow/example_dags/plugins/event_listener.py for tasks to queue
[2025-06-09T11:30:36.239+0200] {logging_mixin.py:188} INFO - [2025-06-09T11:30:36.239+0200] {dagbag.py:540} INFO - Filling up the DagBag from /home/ccd/airflow_venv/lib/python3.10/site-packages/airflow/example_dags/plugins/event_listener.py
[2025-06-09T11:30:36.240+0200] {processor.py:842} WARNING - No viable dags retrieved from /home/ccd/airflow_venv/lib/python3.10/site-packages/airflow/example_dags/plugins/event_listener.py
[2025-06-09T11:30:36.246+0200] {processor.py:183} INFO - Processing /home/ccd/airflow_venv/lib/python3.10/site-packages/airflow/example_dags/plugins/event_listener.py took 0.023 seconds
[2025-06-09T11:31:35.993+0200] {processor.py:161} INFO - Started process (PID=4097) to work on /home/ccd/airflow_venv/lib/python3.10/site-packages/airflow/example_dags/plugins/event_listener.py
[2025-06-09T11:31:35.994+0200] {processor.py:830} INFO - Processing file /home/ccd/airflow_venv/lib/python3.10/site-packages/airflow/example_dags/plugins/event_listener.py for tasks to queue
[2025-06-09T11:31:35.995+0200] {logging_mixin.py:188} INFO - [2025-06-09T11:31:35.995+0200] {dagbag.py:540} INFO - Filling up the DagBag from /home/ccd/airflow_venv/lib/python3.10/site-packages/airflow/example_dags/plugins/event_listener.py
[2025-06-09T11:31:35.996+0200] {processor.py:842} WARNING - No viable dags retrieved from /home/ccd/airflow_venv/lib/python3.10/site-packages/airflow/example_dags/plugins/event_listener.py
[2025-06-09T11:31:36.002+0200] {processor.py:183} INFO - Processing /home/ccd/airflow_venv/lib/python3.10/site-packages/airflow/example_dags/plugins/event_listener.py took 0.013 seconds
[2025-06-09T11:32:44.770+0200] {processor.py:161} INFO - Started process (PID=4753) to work on /home/ccd/airflow_venv/lib/python3.10/site-packages/airflow/example_dags/plugins/event_listener.py
[2025-06-09T11:32:44.773+0200] {processor.py:830} INFO - Processing file /home/ccd/airflow_venv/lib/python3.10/site-packages/airflow/example_dags/plugins/event_listener.py for tasks to queue
[2025-06-09T11:32:44.781+0200] {logging_mixin.py:188} INFO - [2025-06-09T11:32:44.774+0200] {dagbag.py:540} INFO - Filling up the DagBag from /home/ccd/airflow_venv/lib/python3.10/site-packages/airflow/example_dags/plugins/event_listener.py
[2025-06-09T11:32:44.784+0200] {processor.py:842} WARNING - No viable dags retrieved from /home/ccd/airflow_venv/lib/python3.10/site-packages/airflow/example_dags/plugins/event_listener.py
[2025-06-09T11:32:44.796+0200] {processor.py:183} INFO - Processing /home/ccd/airflow_venv/lib/python3.10/site-packages/airflow/example_dags/plugins/event_listener.py took 0.033 seconds
[2025-06-09T11:34:03.859+0200] {processor.py:161} INFO - Started process (PID=5381) to work on /home/ccd/airflow_venv/lib/python3.10/site-packages/airflow/example_dags/plugins/event_listener.py
[2025-06-09T11:34:03.861+0200] {processor.py:830} INFO - Processing file /home/ccd/airflow_venv/lib/python3.10/site-packages/airflow/example_dags/plugins/event_listener.py for tasks to queue
[2025-06-09T11:34:03.863+0200] {logging_mixin.py:188} INFO - [2025-06-09T11:34:03.863+0200] {dagbag.py:540} INFO - Filling up the DagBag from /home/ccd/airflow_venv/lib/python3.10/site-packages/airflow/example_dags/plugins/event_listener.py
[2025-06-09T11:34:03.865+0200] {processor.py:842} WARNING - No viable dags retrieved from /home/ccd/airflow_venv/lib/python3.10/site-packages/airflow/example_dags/plugins/event_listener.py
[2025-06-09T11:34:03.872+0200] {processor.py:183} INFO - Processing /home/ccd/airflow_venv/lib/python3.10/site-packages/airflow/example_dags/plugins/event_listener.py took 0.019 seconds
[2025-06-09T11:35:01.390+0200] {processor.py:161} INFO - Started process (PID=5758) to work on /home/ccd/airflow_venv/lib/python3.10/site-packages/airflow/example_dags/plugins/event_listener.py
[2025-06-09T11:35:01.402+0200] {processor.py:830} INFO - Processing file /home/ccd/airflow_venv/lib/python3.10/site-packages/airflow/example_dags/plugins/event_listener.py for tasks to queue
[2025-06-09T11:35:01.403+0200] {logging_mixin.py:188} INFO - [2025-06-09T11:35:01.403+0200] {dagbag.py:540} INFO - Filling up the DagBag from /home/ccd/airflow_venv/lib/python3.10/site-packages/airflow/example_dags/plugins/event_listener.py
[2025-06-09T11:35:01.404+0200] {processor.py:842} WARNING - No viable dags retrieved from /home/ccd/airflow_venv/lib/python3.10/site-packages/airflow/example_dags/plugins/event_listener.py
[2025-06-09T11:35:01.410+0200] {processor.py:183} INFO - Processing /home/ccd/airflow_venv/lib/python3.10/site-packages/airflow/example_dags/plugins/event_listener.py took 0.023 seconds
[2025-06-09T11:35:57.480+0200] {processor.py:161} INFO - Started process (PID=6056) to work on /home/ccd/airflow_venv/lib/python3.10/site-packages/airflow/example_dags/plugins/event_listener.py
[2025-06-09T11:35:57.491+0200] {processor.py:830} INFO - Processing file /home/ccd/airflow_venv/lib/python3.10/site-packages/airflow/example_dags/plugins/event_listener.py for tasks to queue
[2025-06-09T11:35:57.492+0200] {logging_mixin.py:188} INFO - [2025-06-09T11:35:57.492+0200] {dagbag.py:540} INFO - Filling up the DagBag from /home/ccd/airflow_venv/lib/python3.10/site-packages/airflow/example_dags/plugins/event_listener.py
[2025-06-09T11:35:57.493+0200] {processor.py:842} WARNING - No viable dags retrieved from /home/ccd/airflow_venv/lib/python3.10/site-packages/airflow/example_dags/plugins/event_listener.py
[2025-06-09T11:35:57.500+0200] {processor.py:183} INFO - Processing /home/ccd/airflow_venv/lib/python3.10/site-packages/airflow/example_dags/plugins/event_listener.py took 0.023 seconds
[2025-06-09T11:38:14.588+0200] {processor.py:161} INFO - Started process (PID=9180) to work on /home/ccd/airflow_venv/lib/python3.10/site-packages/airflow/example_dags/plugins/event_listener.py
[2025-06-09T11:38:14.600+0200] {processor.py:830} INFO - Processing file /home/ccd/airflow_venv/lib/python3.10/site-packages/airflow/example_dags/plugins/event_listener.py for tasks to queue
[2025-06-09T11:38:14.601+0200] {logging_mixin.py:188} INFO - [2025-06-09T11:38:14.601+0200] {dagbag.py:540} INFO - Filling up the DagBag from /home/ccd/airflow_venv/lib/python3.10/site-packages/airflow/example_dags/plugins/event_listener.py
[2025-06-09T11:38:14.603+0200] {processor.py:842} WARNING - No viable dags retrieved from /home/ccd/airflow_venv/lib/python3.10/site-packages/airflow/example_dags/plugins/event_listener.py
[2025-06-09T11:38:14.610+0200] {processor.py:183} INFO - Processing /home/ccd/airflow_venv/lib/python3.10/site-packages/airflow/example_dags/plugins/event_listener.py took 0.025 seconds
[2025-06-09T11:39:16.058+0200] {processor.py:161} INFO - Started process (PID=9693) to work on /home/ccd/airflow_venv/lib/python3.10/site-packages/airflow/example_dags/plugins/event_listener.py
[2025-06-09T11:39:16.061+0200] {processor.py:830} INFO - Processing file /home/ccd/airflow_venv/lib/python3.10/site-packages/airflow/example_dags/plugins/event_listener.py for tasks to queue
[2025-06-09T11:39:16.062+0200] {logging_mixin.py:188} INFO - [2025-06-09T11:39:16.062+0200] {dagbag.py:540} INFO - Filling up the DagBag from /home/ccd/airflow_venv/lib/python3.10/site-packages/airflow/example_dags/plugins/event_listener.py
[2025-06-09T11:39:16.063+0200] {processor.py:842} WARNING - No viable dags retrieved from /home/ccd/airflow_venv/lib/python3.10/site-packages/airflow/example_dags/plugins/event_listener.py
[2025-06-09T11:39:16.071+0200] {processor.py:183} INFO - Processing /home/ccd/airflow_venv/lib/python3.10/site-packages/airflow/example_dags/plugins/event_listener.py took 0.018 seconds
[2025-06-09T11:40:29.298+0200] {processor.py:161} INFO - Started process (PID=10416) to work on /home/ccd/airflow_venv/lib/python3.10/site-packages/airflow/example_dags/plugins/event_listener.py
[2025-06-09T11:40:29.306+0200] {processor.py:830} INFO - Processing file /home/ccd/airflow_venv/lib/python3.10/site-packages/airflow/example_dags/plugins/event_listener.py for tasks to queue
[2025-06-09T11:40:29.307+0200] {logging_mixin.py:188} INFO - [2025-06-09T11:40:29.306+0200] {dagbag.py:540} INFO - Filling up the DagBag from /home/ccd/airflow_venv/lib/python3.10/site-packages/airflow/example_dags/plugins/event_listener.py
[2025-06-09T11:40:29.308+0200] {processor.py:842} WARNING - No viable dags retrieved from /home/ccd/airflow_venv/lib/python3.10/site-packages/airflow/example_dags/plugins/event_listener.py
[2025-06-09T11:40:29.324+0200] {processor.py:183} INFO - Processing /home/ccd/airflow_venv/lib/python3.10/site-packages/airflow/example_dags/plugins/event_listener.py took 0.030 seconds
[2025-06-09T11:41:37.194+0200] {processor.py:161} INFO - Started process (PID=11019) to work on /home/ccd/airflow_venv/lib/python3.10/site-packages/airflow/example_dags/plugins/event_listener.py
[2025-06-09T11:41:37.206+0200] {processor.py:830} INFO - Processing file /home/ccd/airflow_venv/lib/python3.10/site-packages/airflow/example_dags/plugins/event_listener.py for tasks to queue
[2025-06-09T11:41:37.207+0200] {logging_mixin.py:188} INFO - [2025-06-09T11:41:37.207+0200] {dagbag.py:540} INFO - Filling up the DagBag from /home/ccd/airflow_venv/lib/python3.10/site-packages/airflow/example_dags/plugins/event_listener.py
[2025-06-09T11:41:37.209+0200] {processor.py:842} WARNING - No viable dags retrieved from /home/ccd/airflow_venv/lib/python3.10/site-packages/airflow/example_dags/plugins/event_listener.py
[2025-06-09T11:41:37.215+0200] {processor.py:183} INFO - Processing /home/ccd/airflow_venv/lib/python3.10/site-packages/airflow/example_dags/plugins/event_listener.py took 0.024 seconds
[2025-06-09T11:42:31.256+0200] {processor.py:161} INFO - Started process (PID=11336) to work on /home/ccd/airflow_venv/lib/python3.10/site-packages/airflow/example_dags/plugins/event_listener.py
[2025-06-09T11:42:31.259+0200] {processor.py:830} INFO - Processing file /home/ccd/airflow_venv/lib/python3.10/site-packages/airflow/example_dags/plugins/event_listener.py for tasks to queue
[2025-06-09T11:42:31.260+0200] {logging_mixin.py:188} INFO - [2025-06-09T11:42:31.259+0200] {dagbag.py:540} INFO - Filling up the DagBag from /home/ccd/airflow_venv/lib/python3.10/site-packages/airflow/example_dags/plugins/event_listener.py
[2025-06-09T11:42:31.261+0200] {processor.py:842} WARNING - No viable dags retrieved from /home/ccd/airflow_venv/lib/python3.10/site-packages/airflow/example_dags/plugins/event_listener.py
[2025-06-09T11:42:31.270+0200] {processor.py:183} INFO - Processing /home/ccd/airflow_venv/lib/python3.10/site-packages/airflow/example_dags/plugins/event_listener.py took 0.017 seconds
[2025-06-09T11:43:26.942+0200] {processor.py:161} INFO - Started process (PID=11679) to work on /home/ccd/airflow_venv/lib/python3.10/site-packages/airflow/example_dags/plugins/event_listener.py
[2025-06-09T11:43:26.943+0200] {processor.py:830} INFO - Processing file /home/ccd/airflow_venv/lib/python3.10/site-packages/airflow/example_dags/plugins/event_listener.py for tasks to queue
[2025-06-09T11:43:26.944+0200] {logging_mixin.py:188} INFO - [2025-06-09T11:43:26.944+0200] {dagbag.py:540} INFO - Filling up the DagBag from /home/ccd/airflow_venv/lib/python3.10/site-packages/airflow/example_dags/plugins/event_listener.py
[2025-06-09T11:43:26.946+0200] {processor.py:842} WARNING - No viable dags retrieved from /home/ccd/airflow_venv/lib/python3.10/site-packages/airflow/example_dags/plugins/event_listener.py
[2025-06-09T11:43:26.953+0200] {processor.py:183} INFO - Processing /home/ccd/airflow_venv/lib/python3.10/site-packages/airflow/example_dags/plugins/event_listener.py took 0.015 seconds
[2025-06-09T11:44:28.058+0200] {processor.py:161} INFO - Started process (PID=12065) to work on /home/ccd/airflow_venv/lib/python3.10/site-packages/airflow/example_dags/plugins/event_listener.py
[2025-06-09T11:44:28.069+0200] {processor.py:830} INFO - Processing file /home/ccd/airflow_venv/lib/python3.10/site-packages/airflow/example_dags/plugins/event_listener.py for tasks to queue
[2025-06-09T11:44:28.070+0200] {logging_mixin.py:188} INFO - [2025-06-09T11:44:28.070+0200] {dagbag.py:540} INFO - Filling up the DagBag from /home/ccd/airflow_venv/lib/python3.10/site-packages/airflow/example_dags/plugins/event_listener.py
[2025-06-09T11:44:28.071+0200] {processor.py:842} WARNING - No viable dags retrieved from /home/ccd/airflow_venv/lib/python3.10/site-packages/airflow/example_dags/plugins/event_listener.py
[2025-06-09T11:44:28.078+0200] {processor.py:183} INFO - Processing /home/ccd/airflow_venv/lib/python3.10/site-packages/airflow/example_dags/plugins/event_listener.py took 0.024 seconds
[2025-06-09T11:45:19.760+0200] {processor.py:161} INFO - Started process (PID=12368) to work on /home/ccd/airflow_venv/lib/python3.10/site-packages/airflow/example_dags/plugins/event_listener.py
[2025-06-09T11:45:19.771+0200] {processor.py:830} INFO - Processing file /home/ccd/airflow_venv/lib/python3.10/site-packages/airflow/example_dags/plugins/event_listener.py for tasks to queue
[2025-06-09T11:45:19.772+0200] {logging_mixin.py:188} INFO - [2025-06-09T11:45:19.772+0200] {dagbag.py:540} INFO - Filling up the DagBag from /home/ccd/airflow_venv/lib/python3.10/site-packages/airflow/example_dags/plugins/event_listener.py
[2025-06-09T11:45:19.773+0200] {processor.py:842} WARNING - No viable dags retrieved from /home/ccd/airflow_venv/lib/python3.10/site-packages/airflow/example_dags/plugins/event_listener.py
[2025-06-09T11:45:19.779+0200] {processor.py:183} INFO - Processing /home/ccd/airflow_venv/lib/python3.10/site-packages/airflow/example_dags/plugins/event_listener.py took 0.023 seconds
[2025-06-09T11:46:35.389+0200] {processor.py:161} INFO - Started process (PID=13687) to work on /home/ccd/airflow_venv/lib/python3.10/site-packages/airflow/example_dags/plugins/event_listener.py
[2025-06-09T11:46:35.391+0200] {processor.py:830} INFO - Processing file /home/ccd/airflow_venv/lib/python3.10/site-packages/airflow/example_dags/plugins/event_listener.py for tasks to queue
[2025-06-09T11:46:35.392+0200] {logging_mixin.py:188} INFO - [2025-06-09T11:46:35.392+0200] {dagbag.py:540} INFO - Filling up the DagBag from /home/ccd/airflow_venv/lib/python3.10/site-packages/airflow/example_dags/plugins/event_listener.py
[2025-06-09T11:46:35.395+0200] {processor.py:842} WARNING - No viable dags retrieved from /home/ccd/airflow_venv/lib/python3.10/site-packages/airflow/example_dags/plugins/event_listener.py
[2025-06-09T11:46:35.402+0200] {processor.py:183} INFO - Processing /home/ccd/airflow_venv/lib/python3.10/site-packages/airflow/example_dags/plugins/event_listener.py took 0.018 seconds
[2025-06-09T11:47:34.262+0200] {processor.py:161} INFO - Started process (PID=14047) to work on /home/ccd/airflow_venv/lib/python3.10/site-packages/airflow/example_dags/plugins/event_listener.py
[2025-06-09T11:47:34.273+0200] {processor.py:830} INFO - Processing file /home/ccd/airflow_venv/lib/python3.10/site-packages/airflow/example_dags/plugins/event_listener.py for tasks to queue
[2025-06-09T11:47:34.274+0200] {logging_mixin.py:188} INFO - [2025-06-09T11:47:34.274+0200] {dagbag.py:540} INFO - Filling up the DagBag from /home/ccd/airflow_venv/lib/python3.10/site-packages/airflow/example_dags/plugins/event_listener.py
[2025-06-09T11:47:34.275+0200] {processor.py:842} WARNING - No viable dags retrieved from /home/ccd/airflow_venv/lib/python3.10/site-packages/airflow/example_dags/plugins/event_listener.py
[2025-06-09T11:47:34.282+0200] {processor.py:183} INFO - Processing /home/ccd/airflow_venv/lib/python3.10/site-packages/airflow/example_dags/plugins/event_listener.py took 0.025 seconds
[2025-06-09T11:48:33.550+0200] {processor.py:161} INFO - Started process (PID=14474) to work on /home/ccd/airflow_venv/lib/python3.10/site-packages/airflow/example_dags/plugins/event_listener.py
[2025-06-09T11:48:33.561+0200] {processor.py:830} INFO - Processing file /home/ccd/airflow_venv/lib/python3.10/site-packages/airflow/example_dags/plugins/event_listener.py for tasks to queue
[2025-06-09T11:48:33.563+0200] {logging_mixin.py:188} INFO - [2025-06-09T11:48:33.562+0200] {dagbag.py:540} INFO - Filling up the DagBag from /home/ccd/airflow_venv/lib/python3.10/site-packages/airflow/example_dags/plugins/event_listener.py
[2025-06-09T11:48:33.564+0200] {processor.py:842} WARNING - No viable dags retrieved from /home/ccd/airflow_venv/lib/python3.10/site-packages/airflow/example_dags/plugins/event_listener.py
[2025-06-09T11:48:33.570+0200] {processor.py:183} INFO - Processing /home/ccd/airflow_venv/lib/python3.10/site-packages/airflow/example_dags/plugins/event_listener.py took 0.023 seconds
[2025-06-09T11:49:48.361+0200] {processor.py:161} INFO - Started process (PID=16015) to work on /home/ccd/airflow_venv/lib/python3.10/site-packages/airflow/example_dags/plugins/event_listener.py
[2025-06-09T11:49:48.362+0200] {processor.py:830} INFO - Processing file /home/ccd/airflow_venv/lib/python3.10/site-packages/airflow/example_dags/plugins/event_listener.py for tasks to queue
[2025-06-09T11:49:48.364+0200] {logging_mixin.py:188} INFO - [2025-06-09T11:49:48.364+0200] {dagbag.py:540} INFO - Filling up the DagBag from /home/ccd/airflow_venv/lib/python3.10/site-packages/airflow/example_dags/plugins/event_listener.py
[2025-06-09T11:49:48.368+0200] {processor.py:842} WARNING - No viable dags retrieved from /home/ccd/airflow_venv/lib/python3.10/site-packages/airflow/example_dags/plugins/event_listener.py
[2025-06-09T11:49:48.379+0200] {processor.py:183} INFO - Processing /home/ccd/airflow_venv/lib/python3.10/site-packages/airflow/example_dags/plugins/event_listener.py took 0.022 seconds
[2025-06-09T11:51:04.756+0200] {processor.py:161} INFO - Started process (PID=17105) to work on /home/ccd/airflow_venv/lib/python3.10/site-packages/airflow/example_dags/plugins/event_listener.py
[2025-06-09T11:51:04.766+0200] {processor.py:830} INFO - Processing file /home/ccd/airflow_venv/lib/python3.10/site-packages/airflow/example_dags/plugins/event_listener.py for tasks to queue
[2025-06-09T11:51:04.768+0200] {logging_mixin.py:188} INFO - [2025-06-09T11:51:04.767+0200] {dagbag.py:540} INFO - Filling up the DagBag from /home/ccd/airflow_venv/lib/python3.10/site-packages/airflow/example_dags/plugins/event_listener.py
[2025-06-09T11:51:04.769+0200] {processor.py:842} WARNING - No viable dags retrieved from /home/ccd/airflow_venv/lib/python3.10/site-packages/airflow/example_dags/plugins/event_listener.py
[2025-06-09T11:51:04.776+0200] {processor.py:183} INFO - Processing /home/ccd/airflow_venv/lib/python3.10/site-packages/airflow/example_dags/plugins/event_listener.py took 0.024 seconds
[2025-06-09T11:52:01.926+0200] {processor.py:161} INFO - Started process (PID=17495) to work on /home/ccd/airflow_venv/lib/python3.10/site-packages/airflow/example_dags/plugins/event_listener.py
[2025-06-09T11:52:01.928+0200] {processor.py:830} INFO - Processing file /home/ccd/airflow_venv/lib/python3.10/site-packages/airflow/example_dags/plugins/event_listener.py for tasks to queue
[2025-06-09T11:52:01.929+0200] {logging_mixin.py:188} INFO - [2025-06-09T11:52:01.929+0200] {dagbag.py:540} INFO - Filling up the DagBag from /home/ccd/airflow_venv/lib/python3.10/site-packages/airflow/example_dags/plugins/event_listener.py
[2025-06-09T11:52:01.930+0200] {processor.py:842} WARNING - No viable dags retrieved from /home/ccd/airflow_venv/lib/python3.10/site-packages/airflow/example_dags/plugins/event_listener.py
[2025-06-09T11:52:01.936+0200] {processor.py:183} INFO - Processing /home/ccd/airflow_venv/lib/python3.10/site-packages/airflow/example_dags/plugins/event_listener.py took 0.014 seconds
[2025-06-09T11:52:54.327+0200] {processor.py:161} INFO - Started process (PID=17784) to work on /home/ccd/airflow_venv/lib/python3.10/site-packages/airflow/example_dags/plugins/event_listener.py
[2025-06-09T11:52:54.330+0200] {processor.py:830} INFO - Processing file /home/ccd/airflow_venv/lib/python3.10/site-packages/airflow/example_dags/plugins/event_listener.py for tasks to queue
[2025-06-09T11:52:54.331+0200] {logging_mixin.py:188} INFO - [2025-06-09T11:52:54.330+0200] {dagbag.py:540} INFO - Filling up the DagBag from /home/ccd/airflow_venv/lib/python3.10/site-packages/airflow/example_dags/plugins/event_listener.py
[2025-06-09T11:52:54.332+0200] {processor.py:842} WARNING - No viable dags retrieved from /home/ccd/airflow_venv/lib/python3.10/site-packages/airflow/example_dags/plugins/event_listener.py
[2025-06-09T11:52:54.338+0200] {processor.py:183} INFO - Processing /home/ccd/airflow_venv/lib/python3.10/site-packages/airflow/example_dags/plugins/event_listener.py took 0.015 seconds
[2025-06-09T11:53:48.419+0200] {processor.py:161} INFO - Started process (PID=18090) to work on /home/ccd/airflow_venv/lib/python3.10/site-packages/airflow/example_dags/plugins/event_listener.py
[2025-06-09T11:53:48.429+0200] {processor.py:830} INFO - Processing file /home/ccd/airflow_venv/lib/python3.10/site-packages/airflow/example_dags/plugins/event_listener.py for tasks to queue
[2025-06-09T11:53:48.430+0200] {logging_mixin.py:188} INFO - [2025-06-09T11:53:48.430+0200] {dagbag.py:540} INFO - Filling up the DagBag from /home/ccd/airflow_venv/lib/python3.10/site-packages/airflow/example_dags/plugins/event_listener.py
[2025-06-09T11:53:48.432+0200] {processor.py:842} WARNING - No viable dags retrieved from /home/ccd/airflow_venv/lib/python3.10/site-packages/airflow/example_dags/plugins/event_listener.py
[2025-06-09T11:53:48.438+0200] {processor.py:183} INFO - Processing /home/ccd/airflow_venv/lib/python3.10/site-packages/airflow/example_dags/plugins/event_listener.py took 0.022 seconds
[2025-06-09T11:54:40.287+0200] {processor.py:161} INFO - Started process (PID=18377) to work on /home/ccd/airflow_venv/lib/python3.10/site-packages/airflow/example_dags/plugins/event_listener.py
[2025-06-09T11:54:40.298+0200] {processor.py:830} INFO - Processing file /home/ccd/airflow_venv/lib/python3.10/site-packages/airflow/example_dags/plugins/event_listener.py for tasks to queue
[2025-06-09T11:54:40.299+0200] {logging_mixin.py:188} INFO - [2025-06-09T11:54:40.299+0200] {dagbag.py:540} INFO - Filling up the DagBag from /home/ccd/airflow_venv/lib/python3.10/site-packages/airflow/example_dags/plugins/event_listener.py
[2025-06-09T11:54:40.301+0200] {processor.py:842} WARNING - No viable dags retrieved from /home/ccd/airflow_venv/lib/python3.10/site-packages/airflow/example_dags/plugins/event_listener.py
[2025-06-09T11:54:40.307+0200] {processor.py:183} INFO - Processing /home/ccd/airflow_venv/lib/python3.10/site-packages/airflow/example_dags/plugins/event_listener.py took 0.024 seconds
[2025-06-09T11:55:32.001+0200] {processor.py:161} INFO - Started process (PID=18707) to work on /home/ccd/airflow_venv/lib/python3.10/site-packages/airflow/example_dags/plugins/event_listener.py
[2025-06-09T11:55:32.012+0200] {processor.py:830} INFO - Processing file /home/ccd/airflow_venv/lib/python3.10/site-packages/airflow/example_dags/plugins/event_listener.py for tasks to queue
[2025-06-09T11:55:32.013+0200] {logging_mixin.py:188} INFO - [2025-06-09T11:55:32.013+0200] {dagbag.py:540} INFO - Filling up the DagBag from /home/ccd/airflow_venv/lib/python3.10/site-packages/airflow/example_dags/plugins/event_listener.py
[2025-06-09T11:55:32.014+0200] {processor.py:842} WARNING - No viable dags retrieved from /home/ccd/airflow_venv/lib/python3.10/site-packages/airflow/example_dags/plugins/event_listener.py
[2025-06-09T11:55:32.021+0200] {processor.py:183} INFO - Processing /home/ccd/airflow_venv/lib/python3.10/site-packages/airflow/example_dags/plugins/event_listener.py took 0.023 seconds
[2025-06-09T11:56:21.793+0200] {processor.py:161} INFO - Started process (PID=18968) to work on /home/ccd/airflow_venv/lib/python3.10/site-packages/airflow/example_dags/plugins/event_listener.py
[2025-06-09T11:56:21.805+0200] {processor.py:830} INFO - Processing file /home/ccd/airflow_venv/lib/python3.10/site-packages/airflow/example_dags/plugins/event_listener.py for tasks to queue
[2025-06-09T11:56:21.806+0200] {logging_mixin.py:188} INFO - [2025-06-09T11:56:21.806+0200] {dagbag.py:540} INFO - Filling up the DagBag from /home/ccd/airflow_venv/lib/python3.10/site-packages/airflow/example_dags/plugins/event_listener.py
[2025-06-09T11:56:21.807+0200] {processor.py:842} WARNING - No viable dags retrieved from /home/ccd/airflow_venv/lib/python3.10/site-packages/airflow/example_dags/plugins/event_listener.py
[2025-06-09T11:56:21.813+0200] {processor.py:183} INFO - Processing /home/ccd/airflow_venv/lib/python3.10/site-packages/airflow/example_dags/plugins/event_listener.py took 0.024 seconds
[2025-06-09T11:57:12.935+0200] {processor.py:161} INFO - Started process (PID=19258) to work on /home/ccd/airflow_venv/lib/python3.10/site-packages/airflow/example_dags/plugins/event_listener.py
[2025-06-09T11:57:12.946+0200] {processor.py:830} INFO - Processing file /home/ccd/airflow_venv/lib/python3.10/site-packages/airflow/example_dags/plugins/event_listener.py for tasks to queue
[2025-06-09T11:57:12.947+0200] {logging_mixin.py:188} INFO - [2025-06-09T11:57:12.947+0200] {dagbag.py:540} INFO - Filling up the DagBag from /home/ccd/airflow_venv/lib/python3.10/site-packages/airflow/example_dags/plugins/event_listener.py
[2025-06-09T11:57:12.949+0200] {processor.py:842} WARNING - No viable dags retrieved from /home/ccd/airflow_venv/lib/python3.10/site-packages/airflow/example_dags/plugins/event_listener.py
[2025-06-09T11:57:12.960+0200] {processor.py:183} INFO - Processing /home/ccd/airflow_venv/lib/python3.10/site-packages/airflow/example_dags/plugins/event_listener.py took 0.029 seconds
[2025-06-09T11:58:03.710+0200] {processor.py:161} INFO - Started process (PID=19560) to work on /home/ccd/airflow_venv/lib/python3.10/site-packages/airflow/example_dags/plugins/event_listener.py
[2025-06-09T11:58:03.721+0200] {processor.py:830} INFO - Processing file /home/ccd/airflow_venv/lib/python3.10/site-packages/airflow/example_dags/plugins/event_listener.py for tasks to queue
[2025-06-09T11:58:03.722+0200] {logging_mixin.py:188} INFO - [2025-06-09T11:58:03.722+0200] {dagbag.py:540} INFO - Filling up the DagBag from /home/ccd/airflow_venv/lib/python3.10/site-packages/airflow/example_dags/plugins/event_listener.py
[2025-06-09T11:58:03.724+0200] {processor.py:842} WARNING - No viable dags retrieved from /home/ccd/airflow_venv/lib/python3.10/site-packages/airflow/example_dags/plugins/event_listener.py
[2025-06-09T11:58:03.730+0200] {processor.py:183} INFO - Processing /home/ccd/airflow_venv/lib/python3.10/site-packages/airflow/example_dags/plugins/event_listener.py took 0.023 seconds
[2025-06-09T11:58:54.874+0200] {processor.py:161} INFO - Started process (PID=19845) to work on /home/ccd/airflow_venv/lib/python3.10/site-packages/airflow/example_dags/plugins/event_listener.py
[2025-06-09T11:58:54.885+0200] {processor.py:830} INFO - Processing file /home/ccd/airflow_venv/lib/python3.10/site-packages/airflow/example_dags/plugins/event_listener.py for tasks to queue
[2025-06-09T11:58:54.886+0200] {logging_mixin.py:188} INFO - [2025-06-09T11:58:54.886+0200] {dagbag.py:540} INFO - Filling up the DagBag from /home/ccd/airflow_venv/lib/python3.10/site-packages/airflow/example_dags/plugins/event_listener.py
[2025-06-09T11:58:54.888+0200] {processor.py:842} WARNING - No viable dags retrieved from /home/ccd/airflow_venv/lib/python3.10/site-packages/airflow/example_dags/plugins/event_listener.py
[2025-06-09T11:58:54.894+0200] {processor.py:183} INFO - Processing /home/ccd/airflow_venv/lib/python3.10/site-packages/airflow/example_dags/plugins/event_listener.py took 0.023 seconds
[2025-06-09T11:59:46.927+0200] {processor.py:161} INFO - Started process (PID=20230) to work on /home/ccd/airflow_venv/lib/python3.10/site-packages/airflow/example_dags/plugins/event_listener.py
[2025-06-09T11:59:46.938+0200] {processor.py:830} INFO - Processing file /home/ccd/airflow_venv/lib/python3.10/site-packages/airflow/example_dags/plugins/event_listener.py for tasks to queue
[2025-06-09T11:59:46.939+0200] {logging_mixin.py:188} INFO - [2025-06-09T11:59:46.939+0200] {dagbag.py:540} INFO - Filling up the DagBag from /home/ccd/airflow_venv/lib/python3.10/site-packages/airflow/example_dags/plugins/event_listener.py
[2025-06-09T11:59:46.940+0200] {processor.py:842} WARNING - No viable dags retrieved from /home/ccd/airflow_venv/lib/python3.10/site-packages/airflow/example_dags/plugins/event_listener.py
[2025-06-09T11:59:46.947+0200] {processor.py:183} INFO - Processing /home/ccd/airflow_venv/lib/python3.10/site-packages/airflow/example_dags/plugins/event_listener.py took 0.025 seconds
[2025-06-09T12:00:39.186+0200] {processor.py:161} INFO - Started process (PID=20616) to work on /home/ccd/airflow_venv/lib/python3.10/site-packages/airflow/example_dags/plugins/event_listener.py
[2025-06-09T12:00:39.188+0200] {processor.py:830} INFO - Processing file /home/ccd/airflow_venv/lib/python3.10/site-packages/airflow/example_dags/plugins/event_listener.py for tasks to queue
[2025-06-09T12:00:39.189+0200] {logging_mixin.py:188} INFO - [2025-06-09T12:00:39.189+0200] {dagbag.py:540} INFO - Filling up the DagBag from /home/ccd/airflow_venv/lib/python3.10/site-packages/airflow/example_dags/plugins/event_listener.py
[2025-06-09T12:00:39.190+0200] {processor.py:842} WARNING - No viable dags retrieved from /home/ccd/airflow_venv/lib/python3.10/site-packages/airflow/example_dags/plugins/event_listener.py
[2025-06-09T12:00:39.198+0200] {processor.py:183} INFO - Processing /home/ccd/airflow_venv/lib/python3.10/site-packages/airflow/example_dags/plugins/event_listener.py took 0.016 seconds
[2025-06-09T12:01:31.769+0200] {processor.py:161} INFO - Started process (PID=20955) to work on /home/ccd/airflow_venv/lib/python3.10/site-packages/airflow/example_dags/plugins/event_listener.py
[2025-06-09T12:01:31.780+0200] {processor.py:830} INFO - Processing file /home/ccd/airflow_venv/lib/python3.10/site-packages/airflow/example_dags/plugins/event_listener.py for tasks to queue
[2025-06-09T12:01:31.782+0200] {logging_mixin.py:188} INFO - [2025-06-09T12:01:31.782+0200] {dagbag.py:540} INFO - Filling up the DagBag from /home/ccd/airflow_venv/lib/python3.10/site-packages/airflow/example_dags/plugins/event_listener.py
[2025-06-09T12:01:31.783+0200] {processor.py:842} WARNING - No viable dags retrieved from /home/ccd/airflow_venv/lib/python3.10/site-packages/airflow/example_dags/plugins/event_listener.py
[2025-06-09T12:01:31.790+0200] {processor.py:183} INFO - Processing /home/ccd/airflow_venv/lib/python3.10/site-packages/airflow/example_dags/plugins/event_listener.py took 0.026 seconds
[2025-06-09T12:02:26.284+0200] {processor.py:161} INFO - Started process (PID=21296) to work on /home/ccd/airflow_venv/lib/python3.10/site-packages/airflow/example_dags/plugins/event_listener.py
[2025-06-09T12:02:26.286+0200] {processor.py:830} INFO - Processing file /home/ccd/airflow_venv/lib/python3.10/site-packages/airflow/example_dags/plugins/event_listener.py for tasks to queue
[2025-06-09T12:02:26.287+0200] {logging_mixin.py:188} INFO - [2025-06-09T12:02:26.287+0200] {dagbag.py:540} INFO - Filling up the DagBag from /home/ccd/airflow_venv/lib/python3.10/site-packages/airflow/example_dags/plugins/event_listener.py
[2025-06-09T12:02:26.289+0200] {processor.py:842} WARNING - No viable dags retrieved from /home/ccd/airflow_venv/lib/python3.10/site-packages/airflow/example_dags/plugins/event_listener.py
[2025-06-09T12:02:26.296+0200] {processor.py:183} INFO - Processing /home/ccd/airflow_venv/lib/python3.10/site-packages/airflow/example_dags/plugins/event_listener.py took 0.015 seconds
[2025-06-09T12:03:18.263+0200] {processor.py:161} INFO - Started process (PID=21586) to work on /home/ccd/airflow_venv/lib/python3.10/site-packages/airflow/example_dags/plugins/event_listener.py
[2025-06-09T12:03:18.265+0200] {processor.py:830} INFO - Processing file /home/ccd/airflow_venv/lib/python3.10/site-packages/airflow/example_dags/plugins/event_listener.py for tasks to queue
[2025-06-09T12:03:18.266+0200] {logging_mixin.py:188} INFO - [2025-06-09T12:03:18.266+0200] {dagbag.py:540} INFO - Filling up the DagBag from /home/ccd/airflow_venv/lib/python3.10/site-packages/airflow/example_dags/plugins/event_listener.py
[2025-06-09T12:03:18.268+0200] {processor.py:842} WARNING - No viable dags retrieved from /home/ccd/airflow_venv/lib/python3.10/site-packages/airflow/example_dags/plugins/event_listener.py
[2025-06-09T12:03:18.275+0200] {processor.py:183} INFO - Processing /home/ccd/airflow_venv/lib/python3.10/site-packages/airflow/example_dags/plugins/event_listener.py took 0.016 seconds
[2025-06-09T12:05:57.717+0200] {processor.py:161} INFO - Started process (PID=24493) to work on /home/ccd/airflow_venv/lib/python3.10/site-packages/airflow/example_dags/plugins/event_listener.py
[2025-06-09T12:05:57.727+0200] {processor.py:830} INFO - Processing file /home/ccd/airflow_venv/lib/python3.10/site-packages/airflow/example_dags/plugins/event_listener.py for tasks to queue
[2025-06-09T12:05:57.729+0200] {logging_mixin.py:188} INFO - [2025-06-09T12:05:57.728+0200] {dagbag.py:540} INFO - Filling up the DagBag from /home/ccd/airflow_venv/lib/python3.10/site-packages/airflow/example_dags/plugins/event_listener.py
[2025-06-09T12:05:57.730+0200] {processor.py:842} WARNING - No viable dags retrieved from /home/ccd/airflow_venv/lib/python3.10/site-packages/airflow/example_dags/plugins/event_listener.py
[2025-06-09T12:05:57.737+0200] {processor.py:183} INFO - Processing /home/ccd/airflow_venv/lib/python3.10/site-packages/airflow/example_dags/plugins/event_listener.py took 0.024 seconds
[2025-06-09T12:06:55.564+0200] {processor.py:161} INFO - Started process (PID=24844) to work on /home/ccd/airflow_venv/lib/python3.10/site-packages/airflow/example_dags/plugins/event_listener.py
[2025-06-09T12:06:55.572+0200] {processor.py:830} INFO - Processing file /home/ccd/airflow_venv/lib/python3.10/site-packages/airflow/example_dags/plugins/event_listener.py for tasks to queue
[2025-06-09T12:06:55.574+0200] {logging_mixin.py:188} INFO - [2025-06-09T12:06:55.574+0200] {dagbag.py:540} INFO - Filling up the DagBag from /home/ccd/airflow_venv/lib/python3.10/site-packages/airflow/example_dags/plugins/event_listener.py
[2025-06-09T12:06:55.576+0200] {processor.py:842} WARNING - No viable dags retrieved from /home/ccd/airflow_venv/lib/python3.10/site-packages/airflow/example_dags/plugins/event_listener.py
[2025-06-09T12:06:55.583+0200] {processor.py:183} INFO - Processing /home/ccd/airflow_venv/lib/python3.10/site-packages/airflow/example_dags/plugins/event_listener.py took 0.023 seconds
[2025-06-09T12:08:02.556+0200] {processor.py:161} INFO - Started process (PID=25462) to work on /home/ccd/airflow_venv/lib/python3.10/site-packages/airflow/example_dags/plugins/event_listener.py
[2025-06-09T12:08:02.556+0200] {processor.py:830} INFO - Processing file /home/ccd/airflow_venv/lib/python3.10/site-packages/airflow/example_dags/plugins/event_listener.py for tasks to queue
[2025-06-09T12:08:02.557+0200] {logging_mixin.py:188} INFO - [2025-06-09T12:08:02.557+0200] {dagbag.py:540} INFO - Filling up the DagBag from /home/ccd/airflow_venv/lib/python3.10/site-packages/airflow/example_dags/plugins/event_listener.py
[2025-06-09T12:08:02.559+0200] {processor.py:842} WARNING - No viable dags retrieved from /home/ccd/airflow_venv/lib/python3.10/site-packages/airflow/example_dags/plugins/event_listener.py
[2025-06-09T12:08:02.565+0200] {processor.py:183} INFO - Processing /home/ccd/airflow_venv/lib/python3.10/site-packages/airflow/example_dags/plugins/event_listener.py took 0.015 seconds
[2025-06-09T12:08:55.761+0200] {processor.py:161} INFO - Started process (PID=25797) to work on /home/ccd/airflow_venv/lib/python3.10/site-packages/airflow/example_dags/plugins/event_listener.py
[2025-06-09T12:08:55.772+0200] {processor.py:830} INFO - Processing file /home/ccd/airflow_venv/lib/python3.10/site-packages/airflow/example_dags/plugins/event_listener.py for tasks to queue
[2025-06-09T12:08:55.773+0200] {logging_mixin.py:188} INFO - [2025-06-09T12:08:55.773+0200] {dagbag.py:540} INFO - Filling up the DagBag from /home/ccd/airflow_venv/lib/python3.10/site-packages/airflow/example_dags/plugins/event_listener.py
[2025-06-09T12:08:55.774+0200] {processor.py:842} WARNING - No viable dags retrieved from /home/ccd/airflow_venv/lib/python3.10/site-packages/airflow/example_dags/plugins/event_listener.py
[2025-06-09T12:08:55.781+0200] {processor.py:183} INFO - Processing /home/ccd/airflow_venv/lib/python3.10/site-packages/airflow/example_dags/plugins/event_listener.py took 0.024 seconds
[2025-06-09T12:09:49.076+0200] {processor.py:161} INFO - Started process (PID=26331) to work on /home/ccd/airflow_venv/lib/python3.10/site-packages/airflow/example_dags/plugins/event_listener.py
[2025-06-09T12:09:49.088+0200] {processor.py:830} INFO - Processing file /home/ccd/airflow_venv/lib/python3.10/site-packages/airflow/example_dags/plugins/event_listener.py for tasks to queue
[2025-06-09T12:09:49.089+0200] {logging_mixin.py:188} INFO - [2025-06-09T12:09:49.089+0200] {dagbag.py:540} INFO - Filling up the DagBag from /home/ccd/airflow_venv/lib/python3.10/site-packages/airflow/example_dags/plugins/event_listener.py
[2025-06-09T12:09:49.090+0200] {processor.py:842} WARNING - No viable dags retrieved from /home/ccd/airflow_venv/lib/python3.10/site-packages/airflow/example_dags/plugins/event_listener.py
[2025-06-09T12:09:49.096+0200] {processor.py:183} INFO - Processing /home/ccd/airflow_venv/lib/python3.10/site-packages/airflow/example_dags/plugins/event_listener.py took 0.024 seconds
