[2025-06-09T02:00:46.101+0200] {processor.py:161} INFO - Started process (PID=1328307) to work on /home/ccd/airflow_venv/lib/python3.10/site-packages/airflow/example_dags/plugins/workday.py
[2025-06-09T02:00:46.101+0200] {processor.py:830} INFO - Processing file /home/ccd/airflow_venv/lib/python3.10/site-packages/airflow/example_dags/plugins/workday.py for tasks to queue
[2025-06-09T02:00:46.102+0200] {logging_mixin.py:188} INFO - [2025-06-09T02:00:46.102+0200] {dagbag.py:540} INFO - Filling up the DagBag from /home/ccd/airflow_venv/lib/python3.10/site-packages/airflow/example_dags/plugins/workday.py
[2025-06-09T02:00:46.593+0200] {processor.py:842} WARNING - No viable dags retrieved from /home/ccd/airflow_venv/lib/python3.10/site-packages/airflow/example_dags/plugins/workday.py
[2025-06-09T02:00:46.602+0200] {processor.py:183} INFO - Processing /home/ccd/airflow_venv/lib/python3.10/site-packages/airflow/example_dags/plugins/workday.py took 0.506 seconds
[2025-06-09T02:01:44.720+0200] {processor.py:161} INFO - Started process (PID=1328698) to work on /home/ccd/airflow_venv/lib/python3.10/site-packages/airflow/example_dags/plugins/workday.py
[2025-06-09T02:01:44.732+0200] {processor.py:830} INFO - Processing file /home/ccd/airflow_venv/lib/python3.10/site-packages/airflow/example_dags/plugins/workday.py for tasks to queue
[2025-06-09T02:01:44.733+0200] {logging_mixin.py:188} INFO - [2025-06-09T02:01:44.733+0200] {dagbag.py:540} INFO - Filling up the DagBag from /home/ccd/airflow_venv/lib/python3.10/site-packages/airflow/example_dags/plugins/workday.py
[2025-06-09T02:01:45.110+0200] {processor.py:842} WARNING - No viable dags retrieved from /home/ccd/airflow_venv/lib/python3.10/site-packages/airflow/example_dags/plugins/workday.py
[2025-06-09T02:01:45.116+0200] {processor.py:183} INFO - Processing /home/ccd/airflow_venv/lib/python3.10/site-packages/airflow/example_dags/plugins/workday.py took 0.401 seconds
[2025-06-09T02:02:39.967+0200] {processor.py:161} INFO - Started process (PID=1328943) to work on /home/ccd/airflow_venv/lib/python3.10/site-packages/airflow/example_dags/plugins/workday.py
[2025-06-09T02:02:39.980+0200] {processor.py:830} INFO - Processing file /home/ccd/airflow_venv/lib/python3.10/site-packages/airflow/example_dags/plugins/workday.py for tasks to queue
[2025-06-09T02:02:39.981+0200] {logging_mixin.py:188} INFO - [2025-06-09T02:02:39.981+0200] {dagbag.py:540} INFO - Filling up the DagBag from /home/ccd/airflow_venv/lib/python3.10/site-packages/airflow/example_dags/plugins/workday.py
[2025-06-09T02:02:40.415+0200] {processor.py:842} WARNING - No viable dags retrieved from /home/ccd/airflow_venv/lib/python3.10/site-packages/airflow/example_dags/plugins/workday.py
[2025-06-09T02:02:40.421+0200] {processor.py:183} INFO - Processing /home/ccd/airflow_venv/lib/python3.10/site-packages/airflow/example_dags/plugins/workday.py took 0.459 seconds
[2025-06-09T02:03:33.455+0200] {processor.py:161} INFO - Started process (PID=1329289) to work on /home/ccd/airflow_venv/lib/python3.10/site-packages/airflow/example_dags/plugins/workday.py
[2025-06-09T02:03:33.466+0200] {processor.py:830} INFO - Processing file /home/ccd/airflow_venv/lib/python3.10/site-packages/airflow/example_dags/plugins/workday.py for tasks to queue
[2025-06-09T02:03:33.467+0200] {logging_mixin.py:188} INFO - [2025-06-09T02:03:33.467+0200] {dagbag.py:540} INFO - Filling up the DagBag from /home/ccd/airflow_venv/lib/python3.10/site-packages/airflow/example_dags/plugins/workday.py
[2025-06-09T02:03:33.859+0200] {processor.py:842} WARNING - No viable dags retrieved from /home/ccd/airflow_venv/lib/python3.10/site-packages/airflow/example_dags/plugins/workday.py
[2025-06-09T02:03:33.868+0200] {processor.py:183} INFO - Processing /home/ccd/airflow_venv/lib/python3.10/site-packages/airflow/example_dags/plugins/workday.py took 0.417 seconds
[2025-06-09T02:04:42.161+0200] {processor.py:161} INFO - Started process (PID=1329776) to work on /home/ccd/airflow_venv/lib/python3.10/site-packages/airflow/example_dags/plugins/workday.py
[2025-06-09T02:04:42.163+0200] {processor.py:830} INFO - Processing file /home/ccd/airflow_venv/lib/python3.10/site-packages/airflow/example_dags/plugins/workday.py for tasks to queue
[2025-06-09T02:04:42.164+0200] {logging_mixin.py:188} INFO - [2025-06-09T02:04:42.164+0200] {dagbag.py:540} INFO - Filling up the DagBag from /home/ccd/airflow_venv/lib/python3.10/site-packages/airflow/example_dags/plugins/workday.py
[2025-06-09T02:04:42.511+0200] {processor.py:842} WARNING - No viable dags retrieved from /home/ccd/airflow_venv/lib/python3.10/site-packages/airflow/example_dags/plugins/workday.py
[2025-06-09T02:04:42.517+0200] {processor.py:183} INFO - Processing /home/ccd/airflow_venv/lib/python3.10/site-packages/airflow/example_dags/plugins/workday.py took 0.360 seconds
[2025-06-09T02:05:35.668+0200] {processor.py:161} INFO - Started process (PID=1330181) to work on /home/ccd/airflow_venv/lib/python3.10/site-packages/airflow/example_dags/plugins/workday.py
[2025-06-09T02:05:35.671+0200] {processor.py:830} INFO - Processing file /home/ccd/airflow_venv/lib/python3.10/site-packages/airflow/example_dags/plugins/workday.py for tasks to queue
[2025-06-09T02:05:35.671+0200] {logging_mixin.py:188} INFO - [2025-06-09T02:05:35.671+0200] {dagbag.py:540} INFO - Filling up the DagBag from /home/ccd/airflow_venv/lib/python3.10/site-packages/airflow/example_dags/plugins/workday.py
[2025-06-09T02:05:36.050+0200] {processor.py:842} WARNING - No viable dags retrieved from /home/ccd/airflow_venv/lib/python3.10/site-packages/airflow/example_dags/plugins/workday.py
[2025-06-09T02:05:36.056+0200] {processor.py:183} INFO - Processing /home/ccd/airflow_venv/lib/python3.10/site-packages/airflow/example_dags/plugins/workday.py took 0.393 seconds
[2025-06-09T02:06:30.227+0200] {processor.py:161} INFO - Started process (PID=1330691) to work on /home/ccd/airflow_venv/lib/python3.10/site-packages/airflow/example_dags/plugins/workday.py
[2025-06-09T02:06:30.229+0200] {processor.py:830} INFO - Processing file /home/ccd/airflow_venv/lib/python3.10/site-packages/airflow/example_dags/plugins/workday.py for tasks to queue
[2025-06-09T02:06:30.231+0200] {logging_mixin.py:188} INFO - [2025-06-09T02:06:30.230+0200] {dagbag.py:540} INFO - Filling up the DagBag from /home/ccd/airflow_venv/lib/python3.10/site-packages/airflow/example_dags/plugins/workday.py
[2025-06-09T02:06:30.709+0200] {processor.py:842} WARNING - No viable dags retrieved from /home/ccd/airflow_venv/lib/python3.10/site-packages/airflow/example_dags/plugins/workday.py
[2025-06-09T02:06:30.733+0200] {processor.py:183} INFO - Processing /home/ccd/airflow_venv/lib/python3.10/site-packages/airflow/example_dags/plugins/workday.py took 0.511 seconds
[2025-06-09T02:07:27.391+0200] {processor.py:161} INFO - Started process (PID=1331163) to work on /home/ccd/airflow_venv/lib/python3.10/site-packages/airflow/example_dags/plugins/workday.py
[2025-06-09T02:07:27.403+0200] {processor.py:830} INFO - Processing file /home/ccd/airflow_venv/lib/python3.10/site-packages/airflow/example_dags/plugins/workday.py for tasks to queue
[2025-06-09T02:07:27.404+0200] {logging_mixin.py:188} INFO - [2025-06-09T02:07:27.404+0200] {dagbag.py:540} INFO - Filling up the DagBag from /home/ccd/airflow_venv/lib/python3.10/site-packages/airflow/example_dags/plugins/workday.py
[2025-06-09T02:07:27.825+0200] {processor.py:842} WARNING - No viable dags retrieved from /home/ccd/airflow_venv/lib/python3.10/site-packages/airflow/example_dags/plugins/workday.py
[2025-06-09T02:07:27.845+0200] {processor.py:183} INFO - Processing /home/ccd/airflow_venv/lib/python3.10/site-packages/airflow/example_dags/plugins/workday.py took 0.459 seconds
[2025-06-09T02:08:22.233+0200] {processor.py:161} INFO - Started process (PID=1331633) to work on /home/ccd/airflow_venv/lib/python3.10/site-packages/airflow/example_dags/plugins/workday.py
[2025-06-09T02:08:22.235+0200] {processor.py:830} INFO - Processing file /home/ccd/airflow_venv/lib/python3.10/site-packages/airflow/example_dags/plugins/workday.py for tasks to queue
[2025-06-09T02:08:22.236+0200] {logging_mixin.py:188} INFO - [2025-06-09T02:08:22.236+0200] {dagbag.py:540} INFO - Filling up the DagBag from /home/ccd/airflow_venv/lib/python3.10/site-packages/airflow/example_dags/plugins/workday.py
[2025-06-09T02:08:22.539+0200] {processor.py:842} WARNING - No viable dags retrieved from /home/ccd/airflow_venv/lib/python3.10/site-packages/airflow/example_dags/plugins/workday.py
[2025-06-09T02:08:22.548+0200] {processor.py:183} INFO - Processing /home/ccd/airflow_venv/lib/python3.10/site-packages/airflow/example_dags/plugins/workday.py took 0.320 seconds
[2025-06-09T02:09:16.540+0200] {processor.py:161} INFO - Started process (PID=1332141) to work on /home/ccd/airflow_venv/lib/python3.10/site-packages/airflow/example_dags/plugins/workday.py
[2025-06-09T02:09:16.552+0200] {processor.py:830} INFO - Processing file /home/ccd/airflow_venv/lib/python3.10/site-packages/airflow/example_dags/plugins/workday.py for tasks to queue
[2025-06-09T02:09:16.552+0200] {logging_mixin.py:188} INFO - [2025-06-09T02:09:16.552+0200] {dagbag.py:540} INFO - Filling up the DagBag from /home/ccd/airflow_venv/lib/python3.10/site-packages/airflow/example_dags/plugins/workday.py
[2025-06-09T02:09:16.824+0200] {processor.py:842} WARNING - No viable dags retrieved from /home/ccd/airflow_venv/lib/python3.10/site-packages/airflow/example_dags/plugins/workday.py
[2025-06-09T02:09:16.831+0200] {processor.py:183} INFO - Processing /home/ccd/airflow_venv/lib/python3.10/site-packages/airflow/example_dags/plugins/workday.py took 0.295 seconds
[2025-06-09T02:10:08.429+0200] {processor.py:161} INFO - Started process (PID=1332445) to work on /home/ccd/airflow_venv/lib/python3.10/site-packages/airflow/example_dags/plugins/workday.py
[2025-06-09T02:10:08.430+0200] {processor.py:830} INFO - Processing file /home/ccd/airflow_venv/lib/python3.10/site-packages/airflow/example_dags/plugins/workday.py for tasks to queue
[2025-06-09T02:10:08.431+0200] {logging_mixin.py:188} INFO - [2025-06-09T02:10:08.431+0200] {dagbag.py:540} INFO - Filling up the DagBag from /home/ccd/airflow_venv/lib/python3.10/site-packages/airflow/example_dags/plugins/workday.py
[2025-06-09T02:10:08.706+0200] {processor.py:842} WARNING - No viable dags retrieved from /home/ccd/airflow_venv/lib/python3.10/site-packages/airflow/example_dags/plugins/workday.py
[2025-06-09T02:10:08.717+0200] {processor.py:183} INFO - Processing /home/ccd/airflow_venv/lib/python3.10/site-packages/airflow/example_dags/plugins/workday.py took 0.293 seconds
[2025-06-09T11:30:38.164+0200] {processor.py:161} INFO - Started process (PID=3764) to work on /home/ccd/airflow_venv/lib/python3.10/site-packages/airflow/example_dags/plugins/workday.py
[2025-06-09T11:30:38.174+0200] {processor.py:830} INFO - Processing file /home/ccd/airflow_venv/lib/python3.10/site-packages/airflow/example_dags/plugins/workday.py for tasks to queue
[2025-06-09T11:30:38.175+0200] {logging_mixin.py:188} INFO - [2025-06-09T11:30:38.175+0200] {dagbag.py:540} INFO - Filling up the DagBag from /home/ccd/airflow_venv/lib/python3.10/site-packages/airflow/example_dags/plugins/workday.py
[2025-06-09T11:30:38.449+0200] {processor.py:842} WARNING - No viable dags retrieved from /home/ccd/airflow_venv/lib/python3.10/site-packages/airflow/example_dags/plugins/workday.py
[2025-06-09T11:30:38.453+0200] {processor.py:183} INFO - Processing /home/ccd/airflow_venv/lib/python3.10/site-packages/airflow/example_dags/plugins/workday.py took 0.293 seconds
[2025-06-09T11:31:37.139+0200] {processor.py:161} INFO - Started process (PID=4098) to work on /home/ccd/airflow_venv/lib/python3.10/site-packages/airflow/example_dags/plugins/workday.py
[2025-06-09T11:31:37.150+0200] {processor.py:830} INFO - Processing file /home/ccd/airflow_venv/lib/python3.10/site-packages/airflow/example_dags/plugins/workday.py for tasks to queue
[2025-06-09T11:31:37.152+0200] {logging_mixin.py:188} INFO - [2025-06-09T11:31:37.151+0200] {dagbag.py:540} INFO - Filling up the DagBag from /home/ccd/airflow_venv/lib/python3.10/site-packages/airflow/example_dags/plugins/workday.py
[2025-06-09T11:31:37.387+0200] {processor.py:842} WARNING - No viable dags retrieved from /home/ccd/airflow_venv/lib/python3.10/site-packages/airflow/example_dags/plugins/workday.py
[2025-06-09T11:31:37.393+0200] {processor.py:183} INFO - Processing /home/ccd/airflow_venv/lib/python3.10/site-packages/airflow/example_dags/plugins/workday.py took 0.257 seconds
[2025-06-09T11:32:45.914+0200] {processor.py:161} INFO - Started process (PID=4754) to work on /home/ccd/airflow_venv/lib/python3.10/site-packages/airflow/example_dags/plugins/workday.py
[2025-06-09T11:32:45.916+0200] {processor.py:830} INFO - Processing file /home/ccd/airflow_venv/lib/python3.10/site-packages/airflow/example_dags/plugins/workday.py for tasks to queue
[2025-06-09T11:32:45.918+0200] {logging_mixin.py:188} INFO - [2025-06-09T11:32:45.917+0200] {dagbag.py:540} INFO - Filling up the DagBag from /home/ccd/airflow_venv/lib/python3.10/site-packages/airflow/example_dags/plugins/workday.py
[2025-06-09T11:32:46.147+0200] {processor.py:842} WARNING - No viable dags retrieved from /home/ccd/airflow_venv/lib/python3.10/site-packages/airflow/example_dags/plugins/workday.py
[2025-06-09T11:32:46.153+0200] {processor.py:183} INFO - Processing /home/ccd/airflow_venv/lib/python3.10/site-packages/airflow/example_dags/plugins/workday.py took 0.244 seconds
[2025-06-09T11:34:04.576+0200] {processor.py:161} INFO - Started process (PID=5382) to work on /home/ccd/airflow_venv/lib/python3.10/site-packages/airflow/example_dags/plugins/workday.py
[2025-06-09T11:34:04.587+0200] {processor.py:830} INFO - Processing file /home/ccd/airflow_venv/lib/python3.10/site-packages/airflow/example_dags/plugins/workday.py for tasks to queue
[2025-06-09T11:34:04.588+0200] {logging_mixin.py:188} INFO - [2025-06-09T11:34:04.588+0200] {dagbag.py:540} INFO - Filling up the DagBag from /home/ccd/airflow_venv/lib/python3.10/site-packages/airflow/example_dags/plugins/workday.py
[2025-06-09T11:34:04.979+0200] {processor.py:842} WARNING - No viable dags retrieved from /home/ccd/airflow_venv/lib/python3.10/site-packages/airflow/example_dags/plugins/workday.py
[2025-06-09T11:34:04.984+0200] {processor.py:183} INFO - Processing /home/ccd/airflow_venv/lib/python3.10/site-packages/airflow/example_dags/plugins/workday.py took 0.413 seconds
[2025-06-09T11:35:03.346+0200] {processor.py:161} INFO - Started process (PID=5773) to work on /home/ccd/airflow_venv/lib/python3.10/site-packages/airflow/example_dags/plugins/workday.py
[2025-06-09T11:35:03.358+0200] {processor.py:830} INFO - Processing file /home/ccd/airflow_venv/lib/python3.10/site-packages/airflow/example_dags/plugins/workday.py for tasks to queue
[2025-06-09T11:35:03.359+0200] {logging_mixin.py:188} INFO - [2025-06-09T11:35:03.358+0200] {dagbag.py:540} INFO - Filling up the DagBag from /home/ccd/airflow_venv/lib/python3.10/site-packages/airflow/example_dags/plugins/workday.py
[2025-06-09T11:35:03.670+0200] {processor.py:842} WARNING - No viable dags retrieved from /home/ccd/airflow_venv/lib/python3.10/site-packages/airflow/example_dags/plugins/workday.py
[2025-06-09T11:35:03.675+0200] {processor.py:183} INFO - Processing /home/ccd/airflow_venv/lib/python3.10/site-packages/airflow/example_dags/plugins/workday.py took 0.332 seconds
[2025-06-09T11:35:58.498+0200] {processor.py:161} INFO - Started process (PID=6057) to work on /home/ccd/airflow_venv/lib/python3.10/site-packages/airflow/example_dags/plugins/workday.py
[2025-06-09T11:35:58.509+0200] {processor.py:830} INFO - Processing file /home/ccd/airflow_venv/lib/python3.10/site-packages/airflow/example_dags/plugins/workday.py for tasks to queue
[2025-06-09T11:35:58.510+0200] {logging_mixin.py:188} INFO - [2025-06-09T11:35:58.509+0200] {dagbag.py:540} INFO - Filling up the DagBag from /home/ccd/airflow_venv/lib/python3.10/site-packages/airflow/example_dags/plugins/workday.py
[2025-06-09T11:35:58.811+0200] {processor.py:842} WARNING - No viable dags retrieved from /home/ccd/airflow_venv/lib/python3.10/site-packages/airflow/example_dags/plugins/workday.py
[2025-06-09T11:35:58.816+0200] {processor.py:183} INFO - Processing /home/ccd/airflow_venv/lib/python3.10/site-packages/airflow/example_dags/plugins/workday.py took 0.321 seconds
[2025-06-09T11:38:15.271+0200] {processor.py:161} INFO - Started process (PID=9181) to work on /home/ccd/airflow_venv/lib/python3.10/site-packages/airflow/example_dags/plugins/workday.py
[2025-06-09T11:38:15.274+0200] {processor.py:830} INFO - Processing file /home/ccd/airflow_venv/lib/python3.10/site-packages/airflow/example_dags/plugins/workday.py for tasks to queue
[2025-06-09T11:38:15.275+0200] {logging_mixin.py:188} INFO - [2025-06-09T11:38:15.274+0200] {dagbag.py:540} INFO - Filling up the DagBag from /home/ccd/airflow_venv/lib/python3.10/site-packages/airflow/example_dags/plugins/workday.py
[2025-06-09T11:38:15.603+0200] {processor.py:842} WARNING - No viable dags retrieved from /home/ccd/airflow_venv/lib/python3.10/site-packages/airflow/example_dags/plugins/workday.py
[2025-06-09T11:38:15.608+0200] {processor.py:183} INFO - Processing /home/ccd/airflow_venv/lib/python3.10/site-packages/airflow/example_dags/plugins/workday.py took 0.341 seconds
[2025-06-09T11:39:16.300+0200] {processor.py:161} INFO - Started process (PID=9694) to work on /home/ccd/airflow_venv/lib/python3.10/site-packages/airflow/example_dags/plugins/workday.py
[2025-06-09T11:39:16.311+0200] {processor.py:830} INFO - Processing file /home/ccd/airflow_venv/lib/python3.10/site-packages/airflow/example_dags/plugins/workday.py for tasks to queue
[2025-06-09T11:39:16.314+0200] {logging_mixin.py:188} INFO - [2025-06-09T11:39:16.313+0200] {dagbag.py:540} INFO - Filling up the DagBag from /home/ccd/airflow_venv/lib/python3.10/site-packages/airflow/example_dags/plugins/workday.py
[2025-06-09T11:39:16.641+0200] {processor.py:842} WARNING - No viable dags retrieved from /home/ccd/airflow_venv/lib/python3.10/site-packages/airflow/example_dags/plugins/workday.py
[2025-06-09T11:39:16.646+0200] {processor.py:183} INFO - Processing /home/ccd/airflow_venv/lib/python3.10/site-packages/airflow/example_dags/plugins/workday.py took 0.351 seconds
[2025-06-09T11:40:30.425+0200] {processor.py:161} INFO - Started process (PID=10417) to work on /home/ccd/airflow_venv/lib/python3.10/site-packages/airflow/example_dags/plugins/workday.py
[2025-06-09T11:40:30.426+0200] {processor.py:830} INFO - Processing file /home/ccd/airflow_venv/lib/python3.10/site-packages/airflow/example_dags/plugins/workday.py for tasks to queue
[2025-06-09T11:40:30.427+0200] {logging_mixin.py:188} INFO - [2025-06-09T11:40:30.427+0200] {dagbag.py:540} INFO - Filling up the DagBag from /home/ccd/airflow_venv/lib/python3.10/site-packages/airflow/example_dags/plugins/workday.py
[2025-06-09T11:40:30.747+0200] {processor.py:842} WARNING - No viable dags retrieved from /home/ccd/airflow_venv/lib/python3.10/site-packages/airflow/example_dags/plugins/workday.py
[2025-06-09T11:40:30.752+0200] {processor.py:183} INFO - Processing /home/ccd/airflow_venv/lib/python3.10/site-packages/airflow/example_dags/plugins/workday.py took 0.332 seconds
[2025-06-09T11:41:37.517+0200] {processor.py:161} INFO - Started process (PID=11020) to work on /home/ccd/airflow_venv/lib/python3.10/site-packages/airflow/example_dags/plugins/workday.py
[2025-06-09T11:41:37.528+0200] {processor.py:830} INFO - Processing file /home/ccd/airflow_venv/lib/python3.10/site-packages/airflow/example_dags/plugins/workday.py for tasks to queue
[2025-06-09T11:41:37.529+0200] {logging_mixin.py:188} INFO - [2025-06-09T11:41:37.529+0200] {dagbag.py:540} INFO - Filling up the DagBag from /home/ccd/airflow_venv/lib/python3.10/site-packages/airflow/example_dags/plugins/workday.py
[2025-06-09T11:41:37.837+0200] {processor.py:842} WARNING - No viable dags retrieved from /home/ccd/airflow_venv/lib/python3.10/site-packages/airflow/example_dags/plugins/workday.py
[2025-06-09T11:41:37.842+0200] {processor.py:183} INFO - Processing /home/ccd/airflow_venv/lib/python3.10/site-packages/airflow/example_dags/plugins/workday.py took 0.328 seconds
[2025-06-09T11:42:32.415+0200] {processor.py:161} INFO - Started process (PID=11354) to work on /home/ccd/airflow_venv/lib/python3.10/site-packages/airflow/example_dags/plugins/workday.py
[2025-06-09T11:42:32.417+0200] {processor.py:830} INFO - Processing file /home/ccd/airflow_venv/lib/python3.10/site-packages/airflow/example_dags/plugins/workday.py for tasks to queue
[2025-06-09T11:42:32.422+0200] {logging_mixin.py:188} INFO - [2025-06-09T11:42:32.422+0200] {dagbag.py:540} INFO - Filling up the DagBag from /home/ccd/airflow_venv/lib/python3.10/site-packages/airflow/example_dags/plugins/workday.py
[2025-06-09T11:42:32.832+0200] {processor.py:842} WARNING - No viable dags retrieved from /home/ccd/airflow_venv/lib/python3.10/site-packages/airflow/example_dags/plugins/workday.py
[2025-06-09T11:42:32.838+0200] {processor.py:183} INFO - Processing /home/ccd/airflow_venv/lib/python3.10/site-packages/airflow/example_dags/plugins/workday.py took 0.439 seconds
[2025-06-09T11:43:28.091+0200] {processor.py:161} INFO - Started process (PID=11680) to work on /home/ccd/airflow_venv/lib/python3.10/site-packages/airflow/example_dags/plugins/workday.py
[2025-06-09T11:43:28.103+0200] {processor.py:830} INFO - Processing file /home/ccd/airflow_venv/lib/python3.10/site-packages/airflow/example_dags/plugins/workday.py for tasks to queue
[2025-06-09T11:43:28.104+0200] {logging_mixin.py:188} INFO - [2025-06-09T11:43:28.103+0200] {dagbag.py:540} INFO - Filling up the DagBag from /home/ccd/airflow_venv/lib/python3.10/site-packages/airflow/example_dags/plugins/workday.py
[2025-06-09T11:43:28.407+0200] {processor.py:842} WARNING - No viable dags retrieved from /home/ccd/airflow_venv/lib/python3.10/site-packages/airflow/example_dags/plugins/workday.py
[2025-06-09T11:43:28.414+0200] {processor.py:183} INFO - Processing /home/ccd/airflow_venv/lib/python3.10/site-packages/airflow/example_dags/plugins/workday.py took 0.327 seconds
[2025-06-09T11:44:28.995+0200] {processor.py:161} INFO - Started process (PID=12066) to work on /home/ccd/airflow_venv/lib/python3.10/site-packages/airflow/example_dags/plugins/workday.py
[2025-06-09T11:44:28.997+0200] {processor.py:830} INFO - Processing file /home/ccd/airflow_venv/lib/python3.10/site-packages/airflow/example_dags/plugins/workday.py for tasks to queue
[2025-06-09T11:44:28.998+0200] {logging_mixin.py:188} INFO - [2025-06-09T11:44:28.998+0200] {dagbag.py:540} INFO - Filling up the DagBag from /home/ccd/airflow_venv/lib/python3.10/site-packages/airflow/example_dags/plugins/workday.py
[2025-06-09T11:44:29.306+0200] {processor.py:842} WARNING - No viable dags retrieved from /home/ccd/airflow_venv/lib/python3.10/site-packages/airflow/example_dags/plugins/workday.py
[2025-06-09T11:44:29.311+0200] {processor.py:183} INFO - Processing /home/ccd/airflow_venv/lib/python3.10/site-packages/airflow/example_dags/plugins/workday.py took 0.320 seconds
[2025-06-09T11:45:20.892+0200] {processor.py:161} INFO - Started process (PID=12369) to work on /home/ccd/airflow_venv/lib/python3.10/site-packages/airflow/example_dags/plugins/workday.py
[2025-06-09T11:45:20.903+0200] {processor.py:830} INFO - Processing file /home/ccd/airflow_venv/lib/python3.10/site-packages/airflow/example_dags/plugins/workday.py for tasks to queue
[2025-06-09T11:45:20.904+0200] {logging_mixin.py:188} INFO - [2025-06-09T11:45:20.904+0200] {dagbag.py:540} INFO - Filling up the DagBag from /home/ccd/airflow_venv/lib/python3.10/site-packages/airflow/example_dags/plugins/workday.py
[2025-06-09T11:45:21.207+0200] {processor.py:842} WARNING - No viable dags retrieved from /home/ccd/airflow_venv/lib/python3.10/site-packages/airflow/example_dags/plugins/workday.py
[2025-06-09T11:45:21.211+0200] {processor.py:183} INFO - Processing /home/ccd/airflow_venv/lib/python3.10/site-packages/airflow/example_dags/plugins/workday.py took 0.324 seconds
[2025-06-09T11:46:36.517+0200] {processor.py:161} INFO - Started process (PID=13688) to work on /home/ccd/airflow_venv/lib/python3.10/site-packages/airflow/example_dags/plugins/workday.py
[2025-06-09T11:46:36.518+0200] {processor.py:830} INFO - Processing file /home/ccd/airflow_venv/lib/python3.10/site-packages/airflow/example_dags/plugins/workday.py for tasks to queue
[2025-06-09T11:46:36.519+0200] {logging_mixin.py:188} INFO - [2025-06-09T11:46:36.519+0200] {dagbag.py:540} INFO - Filling up the DagBag from /home/ccd/airflow_venv/lib/python3.10/site-packages/airflow/example_dags/plugins/workday.py
[2025-06-09T11:46:36.807+0200] {processor.py:842} WARNING - No viable dags retrieved from /home/ccd/airflow_venv/lib/python3.10/site-packages/airflow/example_dags/plugins/workday.py
[2025-06-09T11:46:36.812+0200] {processor.py:183} INFO - Processing /home/ccd/airflow_venv/lib/python3.10/site-packages/airflow/example_dags/plugins/workday.py took 0.298 seconds
[2025-06-09T11:47:34.926+0200] {processor.py:161} INFO - Started process (PID=14048) to work on /home/ccd/airflow_venv/lib/python3.10/site-packages/airflow/example_dags/plugins/workday.py
[2025-06-09T11:47:34.937+0200] {processor.py:830} INFO - Processing file /home/ccd/airflow_venv/lib/python3.10/site-packages/airflow/example_dags/plugins/workday.py for tasks to queue
[2025-06-09T11:47:34.938+0200] {logging_mixin.py:188} INFO - [2025-06-09T11:47:34.938+0200] {dagbag.py:540} INFO - Filling up the DagBag from /home/ccd/airflow_venv/lib/python3.10/site-packages/airflow/example_dags/plugins/workday.py
[2025-06-09T11:47:35.241+0200] {processor.py:842} WARNING - No viable dags retrieved from /home/ccd/airflow_venv/lib/python3.10/site-packages/airflow/example_dags/plugins/workday.py
[2025-06-09T11:47:35.246+0200] {processor.py:183} INFO - Processing /home/ccd/airflow_venv/lib/python3.10/site-packages/airflow/example_dags/plugins/workday.py took 0.324 seconds
[2025-06-09T11:48:34.683+0200] {processor.py:161} INFO - Started process (PID=14477) to work on /home/ccd/airflow_venv/lib/python3.10/site-packages/airflow/example_dags/plugins/workday.py
[2025-06-09T11:48:34.693+0200] {processor.py:830} INFO - Processing file /home/ccd/airflow_venv/lib/python3.10/site-packages/airflow/example_dags/plugins/workday.py for tasks to queue
[2025-06-09T11:48:34.694+0200] {logging_mixin.py:188} INFO - [2025-06-09T11:48:34.694+0200] {dagbag.py:540} INFO - Filling up the DagBag from /home/ccd/airflow_venv/lib/python3.10/site-packages/airflow/example_dags/plugins/workday.py
[2025-06-09T11:48:34.977+0200] {processor.py:842} WARNING - No viable dags retrieved from /home/ccd/airflow_venv/lib/python3.10/site-packages/airflow/example_dags/plugins/workday.py
[2025-06-09T11:48:34.981+0200] {processor.py:183} INFO - Processing /home/ccd/airflow_venv/lib/python3.10/site-packages/airflow/example_dags/plugins/workday.py took 0.301 seconds
[2025-06-09T11:49:48.982+0200] {processor.py:161} INFO - Started process (PID=16016) to work on /home/ccd/airflow_venv/lib/python3.10/site-packages/airflow/example_dags/plugins/workday.py
[2025-06-09T11:49:48.983+0200] {processor.py:830} INFO - Processing file /home/ccd/airflow_venv/lib/python3.10/site-packages/airflow/example_dags/plugins/workday.py for tasks to queue
[2025-06-09T11:49:48.986+0200] {logging_mixin.py:188} INFO - [2025-06-09T11:49:48.985+0200] {dagbag.py:540} INFO - Filling up the DagBag from /home/ccd/airflow_venv/lib/python3.10/site-packages/airflow/example_dags/plugins/workday.py
[2025-06-09T11:49:49.302+0200] {processor.py:842} WARNING - No viable dags retrieved from /home/ccd/airflow_venv/lib/python3.10/site-packages/airflow/example_dags/plugins/workday.py
[2025-06-09T11:49:49.307+0200] {processor.py:183} INFO - Processing /home/ccd/airflow_venv/lib/python3.10/site-packages/airflow/example_dags/plugins/workday.py took 0.329 seconds
[2025-06-09T11:51:05.136+0200] {processor.py:161} INFO - Started process (PID=17106) to work on /home/ccd/airflow_venv/lib/python3.10/site-packages/airflow/example_dags/plugins/workday.py
[2025-06-09T11:51:05.148+0200] {processor.py:830} INFO - Processing file /home/ccd/airflow_venv/lib/python3.10/site-packages/airflow/example_dags/plugins/workday.py for tasks to queue
[2025-06-09T11:51:05.149+0200] {logging_mixin.py:188} INFO - [2025-06-09T11:51:05.149+0200] {dagbag.py:540} INFO - Filling up the DagBag from /home/ccd/airflow_venv/lib/python3.10/site-packages/airflow/example_dags/plugins/workday.py
[2025-06-09T11:51:05.449+0200] {processor.py:842} WARNING - No viable dags retrieved from /home/ccd/airflow_venv/lib/python3.10/site-packages/airflow/example_dags/plugins/workday.py
[2025-06-09T11:51:05.455+0200] {processor.py:183} INFO - Processing /home/ccd/airflow_venv/lib/python3.10/site-packages/airflow/example_dags/plugins/workday.py took 0.324 seconds
[2025-06-09T11:52:03.056+0200] {processor.py:161} INFO - Started process (PID=17496) to work on /home/ccd/airflow_venv/lib/python3.10/site-packages/airflow/example_dags/plugins/workday.py
[2025-06-09T11:52:03.067+0200] {processor.py:830} INFO - Processing file /home/ccd/airflow_venv/lib/python3.10/site-packages/airflow/example_dags/plugins/workday.py for tasks to queue
[2025-06-09T11:52:03.068+0200] {logging_mixin.py:188} INFO - [2025-06-09T11:52:03.068+0200] {dagbag.py:540} INFO - Filling up the DagBag from /home/ccd/airflow_venv/lib/python3.10/site-packages/airflow/example_dags/plugins/workday.py
[2025-06-09T11:52:03.352+0200] {processor.py:842} WARNING - No viable dags retrieved from /home/ccd/airflow_venv/lib/python3.10/site-packages/airflow/example_dags/plugins/workday.py
[2025-06-09T11:52:03.357+0200] {processor.py:183} INFO - Processing /home/ccd/airflow_venv/lib/python3.10/site-packages/airflow/example_dags/plugins/workday.py took 0.304 seconds
[2025-06-09T11:52:55.460+0200] {processor.py:161} INFO - Started process (PID=17785) to work on /home/ccd/airflow_venv/lib/python3.10/site-packages/airflow/example_dags/plugins/workday.py
[2025-06-09T11:52:55.472+0200] {processor.py:830} INFO - Processing file /home/ccd/airflow_venv/lib/python3.10/site-packages/airflow/example_dags/plugins/workday.py for tasks to queue
[2025-06-09T11:52:55.473+0200] {logging_mixin.py:188} INFO - [2025-06-09T11:52:55.473+0200] {dagbag.py:540} INFO - Filling up the DagBag from /home/ccd/airflow_venv/lib/python3.10/site-packages/airflow/example_dags/plugins/workday.py
[2025-06-09T11:52:55.760+0200] {processor.py:842} WARNING - No viable dags retrieved from /home/ccd/airflow_venv/lib/python3.10/site-packages/airflow/example_dags/plugins/workday.py
[2025-06-09T11:52:55.765+0200] {processor.py:183} INFO - Processing /home/ccd/airflow_venv/lib/python3.10/site-packages/airflow/example_dags/plugins/workday.py took 0.308 seconds
[2025-06-09T11:53:49.566+0200] {processor.py:161} INFO - Started process (PID=18091) to work on /home/ccd/airflow_venv/lib/python3.10/site-packages/airflow/example_dags/plugins/workday.py
[2025-06-09T11:53:49.577+0200] {processor.py:830} INFO - Processing file /home/ccd/airflow_venv/lib/python3.10/site-packages/airflow/example_dags/plugins/workday.py for tasks to queue
[2025-06-09T11:53:49.578+0200] {logging_mixin.py:188} INFO - [2025-06-09T11:53:49.578+0200] {dagbag.py:540} INFO - Filling up the DagBag from /home/ccd/airflow_venv/lib/python3.10/site-packages/airflow/example_dags/plugins/workday.py
[2025-06-09T11:53:49.823+0200] {processor.py:842} WARNING - No viable dags retrieved from /home/ccd/airflow_venv/lib/python3.10/site-packages/airflow/example_dags/plugins/workday.py
[2025-06-09T11:53:49.828+0200] {processor.py:183} INFO - Processing /home/ccd/airflow_venv/lib/python3.10/site-packages/airflow/example_dags/plugins/workday.py took 0.266 seconds
[2025-06-09T11:54:41.416+0200] {processor.py:161} INFO - Started process (PID=18404) to work on /home/ccd/airflow_venv/lib/python3.10/site-packages/airflow/example_dags/plugins/workday.py
[2025-06-09T11:54:41.427+0200] {processor.py:830} INFO - Processing file /home/ccd/airflow_venv/lib/python3.10/site-packages/airflow/example_dags/plugins/workday.py for tasks to queue
[2025-06-09T11:54:41.428+0200] {logging_mixin.py:188} INFO - [2025-06-09T11:54:41.428+0200] {dagbag.py:540} INFO - Filling up the DagBag from /home/ccd/airflow_venv/lib/python3.10/site-packages/airflow/example_dags/plugins/workday.py
[2025-06-09T11:54:41.648+0200] {processor.py:842} WARNING - No viable dags retrieved from /home/ccd/airflow_venv/lib/python3.10/site-packages/airflow/example_dags/plugins/workday.py
[2025-06-09T11:54:41.655+0200] {processor.py:183} INFO - Processing /home/ccd/airflow_venv/lib/python3.10/site-packages/airflow/example_dags/plugins/workday.py took 0.243 seconds
[2025-06-09T11:55:33.136+0200] {processor.py:161} INFO - Started process (PID=18708) to work on /home/ccd/airflow_venv/lib/python3.10/site-packages/airflow/example_dags/plugins/workday.py
[2025-06-09T11:55:33.148+0200] {processor.py:830} INFO - Processing file /home/ccd/airflow_venv/lib/python3.10/site-packages/airflow/example_dags/plugins/workday.py for tasks to queue
[2025-06-09T11:55:33.149+0200] {logging_mixin.py:188} INFO - [2025-06-09T11:55:33.148+0200] {dagbag.py:540} INFO - Filling up the DagBag from /home/ccd/airflow_venv/lib/python3.10/site-packages/airflow/example_dags/plugins/workday.py
[2025-06-09T11:55:33.361+0200] {processor.py:842} WARNING - No viable dags retrieved from /home/ccd/airflow_venv/lib/python3.10/site-packages/airflow/example_dags/plugins/workday.py
[2025-06-09T11:55:33.367+0200] {processor.py:183} INFO - Processing /home/ccd/airflow_venv/lib/python3.10/site-packages/airflow/example_dags/plugins/workday.py took 0.234 seconds
[2025-06-09T11:56:22.928+0200] {processor.py:161} INFO - Started process (PID=18969) to work on /home/ccd/airflow_venv/lib/python3.10/site-packages/airflow/example_dags/plugins/workday.py
[2025-06-09T11:56:22.938+0200] {processor.py:830} INFO - Processing file /home/ccd/airflow_venv/lib/python3.10/site-packages/airflow/example_dags/plugins/workday.py for tasks to queue
[2025-06-09T11:56:22.939+0200] {logging_mixin.py:188} INFO - [2025-06-09T11:56:22.939+0200] {dagbag.py:540} INFO - Filling up the DagBag from /home/ccd/airflow_venv/lib/python3.10/site-packages/airflow/example_dags/plugins/workday.py
[2025-06-09T11:56:23.223+0200] {processor.py:842} WARNING - No viable dags retrieved from /home/ccd/airflow_venv/lib/python3.10/site-packages/airflow/example_dags/plugins/workday.py
[2025-06-09T11:56:23.228+0200] {processor.py:183} INFO - Processing /home/ccd/airflow_venv/lib/python3.10/site-packages/airflow/example_dags/plugins/workday.py took 0.304 seconds
[2025-06-09T11:57:13.770+0200] {processor.py:161} INFO - Started process (PID=19259) to work on /home/ccd/airflow_venv/lib/python3.10/site-packages/airflow/example_dags/plugins/workday.py
[2025-06-09T11:57:13.780+0200] {processor.py:830} INFO - Processing file /home/ccd/airflow_venv/lib/python3.10/site-packages/airflow/example_dags/plugins/workday.py for tasks to queue
[2025-06-09T11:57:13.781+0200] {logging_mixin.py:188} INFO - [2025-06-09T11:57:13.781+0200] {dagbag.py:540} INFO - Filling up the DagBag from /home/ccd/airflow_venv/lib/python3.10/site-packages/airflow/example_dags/plugins/workday.py
[2025-06-09T11:57:14.057+0200] {processor.py:842} WARNING - No viable dags retrieved from /home/ccd/airflow_venv/lib/python3.10/site-packages/airflow/example_dags/plugins/workday.py
[2025-06-09T11:57:14.061+0200] {processor.py:183} INFO - Processing /home/ccd/airflow_venv/lib/python3.10/site-packages/airflow/example_dags/plugins/workday.py took 0.295 seconds
[2025-06-09T11:58:27.874+0200] {processor.py:161} INFO - Started process (PID=19698) to work on /home/ccd/airflow_venv/lib/python3.10/site-packages/airflow/example_dags/plugins/workday.py
[2025-06-09T11:58:27.885+0200] {processor.py:830} INFO - Processing file /home/ccd/airflow_venv/lib/python3.10/site-packages/airflow/example_dags/plugins/workday.py for tasks to queue
[2025-06-09T11:58:27.886+0200] {logging_mixin.py:188} INFO - [2025-06-09T11:58:27.885+0200] {dagbag.py:540} INFO - Filling up the DagBag from /home/ccd/airflow_venv/lib/python3.10/site-packages/airflow/example_dags/plugins/workday.py
[2025-06-09T11:58:28.161+0200] {processor.py:842} WARNING - No viable dags retrieved from /home/ccd/airflow_venv/lib/python3.10/site-packages/airflow/example_dags/plugins/workday.py
[2025-06-09T11:58:28.165+0200] {processor.py:183} INFO - Processing /home/ccd/airflow_venv/lib/python3.10/site-packages/airflow/example_dags/plugins/workday.py took 0.295 seconds
[2025-06-09T11:59:19.390+0200] {processor.py:161} INFO - Started process (PID=20017) to work on /home/ccd/airflow_venv/lib/python3.10/site-packages/airflow/example_dags/plugins/workday.py
[2025-06-09T11:59:19.393+0200] {processor.py:830} INFO - Processing file /home/ccd/airflow_venv/lib/python3.10/site-packages/airflow/example_dags/plugins/workday.py for tasks to queue
[2025-06-09T11:59:19.394+0200] {logging_mixin.py:188} INFO - [2025-06-09T11:59:19.393+0200] {dagbag.py:540} INFO - Filling up the DagBag from /home/ccd/airflow_venv/lib/python3.10/site-packages/airflow/example_dags/plugins/workday.py
[2025-06-09T11:59:19.732+0200] {processor.py:842} WARNING - No viable dags retrieved from /home/ccd/airflow_venv/lib/python3.10/site-packages/airflow/example_dags/plugins/workday.py
[2025-06-09T11:59:19.737+0200] {processor.py:183} INFO - Processing /home/ccd/airflow_venv/lib/python3.10/site-packages/airflow/example_dags/plugins/workday.py took 0.350 seconds
[2025-06-09T12:00:11.144+0200] {processor.py:161} INFO - Started process (PID=20430) to work on /home/ccd/airflow_venv/lib/python3.10/site-packages/airflow/example_dags/plugins/workday.py
[2025-06-09T12:00:11.146+0200] {processor.py:830} INFO - Processing file /home/ccd/airflow_venv/lib/python3.10/site-packages/airflow/example_dags/plugins/workday.py for tasks to queue
[2025-06-09T12:00:11.147+0200] {logging_mixin.py:188} INFO - [2025-06-09T12:00:11.147+0200] {dagbag.py:540} INFO - Filling up the DagBag from /home/ccd/airflow_venv/lib/python3.10/site-packages/airflow/example_dags/plugins/workday.py
[2025-06-09T12:00:11.447+0200] {processor.py:842} WARNING - No viable dags retrieved from /home/ccd/airflow_venv/lib/python3.10/site-packages/airflow/example_dags/plugins/workday.py
[2025-06-09T12:00:11.452+0200] {processor.py:183} INFO - Processing /home/ccd/airflow_venv/lib/python3.10/site-packages/airflow/example_dags/plugins/workday.py took 0.319 seconds
[2025-06-09T12:01:01.494+0200] {processor.py:161} INFO - Started process (PID=20772) to work on /home/ccd/airflow_venv/lib/python3.10/site-packages/airflow/example_dags/plugins/workday.py
[2025-06-09T12:01:01.506+0200] {processor.py:830} INFO - Processing file /home/ccd/airflow_venv/lib/python3.10/site-packages/airflow/example_dags/plugins/workday.py for tasks to queue
[2025-06-09T12:01:01.507+0200] {logging_mixin.py:188} INFO - [2025-06-09T12:01:01.507+0200] {dagbag.py:540} INFO - Filling up the DagBag from /home/ccd/airflow_venv/lib/python3.10/site-packages/airflow/example_dags/plugins/workday.py
[2025-06-09T12:01:01.817+0200] {processor.py:842} WARNING - No viable dags retrieved from /home/ccd/airflow_venv/lib/python3.10/site-packages/airflow/example_dags/plugins/workday.py
[2025-06-09T12:01:01.822+0200] {processor.py:183} INFO - Processing /home/ccd/airflow_venv/lib/python3.10/site-packages/airflow/example_dags/plugins/workday.py took 0.332 seconds
[2025-06-09T12:01:54.847+0200] {processor.py:161} INFO - Started process (PID=21089) to work on /home/ccd/airflow_venv/lib/python3.10/site-packages/airflow/example_dags/plugins/workday.py
[2025-06-09T12:01:54.850+0200] {processor.py:830} INFO - Processing file /home/ccd/airflow_venv/lib/python3.10/site-packages/airflow/example_dags/plugins/workday.py for tasks to queue
[2025-06-09T12:01:54.852+0200] {logging_mixin.py:188} INFO - [2025-06-09T12:01:54.851+0200] {dagbag.py:540} INFO - Filling up the DagBag from /home/ccd/airflow_venv/lib/python3.10/site-packages/airflow/example_dags/plugins/workday.py
[2025-06-09T12:01:55.218+0200] {processor.py:842} WARNING - No viable dags retrieved from /home/ccd/airflow_venv/lib/python3.10/site-packages/airflow/example_dags/plugins/workday.py
[2025-06-09T12:01:55.223+0200] {processor.py:183} INFO - Processing /home/ccd/airflow_venv/lib/python3.10/site-packages/airflow/example_dags/plugins/workday.py took 0.380 seconds
[2025-06-09T12:02:46.638+0200] {processor.py:161} INFO - Started process (PID=21397) to work on /home/ccd/airflow_venv/lib/python3.10/site-packages/airflow/example_dags/plugins/workday.py
[2025-06-09T12:02:46.650+0200] {processor.py:830} INFO - Processing file /home/ccd/airflow_venv/lib/python3.10/site-packages/airflow/example_dags/plugins/workday.py for tasks to queue
[2025-06-09T12:02:46.651+0200] {logging_mixin.py:188} INFO - [2025-06-09T12:02:46.651+0200] {dagbag.py:540} INFO - Filling up the DagBag from /home/ccd/airflow_venv/lib/python3.10/site-packages/airflow/example_dags/plugins/workday.py
[2025-06-09T12:02:46.986+0200] {processor.py:842} WARNING - No viable dags retrieved from /home/ccd/airflow_venv/lib/python3.10/site-packages/airflow/example_dags/plugins/workday.py
[2025-06-09T12:02:46.991+0200] {processor.py:183} INFO - Processing /home/ccd/airflow_venv/lib/python3.10/site-packages/airflow/example_dags/plugins/workday.py took 0.357 seconds
[2025-06-09T12:05:00.331+0200] {processor.py:161} INFO - Started process (PID=23772) to work on /home/ccd/airflow_venv/lib/python3.10/site-packages/airflow/example_dags/plugins/workday.py
[2025-06-09T12:05:00.332+0200] {processor.py:830} INFO - Processing file /home/ccd/airflow_venv/lib/python3.10/site-packages/airflow/example_dags/plugins/workday.py for tasks to queue
[2025-06-09T12:05:00.333+0200] {logging_mixin.py:188} INFO - [2025-06-09T12:05:00.333+0200] {dagbag.py:540} INFO - Filling up the DagBag from /home/ccd/airflow_venv/lib/python3.10/site-packages/airflow/example_dags/plugins/workday.py
[2025-06-09T12:05:00.627+0200] {processor.py:842} WARNING - No viable dags retrieved from /home/ccd/airflow_venv/lib/python3.10/site-packages/airflow/example_dags/plugins/workday.py
[2025-06-09T12:05:00.631+0200] {processor.py:183} INFO - Processing /home/ccd/airflow_venv/lib/python3.10/site-packages/airflow/example_dags/plugins/workday.py took 0.304 seconds
[2025-06-09T12:06:21.135+0200] {processor.py:161} INFO - Started process (PID=24692) to work on /home/ccd/airflow_venv/lib/python3.10/site-packages/airflow/example_dags/plugins/workday.py
[2025-06-09T12:06:21.138+0200] {processor.py:830} INFO - Processing file /home/ccd/airflow_venv/lib/python3.10/site-packages/airflow/example_dags/plugins/workday.py for tasks to queue
[2025-06-09T12:06:21.139+0200] {logging_mixin.py:188} INFO - [2025-06-09T12:06:21.138+0200] {dagbag.py:540} INFO - Filling up the DagBag from /home/ccd/airflow_venv/lib/python3.10/site-packages/airflow/example_dags/plugins/workday.py
[2025-06-09T12:06:21.411+0200] {processor.py:842} WARNING - No viable dags retrieved from /home/ccd/airflow_venv/lib/python3.10/site-packages/airflow/example_dags/plugins/workday.py
[2025-06-09T12:06:21.415+0200] {processor.py:183} INFO - Processing /home/ccd/airflow_venv/lib/python3.10/site-packages/airflow/example_dags/plugins/workday.py took 0.283 seconds
[2025-06-09T12:07:28.079+0200] {processor.py:161} INFO - Started process (PID=25270) to work on /home/ccd/airflow_venv/lib/python3.10/site-packages/airflow/example_dags/plugins/workday.py
[2025-06-09T12:07:28.090+0200] {processor.py:830} INFO - Processing file /home/ccd/airflow_venv/lib/python3.10/site-packages/airflow/example_dags/plugins/workday.py for tasks to queue
[2025-06-09T12:07:28.091+0200] {logging_mixin.py:188} INFO - [2025-06-09T12:07:28.091+0200] {dagbag.py:540} INFO - Filling up the DagBag from /home/ccd/airflow_venv/lib/python3.10/site-packages/airflow/example_dags/plugins/workday.py
[2025-06-09T12:07:28.363+0200] {processor.py:842} WARNING - No viable dags retrieved from /home/ccd/airflow_venv/lib/python3.10/site-packages/airflow/example_dags/plugins/workday.py
[2025-06-09T12:07:28.367+0200] {processor.py:183} INFO - Processing /home/ccd/airflow_venv/lib/python3.10/site-packages/airflow/example_dags/plugins/workday.py took 0.292 seconds
[2025-06-09T12:08:25.762+0200] {processor.py:161} INFO - Started process (PID=25614) to work on /home/ccd/airflow_venv/lib/python3.10/site-packages/airflow/example_dags/plugins/workday.py
[2025-06-09T12:08:25.773+0200] {processor.py:830} INFO - Processing file /home/ccd/airflow_venv/lib/python3.10/site-packages/airflow/example_dags/plugins/workday.py for tasks to queue
[2025-06-09T12:08:25.774+0200] {logging_mixin.py:188} INFO - [2025-06-09T12:08:25.773+0200] {dagbag.py:540} INFO - Filling up the DagBag from /home/ccd/airflow_venv/lib/python3.10/site-packages/airflow/example_dags/plugins/workday.py
[2025-06-09T12:08:26.094+0200] {processor.py:842} WARNING - No viable dags retrieved from /home/ccd/airflow_venv/lib/python3.10/site-packages/airflow/example_dags/plugins/workday.py
[2025-06-09T12:08:26.099+0200] {processor.py:183} INFO - Processing /home/ccd/airflow_venv/lib/python3.10/site-packages/airflow/example_dags/plugins/workday.py took 0.340 seconds
[2025-06-09T12:09:20.153+0200] {processor.py:161} INFO - Started process (PID=26034) to work on /home/ccd/airflow_venv/lib/python3.10/site-packages/airflow/example_dags/plugins/workday.py
[2025-06-09T12:09:20.154+0200] {processor.py:830} INFO - Processing file /home/ccd/airflow_venv/lib/python3.10/site-packages/airflow/example_dags/plugins/workday.py for tasks to queue
[2025-06-09T12:09:20.155+0200] {logging_mixin.py:188} INFO - [2025-06-09T12:09:20.155+0200] {dagbag.py:540} INFO - Filling up the DagBag from /home/ccd/airflow_venv/lib/python3.10/site-packages/airflow/example_dags/plugins/workday.py
[2025-06-09T12:09:20.518+0200] {processor.py:842} WARNING - No viable dags retrieved from /home/ccd/airflow_venv/lib/python3.10/site-packages/airflow/example_dags/plugins/workday.py
[2025-06-09T12:09:20.523+0200] {processor.py:183} INFO - Processing /home/ccd/airflow_venv/lib/python3.10/site-packages/airflow/example_dags/plugins/workday.py took 0.374 seconds
[2025-06-09T12:10:16.280+0200] {processor.py:161} INFO - Started process (PID=26742) to work on /home/ccd/airflow_venv/lib/python3.10/site-packages/airflow/example_dags/plugins/workday.py
[2025-06-09T12:10:16.290+0200] {processor.py:830} INFO - Processing file /home/ccd/airflow_venv/lib/python3.10/site-packages/airflow/example_dags/plugins/workday.py for tasks to queue
[2025-06-09T12:10:16.292+0200] {logging_mixin.py:188} INFO - [2025-06-09T12:10:16.292+0200] {dagbag.py:540} INFO - Filling up the DagBag from /home/ccd/airflow_venv/lib/python3.10/site-packages/airflow/example_dags/plugins/workday.py
[2025-06-09T12:10:17.039+0200] {processor.py:842} WARNING - No viable dags retrieved from /home/ccd/airflow_venv/lib/python3.10/site-packages/airflow/example_dags/plugins/workday.py
[2025-06-09T12:10:17.044+0200] {processor.py:183} INFO - Processing /home/ccd/airflow_venv/lib/python3.10/site-packages/airflow/example_dags/plugins/workday.py took 0.784 seconds
