[2025-06-09T12:03:55.376+0200] {local_task_job_runner.py:120} INFO - ::group::Pre task execution logs
[2025-06-09T12:03:55.387+0200] {taskinstance.py:2073} INFO - Dependencies all met for dep_context=non-requeueable deps ti=<TaskInstance: fetch_daily_pollution_weather_dag.combine_daily_data_all_cities scheduled__2025-06-05T00:00:00+00:00 [queued]>
[2025-06-09T12:03:55.390+0200] {taskinstance.py:2073} INFO - Dependencies all met for dep_context=requeueable deps ti=<TaskInstance: fetch_daily_pollution_weather_dag.combine_daily_data_all_cities scheduled__2025-06-05T00:00:00+00:00 [queued]>
[2025-06-09T12:03:55.390+0200] {taskinstance.py:2303} INFO - Starting attempt 1 of 2
[2025-06-09T12:03:55.406+0200] {taskinstance.py:2327} INFO - Executing <Task(PythonOperator): combine_daily_data_all_cities> on 2025-06-05 00:00:00+00:00
[2025-06-09T12:03:55.409+0200] {standard_task_runner.py:63} INFO - Started process 22176 to run task
[2025-06-09T12:03:55.412+0200] {standard_task_runner.py:90} INFO - Running: ['airflow', 'tasks', 'run', 'fetch_daily_pollution_weather_dag', 'combine_daily_data_all_cities', 'scheduled__2025-06-05T00:00:00+00:00', '--job-id', '359', '--raw', '--subdir', 'DAGS_FOLDER/daily_dag.py', '--cfg-path', '/tmp/tmp4lih5rt1']
[2025-06-09T12:03:55.412+0200] {standard_task_runner.py:91} INFO - Job 359: Subtask combine_daily_data_all_cities
[2025-06-09T12:03:55.440+0200] {task_command.py:426} INFO - Running <TaskInstance: fetch_daily_pollution_weather_dag.combine_daily_data_all_cities scheduled__2025-06-05T00:00:00+00:00 [running]> on host DESKTOP-2QS8J6D.
[2025-06-09T12:03:55.489+0200] {taskinstance.py:2644} INFO - Exporting env vars: AIRFLOW_CTX_DAG_OWNER='airflow' AIRFLOW_CTX_DAG_ID='fetch_daily_pollution_weather_dag' AIRFLOW_CTX_TASK_ID='combine_daily_data_all_cities' AIRFLOW_CTX_EXECUTION_DATE='2025-06-05T00:00:00+00:00' AIRFLOW_CTX_TRY_NUMBER='1' AIRFLOW_CTX_DAG_RUN_ID='scheduled__2025-06-05T00:00:00+00:00'
[2025-06-09T12:03:55.489+0200] {taskinstance.py:430} INFO - ::endgroup::
[2025-06-09T12:03:59.473+0200] {logging_mixin.py:188} INFO - [START] Combining daily data for 2025-06-05
[2025-06-09T12:03:59.474+0200] {logging_mixin.py:188} INFO - [COMBINING] City: istanbul
[2025-06-09T12:04:02.798+0200] {logging_mixin.py:188} INFO - [OK] Combined written: /home/ccd/airflow/data/formatted/combined/istanbul/2025-06-05
[2025-06-09T12:04:02.798+0200] {logging_mixin.py:188} INFO - [COMBINING] City: moscow
[2025-06-09T12:04:03.437+0200] {logging_mixin.py:188} INFO - [OK] Combined written: /home/ccd/airflow/data/formatted/combined/moscow/2025-06-05
[2025-06-09T12:04:04.244+0200] {logging_mixin.py:188} INFO - [DONE] Finished combining daily data for 2025-06-05
[2025-06-09T12:04:04.244+0200] {python.py:237} INFO - Done. Returned value was: None
[2025-06-09T12:04:04.245+0200] {taskinstance.py:441} INFO - ::group::Post task execution logs
[2025-06-09T12:04:04.248+0200] {taskinstance.py:1205} INFO - Marking task as SUCCESS. dag_id=fetch_daily_pollution_weather_dag, task_id=combine_daily_data_all_cities, execution_date=20250605T000000, start_date=20250609T100355, end_date=20250609T100404
[2025-06-09T12:04:04.271+0200] {local_task_job_runner.py:240} INFO - Task exited with return code 0
[2025-06-09T12:04:04.276+0200] {taskinstance.py:3482} INFO - 0 downstream tasks scheduled from follow-on schedule check
[2025-06-09T12:04:04.276+0200] {local_task_job_runner.py:222} INFO - ::endgroup::
[2025-06-09T15:28:03.661+0200] {local_task_job_runner.py:120} INFO - ::group::Pre task execution logs
[2025-06-09T15:28:03.679+0200] {taskinstance.py:2073} INFO - Dependencies all met for dep_context=non-requeueable deps ti=<TaskInstance: fetch_daily_pollution_weather_dag.combine_daily_data_all_cities scheduled__2025-06-05T00:00:00+00:00 [queued]>
[2025-06-09T15:28:03.684+0200] {taskinstance.py:2073} INFO - Dependencies all met for dep_context=requeueable deps ti=<TaskInstance: fetch_daily_pollution_weather_dag.combine_daily_data_all_cities scheduled__2025-06-05T00:00:00+00:00 [queued]>
[2025-06-09T15:28:03.684+0200] {taskinstance.py:2303} INFO - Starting attempt 1 of 2
[2025-06-09T15:28:03.839+0200] {taskinstance.py:2327} INFO - Executing <Task(PythonOperator): combine_daily_data_all_cities> on 2025-06-05 00:00:00+00:00
[2025-06-09T15:28:03.842+0200] {standard_task_runner.py:63} INFO - Started process 77599 to run task
[2025-06-09T15:28:03.844+0200] {standard_task_runner.py:90} INFO - Running: ['airflow', 'tasks', 'run', 'fetch_daily_pollution_weather_dag', 'combine_daily_data_all_cities', 'scheduled__2025-06-05T00:00:00+00:00', '--job-id', '381', '--raw', '--subdir', 'DAGS_FOLDER/daily_dag.py', '--cfg-path', '/tmp/tmpayvc1srs']
[2025-06-09T15:28:03.845+0200] {standard_task_runner.py:91} INFO - Job 381: Subtask combine_daily_data_all_cities
[2025-06-09T15:28:03.880+0200] {task_command.py:426} INFO - Running <TaskInstance: fetch_daily_pollution_weather_dag.combine_daily_data_all_cities scheduled__2025-06-05T00:00:00+00:00 [running]> on host DESKTOP-2QS8J6D.
[2025-06-09T15:28:03.935+0200] {taskinstance.py:2644} INFO - Exporting env vars: AIRFLOW_CTX_DAG_OWNER='airflow' AIRFLOW_CTX_DAG_ID='fetch_daily_pollution_weather_dag' AIRFLOW_CTX_TASK_ID='combine_daily_data_all_cities' AIRFLOW_CTX_EXECUTION_DATE='2025-06-05T00:00:00+00:00' AIRFLOW_CTX_TRY_NUMBER='1' AIRFLOW_CTX_DAG_RUN_ID='scheduled__2025-06-05T00:00:00+00:00'
[2025-06-09T15:28:03.935+0200] {taskinstance.py:430} INFO - ::endgroup::
[2025-06-09T15:28:07.884+0200] {logging_mixin.py:188} INFO - [START] Combining daily data for 2025-06-05
[2025-06-09T15:28:07.885+0200] {logging_mixin.py:188} INFO - [COMBINING] City: istanbul
[2025-06-09T15:28:11.742+0200] {logging_mixin.py:188} INFO - [OK] Combined written: /home/ccd/airflow/data/formatted/combined/istanbul/2025-06-05
[2025-06-09T15:28:11.743+0200] {logging_mixin.py:188} INFO - [COMBINING] City: moscow
[2025-06-09T15:28:12.561+0200] {logging_mixin.py:188} INFO - [OK] Combined written: /home/ccd/airflow/data/formatted/combined/moscow/2025-06-05
[2025-06-09T15:28:13.275+0200] {logging_mixin.py:188} INFO - [DONE] Finished combining daily data for 2025-06-05
[2025-06-09T15:28:13.275+0200] {python.py:237} INFO - Done. Returned value was: None
[2025-06-09T15:28:13.275+0200] {taskinstance.py:441} INFO - ::group::Post task execution logs
[2025-06-09T15:28:13.279+0200] {taskinstance.py:1205} INFO - Marking task as SUCCESS. dag_id=fetch_daily_pollution_weather_dag, task_id=combine_daily_data_all_cities, execution_date=20250605T000000, start_date=20250609T132803, end_date=20250609T132813
[2025-06-09T15:28:13.339+0200] {local_task_job_runner.py:240} INFO - Task exited with return code 0
[2025-06-09T15:28:13.347+0200] {taskinstance.py:3482} INFO - 1 downstream tasks scheduled from follow-on schedule check
[2025-06-09T15:28:13.357+0200] {local_task_job_runner.py:222} INFO - ::endgroup::
