[2025-06-09T18:57:31.474+0200] {local_task_job_runner.py:120} INFO - ::group::Pre task execution logs
[2025-06-09T18:57:31.486+0200] {taskinstance.py:2073} INFO - Dependencies all met for dep_context=non-requeueable deps ti=<TaskInstance: backfill_pollution_weather_dag.format_backfill_all_data manual__2025-06-09T16:57:28.404558+00:00 [queued]>
[2025-06-09T18:57:31.490+0200] {taskinstance.py:2073} INFO - Dependencies all met for dep_context=requeueable deps ti=<TaskInstance: backfill_pollution_weather_dag.format_backfill_all_data manual__2025-06-09T16:57:28.404558+00:00 [queued]>
[2025-06-09T18:57:31.490+0200] {taskinstance.py:2303} INFO - Starting attempt 1 of 2
[2025-06-09T18:57:31.507+0200] {taskinstance.py:2327} INFO - Executing <Task(PythonOperator): format_backfill_all_data> on 2025-06-09 16:57:28.404558+00:00
[2025-06-09T18:57:31.510+0200] {standard_task_runner.py:63} INFO - Started process 188545 to run task
[2025-06-09T18:57:31.512+0200] {standard_task_runner.py:90} INFO - Running: ['airflow', 'tasks', 'run', 'backfill_pollution_weather_dag', 'format_backfill_all_data', 'manual__2025-06-09T16:57:28.404558+00:00', '--job-id', '433', '--raw', '--subdir', 'DAGS_FOLDER/backfill_dag.py', '--cfg-path', '/tmp/tmpst35ftbr']
[2025-06-09T18:57:31.513+0200] {standard_task_runner.py:91} INFO - Job 433: Subtask format_backfill_all_data
[2025-06-09T18:57:31.546+0200] {task_command.py:426} INFO - Running <TaskInstance: backfill_pollution_weather_dag.format_backfill_all_data manual__2025-06-09T16:57:28.404558+00:00 [running]> on host DESKTOP-2QS8J6D.
[2025-06-09T18:57:31.931+0200] {taskinstance.py:2644} INFO - Exporting env vars: AIRFLOW_CTX_DAG_OWNER='airflow' AIRFLOW_CTX_DAG_ID='backfill_pollution_weather_dag' AIRFLOW_CTX_TASK_ID='format_backfill_all_data' AIRFLOW_CTX_EXECUTION_DATE='2025-06-09T16:57:28.404558+00:00' AIRFLOW_CTX_TRY_NUMBER='1' AIRFLOW_CTX_DAG_RUN_ID='manual__2025-06-09T16:57:28.404558+00:00'
[2025-06-09T18:57:31.938+0200] {taskinstance.py:430} INFO - ::endgroup::
[2025-06-09T18:57:36.099+0200] {logging_mixin.py:188} INFO - [CITY] Processing: istanbul
[2025-06-09T18:57:36.100+0200] {logging_mixin.py:188} INFO - [CITY] Processing: moscow
[2025-06-09T18:57:36.101+0200] {logging_mixin.py:188} INFO - [CITY] Processing: london
[2025-06-09T18:57:36.102+0200] {logging_mixin.py:188} INFO - [CITY] Processing: saint_petersburg
[2025-06-09T18:57:36.103+0200] {logging_mixin.py:188} INFO - [CITY] Processing: berlin
[2025-06-09T18:57:36.103+0200] {logging_mixin.py:188} INFO - [CITY] Processing: madrid
[2025-06-09T18:57:36.104+0200] {logging_mixin.py:188} INFO - [CITY] Processing: kyiv
[2025-06-09T18:57:36.104+0200] {logging_mixin.py:188} INFO - [CITY] Processing: rome
[2025-06-09T18:57:36.104+0200] {logging_mixin.py:188} INFO - [CITY] Processing: baku
[2025-06-09T18:57:36.104+0200] {logging_mixin.py:188} INFO - [CITY] Processing: paris
[2025-06-09T18:57:36.105+0200] {logging_mixin.py:188} INFO - [CITY] Processing: vienna
[2025-06-09T18:57:36.105+0200] {logging_mixin.py:188} INFO - [CITY] Processing: minsk
[2025-06-09T18:57:36.106+0200] {logging_mixin.py:188} INFO - [CITY] Processing: warsaw
[2025-06-09T18:57:36.106+0200] {logging_mixin.py:188} INFO - [CITY] Processing: hamburg
[2025-06-09T18:57:36.106+0200] {logging_mixin.py:188} INFO - [CITY] Processing: bucharest
[2025-06-09T18:57:36.107+0200] {logging_mixin.py:188} INFO - [CITY] Processing: barcelona
[2025-06-09T18:57:36.107+0200] {logging_mixin.py:188} INFO - [CITY] Processing: budapest
[2025-06-09T18:57:36.107+0200] {logging_mixin.py:188} INFO - [CITY] Processing: belgrade
[2025-06-09T18:57:36.108+0200] {logging_mixin.py:188} INFO - [CITY] Processing: munich
[2025-06-09T18:57:36.108+0200] {logging_mixin.py:188} INFO - [CITY] Processing: kharkiv
[2025-06-09T18:57:36.108+0200] {logging_mixin.py:188} INFO - [CITY] Processing: prague
[2025-06-09T18:57:36.109+0200] {logging_mixin.py:188} INFO - [CITY] Processing: milan
[2025-06-09T18:57:36.110+0200] {logging_mixin.py:188} INFO - [CITY] Processing: algiers
[2025-06-09T18:57:36.202+0200] {logging_mixin.py:188} INFO - [DONE] Backfill formatting completed.
[2025-06-09T18:57:36.203+0200] {python.py:237} INFO - Done. Returned value was: None
[2025-06-09T18:57:36.203+0200] {taskinstance.py:441} INFO - ::group::Post task execution logs
[2025-06-09T18:57:36.207+0200] {taskinstance.py:1205} INFO - Marking task as SUCCESS. dag_id=backfill_pollution_weather_dag, task_id=format_backfill_all_data, execution_date=20250609T165728, start_date=20250609T165731, end_date=20250609T165736
[2025-06-09T18:57:36.255+0200] {local_task_job_runner.py:240} INFO - Task exited with return code 0
[2025-06-09T18:57:36.267+0200] {taskinstance.py:3482} INFO - 1 downstream tasks scheduled from follow-on schedule check
[2025-06-09T18:57:36.278+0200] {local_task_job_runner.py:222} INFO - ::endgroup::
