[2025-06-08T22:11:19.789+0200] {local_task_job_runner.py:120} INFO - ::group::Pre task execution logs
[2025-06-08T22:11:19.825+0200] {taskinstance.py:2073} INFO - Dependencies all met for dep_context=non-requeueable deps ti=<TaskInstance: inspect_static_parquet_file_dag.inspect_static_parquet manual__2025-06-08T20:11:17.891365+00:00 [queued]>
[2025-06-08T22:11:19.830+0200] {taskinstance.py:2073} INFO - Dependencies all met for dep_context=requeueable deps ti=<TaskInstance: inspect_static_parquet_file_dag.inspect_static_parquet manual__2025-06-08T20:11:17.891365+00:00 [queued]>
[2025-06-08T22:11:19.830+0200] {taskinstance.py:2303} INFO - Starting attempt 1 of 1
[2025-06-08T22:11:19.847+0200] {taskinstance.py:2327} INFO - Executing <Task(PythonOperator): inspect_static_parquet> on 2025-06-08 20:11:17.891365+00:00
[2025-06-08T22:11:19.849+0200] {standard_task_runner.py:63} INFO - Started process 1129862 to run task
[2025-06-08T22:11:19.853+0200] {standard_task_runner.py:90} INFO - Running: ['airflow', 'tasks', 'run', 'inspect_static_parquet_file_dag', 'inspect_static_parquet', 'manual__2025-06-08T20:11:17.891365+00:00', '--job-id', '262', '--raw', '--subdir', 'DAGS_FOLDER/inspect_parquet_file.py', '--cfg-path', '/tmp/tmp24a5pg3k']
[2025-06-08T22:11:19.854+0200] {standard_task_runner.py:91} INFO - Job 262: Subtask inspect_static_parquet
[2025-06-08T22:11:19.910+0200] {task_command.py:426} INFO - Running <TaskInstance: inspect_static_parquet_file_dag.inspect_static_parquet manual__2025-06-08T20:11:17.891365+00:00 [running]> on host DESKTOP-2QS8J6D.
[2025-06-08T22:11:19.966+0200] {taskinstance.py:2644} INFO - Exporting env vars: AIRFLOW_CTX_DAG_OWNER='airflow' AIRFLOW_CTX_DAG_ID='inspect_static_parquet_file_dag' AIRFLOW_CTX_TASK_ID='inspect_static_parquet' AIRFLOW_CTX_EXECUTION_DATE='2025-06-08T20:11:17.891365+00:00' AIRFLOW_CTX_TRY_NUMBER='1' AIRFLOW_CTX_DAG_RUN_ID='manual__2025-06-08T20:11:17.891365+00:00'
[2025-06-08T22:11:19.967+0200] {taskinstance.py:430} INFO - ::endgroup::
[2025-06-08T22:11:23.617+0200] {logging_mixin.py:188} INFO - === Pollution Parquet Schema ===
[2025-06-08T22:11:24.893+0200] {logging_mixin.py:188} INFO - root
 |-- co: double (nullable = true)
 |-- no: double (nullable = true)
 |-- no2: double (nullable = true)
 |-- o3: double (nullable = true)
 |-- so2: double (nullable = true)
 |-- pm2_5: double (nullable = true)
 |-- pm10: double (nullable = true)
 |-- nh3: double (nullable = true)
 |-- aqi_mode: long (nullable = true)
 |-- lat: double (nullable = true)
 |-- lon: double (nullable = true)
 |-- city_name: string (nullable = true)
[2025-06-08T22:11:25.975+0200] {logging_mixin.py:188} INFO - +-------+-----+-----+------+-----+-----+-----+-----+--------+-------+------+---------+
|co     |no   |no2  |o3    |so2  |pm2_5|pm10 |nh3  |aqi_mode|lat    |lon   |city_name|
+-------+-----+-----+------+-----+-----+-----+-----+--------+-------+------+---------+
|142.452|0.252|2.756|52.132|0.229|2.034|2.469|2.884|1       |48.8566|2.3522|paris    |
+-------+-----+-----+------+-----+-----+-----+-----+--------+-------+------+---------+
[2025-06-08T22:11:25.975+0200] {logging_mixin.py:188} INFO - === Weather Parquet Schema ===
[2025-06-08T22:11:26.090+0200] {logging_mixin.py:188} INFO - root
 |-- time: timestamp (nullable = true)
 |-- temperature_2m_max: double (nullable = true)
 |-- temperature_2m_min: double (nullable = true)
 |-- temperature_2m_mean: double (nullable = true)
 |-- precipitation_sum: double (nullable = true)
 |-- snowfall_sum: double (nullable = true)
 |-- cloudcover_mean: long (nullable = true)
 |-- windgusts_10m_max: double (nullable = true)
 |-- winddirection_10m_dominant: long (nullable = true)
 |-- shortwave_radiation_sum: double (nullable = true)
 |-- et0_fao_evapotranspiration: double (nullable = true)
 |-- lat: double (nullable = true)
 |-- lon: double (nullable = true)
 |-- city_name: string (nullable = true)
[2025-06-08T22:11:26.328+0200] {logging_mixin.py:188} INFO - +-------------------+------------------+------------------+-------------------+-----------------+------------+---------------+-----------------+--------------------------+-----------------------+--------------------------+---------+---------+---------+
|time               |temperature_2m_max|temperature_2m_min|temperature_2m_mean|precipitation_sum|snowfall_sum|cloudcover_mean|windgusts_10m_max|winddirection_10m_dominant|shortwave_radiation_sum|et0_fao_evapotranspiration|lat      |lon      |city_name|
+-------------------+------------------+------------------+-------------------+-----------------+------------+---------------+-----------------+--------------------------+-----------------------+--------------------------+---------+---------+---------+
|2025-04-22 00:00:00|16.8              |7.6               |12.4               |0.4              |0.0         |70             |18.7             |260                       |17.36                  |2.7                       |48.822495|2.2881355|paris    |
+-------------------+------------------+------------------+-------------------+-----------------+------------+---------------+-----------------+--------------------------+-----------------------+--------------------------+---------+---------+---------+
[2025-06-08T22:11:26.765+0200] {python.py:237} INFO - Done. Returned value was: None
[2025-06-08T22:11:26.766+0200] {taskinstance.py:441} INFO - ::group::Post task execution logs
[2025-06-08T22:11:26.771+0200] {taskinstance.py:1205} INFO - Marking task as SUCCESS. dag_id=inspect_static_parquet_file_dag, task_id=inspect_static_parquet, execution_date=20250608T201117, start_date=20250608T201119, end_date=20250608T201126
[2025-06-08T22:11:26.803+0200] {local_task_job_runner.py:240} INFO - Task exited with return code 0
[2025-06-08T22:11:26.809+0200] {taskinstance.py:3482} INFO - 0 downstream tasks scheduled from follow-on schedule check
[2025-06-08T22:11:26.810+0200] {local_task_job_runner.py:222} INFO - ::endgroup::
