[2025-05-31T11:58:16.413+0200] {local_task_job_runner.py:120} INFO - ::group::Pre task execution logs
[2025-05-31T11:58:16.424+0200] {taskinstance.py:2073} INFO - Dependencies all met for dep_context=non-requeueable deps ti=<TaskInstance: fetch_daily_pollution_weather_dag.fetch_daily_data_all_cities scheduled__2025-05-30T00:00:00+00:00 [queued]>
[2025-05-31T11:58:16.427+0200] {taskinstance.py:2073} INFO - Dependencies all met for dep_context=requeueable deps ti=<TaskInstance: fetch_daily_pollution_weather_dag.fetch_daily_data_all_cities scheduled__2025-05-30T00:00:00+00:00 [queued]>
[2025-05-31T11:58:16.427+0200] {taskinstance.py:2303} INFO - Starting attempt 1 of 2
[2025-05-31T11:58:16.443+0200] {taskinstance.py:2327} INFO - Executing <Task(PythonOperator): fetch_daily_data_all_cities> on 2025-05-30 00:00:00+00:00
[2025-05-31T11:58:16.445+0200] {standard_task_runner.py:63} INFO - Started process 5946 to run task
[2025-05-31T11:58:16.449+0200] {standard_task_runner.py:90} INFO - Running: ['airflow', 'tasks', 'run', 'fetch_daily_pollution_weather_dag', 'fetch_daily_data_all_cities', 'scheduled__2025-05-30T00:00:00+00:00', '--job-id', '140', '--raw', '--subdir', 'DAGS_FOLDER/daily_dag.py', '--cfg-path', '/tmp/tmp3jsheh_s']
[2025-05-31T11:58:16.449+0200] {standard_task_runner.py:91} INFO - Job 140: Subtask fetch_daily_data_all_cities
[2025-05-31T11:58:16.485+0200] {task_command.py:426} INFO - Running <TaskInstance: fetch_daily_pollution_weather_dag.fetch_daily_data_all_cities scheduled__2025-05-30T00:00:00+00:00 [running]> on host DESKTOP-2QS8J6D.
[2025-05-31T11:58:16.551+0200] {taskinstance.py:2644} INFO - Exporting env vars: AIRFLOW_CTX_DAG_OWNER='airflow' AIRFLOW_CTX_DAG_ID='fetch_daily_pollution_weather_dag' AIRFLOW_CTX_TASK_ID='fetch_daily_data_all_cities' AIRFLOW_CTX_EXECUTION_DATE='2025-05-30T00:00:00+00:00' AIRFLOW_CTX_TRY_NUMBER='1' AIRFLOW_CTX_DAG_RUN_ID='scheduled__2025-05-30T00:00:00+00:00'
[2025-05-31T11:58:16.552+0200] {taskinstance.py:430} INFO - ::endgroup::
[2025-05-31T12:01:00.530+0200] {python.py:237} INFO - Done. Returned value was: None
[2025-05-31T12:01:00.533+0200] {taskinstance.py:441} INFO - ::group::Post task execution logs
[2025-05-31T12:01:00.537+0200] {taskinstance.py:1205} INFO - Marking task as SUCCESS. dag_id=fetch_daily_pollution_weather_dag, task_id=fetch_daily_data_all_cities, execution_date=20250530T000000, start_date=20250531T095816, end_date=20250531T100100
[2025-05-31T12:01:00.562+0200] {local_task_job_runner.py:240} INFO - Task exited with return code 0
[2025-05-31T12:01:00.569+0200] {taskinstance.py:3482} INFO - 1 downstream tasks scheduled from follow-on schedule check
[2025-05-31T12:01:00.580+0200] {local_task_job_runner.py:222} INFO - ::endgroup::
[2025-05-31T12:50:57.923+0200] {local_task_job_runner.py:120} INFO - ::group::Pre task execution logs
[2025-05-31T12:50:57.933+0200] {taskinstance.py:2073} INFO - Dependencies all met for dep_context=non-requeueable deps ti=<TaskInstance: fetch_daily_pollution_weather_dag.fetch_daily_data_all_cities scheduled__2025-05-30T00:00:00+00:00 [queued]>
[2025-05-31T12:50:57.936+0200] {taskinstance.py:2073} INFO - Dependencies all met for dep_context=requeueable deps ti=<TaskInstance: fetch_daily_pollution_weather_dag.fetch_daily_data_all_cities scheduled__2025-05-30T00:00:00+00:00 [queued]>
[2025-05-31T12:50:57.937+0200] {taskinstance.py:2303} INFO - Starting attempt 1 of 2
[2025-05-31T12:50:57.952+0200] {taskinstance.py:2327} INFO - Executing <Task(PythonOperator): fetch_daily_data_all_cities> on 2025-05-30 00:00:00+00:00
[2025-05-31T12:50:57.955+0200] {standard_task_runner.py:63} INFO - Started process 23972 to run task
[2025-05-31T12:50:57.958+0200] {standard_task_runner.py:90} INFO - Running: ['airflow', 'tasks', 'run', 'fetch_daily_pollution_weather_dag', 'fetch_daily_data_all_cities', 'scheduled__2025-05-30T00:00:00+00:00', '--job-id', '156', '--raw', '--subdir', 'DAGS_FOLDER/daily_dag.py', '--cfg-path', '/tmp/tmpzgg8mnbg']
[2025-05-31T12:50:57.958+0200] {standard_task_runner.py:91} INFO - Job 156: Subtask fetch_daily_data_all_cities
[2025-05-31T12:50:57.990+0200] {task_command.py:426} INFO - Running <TaskInstance: fetch_daily_pollution_weather_dag.fetch_daily_data_all_cities scheduled__2025-05-30T00:00:00+00:00 [running]> on host DESKTOP-2QS8J6D.
[2025-05-31T12:50:58.043+0200] {taskinstance.py:2644} INFO - Exporting env vars: AIRFLOW_CTX_DAG_OWNER='airflow' AIRFLOW_CTX_DAG_ID='fetch_daily_pollution_weather_dag' AIRFLOW_CTX_TASK_ID='fetch_daily_data_all_cities' AIRFLOW_CTX_EXECUTION_DATE='2025-05-30T00:00:00+00:00' AIRFLOW_CTX_TRY_NUMBER='1' AIRFLOW_CTX_DAG_RUN_ID='scheduled__2025-05-30T00:00:00+00:00'
[2025-05-31T12:50:58.044+0200] {taskinstance.py:430} INFO - ::endgroup::
[2025-05-31T12:50:58.049+0200] {logging_mixin.py:188} INFO - [SKIP] 2025-05-30 is too recent. Skipping.
[2025-05-31T12:50:58.049+0200] {taskinstance.py:441} INFO - ::group::Post task execution logs
[2025-05-31T12:50:58.049+0200] {taskinstance.py:2502} INFO - Execution date too recent for available data.
[2025-05-31T12:50:58.051+0200] {taskinstance.py:1205} INFO - Marking task as SKIPPED. dag_id=fetch_daily_pollution_weather_dag, task_id=fetch_daily_data_all_cities, execution_date=20250530T000000, start_date=20250531T105057, end_date=20250531T105058
[2025-05-31T12:50:58.089+0200] {local_task_job_runner.py:240} INFO - Task exited with return code 0
[2025-05-31T12:50:58.098+0200] {taskinstance.py:3482} INFO - 0 downstream tasks scheduled from follow-on schedule check
[2025-05-31T12:50:58.118+0200] {local_task_job_runner.py:222} INFO - ::endgroup::
[2025-05-31T13:29:35.830+0200] {local_task_job_runner.py:120} INFO - ::group::Pre task execution logs
[2025-05-31T13:29:35.847+0200] {taskinstance.py:2073} INFO - Dependencies all met for dep_context=non-requeueable deps ti=<TaskInstance: fetch_daily_pollution_weather_dag.fetch_daily_data_all_cities scheduled__2025-05-30T00:00:00+00:00 [queued]>
[2025-05-31T13:29:35.853+0200] {taskinstance.py:2073} INFO - Dependencies all met for dep_context=requeueable deps ti=<TaskInstance: fetch_daily_pollution_weather_dag.fetch_daily_data_all_cities scheduled__2025-05-30T00:00:00+00:00 [queued]>
[2025-05-31T13:29:35.854+0200] {taskinstance.py:2303} INFO - Starting attempt 1 of 2
[2025-05-31T13:29:35.872+0200] {taskinstance.py:2327} INFO - Executing <Task(PythonOperator): fetch_daily_data_all_cities> on 2025-05-30 00:00:00+00:00
[2025-05-31T13:29:35.876+0200] {standard_task_runner.py:63} INFO - Started process 36037 to run task
[2025-05-31T13:29:35.886+0200] {standard_task_runner.py:90} INFO - Running: ['airflow', 'tasks', 'run', 'fetch_daily_pollution_weather_dag', 'fetch_daily_data_all_cities', 'scheduled__2025-05-30T00:00:00+00:00', '--job-id', '170', '--raw', '--subdir', 'DAGS_FOLDER/daily_dag.py', '--cfg-path', '/tmp/tmp_o9vw66m']
[2025-05-31T13:29:35.886+0200] {standard_task_runner.py:91} INFO - Job 170: Subtask fetch_daily_data_all_cities
[2025-05-31T13:29:35.934+0200] {task_command.py:426} INFO - Running <TaskInstance: fetch_daily_pollution_weather_dag.fetch_daily_data_all_cities scheduled__2025-05-30T00:00:00+00:00 [running]> on host DESKTOP-2QS8J6D.
[2025-05-31T13:29:36.009+0200] {taskinstance.py:2644} INFO - Exporting env vars: AIRFLOW_CTX_DAG_OWNER='airflow' AIRFLOW_CTX_DAG_ID='fetch_daily_pollution_weather_dag' AIRFLOW_CTX_TASK_ID='fetch_daily_data_all_cities' AIRFLOW_CTX_EXECUTION_DATE='2025-05-30T00:00:00+00:00' AIRFLOW_CTX_TRY_NUMBER='1' AIRFLOW_CTX_DAG_RUN_ID='scheduled__2025-05-30T00:00:00+00:00'
[2025-05-31T13:29:36.010+0200] {taskinstance.py:430} INFO - ::endgroup::
[2025-05-31T13:29:36.020+0200] {logging_mixin.py:188} INFO - [SKIP] 2025-05-30 is too recent. Skipping.
[2025-05-31T13:29:36.020+0200] {taskinstance.py:441} INFO - ::group::Post task execution logs
[2025-05-31T13:29:36.020+0200] {taskinstance.py:2502} INFO - Execution date too recent for available data.
[2025-05-31T13:29:36.024+0200] {taskinstance.py:1205} INFO - Marking task as SKIPPED. dag_id=fetch_daily_pollution_weather_dag, task_id=fetch_daily_data_all_cities, execution_date=20250530T000000, start_date=20250531T112935, end_date=20250531T112936
[2025-05-31T13:29:36.054+0200] {local_task_job_runner.py:240} INFO - Task exited with return code 0
[2025-05-31T13:29:36.086+0200] {taskinstance.py:3482} INFO - 0 downstream tasks scheduled from follow-on schedule check
[2025-05-31T13:29:36.099+0200] {local_task_job_runner.py:222} INFO - ::endgroup::
[2025-05-31T13:38:56.738+0200] {local_task_job_runner.py:120} INFO - ::group::Pre task execution logs
[2025-05-31T13:38:56.750+0200] {taskinstance.py:2073} INFO - Dependencies all met for dep_context=non-requeueable deps ti=<TaskInstance: fetch_daily_pollution_weather_dag.fetch_daily_data_all_cities scheduled__2025-05-30T00:00:00+00:00 [queued]>
[2025-05-31T13:38:56.753+0200] {taskinstance.py:2073} INFO - Dependencies all met for dep_context=requeueable deps ti=<TaskInstance: fetch_daily_pollution_weather_dag.fetch_daily_data_all_cities scheduled__2025-05-30T00:00:00+00:00 [queued]>
[2025-05-31T13:38:56.753+0200] {taskinstance.py:2303} INFO - Starting attempt 1 of 2
[2025-05-31T13:38:56.768+0200] {taskinstance.py:2327} INFO - Executing <Task(PythonOperator): fetch_daily_data_all_cities> on 2025-05-30 00:00:00+00:00
[2025-05-31T13:38:56.770+0200] {standard_task_runner.py:63} INFO - Started process 41471 to run task
[2025-05-31T13:38:56.772+0200] {standard_task_runner.py:90} INFO - Running: ['airflow', 'tasks', 'run', 'fetch_daily_pollution_weather_dag', 'fetch_daily_data_all_cities', 'scheduled__2025-05-30T00:00:00+00:00', '--job-id', '174', '--raw', '--subdir', 'DAGS_FOLDER/daily_dag.py', '--cfg-path', '/tmp/tmpu7f2ug09']
[2025-05-31T13:38:56.772+0200] {standard_task_runner.py:91} INFO - Job 174: Subtask fetch_daily_data_all_cities
[2025-05-31T13:38:56.802+0200] {task_command.py:426} INFO - Running <TaskInstance: fetch_daily_pollution_weather_dag.fetch_daily_data_all_cities scheduled__2025-05-30T00:00:00+00:00 [running]> on host DESKTOP-2QS8J6D.
[2025-05-31T13:38:56.856+0200] {taskinstance.py:2644} INFO - Exporting env vars: AIRFLOW_CTX_DAG_OWNER='airflow' AIRFLOW_CTX_DAG_ID='fetch_daily_pollution_weather_dag' AIRFLOW_CTX_TASK_ID='fetch_daily_data_all_cities' AIRFLOW_CTX_EXECUTION_DATE='2025-05-30T00:00:00+00:00' AIRFLOW_CTX_TRY_NUMBER='1' AIRFLOW_CTX_DAG_RUN_ID='scheduled__2025-05-30T00:00:00+00:00'
[2025-05-31T13:38:56.857+0200] {taskinstance.py:430} INFO - ::endgroup::
[2025-05-31T13:38:56.862+0200] {logging_mixin.py:188} INFO - [SKIP] 2025-05-30 is too recent. Skipping.
[2025-05-31T13:38:56.862+0200] {taskinstance.py:441} INFO - ::group::Post task execution logs
[2025-05-31T13:38:56.862+0200] {taskinstance.py:2502} INFO - Execution date too recent for available data.
[2025-05-31T13:38:56.865+0200] {taskinstance.py:1205} INFO - Marking task as SKIPPED. dag_id=fetch_daily_pollution_weather_dag, task_id=fetch_daily_data_all_cities, execution_date=20250530T000000, start_date=20250531T113856, end_date=20250531T113856
[2025-05-31T13:38:56.904+0200] {local_task_job_runner.py:240} INFO - Task exited with return code 0
[2025-05-31T13:38:56.913+0200] {taskinstance.py:3482} INFO - 0 downstream tasks scheduled from follow-on schedule check
[2025-05-31T13:38:56.924+0200] {local_task_job_runner.py:222} INFO - ::endgroup::
[2025-05-31T14:15:14.436+0200] {local_task_job_runner.py:120} INFO - ::group::Pre task execution logs
[2025-05-31T14:15:14.447+0200] {taskinstance.py:2073} INFO - Dependencies all met for dep_context=non-requeueable deps ti=<TaskInstance: fetch_daily_pollution_weather_dag.fetch_daily_data_all_cities scheduled__2025-05-30T00:00:00+00:00 [queued]>
[2025-05-31T14:15:14.450+0200] {taskinstance.py:2073} INFO - Dependencies all met for dep_context=requeueable deps ti=<TaskInstance: fetch_daily_pollution_weather_dag.fetch_daily_data_all_cities scheduled__2025-05-30T00:00:00+00:00 [queued]>
[2025-05-31T14:15:14.450+0200] {taskinstance.py:2303} INFO - Starting attempt 1 of 2
[2025-05-31T14:15:14.474+0200] {taskinstance.py:2327} INFO - Executing <Task(PythonOperator): fetch_daily_data_all_cities> on 2025-05-30 00:00:00+00:00
[2025-05-31T14:15:14.477+0200] {standard_task_runner.py:63} INFO - Started process 54377 to run task
[2025-05-31T14:15:14.478+0200] {standard_task_runner.py:90} INFO - Running: ['airflow', 'tasks', 'run', 'fetch_daily_pollution_weather_dag', 'fetch_daily_data_all_cities', 'scheduled__2025-05-30T00:00:00+00:00', '--job-id', '187', '--raw', '--subdir', 'DAGS_FOLDER/daily_dag.py', '--cfg-path', '/tmp/tmp6l1awmih']
[2025-05-31T14:15:14.479+0200] {standard_task_runner.py:91} INFO - Job 187: Subtask fetch_daily_data_all_cities
[2025-05-31T14:15:14.510+0200] {task_command.py:426} INFO - Running <TaskInstance: fetch_daily_pollution_weather_dag.fetch_daily_data_all_cities scheduled__2025-05-30T00:00:00+00:00 [running]> on host DESKTOP-2QS8J6D.
[2025-05-31T14:15:14.570+0200] {taskinstance.py:2644} INFO - Exporting env vars: AIRFLOW_CTX_DAG_OWNER='airflow' AIRFLOW_CTX_DAG_ID='fetch_daily_pollution_weather_dag' AIRFLOW_CTX_TASK_ID='fetch_daily_data_all_cities' AIRFLOW_CTX_EXECUTION_DATE='2025-05-30T00:00:00+00:00' AIRFLOW_CTX_TRY_NUMBER='1' AIRFLOW_CTX_DAG_RUN_ID='scheduled__2025-05-30T00:00:00+00:00'
[2025-05-31T14:15:14.570+0200] {taskinstance.py:430} INFO - ::endgroup::
[2025-05-31T14:15:14.575+0200] {logging_mixin.py:188} INFO - [SKIP] 2025-05-30 is too recent. Skipping.
[2025-05-31T14:15:14.575+0200] {taskinstance.py:441} INFO - ::group::Post task execution logs
[2025-05-31T14:15:14.575+0200] {taskinstance.py:2502} INFO - Execution date too recent for available data.
[2025-05-31T14:15:14.577+0200] {taskinstance.py:1205} INFO - Marking task as SKIPPED. dag_id=fetch_daily_pollution_weather_dag, task_id=fetch_daily_data_all_cities, execution_date=20250530T000000, start_date=20250531T121514, end_date=20250531T121514
[2025-05-31T14:15:14.611+0200] {local_task_job_runner.py:240} INFO - Task exited with return code 0
[2025-05-31T14:15:14.620+0200] {taskinstance.py:3482} INFO - 0 downstream tasks scheduled from follow-on schedule check
[2025-05-31T14:15:14.635+0200] {local_task_job_runner.py:222} INFO - ::endgroup::
[2025-05-31T15:00:16.939+0200] {local_task_job_runner.py:120} INFO - ::group::Pre task execution logs
[2025-05-31T15:00:16.953+0200] {taskinstance.py:2073} INFO - Dependencies all met for dep_context=non-requeueable deps ti=<TaskInstance: fetch_daily_pollution_weather_dag.fetch_daily_data_all_cities scheduled__2025-05-30T00:00:00+00:00 [queued]>
[2025-05-31T15:00:16.956+0200] {taskinstance.py:2073} INFO - Dependencies all met for dep_context=requeueable deps ti=<TaskInstance: fetch_daily_pollution_weather_dag.fetch_daily_data_all_cities scheduled__2025-05-30T00:00:00+00:00 [queued]>
[2025-05-31T15:00:16.956+0200] {taskinstance.py:2303} INFO - Starting attempt 1 of 2
[2025-05-31T15:00:16.972+0200] {taskinstance.py:2327} INFO - Executing <Task(PythonOperator): fetch_daily_data_all_cities> on 2025-05-30 00:00:00+00:00
[2025-05-31T15:00:16.975+0200] {standard_task_runner.py:63} INFO - Started process 70456 to run task
[2025-05-31T15:00:16.979+0200] {standard_task_runner.py:90} INFO - Running: ['airflow', 'tasks', 'run', 'fetch_daily_pollution_weather_dag', 'fetch_daily_data_all_cities', 'scheduled__2025-05-30T00:00:00+00:00', '--job-id', '194', '--raw', '--subdir', 'DAGS_FOLDER/daily_dag.py', '--cfg-path', '/tmp/tmpfduvrhv_']
[2025-05-31T15:00:16.979+0200] {standard_task_runner.py:91} INFO - Job 194: Subtask fetch_daily_data_all_cities
[2025-05-31T15:00:17.008+0200] {task_command.py:426} INFO - Running <TaskInstance: fetch_daily_pollution_weather_dag.fetch_daily_data_all_cities scheduled__2025-05-30T00:00:00+00:00 [running]> on host DESKTOP-2QS8J6D.
[2025-05-31T15:00:17.072+0200] {taskinstance.py:2644} INFO - Exporting env vars: AIRFLOW_CTX_DAG_OWNER='airflow' AIRFLOW_CTX_DAG_ID='fetch_daily_pollution_weather_dag' AIRFLOW_CTX_TASK_ID='fetch_daily_data_all_cities' AIRFLOW_CTX_EXECUTION_DATE='2025-05-30T00:00:00+00:00' AIRFLOW_CTX_TRY_NUMBER='1' AIRFLOW_CTX_DAG_RUN_ID='scheduled__2025-05-30T00:00:00+00:00'
[2025-05-31T15:00:17.073+0200] {taskinstance.py:430} INFO - ::endgroup::
[2025-05-31T15:00:17.079+0200] {logging_mixin.py:188} INFO - [SKIP] 2025-05-30 is too recent. Skipping.
[2025-05-31T15:00:17.079+0200] {taskinstance.py:441} INFO - ::group::Post task execution logs
[2025-05-31T15:00:17.079+0200] {taskinstance.py:2502} INFO - Execution date too recent for available data.
[2025-05-31T15:00:17.082+0200] {taskinstance.py:1205} INFO - Marking task as SKIPPED. dag_id=fetch_daily_pollution_weather_dag, task_id=fetch_daily_data_all_cities, execution_date=20250530T000000, start_date=20250531T130016, end_date=20250531T130017
[2025-05-31T15:00:17.112+0200] {local_task_job_runner.py:240} INFO - Task exited with return code 0
[2025-05-31T15:00:17.121+0200] {taskinstance.py:3482} INFO - 0 downstream tasks scheduled from follow-on schedule check
[2025-05-31T15:00:17.132+0200] {local_task_job_runner.py:222} INFO - ::endgroup::
[2025-05-31T15:07:37.513+0200] {local_task_job_runner.py:120} INFO - ::group::Pre task execution logs
[2025-05-31T15:07:37.526+0200] {taskinstance.py:2073} INFO - Dependencies all met for dep_context=non-requeueable deps ti=<TaskInstance: fetch_daily_pollution_weather_dag.fetch_daily_data_all_cities scheduled__2025-05-30T00:00:00+00:00 [queued]>
[2025-05-31T15:07:37.529+0200] {taskinstance.py:2073} INFO - Dependencies all met for dep_context=requeueable deps ti=<TaskInstance: fetch_daily_pollution_weather_dag.fetch_daily_data_all_cities scheduled__2025-05-30T00:00:00+00:00 [queued]>
[2025-05-31T15:07:37.529+0200] {taskinstance.py:2303} INFO - Starting attempt 1 of 2
[2025-05-31T15:07:37.544+0200] {taskinstance.py:2327} INFO - Executing <Task(PythonOperator): fetch_daily_data_all_cities> on 2025-05-30 00:00:00+00:00
[2025-05-31T15:07:37.546+0200] {standard_task_runner.py:63} INFO - Started process 75496 to run task
[2025-05-31T15:07:37.548+0200] {standard_task_runner.py:90} INFO - Running: ['airflow', 'tasks', 'run', 'fetch_daily_pollution_weather_dag', 'fetch_daily_data_all_cities', 'scheduled__2025-05-30T00:00:00+00:00', '--job-id', '200', '--raw', '--subdir', 'DAGS_FOLDER/daily_dag.py', '--cfg-path', '/tmp/tmpk5x_g9e0']
[2025-05-31T15:07:37.549+0200] {standard_task_runner.py:91} INFO - Job 200: Subtask fetch_daily_data_all_cities
[2025-05-31T15:07:37.577+0200] {task_command.py:426} INFO - Running <TaskInstance: fetch_daily_pollution_weather_dag.fetch_daily_data_all_cities scheduled__2025-05-30T00:00:00+00:00 [running]> on host DESKTOP-2QS8J6D.
[2025-05-31T15:07:37.628+0200] {taskinstance.py:2644} INFO - Exporting env vars: AIRFLOW_CTX_DAG_OWNER='airflow' AIRFLOW_CTX_DAG_ID='fetch_daily_pollution_weather_dag' AIRFLOW_CTX_TASK_ID='fetch_daily_data_all_cities' AIRFLOW_CTX_EXECUTION_DATE='2025-05-30T00:00:00+00:00' AIRFLOW_CTX_TRY_NUMBER='1' AIRFLOW_CTX_DAG_RUN_ID='scheduled__2025-05-30T00:00:00+00:00'
[2025-05-31T15:07:37.629+0200] {taskinstance.py:430} INFO - ::endgroup::
[2025-05-31T15:07:37.634+0200] {logging_mixin.py:188} INFO - [SKIP] 2025-05-30 is too recent. Skipping.
[2025-05-31T15:07:37.634+0200] {taskinstance.py:441} INFO - ::group::Post task execution logs
[2025-05-31T15:07:37.634+0200] {taskinstance.py:2502} INFO - Execution date too recent for available data.
[2025-05-31T15:07:37.636+0200] {taskinstance.py:1205} INFO - Marking task as SKIPPED. dag_id=fetch_daily_pollution_weather_dag, task_id=fetch_daily_data_all_cities, execution_date=20250530T000000, start_date=20250531T130737, end_date=20250531T130737
[2025-05-31T15:07:37.682+0200] {local_task_job_runner.py:240} INFO - Task exited with return code 0
[2025-05-31T15:07:37.692+0200] {taskinstance.py:3482} INFO - 0 downstream tasks scheduled from follow-on schedule check
[2025-05-31T15:07:37.704+0200] {local_task_job_runner.py:222} INFO - ::endgroup::
