[2025-06-09T17:54:30.950+0200] {local_task_job_runner.py:120} INFO - ::group::Pre task execution logs
[2025-06-09T17:54:30.963+0200] {taskinstance.py:2073} INFO - Dependencies all met for dep_context=non-requeueable deps ti=<TaskInstance: fetch_daily_pollution_weather_dag.combine_daily_data_all_cities scheduled__2025-06-06T00:00:00+00:00 [queued]>
[2025-06-09T17:54:30.967+0200] {taskinstance.py:2073} INFO - Dependencies all met for dep_context=requeueable deps ti=<TaskInstance: fetch_daily_pollution_weather_dag.combine_daily_data_all_cities scheduled__2025-06-06T00:00:00+00:00 [queued]>
[2025-06-09T17:54:30.967+0200] {taskinstance.py:2303} INFO - Starting attempt 1 of 2
[2025-06-09T17:54:30.986+0200] {taskinstance.py:2327} INFO - Executing <Task(PythonOperator): combine_daily_data_all_cities> on 2025-06-06 00:00:00+00:00
[2025-06-09T17:54:30.989+0200] {standard_task_runner.py:63} INFO - Started process 120528 to run task
[2025-06-09T17:54:30.991+0200] {standard_task_runner.py:90} INFO - Running: ['airflow', 'tasks', 'run', 'fetch_daily_pollution_weather_dag', 'combine_daily_data_all_cities', 'scheduled__2025-06-06T00:00:00+00:00', '--job-id', '418', '--raw', '--subdir', 'DAGS_FOLDER/daily_dag.py', '--cfg-path', '/tmp/tmpkr31yb80']
[2025-06-09T17:54:30.991+0200] {standard_task_runner.py:91} INFO - Job 418: Subtask combine_daily_data_all_cities
[2025-06-09T17:54:31.022+0200] {task_command.py:426} INFO - Running <TaskInstance: fetch_daily_pollution_weather_dag.combine_daily_data_all_cities scheduled__2025-06-06T00:00:00+00:00 [running]> on host DESKTOP-2QS8J6D.
[2025-06-09T17:54:31.084+0200] {taskinstance.py:2644} INFO - Exporting env vars: AIRFLOW_CTX_DAG_OWNER='airflow' AIRFLOW_CTX_DAG_ID='fetch_daily_pollution_weather_dag' AIRFLOW_CTX_TASK_ID='combine_daily_data_all_cities' AIRFLOW_CTX_EXECUTION_DATE='2025-06-06T00:00:00+00:00' AIRFLOW_CTX_TRY_NUMBER='1' AIRFLOW_CTX_DAG_RUN_ID='scheduled__2025-06-06T00:00:00+00:00'
[2025-06-09T17:54:31.084+0200] {taskinstance.py:430} INFO - ::endgroup::
[2025-06-09T17:54:36.517+0200] {logging_mixin.py:188} INFO - [START] Combining daily data for 2025-06-06
[2025-06-09T17:54:36.517+0200] {logging_mixin.py:188} INFO - [COMBINING] City: istanbul
[2025-06-09T17:54:41.791+0200] {logging_mixin.py:188} INFO - [ERROR] Failed to combine istanbul on 2025-06-06: [COLUMN_ALREADY_EXISTS] The column `population` already exists. Choose another name or rename the existing column. SQLSTATE: 42711
[2025-06-09T17:54:41.792+0200] {logging_mixin.py:188} INFO - [COMBINING] City: moscow
[2025-06-09T17:54:42.666+0200] {logging_mixin.py:188} INFO - [ERROR] Failed to combine moscow on 2025-06-06: [COLUMN_ALREADY_EXISTS] The column `population` already exists. Choose another name or rename the existing column. SQLSTATE: 42711
[2025-06-09T17:54:43.525+0200] {logging_mixin.py:188} INFO - [DONE] Finished combining daily data for 2025-06-06
[2025-06-09T17:54:43.526+0200] {python.py:237} INFO - Done. Returned value was: None
[2025-06-09T17:54:43.526+0200] {taskinstance.py:441} INFO - ::group::Post task execution logs
[2025-06-09T17:54:43.530+0200] {taskinstance.py:1205} INFO - Marking task as SUCCESS. dag_id=fetch_daily_pollution_weather_dag, task_id=combine_daily_data_all_cities, execution_date=20250606T000000, start_date=20250609T155430, end_date=20250609T155443
[2025-06-09T17:54:43.553+0200] {local_task_job_runner.py:240} INFO - Task exited with return code 0
[2025-06-09T17:54:43.562+0200] {taskinstance.py:3482} INFO - 1 downstream tasks scheduled from follow-on schedule check
[2025-06-09T17:54:43.572+0200] {local_task_job_runner.py:222} INFO - ::endgroup::
[2025-06-09T18:00:16.785+0200] {local_task_job_runner.py:120} INFO - ::group::Pre task execution logs
[2025-06-09T18:00:16.799+0200] {taskinstance.py:2073} INFO - Dependencies all met for dep_context=non-requeueable deps ti=<TaskInstance: fetch_daily_pollution_weather_dag.combine_daily_data_all_cities scheduled__2025-06-06T00:00:00+00:00 [queued]>
[2025-06-09T18:00:16.804+0200] {taskinstance.py:2073} INFO - Dependencies all met for dep_context=requeueable deps ti=<TaskInstance: fetch_daily_pollution_weather_dag.combine_daily_data_all_cities scheduled__2025-06-06T00:00:00+00:00 [queued]>
[2025-06-09T18:00:16.804+0200] {taskinstance.py:2303} INFO - Starting attempt 1 of 2
[2025-06-09T18:00:16.828+0200] {taskinstance.py:2327} INFO - Executing <Task(PythonOperator): combine_daily_data_all_cities> on 2025-06-06 00:00:00+00:00
[2025-06-09T18:00:16.831+0200] {standard_task_runner.py:63} INFO - Started process 125057 to run task
[2025-06-09T18:00:16.833+0200] {standard_task_runner.py:90} INFO - Running: ['airflow', 'tasks', 'run', 'fetch_daily_pollution_weather_dag', 'combine_daily_data_all_cities', 'scheduled__2025-06-06T00:00:00+00:00', '--job-id', '419', '--raw', '--subdir', 'DAGS_FOLDER/daily_dag.py', '--cfg-path', '/tmp/tmpabadz68y']
[2025-06-09T18:00:16.833+0200] {standard_task_runner.py:91} INFO - Job 419: Subtask combine_daily_data_all_cities
[2025-06-09T18:00:16.871+0200] {task_command.py:426} INFO - Running <TaskInstance: fetch_daily_pollution_weather_dag.combine_daily_data_all_cities scheduled__2025-06-06T00:00:00+00:00 [running]> on host DESKTOP-2QS8J6D.
[2025-06-09T18:00:16.933+0200] {taskinstance.py:2644} INFO - Exporting env vars: AIRFLOW_CTX_DAG_OWNER='airflow' AIRFLOW_CTX_DAG_ID='fetch_daily_pollution_weather_dag' AIRFLOW_CTX_TASK_ID='combine_daily_data_all_cities' AIRFLOW_CTX_EXECUTION_DATE='2025-06-06T00:00:00+00:00' AIRFLOW_CTX_TRY_NUMBER='1' AIRFLOW_CTX_DAG_RUN_ID='scheduled__2025-06-06T00:00:00+00:00'
[2025-06-09T18:00:16.934+0200] {taskinstance.py:430} INFO - ::endgroup::
[2025-06-09T18:00:24.311+0200] {logging_mixin.py:188} INFO - [START] Combining daily data for 2025-06-06
[2025-06-09T18:00:24.312+0200] {logging_mixin.py:188} INFO - [COMBINING] City: istanbul
[2025-06-09T18:00:30.530+0200] {logging_mixin.py:188} INFO - [OK] Combined written: /home/ccd/airflow/data/formatted/combined/istanbul/2025-06-06
[2025-06-09T18:00:30.530+0200] {logging_mixin.py:188} INFO - [COMBINING] City: moscow
[2025-06-09T18:00:31.939+0200] {logging_mixin.py:188} INFO - [OK] Combined written: /home/ccd/airflow/data/formatted/combined/moscow/2025-06-06
[2025-06-09T18:00:32.452+0200] {logging_mixin.py:188} INFO - [DONE] Finished combining daily data for 2025-06-06
[2025-06-09T18:00:32.452+0200] {python.py:237} INFO - Done. Returned value was: None
[2025-06-09T18:00:32.453+0200] {taskinstance.py:441} INFO - ::group::Post task execution logs
[2025-06-09T18:00:32.497+0200] {taskinstance.py:1205} INFO - Marking task as SUCCESS. dag_id=fetch_daily_pollution_weather_dag, task_id=combine_daily_data_all_cities, execution_date=20250606T000000, start_date=20250609T160016, end_date=20250609T160032
[2025-06-09T18:00:32.558+0200] {local_task_job_runner.py:240} INFO - Task exited with return code 0
[2025-06-09T18:00:32.683+0200] {taskinstance.py:3482} INFO - 0 downstream tasks scheduled from follow-on schedule check
[2025-06-09T18:00:32.685+0200] {local_task_job_runner.py:222} INFO - ::endgroup::
