[2025-06-09T12:06:58.743+0200] {local_task_job_runner.py:120} INFO - ::group::Pre task execution logs
[2025-06-09T12:06:58.754+0200] {taskinstance.py:2073} INFO - Dependencies all met for dep_context=non-requeueable deps ti=<TaskInstance: inspect_static_parquet_file_dag.inspect_static_parquet manual__2025-06-09T10:06:56.957498+00:00 [queued]>
[2025-06-09T12:06:58.757+0200] {taskinstance.py:2073} INFO - Dependencies all met for dep_context=requeueable deps ti=<TaskInstance: inspect_static_parquet_file_dag.inspect_static_parquet manual__2025-06-09T10:06:56.957498+00:00 [queued]>
[2025-06-09T12:06:58.757+0200] {taskinstance.py:2303} INFO - Starting attempt 1 of 1
[2025-06-09T12:06:58.771+0200] {taskinstance.py:2327} INFO - Executing <Task(PythonOperator): inspect_static_parquet> on 2025-06-09 10:06:56.957498+00:00
[2025-06-09T12:06:58.773+0200] {standard_task_runner.py:63} INFO - Started process 24863 to run task
[2025-06-09T12:06:58.777+0200] {standard_task_runner.py:90} INFO - Running: ['airflow', 'tasks', 'run', 'inspect_static_parquet_file_dag', 'inspect_static_parquet', 'manual__2025-06-09T10:06:56.957498+00:00', '--job-id', '367', '--raw', '--subdir', 'DAGS_FOLDER/inspect_parquet_file.py', '--cfg-path', '/tmp/tmp5d3ph4h9']
[2025-06-09T12:06:58.778+0200] {standard_task_runner.py:91} INFO - Job 367: Subtask inspect_static_parquet
[2025-06-09T12:06:58.807+0200] {task_command.py:426} INFO - Running <TaskInstance: inspect_static_parquet_file_dag.inspect_static_parquet manual__2025-06-09T10:06:56.957498+00:00 [running]> on host DESKTOP-2QS8J6D.
[2025-06-09T12:06:58.870+0200] {taskinstance.py:2644} INFO - Exporting env vars: AIRFLOW_CTX_DAG_OWNER='airflow' AIRFLOW_CTX_DAG_ID='inspect_static_parquet_file_dag' AIRFLOW_CTX_TASK_ID='inspect_static_parquet' AIRFLOW_CTX_EXECUTION_DATE='2025-06-09T10:06:56.957498+00:00' AIRFLOW_CTX_TRY_NUMBER='1' AIRFLOW_CTX_DAG_RUN_ID='manual__2025-06-09T10:06:56.957498+00:00'
[2025-06-09T12:06:58.871+0200] {taskinstance.py:430} INFO - ::endgroup::
[2025-06-09T12:07:02.149+0200] {logging_mixin.py:188} INFO - === Pollution Parquet Schema ===
[2025-06-09T12:07:03.226+0200] {logging_mixin.py:188} INFO - root
 |-- city_name: string (nullable = true)
 |-- time: string (nullable = true)
 |-- co: double (nullable = true)
 |-- no: double (nullable = true)
 |-- no2: double (nullable = true)
 |-- o3: double (nullable = true)
 |-- so2: double (nullable = true)
 |-- pm2_5: double (nullable = true)
 |-- pm10: double (nullable = true)
 |-- nh3: double (nullable = true)
 |-- aqi_mode: long (nullable = true)
 |-- lat: double (nullable = true)
 |-- lon: double (nullable = true)
 |-- temperature_2m_max: double (nullable = true)
 |-- temperature_2m_min: double (nullable = true)
 |-- temperature_2m_mean: double (nullable = true)
 |-- precipitation_sum: double (nullable = true)
 |-- snowfall_sum: double (nullable = true)
 |-- cloudcover_mean: long (nullable = true)
 |-- windgusts_10m_max: double (nullable = true)
 |-- winddirection_10m_dominant: long (nullable = true)
 |-- shortwave_radiation_sum: double (nullable = true)
 |-- et0_fao_evapotranspiration: double (nullable = true)
[2025-06-09T12:07:04.490+0200] {logging_mixin.py:188} INFO - +---------+----------+-------+-----+-----+------+-----+------+------+-----+--------+-------+-------+------------------+------------------+-------------------+-----------------+------------+---------------+-----------------+--------------------------+-----------------------+--------------------------+
|city_name|time      |co     |no   |no2  |o3    |so2  |pm2_5 |pm10  |nh3  |aqi_mode|lat    |lon    |temperature_2m_max|temperature_2m_min|temperature_2m_mean|precipitation_sum|snowfall_sum|cloudcover_mean|windgusts_10m_max|winddirection_10m_dominant|shortwave_radiation_sum|et0_fao_evapotranspiration|
+---------+----------+-------+-----+-----+------+-----+------+------+-----+--------+-------+-------+------------------+------------------+-------------------+-----------------+------------+---------------+-----------------+--------------------------+-----------------------+--------------------------+
|istanbul |2025-06-06|122.148|0.483|4.702|95.999|5.106|11.694|13.797|6.648|2       |41.0082|28.9784|28.2              |18.5              |22.8               |0.0              |0.0         |0              |50.4             |36                        |29.16                  |6.12                      |
+---------+----------+-------+-----+-----+------+-----+------+------+-----+--------+-------+-------+------------------+------------------+-------------------+-----------------+------------+---------------+-----------------+--------------------------+-----------------------+--------------------------+
[2025-06-09T12:07:04.490+0200] {logging_mixin.py:188} INFO - === Weather Parquet Schema ===
[2025-06-09T12:07:04.578+0200] {logging_mixin.py:188} INFO - root
 |-- city_name: string (nullable = true)
 |-- time: string (nullable = true)
 |-- co: double (nullable = true)
 |-- no: double (nullable = true)
 |-- no2: double (nullable = true)
 |-- o3: double (nullable = true)
 |-- so2: double (nullable = true)
 |-- pm2_5: double (nullable = true)
 |-- pm10: double (nullable = true)
 |-- nh3: double (nullable = true)
 |-- aqi_mode: long (nullable = true)
 |-- lat: double (nullable = true)
 |-- lon: double (nullable = true)
 |-- temperature_2m_max: double (nullable = true)
 |-- temperature_2m_min: double (nullable = true)
 |-- temperature_2m_mean: double (nullable = true)
 |-- precipitation_sum: double (nullable = true)
 |-- snowfall_sum: double (nullable = true)
 |-- cloudcover_mean: long (nullable = true)
 |-- windgusts_10m_max: double (nullable = true)
 |-- winddirection_10m_dominant: long (nullable = true)
 |-- shortwave_radiation_sum: double (nullable = true)
 |-- et0_fao_evapotranspiration: double (nullable = true)
[2025-06-09T12:07:04.683+0200] {logging_mixin.py:188} INFO - +---------+----------+-------+-----+-----+------+-----+------+------+-----+--------+-------+-------+------------------+------------------+-------------------+-----------------+------------+---------------+-----------------+--------------------------+-----------------------+--------------------------+
|city_name|time      |co     |no   |no2  |o3    |so2  |pm2_5 |pm10  |nh3  |aqi_mode|lat    |lon    |temperature_2m_max|temperature_2m_min|temperature_2m_mean|precipitation_sum|snowfall_sum|cloudcover_mean|windgusts_10m_max|winddirection_10m_dominant|shortwave_radiation_sum|et0_fao_evapotranspiration|
+---------+----------+-------+-----+-----+------+-----+------+------+-----+--------+-------+-------+------------------+------------------+-------------------+-----------------+------------+---------------+-----------------+--------------------------+-----------------------+--------------------------+
|istanbul |2025-06-06|122.148|0.483|4.702|95.999|5.106|11.694|13.797|6.648|2       |41.0082|28.9784|28.2              |18.5              |22.8               |0.0              |0.0         |0              |50.4             |36                        |29.16                  |6.12                      |
+---------+----------+-------+-----+-----+------+-----+------+------+-----+--------+-------+-------+------------------+------------------+-------------------+-----------------+------------+---------------+-----------------+--------------------------+-----------------------+--------------------------+
[2025-06-09T12:07:04.997+0200] {python.py:237} INFO - Done. Returned value was: None
[2025-06-09T12:07:04.998+0200] {taskinstance.py:441} INFO - ::group::Post task execution logs
[2025-06-09T12:07:05.001+0200] {taskinstance.py:1205} INFO - Marking task as SUCCESS. dag_id=inspect_static_parquet_file_dag, task_id=inspect_static_parquet, execution_date=20250609T100656, start_date=20250609T100658, end_date=20250609T100705
[2025-06-09T12:07:05.021+0200] {local_task_job_runner.py:240} INFO - Task exited with return code 0
[2025-06-09T12:07:05.026+0200] {taskinstance.py:3482} INFO - 0 downstream tasks scheduled from follow-on schedule check
[2025-06-09T12:07:05.026+0200] {local_task_job_runner.py:222} INFO - ::endgroup::
