[2025-06-08T23:56:07.608+0200] {local_task_job_runner.py:120} INFO - ::group::Pre task execution logs
[2025-06-08T23:56:07.725+0200] {taskinstance.py:2073} INFO - Dependencies all met for dep_context=non-requeueable deps ti=<TaskInstance: backfill_pollution_weather_dag.format_backfill_all_data manual__2025-06-08T21:56:04.789188+00:00 [queued]>
[2025-06-08T23:56:07.729+0200] {taskinstance.py:2073} INFO - Dependencies all met for dep_context=requeueable deps ti=<TaskInstance: backfill_pollution_weather_dag.format_backfill_all_data manual__2025-06-08T21:56:04.789188+00:00 [queued]>
[2025-06-08T23:56:07.729+0200] {taskinstance.py:2303} INFO - Starting attempt 1 of 2
[2025-06-08T23:56:07.744+0200] {taskinstance.py:2327} INFO - Executing <Task(PythonOperator): format_backfill_all_data> on 2025-06-08 21:56:04.789188+00:00
[2025-06-08T23:56:07.746+0200] {standard_task_runner.py:63} INFO - Started process 1213928 to run task
[2025-06-08T23:56:07.748+0200] {standard_task_runner.py:90} INFO - Running: ['airflow', 'tasks', 'run', 'backfill_pollution_weather_dag', 'format_backfill_all_data', 'manual__2025-06-08T21:56:04.789188+00:00', '--job-id', '323', '--raw', '--subdir', 'DAGS_FOLDER/backfill_dag.py', '--cfg-path', '/tmp/tmp_uny70_l']
[2025-06-08T23:56:07.749+0200] {standard_task_runner.py:91} INFO - Job 323: Subtask format_backfill_all_data
[2025-06-08T23:56:07.783+0200] {task_command.py:426} INFO - Running <TaskInstance: backfill_pollution_weather_dag.format_backfill_all_data manual__2025-06-08T21:56:04.789188+00:00 [running]> on host DESKTOP-2QS8J6D.
[2025-06-08T23:56:07.845+0200] {taskinstance.py:2644} INFO - Exporting env vars: AIRFLOW_CTX_DAG_OWNER='airflow' AIRFLOW_CTX_DAG_ID='backfill_pollution_weather_dag' AIRFLOW_CTX_TASK_ID='format_backfill_all_data' AIRFLOW_CTX_EXECUTION_DATE='2025-06-08T21:56:04.789188+00:00' AIRFLOW_CTX_TRY_NUMBER='1' AIRFLOW_CTX_DAG_RUN_ID='manual__2025-06-08T21:56:04.789188+00:00'
[2025-06-08T23:56:07.846+0200] {taskinstance.py:430} INFO - ::endgroup::
[2025-06-08T23:56:11.668+0200] {logging_mixin.py:188} INFO - [CITY] Processing: istanbul
[2025-06-08T23:56:14.735+0200] {logging_mixin.py:188} INFO - [OK] Wrote pollution data: /home/ccd/airflow/data/formatted/pollution/istanbul/full_2025-05-20_2025-05-27
[2025-06-08T23:56:15.336+0200] {logging_mixin.py:188} INFO - [OK] Wrote weather data: /home/ccd/airflow/data/formatted/weather/istanbul/full_2025-05-20_2025-05-27
[2025-06-08T23:56:15.337+0200] {logging_mixin.py:188} INFO - [CITY] Processing: moscow
[2025-06-08T23:56:15.941+0200] {logging_mixin.py:188} INFO - [OK] Wrote pollution data: /home/ccd/airflow/data/formatted/pollution/moscow/full_2025-05-20_2025-05-27
[2025-06-08T23:56:16.538+0200] {logging_mixin.py:188} INFO - [OK] Wrote weather data: /home/ccd/airflow/data/formatted/weather/moscow/full_2025-05-20_2025-05-27
[2025-06-08T23:56:16.538+0200] {logging_mixin.py:188} INFO - [CITY] Processing: london
[2025-06-08T23:56:17.106+0200] {logging_mixin.py:188} INFO - [OK] Wrote pollution data: /home/ccd/airflow/data/formatted/pollution/london/full_2025-05-20_2025-05-27
[2025-06-08T23:56:18.087+0200] {logging_mixin.py:188} INFO - [OK] Wrote weather data: /home/ccd/airflow/data/formatted/weather/london/full_2025-05-20_2025-05-27
[2025-06-08T23:56:18.088+0200] {logging_mixin.py:188} INFO - [CITY] Processing: saint_petersburg
[2025-06-08T23:56:18.955+0200] {logging_mixin.py:188} INFO - [OK] Wrote pollution data: /home/ccd/airflow/data/formatted/pollution/saint_petersburg/full_2025-05-20_2025-05-27
[2025-06-08T23:56:19.683+0200] {logging_mixin.py:188} INFO - [OK] Wrote weather data: /home/ccd/airflow/data/formatted/weather/saint_petersburg/full_2025-05-20_2025-05-27
[2025-06-08T23:56:19.684+0200] {logging_mixin.py:188} INFO - [CITY] Processing: berlin
[2025-06-08T23:56:20.169+0200] {logging_mixin.py:188} INFO - [OK] Wrote pollution data: /home/ccd/airflow/data/formatted/pollution/berlin/full_2025-05-20_2025-05-27
[2025-06-08T23:56:20.573+0200] {logging_mixin.py:188} INFO - [OK] Wrote weather data: /home/ccd/airflow/data/formatted/weather/berlin/full_2025-05-20_2025-05-27
[2025-06-08T23:56:20.573+0200] {logging_mixin.py:188} INFO - [CITY] Processing: madrid
[2025-06-08T23:56:20.987+0200] {logging_mixin.py:188} INFO - [OK] Wrote pollution data: /home/ccd/airflow/data/formatted/pollution/madrid/full_2025-05-20_2025-05-27
[2025-06-08T23:56:21.495+0200] {logging_mixin.py:188} INFO - [OK] Wrote weather data: /home/ccd/airflow/data/formatted/weather/madrid/full_2025-05-20_2025-05-27
[2025-06-08T23:56:21.495+0200] {logging_mixin.py:188} INFO - [CITY] Processing: kyiv
[2025-06-08T23:56:21.868+0200] {logging_mixin.py:188} INFO - [OK] Wrote pollution data: /home/ccd/airflow/data/formatted/pollution/kyiv/full_2025-05-20_2025-05-27
[2025-06-08T23:56:22.298+0200] {logging_mixin.py:188} INFO - [OK] Wrote weather data: /home/ccd/airflow/data/formatted/weather/kyiv/full_2025-05-20_2025-05-27
[2025-06-08T23:56:22.298+0200] {logging_mixin.py:188} INFO - [CITY] Processing: rome
[2025-06-08T23:56:22.692+0200] {logging_mixin.py:188} INFO - [OK] Wrote pollution data: /home/ccd/airflow/data/formatted/pollution/rome/full_2025-05-20_2025-05-27
[2025-06-08T23:56:23.123+0200] {logging_mixin.py:188} INFO - [OK] Wrote weather data: /home/ccd/airflow/data/formatted/weather/rome/full_2025-05-20_2025-05-27
[2025-06-08T23:56:23.123+0200] {logging_mixin.py:188} INFO - [CITY] Processing: baku
[2025-06-08T23:56:23.560+0200] {logging_mixin.py:188} INFO - [OK] Wrote pollution data: /home/ccd/airflow/data/formatted/pollution/baku/full_2025-05-20_2025-05-27
[2025-06-08T23:56:23.970+0200] {logging_mixin.py:188} INFO - [OK] Wrote weather data: /home/ccd/airflow/data/formatted/weather/baku/full_2025-05-20_2025-05-27
[2025-06-08T23:56:23.971+0200] {logging_mixin.py:188} INFO - [CITY] Processing: paris
[2025-06-08T23:56:24.374+0200] {logging_mixin.py:188} INFO - [OK] Wrote pollution data: /home/ccd/airflow/data/formatted/pollution/paris/full_2025-05-20_2025-05-27
[2025-06-08T23:56:24.796+0200] {logging_mixin.py:188} INFO - [OK] Wrote weather data: /home/ccd/airflow/data/formatted/weather/paris/full_2025-05-20_2025-05-27
[2025-06-08T23:56:24.797+0200] {logging_mixin.py:188} INFO - [CITY] Processing: vienna
[2025-06-08T23:56:25.283+0200] {logging_mixin.py:188} INFO - [OK] Wrote pollution data: /home/ccd/airflow/data/formatted/pollution/vienna/full_2025-05-20_2025-05-27
[2025-06-08T23:56:25.713+0200] {logging_mixin.py:188} INFO - [OK] Wrote weather data: /home/ccd/airflow/data/formatted/weather/vienna/full_2025-05-20_2025-05-27
[2025-06-08T23:56:25.713+0200] {logging_mixin.py:188} INFO - [CITY] Processing: minsk
[2025-06-08T23:56:26.115+0200] {logging_mixin.py:188} INFO - [OK] Wrote pollution data: /home/ccd/airflow/data/formatted/pollution/minsk/full_2025-05-20_2025-05-27
[2025-06-08T23:56:26.554+0200] {logging_mixin.py:188} INFO - [OK] Wrote weather data: /home/ccd/airflow/data/formatted/weather/minsk/full_2025-05-20_2025-05-27
[2025-06-08T23:56:26.554+0200] {logging_mixin.py:188} INFO - [CITY] Processing: hamburg
[2025-06-08T23:56:26.970+0200] {logging_mixin.py:188} INFO - [OK] Wrote pollution data: /home/ccd/airflow/data/formatted/pollution/hamburg/full_2025-05-20_2025-05-27
[2025-06-08T23:56:27.467+0200] {logging_mixin.py:188} INFO - [OK] Wrote weather data: /home/ccd/airflow/data/formatted/weather/hamburg/full_2025-05-20_2025-05-27
[2025-06-08T23:56:27.468+0200] {logging_mixin.py:188} INFO - [CITY] Processing: warsaw
[2025-06-08T23:56:27.978+0200] {logging_mixin.py:188} INFO - [OK] Wrote pollution data: /home/ccd/airflow/data/formatted/pollution/warsaw/full_2025-05-20_2025-05-27
[2025-06-08T23:56:28.894+0200] {logging_mixin.py:188} INFO - [OK] Wrote weather data: /home/ccd/airflow/data/formatted/weather/warsaw/full_2025-05-20_2025-05-27
[2025-06-08T23:56:28.894+0200] {logging_mixin.py:188} INFO - [CITY] Processing: bucharest
[2025-06-08T23:56:29.298+0200] {logging_mixin.py:188} INFO - [OK] Wrote pollution data: /home/ccd/airflow/data/formatted/pollution/bucharest/full_2025-05-20_2025-05-27
[2025-06-08T23:56:29.760+0200] {logging_mixin.py:188} INFO - [OK] Wrote weather data: /home/ccd/airflow/data/formatted/weather/bucharest/full_2025-05-20_2025-05-27
[2025-06-08T23:56:29.760+0200] {logging_mixin.py:188} INFO - [CITY] Processing: barcelona
[2025-06-08T23:56:30.136+0200] {logging_mixin.py:188} INFO - [OK] Wrote pollution data: /home/ccd/airflow/data/formatted/pollution/barcelona/full_2025-05-20_2025-05-27
[2025-06-08T23:56:30.648+0200] {logging_mixin.py:188} INFO - [OK] Wrote weather data: /home/ccd/airflow/data/formatted/weather/barcelona/full_2025-05-20_2025-05-27
[2025-06-08T23:56:30.648+0200] {logging_mixin.py:188} INFO - [CITY] Processing: budapest
[2025-06-08T23:56:31.345+0200] {logging_mixin.py:188} INFO - [OK] Wrote pollution data: /home/ccd/airflow/data/formatted/pollution/budapest/full_2025-05-20_2025-05-27
[2025-06-08T23:56:32.055+0200] {logging_mixin.py:188} INFO - [OK] Wrote weather data: /home/ccd/airflow/data/formatted/weather/budapest/full_2025-05-20_2025-05-27
[2025-06-08T23:56:32.055+0200] {logging_mixin.py:188} INFO - [CITY] Processing: belgrade
[2025-06-08T23:56:32.760+0200] {logging_mixin.py:188} INFO - [OK] Wrote pollution data: /home/ccd/airflow/data/formatted/pollution/belgrade/full_2025-05-20_2025-05-27
[2025-06-08T23:56:33.500+0200] {logging_mixin.py:188} INFO - [OK] Wrote weather data: /home/ccd/airflow/data/formatted/weather/belgrade/full_2025-05-20_2025-05-27
[2025-06-08T23:56:33.500+0200] {logging_mixin.py:188} INFO - [CITY] Processing: munich
[2025-06-08T23:56:34.227+0200] {logging_mixin.py:188} INFO - [OK] Wrote pollution data: /home/ccd/airflow/data/formatted/pollution/munich/full_2025-05-20_2025-05-27
[2025-06-08T23:56:34.939+0200] {logging_mixin.py:188} INFO - [OK] Wrote weather data: /home/ccd/airflow/data/formatted/weather/munich/full_2025-05-20_2025-05-27
[2025-06-08T23:56:34.939+0200] {logging_mixin.py:188} INFO - [CITY] Processing: kharkiv
[2025-06-08T23:56:35.592+0200] {logging_mixin.py:188} INFO - [OK] Wrote pollution data: /home/ccd/airflow/data/formatted/pollution/kharkiv/full_2025-05-20_2025-05-27
[2025-06-08T23:56:36.611+0200] {logging_mixin.py:188} INFO - [OK] Wrote weather data: /home/ccd/airflow/data/formatted/weather/kharkiv/full_2025-05-20_2025-05-27
[2025-06-08T23:56:36.611+0200] {logging_mixin.py:188} INFO - [CITY] Processing: prague
[2025-06-08T23:56:37.696+0200] {logging_mixin.py:188} INFO - [OK] Wrote pollution data: /home/ccd/airflow/data/formatted/pollution/prague/full_2025-05-20_2025-05-27
[2025-06-08T23:56:38.505+0200] {logging_mixin.py:188} INFO - [OK] Wrote weather data: /home/ccd/airflow/data/formatted/weather/prague/full_2025-05-20_2025-05-27
[2025-06-08T23:56:38.506+0200] {logging_mixin.py:188} INFO - [CITY] Processing: milan
[2025-06-08T23:56:39.318+0200] {logging_mixin.py:188} INFO - [OK] Wrote pollution data: /home/ccd/airflow/data/formatted/pollution/milan/full_2025-05-20_2025-05-27
[2025-06-08T23:56:40.230+0200] {logging_mixin.py:188} INFO - [OK] Wrote weather data: /home/ccd/airflow/data/formatted/weather/milan/full_2025-05-20_2025-05-27
[2025-06-08T23:56:40.231+0200] {logging_mixin.py:188} INFO - [CITY] Processing: kazan
[2025-06-08T23:56:41.308+0200] {logging_mixin.py:188} INFO - [OK] Wrote pollution data: /home/ccd/airflow/data/formatted/pollution/kazan/full_2025-05-20_2025-05-27
[2025-06-08T23:56:42.089+0200] {logging_mixin.py:188} INFO - [OK] Wrote weather data: /home/ccd/airflow/data/formatted/weather/kazan/full_2025-05-20_2025-05-27
[2025-06-08T23:56:42.090+0200] {logging_mixin.py:188} INFO - [CITY] Processing: sofia
[2025-06-08T23:56:43.564+0200] {logging_mixin.py:188} INFO - [OK] Wrote pollution data: /home/ccd/airflow/data/formatted/pollution/sofia/full_2025-05-20_2025-05-27
[2025-06-08T23:56:44.427+0200] {logging_mixin.py:188} INFO - [OK] Wrote weather data: /home/ccd/airflow/data/formatted/weather/sofia/full_2025-05-20_2025-05-27
[2025-06-08T23:56:44.428+0200] {logging_mixin.py:188} INFO - [CITY] Processing: tbilisi
[2025-06-08T23:56:45.155+0200] {logging_mixin.py:188} INFO - [OK] Wrote pollution data: /home/ccd/airflow/data/formatted/pollution/tbilisi/full_2025-05-20_2025-05-27
[2025-06-08T23:56:45.865+0200] {logging_mixin.py:188} INFO - [OK] Wrote weather data: /home/ccd/airflow/data/formatted/weather/tbilisi/full_2025-05-20_2025-05-27
[2025-06-08T23:56:45.865+0200] {logging_mixin.py:188} INFO - [CITY] Processing: nizhny_novgorod
[2025-06-08T23:56:46.628+0200] {logging_mixin.py:188} INFO - [OK] Wrote pollution data: /home/ccd/airflow/data/formatted/pollution/nizhny_novgorod/full_2025-05-20_2025-05-27
[2025-06-08T23:56:47.383+0200] {logging_mixin.py:188} INFO - [OK] Wrote weather data: /home/ccd/airflow/data/formatted/weather/nizhny_novgorod/full_2025-05-20_2025-05-27
[2025-06-08T23:56:47.383+0200] {logging_mixin.py:188} INFO - [CITY] Processing: ufa
[2025-06-08T23:56:47.984+0200] {logging_mixin.py:188} INFO - [OK] Wrote pollution data: /home/ccd/airflow/data/formatted/pollution/ufa/full_2025-05-20_2025-05-27
[2025-06-08T23:56:48.490+0200] {logging_mixin.py:188} INFO - [OK] Wrote weather data: /home/ccd/airflow/data/formatted/weather/ufa/full_2025-05-20_2025-05-27
[2025-06-08T23:56:48.491+0200] {logging_mixin.py:188} INFO - [CITY] Processing: birmingham
[2025-06-08T23:56:48.984+0200] {logging_mixin.py:188} INFO - [OK] Wrote pollution data: /home/ccd/airflow/data/formatted/pollution/birmingham/full_2025-05-20_2025-05-27
[2025-06-08T23:56:49.518+0200] {logging_mixin.py:188} INFO - [OK] Wrote weather data: /home/ccd/airflow/data/formatted/weather/birmingham/full_2025-05-20_2025-05-27
[2025-06-08T23:56:49.518+0200] {logging_mixin.py:188} INFO - [CITY] Processing: krasnodar
[2025-06-08T23:56:49.997+0200] {logging_mixin.py:188} INFO - [OK] Wrote pollution data: /home/ccd/airflow/data/formatted/pollution/krasnodar/full_2025-05-20_2025-05-27
[2025-06-08T23:56:50.549+0200] {logging_mixin.py:188} INFO - [OK] Wrote weather data: /home/ccd/airflow/data/formatted/weather/krasnodar/full_2025-05-20_2025-05-27
[2025-06-08T23:56:50.549+0200] {logging_mixin.py:188} INFO - [CITY] Processing: samara
[2025-06-08T23:56:51.079+0200] {logging_mixin.py:188} INFO - [OK] Wrote pollution data: /home/ccd/airflow/data/formatted/pollution/samara/full_2025-05-20_2025-05-27
[2025-06-08T23:56:51.547+0200] {logging_mixin.py:188} INFO - [OK] Wrote weather data: /home/ccd/airflow/data/formatted/weather/samara/full_2025-05-20_2025-05-27
[2025-06-08T23:56:51.548+0200] {logging_mixin.py:188} INFO - [CITY] Processing: rostov-on-don
[2025-06-08T23:56:51.930+0200] {logging_mixin.py:188} INFO - [OK] Wrote pollution data: /home/ccd/airflow/data/formatted/pollution/rostov-on-don/full_2025-05-20_2025-05-27
[2025-06-08T23:56:52.352+0200] {logging_mixin.py:188} INFO - [OK] Wrote weather data: /home/ccd/airflow/data/formatted/weather/rostov-on-don/full_2025-05-20_2025-05-27
[2025-06-08T23:56:52.352+0200] {logging_mixin.py:188} INFO - [CITY] Processing: yerevan
[2025-06-08T23:56:52.772+0200] {logging_mixin.py:188} INFO - [OK] Wrote pollution data: /home/ccd/airflow/data/formatted/pollution/yerevan/full_2025-05-20_2025-05-27
[2025-06-08T23:56:53.201+0200] {logging_mixin.py:188} INFO - [OK] Wrote weather data: /home/ccd/airflow/data/formatted/weather/yerevan/full_2025-05-20_2025-05-27
[2025-06-08T23:56:53.202+0200] {logging_mixin.py:188} INFO - [CITY] Processing: cologne
[2025-06-08T23:56:53.630+0200] {logging_mixin.py:188} INFO - [OK] Wrote pollution data: /home/ccd/airflow/data/formatted/pollution/cologne/full_2025-05-20_2025-05-27
[2025-06-08T23:56:54.065+0200] {logging_mixin.py:188} INFO - [OK] Wrote weather data: /home/ccd/airflow/data/formatted/weather/cologne/full_2025-05-20_2025-05-27
[2025-06-08T23:56:54.066+0200] {logging_mixin.py:188} INFO - [CITY] Processing: voronezh
[2025-06-08T23:56:54.508+0200] {logging_mixin.py:188} INFO - [OK] Wrote pollution data: /home/ccd/airflow/data/formatted/pollution/voronezh/full_2025-05-20_2025-05-27
[2025-06-08T23:56:54.892+0200] {logging_mixin.py:188} INFO - [OK] Wrote weather data: /home/ccd/airflow/data/formatted/weather/voronezh/full_2025-05-20_2025-05-27
[2025-06-08T23:56:54.893+0200] {logging_mixin.py:188} INFO - [CITY] Processing: perm
[2025-06-08T23:56:55.546+0200] {logging_mixin.py:188} INFO - [OK] Wrote pollution data: /home/ccd/airflow/data/formatted/pollution/perm/full_2025-05-20_2025-05-27
[2025-06-08T23:56:55.969+0200] {logging_mixin.py:188} INFO - [OK] Wrote weather data: /home/ccd/airflow/data/formatted/weather/perm/full_2025-05-20_2025-05-27
[2025-06-08T23:56:55.969+0200] {logging_mixin.py:188} INFO - [CITY] Processing: volgograd
[2025-06-08T23:56:56.434+0200] {logging_mixin.py:188} INFO - [OK] Wrote pollution data: /home/ccd/airflow/data/formatted/pollution/volgograd/full_2025-05-20_2025-05-27
[2025-06-08T23:56:56.921+0200] {logging_mixin.py:188} INFO - [OK] Wrote weather data: /home/ccd/airflow/data/formatted/weather/volgograd/full_2025-05-20_2025-05-27
[2025-06-08T23:56:56.922+0200] {logging_mixin.py:188} INFO - [CITY] Processing: odesa
[2025-06-08T23:56:57.508+0200] {logging_mixin.py:188} INFO - [OK] Wrote pollution data: /home/ccd/airflow/data/formatted/pollution/odesa/full_2025-05-20_2025-05-27
[2025-06-08T23:56:58.117+0200] {logging_mixin.py:188} INFO - [OK] Wrote weather data: /home/ccd/airflow/data/formatted/weather/odesa/full_2025-05-20_2025-05-27
[2025-06-08T23:56:59.108+0200] {python.py:237} INFO - Done. Returned value was: None
[2025-06-08T23:56:59.109+0200] {taskinstance.py:441} INFO - ::group::Post task execution logs
[2025-06-08T23:56:59.128+0200] {taskinstance.py:1205} INFO - Marking task as SUCCESS. dag_id=backfill_pollution_weather_dag, task_id=format_backfill_all_data, execution_date=20250608T215604, start_date=20250608T215607, end_date=20250608T215659
[2025-06-08T23:56:59.288+0200] {local_task_job_runner.py:240} INFO - Task exited with return code 0
[2025-06-08T23:56:59.318+0200] {taskinstance.py:3482} INFO - 0 downstream tasks scheduled from follow-on schedule check
[2025-06-08T23:56:59.319+0200] {local_task_job_runner.py:222} INFO - ::endgroup::
