[2025-06-09T02:00:03.789+0200] {local_task_job_runner.py:120} INFO - ::group::Pre task execution logs
[2025-06-09T02:00:03.807+0200] {taskinstance.py:2073} INFO - Dependencies all met for dep_context=non-requeueable deps ti=<TaskInstance: fetch_daily_pollution_weather_dag.fetch_daily_data_all_cities scheduled__2025-06-08T00:00:00+00:00 [queued]>
[2025-06-09T02:00:03.812+0200] {taskinstance.py:2073} INFO - Dependencies all met for dep_context=requeueable deps ti=<TaskInstance: fetch_daily_pollution_weather_dag.fetch_daily_data_all_cities scheduled__2025-06-08T00:00:00+00:00 [queued]>
[2025-06-09T02:00:03.812+0200] {taskinstance.py:2303} INFO - Starting attempt 1 of 2
[2025-06-09T02:00:03.855+0200] {taskinstance.py:2327} INFO - Executing <Task(PythonOperator): fetch_daily_data_all_cities> on 2025-06-08 00:00:00+00:00
[2025-06-09T02:00:03.859+0200] {standard_task_runner.py:63} INFO - Started process 1328040 to run task
[2025-06-09T02:00:03.864+0200] {standard_task_runner.py:90} INFO - Running: ['airflow', 'tasks', 'run', 'fetch_daily_pollution_weather_dag', 'fetch_daily_data_all_cities', 'scheduled__2025-06-08T00:00:00+00:00', '--job-id', '344', '--raw', '--subdir', 'DAGS_FOLDER/daily_dag.py', '--cfg-path', '/tmp/tmpxr0b2uhc']
[2025-06-09T02:00:03.865+0200] {standard_task_runner.py:91} INFO - Job 344: Subtask fetch_daily_data_all_cities
[2025-06-09T02:00:03.915+0200] {task_command.py:426} INFO - Running <TaskInstance: fetch_daily_pollution_weather_dag.fetch_daily_data_all_cities scheduled__2025-06-08T00:00:00+00:00 [running]> on host DESKTOP-2QS8J6D.
[2025-06-09T02:00:04.003+0200] {taskinstance.py:2644} INFO - Exporting env vars: AIRFLOW_CTX_DAG_OWNER='airflow' AIRFLOW_CTX_DAG_ID='fetch_daily_pollution_weather_dag' AIRFLOW_CTX_TASK_ID='fetch_daily_data_all_cities' AIRFLOW_CTX_EXECUTION_DATE='2025-06-08T00:00:00+00:00' AIRFLOW_CTX_TRY_NUMBER='1' AIRFLOW_CTX_DAG_RUN_ID='scheduled__2025-06-08T00:00:00+00:00'
[2025-06-09T02:00:04.004+0200] {taskinstance.py:430} INFO - ::endgroup::
[2025-06-09T02:00:04.013+0200] {logging_mixin.py:188} INFO - [SKIP] 2025-06-08 is too recent. Skipping.
[2025-06-09T02:00:04.013+0200] {taskinstance.py:441} INFO - ::group::Post task execution logs
[2025-06-09T02:00:04.014+0200] {taskinstance.py:2502} INFO - Execution date too recent for available data.
[2025-06-09T02:00:04.018+0200] {taskinstance.py:1205} INFO - Marking task as SKIPPED. dag_id=fetch_daily_pollution_weather_dag, task_id=fetch_daily_data_all_cities, execution_date=20250608T000000, start_date=20250609T000003, end_date=20250609T000004
[2025-06-09T02:00:04.077+0200] {local_task_job_runner.py:240} INFO - Task exited with return code 0
[2025-06-09T02:00:04.090+0200] {taskinstance.py:3482} INFO - 0 downstream tasks scheduled from follow-on schedule check
[2025-06-09T02:00:04.104+0200] {local_task_job_runner.py:222} INFO - ::endgroup::
[2025-06-09T12:05:13.967+0200] {local_task_job_runner.py:120} INFO - ::group::Pre task execution logs
[2025-06-09T12:05:13.978+0200] {taskinstance.py:2073} INFO - Dependencies all met for dep_context=non-requeueable deps ti=<TaskInstance: fetch_daily_pollution_weather_dag.fetch_daily_data_all_cities scheduled__2025-06-08T00:00:00+00:00 [queued]>
[2025-06-09T12:05:13.981+0200] {taskinstance.py:2073} INFO - Dependencies all met for dep_context=requeueable deps ti=<TaskInstance: fetch_daily_pollution_weather_dag.fetch_daily_data_all_cities scheduled__2025-06-08T00:00:00+00:00 [queued]>
[2025-06-09T12:05:13.981+0200] {taskinstance.py:2303} INFO - Starting attempt 1 of 2
[2025-06-09T12:05:13.996+0200] {taskinstance.py:2327} INFO - Executing <Task(PythonOperator): fetch_daily_data_all_cities> on 2025-06-08 00:00:00+00:00
[2025-06-09T12:05:13.998+0200] {standard_task_runner.py:63} INFO - Started process 24175 to run task
[2025-06-09T12:05:14.000+0200] {standard_task_runner.py:90} INFO - Running: ['airflow', 'tasks', 'run', 'fetch_daily_pollution_weather_dag', 'fetch_daily_data_all_cities', 'scheduled__2025-06-08T00:00:00+00:00', '--job-id', '366', '--raw', '--subdir', 'DAGS_FOLDER/daily_dag.py', '--cfg-path', '/tmp/tmp_q9jcr89']
[2025-06-09T12:05:14.000+0200] {standard_task_runner.py:91} INFO - Job 366: Subtask fetch_daily_data_all_cities
[2025-06-09T12:05:14.028+0200] {task_command.py:426} INFO - Running <TaskInstance: fetch_daily_pollution_weather_dag.fetch_daily_data_all_cities scheduled__2025-06-08T00:00:00+00:00 [running]> on host DESKTOP-2QS8J6D.
[2025-06-09T12:05:14.079+0200] {taskinstance.py:2644} INFO - Exporting env vars: AIRFLOW_CTX_DAG_OWNER='airflow' AIRFLOW_CTX_DAG_ID='fetch_daily_pollution_weather_dag' AIRFLOW_CTX_TASK_ID='fetch_daily_data_all_cities' AIRFLOW_CTX_EXECUTION_DATE='2025-06-08T00:00:00+00:00' AIRFLOW_CTX_TRY_NUMBER='1' AIRFLOW_CTX_DAG_RUN_ID='scheduled__2025-06-08T00:00:00+00:00'
[2025-06-09T12:05:14.079+0200] {taskinstance.py:430} INFO - ::endgroup::
[2025-06-09T12:05:14.084+0200] {logging_mixin.py:188} INFO - [SKIP] 2025-06-08 is too recent. Skipping.
[2025-06-09T12:05:14.084+0200] {taskinstance.py:441} INFO - ::group::Post task execution logs
[2025-06-09T12:05:14.084+0200] {taskinstance.py:2502} INFO - Execution date too recent for available data.
[2025-06-09T12:05:14.086+0200] {taskinstance.py:1205} INFO - Marking task as SKIPPED. dag_id=fetch_daily_pollution_weather_dag, task_id=fetch_daily_data_all_cities, execution_date=20250608T000000, start_date=20250609T100513, end_date=20250609T100514
[2025-06-09T12:05:14.133+0200] {local_task_job_runner.py:240} INFO - Task exited with return code 0
[2025-06-09T12:05:14.144+0200] {taskinstance.py:3482} INFO - 0 downstream tasks scheduled from follow-on schedule check
[2025-06-09T12:05:14.156+0200] {local_task_job_runner.py:222} INFO - ::endgroup::
