[2025-06-09T17:29:00.987+0200] {processor.py:161} INFO - Started process (PID=106008) to work on /home/ccd/airflow/dags/daily_dag.py
[2025-06-09T17:29:00.988+0200] {processor.py:830} INFO - Processing file /home/ccd/airflow/dags/daily_dag.py for tasks to queue
[2025-06-09T17:29:00.991+0200] {logging_mixin.py:188} INFO - [2025-06-09T17:29:00.991+0200] {dagbag.py:540} INFO - Filling up the DagBag from /home/ccd/airflow/dags/daily_dag.py
[2025-06-09T17:29:01.879+0200] {processor.py:840} INFO - DAG(s) 'fetch_daily_pollution_weather_dag' retrieved from /home/ccd/airflow/dags/daily_dag.py
[2025-06-09T17:29:01.886+0200] {logging_mixin.py:188} INFO - [2025-06-09T17:29:01.885+0200] {dag.py:3096} INFO - Sync 1 DAGs
[2025-06-09T17:29:01.916+0200] {logging_mixin.py:188} INFO - [2025-06-09T17:29:01.916+0200] {dag.py:3954} INFO - Setting next_dagrun for fetch_daily_pollution_weather_dag to 2025-06-09 00:00:00+00:00, run_after=2025-06-10 00:00:00+00:00
[2025-06-09T17:29:01.957+0200] {processor.py:183} INFO - Processing /home/ccd/airflow/dags/daily_dag.py took 0.977 seconds
[2025-06-09T17:30:27.472+0200] {processor.py:161} INFO - Started process (PID=106733) to work on /home/ccd/airflow/dags/daily_dag.py
[2025-06-09T17:30:27.493+0200] {processor.py:830} INFO - Processing file /home/ccd/airflow/dags/daily_dag.py for tasks to queue
[2025-06-09T17:30:27.498+0200] {logging_mixin.py:188} INFO - [2025-06-09T17:30:27.497+0200] {dagbag.py:540} INFO - Filling up the DagBag from /home/ccd/airflow/dags/daily_dag.py
[2025-06-09T17:30:30.050+0200] {processor.py:840} INFO - DAG(s) 'fetch_daily_pollution_weather_dag' retrieved from /home/ccd/airflow/dags/daily_dag.py
[2025-06-09T17:30:30.140+0200] {logging_mixin.py:188} INFO - [2025-06-09T17:30:30.139+0200] {dag.py:3096} INFO - Sync 1 DAGs
[2025-06-09T17:30:30.154+0200] {logging_mixin.py:188} INFO - [2025-06-09T17:30:30.154+0200] {dag.py:3954} INFO - Setting next_dagrun for fetch_daily_pollution_weather_dag to 2025-06-09 00:00:00+00:00, run_after=2025-06-10 00:00:00+00:00
[2025-06-09T17:30:30.184+0200] {processor.py:183} INFO - Processing /home/ccd/airflow/dags/daily_dag.py took 2.747 seconds
[2025-06-09T17:31:07.324+0200] {processor.py:161} INFO - Started process (PID=106998) to work on /home/ccd/airflow/dags/daily_dag.py
[2025-06-09T17:31:07.335+0200] {processor.py:830} INFO - Processing file /home/ccd/airflow/dags/daily_dag.py for tasks to queue
[2025-06-09T17:31:07.336+0200] {logging_mixin.py:188} INFO - [2025-06-09T17:31:07.336+0200] {dagbag.py:540} INFO - Filling up the DagBag from /home/ccd/airflow/dags/daily_dag.py
[2025-06-09T17:31:07.857+0200] {processor.py:840} INFO - DAG(s) 'fetch_daily_pollution_weather_dag' retrieved from /home/ccd/airflow/dags/daily_dag.py
[2025-06-09T17:31:07.866+0200] {logging_mixin.py:188} INFO - [2025-06-09T17:31:07.866+0200] {dag.py:3096} INFO - Sync 1 DAGs
[2025-06-09T17:31:07.881+0200] {logging_mixin.py:188} INFO - [2025-06-09T17:31:07.880+0200] {dag.py:3954} INFO - Setting next_dagrun for fetch_daily_pollution_weather_dag to 2025-06-09 00:00:00+00:00, run_after=2025-06-10 00:00:00+00:00
[2025-06-09T17:31:07.903+0200] {processor.py:183} INFO - Processing /home/ccd/airflow/dags/daily_dag.py took 0.584 seconds
[2025-06-09T17:31:39.345+0200] {processor.py:161} INFO - Started process (PID=107194) to work on /home/ccd/airflow/dags/daily_dag.py
[2025-06-09T17:31:39.347+0200] {processor.py:830} INFO - Processing file /home/ccd/airflow/dags/daily_dag.py for tasks to queue
[2025-06-09T17:31:39.348+0200] {logging_mixin.py:188} INFO - [2025-06-09T17:31:39.348+0200] {dagbag.py:540} INFO - Filling up the DagBag from /home/ccd/airflow/dags/daily_dag.py
[2025-06-09T17:31:39.855+0200] {processor.py:840} INFO - DAG(s) 'fetch_daily_pollution_weather_dag' retrieved from /home/ccd/airflow/dags/daily_dag.py
[2025-06-09T17:31:39.866+0200] {logging_mixin.py:188} INFO - [2025-06-09T17:31:39.865+0200] {dag.py:3096} INFO - Sync 1 DAGs
[2025-06-09T17:31:39.883+0200] {logging_mixin.py:188} INFO - [2025-06-09T17:31:39.883+0200] {dag.py:3954} INFO - Setting next_dagrun for fetch_daily_pollution_weather_dag to 2025-06-09 00:00:00+00:00, run_after=2025-06-10 00:00:00+00:00
[2025-06-09T17:31:39.905+0200] {processor.py:183} INFO - Processing /home/ccd/airflow/dags/daily_dag.py took 0.564 seconds
[2025-06-09T17:32:33.292+0200] {processor.py:161} INFO - Started process (PID=107489) to work on /home/ccd/airflow/dags/daily_dag.py
[2025-06-09T17:32:33.303+0200] {processor.py:830} INFO - Processing file /home/ccd/airflow/dags/daily_dag.py for tasks to queue
[2025-06-09T17:32:33.304+0200] {logging_mixin.py:188} INFO - [2025-06-09T17:32:33.304+0200] {dagbag.py:540} INFO - Filling up the DagBag from /home/ccd/airflow/dags/daily_dag.py
[2025-06-09T17:32:33.736+0200] {processor.py:840} INFO - DAG(s) 'fetch_daily_pollution_weather_dag' retrieved from /home/ccd/airflow/dags/daily_dag.py
[2025-06-09T17:32:33.745+0200] {logging_mixin.py:188} INFO - [2025-06-09T17:32:33.744+0200] {dag.py:3096} INFO - Sync 1 DAGs
[2025-06-09T17:32:33.756+0200] {logging_mixin.py:188} INFO - [2025-06-09T17:32:33.756+0200] {dag.py:3954} INFO - Setting next_dagrun for fetch_daily_pollution_weather_dag to 2025-06-09 00:00:00+00:00, run_after=2025-06-10 00:00:00+00:00
[2025-06-09T17:32:33.780+0200] {processor.py:183} INFO - Processing /home/ccd/airflow/dags/daily_dag.py took 0.493 seconds
[2025-06-09T17:33:28.073+0200] {processor.py:161} INFO - Started process (PID=107796) to work on /home/ccd/airflow/dags/daily_dag.py
[2025-06-09T17:33:28.084+0200] {processor.py:830} INFO - Processing file /home/ccd/airflow/dags/daily_dag.py for tasks to queue
[2025-06-09T17:33:28.085+0200] {logging_mixin.py:188} INFO - [2025-06-09T17:33:28.085+0200] {dagbag.py:540} INFO - Filling up the DagBag from /home/ccd/airflow/dags/daily_dag.py
[2025-06-09T17:33:28.508+0200] {processor.py:840} INFO - DAG(s) 'fetch_daily_pollution_weather_dag' retrieved from /home/ccd/airflow/dags/daily_dag.py
[2025-06-09T17:33:28.515+0200] {logging_mixin.py:188} INFO - [2025-06-09T17:33:28.515+0200] {dag.py:3096} INFO - Sync 1 DAGs
[2025-06-09T17:33:28.526+0200] {logging_mixin.py:188} INFO - [2025-06-09T17:33:28.525+0200] {dag.py:3954} INFO - Setting next_dagrun for fetch_daily_pollution_weather_dag to 2025-06-09 00:00:00+00:00, run_after=2025-06-10 00:00:00+00:00
[2025-06-09T17:33:28.555+0200] {processor.py:183} INFO - Processing /home/ccd/airflow/dags/daily_dag.py took 0.485 seconds
[2025-06-09T17:34:21.928+0200] {processor.py:161} INFO - Started process (PID=108134) to work on /home/ccd/airflow/dags/daily_dag.py
[2025-06-09T17:34:21.939+0200] {processor.py:830} INFO - Processing file /home/ccd/airflow/dags/daily_dag.py for tasks to queue
[2025-06-09T17:34:21.943+0200] {logging_mixin.py:188} INFO - [2025-06-09T17:34:21.942+0200] {dagbag.py:540} INFO - Filling up the DagBag from /home/ccd/airflow/dags/daily_dag.py
[2025-06-09T17:34:22.612+0200] {processor.py:840} INFO - DAG(s) 'fetch_daily_pollution_weather_dag' retrieved from /home/ccd/airflow/dags/daily_dag.py
[2025-06-09T17:34:22.620+0200] {logging_mixin.py:188} INFO - [2025-06-09T17:34:22.619+0200] {dag.py:3096} INFO - Sync 1 DAGs
[2025-06-09T17:34:22.630+0200] {logging_mixin.py:188} INFO - [2025-06-09T17:34:22.630+0200] {dag.py:3954} INFO - Setting next_dagrun for fetch_daily_pollution_weather_dag to 2025-06-09 00:00:00+00:00, run_after=2025-06-10 00:00:00+00:00
[2025-06-09T17:34:22.651+0200] {processor.py:183} INFO - Processing /home/ccd/airflow/dags/daily_dag.py took 0.743 seconds
[2025-06-09T17:35:16.251+0200] {processor.py:161} INFO - Started process (PID=108423) to work on /home/ccd/airflow/dags/daily_dag.py
[2025-06-09T17:35:16.262+0200] {processor.py:830} INFO - Processing file /home/ccd/airflow/dags/daily_dag.py for tasks to queue
[2025-06-09T17:35:16.263+0200] {logging_mixin.py:188} INFO - [2025-06-09T17:35:16.263+0200] {dagbag.py:540} INFO - Filling up the DagBag from /home/ccd/airflow/dags/daily_dag.py
[2025-06-09T17:35:16.690+0200] {processor.py:840} INFO - DAG(s) 'fetch_daily_pollution_weather_dag' retrieved from /home/ccd/airflow/dags/daily_dag.py
[2025-06-09T17:35:16.698+0200] {logging_mixin.py:188} INFO - [2025-06-09T17:35:16.698+0200] {dag.py:3096} INFO - Sync 1 DAGs
[2025-06-09T17:35:16.709+0200] {logging_mixin.py:188} INFO - [2025-06-09T17:35:16.709+0200] {dag.py:3954} INFO - Setting next_dagrun for fetch_daily_pollution_weather_dag to 2025-06-09 00:00:00+00:00, run_after=2025-06-10 00:00:00+00:00
[2025-06-09T17:35:16.740+0200] {processor.py:183} INFO - Processing /home/ccd/airflow/dags/daily_dag.py took 0.493 seconds
[2025-06-09T17:36:10.457+0200] {processor.py:161} INFO - Started process (PID=108756) to work on /home/ccd/airflow/dags/daily_dag.py
[2025-06-09T17:36:10.459+0200] {processor.py:830} INFO - Processing file /home/ccd/airflow/dags/daily_dag.py for tasks to queue
[2025-06-09T17:36:10.461+0200] {logging_mixin.py:188} INFO - [2025-06-09T17:36:10.460+0200] {dagbag.py:540} INFO - Filling up the DagBag from /home/ccd/airflow/dags/daily_dag.py
[2025-06-09T17:36:13.177+0200] {processor.py:840} INFO - DAG(s) 'fetch_daily_pollution_weather_dag' retrieved from /home/ccd/airflow/dags/daily_dag.py
[2025-06-09T17:36:13.195+0200] {logging_mixin.py:188} INFO - [2025-06-09T17:36:13.194+0200] {dag.py:3096} INFO - Sync 1 DAGs
[2025-06-09T17:36:13.223+0200] {logging_mixin.py:188} INFO - [2025-06-09T17:36:13.223+0200] {dag.py:3954} INFO - Setting next_dagrun for fetch_daily_pollution_weather_dag to 2025-06-09 00:00:00+00:00, run_after=2025-06-10 00:00:00+00:00
[2025-06-09T17:36:13.256+0200] {processor.py:183} INFO - Processing /home/ccd/airflow/dags/daily_dag.py took 2.805 seconds
[2025-06-09T17:37:10.447+0200] {processor.py:161} INFO - Started process (PID=109093) to work on /home/ccd/airflow/dags/daily_dag.py
[2025-06-09T17:37:10.448+0200] {processor.py:830} INFO - Processing file /home/ccd/airflow/dags/daily_dag.py for tasks to queue
[2025-06-09T17:37:10.449+0200] {logging_mixin.py:188} INFO - [2025-06-09T17:37:10.449+0200] {dagbag.py:540} INFO - Filling up the DagBag from /home/ccd/airflow/dags/daily_dag.py
[2025-06-09T17:37:11.071+0200] {processor.py:840} INFO - DAG(s) 'fetch_daily_pollution_weather_dag' retrieved from /home/ccd/airflow/dags/daily_dag.py
[2025-06-09T17:37:11.122+0200] {logging_mixin.py:188} INFO - [2025-06-09T17:37:11.121+0200] {dag.py:3096} INFO - Sync 1 DAGs
[2025-06-09T17:37:11.272+0200] {logging_mixin.py:188} INFO - [2025-06-09T17:37:11.269+0200] {dag.py:3954} INFO - Setting next_dagrun for fetch_daily_pollution_weather_dag to 2025-06-09 00:00:00+00:00, run_after=2025-06-10 00:00:00+00:00
[2025-06-09T17:37:11.376+0200] {processor.py:183} INFO - Processing /home/ccd/airflow/dags/daily_dag.py took 0.933 seconds
[2025-06-09T17:38:36.087+0200] {processor.py:161} INFO - Started process (PID=109971) to work on /home/ccd/airflow/dags/daily_dag.py
[2025-06-09T17:38:36.088+0200] {processor.py:830} INFO - Processing file /home/ccd/airflow/dags/daily_dag.py for tasks to queue
[2025-06-09T17:38:36.091+0200] {logging_mixin.py:188} INFO - [2025-06-09T17:38:36.091+0200] {dagbag.py:540} INFO - Filling up the DagBag from /home/ccd/airflow/dags/daily_dag.py
[2025-06-09T17:38:37.368+0200] {processor.py:840} INFO - DAG(s) 'fetch_daily_pollution_weather_dag' retrieved from /home/ccd/airflow/dags/daily_dag.py
[2025-06-09T17:38:37.383+0200] {logging_mixin.py:188} INFO - [2025-06-09T17:38:37.382+0200] {dag.py:3096} INFO - Sync 1 DAGs
[2025-06-09T17:38:37.402+0200] {logging_mixin.py:188} INFO - [2025-06-09T17:38:37.401+0200] {dag.py:3954} INFO - Setting next_dagrun for fetch_daily_pollution_weather_dag to 2025-06-09 00:00:00+00:00, run_after=2025-06-10 00:00:00+00:00
[2025-06-09T17:38:37.440+0200] {processor.py:183} INFO - Processing /home/ccd/airflow/dags/daily_dag.py took 1.368 seconds
[2025-06-09T17:39:15.478+0200] {processor.py:161} INFO - Started process (PID=110260) to work on /home/ccd/airflow/dags/daily_dag.py
[2025-06-09T17:39:15.481+0200] {processor.py:830} INFO - Processing file /home/ccd/airflow/dags/daily_dag.py for tasks to queue
[2025-06-09T17:39:15.482+0200] {logging_mixin.py:188} INFO - [2025-06-09T17:39:15.481+0200] {dagbag.py:540} INFO - Filling up the DagBag from /home/ccd/airflow/dags/daily_dag.py
[2025-06-09T17:39:15.890+0200] {processor.py:840} INFO - DAG(s) 'fetch_daily_pollution_weather_dag' retrieved from /home/ccd/airflow/dags/daily_dag.py
[2025-06-09T17:39:15.897+0200] {logging_mixin.py:188} INFO - [2025-06-09T17:39:15.896+0200] {dag.py:3096} INFO - Sync 1 DAGs
[2025-06-09T17:39:15.907+0200] {logging_mixin.py:188} INFO - [2025-06-09T17:39:15.907+0200] {dag.py:3954} INFO - Setting next_dagrun for fetch_daily_pollution_weather_dag to 2025-06-09 00:00:00+00:00, run_after=2025-06-10 00:00:00+00:00
[2025-06-09T17:39:15.927+0200] {processor.py:183} INFO - Processing /home/ccd/airflow/dags/daily_dag.py took 0.454 seconds
[2025-06-09T17:39:52.996+0200] {processor.py:161} INFO - Started process (PID=110669) to work on /home/ccd/airflow/dags/daily_dag.py
[2025-06-09T17:39:52.998+0200] {processor.py:830} INFO - Processing file /home/ccd/airflow/dags/daily_dag.py for tasks to queue
[2025-06-09T17:39:52.999+0200] {logging_mixin.py:188} INFO - [2025-06-09T17:39:52.999+0200] {dagbag.py:540} INFO - Filling up the DagBag from /home/ccd/airflow/dags/daily_dag.py
[2025-06-09T17:39:53.546+0200] {processor.py:840} INFO - DAG(s) 'fetch_daily_pollution_weather_dag' retrieved from /home/ccd/airflow/dags/daily_dag.py
[2025-06-09T17:39:53.555+0200] {logging_mixin.py:188} INFO - [2025-06-09T17:39:53.555+0200] {dag.py:3096} INFO - Sync 1 DAGs
[2025-06-09T17:39:53.568+0200] {logging_mixin.py:188} INFO - [2025-06-09T17:39:53.568+0200] {dag.py:3954} INFO - Setting next_dagrun for fetch_daily_pollution_weather_dag to 2025-06-09 00:00:00+00:00, run_after=2025-06-10 00:00:00+00:00
[2025-06-09T17:39:53.601+0200] {processor.py:183} INFO - Processing /home/ccd/airflow/dags/daily_dag.py took 0.609 seconds
[2025-06-09T17:40:34.030+0200] {processor.py:161} INFO - Started process (PID=110979) to work on /home/ccd/airflow/dags/daily_dag.py
[2025-06-09T17:40:34.032+0200] {processor.py:830} INFO - Processing file /home/ccd/airflow/dags/daily_dag.py for tasks to queue
[2025-06-09T17:40:34.036+0200] {logging_mixin.py:188} INFO - [2025-06-09T17:40:34.035+0200] {dagbag.py:540} INFO - Filling up the DagBag from /home/ccd/airflow/dags/daily_dag.py
[2025-06-09T17:40:34.939+0200] {processor.py:840} INFO - DAG(s) 'fetch_daily_pollution_weather_dag' retrieved from /home/ccd/airflow/dags/daily_dag.py
[2025-06-09T17:40:34.953+0200] {logging_mixin.py:188} INFO - [2025-06-09T17:40:34.953+0200] {dag.py:3096} INFO - Sync 1 DAGs
[2025-06-09T17:40:35.039+0200] {logging_mixin.py:188} INFO - [2025-06-09T17:40:35.039+0200] {dag.py:3954} INFO - Setting next_dagrun for fetch_daily_pollution_weather_dag to 2025-06-09 00:00:00+00:00, run_after=2025-06-10 00:00:00+00:00
[2025-06-09T17:40:35.065+0200] {processor.py:183} INFO - Processing /home/ccd/airflow/dags/daily_dag.py took 1.047 seconds
[2025-06-09T17:41:44.102+0200] {processor.py:161} INFO - Started process (PID=111435) to work on /home/ccd/airflow/dags/daily_dag.py
[2025-06-09T17:41:44.104+0200] {processor.py:830} INFO - Processing file /home/ccd/airflow/dags/daily_dag.py for tasks to queue
[2025-06-09T17:41:44.106+0200] {logging_mixin.py:188} INFO - [2025-06-09T17:41:44.105+0200] {dagbag.py:540} INFO - Filling up the DagBag from /home/ccd/airflow/dags/daily_dag.py
[2025-06-09T17:41:46.266+0200] {processor.py:840} INFO - DAG(s) 'fetch_daily_pollution_weather_dag' retrieved from /home/ccd/airflow/dags/daily_dag.py
[2025-06-09T17:41:46.305+0200] {logging_mixin.py:188} INFO - [2025-06-09T17:41:46.305+0200] {dag.py:3096} INFO - Sync 1 DAGs
[2025-06-09T17:41:46.387+0200] {logging_mixin.py:188} INFO - [2025-06-09T17:41:46.387+0200] {dag.py:3954} INFO - Setting next_dagrun for fetch_daily_pollution_weather_dag to 2025-06-09 00:00:00+00:00, run_after=2025-06-10 00:00:00+00:00
[2025-06-09T17:41:46.477+0200] {processor.py:183} INFO - Processing /home/ccd/airflow/dags/daily_dag.py took 2.381 seconds
[2025-06-09T17:42:19.611+0200] {processor.py:161} INFO - Started process (PID=111675) to work on /home/ccd/airflow/dags/daily_dag.py
[2025-06-09T17:42:19.612+0200] {processor.py:830} INFO - Processing file /home/ccd/airflow/dags/daily_dag.py for tasks to queue
[2025-06-09T17:42:19.613+0200] {logging_mixin.py:188} INFO - [2025-06-09T17:42:19.613+0200] {dagbag.py:540} INFO - Filling up the DagBag from /home/ccd/airflow/dags/daily_dag.py
[2025-06-09T17:42:20.757+0200] {processor.py:840} INFO - DAG(s) 'fetch_daily_pollution_weather_dag' retrieved from /home/ccd/airflow/dags/daily_dag.py
[2025-06-09T17:42:20.767+0200] {logging_mixin.py:188} INFO - [2025-06-09T17:42:20.766+0200] {dag.py:3096} INFO - Sync 1 DAGs
[2025-06-09T17:42:20.780+0200] {logging_mixin.py:188} INFO - [2025-06-09T17:42:20.780+0200] {dag.py:3954} INFO - Setting next_dagrun for fetch_daily_pollution_weather_dag to 2025-06-09 00:00:00+00:00, run_after=2025-06-10 00:00:00+00:00
[2025-06-09T17:42:20.813+0200] {processor.py:183} INFO - Processing /home/ccd/airflow/dags/daily_dag.py took 0.623 seconds
[2025-06-09T17:43:06.163+0200] {processor.py:161} INFO - Started process (PID=111987) to work on /home/ccd/airflow/dags/daily_dag.py
[2025-06-09T17:43:06.178+0200] {processor.py:830} INFO - Processing file /home/ccd/airflow/dags/daily_dag.py for tasks to queue
[2025-06-09T17:43:06.192+0200] {logging_mixin.py:188} INFO - [2025-06-09T17:43:06.191+0200] {dagbag.py:540} INFO - Filling up the DagBag from /home/ccd/airflow/dags/daily_dag.py
[2025-06-09T17:43:07.954+0200] {processor.py:840} INFO - DAG(s) 'fetch_daily_pollution_weather_dag' retrieved from /home/ccd/airflow/dags/daily_dag.py
[2025-06-09T17:43:07.958+0200] {logging_mixin.py:188} INFO - [2025-06-09T17:43:07.957+0200] {dag.py:3096} INFO - Sync 1 DAGs
[2025-06-09T17:43:07.976+0200] {logging_mixin.py:188} INFO - [2025-06-09T17:43:07.975+0200] {dag.py:3954} INFO - Setting next_dagrun for fetch_daily_pollution_weather_dag to 2025-06-09 00:00:00+00:00, run_after=2025-06-10 00:00:00+00:00
[2025-06-09T17:43:08.011+0200] {processor.py:183} INFO - Processing /home/ccd/airflow/dags/daily_dag.py took 1.896 seconds
[2025-06-09T17:44:22.102+0200] {processor.py:161} INFO - Started process (PID=112582) to work on /home/ccd/airflow/dags/daily_dag.py
[2025-06-09T17:44:22.114+0200] {processor.py:830} INFO - Processing file /home/ccd/airflow/dags/daily_dag.py for tasks to queue
[2025-06-09T17:44:22.115+0200] {logging_mixin.py:188} INFO - [2025-06-09T17:44:22.115+0200] {dagbag.py:540} INFO - Filling up the DagBag from /home/ccd/airflow/dags/daily_dag.py
[2025-06-09T17:44:24.080+0200] {processor.py:840} INFO - DAG(s) 'fetch_daily_pollution_weather_dag' retrieved from /home/ccd/airflow/dags/daily_dag.py
[2025-06-09T17:44:24.185+0200] {logging_mixin.py:188} INFO - [2025-06-09T17:44:24.184+0200] {dag.py:3096} INFO - Sync 1 DAGs
[2025-06-09T17:44:24.209+0200] {logging_mixin.py:188} INFO - [2025-06-09T17:44:24.208+0200] {dag.py:3954} INFO - Setting next_dagrun for fetch_daily_pollution_weather_dag to 2025-06-09 00:00:00+00:00, run_after=2025-06-10 00:00:00+00:00
[2025-06-09T17:44:24.242+0200] {processor.py:183} INFO - Processing /home/ccd/airflow/dags/daily_dag.py took 2.144 seconds
[2025-06-09T17:44:58.823+0200] {processor.py:161} INFO - Started process (PID=112859) to work on /home/ccd/airflow/dags/daily_dag.py
[2025-06-09T17:44:58.824+0200] {processor.py:830} INFO - Processing file /home/ccd/airflow/dags/daily_dag.py for tasks to queue
[2025-06-09T17:44:58.825+0200] {logging_mixin.py:188} INFO - [2025-06-09T17:44:58.824+0200] {dagbag.py:540} INFO - Filling up the DagBag from /home/ccd/airflow/dags/daily_dag.py
[2025-06-09T17:45:00.669+0200] {processor.py:840} INFO - DAG(s) 'fetch_daily_pollution_weather_dag' retrieved from /home/ccd/airflow/dags/daily_dag.py
[2025-06-09T17:45:00.713+0200] {logging_mixin.py:188} INFO - [2025-06-09T17:45:00.712+0200] {dag.py:3096} INFO - Sync 1 DAGs
[2025-06-09T17:45:00.753+0200] {logging_mixin.py:188} INFO - [2025-06-09T17:45:00.752+0200] {dag.py:3954} INFO - Setting next_dagrun for fetch_daily_pollution_weather_dag to 2025-06-09 00:00:00+00:00, run_after=2025-06-10 00:00:00+00:00
[2025-06-09T17:45:00.809+0200] {processor.py:183} INFO - Processing /home/ccd/airflow/dags/daily_dag.py took 1.991 seconds
[2025-06-09T17:45:35.415+0200] {processor.py:161} INFO - Started process (PID=113130) to work on /home/ccd/airflow/dags/daily_dag.py
[2025-06-09T17:45:35.417+0200] {processor.py:830} INFO - Processing file /home/ccd/airflow/dags/daily_dag.py for tasks to queue
[2025-06-09T17:45:35.419+0200] {logging_mixin.py:188} INFO - [2025-06-09T17:45:35.418+0200] {dagbag.py:540} INFO - Filling up the DagBag from /home/ccd/airflow/dags/daily_dag.py
[2025-06-09T17:45:36.043+0200] {processor.py:840} INFO - DAG(s) 'fetch_daily_pollution_weather_dag' retrieved from /home/ccd/airflow/dags/daily_dag.py
[2025-06-09T17:45:36.054+0200] {logging_mixin.py:188} INFO - [2025-06-09T17:45:36.053+0200] {dag.py:3096} INFO - Sync 1 DAGs
[2025-06-09T17:45:36.072+0200] {logging_mixin.py:188} INFO - [2025-06-09T17:45:36.072+0200] {dag.py:3954} INFO - Setting next_dagrun for fetch_daily_pollution_weather_dag to 2025-06-09 00:00:00+00:00, run_after=2025-06-10 00:00:00+00:00
[2025-06-09T17:45:36.108+0200] {processor.py:183} INFO - Processing /home/ccd/airflow/dags/daily_dag.py took 0.697 seconds
[2025-06-09T17:46:07.779+0200] {processor.py:161} INFO - Started process (PID=113317) to work on /home/ccd/airflow/dags/daily_dag.py
[2025-06-09T17:46:07.782+0200] {processor.py:830} INFO - Processing file /home/ccd/airflow/dags/daily_dag.py for tasks to queue
[2025-06-09T17:46:07.784+0200] {logging_mixin.py:188} INFO - [2025-06-09T17:46:07.784+0200] {dagbag.py:540} INFO - Filling up the DagBag from /home/ccd/airflow/dags/daily_dag.py
[2025-06-09T17:46:08.250+0200] {processor.py:840} INFO - DAG(s) 'fetch_daily_pollution_weather_dag' retrieved from /home/ccd/airflow/dags/daily_dag.py
[2025-06-09T17:46:08.258+0200] {logging_mixin.py:188} INFO - [2025-06-09T17:46:08.258+0200] {dag.py:3096} INFO - Sync 1 DAGs
[2025-06-09T17:46:08.269+0200] {logging_mixin.py:188} INFO - [2025-06-09T17:46:08.269+0200] {dag.py:3954} INFO - Setting next_dagrun for fetch_daily_pollution_weather_dag to 2025-06-09 00:00:00+00:00, run_after=2025-06-10 00:00:00+00:00
[2025-06-09T17:46:08.297+0200] {processor.py:183} INFO - Processing /home/ccd/airflow/dags/daily_dag.py took 0.526 seconds
[2025-06-09T17:46:40.718+0200] {processor.py:161} INFO - Started process (PID=113569) to work on /home/ccd/airflow/dags/daily_dag.py
[2025-06-09T17:46:40.730+0200] {processor.py:830} INFO - Processing file /home/ccd/airflow/dags/daily_dag.py for tasks to queue
[2025-06-09T17:46:40.731+0200] {logging_mixin.py:188} INFO - [2025-06-09T17:46:40.731+0200] {dagbag.py:540} INFO - Filling up the DagBag from /home/ccd/airflow/dags/daily_dag.py
[2025-06-09T17:46:41.226+0200] {processor.py:840} INFO - DAG(s) 'fetch_daily_pollution_weather_dag' retrieved from /home/ccd/airflow/dags/daily_dag.py
[2025-06-09T17:46:41.235+0200] {logging_mixin.py:188} INFO - [2025-06-09T17:46:41.235+0200] {dag.py:3096} INFO - Sync 1 DAGs
[2025-06-09T17:46:41.249+0200] {logging_mixin.py:188} INFO - [2025-06-09T17:46:41.249+0200] {dag.py:3954} INFO - Setting next_dagrun for fetch_daily_pollution_weather_dag to 2025-06-09 00:00:00+00:00, run_after=2025-06-10 00:00:00+00:00
[2025-06-09T17:46:41.282+0200] {processor.py:183} INFO - Processing /home/ccd/airflow/dags/daily_dag.py took 0.568 seconds
[2025-06-09T17:48:00.571+0200] {processor.py:161} INFO - Started process (PID=114051) to work on /home/ccd/airflow/dags/daily_dag.py
[2025-06-09T17:48:00.572+0200] {processor.py:830} INFO - Processing file /home/ccd/airflow/dags/daily_dag.py for tasks to queue
[2025-06-09T17:48:00.574+0200] {logging_mixin.py:188} INFO - [2025-06-09T17:48:00.574+0200] {dagbag.py:540} INFO - Filling up the DagBag from /home/ccd/airflow/dags/daily_dag.py
[2025-06-09T17:48:01.132+0200] {processor.py:840} INFO - DAG(s) 'fetch_daily_pollution_weather_dag' retrieved from /home/ccd/airflow/dags/daily_dag.py
[2025-06-09T17:48:01.142+0200] {logging_mixin.py:188} INFO - [2025-06-09T17:48:01.141+0200] {dag.py:3096} INFO - Sync 1 DAGs
[2025-06-09T17:48:01.161+0200] {logging_mixin.py:188} INFO - [2025-06-09T17:48:01.160+0200] {dag.py:3954} INFO - Setting next_dagrun for fetch_daily_pollution_weather_dag to 2025-06-09 00:00:00+00:00, run_after=2025-06-10 00:00:00+00:00
[2025-06-09T17:48:01.266+0200] {processor.py:183} INFO - Processing /home/ccd/airflow/dags/daily_dag.py took 0.700 seconds
[2025-06-09T17:50:22.345+0200] {processor.py:161} INFO - Started process (PID=117777) to work on /home/ccd/airflow/dags/daily_dag.py
[2025-06-09T17:50:22.355+0200] {processor.py:830} INFO - Processing file /home/ccd/airflow/dags/daily_dag.py for tasks to queue
[2025-06-09T17:50:22.356+0200] {logging_mixin.py:188} INFO - [2025-06-09T17:50:22.356+0200] {dagbag.py:540} INFO - Filling up the DagBag from /home/ccd/airflow/dags/daily_dag.py
[2025-06-09T17:50:22.829+0200] {processor.py:840} INFO - DAG(s) 'fetch_daily_pollution_weather_dag' retrieved from /home/ccd/airflow/dags/daily_dag.py
[2025-06-09T17:50:22.837+0200] {logging_mixin.py:188} INFO - [2025-06-09T17:50:22.837+0200] {dag.py:3096} INFO - Sync 1 DAGs
[2025-06-09T17:50:22.856+0200] {logging_mixin.py:188} INFO - [2025-06-09T17:50:22.856+0200] {dag.py:3954} INFO - Setting next_dagrun for fetch_daily_pollution_weather_dag to 2025-06-09 00:00:00+00:00, run_after=2025-06-10 00:00:00+00:00
[2025-06-09T17:50:22.887+0200] {processor.py:183} INFO - Processing /home/ccd/airflow/dags/daily_dag.py took 0.546 seconds
[2025-06-09T17:51:14.378+0200] {processor.py:161} INFO - Started process (PID=118302) to work on /home/ccd/airflow/dags/daily_dag.py
[2025-06-09T17:51:14.388+0200] {processor.py:830} INFO - Processing file /home/ccd/airflow/dags/daily_dag.py for tasks to queue
[2025-06-09T17:51:14.389+0200] {logging_mixin.py:188} INFO - [2025-06-09T17:51:14.389+0200] {dagbag.py:540} INFO - Filling up the DagBag from /home/ccd/airflow/dags/daily_dag.py
[2025-06-09T17:51:14.810+0200] {processor.py:840} INFO - DAG(s) 'fetch_daily_pollution_weather_dag' retrieved from /home/ccd/airflow/dags/daily_dag.py
[2025-06-09T17:51:14.818+0200] {logging_mixin.py:188} INFO - [2025-06-09T17:51:14.818+0200] {dag.py:3096} INFO - Sync 1 DAGs
[2025-06-09T17:51:14.831+0200] {logging_mixin.py:188} INFO - [2025-06-09T17:51:14.831+0200] {dag.py:3954} INFO - Setting next_dagrun for fetch_daily_pollution_weather_dag to 2025-06-09 00:00:00+00:00, run_after=2025-06-10 00:00:00+00:00
[2025-06-09T17:51:14.862+0200] {processor.py:183} INFO - Processing /home/ccd/airflow/dags/daily_dag.py took 0.488 seconds
[2025-06-09T17:51:52.198+0200] {processor.py:161} INFO - Started process (PID=118531) to work on /home/ccd/airflow/dags/daily_dag.py
[2025-06-09T17:51:52.199+0200] {processor.py:830} INFO - Processing file /home/ccd/airflow/dags/daily_dag.py for tasks to queue
[2025-06-09T17:51:52.200+0200] {logging_mixin.py:188} INFO - [2025-06-09T17:51:52.200+0200] {dagbag.py:540} INFO - Filling up the DagBag from /home/ccd/airflow/dags/daily_dag.py
[2025-06-09T17:51:52.720+0200] {processor.py:840} INFO - DAG(s) 'fetch_daily_pollution_weather_dag' retrieved from /home/ccd/airflow/dags/daily_dag.py
[2025-06-09T17:51:52.732+0200] {logging_mixin.py:188} INFO - [2025-06-09T17:51:52.731+0200] {dag.py:3096} INFO - Sync 1 DAGs
[2025-06-09T17:51:52.748+0200] {logging_mixin.py:188} INFO - [2025-06-09T17:51:52.747+0200] {dag.py:3954} INFO - Setting next_dagrun for fetch_daily_pollution_weather_dag to 2025-06-09 00:00:00+00:00, run_after=2025-06-10 00:00:00+00:00
[2025-06-09T17:51:52.781+0200] {processor.py:183} INFO - Processing /home/ccd/airflow/dags/daily_dag.py took 0.588 seconds
[2025-06-09T17:52:48.146+0200] {processor.py:161} INFO - Started process (PID=118840) to work on /home/ccd/airflow/dags/daily_dag.py
[2025-06-09T17:52:48.156+0200] {processor.py:830} INFO - Processing file /home/ccd/airflow/dags/daily_dag.py for tasks to queue
[2025-06-09T17:52:48.157+0200] {logging_mixin.py:188} INFO - [2025-06-09T17:52:48.157+0200] {dagbag.py:540} INFO - Filling up the DagBag from /home/ccd/airflow/dags/daily_dag.py
[2025-06-09T17:52:48.690+0200] {processor.py:840} INFO - DAG(s) 'fetch_daily_pollution_weather_dag' retrieved from /home/ccd/airflow/dags/daily_dag.py
[2025-06-09T17:52:48.815+0200] {logging_mixin.py:188} INFO - [2025-06-09T17:52:48.815+0200] {dag.py:3096} INFO - Sync 1 DAGs
[2025-06-09T17:52:48.823+0200] {logging_mixin.py:188} INFO - [2025-06-09T17:52:48.823+0200] {dag.py:3118} INFO - Creating ORM DAG for fetch_daily_pollution_weather_dag
[2025-06-09T17:52:48.831+0200] {logging_mixin.py:188} INFO - [2025-06-09T17:52:48.830+0200] {dag.py:3954} INFO - Setting next_dagrun for fetch_daily_pollution_weather_dag to 2025-06-05 00:00:00+00:00, run_after=2025-06-06 00:00:00+00:00
[2025-06-09T17:52:48.864+0200] {processor.py:183} INFO - Processing /home/ccd/airflow/dags/daily_dag.py took 0.722 seconds
[2025-06-09T17:55:38.630+0200] {processor.py:161} INFO - Started process (PID=122008) to work on /home/ccd/airflow/dags/daily_dag.py
[2025-06-09T17:55:38.631+0200] {processor.py:830} INFO - Processing file /home/ccd/airflow/dags/daily_dag.py for tasks to queue
[2025-06-09T17:55:38.633+0200] {logging_mixin.py:188} INFO - [2025-06-09T17:55:38.632+0200] {dagbag.py:540} INFO - Filling up the DagBag from /home/ccd/airflow/dags/daily_dag.py
[2025-06-09T17:55:39.203+0200] {processor.py:840} INFO - DAG(s) 'fetch_daily_pollution_weather_dag' retrieved from /home/ccd/airflow/dags/daily_dag.py
[2025-06-09T17:55:39.215+0200] {logging_mixin.py:188} INFO - [2025-06-09T17:55:39.213+0200] {dag.py:3096} INFO - Sync 1 DAGs
[2025-06-09T17:55:39.317+0200] {processor.py:183} INFO - Processing /home/ccd/airflow/dags/daily_dag.py took 0.694 seconds
[2025-06-09T17:56:43.110+0200] {processor.py:161} INFO - Started process (PID=122637) to work on /home/ccd/airflow/dags/daily_dag.py
[2025-06-09T17:56:43.122+0200] {processor.py:830} INFO - Processing file /home/ccd/airflow/dags/daily_dag.py for tasks to queue
[2025-06-09T17:56:43.123+0200] {logging_mixin.py:188} INFO - [2025-06-09T17:56:43.123+0200] {dagbag.py:540} INFO - Filling up the DagBag from /home/ccd/airflow/dags/daily_dag.py
[2025-06-09T17:56:43.727+0200] {processor.py:840} INFO - DAG(s) 'fetch_daily_pollution_weather_dag' retrieved from /home/ccd/airflow/dags/daily_dag.py
[2025-06-09T17:56:43.742+0200] {logging_mixin.py:188} INFO - [2025-06-09T17:56:43.741+0200] {dag.py:3096} INFO - Sync 1 DAGs
[2025-06-09T17:56:43.758+0200] {logging_mixin.py:188} INFO - [2025-06-09T17:56:43.758+0200] {dag.py:3954} INFO - Setting next_dagrun for fetch_daily_pollution_weather_dag to 2025-06-09 00:00:00+00:00, run_after=2025-06-10 00:00:00+00:00
[2025-06-09T17:56:43.784+0200] {processor.py:183} INFO - Processing /home/ccd/airflow/dags/daily_dag.py took 0.678 seconds
[2025-06-09T17:57:38.535+0200] {processor.py:161} INFO - Started process (PID=123027) to work on /home/ccd/airflow/dags/daily_dag.py
[2025-06-09T17:57:38.538+0200] {processor.py:830} INFO - Processing file /home/ccd/airflow/dags/daily_dag.py for tasks to queue
[2025-06-09T17:57:38.540+0200] {logging_mixin.py:188} INFO - [2025-06-09T17:57:38.539+0200] {dagbag.py:540} INFO - Filling up the DagBag from /home/ccd/airflow/dags/daily_dag.py
[2025-06-09T17:57:39.140+0200] {processor.py:840} INFO - DAG(s) 'fetch_daily_pollution_weather_dag' retrieved from /home/ccd/airflow/dags/daily_dag.py
[2025-06-09T17:57:39.149+0200] {logging_mixin.py:188} INFO - [2025-06-09T17:57:39.149+0200] {dag.py:3096} INFO - Sync 1 DAGs
[2025-06-09T17:57:39.165+0200] {logging_mixin.py:188} INFO - [2025-06-09T17:57:39.165+0200] {dag.py:3954} INFO - Setting next_dagrun for fetch_daily_pollution_weather_dag to 2025-06-09 00:00:00+00:00, run_after=2025-06-10 00:00:00+00:00
[2025-06-09T17:57:39.262+0200] {processor.py:183} INFO - Processing /home/ccd/airflow/dags/daily_dag.py took 0.731 seconds
[2025-06-09T17:58:42.271+0200] {processor.py:161} INFO - Started process (PID=123463) to work on /home/ccd/airflow/dags/daily_dag.py
[2025-06-09T17:58:42.273+0200] {processor.py:830} INFO - Processing file /home/ccd/airflow/dags/daily_dag.py for tasks to queue
[2025-06-09T17:58:42.275+0200] {logging_mixin.py:188} INFO - [2025-06-09T17:58:42.274+0200] {dagbag.py:540} INFO - Filling up the DagBag from /home/ccd/airflow/dags/daily_dag.py
[2025-06-09T17:58:43.094+0200] {processor.py:840} INFO - DAG(s) 'fetch_daily_pollution_weather_dag' retrieved from /home/ccd/airflow/dags/daily_dag.py
[2025-06-09T17:58:43.099+0200] {logging_mixin.py:188} INFO - [2025-06-09T17:58:43.099+0200] {dag.py:3096} INFO - Sync 1 DAGs
[2025-06-09T17:58:43.120+0200] {logging_mixin.py:188} INFO - [2025-06-09T17:58:43.119+0200] {dag.py:3954} INFO - Setting next_dagrun for fetch_daily_pollution_weather_dag to 2025-06-05 00:00:00+00:00, run_after=2025-06-06 00:00:00+00:00
[2025-06-09T17:58:43.150+0200] {processor.py:183} INFO - Processing /home/ccd/airflow/dags/daily_dag.py took 0.886 seconds
[2025-06-09T18:02:16.820+0200] {processor.py:161} INFO - Started process (PID=126976) to work on /home/ccd/airflow/dags/daily_dag.py
[2025-06-09T18:02:16.823+0200] {processor.py:830} INFO - Processing file /home/ccd/airflow/dags/daily_dag.py for tasks to queue
[2025-06-09T18:02:16.824+0200] {logging_mixin.py:188} INFO - [2025-06-09T18:02:16.824+0200] {dagbag.py:540} INFO - Filling up the DagBag from /home/ccd/airflow/dags/daily_dag.py
[2025-06-09T18:02:17.326+0200] {processor.py:840} INFO - DAG(s) 'fetch_daily_pollution_weather_dag' retrieved from /home/ccd/airflow/dags/daily_dag.py
[2025-06-09T18:02:17.376+0200] {logging_mixin.py:188} INFO - [2025-06-09T18:02:17.376+0200] {dag.py:3096} INFO - Sync 1 DAGs
[2025-06-09T18:02:17.387+0200] {logging_mixin.py:188} INFO - [2025-06-09T18:02:17.387+0200] {dag.py:3954} INFO - Setting next_dagrun for fetch_daily_pollution_weather_dag to 2025-06-09 00:00:00+00:00, run_after=2025-06-10 00:00:00+00:00
[2025-06-09T18:02:17.419+0200] {processor.py:183} INFO - Processing /home/ccd/airflow/dags/daily_dag.py took 0.603 seconds
