[2025-05-30T16:59:43.373+0200] {local_task_job_runner.py:120} INFO - ::group::Pre task execution logs
[2025-05-30T16:59:43.390+0200] {taskinstance.py:2073} INFO - Dependencies all met for dep_context=non-requeueable deps ti=<TaskInstance: fetch_daily_pollution_weather_dag.format_daily_data_all_cities scheduled__2025-05-23T00:00:00+00:00 [queued]>
[2025-05-30T16:59:43.396+0200] {taskinstance.py:2073} INFO - Dependencies all met for dep_context=requeueable deps ti=<TaskInstance: fetch_daily_pollution_weather_dag.format_daily_data_all_cities scheduled__2025-05-23T00:00:00+00:00 [queued]>
[2025-05-30T16:59:43.396+0200] {taskinstance.py:2303} INFO - Starting attempt 1 of 2
[2025-05-30T16:59:43.417+0200] {taskinstance.py:2327} INFO - Executing <Task(PythonOperator): format_daily_data_all_cities> on 2025-05-23 00:00:00+00:00
[2025-05-30T16:59:43.421+0200] {standard_task_runner.py:63} INFO - Started process 26851 to run task
[2025-05-30T16:59:43.426+0200] {standard_task_runner.py:90} INFO - Running: ['airflow', 'tasks', 'run', 'fetch_daily_pollution_weather_dag', 'format_daily_data_all_cities', 'scheduled__2025-05-23T00:00:00+00:00', '--job-id', '66', '--raw', '--subdir', 'DAGS_FOLDER/daily_dag.py', '--cfg-path', '/tmp/tmpui5mz1oa']
[2025-05-30T16:59:43.427+0200] {standard_task_runner.py:91} INFO - Job 66: Subtask format_daily_data_all_cities
[2025-05-30T16:59:43.474+0200] {task_command.py:426} INFO - Running <TaskInstance: fetch_daily_pollution_weather_dag.format_daily_data_all_cities scheduled__2025-05-23T00:00:00+00:00 [running]> on host DESKTOP-2QS8J6D.
[2025-05-30T16:59:43.558+0200] {taskinstance.py:2644} INFO - Exporting env vars: AIRFLOW_CTX_DAG_OWNER='airflow' AIRFLOW_CTX_DAG_ID='fetch_daily_pollution_weather_dag' AIRFLOW_CTX_TASK_ID='format_daily_data_all_cities' AIRFLOW_CTX_EXECUTION_DATE='2025-05-23T00:00:00+00:00' AIRFLOW_CTX_TRY_NUMBER='1' AIRFLOW_CTX_DAG_RUN_ID='scheduled__2025-05-23T00:00:00+00:00'
[2025-05-30T16:59:43.559+0200] {taskinstance.py:430} INFO - ::endgroup::
[2025-05-30T16:59:43.747+0200] {python.py:237} INFO - Done. Returned value was: None
[2025-05-30T16:59:43.747+0200] {taskinstance.py:441} INFO - ::group::Post task execution logs
[2025-05-30T16:59:43.749+0200] {taskinstance.py:1205} INFO - Marking task as SUCCESS. dag_id=fetch_daily_pollution_weather_dag, task_id=format_daily_data_all_cities, execution_date=20250523T000000, start_date=20250530T145943, end_date=20250530T145943
[2025-05-30T16:59:43.802+0200] {local_task_job_runner.py:240} INFO - Task exited with return code 0
[2025-05-30T16:59:43.810+0200] {taskinstance.py:3482} INFO - 0 downstream tasks scheduled from follow-on schedule check
[2025-05-30T16:59:43.810+0200] {local_task_job_runner.py:222} INFO - ::endgroup::
[2025-05-30T17:13:11.026+0200] {local_task_job_runner.py:120} INFO - ::group::Pre task execution logs
[2025-05-30T17:13:11.038+0200] {taskinstance.py:2073} INFO - Dependencies all met for dep_context=non-requeueable deps ti=<TaskInstance: fetch_daily_pollution_weather_dag.format_daily_data_all_cities scheduled__2025-05-23T00:00:00+00:00 [queued]>
[2025-05-30T17:13:11.040+0200] {taskinstance.py:2073} INFO - Dependencies all met for dep_context=requeueable deps ti=<TaskInstance: fetch_daily_pollution_weather_dag.format_daily_data_all_cities scheduled__2025-05-23T00:00:00+00:00 [queued]>
[2025-05-30T17:13:11.041+0200] {taskinstance.py:2303} INFO - Starting attempt 1 of 2
[2025-05-30T17:13:11.056+0200] {taskinstance.py:2327} INFO - Executing <Task(PythonOperator): format_daily_data_all_cities> on 2025-05-23 00:00:00+00:00
[2025-05-30T17:13:11.058+0200] {standard_task_runner.py:63} INFO - Started process 29698 to run task
[2025-05-30T17:13:11.059+0200] {standard_task_runner.py:90} INFO - Running: ['airflow', 'tasks', 'run', 'fetch_daily_pollution_weather_dag', 'format_daily_data_all_cities', 'scheduled__2025-05-23T00:00:00+00:00', '--job-id', '74', '--raw', '--subdir', 'DAGS_FOLDER/daily_dag.py', '--cfg-path', '/tmp/tmpf9uaeqko']
[2025-05-30T17:13:11.060+0200] {standard_task_runner.py:91} INFO - Job 74: Subtask format_daily_data_all_cities
[2025-05-30T17:13:11.087+0200] {task_command.py:426} INFO - Running <TaskInstance: fetch_daily_pollution_weather_dag.format_daily_data_all_cities scheduled__2025-05-23T00:00:00+00:00 [running]> on host DESKTOP-2QS8J6D.
[2025-05-30T17:13:11.130+0200] {taskinstance.py:2644} INFO - Exporting env vars: AIRFLOW_CTX_DAG_OWNER='airflow' AIRFLOW_CTX_DAG_ID='fetch_daily_pollution_weather_dag' AIRFLOW_CTX_TASK_ID='format_daily_data_all_cities' AIRFLOW_CTX_EXECUTION_DATE='2025-05-23T00:00:00+00:00' AIRFLOW_CTX_TRY_NUMBER='1' AIRFLOW_CTX_DAG_RUN_ID='scheduled__2025-05-23T00:00:00+00:00'
[2025-05-30T17:13:11.131+0200] {taskinstance.py:430} INFO - ::endgroup::
[2025-05-30T17:13:11.254+0200] {python.py:237} INFO - Done. Returned value was: None
[2025-05-30T17:13:11.254+0200] {taskinstance.py:441} INFO - ::group::Post task execution logs
[2025-05-30T17:13:11.256+0200] {taskinstance.py:1205} INFO - Marking task as SUCCESS. dag_id=fetch_daily_pollution_weather_dag, task_id=format_daily_data_all_cities, execution_date=20250523T000000, start_date=20250530T151311, end_date=20250530T151311
[2025-05-30T17:13:11.272+0200] {local_task_job_runner.py:240} INFO - Task exited with return code 0
[2025-05-30T17:13:11.277+0200] {taskinstance.py:3482} INFO - 0 downstream tasks scheduled from follow-on schedule check
[2025-05-30T17:13:11.278+0200] {local_task_job_runner.py:222} INFO - ::endgroup::
