[2025-06-09T11:50:40.872+0200] {local_task_job_runner.py:120} INFO - ::group::Pre task execution logs
[2025-06-09T11:50:40.884+0200] {taskinstance.py:2073} INFO - Dependencies all met for dep_context=non-requeueable deps ti=<TaskInstance: inspect_static_parquet_file_dag.inspect_static_parquet manual__2025-06-09T09:50:38.311858+00:00 [queued]>
[2025-06-09T11:50:40.887+0200] {taskinstance.py:2073} INFO - Dependencies all met for dep_context=requeueable deps ti=<TaskInstance: inspect_static_parquet_file_dag.inspect_static_parquet manual__2025-06-09T09:50:38.311858+00:00 [queued]>
[2025-06-09T11:50:40.887+0200] {taskinstance.py:2303} INFO - Starting attempt 1 of 1
[2025-06-09T11:50:40.902+0200] {taskinstance.py:2327} INFO - Executing <Task(PythonOperator): inspect_static_parquet> on 2025-06-09 09:50:38.311858+00:00
[2025-06-09T11:50:40.905+0200] {standard_task_runner.py:63} INFO - Started process 16794 to run task
[2025-06-09T11:50:40.908+0200] {standard_task_runner.py:90} INFO - Running: ['airflow', 'tasks', 'run', 'inspect_static_parquet_file_dag', 'inspect_static_parquet', 'manual__2025-06-09T09:50:38.311858+00:00', '--job-id', '356', '--raw', '--subdir', 'DAGS_FOLDER/inspect_parquet_file.py', '--cfg-path', '/tmp/tmpe0kvn9yp']
[2025-06-09T11:50:40.910+0200] {standard_task_runner.py:91} INFO - Job 356: Subtask inspect_static_parquet
[2025-06-09T11:50:40.945+0200] {task_command.py:426} INFO - Running <TaskInstance: inspect_static_parquet_file_dag.inspect_static_parquet manual__2025-06-09T09:50:38.311858+00:00 [running]> on host DESKTOP-2QS8J6D.
[2025-06-09T11:50:41.013+0200] {taskinstance.py:2644} INFO - Exporting env vars: AIRFLOW_CTX_DAG_OWNER='airflow' AIRFLOW_CTX_DAG_ID='inspect_static_parquet_file_dag' AIRFLOW_CTX_TASK_ID='inspect_static_parquet' AIRFLOW_CTX_EXECUTION_DATE='2025-06-09T09:50:38.311858+00:00' AIRFLOW_CTX_TRY_NUMBER='1' AIRFLOW_CTX_DAG_RUN_ID='manual__2025-06-09T09:50:38.311858+00:00'
[2025-06-09T11:50:41.014+0200] {taskinstance.py:430} INFO - ::endgroup::
[2025-06-09T11:50:44.761+0200] {logging_mixin.py:188} INFO - === Pollution Parquet Schema ===
[2025-06-09T11:50:47.410+0200] {logging_mixin.py:188} INFO - root
 |-- city_name: string (nullable = true)
 |-- time: string (nullable = true)
 |-- co: double (nullable = true)
 |-- no: double (nullable = true)
 |-- no2: double (nullable = true)
 |-- o3: double (nullable = true)
 |-- so2: double (nullable = true)
 |-- pm2_5: double (nullable = true)
 |-- pm10: double (nullable = true)
 |-- nh3: double (nullable = true)
 |-- aqi_mode: long (nullable = true)
 |-- lat: double (nullable = true)
 |-- lon: double (nullable = true)
 |-- temperature_2m_max: double (nullable = true)
 |-- temperature_2m_min: double (nullable = true)
 |-- temperature_2m_mean: double (nullable = true)
 |-- precipitation_sum: double (nullable = true)
 |-- snowfall_sum: double (nullable = true)
 |-- cloudcover_mean: long (nullable = true)
 |-- windgusts_10m_max: double (nullable = true)
 |-- winddirection_10m_dominant: long (nullable = true)
 |-- shortwave_radiation_sum: double (nullable = true)
 |-- et0_fao_evapotranspiration: double (nullable = true)
[2025-06-09T11:50:48.607+0200] {logging_mixin.py:188} INFO - +---------+----------+-------+-----+-----+------+-----+-----+------+-----+--------+-------+-------+------------------+------------------+-------------------+-----------------+------------+---------------+-----------------+--------------------------+-----------------------+--------------------------+
|city_name|time      |co     |no   |no2  |o3    |so2  |pm2_5|pm10  |nh3  |aqi_mode|lat    |lon    |temperature_2m_max|temperature_2m_min|temperature_2m_mean|precipitation_sum|snowfall_sum|cloudcover_mean|windgusts_10m_max|winddirection_10m_dominant|shortwave_radiation_sum|et0_fao_evapotranspiration|
+---------+----------+-------+-----+-----+------+-----+-----+------+-----+--------+-------+-------+------------------+------------------+-------------------+-----------------+------------+---------------+-----------------+--------------------------+-----------------------+--------------------------+
|istanbul |2025-05-22|102.039|0.205|2.814|83.291|2.369|7.774|19.842|6.582|2       |41.0082|28.9784|30.5              |16.8              |24.5               |0.0              |0.0         |23             |43.2             |189                       |26.03                  |6.08                      |
+---------+----------+-------+-----+-----+------+-----+-----+------+-----+--------+-------+-------+------------------+------------------+-------------------+-----------------+------------+---------------+-----------------+--------------------------+-----------------------+--------------------------+
[2025-06-09T11:50:48.608+0200] {logging_mixin.py:188} INFO - === Weather Parquet Schema ===
[2025-06-09T11:50:48.691+0200] {logging_mixin.py:188} INFO - root
 |-- city_name: string (nullable = true)
 |-- time: string (nullable = true)
 |-- co: double (nullable = true)
 |-- no: double (nullable = true)
 |-- no2: double (nullable = true)
 |-- o3: double (nullable = true)
 |-- so2: double (nullable = true)
 |-- pm2_5: double (nullable = true)
 |-- pm10: double (nullable = true)
 |-- nh3: double (nullable = true)
 |-- aqi_mode: long (nullable = true)
 |-- lat: double (nullable = true)
 |-- lon: double (nullable = true)
 |-- temperature_2m_max: double (nullable = true)
 |-- temperature_2m_min: double (nullable = true)
 |-- temperature_2m_mean: double (nullable = true)
 |-- precipitation_sum: double (nullable = true)
 |-- snowfall_sum: double (nullable = true)
 |-- cloudcover_mean: long (nullable = true)
 |-- windgusts_10m_max: double (nullable = true)
 |-- winddirection_10m_dominant: long (nullable = true)
 |-- shortwave_radiation_sum: double (nullable = true)
 |-- et0_fao_evapotranspiration: double (nullable = true)
[2025-06-09T11:50:48.829+0200] {logging_mixin.py:188} INFO - +---------+----------+-------+-----+-----+------+-----+-----+------+-----+--------+-------+-------+------------------+------------------+-------------------+-----------------+------------+---------------+-----------------+--------------------------+-----------------------+--------------------------+
|city_name|time      |co     |no   |no2  |o3    |so2  |pm2_5|pm10  |nh3  |aqi_mode|lat    |lon    |temperature_2m_max|temperature_2m_min|temperature_2m_mean|precipitation_sum|snowfall_sum|cloudcover_mean|windgusts_10m_max|winddirection_10m_dominant|shortwave_radiation_sum|et0_fao_evapotranspiration|
+---------+----------+-------+-----+-----+------+-----+-----+------+-----+--------+-------+-------+------------------+------------------+-------------------+-----------------+------------+---------------+-----------------+--------------------------+-----------------------+--------------------------+
|istanbul |2025-05-22|102.039|0.205|2.814|83.291|2.369|7.774|19.842|6.582|2       |41.0082|28.9784|30.5              |16.8              |24.5               |0.0              |0.0         |23             |43.2             |189                       |26.03                  |6.08                      |
+---------+----------+-------+-----+-----+------+-----+-----+------+-----+--------+-------+-------+------------------+------------------+-------------------+-----------------+------------+---------------+-----------------+--------------------------+-----------------------+--------------------------+
[2025-06-09T11:50:49.321+0200] {python.py:237} INFO - Done. Returned value was: None
[2025-06-09T11:50:49.322+0200] {taskinstance.py:441} INFO - ::group::Post task execution logs
[2025-06-09T11:50:49.326+0200] {taskinstance.py:1205} INFO - Marking task as SUCCESS. dag_id=inspect_static_parquet_file_dag, task_id=inspect_static_parquet, execution_date=20250609T095038, start_date=20250609T095040, end_date=20250609T095049
[2025-06-09T11:50:49.379+0200] {local_task_job_runner.py:240} INFO - Task exited with return code 0
[2025-06-09T11:50:49.386+0200] {taskinstance.py:3482} INFO - 0 downstream tasks scheduled from follow-on schedule check
[2025-06-09T11:50:49.386+0200] {local_task_job_runner.py:222} INFO - ::endgroup::
