[2025-06-09T12:04:51.329+0200] {local_task_job_runner.py:120} INFO - ::group::Pre task execution logs
[2025-06-09T12:04:51.340+0200] {taskinstance.py:2073} INFO - Dependencies all met for dep_context=non-requeueable deps ti=<TaskInstance: fetch_daily_pollution_weather_dag.format_daily_data_all_cities scheduled__2025-06-07T00:00:00+00:00 [queued]>
[2025-06-09T12:04:51.343+0200] {taskinstance.py:2073} INFO - Dependencies all met for dep_context=requeueable deps ti=<TaskInstance: fetch_daily_pollution_weather_dag.format_daily_data_all_cities scheduled__2025-06-07T00:00:00+00:00 [queued]>
[2025-06-09T12:04:51.343+0200] {taskinstance.py:2303} INFO - Starting attempt 1 of 2
[2025-06-09T12:04:51.356+0200] {taskinstance.py:2327} INFO - Executing <Task(PythonOperator): format_daily_data_all_cities> on 2025-06-07 00:00:00+00:00
[2025-06-09T12:04:51.359+0200] {standard_task_runner.py:63} INFO - Started process 23391 to run task
[2025-06-09T12:04:51.361+0200] {standard_task_runner.py:90} INFO - Running: ['airflow', 'tasks', 'run', 'fetch_daily_pollution_weather_dag', 'format_daily_data_all_cities', 'scheduled__2025-06-07T00:00:00+00:00', '--job-id', '364', '--raw', '--subdir', 'DAGS_FOLDER/daily_dag.py', '--cfg-path', '/tmp/tmpe6qgjc5r']
[2025-06-09T12:04:51.361+0200] {standard_task_runner.py:91} INFO - Job 364: Subtask format_daily_data_all_cities
[2025-06-09T12:04:51.388+0200] {task_command.py:426} INFO - Running <TaskInstance: fetch_daily_pollution_weather_dag.format_daily_data_all_cities scheduled__2025-06-07T00:00:00+00:00 [running]> on host DESKTOP-2QS8J6D.
[2025-06-09T12:04:51.441+0200] {taskinstance.py:2644} INFO - Exporting env vars: AIRFLOW_CTX_DAG_OWNER='airflow' AIRFLOW_CTX_DAG_ID='fetch_daily_pollution_weather_dag' AIRFLOW_CTX_TASK_ID='format_daily_data_all_cities' AIRFLOW_CTX_EXECUTION_DATE='2025-06-07T00:00:00+00:00' AIRFLOW_CTX_TRY_NUMBER='1' AIRFLOW_CTX_DAG_RUN_ID='scheduled__2025-06-07T00:00:00+00:00'
[2025-06-09T12:04:51.441+0200] {taskinstance.py:430} INFO - ::endgroup::
[2025-06-09T12:04:51.442+0200] {logging_mixin.py:188} INFO - [START] Formatting data for execution_date: 2025-06-07
[2025-06-09T12:04:54.785+0200] {logging_mixin.py:188} INFO - [INFO] Spark session started
[2025-06-09T12:04:54.792+0200] {logging_mixin.py:188} INFO - [INFO] Loaded 2 cities from config
[2025-06-09T12:04:54.793+0200] {logging_mixin.py:188} INFO - [PROCESSING] City: istanbul
[2025-06-09T12:04:54.793+0200] {logging_mixin.py:188} INFO - [FOUND] Pollution file exists: /home/ccd/airflow/data/raw/pollution/istanbul/2025-06-07.json
[2025-06-09T12:04:54.795+0200] {logging_mixin.py:188} INFO - [INFO] Flattened pollution data: 25 rows
[2025-06-09T12:04:54.800+0200] {logging_mixin.py:188} INFO - [INFO] Aggregated pollution data: 1 rows
[2025-06-09T12:04:57.420+0200] {logging_mixin.py:188} INFO - [OK] Formatted pollution for istanbul
[2025-06-09T12:04:57.421+0200] {logging_mixin.py:188} INFO - [FOUND] Weather file exists: /home/ccd/airflow/data/raw/weather/istanbul/2025-06-07.json
[2025-06-09T12:04:57.422+0200] {logging_mixin.py:188} INFO - [INFO] Flattened weather data: 1 rows
[2025-06-09T12:04:57.982+0200] {logging_mixin.py:188} INFO - [OK] Formatted weather for istanbul
[2025-06-09T12:04:57.982+0200] {logging_mixin.py:188} INFO - [PROCESSING] City: moscow
[2025-06-09T12:04:57.982+0200] {logging_mixin.py:188} INFO - [FOUND] Pollution file exists: /home/ccd/airflow/data/raw/pollution/moscow/2025-06-07.json
[2025-06-09T12:04:57.984+0200] {logging_mixin.py:188} INFO - [INFO] Flattened pollution data: 25 rows
[2025-06-09T12:04:57.986+0200] {logging_mixin.py:188} INFO - [INFO] Aggregated pollution data: 1 rows
[2025-06-09T12:04:58.487+0200] {logging_mixin.py:188} INFO - [OK] Formatted pollution for moscow
[2025-06-09T12:04:58.487+0200] {logging_mixin.py:188} INFO - [FOUND] Weather file exists: /home/ccd/airflow/data/raw/weather/moscow/2025-06-07.json
[2025-06-09T12:04:58.490+0200] {logging_mixin.py:188} INFO - [INFO] Flattened weather data: 1 rows
[2025-06-09T12:04:58.973+0200] {logging_mixin.py:188} INFO - [OK] Formatted weather for moscow
[2025-06-09T12:04:59.966+0200] {logging_mixin.py:188} INFO - [DONE] Spark session closed
[2025-06-09T12:04:59.966+0200] {python.py:237} INFO - Done. Returned value was: None
[2025-06-09T12:04:59.967+0200] {taskinstance.py:441} INFO - ::group::Post task execution logs
[2025-06-09T12:04:59.971+0200] {taskinstance.py:1205} INFO - Marking task as SUCCESS. dag_id=fetch_daily_pollution_weather_dag, task_id=format_daily_data_all_cities, execution_date=20250607T000000, start_date=20250609T100451, end_date=20250609T100459
[2025-06-09T12:05:00.024+0200] {local_task_job_runner.py:240} INFO - Task exited with return code 0
[2025-06-09T12:05:00.032+0200] {taskinstance.py:3482} INFO - 1 downstream tasks scheduled from follow-on schedule check
[2025-06-09T12:05:00.042+0200] {local_task_job_runner.py:222} INFO - ::endgroup::
