[2025-05-29T00:58:09.299+0200] {local_task_job_runner.py:120} INFO - ::group::Pre task execution logs
[2025-05-29T00:58:09.314+0200] {taskinstance.py:2073} INFO - Dependencies all met for dep_context=non-requeueable deps ti=<TaskInstance: fetch_daily_pollution_weather_dag.fetch_daily_data_all_cities scheduled__2025-05-27T00:00:00+00:00 [queued]>
[2025-05-29T00:58:09.319+0200] {taskinstance.py:2073} INFO - Dependencies all met for dep_context=requeueable deps ti=<TaskInstance: fetch_daily_pollution_weather_dag.fetch_daily_data_all_cities scheduled__2025-05-27T00:00:00+00:00 [queued]>
[2025-05-29T00:58:09.320+0200] {taskinstance.py:2303} INFO - Starting attempt 1 of 2
[2025-05-29T00:58:09.336+0200] {taskinstance.py:2327} INFO - Executing <Task(PythonOperator): fetch_daily_data_all_cities> on 2025-05-27 00:00:00+00:00
[2025-05-29T00:58:09.339+0200] {standard_task_runner.py:63} INFO - Started process 395261 to run task
[2025-05-29T00:58:09.342+0200] {standard_task_runner.py:90} INFO - Running: ['airflow', 'tasks', 'run', 'fetch_daily_pollution_weather_dag', 'fetch_daily_data_all_cities', 'scheduled__2025-05-27T00:00:00+00:00', '--job-id', '55', '--raw', '--subdir', 'DAGS_FOLDER/daily_dag.py', '--cfg-path', '/tmp/tmpdyeoq9_7']
[2025-05-29T00:58:09.342+0200] {standard_task_runner.py:91} INFO - Job 55: Subtask fetch_daily_data_all_cities
[2025-05-29T00:58:09.375+0200] {task_command.py:426} INFO - Running <TaskInstance: fetch_daily_pollution_weather_dag.fetch_daily_data_all_cities scheduled__2025-05-27T00:00:00+00:00 [running]> on host DESKTOP-2QS8J6D.
[2025-05-29T00:58:09.434+0200] {taskinstance.py:2644} INFO - Exporting env vars: AIRFLOW_CTX_DAG_OWNER='airflow' AIRFLOW_CTX_DAG_ID='fetch_daily_pollution_weather_dag' AIRFLOW_CTX_TASK_ID='fetch_daily_data_all_cities' AIRFLOW_CTX_EXECUTION_DATE='2025-05-27T00:00:00+00:00' AIRFLOW_CTX_TRY_NUMBER='1' AIRFLOW_CTX_DAG_RUN_ID='scheduled__2025-05-27T00:00:00+00:00'
[2025-05-29T00:58:09.435+0200] {taskinstance.py:430} INFO - ::endgroup::
[2025-05-29T01:00:52.039+0200] {python.py:237} INFO - Done. Returned value was: None
[2025-05-29T01:00:52.040+0200] {taskinstance.py:441} INFO - ::group::Post task execution logs
[2025-05-29T01:00:52.059+0200] {taskinstance.py:1205} INFO - Marking task as SUCCESS. dag_id=fetch_daily_pollution_weather_dag, task_id=fetch_daily_data_all_cities, execution_date=20250527T000000, start_date=20250528T225809, end_date=20250528T230052
[2025-05-29T01:00:52.173+0200] {local_task_job_runner.py:240} INFO - Task exited with return code 0
[2025-05-29T01:00:52.216+0200] {taskinstance.py:3482} INFO - 1 downstream tasks scheduled from follow-on schedule check
[2025-05-29T01:00:52.241+0200] {local_task_job_runner.py:222} INFO - ::endgroup::
[2025-05-30T17:22:13.689+0200] {local_task_job_runner.py:120} INFO - ::group::Pre task execution logs
[2025-05-30T17:22:13.699+0200] {taskinstance.py:2073} INFO - Dependencies all met for dep_context=non-requeueable deps ti=<TaskInstance: fetch_daily_pollution_weather_dag.fetch_daily_data_all_cities scheduled__2025-05-27T00:00:00+00:00 [queued]>
[2025-05-30T17:22:13.702+0200] {taskinstance.py:2073} INFO - Dependencies all met for dep_context=requeueable deps ti=<TaskInstance: fetch_daily_pollution_weather_dag.fetch_daily_data_all_cities scheduled__2025-05-27T00:00:00+00:00 [queued]>
[2025-05-30T17:22:13.702+0200] {taskinstance.py:2303} INFO - Starting attempt 1 of 2
[2025-05-30T17:22:13.720+0200] {taskinstance.py:2327} INFO - Executing <Task(PythonOperator): fetch_daily_data_all_cities> on 2025-05-27 00:00:00+00:00
[2025-05-30T17:22:13.722+0200] {standard_task_runner.py:63} INFO - Started process 32620 to run task
[2025-05-30T17:22:13.724+0200] {standard_task_runner.py:90} INFO - Running: ['airflow', 'tasks', 'run', 'fetch_daily_pollution_weather_dag', 'fetch_daily_data_all_cities', 'scheduled__2025-05-27T00:00:00+00:00', '--job-id', '81', '--raw', '--subdir', 'DAGS_FOLDER/daily_dag.py', '--cfg-path', '/tmp/tmptpb6mtax']
[2025-05-30T17:22:13.724+0200] {standard_task_runner.py:91} INFO - Job 81: Subtask fetch_daily_data_all_cities
[2025-05-30T17:22:13.752+0200] {task_command.py:426} INFO - Running <TaskInstance: fetch_daily_pollution_weather_dag.fetch_daily_data_all_cities scheduled__2025-05-27T00:00:00+00:00 [running]> on host DESKTOP-2QS8J6D.
[2025-05-30T17:22:13.806+0200] {taskinstance.py:2644} INFO - Exporting env vars: AIRFLOW_CTX_DAG_OWNER='airflow' AIRFLOW_CTX_DAG_ID='fetch_daily_pollution_weather_dag' AIRFLOW_CTX_TASK_ID='fetch_daily_data_all_cities' AIRFLOW_CTX_EXECUTION_DATE='2025-05-27T00:00:00+00:00' AIRFLOW_CTX_TRY_NUMBER='1' AIRFLOW_CTX_DAG_RUN_ID='scheduled__2025-05-27T00:00:00+00:00'
[2025-05-30T17:22:13.807+0200] {taskinstance.py:430} INFO - ::endgroup::
[2025-05-30T17:25:09.521+0200] {python.py:237} INFO - Done. Returned value was: None
[2025-05-30T17:25:09.522+0200] {taskinstance.py:441} INFO - ::group::Post task execution logs
[2025-05-30T17:25:09.527+0200] {taskinstance.py:1205} INFO - Marking task as SUCCESS. dag_id=fetch_daily_pollution_weather_dag, task_id=fetch_daily_data_all_cities, execution_date=20250527T000000, start_date=20250530T152213, end_date=20250530T152509
[2025-05-30T17:25:09.579+0200] {local_task_job_runner.py:240} INFO - Task exited with return code 0
[2025-05-30T17:25:09.590+0200] {taskinstance.py:3482} INFO - 1 downstream tasks scheduled from follow-on schedule check
[2025-05-30T17:25:09.603+0200] {local_task_job_runner.py:222} INFO - ::endgroup::
