[2025-06-09T01:02:18.641+0200] {local_task_job_runner.py:120} INFO - ::group::Pre task execution logs
[2025-06-09T01:02:18.661+0200] {taskinstance.py:2073} INFO - Dependencies all met for dep_context=non-requeueable deps ti=<TaskInstance: inspect_static_parquet_file_dag.inspect_static_parquet manual__2025-06-08T23:02:15.372457+00:00 [queued]>
[2025-06-09T01:02:18.666+0200] {taskinstance.py:2073} INFO - Dependencies all met for dep_context=requeueable deps ti=<TaskInstance: inspect_static_parquet_file_dag.inspect_static_parquet manual__2025-06-08T23:02:15.372457+00:00 [queued]>
[2025-06-09T01:02:18.666+0200] {taskinstance.py:2303} INFO - Starting attempt 1 of 1
[2025-06-09T01:02:18.693+0200] {taskinstance.py:2327} INFO - Executing <Task(PythonOperator): inspect_static_parquet> on 2025-06-08 23:02:15.372457+00:00
[2025-06-09T01:02:18.696+0200] {standard_task_runner.py:63} INFO - Started process 1305056 to run task
[2025-06-09T01:02:18.701+0200] {standard_task_runner.py:90} INFO - Running: ['airflow', 'tasks', 'run', 'inspect_static_parquet_file_dag', 'inspect_static_parquet', 'manual__2025-06-08T23:02:15.372457+00:00', '--job-id', '342', '--raw', '--subdir', 'DAGS_FOLDER/inspect_parquet_file.py', '--cfg-path', '/tmp/tmpis5h0gh9']
[2025-06-09T01:02:18.703+0200] {standard_task_runner.py:91} INFO - Job 342: Subtask inspect_static_parquet
[2025-06-09T01:02:18.745+0200] {task_command.py:426} INFO - Running <TaskInstance: inspect_static_parquet_file_dag.inspect_static_parquet manual__2025-06-08T23:02:15.372457+00:00 [running]> on host DESKTOP-2QS8J6D.
[2025-06-09T01:02:18.832+0200] {taskinstance.py:2644} INFO - Exporting env vars: AIRFLOW_CTX_DAG_OWNER='airflow' AIRFLOW_CTX_DAG_ID='inspect_static_parquet_file_dag' AIRFLOW_CTX_TASK_ID='inspect_static_parquet' AIRFLOW_CTX_EXECUTION_DATE='2025-06-08T23:02:15.372457+00:00' AIRFLOW_CTX_TRY_NUMBER='1' AIRFLOW_CTX_DAG_RUN_ID='manual__2025-06-08T23:02:15.372457+00:00'
[2025-06-09T01:02:18.834+0200] {taskinstance.py:430} INFO - ::endgroup::
[2025-06-09T01:02:25.217+0200] {logging_mixin.py:188} INFO - === Pollution Parquet Schema ===
[2025-06-09T01:02:27.050+0200] {logging_mixin.py:188} INFO - root
 |-- co: double (nullable = true)
 |-- no: double (nullable = true)
 |-- no2: double (nullable = true)
 |-- o3: double (nullable = true)
 |-- so2: double (nullable = true)
 |-- pm2_5: double (nullable = true)
 |-- pm10: double (nullable = true)
 |-- nh3: double (nullable = true)
 |-- aqi_mode: long (nullable = true)
 |-- lat: double (nullable = true)
 |-- lon: double (nullable = true)
 |-- time: string (nullable = true)
 |-- city_name: string (nullable = true)
[2025-06-09T01:02:28.537+0200] {logging_mixin.py:188} INFO - +-------+-----+-----+------+-----+-----+-----+-----+--------+-------+------+----------+---------+
|co     |no   |no2  |o3    |so2  |pm2_5|pm10 |nh3  |aqi_mode|lat    |lon   |time      |city_name|
+-------+-----+-----+------+-----+-----+-----+-----+--------+-------+------+----------+---------+
|111.931|0.124|1.262|82.863|0.429|3.532|5.832|1.957|2       |48.8566|2.3522|2025-05-22|paris    |
+-------+-----+-----+------+-----+-----+-----+-----+--------+-------+------+----------+---------+
[2025-06-09T01:02:28.537+0200] {logging_mixin.py:188} INFO - === Weather Parquet Schema ===
[2025-06-09T01:02:28.695+0200] {logging_mixin.py:188} INFO - root
 |-- time: string (nullable = true)
 |-- temperature_2m_max: double (nullable = true)
 |-- temperature_2m_min: double (nullable = true)
 |-- temperature_2m_mean: double (nullable = true)
 |-- precipitation_sum: double (nullable = true)
 |-- snowfall_sum: double (nullable = true)
 |-- cloudcover_mean: long (nullable = true)
 |-- windgusts_10m_max: double (nullable = true)
 |-- winddirection_10m_dominant: long (nullable = true)
 |-- shortwave_radiation_sum: double (nullable = true)
 |-- et0_fao_evapotranspiration: double (nullable = true)
 |-- lat: double (nullable = true)
 |-- lon: double (nullable = true)
 |-- city_name: string (nullable = true)
[2025-06-09T01:02:28.979+0200] {logging_mixin.py:188} INFO - +----------+------------------+------------------+-------------------+-----------------+------------+---------------+-----------------+--------------------------+-----------------------+--------------------------+---------+---------+---------+
|time      |temperature_2m_max|temperature_2m_min|temperature_2m_mean|precipitation_sum|snowfall_sum|cloudcover_mean|windgusts_10m_max|winddirection_10m_dominant|shortwave_radiation_sum|et0_fao_evapotranspiration|lat      |lon      |city_name|
+----------+------------------+------------------+-------------------+-----------------+------------+---------------+-----------------+--------------------------+-----------------------+--------------------------+---------+---------+---------+
|2025-05-22|18.9              |8.4               |13.6               |1.4              |0.0         |53             |36.4             |338                       |23.57                  |3.89                      |48.822495|2.2881355|paris    |
+----------+------------------+------------------+-------------------+-----------------+------------+---------------+-----------------+--------------------------+-----------------------+--------------------------+---------+---------+---------+
[2025-06-09T01:02:29.426+0200] {python.py:237} INFO - Done. Returned value was: None
[2025-06-09T01:02:29.426+0200] {taskinstance.py:441} INFO - ::group::Post task execution logs
[2025-06-09T01:02:29.431+0200] {taskinstance.py:1205} INFO - Marking task as SUCCESS. dag_id=inspect_static_parquet_file_dag, task_id=inspect_static_parquet, execution_date=20250608T230215, start_date=20250608T230218, end_date=20250608T230229
[2025-06-09T01:02:29.468+0200] {local_task_job_runner.py:240} INFO - Task exited with return code 0
[2025-06-09T01:02:29.474+0200] {taskinstance.py:3482} INFO - 0 downstream tasks scheduled from follow-on schedule check
[2025-06-09T01:02:29.474+0200] {local_task_job_runner.py:222} INFO - ::endgroup::
