[2025-06-09T17:54:55.993+0200] {local_task_job_runner.py:120} INFO - ::group::Pre task execution logs
[2025-06-09T17:54:56.006+0200] {taskinstance.py:2073} INFO - Dependencies all met for dep_context=non-requeueable deps ti=<TaskInstance: fetch_daily_pollution_weather_dag.fetch_daily_data_all_cities scheduled__2025-06-07T00:00:00+00:00 [queued]>
[2025-06-09T17:54:56.010+0200] {taskinstance.py:2073} INFO - Dependencies all met for dep_context=requeueable deps ti=<TaskInstance: fetch_daily_pollution_weather_dag.fetch_daily_data_all_cities scheduled__2025-06-07T00:00:00+00:00 [queued]>
[2025-06-09T17:54:56.010+0200] {taskinstance.py:2303} INFO - Starting attempt 1 of 2
[2025-06-09T17:54:56.027+0200] {taskinstance.py:2327} INFO - Executing <Task(PythonOperator): fetch_daily_data_all_cities> on 2025-06-07 00:00:00+00:00
[2025-06-09T17:54:56.031+0200] {standard_task_runner.py:63} INFO - Started process 121129 to run task
[2025-06-09T17:54:56.033+0200] {standard_task_runner.py:90} INFO - Running: ['airflow', 'tasks', 'run', 'fetch_daily_pollution_weather_dag', 'fetch_daily_data_all_cities', 'scheduled__2025-06-07T00:00:00+00:00', '--job-id', '420', '--raw', '--subdir', 'DAGS_FOLDER/daily_dag.py', '--cfg-path', '/tmp/tmpnnrf6ewa']
[2025-06-09T17:54:56.033+0200] {standard_task_runner.py:91} INFO - Job 420: Subtask fetch_daily_data_all_cities
[2025-06-09T17:54:56.068+0200] {task_command.py:426} INFO - Running <TaskInstance: fetch_daily_pollution_weather_dag.fetch_daily_data_all_cities scheduled__2025-06-07T00:00:00+00:00 [running]> on host DESKTOP-2QS8J6D.
[2025-06-09T17:54:56.130+0200] {taskinstance.py:2644} INFO - Exporting env vars: AIRFLOW_CTX_DAG_OWNER='airflow' AIRFLOW_CTX_DAG_ID='fetch_daily_pollution_weather_dag' AIRFLOW_CTX_TASK_ID='fetch_daily_data_all_cities' AIRFLOW_CTX_EXECUTION_DATE='2025-06-07T00:00:00+00:00' AIRFLOW_CTX_TRY_NUMBER='1' AIRFLOW_CTX_DAG_RUN_ID='scheduled__2025-06-07T00:00:00+00:00'
[2025-06-09T17:54:56.130+0200] {taskinstance.py:430} INFO - ::endgroup::
[2025-06-09T17:55:05.335+0200] {python.py:237} INFO - Done. Returned value was: None
[2025-06-09T17:55:05.336+0200] {taskinstance.py:441} INFO - ::group::Post task execution logs
[2025-06-09T17:55:05.409+0200] {taskinstance.py:1205} INFO - Marking task as SUCCESS. dag_id=fetch_daily_pollution_weather_dag, task_id=fetch_daily_data_all_cities, execution_date=20250607T000000, start_date=20250609T155456, end_date=20250609T155505
[2025-06-09T17:55:05.471+0200] {local_task_job_runner.py:240} INFO - Task exited with return code 0
[2025-06-09T17:55:05.484+0200] {taskinstance.py:3482} INFO - 1 downstream tasks scheduled from follow-on schedule check
[2025-06-09T17:55:05.495+0200] {local_task_job_runner.py:222} INFO - ::endgroup::
[2025-06-09T18:00:37.802+0200] {local_task_job_runner.py:120} INFO - ::group::Pre task execution logs
[2025-06-09T18:00:37.819+0200] {taskinstance.py:2073} INFO - Dependencies all met for dep_context=non-requeueable deps ti=<TaskInstance: fetch_daily_pollution_weather_dag.fetch_daily_data_all_cities scheduled__2025-06-07T00:00:00+00:00 [queued]>
[2025-06-09T18:00:37.823+0200] {taskinstance.py:2073} INFO - Dependencies all met for dep_context=requeueable deps ti=<TaskInstance: fetch_daily_pollution_weather_dag.fetch_daily_data_all_cities scheduled__2025-06-07T00:00:00+00:00 [queued]>
[2025-06-09T18:00:37.823+0200] {taskinstance.py:2303} INFO - Starting attempt 1 of 2
[2025-06-09T18:00:37.843+0200] {taskinstance.py:2327} INFO - Executing <Task(PythonOperator): fetch_daily_data_all_cities> on 2025-06-07 00:00:00+00:00
[2025-06-09T18:00:37.846+0200] {standard_task_runner.py:63} INFO - Started process 125520 to run task
[2025-06-09T18:00:37.849+0200] {standard_task_runner.py:90} INFO - Running: ['airflow', 'tasks', 'run', 'fetch_daily_pollution_weather_dag', 'fetch_daily_data_all_cities', 'scheduled__2025-06-07T00:00:00+00:00', '--job-id', '420', '--raw', '--subdir', 'DAGS_FOLDER/daily_dag.py', '--cfg-path', '/tmp/tmpscupbqyi']
[2025-06-09T18:00:37.849+0200] {standard_task_runner.py:91} INFO - Job 420: Subtask fetch_daily_data_all_cities
[2025-06-09T18:00:37.882+0200] {task_command.py:426} INFO - Running <TaskInstance: fetch_daily_pollution_weather_dag.fetch_daily_data_all_cities scheduled__2025-06-07T00:00:00+00:00 [running]> on host DESKTOP-2QS8J6D.
[2025-06-09T18:00:37.941+0200] {taskinstance.py:2644} INFO - Exporting env vars: AIRFLOW_CTX_DAG_OWNER='airflow' AIRFLOW_CTX_DAG_ID='fetch_daily_pollution_weather_dag' AIRFLOW_CTX_TASK_ID='fetch_daily_data_all_cities' AIRFLOW_CTX_EXECUTION_DATE='2025-06-07T00:00:00+00:00' AIRFLOW_CTX_TRY_NUMBER='1' AIRFLOW_CTX_DAG_RUN_ID='scheduled__2025-06-07T00:00:00+00:00'
[2025-06-09T18:00:37.942+0200] {taskinstance.py:430} INFO - ::endgroup::
[2025-06-09T18:00:46.549+0200] {python.py:237} INFO - Done. Returned value was: None
[2025-06-09T18:00:46.550+0200] {taskinstance.py:441} INFO - ::group::Post task execution logs
[2025-06-09T18:00:46.639+0200] {taskinstance.py:1205} INFO - Marking task as SUCCESS. dag_id=fetch_daily_pollution_weather_dag, task_id=fetch_daily_data_all_cities, execution_date=20250607T000000, start_date=20250609T160037, end_date=20250609T160046
[2025-06-09T18:00:46.675+0200] {local_task_job_runner.py:240} INFO - Task exited with return code 0
[2025-06-09T18:00:46.688+0200] {taskinstance.py:3482} INFO - 1 downstream tasks scheduled from follow-on schedule check
[2025-06-09T18:00:46.700+0200] {local_task_job_runner.py:222} INFO - ::endgroup::
[2025-06-09T20:18:00.612+0200] {local_task_job_runner.py:120} INFO - ::group::Pre task execution logs
[2025-06-09T20:18:00.623+0200] {taskinstance.py:2073} INFO - Dependencies all met for dep_context=non-requeueable deps ti=<TaskInstance: fetch_daily_pollution_weather_dag.fetch_daily_data_all_cities scheduled__2025-06-07T00:00:00+00:00 [queued]>
[2025-06-09T20:18:00.627+0200] {taskinstance.py:2073} INFO - Dependencies all met for dep_context=requeueable deps ti=<TaskInstance: fetch_daily_pollution_weather_dag.fetch_daily_data_all_cities scheduled__2025-06-07T00:00:00+00:00 [queued]>
[2025-06-09T20:18:00.627+0200] {taskinstance.py:2303} INFO - Starting attempt 1 of 2
[2025-06-09T20:18:00.642+0200] {taskinstance.py:2327} INFO - Executing <Task(PythonOperator): fetch_daily_data_all_cities> on 2025-06-07 00:00:00+00:00
[2025-06-09T20:18:00.644+0200] {standard_task_runner.py:63} INFO - Started process 300691 to run task
[2025-06-09T20:18:00.646+0200] {standard_task_runner.py:90} INFO - Running: ['airflow', 'tasks', 'run', 'fetch_daily_pollution_weather_dag', 'fetch_daily_data_all_cities', 'scheduled__2025-06-07T00:00:00+00:00', '--job-id', '448', '--raw', '--subdir', 'DAGS_FOLDER/daily_dag.py', '--cfg-path', '/tmp/tmpkk_bz6mn']
[2025-06-09T20:18:00.646+0200] {standard_task_runner.py:91} INFO - Job 448: Subtask fetch_daily_data_all_cities
[2025-06-09T20:18:00.674+0200] {task_command.py:426} INFO - Running <TaskInstance: fetch_daily_pollution_weather_dag.fetch_daily_data_all_cities scheduled__2025-06-07T00:00:00+00:00 [running]> on host DESKTOP-2QS8J6D.
[2025-06-09T20:18:00.797+0200] {taskinstance.py:2644} INFO - Exporting env vars: AIRFLOW_CTX_DAG_OWNER='airflow' AIRFLOW_CTX_DAG_ID='fetch_daily_pollution_weather_dag' AIRFLOW_CTX_TASK_ID='fetch_daily_data_all_cities' AIRFLOW_CTX_EXECUTION_DATE='2025-06-07T00:00:00+00:00' AIRFLOW_CTX_TRY_NUMBER='1' AIRFLOW_CTX_DAG_RUN_ID='scheduled__2025-06-07T00:00:00+00:00'
[2025-06-09T20:18:00.797+0200] {taskinstance.py:430} INFO - ::endgroup::
[2025-06-09T20:19:40.930+0200] {python.py:237} INFO - Done. Returned value was: None
[2025-06-09T20:19:40.930+0200] {taskinstance.py:441} INFO - ::group::Post task execution logs
[2025-06-09T20:19:40.933+0200] {taskinstance.py:1205} INFO - Marking task as SUCCESS. dag_id=fetch_daily_pollution_weather_dag, task_id=fetch_daily_data_all_cities, execution_date=20250607T000000, start_date=20250609T181800, end_date=20250609T181940
[2025-06-09T20:19:40.975+0200] {local_task_job_runner.py:240} INFO - Task exited with return code 0
[2025-06-09T20:19:40.987+0200] {taskinstance.py:3482} INFO - 1 downstream tasks scheduled from follow-on schedule check
[2025-06-09T20:19:40.997+0200] {local_task_job_runner.py:222} INFO - ::endgroup::
