[2025-06-09T02:00:16.125+0200] {processor.py:161} INFO - Started process (PID=1328080) to work on /home/ccd/airflow_venv/lib/python3.10/site-packages/airflow/example_dags/example_complex.py
[2025-06-09T02:00:16.125+0200] {processor.py:830} INFO - Processing file /home/ccd/airflow_venv/lib/python3.10/site-packages/airflow/example_dags/example_complex.py for tasks to queue
[2025-06-09T02:00:16.126+0200] {logging_mixin.py:188} INFO - [2025-06-09T02:00:16.126+0200] {dagbag.py:540} INFO - Filling up the DagBag from /home/ccd/airflow_venv/lib/python3.10/site-packages/airflow/example_dags/example_complex.py
[2025-06-09T02:00:16.136+0200] {processor.py:840} INFO - DAG(s) 'example_complex' retrieved from /home/ccd/airflow_venv/lib/python3.10/site-packages/airflow/example_dags/example_complex.py
[2025-06-09T02:00:16.157+0200] {logging_mixin.py:188} INFO - [2025-06-09T02:00:16.157+0200] {dag.py:3096} INFO - Sync 1 DAGs
[2025-06-09T02:00:16.167+0200] {logging_mixin.py:188} INFO - [2025-06-09T02:00:16.167+0200] {dag.py:3954} INFO - Setting next_dagrun for example_complex to None, run_after=None
[2025-06-09T02:00:16.204+0200] {processor.py:183} INFO - Processing /home/ccd/airflow_venv/lib/python3.10/site-packages/airflow/example_dags/example_complex.py took 0.084 seconds
[2025-06-09T02:01:20.277+0200] {processor.py:161} INFO - Started process (PID=1328500) to work on /home/ccd/airflow_venv/lib/python3.10/site-packages/airflow/example_dags/example_complex.py
[2025-06-09T02:01:20.280+0200] {processor.py:830} INFO - Processing file /home/ccd/airflow_venv/lib/python3.10/site-packages/airflow/example_dags/example_complex.py for tasks to queue
[2025-06-09T02:01:20.280+0200] {logging_mixin.py:188} INFO - [2025-06-09T02:01:20.280+0200] {dagbag.py:540} INFO - Filling up the DagBag from /home/ccd/airflow_venv/lib/python3.10/site-packages/airflow/example_dags/example_complex.py
[2025-06-09T02:01:20.288+0200] {processor.py:840} INFO - DAG(s) 'example_complex' retrieved from /home/ccd/airflow_venv/lib/python3.10/site-packages/airflow/example_dags/example_complex.py
[2025-06-09T02:01:20.343+0200] {logging_mixin.py:188} INFO - [2025-06-09T02:01:20.342+0200] {dag.py:3096} INFO - Sync 1 DAGs
[2025-06-09T02:01:20.357+0200] {logging_mixin.py:188} INFO - [2025-06-09T02:01:20.357+0200] {dag.py:3954} INFO - Setting next_dagrun for example_complex to None, run_after=None
[2025-06-09T02:01:20.402+0200] {processor.py:183} INFO - Processing /home/ccd/airflow_venv/lib/python3.10/site-packages/airflow/example_dags/example_complex.py took 0.129 seconds
[2025-06-09T02:02:17.840+0200] {processor.py:161} INFO - Started process (PID=1328823) to work on /home/ccd/airflow_venv/lib/python3.10/site-packages/airflow/example_dags/example_complex.py
[2025-06-09T02:02:17.851+0200] {processor.py:830} INFO - Processing file /home/ccd/airflow_venv/lib/python3.10/site-packages/airflow/example_dags/example_complex.py for tasks to queue
[2025-06-09T02:02:17.852+0200] {logging_mixin.py:188} INFO - [2025-06-09T02:02:17.851+0200] {dagbag.py:540} INFO - Filling up the DagBag from /home/ccd/airflow_venv/lib/python3.10/site-packages/airflow/example_dags/example_complex.py
[2025-06-09T02:02:17.860+0200] {processor.py:840} INFO - DAG(s) 'example_complex' retrieved from /home/ccd/airflow_venv/lib/python3.10/site-packages/airflow/example_dags/example_complex.py
[2025-06-09T02:02:17.879+0200] {logging_mixin.py:188} INFO - [2025-06-09T02:02:17.878+0200] {dag.py:3096} INFO - Sync 1 DAGs
[2025-06-09T02:02:17.886+0200] {logging_mixin.py:188} INFO - [2025-06-09T02:02:17.886+0200] {dag.py:3954} INFO - Setting next_dagrun for example_complex to None, run_after=None
[2025-06-09T02:02:17.913+0200] {processor.py:183} INFO - Processing /home/ccd/airflow_venv/lib/python3.10/site-packages/airflow/example_dags/example_complex.py took 0.078 seconds
[2025-06-09T02:03:36.328+0200] {processor.py:161} INFO - Started process (PID=1329329) to work on /home/ccd/airflow_venv/lib/python3.10/site-packages/airflow/example_dags/example_complex.py
[2025-06-09T02:03:36.340+0200] {processor.py:830} INFO - Processing file /home/ccd/airflow_venv/lib/python3.10/site-packages/airflow/example_dags/example_complex.py for tasks to queue
[2025-06-09T02:03:36.341+0200] {logging_mixin.py:188} INFO - [2025-06-09T02:03:36.340+0200] {dagbag.py:540} INFO - Filling up the DagBag from /home/ccd/airflow_venv/lib/python3.10/site-packages/airflow/example_dags/example_complex.py
[2025-06-09T02:03:36.348+0200] {processor.py:840} INFO - DAG(s) 'example_complex' retrieved from /home/ccd/airflow_venv/lib/python3.10/site-packages/airflow/example_dags/example_complex.py
[2025-06-09T02:03:36.366+0200] {logging_mixin.py:188} INFO - [2025-06-09T02:03:36.365+0200] {dag.py:3096} INFO - Sync 1 DAGs
[2025-06-09T02:03:36.373+0200] {logging_mixin.py:188} INFO - [2025-06-09T02:03:36.373+0200] {dag.py:3954} INFO - Setting next_dagrun for example_complex to None, run_after=None
[2025-06-09T02:03:36.399+0200] {processor.py:183} INFO - Processing /home/ccd/airflow_venv/lib/python3.10/site-packages/airflow/example_dags/example_complex.py took 0.077 seconds
[2025-06-09T02:04:51.090+0200] {processor.py:161} INFO - Started process (PID=1329824) to work on /home/ccd/airflow_venv/lib/python3.10/site-packages/airflow/example_dags/example_complex.py
[2025-06-09T02:04:51.101+0200] {processor.py:830} INFO - Processing file /home/ccd/airflow_venv/lib/python3.10/site-packages/airflow/example_dags/example_complex.py for tasks to queue
[2025-06-09T02:04:51.103+0200] {logging_mixin.py:188} INFO - [2025-06-09T02:04:51.102+0200] {dagbag.py:540} INFO - Filling up the DagBag from /home/ccd/airflow_venv/lib/python3.10/site-packages/airflow/example_dags/example_complex.py
[2025-06-09T02:04:51.114+0200] {processor.py:840} INFO - DAG(s) 'example_complex' retrieved from /home/ccd/airflow_venv/lib/python3.10/site-packages/airflow/example_dags/example_complex.py
[2025-06-09T02:04:51.139+0200] {logging_mixin.py:188} INFO - [2025-06-09T02:04:51.138+0200] {dag.py:3096} INFO - Sync 1 DAGs
[2025-06-09T02:04:51.147+0200] {logging_mixin.py:188} INFO - [2025-06-09T02:04:51.147+0200] {dag.py:3954} INFO - Setting next_dagrun for example_complex to None, run_after=None
[2025-06-09T02:04:51.171+0200] {processor.py:183} INFO - Processing /home/ccd/airflow_venv/lib/python3.10/site-packages/airflow/example_dags/example_complex.py took 0.086 seconds
[2025-06-09T02:06:10.865+0200] {processor.py:161} INFO - Started process (PID=1330601) to work on /home/ccd/airflow_venv/lib/python3.10/site-packages/airflow/example_dags/example_complex.py
[2025-06-09T02:06:10.877+0200] {processor.py:830} INFO - Processing file /home/ccd/airflow_venv/lib/python3.10/site-packages/airflow/example_dags/example_complex.py for tasks to queue
[2025-06-09T02:06:10.878+0200] {logging_mixin.py:188} INFO - [2025-06-09T02:06:10.877+0200] {dagbag.py:540} INFO - Filling up the DagBag from /home/ccd/airflow_venv/lib/python3.10/site-packages/airflow/example_dags/example_complex.py
[2025-06-09T02:06:10.886+0200] {processor.py:840} INFO - DAG(s) 'example_complex' retrieved from /home/ccd/airflow_venv/lib/python3.10/site-packages/airflow/example_dags/example_complex.py
[2025-06-09T02:06:10.905+0200] {logging_mixin.py:188} INFO - [2025-06-09T02:06:10.905+0200] {dag.py:3096} INFO - Sync 1 DAGs
[2025-06-09T02:06:10.915+0200] {logging_mixin.py:188} INFO - [2025-06-09T02:06:10.914+0200] {dag.py:3954} INFO - Setting next_dagrun for example_complex to None, run_after=None
[2025-06-09T02:06:10.943+0200] {processor.py:183} INFO - Processing /home/ccd/airflow_venv/lib/python3.10/site-packages/airflow/example_dags/example_complex.py took 0.083 seconds
[2025-06-09T02:07:08.483+0200] {processor.py:161} INFO - Started process (PID=1331050) to work on /home/ccd/airflow_venv/lib/python3.10/site-packages/airflow/example_dags/example_complex.py
[2025-06-09T02:07:08.494+0200] {processor.py:830} INFO - Processing file /home/ccd/airflow_venv/lib/python3.10/site-packages/airflow/example_dags/example_complex.py for tasks to queue
[2025-06-09T02:07:08.494+0200] {logging_mixin.py:188} INFO - [2025-06-09T02:07:08.494+0200] {dagbag.py:540} INFO - Filling up the DagBag from /home/ccd/airflow_venv/lib/python3.10/site-packages/airflow/example_dags/example_complex.py
[2025-06-09T02:07:08.502+0200] {processor.py:840} INFO - DAG(s) 'example_complex' retrieved from /home/ccd/airflow_venv/lib/python3.10/site-packages/airflow/example_dags/example_complex.py
[2025-06-09T02:07:08.521+0200] {logging_mixin.py:188} INFO - [2025-06-09T02:07:08.521+0200] {dag.py:3096} INFO - Sync 1 DAGs
[2025-06-09T02:07:08.529+0200] {logging_mixin.py:188} INFO - [2025-06-09T02:07:08.529+0200] {dag.py:3954} INFO - Setting next_dagrun for example_complex to None, run_after=None
[2025-06-09T02:07:08.556+0200] {processor.py:183} INFO - Processing /home/ccd/airflow_venv/lib/python3.10/site-packages/airflow/example_dags/example_complex.py took 0.078 seconds
[2025-06-09T02:08:04.858+0200] {processor.py:161} INFO - Started process (PID=1331459) to work on /home/ccd/airflow_venv/lib/python3.10/site-packages/airflow/example_dags/example_complex.py
[2025-06-09T02:08:04.868+0200] {processor.py:830} INFO - Processing file /home/ccd/airflow_venv/lib/python3.10/site-packages/airflow/example_dags/example_complex.py for tasks to queue
[2025-06-09T02:08:04.870+0200] {logging_mixin.py:188} INFO - [2025-06-09T02:08:04.869+0200] {dagbag.py:540} INFO - Filling up the DagBag from /home/ccd/airflow_venv/lib/python3.10/site-packages/airflow/example_dags/example_complex.py
[2025-06-09T02:08:04.917+0200] {processor.py:840} INFO - DAG(s) 'example_complex' retrieved from /home/ccd/airflow_venv/lib/python3.10/site-packages/airflow/example_dags/example_complex.py
[2025-06-09T02:08:04.984+0200] {logging_mixin.py:188} INFO - [2025-06-09T02:08:04.984+0200] {dag.py:3096} INFO - Sync 1 DAGs
[2025-06-09T02:08:04.995+0200] {logging_mixin.py:188} INFO - [2025-06-09T02:08:04.994+0200] {dag.py:3954} INFO - Setting next_dagrun for example_complex to None, run_after=None
[2025-06-09T02:08:05.030+0200] {processor.py:183} INFO - Processing /home/ccd/airflow_venv/lib/python3.10/site-packages/airflow/example_dags/example_complex.py took 0.192 seconds
[2025-06-09T02:09:26.850+0200] {processor.py:161} INFO - Started process (PID=1332206) to work on /home/ccd/airflow_venv/lib/python3.10/site-packages/airflow/example_dags/example_complex.py
[2025-06-09T02:09:26.861+0200] {processor.py:830} INFO - Processing file /home/ccd/airflow_venv/lib/python3.10/site-packages/airflow/example_dags/example_complex.py for tasks to queue
[2025-06-09T02:09:26.862+0200] {logging_mixin.py:188} INFO - [2025-06-09T02:09:26.862+0200] {dagbag.py:540} INFO - Filling up the DagBag from /home/ccd/airflow_venv/lib/python3.10/site-packages/airflow/example_dags/example_complex.py
[2025-06-09T02:09:26.869+0200] {processor.py:840} INFO - DAG(s) 'example_complex' retrieved from /home/ccd/airflow_venv/lib/python3.10/site-packages/airflow/example_dags/example_complex.py
[2025-06-09T02:09:26.888+0200] {logging_mixin.py:188} INFO - [2025-06-09T02:09:26.887+0200] {dag.py:3096} INFO - Sync 1 DAGs
[2025-06-09T02:09:26.894+0200] {logging_mixin.py:188} INFO - [2025-06-09T02:09:26.894+0200] {dag.py:3954} INFO - Setting next_dagrun for example_complex to None, run_after=None
[2025-06-09T02:09:26.915+0200] {processor.py:183} INFO - Processing /home/ccd/airflow_venv/lib/python3.10/site-packages/airflow/example_dags/example_complex.py took 0.070 seconds
[2025-06-09T11:30:56.354+0200] {processor.py:161} INFO - Started process (PID=3861) to work on /home/ccd/airflow_venv/lib/python3.10/site-packages/airflow/example_dags/example_complex.py
[2025-06-09T11:30:56.365+0200] {processor.py:830} INFO - Processing file /home/ccd/airflow_venv/lib/python3.10/site-packages/airflow/example_dags/example_complex.py for tasks to queue
[2025-06-09T11:30:56.366+0200] {logging_mixin.py:188} INFO - [2025-06-09T11:30:56.365+0200] {dagbag.py:540} INFO - Filling up the DagBag from /home/ccd/airflow_venv/lib/python3.10/site-packages/airflow/example_dags/example_complex.py
[2025-06-09T11:30:56.371+0200] {processor.py:840} INFO - DAG(s) 'example_complex' retrieved from /home/ccd/airflow_venv/lib/python3.10/site-packages/airflow/example_dags/example_complex.py
[2025-06-09T11:30:56.470+0200] {logging_mixin.py:188} INFO - [2025-06-09T11:30:56.470+0200] {dag.py:3096} INFO - Sync 1 DAGs
[2025-06-09T11:30:56.475+0200] {logging_mixin.py:188} INFO - [2025-06-09T11:30:56.475+0200] {dag.py:3954} INFO - Setting next_dagrun for example_complex to None, run_after=None
[2025-06-09T11:30:56.501+0200] {processor.py:183} INFO - Processing /home/ccd/airflow_venv/lib/python3.10/site-packages/airflow/example_dags/example_complex.py took 0.150 seconds
[2025-06-09T11:31:54.521+0200] {processor.py:161} INFO - Started process (PID=4200) to work on /home/ccd/airflow_venv/lib/python3.10/site-packages/airflow/example_dags/example_complex.py
[2025-06-09T11:31:54.533+0200] {processor.py:830} INFO - Processing file /home/ccd/airflow_venv/lib/python3.10/site-packages/airflow/example_dags/example_complex.py for tasks to queue
[2025-06-09T11:31:54.534+0200] {logging_mixin.py:188} INFO - [2025-06-09T11:31:54.534+0200] {dagbag.py:540} INFO - Filling up the DagBag from /home/ccd/airflow_venv/lib/python3.10/site-packages/airflow/example_dags/example_complex.py
[2025-06-09T11:31:54.541+0200] {processor.py:840} INFO - DAG(s) 'example_complex' retrieved from /home/ccd/airflow_venv/lib/python3.10/site-packages/airflow/example_dags/example_complex.py
[2025-06-09T11:31:54.561+0200] {logging_mixin.py:188} INFO - [2025-06-09T11:31:54.560+0200] {dag.py:3096} INFO - Sync 1 DAGs
[2025-06-09T11:31:54.570+0200] {logging_mixin.py:188} INFO - [2025-06-09T11:31:54.569+0200] {dag.py:3954} INFO - Setting next_dagrun for example_complex to None, run_after=None
[2025-06-09T11:31:54.592+0200] {processor.py:183} INFO - Processing /home/ccd/airflow_venv/lib/python3.10/site-packages/airflow/example_dags/example_complex.py took 0.075 seconds
[2025-06-09T11:33:03.246+0200] {processor.py:161} INFO - Started process (PID=4853) to work on /home/ccd/airflow_venv/lib/python3.10/site-packages/airflow/example_dags/example_complex.py
[2025-06-09T11:33:03.257+0200] {processor.py:830} INFO - Processing file /home/ccd/airflow_venv/lib/python3.10/site-packages/airflow/example_dags/example_complex.py for tasks to queue
[2025-06-09T11:33:03.258+0200] {logging_mixin.py:188} INFO - [2025-06-09T11:33:03.258+0200] {dagbag.py:540} INFO - Filling up the DagBag from /home/ccd/airflow_venv/lib/python3.10/site-packages/airflow/example_dags/example_complex.py
[2025-06-09T11:33:03.264+0200] {processor.py:840} INFO - DAG(s) 'example_complex' retrieved from /home/ccd/airflow_venv/lib/python3.10/site-packages/airflow/example_dags/example_complex.py
[2025-06-09T11:33:03.281+0200] {logging_mixin.py:188} INFO - [2025-06-09T11:33:03.281+0200] {dag.py:3096} INFO - Sync 1 DAGs
[2025-06-09T11:33:03.290+0200] {logging_mixin.py:188} INFO - [2025-06-09T11:33:03.290+0200] {dag.py:3954} INFO - Setting next_dagrun for example_complex to None, run_after=None
[2025-06-09T11:33:03.312+0200] {processor.py:183} INFO - Processing /home/ccd/airflow_venv/lib/python3.10/site-packages/airflow/example_dags/example_complex.py took 0.071 seconds
[2025-06-09T11:34:20.517+0200] {processor.py:161} INFO - Started process (PID=5467) to work on /home/ccd/airflow_venv/lib/python3.10/site-packages/airflow/example_dags/example_complex.py
[2025-06-09T11:34:20.527+0200] {processor.py:830} INFO - Processing file /home/ccd/airflow_venv/lib/python3.10/site-packages/airflow/example_dags/example_complex.py for tasks to queue
[2025-06-09T11:34:20.528+0200] {logging_mixin.py:188} INFO - [2025-06-09T11:34:20.528+0200] {dagbag.py:540} INFO - Filling up the DagBag from /home/ccd/airflow_venv/lib/python3.10/site-packages/airflow/example_dags/example_complex.py
[2025-06-09T11:34:20.535+0200] {processor.py:840} INFO - DAG(s) 'example_complex' retrieved from /home/ccd/airflow_venv/lib/python3.10/site-packages/airflow/example_dags/example_complex.py
[2025-06-09T11:34:20.552+0200] {logging_mixin.py:188} INFO - [2025-06-09T11:34:20.552+0200] {dag.py:3096} INFO - Sync 1 DAGs
[2025-06-09T11:34:20.559+0200] {logging_mixin.py:188} INFO - [2025-06-09T11:34:20.559+0200] {dag.py:3954} INFO - Setting next_dagrun for example_complex to None, run_after=None
[2025-06-09T11:34:20.579+0200] {processor.py:183} INFO - Processing /home/ccd/airflow_venv/lib/python3.10/site-packages/airflow/example_dags/example_complex.py took 0.068 seconds
[2025-06-09T11:35:18.123+0200] {processor.py:161} INFO - Started process (PID=5870) to work on /home/ccd/airflow_venv/lib/python3.10/site-packages/airflow/example_dags/example_complex.py
[2025-06-09T11:35:18.134+0200] {processor.py:830} INFO - Processing file /home/ccd/airflow_venv/lib/python3.10/site-packages/airflow/example_dags/example_complex.py for tasks to queue
[2025-06-09T11:35:18.135+0200] {logging_mixin.py:188} INFO - [2025-06-09T11:35:18.135+0200] {dagbag.py:540} INFO - Filling up the DagBag from /home/ccd/airflow_venv/lib/python3.10/site-packages/airflow/example_dags/example_complex.py
[2025-06-09T11:35:18.142+0200] {processor.py:840} INFO - DAG(s) 'example_complex' retrieved from /home/ccd/airflow_venv/lib/python3.10/site-packages/airflow/example_dags/example_complex.py
[2025-06-09T11:35:18.158+0200] {logging_mixin.py:188} INFO - [2025-06-09T11:35:18.158+0200] {dag.py:3096} INFO - Sync 1 DAGs
[2025-06-09T11:35:18.164+0200] {logging_mixin.py:188} INFO - [2025-06-09T11:35:18.164+0200] {dag.py:3954} INFO - Setting next_dagrun for example_complex to None, run_after=None
[2025-06-09T11:35:18.186+0200] {processor.py:183} INFO - Processing /home/ccd/airflow_venv/lib/python3.10/site-packages/airflow/example_dags/example_complex.py took 0.067 seconds
[2025-06-09T11:37:16.638+0200] {processor.py:161} INFO - Started process (PID=8053) to work on /home/ccd/airflow_venv/lib/python3.10/site-packages/airflow/example_dags/example_complex.py
[2025-06-09T11:37:16.640+0200] {processor.py:830} INFO - Processing file /home/ccd/airflow_venv/lib/python3.10/site-packages/airflow/example_dags/example_complex.py for tasks to queue
[2025-06-09T11:37:16.642+0200] {logging_mixin.py:188} INFO - [2025-06-09T11:37:16.641+0200] {dagbag.py:540} INFO - Filling up the DagBag from /home/ccd/airflow_venv/lib/python3.10/site-packages/airflow/example_dags/example_complex.py
[2025-06-09T11:37:16.655+0200] {processor.py:840} INFO - DAG(s) 'example_complex' retrieved from /home/ccd/airflow_venv/lib/python3.10/site-packages/airflow/example_dags/example_complex.py
[2025-06-09T11:37:16.678+0200] {logging_mixin.py:188} INFO - [2025-06-09T11:37:16.678+0200] {dag.py:3096} INFO - Sync 1 DAGs
[2025-06-09T11:37:16.688+0200] {logging_mixin.py:188} INFO - [2025-06-09T11:37:16.688+0200] {dag.py:3954} INFO - Setting next_dagrun for example_complex to None, run_after=None
[2025-06-09T11:37:16.722+0200] {processor.py:183} INFO - Processing /home/ccd/airflow_venv/lib/python3.10/site-packages/airflow/example_dags/example_complex.py took 0.089 seconds
[2025-06-09T11:38:56.564+0200] {processor.py:161} INFO - Started process (PID=9412) to work on /home/ccd/airflow_venv/lib/python3.10/site-packages/airflow/example_dags/example_complex.py
[2025-06-09T11:38:56.575+0200] {processor.py:830} INFO - Processing file /home/ccd/airflow_venv/lib/python3.10/site-packages/airflow/example_dags/example_complex.py for tasks to queue
[2025-06-09T11:38:56.576+0200] {logging_mixin.py:188} INFO - [2025-06-09T11:38:56.576+0200] {dagbag.py:540} INFO - Filling up the DagBag from /home/ccd/airflow_venv/lib/python3.10/site-packages/airflow/example_dags/example_complex.py
[2025-06-09T11:38:56.583+0200] {processor.py:840} INFO - DAG(s) 'example_complex' retrieved from /home/ccd/airflow_venv/lib/python3.10/site-packages/airflow/example_dags/example_complex.py
[2025-06-09T11:38:56.600+0200] {logging_mixin.py:188} INFO - [2025-06-09T11:38:56.600+0200] {dag.py:3096} INFO - Sync 1 DAGs
[2025-06-09T11:38:56.607+0200] {logging_mixin.py:188} INFO - [2025-06-09T11:38:56.607+0200] {dag.py:3954} INFO - Setting next_dagrun for example_complex to None, run_after=None
[2025-06-09T11:38:56.630+0200] {processor.py:183} INFO - Processing /home/ccd/airflow_venv/lib/python3.10/site-packages/airflow/example_dags/example_complex.py took 0.071 seconds
[2025-06-09T11:40:08.744+0200] {processor.py:161} INFO - Started process (PID=10215) to work on /home/ccd/airflow_venv/lib/python3.10/site-packages/airflow/example_dags/example_complex.py
[2025-06-09T11:40:08.755+0200] {processor.py:830} INFO - Processing file /home/ccd/airflow_venv/lib/python3.10/site-packages/airflow/example_dags/example_complex.py for tasks to queue
[2025-06-09T11:40:08.756+0200] {logging_mixin.py:188} INFO - [2025-06-09T11:40:08.756+0200] {dagbag.py:540} INFO - Filling up the DagBag from /home/ccd/airflow_venv/lib/python3.10/site-packages/airflow/example_dags/example_complex.py
[2025-06-09T11:40:08.763+0200] {processor.py:840} INFO - DAG(s) 'example_complex' retrieved from /home/ccd/airflow_venv/lib/python3.10/site-packages/airflow/example_dags/example_complex.py
[2025-06-09T11:40:08.781+0200] {logging_mixin.py:188} INFO - [2025-06-09T11:40:08.781+0200] {dag.py:3096} INFO - Sync 1 DAGs
[2025-06-09T11:40:08.791+0200] {logging_mixin.py:188} INFO - [2025-06-09T11:40:08.790+0200] {dag.py:3954} INFO - Setting next_dagrun for example_complex to None, run_after=None
[2025-06-09T11:40:08.812+0200] {processor.py:183} INFO - Processing /home/ccd/airflow_venv/lib/python3.10/site-packages/airflow/example_dags/example_complex.py took 0.072 seconds
[2025-06-09T11:41:12.074+0200] {processor.py:161} INFO - Started process (PID=10864) to work on /home/ccd/airflow_venv/lib/python3.10/site-packages/airflow/example_dags/example_complex.py
[2025-06-09T11:41:12.076+0200] {processor.py:830} INFO - Processing file /home/ccd/airflow_venv/lib/python3.10/site-packages/airflow/example_dags/example_complex.py for tasks to queue
[2025-06-09T11:41:12.078+0200] {logging_mixin.py:188} INFO - [2025-06-09T11:41:12.078+0200] {dagbag.py:540} INFO - Filling up the DagBag from /home/ccd/airflow_venv/lib/python3.10/site-packages/airflow/example_dags/example_complex.py
[2025-06-09T11:41:12.084+0200] {processor.py:840} INFO - DAG(s) 'example_complex' retrieved from /home/ccd/airflow_venv/lib/python3.10/site-packages/airflow/example_dags/example_complex.py
[2025-06-09T11:41:12.102+0200] {logging_mixin.py:188} INFO - [2025-06-09T11:41:12.102+0200] {dag.py:3096} INFO - Sync 1 DAGs
[2025-06-09T11:41:12.110+0200] {logging_mixin.py:188} INFO - [2025-06-09T11:41:12.110+0200] {dag.py:3954} INFO - Setting next_dagrun for example_complex to None, run_after=None
[2025-06-09T11:41:12.132+0200] {processor.py:183} INFO - Processing /home/ccd/airflow_venv/lib/python3.10/site-packages/airflow/example_dags/example_complex.py took 0.064 seconds
[2025-06-09T11:42:14.011+0200] {processor.py:161} INFO - Started process (PID=11250) to work on /home/ccd/airflow_venv/lib/python3.10/site-packages/airflow/example_dags/example_complex.py
[2025-06-09T11:42:14.021+0200] {processor.py:830} INFO - Processing file /home/ccd/airflow_venv/lib/python3.10/site-packages/airflow/example_dags/example_complex.py for tasks to queue
[2025-06-09T11:42:14.022+0200] {logging_mixin.py:188} INFO - [2025-06-09T11:42:14.022+0200] {dagbag.py:540} INFO - Filling up the DagBag from /home/ccd/airflow_venv/lib/python3.10/site-packages/airflow/example_dags/example_complex.py
[2025-06-09T11:42:14.028+0200] {processor.py:840} INFO - DAG(s) 'example_complex' retrieved from /home/ccd/airflow_venv/lib/python3.10/site-packages/airflow/example_dags/example_complex.py
[2025-06-09T11:42:14.045+0200] {logging_mixin.py:188} INFO - [2025-06-09T11:42:14.045+0200] {dag.py:3096} INFO - Sync 1 DAGs
[2025-06-09T11:42:14.054+0200] {logging_mixin.py:188} INFO - [2025-06-09T11:42:14.054+0200] {dag.py:3954} INFO - Setting next_dagrun for example_complex to None, run_after=None
[2025-06-09T11:42:14.075+0200] {processor.py:183} INFO - Processing /home/ccd/airflow_venv/lib/python3.10/site-packages/airflow/example_dags/example_complex.py took 0.070 seconds
[2025-06-09T11:43:36.882+0200] {processor.py:161} INFO - Started process (PID=11728) to work on /home/ccd/airflow_venv/lib/python3.10/site-packages/airflow/example_dags/example_complex.py
[2025-06-09T11:43:36.884+0200] {processor.py:830} INFO - Processing file /home/ccd/airflow_venv/lib/python3.10/site-packages/airflow/example_dags/example_complex.py for tasks to queue
[2025-06-09T11:43:36.885+0200] {logging_mixin.py:188} INFO - [2025-06-09T11:43:36.885+0200] {dagbag.py:540} INFO - Filling up the DagBag from /home/ccd/airflow_venv/lib/python3.10/site-packages/airflow/example_dags/example_complex.py
[2025-06-09T11:43:36.892+0200] {processor.py:840} INFO - DAG(s) 'example_complex' retrieved from /home/ccd/airflow_venv/lib/python3.10/site-packages/airflow/example_dags/example_complex.py
[2025-06-09T11:43:36.908+0200] {logging_mixin.py:188} INFO - [2025-06-09T11:43:36.908+0200] {dag.py:3096} INFO - Sync 1 DAGs
[2025-06-09T11:43:36.915+0200] {logging_mixin.py:188} INFO - [2025-06-09T11:43:36.915+0200] {dag.py:3954} INFO - Setting next_dagrun for example_complex to None, run_after=None
[2025-06-09T11:43:36.936+0200] {processor.py:183} INFO - Processing /home/ccd/airflow_venv/lib/python3.10/site-packages/airflow/example_dags/example_complex.py took 0.058 seconds
[2025-06-09T11:44:37.064+0200] {processor.py:161} INFO - Started process (PID=12121) to work on /home/ccd/airflow_venv/lib/python3.10/site-packages/airflow/example_dags/example_complex.py
[2025-06-09T11:44:37.066+0200] {processor.py:830} INFO - Processing file /home/ccd/airflow_venv/lib/python3.10/site-packages/airflow/example_dags/example_complex.py for tasks to queue
[2025-06-09T11:44:37.067+0200] {logging_mixin.py:188} INFO - [2025-06-09T11:44:37.067+0200] {dagbag.py:540} INFO - Filling up the DagBag from /home/ccd/airflow_venv/lib/python3.10/site-packages/airflow/example_dags/example_complex.py
[2025-06-09T11:44:37.074+0200] {processor.py:840} INFO - DAG(s) 'example_complex' retrieved from /home/ccd/airflow_venv/lib/python3.10/site-packages/airflow/example_dags/example_complex.py
[2025-06-09T11:44:37.089+0200] {logging_mixin.py:188} INFO - [2025-06-09T11:44:37.089+0200] {dag.py:3096} INFO - Sync 1 DAGs
[2025-06-09T11:44:37.095+0200] {logging_mixin.py:188} INFO - [2025-06-09T11:44:37.095+0200] {dag.py:3954} INFO - Setting next_dagrun for example_complex to None, run_after=None
[2025-06-09T11:44:37.115+0200] {processor.py:183} INFO - Processing /home/ccd/airflow_venv/lib/python3.10/site-packages/airflow/example_dags/example_complex.py took 0.055 seconds
[2025-06-09T11:45:50.190+0200] {processor.py:161} INFO - Started process (PID=12547) to work on /home/ccd/airflow_venv/lib/python3.10/site-packages/airflow/example_dags/example_complex.py
[2025-06-09T11:45:50.191+0200] {processor.py:830} INFO - Processing file /home/ccd/airflow_venv/lib/python3.10/site-packages/airflow/example_dags/example_complex.py for tasks to queue
[2025-06-09T11:45:50.192+0200] {logging_mixin.py:188} INFO - [2025-06-09T11:45:50.192+0200] {dagbag.py:540} INFO - Filling up the DagBag from /home/ccd/airflow_venv/lib/python3.10/site-packages/airflow/example_dags/example_complex.py
[2025-06-09T11:45:50.199+0200] {processor.py:840} INFO - DAG(s) 'example_complex' retrieved from /home/ccd/airflow_venv/lib/python3.10/site-packages/airflow/example_dags/example_complex.py
[2025-06-09T11:45:50.220+0200] {logging_mixin.py:188} INFO - [2025-06-09T11:45:50.219+0200] {dag.py:3096} INFO - Sync 1 DAGs
[2025-06-09T11:45:50.227+0200] {logging_mixin.py:188} INFO - [2025-06-09T11:45:50.226+0200] {dag.py:3954} INFO - Setting next_dagrun for example_complex to None, run_after=None
[2025-06-09T11:45:50.259+0200] {processor.py:183} INFO - Processing /home/ccd/airflow_venv/lib/python3.10/site-packages/airflow/example_dags/example_complex.py took 0.074 seconds
[2025-06-09T11:47:19.976+0200] {processor.py:161} INFO - Started process (PID=13992) to work on /home/ccd/airflow_venv/lib/python3.10/site-packages/airflow/example_dags/example_complex.py
[2025-06-09T11:47:19.978+0200] {processor.py:830} INFO - Processing file /home/ccd/airflow_venv/lib/python3.10/site-packages/airflow/example_dags/example_complex.py for tasks to queue
[2025-06-09T11:47:19.979+0200] {logging_mixin.py:188} INFO - [2025-06-09T11:47:19.978+0200] {dagbag.py:540} INFO - Filling up the DagBag from /home/ccd/airflow_venv/lib/python3.10/site-packages/airflow/example_dags/example_complex.py
[2025-06-09T11:47:19.984+0200] {processor.py:840} INFO - DAG(s) 'example_complex' retrieved from /home/ccd/airflow_venv/lib/python3.10/site-packages/airflow/example_dags/example_complex.py
[2025-06-09T11:47:19.999+0200] {logging_mixin.py:188} INFO - [2025-06-09T11:47:19.999+0200] {dag.py:3096} INFO - Sync 1 DAGs
[2025-06-09T11:47:20.007+0200] {logging_mixin.py:188} INFO - [2025-06-09T11:47:20.006+0200] {dag.py:3954} INFO - Setting next_dagrun for example_complex to None, run_after=None
[2025-06-09T11:47:20.026+0200] {processor.py:183} INFO - Processing /home/ccd/airflow_venv/lib/python3.10/site-packages/airflow/example_dags/example_complex.py took 0.054 seconds
[2025-06-09T11:48:19.985+0200] {processor.py:161} INFO - Started process (PID=14393) to work on /home/ccd/airflow_venv/lib/python3.10/site-packages/airflow/example_dags/example_complex.py
[2025-06-09T11:48:19.988+0200] {processor.py:830} INFO - Processing file /home/ccd/airflow_venv/lib/python3.10/site-packages/airflow/example_dags/example_complex.py for tasks to queue
[2025-06-09T11:48:19.990+0200] {logging_mixin.py:188} INFO - [2025-06-09T11:48:19.990+0200] {dagbag.py:540} INFO - Filling up the DagBag from /home/ccd/airflow_venv/lib/python3.10/site-packages/airflow/example_dags/example_complex.py
[2025-06-09T11:48:20.032+0200] {processor.py:840} INFO - DAG(s) 'example_complex' retrieved from /home/ccd/airflow_venv/lib/python3.10/site-packages/airflow/example_dags/example_complex.py
[2025-06-09T11:48:20.085+0200] {logging_mixin.py:188} INFO - [2025-06-09T11:48:20.085+0200] {dag.py:3096} INFO - Sync 1 DAGs
[2025-06-09T11:48:20.104+0200] {logging_mixin.py:188} INFO - [2025-06-09T11:48:20.104+0200] {dag.py:3954} INFO - Setting next_dagrun for example_complex to None, run_after=None
[2025-06-09T11:48:20.143+0200] {processor.py:183} INFO - Processing /home/ccd/airflow_venv/lib/python3.10/site-packages/airflow/example_dags/example_complex.py took 0.173 seconds
[2025-06-09T11:49:59.650+0200] {processor.py:161} INFO - Started process (PID=16227) to work on /home/ccd/airflow_venv/lib/python3.10/site-packages/airflow/example_dags/example_complex.py
[2025-06-09T11:49:59.651+0200] {processor.py:830} INFO - Processing file /home/ccd/airflow_venv/lib/python3.10/site-packages/airflow/example_dags/example_complex.py for tasks to queue
[2025-06-09T11:49:59.652+0200] {logging_mixin.py:188} INFO - [2025-06-09T11:49:59.652+0200] {dagbag.py:540} INFO - Filling up the DagBag from /home/ccd/airflow_venv/lib/python3.10/site-packages/airflow/example_dags/example_complex.py
[2025-06-09T11:49:59.662+0200] {processor.py:840} INFO - DAG(s) 'example_complex' retrieved from /home/ccd/airflow_venv/lib/python3.10/site-packages/airflow/example_dags/example_complex.py
[2025-06-09T11:49:59.683+0200] {logging_mixin.py:188} INFO - [2025-06-09T11:49:59.683+0200] {dag.py:3096} INFO - Sync 1 DAGs
[2025-06-09T11:49:59.695+0200] {logging_mixin.py:188} INFO - [2025-06-09T11:49:59.695+0200] {dag.py:3954} INFO - Setting next_dagrun for example_complex to None, run_after=None
[2025-06-09T11:49:59.722+0200] {processor.py:183} INFO - Processing /home/ccd/airflow_venv/lib/python3.10/site-packages/airflow/example_dags/example_complex.py took 0.077 seconds
[2025-06-09T11:51:09.884+0200] {processor.py:161} INFO - Started process (PID=17147) to work on /home/ccd/airflow_venv/lib/python3.10/site-packages/airflow/example_dags/example_complex.py
[2025-06-09T11:51:09.896+0200] {processor.py:830} INFO - Processing file /home/ccd/airflow_venv/lib/python3.10/site-packages/airflow/example_dags/example_complex.py for tasks to queue
[2025-06-09T11:51:09.897+0200] {logging_mixin.py:188} INFO - [2025-06-09T11:51:09.897+0200] {dagbag.py:540} INFO - Filling up the DagBag from /home/ccd/airflow_venv/lib/python3.10/site-packages/airflow/example_dags/example_complex.py
[2025-06-09T11:51:09.903+0200] {processor.py:840} INFO - DAG(s) 'example_complex' retrieved from /home/ccd/airflow_venv/lib/python3.10/site-packages/airflow/example_dags/example_complex.py
[2025-06-09T11:51:09.922+0200] {logging_mixin.py:188} INFO - [2025-06-09T11:51:09.922+0200] {dag.py:3096} INFO - Sync 1 DAGs
[2025-06-09T11:51:09.934+0200] {logging_mixin.py:188} INFO - [2025-06-09T11:51:09.934+0200] {dag.py:3954} INFO - Setting next_dagrun for example_complex to None, run_after=None
[2025-06-09T11:51:09.962+0200] {processor.py:183} INFO - Processing /home/ccd/airflow_venv/lib/python3.10/site-packages/airflow/example_dags/example_complex.py took 0.081 seconds
[2025-06-09T11:52:07.679+0200] {processor.py:161} INFO - Started process (PID=17537) to work on /home/ccd/airflow_venv/lib/python3.10/site-packages/airflow/example_dags/example_complex.py
[2025-06-09T11:52:07.691+0200] {processor.py:830} INFO - Processing file /home/ccd/airflow_venv/lib/python3.10/site-packages/airflow/example_dags/example_complex.py for tasks to queue
[2025-06-09T11:52:07.692+0200] {logging_mixin.py:188} INFO - [2025-06-09T11:52:07.691+0200] {dagbag.py:540} INFO - Filling up the DagBag from /home/ccd/airflow_venv/lib/python3.10/site-packages/airflow/example_dags/example_complex.py
[2025-06-09T11:52:07.698+0200] {processor.py:840} INFO - DAG(s) 'example_complex' retrieved from /home/ccd/airflow_venv/lib/python3.10/site-packages/airflow/example_dags/example_complex.py
[2025-06-09T11:52:07.714+0200] {logging_mixin.py:188} INFO - [2025-06-09T11:52:07.714+0200] {dag.py:3096} INFO - Sync 1 DAGs
[2025-06-09T11:52:07.720+0200] {logging_mixin.py:188} INFO - [2025-06-09T11:52:07.720+0200] {dag.py:3954} INFO - Setting next_dagrun for example_complex to None, run_after=None
[2025-06-09T11:52:07.787+0200] {processor.py:183} INFO - Processing /home/ccd/airflow_venv/lib/python3.10/site-packages/airflow/example_dags/example_complex.py took 0.111 seconds
[2025-06-09T11:53:27.372+0200] {processor.py:161} INFO - Started process (PID=17962) to work on /home/ccd/airflow_venv/lib/python3.10/site-packages/airflow/example_dags/example_complex.py
[2025-06-09T11:53:27.382+0200] {processor.py:830} INFO - Processing file /home/ccd/airflow_venv/lib/python3.10/site-packages/airflow/example_dags/example_complex.py for tasks to queue
[2025-06-09T11:53:27.384+0200] {logging_mixin.py:188} INFO - [2025-06-09T11:53:27.383+0200] {dagbag.py:540} INFO - Filling up the DagBag from /home/ccd/airflow_venv/lib/python3.10/site-packages/airflow/example_dags/example_complex.py
[2025-06-09T11:53:27.390+0200] {processor.py:840} INFO - DAG(s) 'example_complex' retrieved from /home/ccd/airflow_venv/lib/python3.10/site-packages/airflow/example_dags/example_complex.py
[2025-06-09T11:53:27.406+0200] {logging_mixin.py:188} INFO - [2025-06-09T11:53:27.406+0200] {dag.py:3096} INFO - Sync 1 DAGs
[2025-06-09T11:53:27.413+0200] {logging_mixin.py:188} INFO - [2025-06-09T11:53:27.413+0200] {dag.py:3954} INFO - Setting next_dagrun for example_complex to None, run_after=None
[2025-06-09T11:53:27.433+0200] {processor.py:183} INFO - Processing /home/ccd/airflow_venv/lib/python3.10/site-packages/airflow/example_dags/example_complex.py took 0.065 seconds
[2025-06-09T11:54:46.777+0200] {processor.py:161} INFO - Started process (PID=18438) to work on /home/ccd/airflow_venv/lib/python3.10/site-packages/airflow/example_dags/example_complex.py
[2025-06-09T11:54:46.779+0200] {processor.py:830} INFO - Processing file /home/ccd/airflow_venv/lib/python3.10/site-packages/airflow/example_dags/example_complex.py for tasks to queue
[2025-06-09T11:54:46.780+0200] {logging_mixin.py:188} INFO - [2025-06-09T11:54:46.780+0200] {dagbag.py:540} INFO - Filling up the DagBag from /home/ccd/airflow_venv/lib/python3.10/site-packages/airflow/example_dags/example_complex.py
[2025-06-09T11:54:46.787+0200] {processor.py:840} INFO - DAG(s) 'example_complex' retrieved from /home/ccd/airflow_venv/lib/python3.10/site-packages/airflow/example_dags/example_complex.py
[2025-06-09T11:54:46.803+0200] {logging_mixin.py:188} INFO - [2025-06-09T11:54:46.803+0200] {dag.py:3096} INFO - Sync 1 DAGs
[2025-06-09T11:54:46.810+0200] {logging_mixin.py:188} INFO - [2025-06-09T11:54:46.810+0200] {dag.py:3954} INFO - Setting next_dagrun for example_complex to None, run_after=None
[2025-06-09T11:54:46.830+0200] {processor.py:183} INFO - Processing /home/ccd/airflow_venv/lib/python3.10/site-packages/airflow/example_dags/example_complex.py took 0.058 seconds
[2025-06-09T11:56:01.653+0200] {processor.py:161} INFO - Started process (PID=18856) to work on /home/ccd/airflow_venv/lib/python3.10/site-packages/airflow/example_dags/example_complex.py
[2025-06-09T11:56:01.656+0200] {processor.py:830} INFO - Processing file /home/ccd/airflow_venv/lib/python3.10/site-packages/airflow/example_dags/example_complex.py for tasks to queue
[2025-06-09T11:56:01.657+0200] {logging_mixin.py:188} INFO - [2025-06-09T11:56:01.657+0200] {dagbag.py:540} INFO - Filling up the DagBag from /home/ccd/airflow_venv/lib/python3.10/site-packages/airflow/example_dags/example_complex.py
[2025-06-09T11:56:01.663+0200] {processor.py:840} INFO - DAG(s) 'example_complex' retrieved from /home/ccd/airflow_venv/lib/python3.10/site-packages/airflow/example_dags/example_complex.py
[2025-06-09T11:56:01.678+0200] {logging_mixin.py:188} INFO - [2025-06-09T11:56:01.678+0200] {dag.py:3096} INFO - Sync 1 DAGs
[2025-06-09T11:56:01.685+0200] {logging_mixin.py:188} INFO - [2025-06-09T11:56:01.684+0200] {dag.py:3954} INFO - Setting next_dagrun for example_complex to None, run_after=None
[2025-06-09T11:56:01.708+0200] {processor.py:183} INFO - Processing /home/ccd/airflow_venv/lib/python3.10/site-packages/airflow/example_dags/example_complex.py took 0.059 seconds
[2025-06-09T11:57:17.090+0200] {processor.py:161} INFO - Started process (PID=19317) to work on /home/ccd/airflow_venv/lib/python3.10/site-packages/airflow/example_dags/example_complex.py
[2025-06-09T11:57:17.101+0200] {processor.py:830} INFO - Processing file /home/ccd/airflow_venv/lib/python3.10/site-packages/airflow/example_dags/example_complex.py for tasks to queue
[2025-06-09T11:57:17.102+0200] {logging_mixin.py:188} INFO - [2025-06-09T11:57:17.102+0200] {dagbag.py:540} INFO - Filling up the DagBag from /home/ccd/airflow_venv/lib/python3.10/site-packages/airflow/example_dags/example_complex.py
[2025-06-09T11:57:17.109+0200] {processor.py:840} INFO - DAG(s) 'example_complex' retrieved from /home/ccd/airflow_venv/lib/python3.10/site-packages/airflow/example_dags/example_complex.py
[2025-06-09T11:57:17.124+0200] {logging_mixin.py:188} INFO - [2025-06-09T11:57:17.124+0200] {dag.py:3096} INFO - Sync 1 DAGs
[2025-06-09T11:57:17.131+0200] {logging_mixin.py:188} INFO - [2025-06-09T11:57:17.131+0200] {dag.py:3954} INFO - Setting next_dagrun for example_complex to None, run_after=None
[2025-06-09T11:57:17.152+0200] {processor.py:183} INFO - Processing /home/ccd/airflow_venv/lib/python3.10/site-packages/airflow/example_dags/example_complex.py took 0.066 seconds
[2025-06-09T11:58:36.865+0200] {processor.py:161} INFO - Started process (PID=19761) to work on /home/ccd/airflow_venv/lib/python3.10/site-packages/airflow/example_dags/example_complex.py
[2025-06-09T11:58:36.866+0200] {processor.py:830} INFO - Processing file /home/ccd/airflow_venv/lib/python3.10/site-packages/airflow/example_dags/example_complex.py for tasks to queue
[2025-06-09T11:58:36.868+0200] {logging_mixin.py:188} INFO - [2025-06-09T11:58:36.868+0200] {dagbag.py:540} INFO - Filling up the DagBag from /home/ccd/airflow_venv/lib/python3.10/site-packages/airflow/example_dags/example_complex.py
[2025-06-09T11:58:36.881+0200] {processor.py:840} INFO - DAG(s) 'example_complex' retrieved from /home/ccd/airflow_venv/lib/python3.10/site-packages/airflow/example_dags/example_complex.py
[2025-06-09T11:58:36.900+0200] {logging_mixin.py:188} INFO - [2025-06-09T11:58:36.900+0200] {dag.py:3096} INFO - Sync 1 DAGs
[2025-06-09T11:58:36.908+0200] {logging_mixin.py:188} INFO - [2025-06-09T11:58:36.907+0200] {dag.py:3954} INFO - Setting next_dagrun for example_complex to None, run_after=None
[2025-06-09T11:58:36.932+0200] {processor.py:183} INFO - Processing /home/ccd/airflow_venv/lib/python3.10/site-packages/airflow/example_dags/example_complex.py took 0.071 seconds
[2025-06-09T11:59:51.661+0200] {processor.py:161} INFO - Started process (PID=20286) to work on /home/ccd/airflow_venv/lib/python3.10/site-packages/airflow/example_dags/example_complex.py
[2025-06-09T11:59:51.673+0200] {processor.py:830} INFO - Processing file /home/ccd/airflow_venv/lib/python3.10/site-packages/airflow/example_dags/example_complex.py for tasks to queue
[2025-06-09T11:59:51.676+0200] {logging_mixin.py:188} INFO - [2025-06-09T11:59:51.675+0200] {dagbag.py:540} INFO - Filling up the DagBag from /home/ccd/airflow_venv/lib/python3.10/site-packages/airflow/example_dags/example_complex.py
[2025-06-09T11:59:51.693+0200] {processor.py:840} INFO - DAG(s) 'example_complex' retrieved from /home/ccd/airflow_venv/lib/python3.10/site-packages/airflow/example_dags/example_complex.py
[2025-06-09T11:59:51.730+0200] {logging_mixin.py:188} INFO - [2025-06-09T11:59:51.729+0200] {dag.py:3096} INFO - Sync 1 DAGs
[2025-06-09T11:59:51.756+0200] {logging_mixin.py:188} INFO - [2025-06-09T11:59:51.755+0200] {dag.py:3954} INFO - Setting next_dagrun for example_complex to None, run_after=None
[2025-06-09T11:59:51.811+0200] {processor.py:183} INFO - Processing /home/ccd/airflow_venv/lib/python3.10/site-packages/airflow/example_dags/example_complex.py took 0.165 seconds
[2025-06-09T12:01:09.220+0200] {processor.py:161} INFO - Started process (PID=20791) to work on /home/ccd/airflow_venv/lib/python3.10/site-packages/airflow/example_dags/example_complex.py
[2025-06-09T12:01:09.222+0200] {processor.py:830} INFO - Processing file /home/ccd/airflow_venv/lib/python3.10/site-packages/airflow/example_dags/example_complex.py for tasks to queue
[2025-06-09T12:01:09.223+0200] {logging_mixin.py:188} INFO - [2025-06-09T12:01:09.223+0200] {dagbag.py:540} INFO - Filling up the DagBag from /home/ccd/airflow_venv/lib/python3.10/site-packages/airflow/example_dags/example_complex.py
[2025-06-09T12:01:09.229+0200] {processor.py:840} INFO - DAG(s) 'example_complex' retrieved from /home/ccd/airflow_venv/lib/python3.10/site-packages/airflow/example_dags/example_complex.py
[2025-06-09T12:01:09.245+0200] {logging_mixin.py:188} INFO - [2025-06-09T12:01:09.245+0200] {dag.py:3096} INFO - Sync 1 DAGs
[2025-06-09T12:01:09.252+0200] {logging_mixin.py:188} INFO - [2025-06-09T12:01:09.252+0200] {dag.py:3954} INFO - Setting next_dagrun for example_complex to None, run_after=None
[2025-06-09T12:01:09.282+0200] {processor.py:183} INFO - Processing /home/ccd/airflow_venv/lib/python3.10/site-packages/airflow/example_dags/example_complex.py took 0.067 seconds
[2025-06-09T12:02:30.829+0200] {processor.py:161} INFO - Started process (PID=21300) to work on /home/ccd/airflow_venv/lib/python3.10/site-packages/airflow/example_dags/example_complex.py
[2025-06-09T12:02:30.839+0200] {processor.py:830} INFO - Processing file /home/ccd/airflow_venv/lib/python3.10/site-packages/airflow/example_dags/example_complex.py for tasks to queue
[2025-06-09T12:02:30.840+0200] {logging_mixin.py:188} INFO - [2025-06-09T12:02:30.840+0200] {dagbag.py:540} INFO - Filling up the DagBag from /home/ccd/airflow_venv/lib/python3.10/site-packages/airflow/example_dags/example_complex.py
[2025-06-09T12:02:30.847+0200] {processor.py:840} INFO - DAG(s) 'example_complex' retrieved from /home/ccd/airflow_venv/lib/python3.10/site-packages/airflow/example_dags/example_complex.py
[2025-06-09T12:02:30.863+0200] {logging_mixin.py:188} INFO - [2025-06-09T12:02:30.863+0200] {dag.py:3096} INFO - Sync 1 DAGs
[2025-06-09T12:02:30.870+0200] {logging_mixin.py:188} INFO - [2025-06-09T12:02:30.870+0200] {dag.py:3954} INFO - Setting next_dagrun for example_complex to None, run_after=None
[2025-06-09T12:02:30.890+0200] {processor.py:183} INFO - Processing /home/ccd/airflow_venv/lib/python3.10/site-packages/airflow/example_dags/example_complex.py took 0.065 seconds
[2025-06-09T12:05:19.773+0200] {processor.py:161} INFO - Started process (PID=24208) to work on /home/ccd/airflow_venv/lib/python3.10/site-packages/airflow/example_dags/example_complex.py
[2025-06-09T12:05:19.784+0200] {processor.py:830} INFO - Processing file /home/ccd/airflow_venv/lib/python3.10/site-packages/airflow/example_dags/example_complex.py for tasks to queue
[2025-06-09T12:05:19.785+0200] {logging_mixin.py:188} INFO - [2025-06-09T12:05:19.785+0200] {dagbag.py:540} INFO - Filling up the DagBag from /home/ccd/airflow_venv/lib/python3.10/site-packages/airflow/example_dags/example_complex.py
[2025-06-09T12:05:19.792+0200] {processor.py:840} INFO - DAG(s) 'example_complex' retrieved from /home/ccd/airflow_venv/lib/python3.10/site-packages/airflow/example_dags/example_complex.py
[2025-06-09T12:05:19.807+0200] {logging_mixin.py:188} INFO - [2025-06-09T12:05:19.807+0200] {dag.py:3096} INFO - Sync 1 DAGs
[2025-06-09T12:05:19.814+0200] {logging_mixin.py:188} INFO - [2025-06-09T12:05:19.814+0200] {dag.py:3954} INFO - Setting next_dagrun for example_complex to None, run_after=None
[2025-06-09T12:05:19.833+0200] {processor.py:183} INFO - Processing /home/ccd/airflow_venv/lib/python3.10/site-packages/airflow/example_dags/example_complex.py took 0.063 seconds
[2025-06-09T12:06:30.287+0200] {processor.py:161} INFO - Started process (PID=24739) to work on /home/ccd/airflow_venv/lib/python3.10/site-packages/airflow/example_dags/example_complex.py
[2025-06-09T12:06:30.290+0200] {processor.py:830} INFO - Processing file /home/ccd/airflow_venv/lib/python3.10/site-packages/airflow/example_dags/example_complex.py for tasks to queue
[2025-06-09T12:06:30.291+0200] {logging_mixin.py:188} INFO - [2025-06-09T12:06:30.291+0200] {dagbag.py:540} INFO - Filling up the DagBag from /home/ccd/airflow_venv/lib/python3.10/site-packages/airflow/example_dags/example_complex.py
[2025-06-09T12:06:30.298+0200] {processor.py:840} INFO - DAG(s) 'example_complex' retrieved from /home/ccd/airflow_venv/lib/python3.10/site-packages/airflow/example_dags/example_complex.py
[2025-06-09T12:06:30.314+0200] {logging_mixin.py:188} INFO - [2025-06-09T12:06:30.314+0200] {dag.py:3096} INFO - Sync 1 DAGs
[2025-06-09T12:06:30.320+0200] {logging_mixin.py:188} INFO - [2025-06-09T12:06:30.320+0200] {dag.py:3954} INFO - Setting next_dagrun for example_complex to None, run_after=None
[2025-06-09T12:06:30.341+0200] {processor.py:183} INFO - Processing /home/ccd/airflow_venv/lib/python3.10/site-packages/airflow/example_dags/example_complex.py took 0.058 seconds
[2025-06-09T12:07:38.493+0200] {processor.py:161} INFO - Started process (PID=25325) to work on /home/ccd/airflow_venv/lib/python3.10/site-packages/airflow/example_dags/example_complex.py
[2025-06-09T12:07:38.495+0200] {processor.py:830} INFO - Processing file /home/ccd/airflow_venv/lib/python3.10/site-packages/airflow/example_dags/example_complex.py for tasks to queue
[2025-06-09T12:07:38.497+0200] {logging_mixin.py:188} INFO - [2025-06-09T12:07:38.496+0200] {dagbag.py:540} INFO - Filling up the DagBag from /home/ccd/airflow_venv/lib/python3.10/site-packages/airflow/example_dags/example_complex.py
[2025-06-09T12:07:38.504+0200] {processor.py:840} INFO - DAG(s) 'example_complex' retrieved from /home/ccd/airflow_venv/lib/python3.10/site-packages/airflow/example_dags/example_complex.py
[2025-06-09T12:07:38.522+0200] {logging_mixin.py:188} INFO - [2025-06-09T12:07:38.522+0200] {dag.py:3096} INFO - Sync 1 DAGs
[2025-06-09T12:07:38.529+0200] {logging_mixin.py:188} INFO - [2025-06-09T12:07:38.529+0200] {dag.py:3954} INFO - Setting next_dagrun for example_complex to None, run_after=None
[2025-06-09T12:07:38.551+0200] {processor.py:183} INFO - Processing /home/ccd/airflow_venv/lib/python3.10/site-packages/airflow/example_dags/example_complex.py took 0.062 seconds
[2025-06-09T12:09:00.360+0200] {processor.py:161} INFO - Started process (PID=25801) to work on /home/ccd/airflow_venv/lib/python3.10/site-packages/airflow/example_dags/example_complex.py
[2025-06-09T12:09:00.371+0200] {processor.py:830} INFO - Processing file /home/ccd/airflow_venv/lib/python3.10/site-packages/airflow/example_dags/example_complex.py for tasks to queue
[2025-06-09T12:09:00.372+0200] {logging_mixin.py:188} INFO - [2025-06-09T12:09:00.372+0200] {dagbag.py:540} INFO - Filling up the DagBag from /home/ccd/airflow_venv/lib/python3.10/site-packages/airflow/example_dags/example_complex.py
[2025-06-09T12:09:00.379+0200] {processor.py:840} INFO - DAG(s) 'example_complex' retrieved from /home/ccd/airflow_venv/lib/python3.10/site-packages/airflow/example_dags/example_complex.py
[2025-06-09T12:09:00.394+0200] {logging_mixin.py:188} INFO - [2025-06-09T12:09:00.394+0200] {dag.py:3096} INFO - Sync 1 DAGs
[2025-06-09T12:09:00.401+0200] {logging_mixin.py:188} INFO - [2025-06-09T12:09:00.401+0200] {dag.py:3954} INFO - Setting next_dagrun for example_complex to None, run_after=None
[2025-06-09T12:09:00.422+0200] {processor.py:183} INFO - Processing /home/ccd/airflow_venv/lib/python3.10/site-packages/airflow/example_dags/example_complex.py took 0.066 seconds
[2025-06-09T12:09:55.962+0200] {processor.py:161} INFO - Started process (PID=26450) to work on /home/ccd/airflow_venv/lib/python3.10/site-packages/airflow/example_dags/example_complex.py
[2025-06-09T12:09:55.967+0200] {processor.py:830} INFO - Processing file /home/ccd/airflow_venv/lib/python3.10/site-packages/airflow/example_dags/example_complex.py for tasks to queue
[2025-06-09T12:09:55.970+0200] {logging_mixin.py:188} INFO - [2025-06-09T12:09:55.969+0200] {dagbag.py:540} INFO - Filling up the DagBag from /home/ccd/airflow_venv/lib/python3.10/site-packages/airflow/example_dags/example_complex.py
[2025-06-09T12:09:55.989+0200] {processor.py:840} INFO - DAG(s) 'example_complex' retrieved from /home/ccd/airflow_venv/lib/python3.10/site-packages/airflow/example_dags/example_complex.py
[2025-06-09T12:09:56.033+0200] {logging_mixin.py:188} INFO - [2025-06-09T12:09:56.032+0200] {dag.py:3096} INFO - Sync 1 DAGs
[2025-06-09T12:09:56.056+0200] {logging_mixin.py:188} INFO - [2025-06-09T12:09:56.056+0200] {dag.py:3954} INFO - Setting next_dagrun for example_complex to None, run_after=None
[2025-06-09T12:09:56.144+0200] {processor.py:183} INFO - Processing /home/ccd/airflow_venv/lib/python3.10/site-packages/airflow/example_dags/example_complex.py took 0.189 seconds
