[2025-06-09T17:30:07.947+0200] {processor.py:161} INFO - Started process (PID=106627) to work on /home/ccd/airflow_venv/lib/python3.10/site-packages/airflow/example_dags/example_branch_datetime_operator.py
[2025-06-09T17:30:07.948+0200] {processor.py:830} INFO - Processing file /home/ccd/airflow_venv/lib/python3.10/site-packages/airflow/example_dags/example_branch_datetime_operator.py for tasks to queue
[2025-06-09T17:30:07.961+0200] {logging_mixin.py:188} INFO - [2025-06-09T17:30:07.951+0200] {dagbag.py:540} INFO - Filling up the DagBag from /home/ccd/airflow_venv/lib/python3.10/site-packages/airflow/example_dags/example_branch_datetime_operator.py
[2025-06-09T17:30:08.003+0200] {processor.py:840} INFO - DAG(s) 'example_branch_datetime_operator', 'example_branch_datetime_operator_2', 'example_branch_datetime_operator_3' retrieved from /home/ccd/airflow_venv/lib/python3.10/site-packages/airflow/example_dags/example_branch_datetime_operator.py
[2025-06-09T17:30:08.592+0200] {logging_mixin.py:188} INFO - [2025-06-09T17:30:08.592+0200] {dag.py:3096} INFO - Sync 3 DAGs
[2025-06-09T17:30:08.620+0200] {logging_mixin.py:188} INFO - [2025-06-09T17:30:08.619+0200] {dag.py:3954} INFO - Setting next_dagrun for example_branch_datetime_operator to 2025-06-08 00:00:00+00:00, run_after=2025-06-09 00:00:00+00:00
[2025-06-09T17:30:08.629+0200] {logging_mixin.py:188} INFO - [2025-06-09T17:30:08.629+0200] {dag.py:3954} INFO - Setting next_dagrun for example_branch_datetime_operator_2 to 2025-06-08 00:00:00+00:00, run_after=2025-06-09 00:00:00+00:00
[2025-06-09T17:30:08.637+0200] {logging_mixin.py:188} INFO - [2025-06-09T17:30:08.636+0200] {dag.py:3954} INFO - Setting next_dagrun for example_branch_datetime_operator_3 to 2025-06-08 00:00:00+00:00, run_after=2025-06-09 00:00:00+00:00
[2025-06-09T17:30:08.678+0200] {processor.py:183} INFO - Processing /home/ccd/airflow_venv/lib/python3.10/site-packages/airflow/example_dags/example_branch_datetime_operator.py took 0.750 seconds
[2025-06-09T17:31:23.544+0200] {processor.py:161} INFO - Started process (PID=107100) to work on /home/ccd/airflow_venv/lib/python3.10/site-packages/airflow/example_dags/example_branch_datetime_operator.py
[2025-06-09T17:31:23.545+0200] {processor.py:830} INFO - Processing file /home/ccd/airflow_venv/lib/python3.10/site-packages/airflow/example_dags/example_branch_datetime_operator.py for tasks to queue
[2025-06-09T17:31:23.546+0200] {logging_mixin.py:188} INFO - [2025-06-09T17:31:23.546+0200] {dagbag.py:540} INFO - Filling up the DagBag from /home/ccd/airflow_venv/lib/python3.10/site-packages/airflow/example_dags/example_branch_datetime_operator.py
[2025-06-09T17:31:23.554+0200] {processor.py:840} INFO - DAG(s) 'example_branch_datetime_operator_2', 'example_branch_datetime_operator_3', 'example_branch_datetime_operator' retrieved from /home/ccd/airflow_venv/lib/python3.10/site-packages/airflow/example_dags/example_branch_datetime_operator.py
[2025-06-09T17:31:23.568+0200] {logging_mixin.py:188} INFO - [2025-06-09T17:31:23.568+0200] {dag.py:3096} INFO - Sync 3 DAGs
[2025-06-09T17:31:23.582+0200] {logging_mixin.py:188} INFO - [2025-06-09T17:31:23.582+0200] {dag.py:3954} INFO - Setting next_dagrun for example_branch_datetime_operator to 2025-06-08 00:00:00+00:00, run_after=2025-06-09 00:00:00+00:00
[2025-06-09T17:31:23.587+0200] {logging_mixin.py:188} INFO - [2025-06-09T17:31:23.587+0200] {dag.py:3954} INFO - Setting next_dagrun for example_branch_datetime_operator_2 to 2025-06-08 00:00:00+00:00, run_after=2025-06-09 00:00:00+00:00
[2025-06-09T17:31:23.588+0200] {logging_mixin.py:188} INFO - [2025-06-09T17:31:23.588+0200] {dag.py:3954} INFO - Setting next_dagrun for example_branch_datetime_operator_3 to 2025-06-08 00:00:00+00:00, run_after=2025-06-09 00:00:00+00:00
[2025-06-09T17:31:23.609+0200] {processor.py:183} INFO - Processing /home/ccd/airflow_venv/lib/python3.10/site-packages/airflow/example_dags/example_branch_datetime_operator.py took 0.069 seconds
[2025-06-09T17:32:20.558+0200] {processor.py:161} INFO - Started process (PID=107440) to work on /home/ccd/airflow_venv/lib/python3.10/site-packages/airflow/example_dags/example_branch_datetime_operator.py
[2025-06-09T17:32:20.568+0200] {processor.py:830} INFO - Processing file /home/ccd/airflow_venv/lib/python3.10/site-packages/airflow/example_dags/example_branch_datetime_operator.py for tasks to queue
[2025-06-09T17:32:20.570+0200] {logging_mixin.py:188} INFO - [2025-06-09T17:32:20.569+0200] {dagbag.py:540} INFO - Filling up the DagBag from /home/ccd/airflow_venv/lib/python3.10/site-packages/airflow/example_dags/example_branch_datetime_operator.py
[2025-06-09T17:32:20.577+0200] {processor.py:840} INFO - DAG(s) 'example_branch_datetime_operator_3', 'example_branch_datetime_operator', 'example_branch_datetime_operator_2' retrieved from /home/ccd/airflow_venv/lib/python3.10/site-packages/airflow/example_dags/example_branch_datetime_operator.py
[2025-06-09T17:32:20.591+0200] {logging_mixin.py:188} INFO - [2025-06-09T17:32:20.591+0200] {dag.py:3096} INFO - Sync 3 DAGs
[2025-06-09T17:32:20.606+0200] {logging_mixin.py:188} INFO - [2025-06-09T17:32:20.606+0200] {dag.py:3954} INFO - Setting next_dagrun for example_branch_datetime_operator to 2025-06-08 00:00:00+00:00, run_after=2025-06-09 00:00:00+00:00
[2025-06-09T17:32:20.609+0200] {logging_mixin.py:188} INFO - [2025-06-09T17:32:20.609+0200] {dag.py:3954} INFO - Setting next_dagrun for example_branch_datetime_operator_2 to 2025-06-08 00:00:00+00:00, run_after=2025-06-09 00:00:00+00:00
[2025-06-09T17:32:20.610+0200] {logging_mixin.py:188} INFO - [2025-06-09T17:32:20.610+0200] {dag.py:3954} INFO - Setting next_dagrun for example_branch_datetime_operator_3 to 2025-06-08 00:00:00+00:00, run_after=2025-06-09 00:00:00+00:00
[2025-06-09T17:32:20.662+0200] {processor.py:183} INFO - Processing /home/ccd/airflow_venv/lib/python3.10/site-packages/airflow/example_dags/example_branch_datetime_operator.py took 0.109 seconds
[2025-06-09T17:33:16.855+0200] {processor.py:161} INFO - Started process (PID=107741) to work on /home/ccd/airflow_venv/lib/python3.10/site-packages/airflow/example_dags/example_branch_datetime_operator.py
[2025-06-09T17:33:16.857+0200] {processor.py:830} INFO - Processing file /home/ccd/airflow_venv/lib/python3.10/site-packages/airflow/example_dags/example_branch_datetime_operator.py for tasks to queue
[2025-06-09T17:33:16.858+0200] {logging_mixin.py:188} INFO - [2025-06-09T17:33:16.858+0200] {dagbag.py:540} INFO - Filling up the DagBag from /home/ccd/airflow_venv/lib/python3.10/site-packages/airflow/example_dags/example_branch_datetime_operator.py
[2025-06-09T17:33:16.865+0200] {processor.py:840} INFO - DAG(s) 'example_branch_datetime_operator', 'example_branch_datetime_operator_2', 'example_branch_datetime_operator_3' retrieved from /home/ccd/airflow_venv/lib/python3.10/site-packages/airflow/example_dags/example_branch_datetime_operator.py
[2025-06-09T17:33:16.878+0200] {logging_mixin.py:188} INFO - [2025-06-09T17:33:16.878+0200] {dag.py:3096} INFO - Sync 3 DAGs
[2025-06-09T17:33:16.890+0200] {logging_mixin.py:188} INFO - [2025-06-09T17:33:16.890+0200] {dag.py:3954} INFO - Setting next_dagrun for example_branch_datetime_operator to 2025-06-08 00:00:00+00:00, run_after=2025-06-09 00:00:00+00:00
[2025-06-09T17:33:16.893+0200] {logging_mixin.py:188} INFO - [2025-06-09T17:33:16.893+0200] {dag.py:3954} INFO - Setting next_dagrun for example_branch_datetime_operator_2 to 2025-06-08 00:00:00+00:00, run_after=2025-06-09 00:00:00+00:00
[2025-06-09T17:33:16.894+0200] {logging_mixin.py:188} INFO - [2025-06-09T17:33:16.894+0200] {dag.py:3954} INFO - Setting next_dagrun for example_branch_datetime_operator_3 to 2025-06-08 00:00:00+00:00, run_after=2025-06-09 00:00:00+00:00
[2025-06-09T17:33:16.920+0200] {processor.py:183} INFO - Processing /home/ccd/airflow_venv/lib/python3.10/site-packages/airflow/example_dags/example_branch_datetime_operator.py took 0.069 seconds
[2025-06-09T17:34:10.785+0200] {processor.py:161} INFO - Started process (PID=108080) to work on /home/ccd/airflow_venv/lib/python3.10/site-packages/airflow/example_dags/example_branch_datetime_operator.py
[2025-06-09T17:34:10.787+0200] {processor.py:830} INFO - Processing file /home/ccd/airflow_venv/lib/python3.10/site-packages/airflow/example_dags/example_branch_datetime_operator.py for tasks to queue
[2025-06-09T17:34:10.789+0200] {logging_mixin.py:188} INFO - [2025-06-09T17:34:10.788+0200] {dagbag.py:540} INFO - Filling up the DagBag from /home/ccd/airflow_venv/lib/python3.10/site-packages/airflow/example_dags/example_branch_datetime_operator.py
[2025-06-09T17:34:10.795+0200] {processor.py:840} INFO - DAG(s) 'example_branch_datetime_operator_3', 'example_branch_datetime_operator', 'example_branch_datetime_operator_2' retrieved from /home/ccd/airflow_venv/lib/python3.10/site-packages/airflow/example_dags/example_branch_datetime_operator.py
[2025-06-09T17:34:10.809+0200] {logging_mixin.py:188} INFO - [2025-06-09T17:34:10.809+0200] {dag.py:3096} INFO - Sync 3 DAGs
[2025-06-09T17:34:10.822+0200] {logging_mixin.py:188} INFO - [2025-06-09T17:34:10.822+0200] {dag.py:3954} INFO - Setting next_dagrun for example_branch_datetime_operator to 2025-06-08 00:00:00+00:00, run_after=2025-06-09 00:00:00+00:00
[2025-06-09T17:34:10.825+0200] {logging_mixin.py:188} INFO - [2025-06-09T17:34:10.825+0200] {dag.py:3954} INFO - Setting next_dagrun for example_branch_datetime_operator_2 to 2025-06-08 00:00:00+00:00, run_after=2025-06-09 00:00:00+00:00
[2025-06-09T17:34:10.826+0200] {logging_mixin.py:188} INFO - [2025-06-09T17:34:10.826+0200] {dag.py:3954} INFO - Setting next_dagrun for example_branch_datetime_operator_3 to 2025-06-08 00:00:00+00:00, run_after=2025-06-09 00:00:00+00:00
[2025-06-09T17:34:10.846+0200] {processor.py:183} INFO - Processing /home/ccd/airflow_venv/lib/python3.10/site-packages/airflow/example_dags/example_branch_datetime_operator.py took 0.065 seconds
[2025-06-09T17:35:04.945+0200] {processor.py:161} INFO - Started process (PID=108369) to work on /home/ccd/airflow_venv/lib/python3.10/site-packages/airflow/example_dags/example_branch_datetime_operator.py
[2025-06-09T17:35:04.956+0200] {processor.py:830} INFO - Processing file /home/ccd/airflow_venv/lib/python3.10/site-packages/airflow/example_dags/example_branch_datetime_operator.py for tasks to queue
[2025-06-09T17:35:04.958+0200] {logging_mixin.py:188} INFO - [2025-06-09T17:35:04.957+0200] {dagbag.py:540} INFO - Filling up the DagBag from /home/ccd/airflow_venv/lib/python3.10/site-packages/airflow/example_dags/example_branch_datetime_operator.py
[2025-06-09T17:35:04.965+0200] {processor.py:840} INFO - DAG(s) 'example_branch_datetime_operator', 'example_branch_datetime_operator_3', 'example_branch_datetime_operator_2' retrieved from /home/ccd/airflow_venv/lib/python3.10/site-packages/airflow/example_dags/example_branch_datetime_operator.py
[2025-06-09T17:35:04.977+0200] {logging_mixin.py:188} INFO - [2025-06-09T17:35:04.977+0200] {dag.py:3096} INFO - Sync 3 DAGs
[2025-06-09T17:35:04.990+0200] {logging_mixin.py:188} INFO - [2025-06-09T17:35:04.990+0200] {dag.py:3954} INFO - Setting next_dagrun for example_branch_datetime_operator to 2025-06-08 00:00:00+00:00, run_after=2025-06-09 00:00:00+00:00
[2025-06-09T17:35:04.993+0200] {logging_mixin.py:188} INFO - [2025-06-09T17:35:04.993+0200] {dag.py:3954} INFO - Setting next_dagrun for example_branch_datetime_operator_2 to 2025-06-08 00:00:00+00:00, run_after=2025-06-09 00:00:00+00:00
[2025-06-09T17:35:04.994+0200] {logging_mixin.py:188} INFO - [2025-06-09T17:35:04.994+0200] {dag.py:3954} INFO - Setting next_dagrun for example_branch_datetime_operator_3 to 2025-06-08 00:00:00+00:00, run_after=2025-06-09 00:00:00+00:00
[2025-06-09T17:35:05.015+0200] {processor.py:183} INFO - Processing /home/ccd/airflow_venv/lib/python3.10/site-packages/airflow/example_dags/example_branch_datetime_operator.py took 0.073 seconds
[2025-06-09T17:36:00.161+0200] {processor.py:161} INFO - Started process (PID=108713) to work on /home/ccd/airflow_venv/lib/python3.10/site-packages/airflow/example_dags/example_branch_datetime_operator.py
[2025-06-09T17:36:00.163+0200] {processor.py:830} INFO - Processing file /home/ccd/airflow_venv/lib/python3.10/site-packages/airflow/example_dags/example_branch_datetime_operator.py for tasks to queue
[2025-06-09T17:36:00.164+0200] {logging_mixin.py:188} INFO - [2025-06-09T17:36:00.164+0200] {dagbag.py:540} INFO - Filling up the DagBag from /home/ccd/airflow_venv/lib/python3.10/site-packages/airflow/example_dags/example_branch_datetime_operator.py
[2025-06-09T17:36:00.171+0200] {processor.py:840} INFO - DAG(s) 'example_branch_datetime_operator_3', 'example_branch_datetime_operator_2', 'example_branch_datetime_operator' retrieved from /home/ccd/airflow_venv/lib/python3.10/site-packages/airflow/example_dags/example_branch_datetime_operator.py
[2025-06-09T17:36:00.186+0200] {logging_mixin.py:188} INFO - [2025-06-09T17:36:00.186+0200] {dag.py:3096} INFO - Sync 3 DAGs
[2025-06-09T17:36:00.199+0200] {logging_mixin.py:188} INFO - [2025-06-09T17:36:00.198+0200] {dag.py:3954} INFO - Setting next_dagrun for example_branch_datetime_operator to 2025-06-08 00:00:00+00:00, run_after=2025-06-09 00:00:00+00:00
[2025-06-09T17:36:00.201+0200] {logging_mixin.py:188} INFO - [2025-06-09T17:36:00.201+0200] {dag.py:3954} INFO - Setting next_dagrun for example_branch_datetime_operator_2 to 2025-06-08 00:00:00+00:00, run_after=2025-06-09 00:00:00+00:00
[2025-06-09T17:36:00.202+0200] {logging_mixin.py:188} INFO - [2025-06-09T17:36:00.202+0200] {dag.py:3954} INFO - Setting next_dagrun for example_branch_datetime_operator_3 to 2025-06-08 00:00:00+00:00, run_after=2025-06-09 00:00:00+00:00
[2025-06-09T17:36:00.229+0200] {processor.py:183} INFO - Processing /home/ccd/airflow_venv/lib/python3.10/site-packages/airflow/example_dags/example_branch_datetime_operator.py took 0.072 seconds
[2025-06-09T17:36:58.919+0200] {processor.py:161} INFO - Started process (PID=109055) to work on /home/ccd/airflow_venv/lib/python3.10/site-packages/airflow/example_dags/example_branch_datetime_operator.py
[2025-06-09T17:36:58.930+0200] {processor.py:830} INFO - Processing file /home/ccd/airflow_venv/lib/python3.10/site-packages/airflow/example_dags/example_branch_datetime_operator.py for tasks to queue
[2025-06-09T17:36:58.931+0200] {logging_mixin.py:188} INFO - [2025-06-09T17:36:58.931+0200] {dagbag.py:540} INFO - Filling up the DagBag from /home/ccd/airflow_venv/lib/python3.10/site-packages/airflow/example_dags/example_branch_datetime_operator.py
[2025-06-09T17:36:58.939+0200] {processor.py:840} INFO - DAG(s) 'example_branch_datetime_operator', 'example_branch_datetime_operator_2', 'example_branch_datetime_operator_3' retrieved from /home/ccd/airflow_venv/lib/python3.10/site-packages/airflow/example_dags/example_branch_datetime_operator.py
[2025-06-09T17:36:58.952+0200] {logging_mixin.py:188} INFO - [2025-06-09T17:36:58.952+0200] {dag.py:3096} INFO - Sync 3 DAGs
[2025-06-09T17:36:58.966+0200] {logging_mixin.py:188} INFO - [2025-06-09T17:36:58.965+0200] {dag.py:3954} INFO - Setting next_dagrun for example_branch_datetime_operator to 2025-06-08 00:00:00+00:00, run_after=2025-06-09 00:00:00+00:00
[2025-06-09T17:36:58.969+0200] {logging_mixin.py:188} INFO - [2025-06-09T17:36:58.969+0200] {dag.py:3954} INFO - Setting next_dagrun for example_branch_datetime_operator_2 to 2025-06-08 00:00:00+00:00, run_after=2025-06-09 00:00:00+00:00
[2025-06-09T17:36:58.971+0200] {logging_mixin.py:188} INFO - [2025-06-09T17:36:58.970+0200] {dag.py:3954} INFO - Setting next_dagrun for example_branch_datetime_operator_3 to 2025-06-08 00:00:00+00:00, run_after=2025-06-09 00:00:00+00:00
[2025-06-09T17:36:59.001+0200] {processor.py:183} INFO - Processing /home/ccd/airflow_venv/lib/python3.10/site-packages/airflow/example_dags/example_branch_datetime_operator.py took 0.087 seconds
[2025-06-09T17:38:20.863+0200] {processor.py:161} INFO - Started process (PID=109879) to work on /home/ccd/airflow_venv/lib/python3.10/site-packages/airflow/example_dags/example_branch_datetime_operator.py
[2025-06-09T17:38:20.873+0200] {processor.py:830} INFO - Processing file /home/ccd/airflow_venv/lib/python3.10/site-packages/airflow/example_dags/example_branch_datetime_operator.py for tasks to queue
[2025-06-09T17:38:20.874+0200] {logging_mixin.py:188} INFO - [2025-06-09T17:38:20.874+0200] {dagbag.py:540} INFO - Filling up the DagBag from /home/ccd/airflow_venv/lib/python3.10/site-packages/airflow/example_dags/example_branch_datetime_operator.py
[2025-06-09T17:38:20.880+0200] {processor.py:840} INFO - DAG(s) 'example_branch_datetime_operator_3', 'example_branch_datetime_operator', 'example_branch_datetime_operator_2' retrieved from /home/ccd/airflow_venv/lib/python3.10/site-packages/airflow/example_dags/example_branch_datetime_operator.py
[2025-06-09T17:38:20.894+0200] {logging_mixin.py:188} INFO - [2025-06-09T17:38:20.894+0200] {dag.py:3096} INFO - Sync 3 DAGs
[2025-06-09T17:38:20.908+0200] {logging_mixin.py:188} INFO - [2025-06-09T17:38:20.908+0200] {dag.py:3954} INFO - Setting next_dagrun for example_branch_datetime_operator to 2025-06-08 00:00:00+00:00, run_after=2025-06-09 00:00:00+00:00
[2025-06-09T17:38:20.911+0200] {logging_mixin.py:188} INFO - [2025-06-09T17:38:20.911+0200] {dag.py:3954} INFO - Setting next_dagrun for example_branch_datetime_operator_2 to 2025-06-08 00:00:00+00:00, run_after=2025-06-09 00:00:00+00:00
[2025-06-09T17:38:20.913+0200] {logging_mixin.py:188} INFO - [2025-06-09T17:38:20.913+0200] {dag.py:3954} INFO - Setting next_dagrun for example_branch_datetime_operator_3 to 2025-06-08 00:00:00+00:00, run_after=2025-06-09 00:00:00+00:00
[2025-06-09T17:38:20.941+0200] {processor.py:183} INFO - Processing /home/ccd/airflow_venv/lib/python3.10/site-packages/airflow/example_dags/example_branch_datetime_operator.py took 0.083 seconds
[2025-06-09T17:39:41.116+0200] {processor.py:161} INFO - Started process (PID=110614) to work on /home/ccd/airflow_venv/lib/python3.10/site-packages/airflow/example_dags/example_branch_datetime_operator.py
[2025-06-09T17:39:41.118+0200] {processor.py:830} INFO - Processing file /home/ccd/airflow_venv/lib/python3.10/site-packages/airflow/example_dags/example_branch_datetime_operator.py for tasks to queue
[2025-06-09T17:39:41.120+0200] {logging_mixin.py:188} INFO - [2025-06-09T17:39:41.120+0200] {dagbag.py:540} INFO - Filling up the DagBag from /home/ccd/airflow_venv/lib/python3.10/site-packages/airflow/example_dags/example_branch_datetime_operator.py
[2025-06-09T17:39:41.130+0200] {processor.py:840} INFO - DAG(s) 'example_branch_datetime_operator_3', 'example_branch_datetime_operator_2', 'example_branch_datetime_operator' retrieved from /home/ccd/airflow_venv/lib/python3.10/site-packages/airflow/example_dags/example_branch_datetime_operator.py
[2025-06-09T17:39:41.148+0200] {logging_mixin.py:188} INFO - [2025-06-09T17:39:41.148+0200] {dag.py:3096} INFO - Sync 3 DAGs
[2025-06-09T17:39:41.165+0200] {logging_mixin.py:188} INFO - [2025-06-09T17:39:41.165+0200] {dag.py:3954} INFO - Setting next_dagrun for example_branch_datetime_operator to 2025-06-08 00:00:00+00:00, run_after=2025-06-09 00:00:00+00:00
[2025-06-09T17:39:41.171+0200] {logging_mixin.py:188} INFO - [2025-06-09T17:39:41.171+0200] {dag.py:3954} INFO - Setting next_dagrun for example_branch_datetime_operator_2 to 2025-06-08 00:00:00+00:00, run_after=2025-06-09 00:00:00+00:00
[2025-06-09T17:39:41.174+0200] {logging_mixin.py:188} INFO - [2025-06-09T17:39:41.174+0200] {dag.py:3954} INFO - Setting next_dagrun for example_branch_datetime_operator_3 to 2025-06-08 00:00:00+00:00, run_after=2025-06-09 00:00:00+00:00
[2025-06-09T17:39:41.201+0200] {processor.py:183} INFO - Processing /home/ccd/airflow_venv/lib/python3.10/site-packages/airflow/example_dags/example_branch_datetime_operator.py took 0.093 seconds
[2025-06-09T17:40:52.818+0200] {processor.py:161} INFO - Started process (PID=111132) to work on /home/ccd/airflow_venv/lib/python3.10/site-packages/airflow/example_dags/example_branch_datetime_operator.py
[2025-06-09T17:40:52.819+0200] {processor.py:830} INFO - Processing file /home/ccd/airflow_venv/lib/python3.10/site-packages/airflow/example_dags/example_branch_datetime_operator.py for tasks to queue
[2025-06-09T17:40:52.821+0200] {logging_mixin.py:188} INFO - [2025-06-09T17:40:52.821+0200] {dagbag.py:540} INFO - Filling up the DagBag from /home/ccd/airflow_venv/lib/python3.10/site-packages/airflow/example_dags/example_branch_datetime_operator.py
[2025-06-09T17:40:52.836+0200] {processor.py:840} INFO - DAG(s) 'example_branch_datetime_operator_2', 'example_branch_datetime_operator', 'example_branch_datetime_operator_3' retrieved from /home/ccd/airflow_venv/lib/python3.10/site-packages/airflow/example_dags/example_branch_datetime_operator.py
[2025-06-09T17:40:52.863+0200] {logging_mixin.py:188} INFO - [2025-06-09T17:40:52.862+0200] {dag.py:3096} INFO - Sync 3 DAGs
[2025-06-09T17:40:52.885+0200] {logging_mixin.py:188} INFO - [2025-06-09T17:40:52.885+0200] {dag.py:3954} INFO - Setting next_dagrun for example_branch_datetime_operator to 2025-06-08 00:00:00+00:00, run_after=2025-06-09 00:00:00+00:00
[2025-06-09T17:40:52.890+0200] {logging_mixin.py:188} INFO - [2025-06-09T17:40:52.889+0200] {dag.py:3954} INFO - Setting next_dagrun for example_branch_datetime_operator_2 to 2025-06-08 00:00:00+00:00, run_after=2025-06-09 00:00:00+00:00
[2025-06-09T17:40:52.892+0200] {logging_mixin.py:188} INFO - [2025-06-09T17:40:52.892+0200] {dag.py:3954} INFO - Setting next_dagrun for example_branch_datetime_operator_3 to 2025-06-08 00:00:00+00:00, run_after=2025-06-09 00:00:00+00:00
[2025-06-09T17:40:53.239+0200] {processor.py:183} INFO - Processing /home/ccd/airflow_venv/lib/python3.10/site-packages/airflow/example_dags/example_branch_datetime_operator.py took 0.434 seconds
[2025-06-09T17:42:04.669+0200] {processor.py:161} INFO - Started process (PID=111580) to work on /home/ccd/airflow_venv/lib/python3.10/site-packages/airflow/example_dags/example_branch_datetime_operator.py
[2025-06-09T17:42:04.672+0200] {processor.py:830} INFO - Processing file /home/ccd/airflow_venv/lib/python3.10/site-packages/airflow/example_dags/example_branch_datetime_operator.py for tasks to queue
[2025-06-09T17:42:04.673+0200] {logging_mixin.py:188} INFO - [2025-06-09T17:42:04.673+0200] {dagbag.py:540} INFO - Filling up the DagBag from /home/ccd/airflow_venv/lib/python3.10/site-packages/airflow/example_dags/example_branch_datetime_operator.py
[2025-06-09T17:42:04.680+0200] {processor.py:840} INFO - DAG(s) 'example_branch_datetime_operator_3', 'example_branch_datetime_operator', 'example_branch_datetime_operator_2' retrieved from /home/ccd/airflow_venv/lib/python3.10/site-packages/airflow/example_dags/example_branch_datetime_operator.py
[2025-06-09T17:42:04.693+0200] {logging_mixin.py:188} INFO - [2025-06-09T17:42:04.693+0200] {dag.py:3096} INFO - Sync 3 DAGs
[2025-06-09T17:42:04.708+0200] {logging_mixin.py:188} INFO - [2025-06-09T17:42:04.708+0200] {dag.py:3954} INFO - Setting next_dagrun for example_branch_datetime_operator to 2025-06-08 00:00:00+00:00, run_after=2025-06-09 00:00:00+00:00
[2025-06-09T17:42:04.710+0200] {logging_mixin.py:188} INFO - [2025-06-09T17:42:04.710+0200] {dag.py:3954} INFO - Setting next_dagrun for example_branch_datetime_operator_2 to 2025-06-08 00:00:00+00:00, run_after=2025-06-09 00:00:00+00:00
[2025-06-09T17:42:04.712+0200] {logging_mixin.py:188} INFO - [2025-06-09T17:42:04.711+0200] {dag.py:3954} INFO - Setting next_dagrun for example_branch_datetime_operator_3 to 2025-06-08 00:00:00+00:00, run_after=2025-06-09 00:00:00+00:00
[2025-06-09T17:42:04.735+0200] {processor.py:183} INFO - Processing /home/ccd/airflow_venv/lib/python3.10/site-packages/airflow/example_dags/example_branch_datetime_operator.py took 0.069 seconds
[2025-06-09T17:44:02.705+0200] {processor.py:161} INFO - Started process (PID=112472) to work on /home/ccd/airflow_venv/lib/python3.10/site-packages/airflow/example_dags/example_branch_datetime_operator.py
[2025-06-09T17:44:02.716+0200] {processor.py:830} INFO - Processing file /home/ccd/airflow_venv/lib/python3.10/site-packages/airflow/example_dags/example_branch_datetime_operator.py for tasks to queue
[2025-06-09T17:44:02.717+0200] {logging_mixin.py:188} INFO - [2025-06-09T17:44:02.717+0200] {dagbag.py:540} INFO - Filling up the DagBag from /home/ccd/airflow_venv/lib/python3.10/site-packages/airflow/example_dags/example_branch_datetime_operator.py
[2025-06-09T17:44:02.724+0200] {processor.py:840} INFO - DAG(s) 'example_branch_datetime_operator', 'example_branch_datetime_operator_3', 'example_branch_datetime_operator_2' retrieved from /home/ccd/airflow_venv/lib/python3.10/site-packages/airflow/example_dags/example_branch_datetime_operator.py
[2025-06-09T17:44:02.836+0200] {logging_mixin.py:188} INFO - [2025-06-09T17:44:02.836+0200] {dag.py:3096} INFO - Sync 3 DAGs
[2025-06-09T17:44:02.846+0200] {logging_mixin.py:188} INFO - [2025-06-09T17:44:02.845+0200] {dag.py:3954} INFO - Setting next_dagrun for example_branch_datetime_operator to 2025-06-08 00:00:00+00:00, run_after=2025-06-09 00:00:00+00:00
[2025-06-09T17:44:02.847+0200] {logging_mixin.py:188} INFO - [2025-06-09T17:44:02.847+0200] {dag.py:3954} INFO - Setting next_dagrun for example_branch_datetime_operator_2 to 2025-06-08 00:00:00+00:00, run_after=2025-06-09 00:00:00+00:00
[2025-06-09T17:44:02.849+0200] {logging_mixin.py:188} INFO - [2025-06-09T17:44:02.849+0200] {dag.py:3954} INFO - Setting next_dagrun for example_branch_datetime_operator_3 to 2025-06-08 00:00:00+00:00, run_after=2025-06-09 00:00:00+00:00
[2025-06-09T17:44:02.874+0200] {processor.py:183} INFO - Processing /home/ccd/airflow_venv/lib/python3.10/site-packages/airflow/example_dags/example_branch_datetime_operator.py took 0.173 seconds
[2025-06-09T17:45:16.699+0200] {processor.py:161} INFO - Started process (PID=113003) to work on /home/ccd/airflow_venv/lib/python3.10/site-packages/airflow/example_dags/example_branch_datetime_operator.py
[2025-06-09T17:45:16.710+0200] {processor.py:830} INFO - Processing file /home/ccd/airflow_venv/lib/python3.10/site-packages/airflow/example_dags/example_branch_datetime_operator.py for tasks to queue
[2025-06-09T17:45:16.711+0200] {logging_mixin.py:188} INFO - [2025-06-09T17:45:16.711+0200] {dagbag.py:540} INFO - Filling up the DagBag from /home/ccd/airflow_venv/lib/python3.10/site-packages/airflow/example_dags/example_branch_datetime_operator.py
[2025-06-09T17:45:16.719+0200] {processor.py:840} INFO - DAG(s) 'example_branch_datetime_operator_3', 'example_branch_datetime_operator_2', 'example_branch_datetime_operator' retrieved from /home/ccd/airflow_venv/lib/python3.10/site-packages/airflow/example_dags/example_branch_datetime_operator.py
[2025-06-09T17:45:16.733+0200] {logging_mixin.py:188} INFO - [2025-06-09T17:45:16.733+0200] {dag.py:3096} INFO - Sync 3 DAGs
[2025-06-09T17:45:16.745+0200] {logging_mixin.py:188} INFO - [2025-06-09T17:45:16.745+0200] {dag.py:3954} INFO - Setting next_dagrun for example_branch_datetime_operator to 2025-06-08 00:00:00+00:00, run_after=2025-06-09 00:00:00+00:00
[2025-06-09T17:45:16.749+0200] {logging_mixin.py:188} INFO - [2025-06-09T17:45:16.749+0200] {dag.py:3954} INFO - Setting next_dagrun for example_branch_datetime_operator_2 to 2025-06-08 00:00:00+00:00, run_after=2025-06-09 00:00:00+00:00
[2025-06-09T17:45:16.750+0200] {logging_mixin.py:188} INFO - [2025-06-09T17:45:16.750+0200] {dag.py:3954} INFO - Setting next_dagrun for example_branch_datetime_operator_3 to 2025-06-08 00:00:00+00:00, run_after=2025-06-09 00:00:00+00:00
[2025-06-09T17:45:16.778+0200] {processor.py:183} INFO - Processing /home/ccd/airflow_venv/lib/python3.10/site-packages/airflow/example_dags/example_branch_datetime_operator.py took 0.083 seconds
[2025-06-09T17:46:22.837+0200] {processor.py:161} INFO - Started process (PID=113468) to work on /home/ccd/airflow_venv/lib/python3.10/site-packages/airflow/example_dags/example_branch_datetime_operator.py
[2025-06-09T17:46:22.848+0200] {processor.py:830} INFO - Processing file /home/ccd/airflow_venv/lib/python3.10/site-packages/airflow/example_dags/example_branch_datetime_operator.py for tasks to queue
[2025-06-09T17:46:22.850+0200] {logging_mixin.py:188} INFO - [2025-06-09T17:46:22.850+0200] {dagbag.py:540} INFO - Filling up the DagBag from /home/ccd/airflow_venv/lib/python3.10/site-packages/airflow/example_dags/example_branch_datetime_operator.py
[2025-06-09T17:46:22.857+0200] {processor.py:840} INFO - DAG(s) 'example_branch_datetime_operator_3', 'example_branch_datetime_operator_2', 'example_branch_datetime_operator' retrieved from /home/ccd/airflow_venv/lib/python3.10/site-packages/airflow/example_dags/example_branch_datetime_operator.py
[2025-06-09T17:46:22.873+0200] {logging_mixin.py:188} INFO - [2025-06-09T17:46:22.872+0200] {dag.py:3096} INFO - Sync 3 DAGs
[2025-06-09T17:46:22.889+0200] {logging_mixin.py:188} INFO - [2025-06-09T17:46:22.889+0200] {dag.py:3954} INFO - Setting next_dagrun for example_branch_datetime_operator to 2025-06-08 00:00:00+00:00, run_after=2025-06-09 00:00:00+00:00
[2025-06-09T17:46:22.892+0200] {logging_mixin.py:188} INFO - [2025-06-09T17:46:22.892+0200] {dag.py:3954} INFO - Setting next_dagrun for example_branch_datetime_operator_2 to 2025-06-08 00:00:00+00:00, run_after=2025-06-09 00:00:00+00:00
[2025-06-09T17:46:22.894+0200] {logging_mixin.py:188} INFO - [2025-06-09T17:46:22.894+0200] {dag.py:3954} INFO - Setting next_dagrun for example_branch_datetime_operator_3 to 2025-06-08 00:00:00+00:00, run_after=2025-06-09 00:00:00+00:00
[2025-06-09T17:46:22.929+0200] {processor.py:183} INFO - Processing /home/ccd/airflow_venv/lib/python3.10/site-packages/airflow/example_dags/example_branch_datetime_operator.py took 0.096 seconds
[2025-06-09T17:47:26.410+0200] {processor.py:161} INFO - Started process (PID=113852) to work on /home/ccd/airflow_venv/lib/python3.10/site-packages/airflow/example_dags/example_branch_datetime_operator.py
[2025-06-09T17:47:26.411+0200] {processor.py:830} INFO - Processing file /home/ccd/airflow_venv/lib/python3.10/site-packages/airflow/example_dags/example_branch_datetime_operator.py for tasks to queue
[2025-06-09T17:47:26.413+0200] {logging_mixin.py:188} INFO - [2025-06-09T17:47:26.412+0200] {dagbag.py:540} INFO - Filling up the DagBag from /home/ccd/airflow_venv/lib/python3.10/site-packages/airflow/example_dags/example_branch_datetime_operator.py
[2025-06-09T17:47:26.421+0200] {processor.py:840} INFO - DAG(s) 'example_branch_datetime_operator_2', 'example_branch_datetime_operator', 'example_branch_datetime_operator_3' retrieved from /home/ccd/airflow_venv/lib/python3.10/site-packages/airflow/example_dags/example_branch_datetime_operator.py
[2025-06-09T17:47:26.441+0200] {logging_mixin.py:188} INFO - [2025-06-09T17:47:26.440+0200] {dag.py:3096} INFO - Sync 3 DAGs
[2025-06-09T17:47:26.459+0200] {logging_mixin.py:188} INFO - [2025-06-09T17:47:26.459+0200] {dag.py:3954} INFO - Setting next_dagrun for example_branch_datetime_operator to 2025-06-08 00:00:00+00:00, run_after=2025-06-09 00:00:00+00:00
[2025-06-09T17:47:26.463+0200] {logging_mixin.py:188} INFO - [2025-06-09T17:47:26.463+0200] {dag.py:3954} INFO - Setting next_dagrun for example_branch_datetime_operator_2 to 2025-06-08 00:00:00+00:00, run_after=2025-06-09 00:00:00+00:00
[2025-06-09T17:47:26.464+0200] {logging_mixin.py:188} INFO - [2025-06-09T17:47:26.464+0200] {dag.py:3954} INFO - Setting next_dagrun for example_branch_datetime_operator_3 to 2025-06-08 00:00:00+00:00, run_after=2025-06-09 00:00:00+00:00
[2025-06-09T17:47:26.488+0200] {processor.py:183} INFO - Processing /home/ccd/airflow_venv/lib/python3.10/site-packages/airflow/example_dags/example_branch_datetime_operator.py took 0.082 seconds
[2025-06-09T17:50:43.869+0200] {processor.py:161} INFO - Started process (PID=117929) to work on /home/ccd/airflow_venv/lib/python3.10/site-packages/airflow/example_dags/example_branch_datetime_operator.py
[2025-06-09T17:50:43.870+0200] {processor.py:830} INFO - Processing file /home/ccd/airflow_venv/lib/python3.10/site-packages/airflow/example_dags/example_branch_datetime_operator.py for tasks to queue
[2025-06-09T17:50:43.874+0200] {logging_mixin.py:188} INFO - [2025-06-09T17:50:43.873+0200] {dagbag.py:540} INFO - Filling up the DagBag from /home/ccd/airflow_venv/lib/python3.10/site-packages/airflow/example_dags/example_branch_datetime_operator.py
[2025-06-09T17:50:43.884+0200] {processor.py:840} INFO - DAG(s) 'example_branch_datetime_operator_2', 'example_branch_datetime_operator', 'example_branch_datetime_operator_3' retrieved from /home/ccd/airflow_venv/lib/python3.10/site-packages/airflow/example_dags/example_branch_datetime_operator.py
[2025-06-09T17:50:43.902+0200] {logging_mixin.py:188} INFO - [2025-06-09T17:50:43.902+0200] {dag.py:3096} INFO - Sync 3 DAGs
[2025-06-09T17:50:43.923+0200] {logging_mixin.py:188} INFO - [2025-06-09T17:50:43.923+0200] {dag.py:3954} INFO - Setting next_dagrun for example_branch_datetime_operator to 2025-06-08 00:00:00+00:00, run_after=2025-06-09 00:00:00+00:00
[2025-06-09T17:50:43.929+0200] {logging_mixin.py:188} INFO - [2025-06-09T17:50:43.929+0200] {dag.py:3954} INFO - Setting next_dagrun for example_branch_datetime_operator_2 to 2025-06-08 00:00:00+00:00, run_after=2025-06-09 00:00:00+00:00
[2025-06-09T17:50:43.931+0200] {logging_mixin.py:188} INFO - [2025-06-09T17:50:43.930+0200] {dag.py:3954} INFO - Setting next_dagrun for example_branch_datetime_operator_3 to 2025-06-08 00:00:00+00:00, run_after=2025-06-09 00:00:00+00:00
[2025-06-09T17:50:43.978+0200] {processor.py:183} INFO - Processing /home/ccd/airflow_venv/lib/python3.10/site-packages/airflow/example_dags/example_branch_datetime_operator.py took 0.115 seconds
[2025-06-09T17:52:00.985+0200] {processor.py:161} INFO - Started process (PID=118613) to work on /home/ccd/airflow_venv/lib/python3.10/site-packages/airflow/example_dags/example_branch_datetime_operator.py
[2025-06-09T17:52:00.996+0200] {processor.py:830} INFO - Processing file /home/ccd/airflow_venv/lib/python3.10/site-packages/airflow/example_dags/example_branch_datetime_operator.py for tasks to queue
[2025-06-09T17:52:00.997+0200] {logging_mixin.py:188} INFO - [2025-06-09T17:52:00.997+0200] {dagbag.py:540} INFO - Filling up the DagBag from /home/ccd/airflow_venv/lib/python3.10/site-packages/airflow/example_dags/example_branch_datetime_operator.py
[2025-06-09T17:52:01.004+0200] {processor.py:840} INFO - DAG(s) 'example_branch_datetime_operator_2', 'example_branch_datetime_operator_3', 'example_branch_datetime_operator' retrieved from /home/ccd/airflow_venv/lib/python3.10/site-packages/airflow/example_dags/example_branch_datetime_operator.py
[2025-06-09T17:52:01.017+0200] {logging_mixin.py:188} INFO - [2025-06-09T17:52:01.017+0200] {dag.py:3096} INFO - Sync 3 DAGs
[2025-06-09T17:52:01.034+0200] {logging_mixin.py:188} INFO - [2025-06-09T17:52:01.034+0200] {dag.py:3954} INFO - Setting next_dagrun for example_branch_datetime_operator to 2025-06-08 00:00:00+00:00, run_after=2025-06-09 00:00:00+00:00
[2025-06-09T17:52:01.073+0200] {logging_mixin.py:188} INFO - [2025-06-09T17:52:01.073+0200] {dag.py:3954} INFO - Setting next_dagrun for example_branch_datetime_operator_2 to 2025-06-08 00:00:00+00:00, run_after=2025-06-09 00:00:00+00:00
[2025-06-09T17:52:01.109+0200] {logging_mixin.py:188} INFO - [2025-06-09T17:52:01.109+0200] {dag.py:3954} INFO - Setting next_dagrun for example_branch_datetime_operator_3 to 2025-06-08 00:00:00+00:00, run_after=2025-06-09 00:00:00+00:00
[2025-06-09T17:52:01.153+0200] {processor.py:183} INFO - Processing /home/ccd/airflow_venv/lib/python3.10/site-packages/airflow/example_dags/example_branch_datetime_operator.py took 0.172 seconds
[2025-06-09T17:52:59.555+0200] {processor.py:161} INFO - Started process (PID=118931) to work on /home/ccd/airflow_venv/lib/python3.10/site-packages/airflow/example_dags/example_branch_datetime_operator.py
[2025-06-09T17:52:59.567+0200] {processor.py:830} INFO - Processing file /home/ccd/airflow_venv/lib/python3.10/site-packages/airflow/example_dags/example_branch_datetime_operator.py for tasks to queue
[2025-06-09T17:52:59.568+0200] {logging_mixin.py:188} INFO - [2025-06-09T17:52:59.568+0200] {dagbag.py:540} INFO - Filling up the DagBag from /home/ccd/airflow_venv/lib/python3.10/site-packages/airflow/example_dags/example_branch_datetime_operator.py
[2025-06-09T17:52:59.577+0200] {processor.py:840} INFO - DAG(s) 'example_branch_datetime_operator', 'example_branch_datetime_operator_2', 'example_branch_datetime_operator_3' retrieved from /home/ccd/airflow_venv/lib/python3.10/site-packages/airflow/example_dags/example_branch_datetime_operator.py
[2025-06-09T17:52:59.596+0200] {logging_mixin.py:188} INFO - [2025-06-09T17:52:59.596+0200] {dag.py:3096} INFO - Sync 3 DAGs
[2025-06-09T17:52:59.616+0200] {logging_mixin.py:188} INFO - [2025-06-09T17:52:59.616+0200] {dag.py:3954} INFO - Setting next_dagrun for example_branch_datetime_operator to 2025-06-08 00:00:00+00:00, run_after=2025-06-09 00:00:00+00:00
[2025-06-09T17:52:59.620+0200] {logging_mixin.py:188} INFO - [2025-06-09T17:52:59.620+0200] {dag.py:3954} INFO - Setting next_dagrun for example_branch_datetime_operator_2 to 2025-06-08 00:00:00+00:00, run_after=2025-06-09 00:00:00+00:00
[2025-06-09T17:52:59.622+0200] {logging_mixin.py:188} INFO - [2025-06-09T17:52:59.622+0200] {dag.py:3954} INFO - Setting next_dagrun for example_branch_datetime_operator_3 to 2025-06-08 00:00:00+00:00, run_after=2025-06-09 00:00:00+00:00
[2025-06-09T17:52:59.655+0200] {processor.py:183} INFO - Processing /home/ccd/airflow_venv/lib/python3.10/site-packages/airflow/example_dags/example_branch_datetime_operator.py took 0.107 seconds
[2025-06-09T17:56:26.105+0200] {processor.py:161} INFO - Started process (PID=122544) to work on /home/ccd/airflow_venv/lib/python3.10/site-packages/airflow/example_dags/example_branch_datetime_operator.py
[2025-06-09T17:56:26.116+0200] {processor.py:830} INFO - Processing file /home/ccd/airflow_venv/lib/python3.10/site-packages/airflow/example_dags/example_branch_datetime_operator.py for tasks to queue
[2025-06-09T17:56:26.118+0200] {logging_mixin.py:188} INFO - [2025-06-09T17:56:26.118+0200] {dagbag.py:540} INFO - Filling up the DagBag from /home/ccd/airflow_venv/lib/python3.10/site-packages/airflow/example_dags/example_branch_datetime_operator.py
[2025-06-09T17:56:26.125+0200] {processor.py:840} INFO - DAG(s) 'example_branch_datetime_operator', 'example_branch_datetime_operator_2', 'example_branch_datetime_operator_3' retrieved from /home/ccd/airflow_venv/lib/python3.10/site-packages/airflow/example_dags/example_branch_datetime_operator.py
[2025-06-09T17:56:26.143+0200] {logging_mixin.py:188} INFO - [2025-06-09T17:56:26.143+0200] {dag.py:3096} INFO - Sync 3 DAGs
[2025-06-09T17:56:26.166+0200] {logging_mixin.py:188} INFO - [2025-06-09T17:56:26.166+0200] {dag.py:3954} INFO - Setting next_dagrun for example_branch_datetime_operator to 2025-06-08 00:00:00+00:00, run_after=2025-06-09 00:00:00+00:00
[2025-06-09T17:56:26.170+0200] {logging_mixin.py:188} INFO - [2025-06-09T17:56:26.170+0200] {dag.py:3954} INFO - Setting next_dagrun for example_branch_datetime_operator_2 to 2025-06-08 00:00:00+00:00, run_after=2025-06-09 00:00:00+00:00
[2025-06-09T17:56:26.172+0200] {logging_mixin.py:188} INFO - [2025-06-09T17:56:26.172+0200] {dag.py:3954} INFO - Setting next_dagrun for example_branch_datetime_operator_3 to 2025-06-08 00:00:00+00:00, run_after=2025-06-09 00:00:00+00:00
[2025-06-09T17:56:26.199+0200] {processor.py:183} INFO - Processing /home/ccd/airflow_venv/lib/python3.10/site-packages/airflow/example_dags/example_branch_datetime_operator.py took 0.098 seconds
[2025-06-09T17:57:25.356+0200] {processor.py:161} INFO - Started process (PID=122911) to work on /home/ccd/airflow_venv/lib/python3.10/site-packages/airflow/example_dags/example_branch_datetime_operator.py
[2025-06-09T17:57:25.357+0200] {processor.py:830} INFO - Processing file /home/ccd/airflow_venv/lib/python3.10/site-packages/airflow/example_dags/example_branch_datetime_operator.py for tasks to queue
[2025-06-09T17:57:25.359+0200] {logging_mixin.py:188} INFO - [2025-06-09T17:57:25.359+0200] {dagbag.py:540} INFO - Filling up the DagBag from /home/ccd/airflow_venv/lib/python3.10/site-packages/airflow/example_dags/example_branch_datetime_operator.py
[2025-06-09T17:57:25.370+0200] {processor.py:840} INFO - DAG(s) 'example_branch_datetime_operator_2', 'example_branch_datetime_operator_3', 'example_branch_datetime_operator' retrieved from /home/ccd/airflow_venv/lib/python3.10/site-packages/airflow/example_dags/example_branch_datetime_operator.py
[2025-06-09T17:57:25.392+0200] {logging_mixin.py:188} INFO - [2025-06-09T17:57:25.392+0200] {dag.py:3096} INFO - Sync 3 DAGs
[2025-06-09T17:57:25.415+0200] {logging_mixin.py:188} INFO - [2025-06-09T17:57:25.415+0200] {dag.py:3954} INFO - Setting next_dagrun for example_branch_datetime_operator to 2025-06-08 00:00:00+00:00, run_after=2025-06-09 00:00:00+00:00
[2025-06-09T17:57:25.419+0200] {logging_mixin.py:188} INFO - [2025-06-09T17:57:25.419+0200] {dag.py:3954} INFO - Setting next_dagrun for example_branch_datetime_operator_2 to 2025-06-08 00:00:00+00:00, run_after=2025-06-09 00:00:00+00:00
[2025-06-09T17:57:25.421+0200] {logging_mixin.py:188} INFO - [2025-06-09T17:57:25.421+0200] {dag.py:3954} INFO - Setting next_dagrun for example_branch_datetime_operator_3 to 2025-06-08 00:00:00+00:00, run_after=2025-06-09 00:00:00+00:00
[2025-06-09T17:57:25.450+0200] {processor.py:183} INFO - Processing /home/ccd/airflow_venv/lib/python3.10/site-packages/airflow/example_dags/example_branch_datetime_operator.py took 0.100 seconds
[2025-06-09T17:58:27.228+0200] {processor.py:161} INFO - Started process (PID=123342) to work on /home/ccd/airflow_venv/lib/python3.10/site-packages/airflow/example_dags/example_branch_datetime_operator.py
[2025-06-09T17:58:27.230+0200] {processor.py:830} INFO - Processing file /home/ccd/airflow_venv/lib/python3.10/site-packages/airflow/example_dags/example_branch_datetime_operator.py for tasks to queue
[2025-06-09T17:58:27.231+0200] {logging_mixin.py:188} INFO - [2025-06-09T17:58:27.231+0200] {dagbag.py:540} INFO - Filling up the DagBag from /home/ccd/airflow_venv/lib/python3.10/site-packages/airflow/example_dags/example_branch_datetime_operator.py
[2025-06-09T17:58:27.239+0200] {processor.py:840} INFO - DAG(s) 'example_branch_datetime_operator_3', 'example_branch_datetime_operator_2', 'example_branch_datetime_operator' retrieved from /home/ccd/airflow_venv/lib/python3.10/site-packages/airflow/example_dags/example_branch_datetime_operator.py
[2025-06-09T17:58:27.255+0200] {logging_mixin.py:188} INFO - [2025-06-09T17:58:27.255+0200] {dag.py:3096} INFO - Sync 3 DAGs
[2025-06-09T17:58:27.271+0200] {logging_mixin.py:188} INFO - [2025-06-09T17:58:27.270+0200] {dag.py:3954} INFO - Setting next_dagrun for example_branch_datetime_operator to 2025-06-08 00:00:00+00:00, run_after=2025-06-09 00:00:00+00:00
[2025-06-09T17:58:27.274+0200] {logging_mixin.py:188} INFO - [2025-06-09T17:58:27.274+0200] {dag.py:3954} INFO - Setting next_dagrun for example_branch_datetime_operator_2 to 2025-06-08 00:00:00+00:00, run_after=2025-06-09 00:00:00+00:00
[2025-06-09T17:58:27.275+0200] {logging_mixin.py:188} INFO - [2025-06-09T17:58:27.275+0200] {dag.py:3954} INFO - Setting next_dagrun for example_branch_datetime_operator_3 to 2025-06-08 00:00:00+00:00, run_after=2025-06-09 00:00:00+00:00
[2025-06-09T17:58:27.358+0200] {processor.py:183} INFO - Processing /home/ccd/airflow_venv/lib/python3.10/site-packages/airflow/example_dags/example_branch_datetime_operator.py took 0.135 seconds
[2025-06-09T18:01:58.811+0200] {processor.py:161} INFO - Started process (PID=126853) to work on /home/ccd/airflow_venv/lib/python3.10/site-packages/airflow/example_dags/example_branch_datetime_operator.py
[2025-06-09T18:01:58.813+0200] {processor.py:830} INFO - Processing file /home/ccd/airflow_venv/lib/python3.10/site-packages/airflow/example_dags/example_branch_datetime_operator.py for tasks to queue
[2025-06-09T18:01:58.814+0200] {logging_mixin.py:188} INFO - [2025-06-09T18:01:58.814+0200] {dagbag.py:540} INFO - Filling up the DagBag from /home/ccd/airflow_venv/lib/python3.10/site-packages/airflow/example_dags/example_branch_datetime_operator.py
[2025-06-09T18:01:58.823+0200] {processor.py:840} INFO - DAG(s) 'example_branch_datetime_operator', 'example_branch_datetime_operator_2', 'example_branch_datetime_operator_3' retrieved from /home/ccd/airflow_venv/lib/python3.10/site-packages/airflow/example_dags/example_branch_datetime_operator.py
[2025-06-09T18:01:58.945+0200] {logging_mixin.py:188} INFO - [2025-06-09T18:01:58.945+0200] {dag.py:3096} INFO - Sync 3 DAGs
[2025-06-09T18:01:58.956+0200] {logging_mixin.py:188} INFO - [2025-06-09T18:01:58.956+0200] {dag.py:3954} INFO - Setting next_dagrun for example_branch_datetime_operator to 2025-06-08 00:00:00+00:00, run_after=2025-06-09 00:00:00+00:00
[2025-06-09T18:01:58.958+0200] {logging_mixin.py:188} INFO - [2025-06-09T18:01:58.958+0200] {dag.py:3954} INFO - Setting next_dagrun for example_branch_datetime_operator_2 to 2025-06-08 00:00:00+00:00, run_after=2025-06-09 00:00:00+00:00
[2025-06-09T18:01:58.960+0200] {logging_mixin.py:188} INFO - [2025-06-09T18:01:58.959+0200] {dag.py:3954} INFO - Setting next_dagrun for example_branch_datetime_operator_3 to 2025-06-08 00:00:00+00:00, run_after=2025-06-09 00:00:00+00:00
[2025-06-09T18:01:58.979+0200] {processor.py:183} INFO - Processing /home/ccd/airflow_venv/lib/python3.10/site-packages/airflow/example_dags/example_branch_datetime_operator.py took 0.172 seconds
