[2025-06-09T02:01:01.854+0200] {processor.py:161} INFO - Started process (PID=1328374) to work on /home/ccd/airflow_venv/lib/python3.10/site-packages/airflow/example_dags/example_task_group_decorator.py
[2025-06-09T02:01:01.854+0200] {processor.py:830} INFO - Processing file /home/ccd/airflow_venv/lib/python3.10/site-packages/airflow/example_dags/example_task_group_decorator.py for tasks to queue
[2025-06-09T02:01:01.855+0200] {logging_mixin.py:188} INFO - [2025-06-09T02:01:01.855+0200] {dagbag.py:540} INFO - Filling up the DagBag from /home/ccd/airflow_venv/lib/python3.10/site-packages/airflow/example_dags/example_task_group_decorator.py
[2025-06-09T02:01:01.868+0200] {processor.py:840} INFO - DAG(s) 'example_task_group_decorator' retrieved from /home/ccd/airflow_venv/lib/python3.10/site-packages/airflow/example_dags/example_task_group_decorator.py
[2025-06-09T02:01:01.886+0200] {logging_mixin.py:188} INFO - [2025-06-09T02:01:01.886+0200] {dag.py:3096} INFO - Sync 1 DAGs
[2025-06-09T02:01:01.900+0200] {logging_mixin.py:188} INFO - [2025-06-09T02:01:01.899+0200] {dag.py:3954} INFO - Setting next_dagrun for example_task_group_decorator to 2025-06-08 00:00:00+00:00, run_after=2025-06-09 00:00:00+00:00
[2025-06-09T02:01:01.924+0200] {processor.py:183} INFO - Processing /home/ccd/airflow_venv/lib/python3.10/site-packages/airflow/example_dags/example_task_group_decorator.py took 0.076 seconds
[2025-06-09T02:02:01.072+0200] {processor.py:161} INFO - Started process (PID=1328754) to work on /home/ccd/airflow_venv/lib/python3.10/site-packages/airflow/example_dags/example_task_group_decorator.py
[2025-06-09T02:02:01.074+0200] {processor.py:830} INFO - Processing file /home/ccd/airflow_venv/lib/python3.10/site-packages/airflow/example_dags/example_task_group_decorator.py for tasks to queue
[2025-06-09T02:02:01.075+0200] {logging_mixin.py:188} INFO - [2025-06-09T02:02:01.075+0200] {dagbag.py:540} INFO - Filling up the DagBag from /home/ccd/airflow_venv/lib/python3.10/site-packages/airflow/example_dags/example_task_group_decorator.py
[2025-06-09T02:02:01.085+0200] {processor.py:840} INFO - DAG(s) 'example_task_group_decorator' retrieved from /home/ccd/airflow_venv/lib/python3.10/site-packages/airflow/example_dags/example_task_group_decorator.py
[2025-06-09T02:02:01.101+0200] {logging_mixin.py:188} INFO - [2025-06-09T02:02:01.101+0200] {dag.py:3096} INFO - Sync 1 DAGs
[2025-06-09T02:02:01.115+0200] {logging_mixin.py:188} INFO - [2025-06-09T02:02:01.115+0200] {dag.py:3954} INFO - Setting next_dagrun for example_task_group_decorator to 2025-06-08 00:00:00+00:00, run_after=2025-06-09 00:00:00+00:00
[2025-06-09T02:02:01.137+0200] {processor.py:183} INFO - Processing /home/ccd/airflow_venv/lib/python3.10/site-packages/airflow/example_dags/example_task_group_decorator.py took 0.070 seconds
[2025-06-09T02:02:54.764+0200] {processor.py:161} INFO - Started process (PID=1329046) to work on /home/ccd/airflow_venv/lib/python3.10/site-packages/airflow/example_dags/example_task_group_decorator.py
[2025-06-09T02:02:54.775+0200] {processor.py:830} INFO - Processing file /home/ccd/airflow_venv/lib/python3.10/site-packages/airflow/example_dags/example_task_group_decorator.py for tasks to queue
[2025-06-09T02:02:54.776+0200] {logging_mixin.py:188} INFO - [2025-06-09T02:02:54.776+0200] {dagbag.py:540} INFO - Filling up the DagBag from /home/ccd/airflow_venv/lib/python3.10/site-packages/airflow/example_dags/example_task_group_decorator.py
[2025-06-09T02:02:54.787+0200] {processor.py:840} INFO - DAG(s) 'example_task_group_decorator' retrieved from /home/ccd/airflow_venv/lib/python3.10/site-packages/airflow/example_dags/example_task_group_decorator.py
[2025-06-09T02:02:54.801+0200] {logging_mixin.py:188} INFO - [2025-06-09T02:02:54.801+0200] {dag.py:3096} INFO - Sync 1 DAGs
[2025-06-09T02:02:54.812+0200] {logging_mixin.py:188} INFO - [2025-06-09T02:02:54.812+0200] {dag.py:3954} INFO - Setting next_dagrun for example_task_group_decorator to 2025-06-08 00:00:00+00:00, run_after=2025-06-09 00:00:00+00:00
[2025-06-09T02:02:54.834+0200] {processor.py:183} INFO - Processing /home/ccd/airflow_venv/lib/python3.10/site-packages/airflow/example_dags/example_task_group_decorator.py took 0.075 seconds
[2025-06-09T02:03:45.194+0200] {processor.py:161} INFO - Started process (PID=1329365) to work on /home/ccd/airflow_venv/lib/python3.10/site-packages/airflow/example_dags/example_task_group_decorator.py
[2025-06-09T02:03:45.205+0200] {processor.py:830} INFO - Processing file /home/ccd/airflow_venv/lib/python3.10/site-packages/airflow/example_dags/example_task_group_decorator.py for tasks to queue
[2025-06-09T02:03:45.206+0200] {logging_mixin.py:188} INFO - [2025-06-09T02:03:45.206+0200] {dagbag.py:540} INFO - Filling up the DagBag from /home/ccd/airflow_venv/lib/python3.10/site-packages/airflow/example_dags/example_task_group_decorator.py
[2025-06-09T02:03:45.218+0200] {processor.py:840} INFO - DAG(s) 'example_task_group_decorator' retrieved from /home/ccd/airflow_venv/lib/python3.10/site-packages/airflow/example_dags/example_task_group_decorator.py
[2025-06-09T02:03:45.233+0200] {logging_mixin.py:188} INFO - [2025-06-09T02:03:45.233+0200] {dag.py:3096} INFO - Sync 1 DAGs
[2025-06-09T02:03:45.247+0200] {logging_mixin.py:188} INFO - [2025-06-09T02:03:45.247+0200] {dag.py:3954} INFO - Setting next_dagrun for example_task_group_decorator to 2025-06-08 00:00:00+00:00, run_after=2025-06-09 00:00:00+00:00
[2025-06-09T02:03:45.272+0200] {processor.py:183} INFO - Processing /home/ccd/airflow_venv/lib/python3.10/site-packages/airflow/example_dags/example_task_group_decorator.py took 0.084 seconds
[2025-06-09T02:04:34.241+0200] {processor.py:161} INFO - Started process (PID=1329715) to work on /home/ccd/airflow_venv/lib/python3.10/site-packages/airflow/example_dags/example_task_group_decorator.py
[2025-06-09T02:04:34.252+0200] {processor.py:830} INFO - Processing file /home/ccd/airflow_venv/lib/python3.10/site-packages/airflow/example_dags/example_task_group_decorator.py for tasks to queue
[2025-06-09T02:04:34.253+0200] {logging_mixin.py:188} INFO - [2025-06-09T02:04:34.252+0200] {dagbag.py:540} INFO - Filling up the DagBag from /home/ccd/airflow_venv/lib/python3.10/site-packages/airflow/example_dags/example_task_group_decorator.py
[2025-06-09T02:04:34.262+0200] {processor.py:840} INFO - DAG(s) 'example_task_group_decorator' retrieved from /home/ccd/airflow_venv/lib/python3.10/site-packages/airflow/example_dags/example_task_group_decorator.py
[2025-06-09T02:04:34.276+0200] {logging_mixin.py:188} INFO - [2025-06-09T02:04:34.276+0200] {dag.py:3096} INFO - Sync 1 DAGs
[2025-06-09T02:04:34.286+0200] {logging_mixin.py:188} INFO - [2025-06-09T02:04:34.286+0200] {dag.py:3954} INFO - Setting next_dagrun for example_task_group_decorator to 2025-06-08 00:00:00+00:00, run_after=2025-06-09 00:00:00+00:00
[2025-06-09T02:04:34.309+0200] {processor.py:183} INFO - Processing /home/ccd/airflow_venv/lib/python3.10/site-packages/airflow/example_dags/example_task_group_decorator.py took 0.072 seconds
[2025-06-09T02:05:26.604+0200] {processor.py:161} INFO - Started process (PID=1330106) to work on /home/ccd/airflow_venv/lib/python3.10/site-packages/airflow/example_dags/example_task_group_decorator.py
[2025-06-09T02:05:26.605+0200] {processor.py:830} INFO - Processing file /home/ccd/airflow_venv/lib/python3.10/site-packages/airflow/example_dags/example_task_group_decorator.py for tasks to queue
[2025-06-09T02:05:26.606+0200] {logging_mixin.py:188} INFO - [2025-06-09T02:05:26.606+0200] {dagbag.py:540} INFO - Filling up the DagBag from /home/ccd/airflow_venv/lib/python3.10/site-packages/airflow/example_dags/example_task_group_decorator.py
[2025-06-09T02:05:26.615+0200] {processor.py:840} INFO - DAG(s) 'example_task_group_decorator' retrieved from /home/ccd/airflow_venv/lib/python3.10/site-packages/airflow/example_dags/example_task_group_decorator.py
[2025-06-09T02:05:26.630+0200] {logging_mixin.py:188} INFO - [2025-06-09T02:05:26.630+0200] {dag.py:3096} INFO - Sync 1 DAGs
[2025-06-09T02:05:26.643+0200] {logging_mixin.py:188} INFO - [2025-06-09T02:05:26.643+0200] {dag.py:3954} INFO - Setting next_dagrun for example_task_group_decorator to 2025-06-08 00:00:00+00:00, run_after=2025-06-09 00:00:00+00:00
[2025-06-09T02:05:26.667+0200] {processor.py:183} INFO - Processing /home/ccd/airflow_venv/lib/python3.10/site-packages/airflow/example_dags/example_task_group_decorator.py took 0.068 seconds
[2025-06-09T02:06:20.969+0200] {processor.py:161} INFO - Started process (PID=1330654) to work on /home/ccd/airflow_venv/lib/python3.10/site-packages/airflow/example_dags/example_task_group_decorator.py
[2025-06-09T02:06:20.971+0200] {processor.py:830} INFO - Processing file /home/ccd/airflow_venv/lib/python3.10/site-packages/airflow/example_dags/example_task_group_decorator.py for tasks to queue
[2025-06-09T02:06:20.972+0200] {logging_mixin.py:188} INFO - [2025-06-09T02:06:20.972+0200] {dagbag.py:540} INFO - Filling up the DagBag from /home/ccd/airflow_venv/lib/python3.10/site-packages/airflow/example_dags/example_task_group_decorator.py
[2025-06-09T02:06:20.984+0200] {processor.py:840} INFO - DAG(s) 'example_task_group_decorator' retrieved from /home/ccd/airflow_venv/lib/python3.10/site-packages/airflow/example_dags/example_task_group_decorator.py
[2025-06-09T02:06:21.003+0200] {logging_mixin.py:188} INFO - [2025-06-09T02:06:21.003+0200] {dag.py:3096} INFO - Sync 1 DAGs
[2025-06-09T02:06:21.016+0200] {logging_mixin.py:188} INFO - [2025-06-09T02:06:21.015+0200] {dag.py:3954} INFO - Setting next_dagrun for example_task_group_decorator to 2025-06-08 00:00:00+00:00, run_after=2025-06-09 00:00:00+00:00
[2025-06-09T02:06:21.038+0200] {processor.py:183} INFO - Processing /home/ccd/airflow_venv/lib/python3.10/site-packages/airflow/example_dags/example_task_group_decorator.py took 0.074 seconds
[2025-06-09T02:07:18.496+0200] {processor.py:161} INFO - Started process (PID=1331089) to work on /home/ccd/airflow_venv/lib/python3.10/site-packages/airflow/example_dags/example_task_group_decorator.py
[2025-06-09T02:07:18.507+0200] {processor.py:830} INFO - Processing file /home/ccd/airflow_venv/lib/python3.10/site-packages/airflow/example_dags/example_task_group_decorator.py for tasks to queue
[2025-06-09T02:07:18.508+0200] {logging_mixin.py:188} INFO - [2025-06-09T02:07:18.508+0200] {dagbag.py:540} INFO - Filling up the DagBag from /home/ccd/airflow_venv/lib/python3.10/site-packages/airflow/example_dags/example_task_group_decorator.py
[2025-06-09T02:07:18.518+0200] {processor.py:840} INFO - DAG(s) 'example_task_group_decorator' retrieved from /home/ccd/airflow_venv/lib/python3.10/site-packages/airflow/example_dags/example_task_group_decorator.py
[2025-06-09T02:07:18.533+0200] {logging_mixin.py:188} INFO - [2025-06-09T02:07:18.533+0200] {dag.py:3096} INFO - Sync 1 DAGs
[2025-06-09T02:07:18.545+0200] {logging_mixin.py:188} INFO - [2025-06-09T02:07:18.544+0200] {dag.py:3954} INFO - Setting next_dagrun for example_task_group_decorator to 2025-06-08 00:00:00+00:00, run_after=2025-06-09 00:00:00+00:00
[2025-06-09T02:07:18.566+0200] {processor.py:183} INFO - Processing /home/ccd/airflow_venv/lib/python3.10/site-packages/airflow/example_dags/example_task_group_decorator.py took 0.075 seconds
[2025-06-09T02:08:13.818+0200] {processor.py:161} INFO - Started process (PID=1331515) to work on /home/ccd/airflow_venv/lib/python3.10/site-packages/airflow/example_dags/example_task_group_decorator.py
[2025-06-09T02:08:13.830+0200] {processor.py:830} INFO - Processing file /home/ccd/airflow_venv/lib/python3.10/site-packages/airflow/example_dags/example_task_group_decorator.py for tasks to queue
[2025-06-09T02:08:13.831+0200] {logging_mixin.py:188} INFO - [2025-06-09T02:08:13.830+0200] {dagbag.py:540} INFO - Filling up the DagBag from /home/ccd/airflow_venv/lib/python3.10/site-packages/airflow/example_dags/example_task_group_decorator.py
[2025-06-09T02:08:13.842+0200] {processor.py:840} INFO - DAG(s) 'example_task_group_decorator' retrieved from /home/ccd/airflow_venv/lib/python3.10/site-packages/airflow/example_dags/example_task_group_decorator.py
[2025-06-09T02:08:13.857+0200] {logging_mixin.py:188} INFO - [2025-06-09T02:08:13.857+0200] {dag.py:3096} INFO - Sync 1 DAGs
[2025-06-09T02:08:13.870+0200] {logging_mixin.py:188} INFO - [2025-06-09T02:08:13.869+0200] {dag.py:3954} INFO - Setting next_dagrun for example_task_group_decorator to 2025-06-08 00:00:00+00:00, run_after=2025-06-09 00:00:00+00:00
[2025-06-09T02:08:13.892+0200] {processor.py:183} INFO - Processing /home/ccd/airflow_venv/lib/python3.10/site-packages/airflow/example_dags/example_task_group_decorator.py took 0.078 seconds
[2025-06-09T02:09:08.716+0200] {processor.py:161} INFO - Started process (PID=1332107) to work on /home/ccd/airflow_venv/lib/python3.10/site-packages/airflow/example_dags/example_task_group_decorator.py
[2025-06-09T02:09:08.718+0200] {processor.py:830} INFO - Processing file /home/ccd/airflow_venv/lib/python3.10/site-packages/airflow/example_dags/example_task_group_decorator.py for tasks to queue
[2025-06-09T02:09:08.719+0200] {logging_mixin.py:188} INFO - [2025-06-09T02:09:08.719+0200] {dagbag.py:540} INFO - Filling up the DagBag from /home/ccd/airflow_venv/lib/python3.10/site-packages/airflow/example_dags/example_task_group_decorator.py
[2025-06-09T02:09:08.730+0200] {processor.py:840} INFO - DAG(s) 'example_task_group_decorator' retrieved from /home/ccd/airflow_venv/lib/python3.10/site-packages/airflow/example_dags/example_task_group_decorator.py
[2025-06-09T02:09:08.744+0200] {logging_mixin.py:188} INFO - [2025-06-09T02:09:08.744+0200] {dag.py:3096} INFO - Sync 1 DAGs
[2025-06-09T02:09:08.756+0200] {logging_mixin.py:188} INFO - [2025-06-09T02:09:08.755+0200] {dag.py:3954} INFO - Setting next_dagrun for example_task_group_decorator to 2025-06-08 00:00:00+00:00, run_after=2025-06-09 00:00:00+00:00
[2025-06-09T02:09:08.780+0200] {processor.py:183} INFO - Processing /home/ccd/airflow_venv/lib/python3.10/site-packages/airflow/example_dags/example_task_group_decorator.py took 0.068 seconds
[2025-06-09T02:09:59.272+0200] {processor.py:161} INFO - Started process (PID=1332394) to work on /home/ccd/airflow_venv/lib/python3.10/site-packages/airflow/example_dags/example_task_group_decorator.py
[2025-06-09T02:09:59.285+0200] {processor.py:830} INFO - Processing file /home/ccd/airflow_venv/lib/python3.10/site-packages/airflow/example_dags/example_task_group_decorator.py for tasks to queue
[2025-06-09T02:09:59.285+0200] {logging_mixin.py:188} INFO - [2025-06-09T02:09:59.285+0200] {dagbag.py:540} INFO - Filling up the DagBag from /home/ccd/airflow_venv/lib/python3.10/site-packages/airflow/example_dags/example_task_group_decorator.py
[2025-06-09T02:09:59.295+0200] {processor.py:840} INFO - DAG(s) 'example_task_group_decorator' retrieved from /home/ccd/airflow_venv/lib/python3.10/site-packages/airflow/example_dags/example_task_group_decorator.py
[2025-06-09T02:09:59.311+0200] {logging_mixin.py:188} INFO - [2025-06-09T02:09:59.311+0200] {dag.py:3096} INFO - Sync 1 DAGs
[2025-06-09T02:09:59.324+0200] {logging_mixin.py:188} INFO - [2025-06-09T02:09:59.324+0200] {dag.py:3954} INFO - Setting next_dagrun for example_task_group_decorator to 2025-06-08 00:00:00+00:00, run_after=2025-06-09 00:00:00+00:00
[2025-06-09T02:09:59.346+0200] {processor.py:183} INFO - Processing /home/ccd/airflow_venv/lib/python3.10/site-packages/airflow/example_dags/example_task_group_decorator.py took 0.078 seconds
[2025-06-09T11:30:13.928+0200] {processor.py:161} INFO - Started process (PID=3673) to work on /home/ccd/airflow_venv/lib/python3.10/site-packages/airflow/example_dags/example_task_group_decorator.py
[2025-06-09T11:30:13.938+0200] {processor.py:830} INFO - Processing file /home/ccd/airflow_venv/lib/python3.10/site-packages/airflow/example_dags/example_task_group_decorator.py for tasks to queue
[2025-06-09T11:30:13.940+0200] {logging_mixin.py:188} INFO - [2025-06-09T11:30:13.939+0200] {dagbag.py:540} INFO - Filling up the DagBag from /home/ccd/airflow_venv/lib/python3.10/site-packages/airflow/example_dags/example_task_group_decorator.py
[2025-06-09T11:30:13.950+0200] {processor.py:840} INFO - DAG(s) 'example_task_group_decorator' retrieved from /home/ccd/airflow_venv/lib/python3.10/site-packages/airflow/example_dags/example_task_group_decorator.py
[2025-06-09T11:30:13.954+0200] {logging_mixin.py:188} INFO - [2025-06-09T11:30:13.954+0200] {dag.py:3096} INFO - Sync 1 DAGs
[2025-06-09T11:30:13.966+0200] {logging_mixin.py:188} INFO - [2025-06-09T11:30:13.966+0200] {dag.py:3954} INFO - Setting next_dagrun for example_task_group_decorator to 2025-06-08 00:00:00+00:00, run_after=2025-06-09 00:00:00+00:00
[2025-06-09T11:30:13.995+0200] {processor.py:183} INFO - Processing /home/ccd/airflow_venv/lib/python3.10/site-packages/airflow/example_dags/example_task_group_decorator.py took 0.071 seconds
[2025-06-09T11:31:12.932+0200] {processor.py:161} INFO - Started process (PID=3990) to work on /home/ccd/airflow_venv/lib/python3.10/site-packages/airflow/example_dags/example_task_group_decorator.py
[2025-06-09T11:31:12.934+0200] {processor.py:830} INFO - Processing file /home/ccd/airflow_venv/lib/python3.10/site-packages/airflow/example_dags/example_task_group_decorator.py for tasks to queue
[2025-06-09T11:31:12.935+0200] {logging_mixin.py:188} INFO - [2025-06-09T11:31:12.935+0200] {dagbag.py:540} INFO - Filling up the DagBag from /home/ccd/airflow_venv/lib/python3.10/site-packages/airflow/example_dags/example_task_group_decorator.py
[2025-06-09T11:31:12.994+0200] {processor.py:840} INFO - DAG(s) 'example_task_group_decorator' retrieved from /home/ccd/airflow_venv/lib/python3.10/site-packages/airflow/example_dags/example_task_group_decorator.py
[2025-06-09T11:31:13.041+0200] {logging_mixin.py:188} INFO - [2025-06-09T11:31:13.040+0200] {dag.py:3096} INFO - Sync 1 DAGs
[2025-06-09T11:31:13.049+0200] {logging_mixin.py:188} INFO - [2025-06-09T11:31:13.049+0200] {dag.py:3954} INFO - Setting next_dagrun for example_task_group_decorator to 2025-06-08 00:00:00+00:00, run_after=2025-06-09 00:00:00+00:00
[2025-06-09T11:31:13.071+0200] {processor.py:183} INFO - Processing /home/ccd/airflow_venv/lib/python3.10/site-packages/airflow/example_dags/example_task_group_decorator.py took 0.142 seconds
[2025-06-09T11:32:10.231+0200] {processor.py:161} INFO - Started process (PID=4340) to work on /home/ccd/airflow_venv/lib/python3.10/site-packages/airflow/example_dags/example_task_group_decorator.py
[2025-06-09T11:32:10.232+0200] {processor.py:830} INFO - Processing file /home/ccd/airflow_venv/lib/python3.10/site-packages/airflow/example_dags/example_task_group_decorator.py for tasks to queue
[2025-06-09T11:32:10.233+0200] {logging_mixin.py:188} INFO - [2025-06-09T11:32:10.233+0200] {dagbag.py:540} INFO - Filling up the DagBag from /home/ccd/airflow_venv/lib/python3.10/site-packages/airflow/example_dags/example_task_group_decorator.py
[2025-06-09T11:32:10.241+0200] {processor.py:840} INFO - DAG(s) 'example_task_group_decorator' retrieved from /home/ccd/airflow_venv/lib/python3.10/site-packages/airflow/example_dags/example_task_group_decorator.py
[2025-06-09T11:32:10.301+0200] {logging_mixin.py:188} INFO - [2025-06-09T11:32:10.300+0200] {dag.py:3096} INFO - Sync 1 DAGs
[2025-06-09T11:32:10.323+0200] {logging_mixin.py:188} INFO - [2025-06-09T11:32:10.322+0200] {dag.py:3954} INFO - Setting next_dagrun for example_task_group_decorator to 2025-06-08 00:00:00+00:00, run_after=2025-06-09 00:00:00+00:00
[2025-06-09T11:32:10.356+0200] {processor.py:183} INFO - Processing /home/ccd/airflow_venv/lib/python3.10/site-packages/airflow/example_dags/example_task_group_decorator.py took 0.132 seconds
[2025-06-09T11:33:20.376+0200] {processor.py:161} INFO - Started process (PID=5038) to work on /home/ccd/airflow_venv/lib/python3.10/site-packages/airflow/example_dags/example_task_group_decorator.py
[2025-06-09T11:33:20.387+0200] {processor.py:830} INFO - Processing file /home/ccd/airflow_venv/lib/python3.10/site-packages/airflow/example_dags/example_task_group_decorator.py for tasks to queue
[2025-06-09T11:33:20.388+0200] {logging_mixin.py:188} INFO - [2025-06-09T11:33:20.388+0200] {dagbag.py:540} INFO - Filling up the DagBag from /home/ccd/airflow_venv/lib/python3.10/site-packages/airflow/example_dags/example_task_group_decorator.py
[2025-06-09T11:33:20.398+0200] {processor.py:840} INFO - DAG(s) 'example_task_group_decorator' retrieved from /home/ccd/airflow_venv/lib/python3.10/site-packages/airflow/example_dags/example_task_group_decorator.py
[2025-06-09T11:33:20.415+0200] {logging_mixin.py:188} INFO - [2025-06-09T11:33:20.414+0200] {dag.py:3096} INFO - Sync 1 DAGs
[2025-06-09T11:33:20.436+0200] {logging_mixin.py:188} INFO - [2025-06-09T11:33:20.436+0200] {dag.py:3954} INFO - Setting next_dagrun for example_task_group_decorator to 2025-06-08 00:00:00+00:00, run_after=2025-06-09 00:00:00+00:00
[2025-06-09T11:33:20.458+0200] {processor.py:183} INFO - Processing /home/ccd/airflow_venv/lib/python3.10/site-packages/airflow/example_dags/example_task_group_decorator.py took 0.085 seconds
[2025-06-09T11:34:38.202+0200] {processor.py:161} INFO - Started process (PID=5634) to work on /home/ccd/airflow_venv/lib/python3.10/site-packages/airflow/example_dags/example_task_group_decorator.py
[2025-06-09T11:34:38.205+0200] {processor.py:830} INFO - Processing file /home/ccd/airflow_venv/lib/python3.10/site-packages/airflow/example_dags/example_task_group_decorator.py for tasks to queue
[2025-06-09T11:34:38.206+0200] {logging_mixin.py:188} INFO - [2025-06-09T11:34:38.205+0200] {dagbag.py:540} INFO - Filling up the DagBag from /home/ccd/airflow_venv/lib/python3.10/site-packages/airflow/example_dags/example_task_group_decorator.py
[2025-06-09T11:34:38.215+0200] {processor.py:840} INFO - DAG(s) 'example_task_group_decorator' retrieved from /home/ccd/airflow_venv/lib/python3.10/site-packages/airflow/example_dags/example_task_group_decorator.py
[2025-06-09T11:34:38.227+0200] {logging_mixin.py:188} INFO - [2025-06-09T11:34:38.227+0200] {dag.py:3096} INFO - Sync 1 DAGs
[2025-06-09T11:34:38.239+0200] {logging_mixin.py:188} INFO - [2025-06-09T11:34:38.238+0200] {dag.py:3954} INFO - Setting next_dagrun for example_task_group_decorator to 2025-06-08 00:00:00+00:00, run_after=2025-06-09 00:00:00+00:00
[2025-06-09T11:34:38.268+0200] {processor.py:183} INFO - Processing /home/ccd/airflow_venv/lib/python3.10/site-packages/airflow/example_dags/example_task_group_decorator.py took 0.070 seconds
[2025-06-09T11:35:33.734+0200] {processor.py:161} INFO - Started process (PID=5956) to work on /home/ccd/airflow_venv/lib/python3.10/site-packages/airflow/example_dags/example_task_group_decorator.py
[2025-06-09T11:35:33.736+0200] {processor.py:830} INFO - Processing file /home/ccd/airflow_venv/lib/python3.10/site-packages/airflow/example_dags/example_task_group_decorator.py for tasks to queue
[2025-06-09T11:35:33.737+0200] {logging_mixin.py:188} INFO - [2025-06-09T11:35:33.736+0200] {dagbag.py:540} INFO - Filling up the DagBag from /home/ccd/airflow_venv/lib/python3.10/site-packages/airflow/example_dags/example_task_group_decorator.py
[2025-06-09T11:35:33.745+0200] {processor.py:840} INFO - DAG(s) 'example_task_group_decorator' retrieved from /home/ccd/airflow_venv/lib/python3.10/site-packages/airflow/example_dags/example_task_group_decorator.py
[2025-06-09T11:35:33.758+0200] {logging_mixin.py:188} INFO - [2025-06-09T11:35:33.758+0200] {dag.py:3096} INFO - Sync 1 DAGs
[2025-06-09T11:35:33.771+0200] {logging_mixin.py:188} INFO - [2025-06-09T11:35:33.771+0200] {dag.py:3954} INFO - Setting next_dagrun for example_task_group_decorator to 2025-06-08 00:00:00+00:00, run_after=2025-06-09 00:00:00+00:00
[2025-06-09T11:35:33.797+0200] {processor.py:183} INFO - Processing /home/ccd/airflow_venv/lib/python3.10/site-packages/airflow/example_dags/example_task_group_decorator.py took 0.067 seconds
[2025-06-09T11:36:28.961+0200] {processor.py:161} INFO - Started process (PID=6268) to work on /home/ccd/airflow_venv/lib/python3.10/site-packages/airflow/example_dags/example_task_group_decorator.py
[2025-06-09T11:36:28.972+0200] {processor.py:830} INFO - Processing file /home/ccd/airflow_venv/lib/python3.10/site-packages/airflow/example_dags/example_task_group_decorator.py for tasks to queue
[2025-06-09T11:36:28.974+0200] {logging_mixin.py:188} INFO - [2025-06-09T11:36:28.973+0200] {dagbag.py:540} INFO - Filling up the DagBag from /home/ccd/airflow_venv/lib/python3.10/site-packages/airflow/example_dags/example_task_group_decorator.py
[2025-06-09T11:36:28.982+0200] {processor.py:840} INFO - DAG(s) 'example_task_group_decorator' retrieved from /home/ccd/airflow_venv/lib/python3.10/site-packages/airflow/example_dags/example_task_group_decorator.py
[2025-06-09T11:36:28.993+0200] {logging_mixin.py:188} INFO - [2025-06-09T11:36:28.993+0200] {dag.py:3096} INFO - Sync 1 DAGs
[2025-06-09T11:36:29.004+0200] {logging_mixin.py:188} INFO - [2025-06-09T11:36:29.004+0200] {dag.py:3954} INFO - Setting next_dagrun for example_task_group_decorator to 2025-06-08 00:00:00+00:00, run_after=2025-06-09 00:00:00+00:00
[2025-06-09T11:36:29.028+0200] {processor.py:183} INFO - Processing /home/ccd/airflow_venv/lib/python3.10/site-packages/airflow/example_dags/example_task_group_decorator.py took 0.071 seconds
[2025-06-09T11:37:53.193+0200] {processor.py:161} INFO - Started process (PID=9072) to work on /home/ccd/airflow_venv/lib/python3.10/site-packages/airflow/example_dags/example_task_group_decorator.py
[2025-06-09T11:37:53.203+0200] {processor.py:830} INFO - Processing file /home/ccd/airflow_venv/lib/python3.10/site-packages/airflow/example_dags/example_task_group_decorator.py for tasks to queue
[2025-06-09T11:37:53.205+0200] {logging_mixin.py:188} INFO - [2025-06-09T11:37:53.204+0200] {dagbag.py:540} INFO - Filling up the DagBag from /home/ccd/airflow_venv/lib/python3.10/site-packages/airflow/example_dags/example_task_group_decorator.py
[2025-06-09T11:37:53.213+0200] {processor.py:840} INFO - DAG(s) 'example_task_group_decorator' retrieved from /home/ccd/airflow_venv/lib/python3.10/site-packages/airflow/example_dags/example_task_group_decorator.py
[2025-06-09T11:37:53.225+0200] {logging_mixin.py:188} INFO - [2025-06-09T11:37:53.225+0200] {dag.py:3096} INFO - Sync 1 DAGs
[2025-06-09T11:37:53.235+0200] {logging_mixin.py:188} INFO - [2025-06-09T11:37:53.235+0200] {dag.py:3954} INFO - Setting next_dagrun for example_task_group_decorator to 2025-06-08 00:00:00+00:00, run_after=2025-06-09 00:00:00+00:00
[2025-06-09T11:37:53.255+0200] {processor.py:183} INFO - Processing /home/ccd/airflow_venv/lib/python3.10/site-packages/airflow/example_dags/example_task_group_decorator.py took 0.067 seconds
[2025-06-09T11:38:45.969+0200] {processor.py:161} INFO - Started process (PID=9374) to work on /home/ccd/airflow_venv/lib/python3.10/site-packages/airflow/example_dags/example_task_group_decorator.py
[2025-06-09T11:38:45.970+0200] {processor.py:830} INFO - Processing file /home/ccd/airflow_venv/lib/python3.10/site-packages/airflow/example_dags/example_task_group_decorator.py for tasks to queue
[2025-06-09T11:38:45.971+0200] {logging_mixin.py:188} INFO - [2025-06-09T11:38:45.971+0200] {dagbag.py:540} INFO - Filling up the DagBag from /home/ccd/airflow_venv/lib/python3.10/site-packages/airflow/example_dags/example_task_group_decorator.py
[2025-06-09T11:38:45.980+0200] {processor.py:840} INFO - DAG(s) 'example_task_group_decorator' retrieved from /home/ccd/airflow_venv/lib/python3.10/site-packages/airflow/example_dags/example_task_group_decorator.py
[2025-06-09T11:38:45.992+0200] {logging_mixin.py:188} INFO - [2025-06-09T11:38:45.992+0200] {dag.py:3096} INFO - Sync 1 DAGs
[2025-06-09T11:38:46.005+0200] {logging_mixin.py:188} INFO - [2025-06-09T11:38:46.005+0200] {dag.py:3954} INFO - Setting next_dagrun for example_task_group_decorator to 2025-06-08 00:00:00+00:00, run_after=2025-06-09 00:00:00+00:00
[2025-06-09T11:38:46.027+0200] {processor.py:183} INFO - Processing /home/ccd/airflow_venv/lib/python3.10/site-packages/airflow/example_dags/example_task_group_decorator.py took 0.062 seconds
[2025-06-09T11:39:43.162+0200] {processor.py:161} INFO - Started process (PID=9901) to work on /home/ccd/airflow_venv/lib/python3.10/site-packages/airflow/example_dags/example_task_group_decorator.py
[2025-06-09T11:39:43.165+0200] {processor.py:830} INFO - Processing file /home/ccd/airflow_venv/lib/python3.10/site-packages/airflow/example_dags/example_task_group_decorator.py for tasks to queue
[2025-06-09T11:39:43.166+0200] {logging_mixin.py:188} INFO - [2025-06-09T11:39:43.166+0200] {dagbag.py:540} INFO - Filling up the DagBag from /home/ccd/airflow_venv/lib/python3.10/site-packages/airflow/example_dags/example_task_group_decorator.py
[2025-06-09T11:39:43.175+0200] {processor.py:840} INFO - DAG(s) 'example_task_group_decorator' retrieved from /home/ccd/airflow_venv/lib/python3.10/site-packages/airflow/example_dags/example_task_group_decorator.py
[2025-06-09T11:39:43.188+0200] {logging_mixin.py:188} INFO - [2025-06-09T11:39:43.188+0200] {dag.py:3096} INFO - Sync 1 DAGs
[2025-06-09T11:39:43.200+0200] {logging_mixin.py:188} INFO - [2025-06-09T11:39:43.200+0200] {dag.py:3954} INFO - Setting next_dagrun for example_task_group_decorator to 2025-06-08 00:00:00+00:00, run_after=2025-06-09 00:00:00+00:00
[2025-06-09T11:39:43.221+0200] {processor.py:183} INFO - Processing /home/ccd/airflow_venv/lib/python3.10/site-packages/airflow/example_dags/example_task_group_decorator.py took 0.063 seconds
[2025-06-09T11:40:46.801+0200] {processor.py:161} INFO - Started process (PID=10521) to work on /home/ccd/airflow_venv/lib/python3.10/site-packages/airflow/example_dags/example_task_group_decorator.py
[2025-06-09T11:40:46.803+0200] {processor.py:830} INFO - Processing file /home/ccd/airflow_venv/lib/python3.10/site-packages/airflow/example_dags/example_task_group_decorator.py for tasks to queue
[2025-06-09T11:40:46.804+0200] {logging_mixin.py:188} INFO - [2025-06-09T11:40:46.804+0200] {dagbag.py:540} INFO - Filling up the DagBag from /home/ccd/airflow_venv/lib/python3.10/site-packages/airflow/example_dags/example_task_group_decorator.py
[2025-06-09T11:40:46.814+0200] {processor.py:840} INFO - DAG(s) 'example_task_group_decorator' retrieved from /home/ccd/airflow_venv/lib/python3.10/site-packages/airflow/example_dags/example_task_group_decorator.py
[2025-06-09T11:40:46.827+0200] {logging_mixin.py:188} INFO - [2025-06-09T11:40:46.826+0200] {dag.py:3096} INFO - Sync 1 DAGs
[2025-06-09T11:40:46.841+0200] {logging_mixin.py:188} INFO - [2025-06-09T11:40:46.841+0200] {dag.py:3954} INFO - Setting next_dagrun for example_task_group_decorator to 2025-06-08 00:00:00+00:00, run_after=2025-06-09 00:00:00+00:00
[2025-06-09T11:40:46.862+0200] {processor.py:183} INFO - Processing /home/ccd/airflow_venv/lib/python3.10/site-packages/airflow/example_dags/example_task_group_decorator.py took 0.065 seconds
[2025-06-09T11:41:57.824+0200] {processor.py:161} INFO - Started process (PID=11166) to work on /home/ccd/airflow_venv/lib/python3.10/site-packages/airflow/example_dags/example_task_group_decorator.py
[2025-06-09T11:41:57.834+0200] {processor.py:830} INFO - Processing file /home/ccd/airflow_venv/lib/python3.10/site-packages/airflow/example_dags/example_task_group_decorator.py for tasks to queue
[2025-06-09T11:41:57.835+0200] {logging_mixin.py:188} INFO - [2025-06-09T11:41:57.835+0200] {dagbag.py:540} INFO - Filling up the DagBag from /home/ccd/airflow_venv/lib/python3.10/site-packages/airflow/example_dags/example_task_group_decorator.py
[2025-06-09T11:41:57.844+0200] {processor.py:840} INFO - DAG(s) 'example_task_group_decorator' retrieved from /home/ccd/airflow_venv/lib/python3.10/site-packages/airflow/example_dags/example_task_group_decorator.py
[2025-06-09T11:41:57.856+0200] {logging_mixin.py:188} INFO - [2025-06-09T11:41:57.856+0200] {dag.py:3096} INFO - Sync 1 DAGs
[2025-06-09T11:41:57.867+0200] {logging_mixin.py:188} INFO - [2025-06-09T11:41:57.867+0200] {dag.py:3954} INFO - Setting next_dagrun for example_task_group_decorator to 2025-06-08 00:00:00+00:00, run_after=2025-06-09 00:00:00+00:00
[2025-06-09T11:41:57.887+0200] {processor.py:183} INFO - Processing /home/ccd/airflow_venv/lib/python3.10/site-packages/airflow/example_dags/example_task_group_decorator.py took 0.067 seconds
[2025-06-09T11:42:49.181+0200] {processor.py:161} INFO - Started process (PID=11474) to work on /home/ccd/airflow_venv/lib/python3.10/site-packages/airflow/example_dags/example_task_group_decorator.py
[2025-06-09T11:42:49.191+0200] {processor.py:830} INFO - Processing file /home/ccd/airflow_venv/lib/python3.10/site-packages/airflow/example_dags/example_task_group_decorator.py for tasks to queue
[2025-06-09T11:42:49.194+0200] {logging_mixin.py:188} INFO - [2025-06-09T11:42:49.193+0200] {dagbag.py:540} INFO - Filling up the DagBag from /home/ccd/airflow_venv/lib/python3.10/site-packages/airflow/example_dags/example_task_group_decorator.py
[2025-06-09T11:42:49.205+0200] {processor.py:840} INFO - DAG(s) 'example_task_group_decorator' retrieved from /home/ccd/airflow_venv/lib/python3.10/site-packages/airflow/example_dags/example_task_group_decorator.py
[2025-06-09T11:42:49.218+0200] {logging_mixin.py:188} INFO - [2025-06-09T11:42:49.218+0200] {dag.py:3096} INFO - Sync 1 DAGs
[2025-06-09T11:42:49.234+0200] {logging_mixin.py:188} INFO - [2025-06-09T11:42:49.233+0200] {dag.py:3954} INFO - Setting next_dagrun for example_task_group_decorator to 2025-06-08 00:00:00+00:00, run_after=2025-06-09 00:00:00+00:00
[2025-06-09T11:42:49.259+0200] {processor.py:183} INFO - Processing /home/ccd/airflow_venv/lib/python3.10/site-packages/airflow/example_dags/example_task_group_decorator.py took 0.082 seconds
[2025-06-09T11:43:49.725+0200] {processor.py:161} INFO - Started process (PID=11830) to work on /home/ccd/airflow_venv/lib/python3.10/site-packages/airflow/example_dags/example_task_group_decorator.py
[2025-06-09T11:43:49.726+0200] {processor.py:830} INFO - Processing file /home/ccd/airflow_venv/lib/python3.10/site-packages/airflow/example_dags/example_task_group_decorator.py for tasks to queue
[2025-06-09T11:43:49.727+0200] {logging_mixin.py:188} INFO - [2025-06-09T11:43:49.726+0200] {dagbag.py:540} INFO - Filling up the DagBag from /home/ccd/airflow_venv/lib/python3.10/site-packages/airflow/example_dags/example_task_group_decorator.py
[2025-06-09T11:43:49.735+0200] {processor.py:840} INFO - DAG(s) 'example_task_group_decorator' retrieved from /home/ccd/airflow_venv/lib/python3.10/site-packages/airflow/example_dags/example_task_group_decorator.py
[2025-06-09T11:43:49.747+0200] {logging_mixin.py:188} INFO - [2025-06-09T11:43:49.747+0200] {dag.py:3096} INFO - Sync 1 DAGs
[2025-06-09T11:43:49.758+0200] {logging_mixin.py:188} INFO - [2025-06-09T11:43:49.758+0200] {dag.py:3954} INFO - Setting next_dagrun for example_task_group_decorator to 2025-06-08 00:00:00+00:00, run_after=2025-06-09 00:00:00+00:00
[2025-06-09T11:43:49.778+0200] {processor.py:183} INFO - Processing /home/ccd/airflow_venv/lib/python3.10/site-packages/airflow/example_dags/example_task_group_decorator.py took 0.057 seconds
[2025-06-09T11:44:46.063+0200] {processor.py:161} INFO - Started process (PID=12200) to work on /home/ccd/airflow_venv/lib/python3.10/site-packages/airflow/example_dags/example_task_group_decorator.py
[2025-06-09T11:44:46.065+0200] {processor.py:830} INFO - Processing file /home/ccd/airflow_venv/lib/python3.10/site-packages/airflow/example_dags/example_task_group_decorator.py for tasks to queue
[2025-06-09T11:44:46.066+0200] {logging_mixin.py:188} INFO - [2025-06-09T11:44:46.066+0200] {dagbag.py:540} INFO - Filling up the DagBag from /home/ccd/airflow_venv/lib/python3.10/site-packages/airflow/example_dags/example_task_group_decorator.py
[2025-06-09T11:44:46.074+0200] {processor.py:840} INFO - DAG(s) 'example_task_group_decorator' retrieved from /home/ccd/airflow_venv/lib/python3.10/site-packages/airflow/example_dags/example_task_group_decorator.py
[2025-06-09T11:44:46.085+0200] {logging_mixin.py:188} INFO - [2025-06-09T11:44:46.085+0200] {dag.py:3096} INFO - Sync 1 DAGs
[2025-06-09T11:44:46.095+0200] {logging_mixin.py:188} INFO - [2025-06-09T11:44:46.095+0200] {dag.py:3954} INFO - Setting next_dagrun for example_task_group_decorator to 2025-06-08 00:00:00+00:00, run_after=2025-06-09 00:00:00+00:00
[2025-06-09T11:44:46.114+0200] {processor.py:183} INFO - Processing /home/ccd/airflow_venv/lib/python3.10/site-packages/airflow/example_dags/example_task_group_decorator.py took 0.054 seconds
[2025-06-09T11:45:38.748+0200] {processor.py:161} INFO - Started process (PID=12489) to work on /home/ccd/airflow_venv/lib/python3.10/site-packages/airflow/example_dags/example_task_group_decorator.py
[2025-06-09T11:45:38.751+0200] {processor.py:830} INFO - Processing file /home/ccd/airflow_venv/lib/python3.10/site-packages/airflow/example_dags/example_task_group_decorator.py for tasks to queue
[2025-06-09T11:45:38.753+0200] {logging_mixin.py:188} INFO - [2025-06-09T11:45:38.753+0200] {dagbag.py:540} INFO - Filling up the DagBag from /home/ccd/airflow_venv/lib/python3.10/site-packages/airflow/example_dags/example_task_group_decorator.py
[2025-06-09T11:45:38.766+0200] {processor.py:840} INFO - DAG(s) 'example_task_group_decorator' retrieved from /home/ccd/airflow_venv/lib/python3.10/site-packages/airflow/example_dags/example_task_group_decorator.py
[2025-06-09T11:45:38.780+0200] {logging_mixin.py:188} INFO - [2025-06-09T11:45:38.780+0200] {dag.py:3096} INFO - Sync 1 DAGs
[2025-06-09T11:45:38.793+0200] {logging_mixin.py:188} INFO - [2025-06-09T11:45:38.793+0200] {dag.py:3954} INFO - Setting next_dagrun for example_task_group_decorator to 2025-06-08 00:00:00+00:00, run_after=2025-06-09 00:00:00+00:00
[2025-06-09T11:45:38.815+0200] {processor.py:183} INFO - Processing /home/ccd/airflow_venv/lib/python3.10/site-packages/airflow/example_dags/example_task_group_decorator.py took 0.071 seconds
[2025-06-09T11:46:23.949+0200] {processor.py:161} INFO - Started process (PID=13623) to work on /home/ccd/airflow_venv/lib/python3.10/site-packages/airflow/example_dags/example_task_group_decorator.py
[2025-06-09T11:46:23.959+0200] {processor.py:830} INFO - Processing file /home/ccd/airflow_venv/lib/python3.10/site-packages/airflow/example_dags/example_task_group_decorator.py for tasks to queue
[2025-06-09T11:46:23.961+0200] {logging_mixin.py:188} INFO - [2025-06-09T11:46:23.961+0200] {dagbag.py:540} INFO - Filling up the DagBag from /home/ccd/airflow_venv/lib/python3.10/site-packages/airflow/example_dags/example_task_group_decorator.py
[2025-06-09T11:46:23.969+0200] {processor.py:840} INFO - DAG(s) 'example_task_group_decorator' retrieved from /home/ccd/airflow_venv/lib/python3.10/site-packages/airflow/example_dags/example_task_group_decorator.py
[2025-06-09T11:46:23.983+0200] {logging_mixin.py:188} INFO - [2025-06-09T11:46:23.983+0200] {dag.py:3096} INFO - Sync 1 DAGs
[2025-06-09T11:46:23.996+0200] {logging_mixin.py:188} INFO - [2025-06-09T11:46:23.996+0200] {dag.py:3954} INFO - Setting next_dagrun for example_task_group_decorator to 2025-06-08 00:00:00+00:00, run_after=2025-06-09 00:00:00+00:00
[2025-06-09T11:46:24.026+0200] {processor.py:183} INFO - Processing /home/ccd/airflow_venv/lib/python3.10/site-packages/airflow/example_dags/example_task_group_decorator.py took 0.081 seconds
[2025-06-09T11:47:06.451+0200] {processor.py:161} INFO - Started process (PID=13907) to work on /home/ccd/airflow_venv/lib/python3.10/site-packages/airflow/example_dags/example_task_group_decorator.py
[2025-06-09T11:47:06.453+0200] {processor.py:830} INFO - Processing file /home/ccd/airflow_venv/lib/python3.10/site-packages/airflow/example_dags/example_task_group_decorator.py for tasks to queue
[2025-06-09T11:47:06.454+0200] {logging_mixin.py:188} INFO - [2025-06-09T11:47:06.454+0200] {dagbag.py:540} INFO - Filling up the DagBag from /home/ccd/airflow_venv/lib/python3.10/site-packages/airflow/example_dags/example_task_group_decorator.py
[2025-06-09T11:47:06.463+0200] {processor.py:840} INFO - DAG(s) 'example_task_group_decorator' retrieved from /home/ccd/airflow_venv/lib/python3.10/site-packages/airflow/example_dags/example_task_group_decorator.py
[2025-06-09T11:47:06.476+0200] {logging_mixin.py:188} INFO - [2025-06-09T11:47:06.475+0200] {dag.py:3096} INFO - Sync 1 DAGs
[2025-06-09T11:47:06.487+0200] {logging_mixin.py:188} INFO - [2025-06-09T11:47:06.487+0200] {dag.py:3954} INFO - Setting next_dagrun for example_task_group_decorator to 2025-06-08 00:00:00+00:00, run_after=2025-06-09 00:00:00+00:00
[2025-06-09T11:47:06.509+0200] {processor.py:183} INFO - Processing /home/ccd/airflow_venv/lib/python3.10/site-packages/airflow/example_dags/example_task_group_decorator.py took 0.062 seconds
[2025-06-09T11:48:05.128+0200] {processor.py:161} INFO - Started process (PID=14261) to work on /home/ccd/airflow_venv/lib/python3.10/site-packages/airflow/example_dags/example_task_group_decorator.py
[2025-06-09T11:48:05.140+0200] {processor.py:830} INFO - Processing file /home/ccd/airflow_venv/lib/python3.10/site-packages/airflow/example_dags/example_task_group_decorator.py for tasks to queue
[2025-06-09T11:48:05.142+0200] {logging_mixin.py:188} INFO - [2025-06-09T11:48:05.141+0200] {dagbag.py:540} INFO - Filling up the DagBag from /home/ccd/airflow_venv/lib/python3.10/site-packages/airflow/example_dags/example_task_group_decorator.py
[2025-06-09T11:48:05.150+0200] {processor.py:840} INFO - DAG(s) 'example_task_group_decorator' retrieved from /home/ccd/airflow_venv/lib/python3.10/site-packages/airflow/example_dags/example_task_group_decorator.py
[2025-06-09T11:48:05.162+0200] {logging_mixin.py:188} INFO - [2025-06-09T11:48:05.162+0200] {dag.py:3096} INFO - Sync 1 DAGs
[2025-06-09T11:48:05.179+0200] {logging_mixin.py:188} INFO - [2025-06-09T11:48:05.179+0200] {dag.py:3954} INFO - Setting next_dagrun for example_task_group_decorator to 2025-06-08 00:00:00+00:00, run_after=2025-06-09 00:00:00+00:00
[2025-06-09T11:48:05.202+0200] {processor.py:183} INFO - Processing /home/ccd/airflow_venv/lib/python3.10/site-packages/airflow/example_dags/example_task_group_decorator.py took 0.078 seconds
[2025-06-09T11:49:25.697+0200] {processor.py:161} INFO - Started process (PID=15913) to work on /home/ccd/airflow_venv/lib/python3.10/site-packages/airflow/example_dags/example_task_group_decorator.py
[2025-06-09T11:49:25.708+0200] {processor.py:830} INFO - Processing file /home/ccd/airflow_venv/lib/python3.10/site-packages/airflow/example_dags/example_task_group_decorator.py for tasks to queue
[2025-06-09T11:49:25.710+0200] {logging_mixin.py:188} INFO - [2025-06-09T11:49:25.709+0200] {dagbag.py:540} INFO - Filling up the DagBag from /home/ccd/airflow_venv/lib/python3.10/site-packages/airflow/example_dags/example_task_group_decorator.py
[2025-06-09T11:49:25.721+0200] {processor.py:840} INFO - DAG(s) 'example_task_group_decorator' retrieved from /home/ccd/airflow_venv/lib/python3.10/site-packages/airflow/example_dags/example_task_group_decorator.py
[2025-06-09T11:49:25.734+0200] {logging_mixin.py:188} INFO - [2025-06-09T11:49:25.734+0200] {dag.py:3096} INFO - Sync 1 DAGs
[2025-06-09T11:49:25.746+0200] {logging_mixin.py:188} INFO - [2025-06-09T11:49:25.746+0200] {dag.py:3954} INFO - Setting next_dagrun for example_task_group_decorator to 2025-06-08 00:00:00+00:00, run_after=2025-06-09 00:00:00+00:00
[2025-06-09T11:49:25.771+0200] {processor.py:183} INFO - Processing /home/ccd/airflow_venv/lib/python3.10/site-packages/airflow/example_dags/example_task_group_decorator.py took 0.078 seconds
[2025-06-09T11:50:15.286+0200] {processor.py:161} INFO - Started process (PID=16398) to work on /home/ccd/airflow_venv/lib/python3.10/site-packages/airflow/example_dags/example_task_group_decorator.py
[2025-06-09T11:50:15.288+0200] {processor.py:830} INFO - Processing file /home/ccd/airflow_venv/lib/python3.10/site-packages/airflow/example_dags/example_task_group_decorator.py for tasks to queue
[2025-06-09T11:50:15.289+0200] {logging_mixin.py:188} INFO - [2025-06-09T11:50:15.289+0200] {dagbag.py:540} INFO - Filling up the DagBag from /home/ccd/airflow_venv/lib/python3.10/site-packages/airflow/example_dags/example_task_group_decorator.py
[2025-06-09T11:50:15.298+0200] {processor.py:840} INFO - DAG(s) 'example_task_group_decorator' retrieved from /home/ccd/airflow_venv/lib/python3.10/site-packages/airflow/example_dags/example_task_group_decorator.py
[2025-06-09T11:50:15.309+0200] {logging_mixin.py:188} INFO - [2025-06-09T11:50:15.309+0200] {dag.py:3096} INFO - Sync 1 DAGs
[2025-06-09T11:50:15.321+0200] {logging_mixin.py:188} INFO - [2025-06-09T11:50:15.321+0200] {dag.py:3954} INFO - Setting next_dagrun for example_task_group_decorator to 2025-06-08 00:00:00+00:00, run_after=2025-06-09 00:00:00+00:00
[2025-06-09T11:50:15.344+0200] {processor.py:183} INFO - Processing /home/ccd/airflow_venv/lib/python3.10/site-packages/airflow/example_dags/example_task_group_decorator.py took 0.061 seconds
[2025-06-09T11:51:26.385+0200] {processor.py:161} INFO - Started process (PID=17261) to work on /home/ccd/airflow_venv/lib/python3.10/site-packages/airflow/example_dags/example_task_group_decorator.py
[2025-06-09T11:51:26.386+0200] {processor.py:830} INFO - Processing file /home/ccd/airflow_venv/lib/python3.10/site-packages/airflow/example_dags/example_task_group_decorator.py for tasks to queue
[2025-06-09T11:51:26.388+0200] {logging_mixin.py:188} INFO - [2025-06-09T11:51:26.388+0200] {dagbag.py:540} INFO - Filling up the DagBag from /home/ccd/airflow_venv/lib/python3.10/site-packages/airflow/example_dags/example_task_group_decorator.py
[2025-06-09T11:51:26.399+0200] {processor.py:840} INFO - DAG(s) 'example_task_group_decorator' retrieved from /home/ccd/airflow_venv/lib/python3.10/site-packages/airflow/example_dags/example_task_group_decorator.py
[2025-06-09T11:51:26.411+0200] {logging_mixin.py:188} INFO - [2025-06-09T11:51:26.411+0200] {dag.py:3096} INFO - Sync 1 DAGs
[2025-06-09T11:51:26.423+0200] {logging_mixin.py:188} INFO - [2025-06-09T11:51:26.422+0200] {dag.py:3954} INFO - Setting next_dagrun for example_task_group_decorator to 2025-06-08 00:00:00+00:00, run_after=2025-06-09 00:00:00+00:00
[2025-06-09T11:51:26.442+0200] {processor.py:183} INFO - Processing /home/ccd/airflow_venv/lib/python3.10/site-packages/airflow/example_dags/example_task_group_decorator.py took 0.064 seconds
[2025-06-09T11:52:20.019+0200] {processor.py:161} INFO - Started process (PID=17615) to work on /home/ccd/airflow_venv/lib/python3.10/site-packages/airflow/example_dags/example_task_group_decorator.py
[2025-06-09T11:52:20.020+0200] {processor.py:830} INFO - Processing file /home/ccd/airflow_venv/lib/python3.10/site-packages/airflow/example_dags/example_task_group_decorator.py for tasks to queue
[2025-06-09T11:52:20.021+0200] {logging_mixin.py:188} INFO - [2025-06-09T11:52:20.020+0200] {dagbag.py:540} INFO - Filling up the DagBag from /home/ccd/airflow_venv/lib/python3.10/site-packages/airflow/example_dags/example_task_group_decorator.py
[2025-06-09T11:52:20.029+0200] {processor.py:840} INFO - DAG(s) 'example_task_group_decorator' retrieved from /home/ccd/airflow_venv/lib/python3.10/site-packages/airflow/example_dags/example_task_group_decorator.py
[2025-06-09T11:52:20.041+0200] {logging_mixin.py:188} INFO - [2025-06-09T11:52:20.040+0200] {dag.py:3096} INFO - Sync 1 DAGs
[2025-06-09T11:52:20.052+0200] {logging_mixin.py:188} INFO - [2025-06-09T11:52:20.052+0200] {dag.py:3954} INFO - Setting next_dagrun for example_task_group_decorator to 2025-06-08 00:00:00+00:00, run_after=2025-06-09 00:00:00+00:00
[2025-06-09T11:52:20.071+0200] {processor.py:183} INFO - Processing /home/ccd/airflow_venv/lib/python3.10/site-packages/airflow/example_dags/example_task_group_decorator.py took 0.057 seconds
[2025-06-09T11:53:12.980+0200] {processor.py:161} INFO - Started process (PID=17906) to work on /home/ccd/airflow_venv/lib/python3.10/site-packages/airflow/example_dags/example_task_group_decorator.py
[2025-06-09T11:53:12.991+0200] {processor.py:830} INFO - Processing file /home/ccd/airflow_venv/lib/python3.10/site-packages/airflow/example_dags/example_task_group_decorator.py for tasks to queue
[2025-06-09T11:53:12.993+0200] {logging_mixin.py:188} INFO - [2025-06-09T11:53:12.992+0200] {dagbag.py:540} INFO - Filling up the DagBag from /home/ccd/airflow_venv/lib/python3.10/site-packages/airflow/example_dags/example_task_group_decorator.py
[2025-06-09T11:53:13.001+0200] {processor.py:840} INFO - DAG(s) 'example_task_group_decorator' retrieved from /home/ccd/airflow_venv/lib/python3.10/site-packages/airflow/example_dags/example_task_group_decorator.py
[2025-06-09T11:53:13.013+0200] {logging_mixin.py:188} INFO - [2025-06-09T11:53:13.013+0200] {dag.py:3096} INFO - Sync 1 DAGs
[2025-06-09T11:53:13.023+0200] {logging_mixin.py:188} INFO - [2025-06-09T11:53:13.023+0200] {dag.py:3954} INFO - Setting next_dagrun for example_task_group_decorator to 2025-06-08 00:00:00+00:00, run_after=2025-06-09 00:00:00+00:00
[2025-06-09T11:53:13.045+0200] {processor.py:183} INFO - Processing /home/ccd/airflow_venv/lib/python3.10/site-packages/airflow/example_dags/example_task_group_decorator.py took 0.069 seconds
[2025-06-09T11:54:05.099+0200] {processor.py:161} INFO - Started process (PID=18208) to work on /home/ccd/airflow_venv/lib/python3.10/site-packages/airflow/example_dags/example_task_group_decorator.py
[2025-06-09T11:54:05.110+0200] {processor.py:830} INFO - Processing file /home/ccd/airflow_venv/lib/python3.10/site-packages/airflow/example_dags/example_task_group_decorator.py for tasks to queue
[2025-06-09T11:54:05.111+0200] {logging_mixin.py:188} INFO - [2025-06-09T11:54:05.111+0200] {dagbag.py:540} INFO - Filling up the DagBag from /home/ccd/airflow_venv/lib/python3.10/site-packages/airflow/example_dags/example_task_group_decorator.py
[2025-06-09T11:54:05.119+0200] {processor.py:840} INFO - DAG(s) 'example_task_group_decorator' retrieved from /home/ccd/airflow_venv/lib/python3.10/site-packages/airflow/example_dags/example_task_group_decorator.py
[2025-06-09T11:54:05.132+0200] {logging_mixin.py:188} INFO - [2025-06-09T11:54:05.132+0200] {dag.py:3096} INFO - Sync 1 DAGs
[2025-06-09T11:54:05.143+0200] {logging_mixin.py:188} INFO - [2025-06-09T11:54:05.143+0200] {dag.py:3954} INFO - Setting next_dagrun for example_task_group_decorator to 2025-06-08 00:00:00+00:00, run_after=2025-06-09 00:00:00+00:00
[2025-06-09T11:54:05.162+0200] {processor.py:183} INFO - Processing /home/ccd/airflow_venv/lib/python3.10/site-packages/airflow/example_dags/example_task_group_decorator.py took 0.067 seconds
[2025-06-09T11:54:58.321+0200] {processor.py:161} INFO - Started process (PID=18498) to work on /home/ccd/airflow_venv/lib/python3.10/site-packages/airflow/example_dags/example_task_group_decorator.py
[2025-06-09T11:54:58.332+0200] {processor.py:830} INFO - Processing file /home/ccd/airflow_venv/lib/python3.10/site-packages/airflow/example_dags/example_task_group_decorator.py for tasks to queue
[2025-06-09T11:54:58.333+0200] {logging_mixin.py:188} INFO - [2025-06-09T11:54:58.333+0200] {dagbag.py:540} INFO - Filling up the DagBag from /home/ccd/airflow_venv/lib/python3.10/site-packages/airflow/example_dags/example_task_group_decorator.py
[2025-06-09T11:54:58.342+0200] {processor.py:840} INFO - DAG(s) 'example_task_group_decorator' retrieved from /home/ccd/airflow_venv/lib/python3.10/site-packages/airflow/example_dags/example_task_group_decorator.py
[2025-06-09T11:54:58.354+0200] {logging_mixin.py:188} INFO - [2025-06-09T11:54:58.354+0200] {dag.py:3096} INFO - Sync 1 DAGs
[2025-06-09T11:54:58.365+0200] {logging_mixin.py:188} INFO - [2025-06-09T11:54:58.365+0200] {dag.py:3954} INFO - Setting next_dagrun for example_task_group_decorator to 2025-06-08 00:00:00+00:00, run_after=2025-06-09 00:00:00+00:00
[2025-06-09T11:54:58.385+0200] {processor.py:183} INFO - Processing /home/ccd/airflow_venv/lib/python3.10/site-packages/airflow/example_dags/example_task_group_decorator.py took 0.067 seconds
[2025-06-09T11:55:49.141+0200] {processor.py:161} INFO - Started process (PID=18803) to work on /home/ccd/airflow_venv/lib/python3.10/site-packages/airflow/example_dags/example_task_group_decorator.py
[2025-06-09T11:55:49.152+0200] {processor.py:830} INFO - Processing file /home/ccd/airflow_venv/lib/python3.10/site-packages/airflow/example_dags/example_task_group_decorator.py for tasks to queue
[2025-06-09T11:55:49.153+0200] {logging_mixin.py:188} INFO - [2025-06-09T11:55:49.153+0200] {dagbag.py:540} INFO - Filling up the DagBag from /home/ccd/airflow_venv/lib/python3.10/site-packages/airflow/example_dags/example_task_group_decorator.py
[2025-06-09T11:55:49.162+0200] {processor.py:840} INFO - DAG(s) 'example_task_group_decorator' retrieved from /home/ccd/airflow_venv/lib/python3.10/site-packages/airflow/example_dags/example_task_group_decorator.py
[2025-06-09T11:55:49.174+0200] {logging_mixin.py:188} INFO - [2025-06-09T11:55:49.174+0200] {dag.py:3096} INFO - Sync 1 DAGs
[2025-06-09T11:55:49.184+0200] {logging_mixin.py:188} INFO - [2025-06-09T11:55:49.184+0200] {dag.py:3954} INFO - Setting next_dagrun for example_task_group_decorator to 2025-06-08 00:00:00+00:00, run_after=2025-06-09 00:00:00+00:00
[2025-06-09T11:55:49.209+0200] {processor.py:183} INFO - Processing /home/ccd/airflow_venv/lib/python3.10/site-packages/airflow/example_dags/example_task_group_decorator.py took 0.071 seconds
[2025-06-09T11:56:39.462+0200] {processor.py:161} INFO - Started process (PID=19090) to work on /home/ccd/airflow_venv/lib/python3.10/site-packages/airflow/example_dags/example_task_group_decorator.py
[2025-06-09T11:56:39.465+0200] {processor.py:830} INFO - Processing file /home/ccd/airflow_venv/lib/python3.10/site-packages/airflow/example_dags/example_task_group_decorator.py for tasks to queue
[2025-06-09T11:56:39.466+0200] {logging_mixin.py:188} INFO - [2025-06-09T11:56:39.466+0200] {dagbag.py:540} INFO - Filling up the DagBag from /home/ccd/airflow_venv/lib/python3.10/site-packages/airflow/example_dags/example_task_group_decorator.py
[2025-06-09T11:56:39.474+0200] {processor.py:840} INFO - DAG(s) 'example_task_group_decorator' retrieved from /home/ccd/airflow_venv/lib/python3.10/site-packages/airflow/example_dags/example_task_group_decorator.py
[2025-06-09T11:56:39.486+0200] {logging_mixin.py:188} INFO - [2025-06-09T11:56:39.486+0200] {dag.py:3096} INFO - Sync 1 DAGs
[2025-06-09T11:56:39.497+0200] {logging_mixin.py:188} INFO - [2025-06-09T11:56:39.497+0200] {dag.py:3954} INFO - Setting next_dagrun for example_task_group_decorator to 2025-06-08 00:00:00+00:00, run_after=2025-06-09 00:00:00+00:00
[2025-06-09T11:56:39.518+0200] {processor.py:183} INFO - Processing /home/ccd/airflow_venv/lib/python3.10/site-packages/airflow/example_dags/example_task_group_decorator.py took 0.059 seconds
[2025-06-09T11:57:29.705+0200] {processor.py:161} INFO - Started process (PID=19377) to work on /home/ccd/airflow_venv/lib/python3.10/site-packages/airflow/example_dags/example_task_group_decorator.py
[2025-06-09T11:57:29.716+0200] {processor.py:830} INFO - Processing file /home/ccd/airflow_venv/lib/python3.10/site-packages/airflow/example_dags/example_task_group_decorator.py for tasks to queue
[2025-06-09T11:57:29.717+0200] {logging_mixin.py:188} INFO - [2025-06-09T11:57:29.717+0200] {dagbag.py:540} INFO - Filling up the DagBag from /home/ccd/airflow_venv/lib/python3.10/site-packages/airflow/example_dags/example_task_group_decorator.py
[2025-06-09T11:57:29.726+0200] {processor.py:840} INFO - DAG(s) 'example_task_group_decorator' retrieved from /home/ccd/airflow_venv/lib/python3.10/site-packages/airflow/example_dags/example_task_group_decorator.py
[2025-06-09T11:57:29.739+0200] {logging_mixin.py:188} INFO - [2025-06-09T11:57:29.739+0200] {dag.py:3096} INFO - Sync 1 DAGs
[2025-06-09T11:57:29.749+0200] {logging_mixin.py:188} INFO - [2025-06-09T11:57:29.749+0200] {dag.py:3954} INFO - Setting next_dagrun for example_task_group_decorator to 2025-06-08 00:00:00+00:00, run_after=2025-06-09 00:00:00+00:00
[2025-06-09T11:57:29.778+0200] {processor.py:183} INFO - Processing /home/ccd/airflow_venv/lib/python3.10/site-packages/airflow/example_dags/example_task_group_decorator.py took 0.077 seconds
[2025-06-09T11:58:20.096+0200] {processor.py:161} INFO - Started process (PID=19665) to work on /home/ccd/airflow_venv/lib/python3.10/site-packages/airflow/example_dags/example_task_group_decorator.py
[2025-06-09T11:58:20.107+0200] {processor.py:830} INFO - Processing file /home/ccd/airflow_venv/lib/python3.10/site-packages/airflow/example_dags/example_task_group_decorator.py for tasks to queue
[2025-06-09T11:58:20.108+0200] {logging_mixin.py:188} INFO - [2025-06-09T11:58:20.108+0200] {dagbag.py:540} INFO - Filling up the DagBag from /home/ccd/airflow_venv/lib/python3.10/site-packages/airflow/example_dags/example_task_group_decorator.py
[2025-06-09T11:58:20.116+0200] {processor.py:840} INFO - DAG(s) 'example_task_group_decorator' retrieved from /home/ccd/airflow_venv/lib/python3.10/site-packages/airflow/example_dags/example_task_group_decorator.py
[2025-06-09T11:58:20.128+0200] {logging_mixin.py:188} INFO - [2025-06-09T11:58:20.128+0200] {dag.py:3096} INFO - Sync 1 DAGs
[2025-06-09T11:58:20.139+0200] {logging_mixin.py:188} INFO - [2025-06-09T11:58:20.139+0200] {dag.py:3954} INFO - Setting next_dagrun for example_task_group_decorator to 2025-06-08 00:00:00+00:00, run_after=2025-06-09 00:00:00+00:00
[2025-06-09T11:58:20.162+0200] {processor.py:183} INFO - Processing /home/ccd/airflow_venv/lib/python3.10/site-packages/airflow/example_dags/example_task_group_decorator.py took 0.070 seconds
[2025-06-09T11:59:12.459+0200] {processor.py:161} INFO - Started process (PID=19954) to work on /home/ccd/airflow_venv/lib/python3.10/site-packages/airflow/example_dags/example_task_group_decorator.py
[2025-06-09T11:59:12.471+0200] {processor.py:830} INFO - Processing file /home/ccd/airflow_venv/lib/python3.10/site-packages/airflow/example_dags/example_task_group_decorator.py for tasks to queue
[2025-06-09T11:59:12.473+0200] {logging_mixin.py:188} INFO - [2025-06-09T11:59:12.472+0200] {dagbag.py:540} INFO - Filling up the DagBag from /home/ccd/airflow_venv/lib/python3.10/site-packages/airflow/example_dags/example_task_group_decorator.py
[2025-06-09T11:59:12.483+0200] {processor.py:840} INFO - DAG(s) 'example_task_group_decorator' retrieved from /home/ccd/airflow_venv/lib/python3.10/site-packages/airflow/example_dags/example_task_group_decorator.py
[2025-06-09T11:59:12.495+0200] {logging_mixin.py:188} INFO - [2025-06-09T11:59:12.495+0200] {dag.py:3096} INFO - Sync 1 DAGs
[2025-06-09T11:59:12.507+0200] {logging_mixin.py:188} INFO - [2025-06-09T11:59:12.506+0200] {dag.py:3954} INFO - Setting next_dagrun for example_task_group_decorator to 2025-06-08 00:00:00+00:00, run_after=2025-06-09 00:00:00+00:00
[2025-06-09T11:59:12.533+0200] {processor.py:183} INFO - Processing /home/ccd/airflow_venv/lib/python3.10/site-packages/airflow/example_dags/example_task_group_decorator.py took 0.077 seconds
[2025-06-09T12:00:03.976+0200] {processor.py:161} INFO - Started process (PID=20372) to work on /home/ccd/airflow_venv/lib/python3.10/site-packages/airflow/example_dags/example_task_group_decorator.py
[2025-06-09T12:00:03.986+0200] {processor.py:830} INFO - Processing file /home/ccd/airflow_venv/lib/python3.10/site-packages/airflow/example_dags/example_task_group_decorator.py for tasks to queue
[2025-06-09T12:00:03.987+0200] {logging_mixin.py:188} INFO - [2025-06-09T12:00:03.987+0200] {dagbag.py:540} INFO - Filling up the DagBag from /home/ccd/airflow_venv/lib/python3.10/site-packages/airflow/example_dags/example_task_group_decorator.py
[2025-06-09T12:00:03.996+0200] {processor.py:840} INFO - DAG(s) 'example_task_group_decorator' retrieved from /home/ccd/airflow_venv/lib/python3.10/site-packages/airflow/example_dags/example_task_group_decorator.py
[2025-06-09T12:00:04.010+0200] {logging_mixin.py:188} INFO - [2025-06-09T12:00:04.010+0200] {dag.py:3096} INFO - Sync 1 DAGs
[2025-06-09T12:00:04.021+0200] {logging_mixin.py:188} INFO - [2025-06-09T12:00:04.021+0200] {dag.py:3954} INFO - Setting next_dagrun for example_task_group_decorator to 2025-06-08 00:00:00+00:00, run_after=2025-06-09 00:00:00+00:00
[2025-06-09T12:00:04.043+0200] {processor.py:183} INFO - Processing /home/ccd/airflow_venv/lib/python3.10/site-packages/airflow/example_dags/example_task_group_decorator.py took 0.070 seconds
[2025-06-09T12:00:54.085+0200] {processor.py:161} INFO - Started process (PID=20723) to work on /home/ccd/airflow_venv/lib/python3.10/site-packages/airflow/example_dags/example_task_group_decorator.py
[2025-06-09T12:00:54.095+0200] {processor.py:830} INFO - Processing file /home/ccd/airflow_venv/lib/python3.10/site-packages/airflow/example_dags/example_task_group_decorator.py for tasks to queue
[2025-06-09T12:00:54.096+0200] {logging_mixin.py:188} INFO - [2025-06-09T12:00:54.096+0200] {dagbag.py:540} INFO - Filling up the DagBag from /home/ccd/airflow_venv/lib/python3.10/site-packages/airflow/example_dags/example_task_group_decorator.py
[2025-06-09T12:00:54.105+0200] {processor.py:840} INFO - DAG(s) 'example_task_group_decorator' retrieved from /home/ccd/airflow_venv/lib/python3.10/site-packages/airflow/example_dags/example_task_group_decorator.py
[2025-06-09T12:00:54.118+0200] {logging_mixin.py:188} INFO - [2025-06-09T12:00:54.118+0200] {dag.py:3096} INFO - Sync 1 DAGs
[2025-06-09T12:00:54.129+0200] {logging_mixin.py:188} INFO - [2025-06-09T12:00:54.129+0200] {dag.py:3954} INFO - Setting next_dagrun for example_task_group_decorator to 2025-06-08 00:00:00+00:00, run_after=2025-06-09 00:00:00+00:00
[2025-06-09T12:00:54.150+0200] {processor.py:183} INFO - Processing /home/ccd/airflow_venv/lib/python3.10/site-packages/airflow/example_dags/example_task_group_decorator.py took 0.069 seconds
[2025-06-09T12:01:48.592+0200] {processor.py:161} INFO - Started process (PID=21056) to work on /home/ccd/airflow_venv/lib/python3.10/site-packages/airflow/example_dags/example_task_group_decorator.py
[2025-06-09T12:01:48.593+0200] {processor.py:830} INFO - Processing file /home/ccd/airflow_venv/lib/python3.10/site-packages/airflow/example_dags/example_task_group_decorator.py for tasks to queue
[2025-06-09T12:01:48.595+0200] {logging_mixin.py:188} INFO - [2025-06-09T12:01:48.594+0200] {dagbag.py:540} INFO - Filling up the DagBag from /home/ccd/airflow_venv/lib/python3.10/site-packages/airflow/example_dags/example_task_group_decorator.py
[2025-06-09T12:01:48.605+0200] {processor.py:840} INFO - DAG(s) 'example_task_group_decorator' retrieved from /home/ccd/airflow_venv/lib/python3.10/site-packages/airflow/example_dags/example_task_group_decorator.py
[2025-06-09T12:01:48.617+0200] {logging_mixin.py:188} INFO - [2025-06-09T12:01:48.617+0200] {dag.py:3096} INFO - Sync 1 DAGs
[2025-06-09T12:01:48.629+0200] {logging_mixin.py:188} INFO - [2025-06-09T12:01:48.629+0200] {dag.py:3954} INFO - Setting next_dagrun for example_task_group_decorator to 2025-06-08 00:00:00+00:00, run_after=2025-06-09 00:00:00+00:00
[2025-06-09T12:01:48.652+0200] {processor.py:183} INFO - Processing /home/ccd/airflow_venv/lib/python3.10/site-packages/airflow/example_dags/example_task_group_decorator.py took 0.065 seconds
[2025-06-09T12:02:41.220+0200] {processor.py:161} INFO - Started process (PID=21365) to work on /home/ccd/airflow_venv/lib/python3.10/site-packages/airflow/example_dags/example_task_group_decorator.py
[2025-06-09T12:02:41.231+0200] {processor.py:830} INFO - Processing file /home/ccd/airflow_venv/lib/python3.10/site-packages/airflow/example_dags/example_task_group_decorator.py for tasks to queue
[2025-06-09T12:02:41.232+0200] {logging_mixin.py:188} INFO - [2025-06-09T12:02:41.232+0200] {dagbag.py:540} INFO - Filling up the DagBag from /home/ccd/airflow_venv/lib/python3.10/site-packages/airflow/example_dags/example_task_group_decorator.py
[2025-06-09T12:02:41.242+0200] {processor.py:840} INFO - DAG(s) 'example_task_group_decorator' retrieved from /home/ccd/airflow_venv/lib/python3.10/site-packages/airflow/example_dags/example_task_group_decorator.py
[2025-06-09T12:02:41.255+0200] {logging_mixin.py:188} INFO - [2025-06-09T12:02:41.254+0200] {dag.py:3096} INFO - Sync 1 DAGs
[2025-06-09T12:02:41.267+0200] {logging_mixin.py:188} INFO - [2025-06-09T12:02:41.267+0200] {dag.py:3954} INFO - Setting next_dagrun for example_task_group_decorator to 2025-06-08 00:00:00+00:00, run_after=2025-06-09 00:00:00+00:00
[2025-06-09T12:02:41.289+0200] {processor.py:183} INFO - Processing /home/ccd/airflow_venv/lib/python3.10/site-packages/airflow/example_dags/example_task_group_decorator.py took 0.073 seconds
[2025-06-09T12:04:04.581+0200] {processor.py:161} INFO - Started process (PID=22540) to work on /home/ccd/airflow_venv/lib/python3.10/site-packages/airflow/example_dags/example_task_group_decorator.py
[2025-06-09T12:04:04.582+0200] {processor.py:830} INFO - Processing file /home/ccd/airflow_venv/lib/python3.10/site-packages/airflow/example_dags/example_task_group_decorator.py for tasks to queue
[2025-06-09T12:04:04.583+0200] {logging_mixin.py:188} INFO - [2025-06-09T12:04:04.583+0200] {dagbag.py:540} INFO - Filling up the DagBag from /home/ccd/airflow_venv/lib/python3.10/site-packages/airflow/example_dags/example_task_group_decorator.py
[2025-06-09T12:04:04.592+0200] {processor.py:840} INFO - DAG(s) 'example_task_group_decorator' retrieved from /home/ccd/airflow_venv/lib/python3.10/site-packages/airflow/example_dags/example_task_group_decorator.py
[2025-06-09T12:04:04.606+0200] {logging_mixin.py:188} INFO - [2025-06-09T12:04:04.605+0200] {dag.py:3096} INFO - Sync 1 DAGs
[2025-06-09T12:04:04.617+0200] {logging_mixin.py:188} INFO - [2025-06-09T12:04:04.617+0200] {dag.py:3954} INFO - Setting next_dagrun for example_task_group_decorator to 2025-06-08 00:00:00+00:00, run_after=2025-06-09 00:00:00+00:00
[2025-06-09T12:04:04.637+0200] {processor.py:183} INFO - Processing /home/ccd/airflow_venv/lib/python3.10/site-packages/airflow/example_dags/example_task_group_decorator.py took 0.059 seconds
[2025-06-09T12:05:34.196+0200] {processor.py:161} INFO - Started process (PID=24295) to work on /home/ccd/airflow_venv/lib/python3.10/site-packages/airflow/example_dags/example_task_group_decorator.py
[2025-06-09T12:05:34.197+0200] {processor.py:830} INFO - Processing file /home/ccd/airflow_venv/lib/python3.10/site-packages/airflow/example_dags/example_task_group_decorator.py for tasks to queue
[2025-06-09T12:05:34.198+0200] {logging_mixin.py:188} INFO - [2025-06-09T12:05:34.198+0200] {dagbag.py:540} INFO - Filling up the DagBag from /home/ccd/airflow_venv/lib/python3.10/site-packages/airflow/example_dags/example_task_group_decorator.py
[2025-06-09T12:05:34.208+0200] {processor.py:840} INFO - DAG(s) 'example_task_group_decorator' retrieved from /home/ccd/airflow_venv/lib/python3.10/site-packages/airflow/example_dags/example_task_group_decorator.py
[2025-06-09T12:05:34.220+0200] {logging_mixin.py:188} INFO - [2025-06-09T12:05:34.220+0200] {dag.py:3096} INFO - Sync 1 DAGs
[2025-06-09T12:05:34.233+0200] {logging_mixin.py:188} INFO - [2025-06-09T12:05:34.233+0200] {dag.py:3954} INFO - Setting next_dagrun for example_task_group_decorator to 2025-06-08 00:00:00+00:00, run_after=2025-06-09 00:00:00+00:00
[2025-06-09T12:05:34.256+0200] {processor.py:183} INFO - Processing /home/ccd/airflow_venv/lib/python3.10/site-packages/airflow/example_dags/example_task_group_decorator.py took 0.065 seconds
[2025-06-09T12:06:19.994+0200] {processor.py:161} INFO - Started process (PID=24691) to work on /home/ccd/airflow_venv/lib/python3.10/site-packages/airflow/example_dags/example_task_group_decorator.py
[2025-06-09T12:06:20.005+0200] {processor.py:830} INFO - Processing file /home/ccd/airflow_venv/lib/python3.10/site-packages/airflow/example_dags/example_task_group_decorator.py for tasks to queue
[2025-06-09T12:06:20.006+0200] {logging_mixin.py:188} INFO - [2025-06-09T12:06:20.006+0200] {dagbag.py:540} INFO - Filling up the DagBag from /home/ccd/airflow_venv/lib/python3.10/site-packages/airflow/example_dags/example_task_group_decorator.py
[2025-06-09T12:06:20.014+0200] {processor.py:840} INFO - DAG(s) 'example_task_group_decorator' retrieved from /home/ccd/airflow_venv/lib/python3.10/site-packages/airflow/example_dags/example_task_group_decorator.py
[2025-06-09T12:06:20.026+0200] {logging_mixin.py:188} INFO - [2025-06-09T12:06:20.026+0200] {dag.py:3096} INFO - Sync 1 DAGs
[2025-06-09T12:06:20.036+0200] {logging_mixin.py:188} INFO - [2025-06-09T12:06:20.036+0200] {dag.py:3954} INFO - Setting next_dagrun for example_task_group_decorator to 2025-06-08 00:00:00+00:00, run_after=2025-06-09 00:00:00+00:00
[2025-06-09T12:06:20.055+0200] {processor.py:183} INFO - Processing /home/ccd/airflow_venv/lib/python3.10/site-packages/airflow/example_dags/example_task_group_decorator.py took 0.065 seconds
[2025-06-09T12:07:21.795+0200] {processor.py:161} INFO - Started process (PID=25244) to work on /home/ccd/airflow_venv/lib/python3.10/site-packages/airflow/example_dags/example_task_group_decorator.py
[2025-06-09T12:07:21.796+0200] {processor.py:830} INFO - Processing file /home/ccd/airflow_venv/lib/python3.10/site-packages/airflow/example_dags/example_task_group_decorator.py for tasks to queue
[2025-06-09T12:07:21.797+0200] {logging_mixin.py:188} INFO - [2025-06-09T12:07:21.797+0200] {dagbag.py:540} INFO - Filling up the DagBag from /home/ccd/airflow_venv/lib/python3.10/site-packages/airflow/example_dags/example_task_group_decorator.py
[2025-06-09T12:07:21.806+0200] {processor.py:840} INFO - DAG(s) 'example_task_group_decorator' retrieved from /home/ccd/airflow_venv/lib/python3.10/site-packages/airflow/example_dags/example_task_group_decorator.py
[2025-06-09T12:07:21.818+0200] {logging_mixin.py:188} INFO - [2025-06-09T12:07:21.818+0200] {dag.py:3096} INFO - Sync 1 DAGs
[2025-06-09T12:07:21.829+0200] {logging_mixin.py:188} INFO - [2025-06-09T12:07:21.828+0200] {dag.py:3954} INFO - Setting next_dagrun for example_task_group_decorator to 2025-06-08 00:00:00+00:00, run_after=2025-06-09 00:00:00+00:00
[2025-06-09T12:07:21.850+0200] {processor.py:183} INFO - Processing /home/ccd/airflow_venv/lib/python3.10/site-packages/airflow/example_dags/example_task_group_decorator.py took 0.059 seconds
[2025-06-09T12:08:18.702+0200] {processor.py:161} INFO - Started process (PID=25576) to work on /home/ccd/airflow_venv/lib/python3.10/site-packages/airflow/example_dags/example_task_group_decorator.py
[2025-06-09T12:08:18.713+0200] {processor.py:830} INFO - Processing file /home/ccd/airflow_venv/lib/python3.10/site-packages/airflow/example_dags/example_task_group_decorator.py for tasks to queue
[2025-06-09T12:08:18.714+0200] {logging_mixin.py:188} INFO - [2025-06-09T12:08:18.714+0200] {dagbag.py:540} INFO - Filling up the DagBag from /home/ccd/airflow_venv/lib/python3.10/site-packages/airflow/example_dags/example_task_group_decorator.py
[2025-06-09T12:08:18.723+0200] {processor.py:840} INFO - DAG(s) 'example_task_group_decorator' retrieved from /home/ccd/airflow_venv/lib/python3.10/site-packages/airflow/example_dags/example_task_group_decorator.py
[2025-06-09T12:08:18.736+0200] {logging_mixin.py:188} INFO - [2025-06-09T12:08:18.735+0200] {dag.py:3096} INFO - Sync 1 DAGs
[2025-06-09T12:08:18.746+0200] {logging_mixin.py:188} INFO - [2025-06-09T12:08:18.746+0200] {dag.py:3954} INFO - Setting next_dagrun for example_task_group_decorator to 2025-06-08 00:00:00+00:00, run_after=2025-06-09 00:00:00+00:00
[2025-06-09T12:08:18.767+0200] {processor.py:183} INFO - Processing /home/ccd/airflow_venv/lib/python3.10/site-packages/airflow/example_dags/example_task_group_decorator.py took 0.069 seconds
[2025-06-09T12:09:13.415+0200] {processor.py:161} INFO - Started process (PID=25923) to work on /home/ccd/airflow_venv/lib/python3.10/site-packages/airflow/example_dags/example_task_group_decorator.py
[2025-06-09T12:09:13.426+0200] {processor.py:830} INFO - Processing file /home/ccd/airflow_venv/lib/python3.10/site-packages/airflow/example_dags/example_task_group_decorator.py for tasks to queue
[2025-06-09T12:09:13.428+0200] {logging_mixin.py:188} INFO - [2025-06-09T12:09:13.428+0200] {dagbag.py:540} INFO - Filling up the DagBag from /home/ccd/airflow_venv/lib/python3.10/site-packages/airflow/example_dags/example_task_group_decorator.py
[2025-06-09T12:09:13.466+0200] {processor.py:840} INFO - DAG(s) 'example_task_group_decorator' retrieved from /home/ccd/airflow_venv/lib/python3.10/site-packages/airflow/example_dags/example_task_group_decorator.py
[2025-06-09T12:09:13.504+0200] {logging_mixin.py:188} INFO - [2025-06-09T12:09:13.503+0200] {dag.py:3096} INFO - Sync 1 DAGs
[2025-06-09T12:09:13.541+0200] {logging_mixin.py:188} INFO - [2025-06-09T12:09:13.541+0200] {dag.py:3954} INFO - Setting next_dagrun for example_task_group_decorator to 2025-06-08 00:00:00+00:00, run_after=2025-06-09 00:00:00+00:00
[2025-06-09T12:09:13.670+0200] {processor.py:183} INFO - Processing /home/ccd/airflow_venv/lib/python3.10/site-packages/airflow/example_dags/example_task_group_decorator.py took 0.263 seconds
[2025-06-09T12:10:10.642+0200] {processor.py:161} INFO - Started process (PID=26625) to work on /home/ccd/airflow_venv/lib/python3.10/site-packages/airflow/example_dags/example_task_group_decorator.py
[2025-06-09T12:10:10.652+0200] {processor.py:830} INFO - Processing file /home/ccd/airflow_venv/lib/python3.10/site-packages/airflow/example_dags/example_task_group_decorator.py for tasks to queue
[2025-06-09T12:10:10.654+0200] {logging_mixin.py:188} INFO - [2025-06-09T12:10:10.653+0200] {dagbag.py:540} INFO - Filling up the DagBag from /home/ccd/airflow_venv/lib/python3.10/site-packages/airflow/example_dags/example_task_group_decorator.py
[2025-06-09T12:10:10.671+0200] {processor.py:840} INFO - DAG(s) 'example_task_group_decorator' retrieved from /home/ccd/airflow_venv/lib/python3.10/site-packages/airflow/example_dags/example_task_group_decorator.py
[2025-06-09T12:10:10.691+0200] {logging_mixin.py:188} INFO - [2025-06-09T12:10:10.691+0200] {dag.py:3096} INFO - Sync 1 DAGs
[2025-06-09T12:10:10.702+0200] {logging_mixin.py:188} INFO - [2025-06-09T12:10:10.702+0200] {dag.py:3954} INFO - Setting next_dagrun for example_task_group_decorator to 2025-06-08 00:00:00+00:00, run_after=2025-06-09 00:00:00+00:00
[2025-06-09T12:10:10.722+0200] {processor.py:183} INFO - Processing /home/ccd/airflow_venv/lib/python3.10/site-packages/airflow/example_dags/example_task_group_decorator.py took 0.086 seconds
