[2025-06-09T17:30:21.438+0200] {processor.py:161} INFO - Started process (PID=106683) to work on /home/ccd/airflow_venv/lib/python3.10/site-packages/airflow/example_dags/example_datasets.py
[2025-06-09T17:30:21.439+0200] {processor.py:830} INFO - Processing file /home/ccd/airflow_venv/lib/python3.10/site-packages/airflow/example_dags/example_datasets.py for tasks to queue
[2025-06-09T17:30:21.440+0200] {logging_mixin.py:188} INFO - [2025-06-09T17:30:21.439+0200] {dagbag.py:540} INFO - Filling up the DagBag from /home/ccd/airflow_venv/lib/python3.10/site-packages/airflow/example_dags/example_datasets.py
[2025-06-09T17:30:21.447+0200] {processor.py:840} INFO - DAG(s) 'dataset_consumes_1_never_scheduled', 'consume_1_or_both_2_and_3_with_dataset_expressions', 'dataset_produces_2', 'consume_1_or_2_with_dataset_expressions', 'dataset_consumes_unknown_never_scheduled', 'dataset_produces_1', 'conditional_dataset_and_time_based_timetable', 'consume_1_and_2_with_dataset_expressions', 'dataset_consumes_1', 'dataset_consumes_1_and_2' retrieved from /home/ccd/airflow_venv/lib/python3.10/site-packages/airflow/example_dags/example_datasets.py
[2025-06-09T17:30:21.635+0200] {logging_mixin.py:188} INFO - [2025-06-09T17:30:21.635+0200] {dag.py:3096} INFO - Sync 10 DAGs
[2025-06-09T17:30:21.651+0200] {logging_mixin.py:188} INFO - [2025-06-09T17:30:21.650+0200] {dag.py:3954} INFO - Setting next_dagrun for conditional_dataset_and_time_based_timetable to 2025-06-04 01:00:00+00:00, run_after=2025-06-04 01:00:00+00:00
[2025-06-09T17:30:21.654+0200] {logging_mixin.py:188} INFO - [2025-06-09T17:30:21.653+0200] {dag.py:3954} INFO - Setting next_dagrun for consume_1_and_2_with_dataset_expressions to None, run_after=None
[2025-06-09T17:30:21.655+0200] {logging_mixin.py:188} INFO - [2025-06-09T17:30:21.655+0200] {dag.py:3954} INFO - Setting next_dagrun for consume_1_or_2_with_dataset_expressions to None, run_after=None
[2025-06-09T17:30:21.656+0200] {logging_mixin.py:188} INFO - [2025-06-09T17:30:21.656+0200] {dag.py:3954} INFO - Setting next_dagrun for consume_1_or_both_2_and_3_with_dataset_expressions to None, run_after=None
[2025-06-09T17:30:21.657+0200] {logging_mixin.py:188} INFO - [2025-06-09T17:30:21.657+0200] {dag.py:3954} INFO - Setting next_dagrun for dataset_consumes_1 to None, run_after=None
[2025-06-09T17:30:21.658+0200] {logging_mixin.py:188} INFO - [2025-06-09T17:30:21.658+0200] {dag.py:3954} INFO - Setting next_dagrun for dataset_consumes_1_and_2 to None, run_after=None
[2025-06-09T17:30:21.658+0200] {logging_mixin.py:188} INFO - [2025-06-09T17:30:21.658+0200] {dag.py:3954} INFO - Setting next_dagrun for dataset_consumes_1_never_scheduled to None, run_after=None
[2025-06-09T17:30:21.659+0200] {logging_mixin.py:188} INFO - [2025-06-09T17:30:21.659+0200] {dag.py:3954} INFO - Setting next_dagrun for dataset_consumes_unknown_never_scheduled to None, run_after=None
[2025-06-09T17:30:21.660+0200] {logging_mixin.py:188} INFO - [2025-06-09T17:30:21.660+0200] {dag.py:3954} INFO - Setting next_dagrun for dataset_produces_1 to 2025-06-08 00:00:00+00:00, run_after=2025-06-09 00:00:00+00:00
[2025-06-09T17:30:21.661+0200] {logging_mixin.py:188} INFO - [2025-06-09T17:30:21.661+0200] {dag.py:3954} INFO - Setting next_dagrun for dataset_produces_2 to None, run_after=None
[2025-06-09T17:30:21.700+0200] {processor.py:183} INFO - Processing /home/ccd/airflow_venv/lib/python3.10/site-packages/airflow/example_dags/example_datasets.py took 0.266 seconds
[2025-06-09T17:31:33.600+0200] {processor.py:161} INFO - Started process (PID=107136) to work on /home/ccd/airflow_venv/lib/python3.10/site-packages/airflow/example_dags/example_datasets.py
[2025-06-09T17:31:33.603+0200] {processor.py:830} INFO - Processing file /home/ccd/airflow_venv/lib/python3.10/site-packages/airflow/example_dags/example_datasets.py for tasks to queue
[2025-06-09T17:31:33.604+0200] {logging_mixin.py:188} INFO - [2025-06-09T17:31:33.604+0200] {dagbag.py:540} INFO - Filling up the DagBag from /home/ccd/airflow_venv/lib/python3.10/site-packages/airflow/example_dags/example_datasets.py
[2025-06-09T17:31:33.612+0200] {processor.py:840} INFO - DAG(s) 'consume_1_and_2_with_dataset_expressions', 'dataset_consumes_unknown_never_scheduled', 'conditional_dataset_and_time_based_timetable', 'dataset_consumes_1', 'dataset_produces_2', 'consume_1_or_2_with_dataset_expressions', 'consume_1_or_both_2_and_3_with_dataset_expressions', 'dataset_consumes_1_never_scheduled', 'dataset_consumes_1_and_2', 'dataset_produces_1' retrieved from /home/ccd/airflow_venv/lib/python3.10/site-packages/airflow/example_dags/example_datasets.py
[2025-06-09T17:31:33.635+0200] {logging_mixin.py:188} INFO - [2025-06-09T17:31:33.635+0200] {dag.py:3096} INFO - Sync 10 DAGs
[2025-06-09T17:31:33.648+0200] {logging_mixin.py:188} INFO - [2025-06-09T17:31:33.648+0200] {dag.py:3954} INFO - Setting next_dagrun for conditional_dataset_and_time_based_timetable to 2025-06-04 01:00:00+00:00, run_after=2025-06-04 01:00:00+00:00
[2025-06-09T17:31:33.651+0200] {logging_mixin.py:188} INFO - [2025-06-09T17:31:33.650+0200] {dag.py:3954} INFO - Setting next_dagrun for consume_1_and_2_with_dataset_expressions to None, run_after=None
[2025-06-09T17:31:33.651+0200] {logging_mixin.py:188} INFO - [2025-06-09T17:31:33.651+0200] {dag.py:3954} INFO - Setting next_dagrun for consume_1_or_2_with_dataset_expressions to None, run_after=None
[2025-06-09T17:31:33.652+0200] {logging_mixin.py:188} INFO - [2025-06-09T17:31:33.652+0200] {dag.py:3954} INFO - Setting next_dagrun for consume_1_or_both_2_and_3_with_dataset_expressions to None, run_after=None
[2025-06-09T17:31:33.653+0200] {logging_mixin.py:188} INFO - [2025-06-09T17:31:33.652+0200] {dag.py:3954} INFO - Setting next_dagrun for dataset_consumes_1 to None, run_after=None
[2025-06-09T17:31:33.653+0200] {logging_mixin.py:188} INFO - [2025-06-09T17:31:33.653+0200] {dag.py:3954} INFO - Setting next_dagrun for dataset_consumes_1_and_2 to None, run_after=None
[2025-06-09T17:31:33.653+0200] {logging_mixin.py:188} INFO - [2025-06-09T17:31:33.653+0200] {dag.py:3954} INFO - Setting next_dagrun for dataset_consumes_1_never_scheduled to None, run_after=None
[2025-06-09T17:31:33.654+0200] {logging_mixin.py:188} INFO - [2025-06-09T17:31:33.654+0200] {dag.py:3954} INFO - Setting next_dagrun for dataset_consumes_unknown_never_scheduled to None, run_after=None
[2025-06-09T17:31:33.655+0200] {logging_mixin.py:188} INFO - [2025-06-09T17:31:33.655+0200] {dag.py:3954} INFO - Setting next_dagrun for dataset_produces_1 to 2025-06-08 00:00:00+00:00, run_after=2025-06-09 00:00:00+00:00
[2025-06-09T17:31:33.656+0200] {logging_mixin.py:188} INFO - [2025-06-09T17:31:33.655+0200] {dag.py:3954} INFO - Setting next_dagrun for dataset_produces_2 to None, run_after=None
[2025-06-09T17:31:33.682+0200] {processor.py:183} INFO - Processing /home/ccd/airflow_venv/lib/python3.10/site-packages/airflow/example_dags/example_datasets.py took 0.086 seconds
[2025-06-09T17:32:30.418+0200] {processor.py:161} INFO - Started process (PID=107486) to work on /home/ccd/airflow_venv/lib/python3.10/site-packages/airflow/example_dags/example_datasets.py
[2025-06-09T17:32:30.430+0200] {processor.py:830} INFO - Processing file /home/ccd/airflow_venv/lib/python3.10/site-packages/airflow/example_dags/example_datasets.py for tasks to queue
[2025-06-09T17:32:30.431+0200] {logging_mixin.py:188} INFO - [2025-06-09T17:32:30.431+0200] {dagbag.py:540} INFO - Filling up the DagBag from /home/ccd/airflow_venv/lib/python3.10/site-packages/airflow/example_dags/example_datasets.py
[2025-06-09T17:32:30.440+0200] {processor.py:840} INFO - DAG(s) 'consume_1_and_2_with_dataset_expressions', 'dataset_produces_1', 'dataset_consumes_unknown_never_scheduled', 'dataset_produces_2', 'dataset_consumes_1_never_scheduled', 'conditional_dataset_and_time_based_timetable', 'dataset_consumes_1', 'dataset_consumes_1_and_2', 'consume_1_or_2_with_dataset_expressions', 'consume_1_or_both_2_and_3_with_dataset_expressions' retrieved from /home/ccd/airflow_venv/lib/python3.10/site-packages/airflow/example_dags/example_datasets.py
[2025-06-09T17:32:30.462+0200] {logging_mixin.py:188} INFO - [2025-06-09T17:32:30.462+0200] {dag.py:3096} INFO - Sync 10 DAGs
[2025-06-09T17:32:30.476+0200] {logging_mixin.py:188} INFO - [2025-06-09T17:32:30.476+0200] {dag.py:3954} INFO - Setting next_dagrun for conditional_dataset_and_time_based_timetable to 2025-06-04 01:00:00+00:00, run_after=2025-06-04 01:00:00+00:00
[2025-06-09T17:32:30.478+0200] {logging_mixin.py:188} INFO - [2025-06-09T17:32:30.478+0200] {dag.py:3954} INFO - Setting next_dagrun for consume_1_and_2_with_dataset_expressions to None, run_after=None
[2025-06-09T17:32:30.478+0200] {logging_mixin.py:188} INFO - [2025-06-09T17:32:30.478+0200] {dag.py:3954} INFO - Setting next_dagrun for consume_1_or_2_with_dataset_expressions to None, run_after=None
[2025-06-09T17:32:30.479+0200] {logging_mixin.py:188} INFO - [2025-06-09T17:32:30.479+0200] {dag.py:3954} INFO - Setting next_dagrun for consume_1_or_both_2_and_3_with_dataset_expressions to None, run_after=None
[2025-06-09T17:32:30.479+0200] {logging_mixin.py:188} INFO - [2025-06-09T17:32:30.479+0200] {dag.py:3954} INFO - Setting next_dagrun for dataset_consumes_1 to None, run_after=None
[2025-06-09T17:32:30.480+0200] {logging_mixin.py:188} INFO - [2025-06-09T17:32:30.480+0200] {dag.py:3954} INFO - Setting next_dagrun for dataset_consumes_1_and_2 to None, run_after=None
[2025-06-09T17:32:30.480+0200] {logging_mixin.py:188} INFO - [2025-06-09T17:32:30.480+0200] {dag.py:3954} INFO - Setting next_dagrun for dataset_consumes_1_never_scheduled to None, run_after=None
[2025-06-09T17:32:30.481+0200] {logging_mixin.py:188} INFO - [2025-06-09T17:32:30.481+0200] {dag.py:3954} INFO - Setting next_dagrun for dataset_consumes_unknown_never_scheduled to None, run_after=None
[2025-06-09T17:32:30.482+0200] {logging_mixin.py:188} INFO - [2025-06-09T17:32:30.482+0200] {dag.py:3954} INFO - Setting next_dagrun for dataset_produces_1 to 2025-06-08 00:00:00+00:00, run_after=2025-06-09 00:00:00+00:00
[2025-06-09T17:32:30.483+0200] {logging_mixin.py:188} INFO - [2025-06-09T17:32:30.483+0200] {dag.py:3954} INFO - Setting next_dagrun for dataset_produces_2 to None, run_after=None
[2025-06-09T17:32:30.509+0200] {processor.py:183} INFO - Processing /home/ccd/airflow_venv/lib/python3.10/site-packages/airflow/example_dags/example_datasets.py took 0.095 seconds
[2025-06-09T17:33:26.944+0200] {processor.py:161} INFO - Started process (PID=107795) to work on /home/ccd/airflow_venv/lib/python3.10/site-packages/airflow/example_dags/example_datasets.py
[2025-06-09T17:33:26.946+0200] {processor.py:830} INFO - Processing file /home/ccd/airflow_venv/lib/python3.10/site-packages/airflow/example_dags/example_datasets.py for tasks to queue
[2025-06-09T17:33:26.947+0200] {logging_mixin.py:188} INFO - [2025-06-09T17:33:26.947+0200] {dagbag.py:540} INFO - Filling up the DagBag from /home/ccd/airflow_venv/lib/python3.10/site-packages/airflow/example_dags/example_datasets.py
[2025-06-09T17:33:26.955+0200] {processor.py:840} INFO - DAG(s) 'consume_1_and_2_with_dataset_expressions', 'dataset_produces_1', 'consume_1_or_both_2_and_3_with_dataset_expressions', 'dataset_consumes_1_never_scheduled', 'consume_1_or_2_with_dataset_expressions', 'dataset_consumes_1_and_2', 'dataset_consumes_1', 'dataset_produces_2', 'dataset_consumes_unknown_never_scheduled', 'conditional_dataset_and_time_based_timetable' retrieved from /home/ccd/airflow_venv/lib/python3.10/site-packages/airflow/example_dags/example_datasets.py
[2025-06-09T17:33:26.978+0200] {logging_mixin.py:188} INFO - [2025-06-09T17:33:26.978+0200] {dag.py:3096} INFO - Sync 10 DAGs
[2025-06-09T17:33:26.993+0200] {logging_mixin.py:188} INFO - [2025-06-09T17:33:26.993+0200] {dag.py:3954} INFO - Setting next_dagrun for conditional_dataset_and_time_based_timetable to 2025-06-04 01:00:00+00:00, run_after=2025-06-04 01:00:00+00:00
[2025-06-09T17:33:26.995+0200] {logging_mixin.py:188} INFO - [2025-06-09T17:33:26.995+0200] {dag.py:3954} INFO - Setting next_dagrun for consume_1_and_2_with_dataset_expressions to None, run_after=None
[2025-06-09T17:33:26.996+0200] {logging_mixin.py:188} INFO - [2025-06-09T17:33:26.995+0200] {dag.py:3954} INFO - Setting next_dagrun for consume_1_or_2_with_dataset_expressions to None, run_after=None
[2025-06-09T17:33:26.997+0200] {logging_mixin.py:188} INFO - [2025-06-09T17:33:26.996+0200] {dag.py:3954} INFO - Setting next_dagrun for consume_1_or_both_2_and_3_with_dataset_expressions to None, run_after=None
[2025-06-09T17:33:26.997+0200] {logging_mixin.py:188} INFO - [2025-06-09T17:33:26.997+0200] {dag.py:3954} INFO - Setting next_dagrun for dataset_consumes_1 to None, run_after=None
[2025-06-09T17:33:26.998+0200] {logging_mixin.py:188} INFO - [2025-06-09T17:33:26.998+0200] {dag.py:3954} INFO - Setting next_dagrun for dataset_consumes_1_and_2 to None, run_after=None
[2025-06-09T17:33:26.998+0200] {logging_mixin.py:188} INFO - [2025-06-09T17:33:26.998+0200] {dag.py:3954} INFO - Setting next_dagrun for dataset_consumes_1_never_scheduled to None, run_after=None
[2025-06-09T17:33:26.999+0200] {logging_mixin.py:188} INFO - [2025-06-09T17:33:26.999+0200] {dag.py:3954} INFO - Setting next_dagrun for dataset_consumes_unknown_never_scheduled to None, run_after=None
[2025-06-09T17:33:27.000+0200] {logging_mixin.py:188} INFO - [2025-06-09T17:33:27.000+0200] {dag.py:3954} INFO - Setting next_dagrun for dataset_produces_1 to 2025-06-08 00:00:00+00:00, run_after=2025-06-09 00:00:00+00:00
[2025-06-09T17:33:27.000+0200] {logging_mixin.py:188} INFO - [2025-06-09T17:33:27.000+0200] {dag.py:3954} INFO - Setting next_dagrun for dataset_produces_2 to None, run_after=None
[2025-06-09T17:33:27.031+0200] {processor.py:183} INFO - Processing /home/ccd/airflow_venv/lib/python3.10/site-packages/airflow/example_dags/example_datasets.py took 0.091 seconds
[2025-06-09T17:34:47.332+0200] {processor.py:161} INFO - Started process (PID=108238) to work on /home/ccd/airflow_venv/lib/python3.10/site-packages/airflow/example_dags/example_datasets.py
[2025-06-09T17:34:47.344+0200] {processor.py:830} INFO - Processing file /home/ccd/airflow_venv/lib/python3.10/site-packages/airflow/example_dags/example_datasets.py for tasks to queue
[2025-06-09T17:34:47.345+0200] {logging_mixin.py:188} INFO - [2025-06-09T17:34:47.344+0200] {dagbag.py:540} INFO - Filling up the DagBag from /home/ccd/airflow_venv/lib/python3.10/site-packages/airflow/example_dags/example_datasets.py
[2025-06-09T17:34:47.353+0200] {processor.py:840} INFO - DAG(s) 'consume_1_and_2_with_dataset_expressions', 'dataset_produces_1', 'dataset_consumes_1_and_2', 'conditional_dataset_and_time_based_timetable', 'dataset_consumes_1', 'consume_1_or_2_with_dataset_expressions', 'consume_1_or_both_2_and_3_with_dataset_expressions', 'dataset_consumes_unknown_never_scheduled', 'dataset_consumes_1_never_scheduled', 'dataset_produces_2' retrieved from /home/ccd/airflow_venv/lib/python3.10/site-packages/airflow/example_dags/example_datasets.py
[2025-06-09T17:34:47.378+0200] {logging_mixin.py:188} INFO - [2025-06-09T17:34:47.378+0200] {dag.py:3096} INFO - Sync 10 DAGs
[2025-06-09T17:34:47.392+0200] {logging_mixin.py:188} INFO - [2025-06-09T17:34:47.392+0200] {dag.py:3954} INFO - Setting next_dagrun for conditional_dataset_and_time_based_timetable to 2025-06-04 01:00:00+00:00, run_after=2025-06-04 01:00:00+00:00
[2025-06-09T17:34:47.394+0200] {logging_mixin.py:188} INFO - [2025-06-09T17:34:47.394+0200] {dag.py:3954} INFO - Setting next_dagrun for consume_1_and_2_with_dataset_expressions to None, run_after=None
[2025-06-09T17:34:47.394+0200] {logging_mixin.py:188} INFO - [2025-06-09T17:34:47.394+0200] {dag.py:3954} INFO - Setting next_dagrun for consume_1_or_2_with_dataset_expressions to None, run_after=None
[2025-06-09T17:34:47.395+0200] {logging_mixin.py:188} INFO - [2025-06-09T17:34:47.395+0200] {dag.py:3954} INFO - Setting next_dagrun for consume_1_or_both_2_and_3_with_dataset_expressions to None, run_after=None
[2025-06-09T17:34:47.396+0200] {logging_mixin.py:188} INFO - [2025-06-09T17:34:47.395+0200] {dag.py:3954} INFO - Setting next_dagrun for dataset_consumes_1 to None, run_after=None
[2025-06-09T17:34:47.396+0200] {logging_mixin.py:188} INFO - [2025-06-09T17:34:47.396+0200] {dag.py:3954} INFO - Setting next_dagrun for dataset_consumes_1_and_2 to None, run_after=None
[2025-06-09T17:34:47.397+0200] {logging_mixin.py:188} INFO - [2025-06-09T17:34:47.396+0200] {dag.py:3954} INFO - Setting next_dagrun for dataset_consumes_1_never_scheduled to None, run_after=None
[2025-06-09T17:34:47.397+0200] {logging_mixin.py:188} INFO - [2025-06-09T17:34:47.397+0200] {dag.py:3954} INFO - Setting next_dagrun for dataset_consumes_unknown_never_scheduled to None, run_after=None
[2025-06-09T17:34:47.399+0200] {logging_mixin.py:188} INFO - [2025-06-09T17:34:47.399+0200] {dag.py:3954} INFO - Setting next_dagrun for dataset_produces_1 to 2025-06-08 00:00:00+00:00, run_after=2025-06-09 00:00:00+00:00
[2025-06-09T17:34:47.400+0200] {logging_mixin.py:188} INFO - [2025-06-09T17:34:47.400+0200] {dag.py:3954} INFO - Setting next_dagrun for dataset_produces_2 to None, run_after=None
[2025-06-09T17:34:47.425+0200] {processor.py:183} INFO - Processing /home/ccd/airflow_venv/lib/python3.10/site-packages/airflow/example_dags/example_datasets.py took 0.097 seconds
[2025-06-09T17:36:09.308+0200] {processor.py:161} INFO - Started process (PID=108752) to work on /home/ccd/airflow_venv/lib/python3.10/site-packages/airflow/example_dags/example_datasets.py
[2025-06-09T17:36:09.310+0200] {processor.py:830} INFO - Processing file /home/ccd/airflow_venv/lib/python3.10/site-packages/airflow/example_dags/example_datasets.py for tasks to queue
[2025-06-09T17:36:09.311+0200] {logging_mixin.py:188} INFO - [2025-06-09T17:36:09.311+0200] {dagbag.py:540} INFO - Filling up the DagBag from /home/ccd/airflow_venv/lib/python3.10/site-packages/airflow/example_dags/example_datasets.py
[2025-06-09T17:36:09.323+0200] {processor.py:840} INFO - DAG(s) 'dataset_consumes_1_and_2', 'consume_1_or_both_2_and_3_with_dataset_expressions', 'dataset_produces_1', 'consume_1_and_2_with_dataset_expressions', 'dataset_consumes_1', 'dataset_produces_2', 'consume_1_or_2_with_dataset_expressions', 'conditional_dataset_and_time_based_timetable', 'dataset_consumes_unknown_never_scheduled', 'dataset_consumes_1_never_scheduled' retrieved from /home/ccd/airflow_venv/lib/python3.10/site-packages/airflow/example_dags/example_datasets.py
[2025-06-09T17:36:09.347+0200] {logging_mixin.py:188} INFO - [2025-06-09T17:36:09.347+0200] {dag.py:3096} INFO - Sync 10 DAGs
[2025-06-09T17:36:09.364+0200] {logging_mixin.py:188} INFO - [2025-06-09T17:36:09.363+0200] {dag.py:3954} INFO - Setting next_dagrun for conditional_dataset_and_time_based_timetable to 2025-06-04 01:00:00+00:00, run_after=2025-06-04 01:00:00+00:00
[2025-06-09T17:36:09.365+0200] {logging_mixin.py:188} INFO - [2025-06-09T17:36:09.365+0200] {dag.py:3954} INFO - Setting next_dagrun for consume_1_and_2_with_dataset_expressions to None, run_after=None
[2025-06-09T17:36:09.366+0200] {logging_mixin.py:188} INFO - [2025-06-09T17:36:09.366+0200] {dag.py:3954} INFO - Setting next_dagrun for consume_1_or_2_with_dataset_expressions to None, run_after=None
[2025-06-09T17:36:09.367+0200] {logging_mixin.py:188} INFO - [2025-06-09T17:36:09.366+0200] {dag.py:3954} INFO - Setting next_dagrun for consume_1_or_both_2_and_3_with_dataset_expressions to None, run_after=None
[2025-06-09T17:36:09.367+0200] {logging_mixin.py:188} INFO - [2025-06-09T17:36:09.367+0200] {dag.py:3954} INFO - Setting next_dagrun for dataset_consumes_1 to None, run_after=None
[2025-06-09T17:36:09.367+0200] {logging_mixin.py:188} INFO - [2025-06-09T17:36:09.367+0200] {dag.py:3954} INFO - Setting next_dagrun for dataset_consumes_1_and_2 to None, run_after=None
[2025-06-09T17:36:09.368+0200] {logging_mixin.py:188} INFO - [2025-06-09T17:36:09.368+0200] {dag.py:3954} INFO - Setting next_dagrun for dataset_consumes_1_never_scheduled to None, run_after=None
[2025-06-09T17:36:09.368+0200] {logging_mixin.py:188} INFO - [2025-06-09T17:36:09.368+0200] {dag.py:3954} INFO - Setting next_dagrun for dataset_consumes_unknown_never_scheduled to None, run_after=None
[2025-06-09T17:36:09.369+0200] {logging_mixin.py:188} INFO - [2025-06-09T17:36:09.369+0200] {dag.py:3954} INFO - Setting next_dagrun for dataset_produces_1 to 2025-06-08 00:00:00+00:00, run_after=2025-06-09 00:00:00+00:00
[2025-06-09T17:36:09.370+0200] {logging_mixin.py:188} INFO - [2025-06-09T17:36:09.370+0200] {dag.py:3954} INFO - Setting next_dagrun for dataset_produces_2 to None, run_after=None
[2025-06-09T17:36:09.397+0200] {processor.py:183} INFO - Processing /home/ccd/airflow_venv/lib/python3.10/site-packages/airflow/example_dags/example_datasets.py took 0.093 seconds
[2025-06-09T17:37:06.943+0200] {processor.py:161} INFO - Started process (PID=109090) to work on /home/ccd/airflow_venv/lib/python3.10/site-packages/airflow/example_dags/example_datasets.py
[2025-06-09T17:37:06.953+0200] {processor.py:830} INFO - Processing file /home/ccd/airflow_venv/lib/python3.10/site-packages/airflow/example_dags/example_datasets.py for tasks to queue
[2025-06-09T17:37:06.955+0200] {logging_mixin.py:188} INFO - [2025-06-09T17:37:06.955+0200] {dagbag.py:540} INFO - Filling up the DagBag from /home/ccd/airflow_venv/lib/python3.10/site-packages/airflow/example_dags/example_datasets.py
[2025-06-09T17:37:06.963+0200] {processor.py:840} INFO - DAG(s) 'dataset_produces_1', 'dataset_consumes_1_and_2', 'consume_1_and_2_with_dataset_expressions', 'dataset_consumes_unknown_never_scheduled', 'conditional_dataset_and_time_based_timetable', 'dataset_consumes_1', 'consume_1_or_2_with_dataset_expressions', 'dataset_produces_2', 'dataset_consumes_1_never_scheduled', 'consume_1_or_both_2_and_3_with_dataset_expressions' retrieved from /home/ccd/airflow_venv/lib/python3.10/site-packages/airflow/example_dags/example_datasets.py
[2025-06-09T17:37:06.991+0200] {logging_mixin.py:188} INFO - [2025-06-09T17:37:06.991+0200] {dag.py:3096} INFO - Sync 10 DAGs
[2025-06-09T17:37:07.016+0200] {logging_mixin.py:188} INFO - [2025-06-09T17:37:07.016+0200] {dag.py:3954} INFO - Setting next_dagrun for conditional_dataset_and_time_based_timetable to 2025-06-04 01:00:00+00:00, run_after=2025-06-04 01:00:00+00:00
[2025-06-09T17:37:07.018+0200] {logging_mixin.py:188} INFO - [2025-06-09T17:37:07.018+0200] {dag.py:3954} INFO - Setting next_dagrun for consume_1_and_2_with_dataset_expressions to None, run_after=None
[2025-06-09T17:37:07.019+0200] {logging_mixin.py:188} INFO - [2025-06-09T17:37:07.019+0200] {dag.py:3954} INFO - Setting next_dagrun for consume_1_or_2_with_dataset_expressions to None, run_after=None
[2025-06-09T17:37:07.020+0200] {logging_mixin.py:188} INFO - [2025-06-09T17:37:07.020+0200] {dag.py:3954} INFO - Setting next_dagrun for consume_1_or_both_2_and_3_with_dataset_expressions to None, run_after=None
[2025-06-09T17:37:07.021+0200] {logging_mixin.py:188} INFO - [2025-06-09T17:37:07.021+0200] {dag.py:3954} INFO - Setting next_dagrun for dataset_consumes_1 to None, run_after=None
[2025-06-09T17:37:07.022+0200] {logging_mixin.py:188} INFO - [2025-06-09T17:37:07.022+0200] {dag.py:3954} INFO - Setting next_dagrun for dataset_consumes_1_and_2 to None, run_after=None
[2025-06-09T17:37:07.023+0200] {logging_mixin.py:188} INFO - [2025-06-09T17:37:07.023+0200] {dag.py:3954} INFO - Setting next_dagrun for dataset_consumes_1_never_scheduled to None, run_after=None
[2025-06-09T17:37:07.024+0200] {logging_mixin.py:188} INFO - [2025-06-09T17:37:07.024+0200] {dag.py:3954} INFO - Setting next_dagrun for dataset_consumes_unknown_never_scheduled to None, run_after=None
[2025-06-09T17:37:07.029+0200] {logging_mixin.py:188} INFO - [2025-06-09T17:37:07.028+0200] {dag.py:3954} INFO - Setting next_dagrun for dataset_produces_1 to 2025-06-08 00:00:00+00:00, run_after=2025-06-09 00:00:00+00:00
[2025-06-09T17:37:07.029+0200] {logging_mixin.py:188} INFO - [2025-06-09T17:37:07.029+0200] {dag.py:3954} INFO - Setting next_dagrun for dataset_produces_2 to None, run_after=None
[2025-06-09T17:37:07.067+0200] {processor.py:183} INFO - Processing /home/ccd/airflow_venv/lib/python3.10/site-packages/airflow/example_dags/example_datasets.py took 0.129 seconds
[2025-06-09T17:38:30.816+0200] {processor.py:161} INFO - Started process (PID=109942) to work on /home/ccd/airflow_venv/lib/python3.10/site-packages/airflow/example_dags/example_datasets.py
[2025-06-09T17:38:30.826+0200] {processor.py:830} INFO - Processing file /home/ccd/airflow_venv/lib/python3.10/site-packages/airflow/example_dags/example_datasets.py for tasks to queue
[2025-06-09T17:38:30.827+0200] {logging_mixin.py:188} INFO - [2025-06-09T17:38:30.827+0200] {dagbag.py:540} INFO - Filling up the DagBag from /home/ccd/airflow_venv/lib/python3.10/site-packages/airflow/example_dags/example_datasets.py
[2025-06-09T17:38:30.836+0200] {processor.py:840} INFO - DAG(s) 'dataset_consumes_1_and_2', 'dataset_produces_1', 'dataset_produces_2', 'consume_1_and_2_with_dataset_expressions', 'consume_1_or_both_2_and_3_with_dataset_expressions', 'conditional_dataset_and_time_based_timetable', 'dataset_consumes_1', 'consume_1_or_2_with_dataset_expressions', 'dataset_consumes_1_never_scheduled', 'dataset_consumes_unknown_never_scheduled' retrieved from /home/ccd/airflow_venv/lib/python3.10/site-packages/airflow/example_dags/example_datasets.py
[2025-06-09T17:38:30.863+0200] {logging_mixin.py:188} INFO - [2025-06-09T17:38:30.863+0200] {dag.py:3096} INFO - Sync 10 DAGs
[2025-06-09T17:38:30.877+0200] {logging_mixin.py:188} INFO - [2025-06-09T17:38:30.877+0200] {dag.py:3954} INFO - Setting next_dagrun for conditional_dataset_and_time_based_timetable to 2025-06-04 01:00:00+00:00, run_after=2025-06-04 01:00:00+00:00
[2025-06-09T17:38:30.880+0200] {logging_mixin.py:188} INFO - [2025-06-09T17:38:30.879+0200] {dag.py:3954} INFO - Setting next_dagrun for consume_1_and_2_with_dataset_expressions to None, run_after=None
[2025-06-09T17:38:30.880+0200] {logging_mixin.py:188} INFO - [2025-06-09T17:38:30.880+0200] {dag.py:3954} INFO - Setting next_dagrun for consume_1_or_2_with_dataset_expressions to None, run_after=None
[2025-06-09T17:38:30.881+0200] {logging_mixin.py:188} INFO - [2025-06-09T17:38:30.881+0200] {dag.py:3954} INFO - Setting next_dagrun for consume_1_or_both_2_and_3_with_dataset_expressions to None, run_after=None
[2025-06-09T17:38:30.881+0200] {logging_mixin.py:188} INFO - [2025-06-09T17:38:30.881+0200] {dag.py:3954} INFO - Setting next_dagrun for dataset_consumes_1 to None, run_after=None
[2025-06-09T17:38:30.882+0200] {logging_mixin.py:188} INFO - [2025-06-09T17:38:30.882+0200] {dag.py:3954} INFO - Setting next_dagrun for dataset_consumes_1_and_2 to None, run_after=None
[2025-06-09T17:38:30.882+0200] {logging_mixin.py:188} INFO - [2025-06-09T17:38:30.882+0200] {dag.py:3954} INFO - Setting next_dagrun for dataset_consumes_1_never_scheduled to None, run_after=None
[2025-06-09T17:38:30.883+0200] {logging_mixin.py:188} INFO - [2025-06-09T17:38:30.883+0200] {dag.py:3954} INFO - Setting next_dagrun for dataset_consumes_unknown_never_scheduled to None, run_after=None
[2025-06-09T17:38:30.884+0200] {logging_mixin.py:188} INFO - [2025-06-09T17:38:30.884+0200] {dag.py:3954} INFO - Setting next_dagrun for dataset_produces_1 to 2025-06-08 00:00:00+00:00, run_after=2025-06-09 00:00:00+00:00
[2025-06-09T17:38:30.885+0200] {logging_mixin.py:188} INFO - [2025-06-09T17:38:30.884+0200] {dag.py:3954} INFO - Setting next_dagrun for dataset_produces_2 to None, run_after=None
[2025-06-09T17:38:30.912+0200] {processor.py:183} INFO - Processing /home/ccd/airflow_venv/lib/python3.10/site-packages/airflow/example_dags/example_datasets.py took 0.101 seconds
[2025-06-09T17:39:48.879+0200] {processor.py:161} INFO - Started process (PID=110627) to work on /home/ccd/airflow_venv/lib/python3.10/site-packages/airflow/example_dags/example_datasets.py
[2025-06-09T17:39:48.888+0200] {processor.py:830} INFO - Processing file /home/ccd/airflow_venv/lib/python3.10/site-packages/airflow/example_dags/example_datasets.py for tasks to queue
[2025-06-09T17:39:48.889+0200] {logging_mixin.py:188} INFO - [2025-06-09T17:39:48.889+0200] {dagbag.py:540} INFO - Filling up the DagBag from /home/ccd/airflow_venv/lib/python3.10/site-packages/airflow/example_dags/example_datasets.py
[2025-06-09T17:39:48.897+0200] {processor.py:840} INFO - DAG(s) 'dataset_produces_2', 'dataset_produces_1', 'consume_1_or_2_with_dataset_expressions', 'consume_1_or_both_2_and_3_with_dataset_expressions', 'dataset_consumes_unknown_never_scheduled', 'dataset_consumes_1', 'consume_1_and_2_with_dataset_expressions', 'dataset_consumes_1_and_2', 'conditional_dataset_and_time_based_timetable', 'dataset_consumes_1_never_scheduled' retrieved from /home/ccd/airflow_venv/lib/python3.10/site-packages/airflow/example_dags/example_datasets.py
[2025-06-09T17:39:48.923+0200] {logging_mixin.py:188} INFO - [2025-06-09T17:39:48.923+0200] {dag.py:3096} INFO - Sync 10 DAGs
[2025-06-09T17:39:48.937+0200] {logging_mixin.py:188} INFO - [2025-06-09T17:39:48.937+0200] {dag.py:3954} INFO - Setting next_dagrun for conditional_dataset_and_time_based_timetable to 2025-06-04 01:00:00+00:00, run_after=2025-06-04 01:00:00+00:00
[2025-06-09T17:39:48.939+0200] {logging_mixin.py:188} INFO - [2025-06-09T17:39:48.939+0200] {dag.py:3954} INFO - Setting next_dagrun for consume_1_and_2_with_dataset_expressions to None, run_after=None
[2025-06-09T17:39:48.940+0200] {logging_mixin.py:188} INFO - [2025-06-09T17:39:48.940+0200] {dag.py:3954} INFO - Setting next_dagrun for consume_1_or_2_with_dataset_expressions to None, run_after=None
[2025-06-09T17:39:48.941+0200] {logging_mixin.py:188} INFO - [2025-06-09T17:39:48.941+0200] {dag.py:3954} INFO - Setting next_dagrun for consume_1_or_both_2_and_3_with_dataset_expressions to None, run_after=None
[2025-06-09T17:39:48.941+0200] {logging_mixin.py:188} INFO - [2025-06-09T17:39:48.941+0200] {dag.py:3954} INFO - Setting next_dagrun for dataset_consumes_1 to None, run_after=None
[2025-06-09T17:39:48.942+0200] {logging_mixin.py:188} INFO - [2025-06-09T17:39:48.942+0200] {dag.py:3954} INFO - Setting next_dagrun for dataset_consumes_1_and_2 to None, run_after=None
[2025-06-09T17:39:48.942+0200] {logging_mixin.py:188} INFO - [2025-06-09T17:39:48.942+0200] {dag.py:3954} INFO - Setting next_dagrun for dataset_consumes_1_never_scheduled to None, run_after=None
[2025-06-09T17:39:48.943+0200] {logging_mixin.py:188} INFO - [2025-06-09T17:39:48.943+0200] {dag.py:3954} INFO - Setting next_dagrun for dataset_consumes_unknown_never_scheduled to None, run_after=None
[2025-06-09T17:39:48.944+0200] {logging_mixin.py:188} INFO - [2025-06-09T17:39:48.944+0200] {dag.py:3954} INFO - Setting next_dagrun for dataset_produces_1 to 2025-06-08 00:00:00+00:00, run_after=2025-06-09 00:00:00+00:00
[2025-06-09T17:39:48.945+0200] {logging_mixin.py:188} INFO - [2025-06-09T17:39:48.945+0200] {dag.py:3954} INFO - Setting next_dagrun for dataset_produces_2 to None, run_after=None
[2025-06-09T17:39:48.973+0200] {processor.py:183} INFO - Processing /home/ccd/airflow_venv/lib/python3.10/site-packages/airflow/example_dags/example_datasets.py took 0.098 seconds
[2025-06-09T17:41:01.993+0200] {processor.py:161} INFO - Started process (PID=111167) to work on /home/ccd/airflow_venv/lib/python3.10/site-packages/airflow/example_dags/example_datasets.py
[2025-06-09T17:41:02.005+0200] {processor.py:830} INFO - Processing file /home/ccd/airflow_venv/lib/python3.10/site-packages/airflow/example_dags/example_datasets.py for tasks to queue
[2025-06-09T17:41:02.006+0200] {logging_mixin.py:188} INFO - [2025-06-09T17:41:02.006+0200] {dagbag.py:540} INFO - Filling up the DagBag from /home/ccd/airflow_venv/lib/python3.10/site-packages/airflow/example_dags/example_datasets.py
[2025-06-09T17:41:02.015+0200] {processor.py:840} INFO - DAG(s) 'dataset_consumes_1_never_scheduled', 'dataset_consumes_1_and_2', 'dataset_consumes_unknown_never_scheduled', 'dataset_produces_2', 'dataset_produces_1', 'consume_1_or_2_with_dataset_expressions', 'consume_1_or_both_2_and_3_with_dataset_expressions', 'conditional_dataset_and_time_based_timetable', 'dataset_consumes_1', 'consume_1_and_2_with_dataset_expressions' retrieved from /home/ccd/airflow_venv/lib/python3.10/site-packages/airflow/example_dags/example_datasets.py
[2025-06-09T17:41:02.038+0200] {logging_mixin.py:188} INFO - [2025-06-09T17:41:02.038+0200] {dag.py:3096} INFO - Sync 10 DAGs
[2025-06-09T17:41:02.054+0200] {logging_mixin.py:188} INFO - [2025-06-09T17:41:02.054+0200] {dag.py:3954} INFO - Setting next_dagrun for conditional_dataset_and_time_based_timetable to 2025-06-04 01:00:00+00:00, run_after=2025-06-04 01:00:00+00:00
[2025-06-09T17:41:02.056+0200] {logging_mixin.py:188} INFO - [2025-06-09T17:41:02.056+0200] {dag.py:3954} INFO - Setting next_dagrun for consume_1_and_2_with_dataset_expressions to None, run_after=None
[2025-06-09T17:41:02.057+0200] {logging_mixin.py:188} INFO - [2025-06-09T17:41:02.057+0200] {dag.py:3954} INFO - Setting next_dagrun for consume_1_or_2_with_dataset_expressions to None, run_after=None
[2025-06-09T17:41:02.057+0200] {logging_mixin.py:188} INFO - [2025-06-09T17:41:02.057+0200] {dag.py:3954} INFO - Setting next_dagrun for consume_1_or_both_2_and_3_with_dataset_expressions to None, run_after=None
[2025-06-09T17:41:02.058+0200] {logging_mixin.py:188} INFO - [2025-06-09T17:41:02.057+0200] {dag.py:3954} INFO - Setting next_dagrun for dataset_consumes_1 to None, run_after=None
[2025-06-09T17:41:02.059+0200] {logging_mixin.py:188} INFO - [2025-06-09T17:41:02.058+0200] {dag.py:3954} INFO - Setting next_dagrun for dataset_consumes_1_and_2 to None, run_after=None
[2025-06-09T17:41:02.059+0200] {logging_mixin.py:188} INFO - [2025-06-09T17:41:02.059+0200] {dag.py:3954} INFO - Setting next_dagrun for dataset_consumes_1_never_scheduled to None, run_after=None
[2025-06-09T17:41:02.060+0200] {logging_mixin.py:188} INFO - [2025-06-09T17:41:02.060+0200] {dag.py:3954} INFO - Setting next_dagrun for dataset_consumes_unknown_never_scheduled to None, run_after=None
[2025-06-09T17:41:02.062+0200] {logging_mixin.py:188} INFO - [2025-06-09T17:41:02.062+0200] {dag.py:3954} INFO - Setting next_dagrun for dataset_produces_1 to 2025-06-08 00:00:00+00:00, run_after=2025-06-09 00:00:00+00:00
[2025-06-09T17:41:02.063+0200] {logging_mixin.py:188} INFO - [2025-06-09T17:41:02.063+0200] {dag.py:3954} INFO - Setting next_dagrun for dataset_produces_2 to None, run_after=None
[2025-06-09T17:41:02.094+0200] {processor.py:183} INFO - Processing /home/ccd/airflow_venv/lib/python3.10/site-packages/airflow/example_dags/example_datasets.py took 0.105 seconds
[2025-06-09T17:42:13.706+0200] {processor.py:161} INFO - Started process (PID=111618) to work on /home/ccd/airflow_venv/lib/python3.10/site-packages/airflow/example_dags/example_datasets.py
[2025-06-09T17:42:13.708+0200] {processor.py:830} INFO - Processing file /home/ccd/airflow_venv/lib/python3.10/site-packages/airflow/example_dags/example_datasets.py for tasks to queue
[2025-06-09T17:42:13.710+0200] {logging_mixin.py:188} INFO - [2025-06-09T17:42:13.709+0200] {dagbag.py:540} INFO - Filling up the DagBag from /home/ccd/airflow_venv/lib/python3.10/site-packages/airflow/example_dags/example_datasets.py
[2025-06-09T17:42:13.719+0200] {processor.py:840} INFO - DAG(s) 'dataset_consumes_1', 'dataset_consumes_1_never_scheduled', 'consume_1_or_both_2_and_3_with_dataset_expressions', 'dataset_produces_1', 'conditional_dataset_and_time_based_timetable', 'consume_1_and_2_with_dataset_expressions', 'dataset_consumes_1_and_2', 'consume_1_or_2_with_dataset_expressions', 'dataset_consumes_unknown_never_scheduled', 'dataset_produces_2' retrieved from /home/ccd/airflow_venv/lib/python3.10/site-packages/airflow/example_dags/example_datasets.py
[2025-06-09T17:42:13.743+0200] {logging_mixin.py:188} INFO - [2025-06-09T17:42:13.742+0200] {dag.py:3096} INFO - Sync 10 DAGs
[2025-06-09T17:42:13.756+0200] {logging_mixin.py:188} INFO - [2025-06-09T17:42:13.756+0200] {dag.py:3954} INFO - Setting next_dagrun for conditional_dataset_and_time_based_timetable to 2025-06-04 01:00:00+00:00, run_after=2025-06-04 01:00:00+00:00
[2025-06-09T17:42:13.758+0200] {logging_mixin.py:188} INFO - [2025-06-09T17:42:13.758+0200] {dag.py:3954} INFO - Setting next_dagrun for consume_1_and_2_with_dataset_expressions to None, run_after=None
[2025-06-09T17:42:13.758+0200] {logging_mixin.py:188} INFO - [2025-06-09T17:42:13.758+0200] {dag.py:3954} INFO - Setting next_dagrun for consume_1_or_2_with_dataset_expressions to None, run_after=None
[2025-06-09T17:42:13.759+0200] {logging_mixin.py:188} INFO - [2025-06-09T17:42:13.759+0200] {dag.py:3954} INFO - Setting next_dagrun for consume_1_or_both_2_and_3_with_dataset_expressions to None, run_after=None
[2025-06-09T17:42:13.759+0200] {logging_mixin.py:188} INFO - [2025-06-09T17:42:13.759+0200] {dag.py:3954} INFO - Setting next_dagrun for dataset_consumes_1 to None, run_after=None
[2025-06-09T17:42:13.760+0200] {logging_mixin.py:188} INFO - [2025-06-09T17:42:13.760+0200] {dag.py:3954} INFO - Setting next_dagrun for dataset_consumes_1_and_2 to None, run_after=None
[2025-06-09T17:42:13.760+0200] {logging_mixin.py:188} INFO - [2025-06-09T17:42:13.760+0200] {dag.py:3954} INFO - Setting next_dagrun for dataset_consumes_1_never_scheduled to None, run_after=None
[2025-06-09T17:42:13.761+0200] {logging_mixin.py:188} INFO - [2025-06-09T17:42:13.761+0200] {dag.py:3954} INFO - Setting next_dagrun for dataset_consumes_unknown_never_scheduled to None, run_after=None
[2025-06-09T17:42:13.762+0200] {logging_mixin.py:188} INFO - [2025-06-09T17:42:13.762+0200] {dag.py:3954} INFO - Setting next_dagrun for dataset_produces_1 to 2025-06-08 00:00:00+00:00, run_after=2025-06-09 00:00:00+00:00
[2025-06-09T17:42:13.763+0200] {logging_mixin.py:188} INFO - [2025-06-09T17:42:13.763+0200] {dag.py:3954} INFO - Setting next_dagrun for dataset_produces_2 to None, run_after=None
[2025-06-09T17:42:13.795+0200] {processor.py:183} INFO - Processing /home/ccd/airflow_venv/lib/python3.10/site-packages/airflow/example_dags/example_datasets.py took 0.093 seconds
[2025-06-09T17:44:14.667+0200] {processor.py:161} INFO - Started process (PID=112534) to work on /home/ccd/airflow_venv/lib/python3.10/site-packages/airflow/example_dags/example_datasets.py
[2025-06-09T17:44:14.678+0200] {processor.py:830} INFO - Processing file /home/ccd/airflow_venv/lib/python3.10/site-packages/airflow/example_dags/example_datasets.py for tasks to queue
[2025-06-09T17:44:14.679+0200] {logging_mixin.py:188} INFO - [2025-06-09T17:44:14.679+0200] {dagbag.py:540} INFO - Filling up the DagBag from /home/ccd/airflow_venv/lib/python3.10/site-packages/airflow/example_dags/example_datasets.py
[2025-06-09T17:44:14.688+0200] {processor.py:840} INFO - DAG(s) 'dataset_produces_2', 'dataset_produces_1', 'consume_1_or_2_with_dataset_expressions', 'conditional_dataset_and_time_based_timetable', 'dataset_consumes_1', 'consume_1_and_2_with_dataset_expressions', 'consume_1_or_both_2_and_3_with_dataset_expressions', 'dataset_consumes_1_and_2', 'dataset_consumes_1_never_scheduled', 'dataset_consumes_unknown_never_scheduled' retrieved from /home/ccd/airflow_venv/lib/python3.10/site-packages/airflow/example_dags/example_datasets.py
[2025-06-09T17:44:14.839+0200] {logging_mixin.py:188} INFO - [2025-06-09T17:44:14.838+0200] {dag.py:3096} INFO - Sync 10 DAGs
[2025-06-09T17:44:14.853+0200] {logging_mixin.py:188} INFO - [2025-06-09T17:44:14.853+0200] {dag.py:3954} INFO - Setting next_dagrun for conditional_dataset_and_time_based_timetable to 2025-06-04 01:00:00+00:00, run_after=2025-06-04 01:00:00+00:00
[2025-06-09T17:44:14.855+0200] {logging_mixin.py:188} INFO - [2025-06-09T17:44:14.855+0200] {dag.py:3954} INFO - Setting next_dagrun for consume_1_and_2_with_dataset_expressions to None, run_after=None
[2025-06-09T17:44:14.855+0200] {logging_mixin.py:188} INFO - [2025-06-09T17:44:14.855+0200] {dag.py:3954} INFO - Setting next_dagrun for consume_1_or_2_with_dataset_expressions to None, run_after=None
[2025-06-09T17:44:14.856+0200] {logging_mixin.py:188} INFO - [2025-06-09T17:44:14.856+0200] {dag.py:3954} INFO - Setting next_dagrun for consume_1_or_both_2_and_3_with_dataset_expressions to None, run_after=None
[2025-06-09T17:44:14.857+0200] {logging_mixin.py:188} INFO - [2025-06-09T17:44:14.857+0200] {dag.py:3954} INFO - Setting next_dagrun for dataset_consumes_1 to None, run_after=None
[2025-06-09T17:44:14.857+0200] {logging_mixin.py:188} INFO - [2025-06-09T17:44:14.857+0200] {dag.py:3954} INFO - Setting next_dagrun for dataset_consumes_1_and_2 to None, run_after=None
[2025-06-09T17:44:14.858+0200] {logging_mixin.py:188} INFO - [2025-06-09T17:44:14.858+0200] {dag.py:3954} INFO - Setting next_dagrun for dataset_consumes_1_never_scheduled to None, run_after=None
[2025-06-09T17:44:14.859+0200] {logging_mixin.py:188} INFO - [2025-06-09T17:44:14.858+0200] {dag.py:3954} INFO - Setting next_dagrun for dataset_consumes_unknown_never_scheduled to None, run_after=None
[2025-06-09T17:44:14.860+0200] {logging_mixin.py:188} INFO - [2025-06-09T17:44:14.860+0200] {dag.py:3954} INFO - Setting next_dagrun for dataset_produces_1 to 2025-06-08 00:00:00+00:00, run_after=2025-06-09 00:00:00+00:00
[2025-06-09T17:44:14.860+0200] {logging_mixin.py:188} INFO - [2025-06-09T17:44:14.860+0200] {dag.py:3954} INFO - Setting next_dagrun for dataset_produces_2 to None, run_after=None
[2025-06-09T17:44:14.890+0200] {processor.py:183} INFO - Processing /home/ccd/airflow_venv/lib/python3.10/site-packages/airflow/example_dags/example_datasets.py took 0.227 seconds
[2025-06-09T17:45:27.742+0200] {processor.py:161} INFO - Started process (PID=113111) to work on /home/ccd/airflow_venv/lib/python3.10/site-packages/airflow/example_dags/example_datasets.py
[2025-06-09T17:45:27.753+0200] {processor.py:830} INFO - Processing file /home/ccd/airflow_venv/lib/python3.10/site-packages/airflow/example_dags/example_datasets.py for tasks to queue
[2025-06-09T17:45:27.754+0200] {logging_mixin.py:188} INFO - [2025-06-09T17:45:27.754+0200] {dagbag.py:540} INFO - Filling up the DagBag from /home/ccd/airflow_venv/lib/python3.10/site-packages/airflow/example_dags/example_datasets.py
[2025-06-09T17:45:27.763+0200] {processor.py:840} INFO - DAG(s) 'dataset_consumes_1_never_scheduled', 'consume_1_and_2_with_dataset_expressions', 'dataset_consumes_1_and_2', 'dataset_produces_1', 'dataset_produces_2', 'conditional_dataset_and_time_based_timetable', 'dataset_consumes_unknown_never_scheduled', 'dataset_consumes_1', 'consume_1_or_both_2_and_3_with_dataset_expressions', 'consume_1_or_2_with_dataset_expressions' retrieved from /home/ccd/airflow_venv/lib/python3.10/site-packages/airflow/example_dags/example_datasets.py
[2025-06-09T17:45:27.786+0200] {logging_mixin.py:188} INFO - [2025-06-09T17:45:27.786+0200] {dag.py:3096} INFO - Sync 10 DAGs
[2025-06-09T17:45:27.803+0200] {logging_mixin.py:188} INFO - [2025-06-09T17:45:27.802+0200] {dag.py:3954} INFO - Setting next_dagrun for conditional_dataset_and_time_based_timetable to 2025-06-04 01:00:00+00:00, run_after=2025-06-04 01:00:00+00:00
[2025-06-09T17:45:27.805+0200] {logging_mixin.py:188} INFO - [2025-06-09T17:45:27.805+0200] {dag.py:3954} INFO - Setting next_dagrun for consume_1_and_2_with_dataset_expressions to None, run_after=None
[2025-06-09T17:45:27.806+0200] {logging_mixin.py:188} INFO - [2025-06-09T17:45:27.806+0200] {dag.py:3954} INFO - Setting next_dagrun for consume_1_or_2_with_dataset_expressions to None, run_after=None
[2025-06-09T17:45:27.806+0200] {logging_mixin.py:188} INFO - [2025-06-09T17:45:27.806+0200] {dag.py:3954} INFO - Setting next_dagrun for consume_1_or_both_2_and_3_with_dataset_expressions to None, run_after=None
[2025-06-09T17:45:27.807+0200] {logging_mixin.py:188} INFO - [2025-06-09T17:45:27.807+0200] {dag.py:3954} INFO - Setting next_dagrun for dataset_consumes_1 to None, run_after=None
[2025-06-09T17:45:27.808+0200] {logging_mixin.py:188} INFO - [2025-06-09T17:45:27.808+0200] {dag.py:3954} INFO - Setting next_dagrun for dataset_consumes_1_and_2 to None, run_after=None
[2025-06-09T17:45:27.808+0200] {logging_mixin.py:188} INFO - [2025-06-09T17:45:27.808+0200] {dag.py:3954} INFO - Setting next_dagrun for dataset_consumes_1_never_scheduled to None, run_after=None
[2025-06-09T17:45:27.809+0200] {logging_mixin.py:188} INFO - [2025-06-09T17:45:27.809+0200] {dag.py:3954} INFO - Setting next_dagrun for dataset_consumes_unknown_never_scheduled to None, run_after=None
[2025-06-09T17:45:27.810+0200] {logging_mixin.py:188} INFO - [2025-06-09T17:45:27.810+0200] {dag.py:3954} INFO - Setting next_dagrun for dataset_produces_1 to 2025-06-08 00:00:00+00:00, run_after=2025-06-09 00:00:00+00:00
[2025-06-09T17:45:27.810+0200] {logging_mixin.py:188} INFO - [2025-06-09T17:45:27.810+0200] {dag.py:3954} INFO - Setting next_dagrun for dataset_produces_2 to None, run_after=None
[2025-06-09T17:45:27.838+0200] {processor.py:183} INFO - Processing /home/ccd/airflow_venv/lib/python3.10/site-packages/airflow/example_dags/example_datasets.py took 0.100 seconds
[2025-06-09T17:46:33.025+0200] {processor.py:161} INFO - Started process (PID=113508) to work on /home/ccd/airflow_venv/lib/python3.10/site-packages/airflow/example_dags/example_datasets.py
[2025-06-09T17:46:33.035+0200] {processor.py:830} INFO - Processing file /home/ccd/airflow_venv/lib/python3.10/site-packages/airflow/example_dags/example_datasets.py for tasks to queue
[2025-06-09T17:46:33.037+0200] {logging_mixin.py:188} INFO - [2025-06-09T17:46:33.037+0200] {dagbag.py:540} INFO - Filling up the DagBag from /home/ccd/airflow_venv/lib/python3.10/site-packages/airflow/example_dags/example_datasets.py
[2025-06-09T17:46:33.045+0200] {processor.py:840} INFO - DAG(s) 'dataset_produces_2', 'dataset_produces_1', 'consume_1_or_2_with_dataset_expressions', 'dataset_consumes_1', 'consume_1_or_both_2_and_3_with_dataset_expressions', 'consume_1_and_2_with_dataset_expressions', 'dataset_consumes_1_never_scheduled', 'dataset_consumes_unknown_never_scheduled', 'conditional_dataset_and_time_based_timetable', 'dataset_consumes_1_and_2' retrieved from /home/ccd/airflow_venv/lib/python3.10/site-packages/airflow/example_dags/example_datasets.py
[2025-06-09T17:46:33.070+0200] {logging_mixin.py:188} INFO - [2025-06-09T17:46:33.069+0200] {dag.py:3096} INFO - Sync 10 DAGs
[2025-06-09T17:46:33.083+0200] {logging_mixin.py:188} INFO - [2025-06-09T17:46:33.083+0200] {dag.py:3954} INFO - Setting next_dagrun for conditional_dataset_and_time_based_timetable to 2025-06-04 01:00:00+00:00, run_after=2025-06-04 01:00:00+00:00
[2025-06-09T17:46:33.085+0200] {logging_mixin.py:188} INFO - [2025-06-09T17:46:33.085+0200] {dag.py:3954} INFO - Setting next_dagrun for consume_1_and_2_with_dataset_expressions to None, run_after=None
[2025-06-09T17:46:33.086+0200] {logging_mixin.py:188} INFO - [2025-06-09T17:46:33.086+0200] {dag.py:3954} INFO - Setting next_dagrun for consume_1_or_2_with_dataset_expressions to None, run_after=None
[2025-06-09T17:46:33.087+0200] {logging_mixin.py:188} INFO - [2025-06-09T17:46:33.087+0200] {dag.py:3954} INFO - Setting next_dagrun for consume_1_or_both_2_and_3_with_dataset_expressions to None, run_after=None
[2025-06-09T17:46:33.087+0200] {logging_mixin.py:188} INFO - [2025-06-09T17:46:33.087+0200] {dag.py:3954} INFO - Setting next_dagrun for dataset_consumes_1 to None, run_after=None
[2025-06-09T17:46:33.088+0200] {logging_mixin.py:188} INFO - [2025-06-09T17:46:33.088+0200] {dag.py:3954} INFO - Setting next_dagrun for dataset_consumes_1_and_2 to None, run_after=None
[2025-06-09T17:46:33.088+0200] {logging_mixin.py:188} INFO - [2025-06-09T17:46:33.088+0200] {dag.py:3954} INFO - Setting next_dagrun for dataset_consumes_1_never_scheduled to None, run_after=None
[2025-06-09T17:46:33.089+0200] {logging_mixin.py:188} INFO - [2025-06-09T17:46:33.088+0200] {dag.py:3954} INFO - Setting next_dagrun for dataset_consumes_unknown_never_scheduled to None, run_after=None
[2025-06-09T17:46:33.090+0200] {logging_mixin.py:188} INFO - [2025-06-09T17:46:33.089+0200] {dag.py:3954} INFO - Setting next_dagrun for dataset_produces_1 to 2025-06-08 00:00:00+00:00, run_after=2025-06-09 00:00:00+00:00
[2025-06-09T17:46:33.090+0200] {logging_mixin.py:188} INFO - [2025-06-09T17:46:33.090+0200] {dag.py:3954} INFO - Setting next_dagrun for dataset_produces_2 to None, run_after=None
[2025-06-09T17:46:33.117+0200] {processor.py:183} INFO - Processing /home/ccd/airflow_venv/lib/python3.10/site-packages/airflow/example_dags/example_datasets.py took 0.096 seconds
[2025-06-09T17:47:36.570+0200] {processor.py:161} INFO - Started process (PID=113891) to work on /home/ccd/airflow_venv/lib/python3.10/site-packages/airflow/example_dags/example_datasets.py
[2025-06-09T17:47:36.571+0200] {processor.py:830} INFO - Processing file /home/ccd/airflow_venv/lib/python3.10/site-packages/airflow/example_dags/example_datasets.py for tasks to queue
[2025-06-09T17:47:36.572+0200] {logging_mixin.py:188} INFO - [2025-06-09T17:47:36.572+0200] {dagbag.py:540} INFO - Filling up the DagBag from /home/ccd/airflow_venv/lib/python3.10/site-packages/airflow/example_dags/example_datasets.py
[2025-06-09T17:47:36.585+0200] {processor.py:840} INFO - DAG(s) 'consume_1_or_2_with_dataset_expressions', 'dataset_consumes_1', 'dataset_produces_1', 'dataset_consumes_1_never_scheduled', 'consume_1_and_2_with_dataset_expressions', 'conditional_dataset_and_time_based_timetable', 'dataset_consumes_unknown_never_scheduled', 'consume_1_or_both_2_and_3_with_dataset_expressions', 'dataset_produces_2', 'dataset_consumes_1_and_2' retrieved from /home/ccd/airflow_venv/lib/python3.10/site-packages/airflow/example_dags/example_datasets.py
[2025-06-09T17:47:36.688+0200] {logging_mixin.py:188} INFO - [2025-06-09T17:47:36.688+0200] {dag.py:3096} INFO - Sync 10 DAGs
[2025-06-09T17:47:36.712+0200] {logging_mixin.py:188} INFO - [2025-06-09T17:47:36.712+0200] {dag.py:3954} INFO - Setting next_dagrun for conditional_dataset_and_time_based_timetable to 2025-06-04 01:00:00+00:00, run_after=2025-06-04 01:00:00+00:00
[2025-06-09T17:47:36.715+0200] {logging_mixin.py:188} INFO - [2025-06-09T17:47:36.715+0200] {dag.py:3954} INFO - Setting next_dagrun for consume_1_and_2_with_dataset_expressions to None, run_after=None
[2025-06-09T17:47:36.716+0200] {logging_mixin.py:188} INFO - [2025-06-09T17:47:36.716+0200] {dag.py:3954} INFO - Setting next_dagrun for consume_1_or_2_with_dataset_expressions to None, run_after=None
[2025-06-09T17:47:36.716+0200] {logging_mixin.py:188} INFO - [2025-06-09T17:47:36.716+0200] {dag.py:3954} INFO - Setting next_dagrun for consume_1_or_both_2_and_3_with_dataset_expressions to None, run_after=None
[2025-06-09T17:47:36.717+0200] {logging_mixin.py:188} INFO - [2025-06-09T17:47:36.717+0200] {dag.py:3954} INFO - Setting next_dagrun for dataset_consumes_1 to None, run_after=None
[2025-06-09T17:47:36.718+0200] {logging_mixin.py:188} INFO - [2025-06-09T17:47:36.718+0200] {dag.py:3954} INFO - Setting next_dagrun for dataset_consumes_1_and_2 to None, run_after=None
[2025-06-09T17:47:36.718+0200] {logging_mixin.py:188} INFO - [2025-06-09T17:47:36.718+0200] {dag.py:3954} INFO - Setting next_dagrun for dataset_consumes_1_never_scheduled to None, run_after=None
[2025-06-09T17:47:36.719+0200] {logging_mixin.py:188} INFO - [2025-06-09T17:47:36.719+0200] {dag.py:3954} INFO - Setting next_dagrun for dataset_consumes_unknown_never_scheduled to None, run_after=None
[2025-06-09T17:47:36.721+0200] {logging_mixin.py:188} INFO - [2025-06-09T17:47:36.720+0200] {dag.py:3954} INFO - Setting next_dagrun for dataset_produces_1 to 2025-06-08 00:00:00+00:00, run_after=2025-06-09 00:00:00+00:00
[2025-06-09T17:47:36.722+0200] {logging_mixin.py:188} INFO - [2025-06-09T17:47:36.722+0200] {dag.py:3954} INFO - Setting next_dagrun for dataset_produces_2 to None, run_after=None
[2025-06-09T17:47:36.757+0200] {processor.py:183} INFO - Processing /home/ccd/airflow_venv/lib/python3.10/site-packages/airflow/example_dags/example_datasets.py took 0.192 seconds
[2025-06-09T17:51:05.749+0200] {processor.py:161} INFO - Started process (PID=118227) to work on /home/ccd/airflow_venv/lib/python3.10/site-packages/airflow/example_dags/example_datasets.py
[2025-06-09T17:51:05.751+0200] {processor.py:830} INFO - Processing file /home/ccd/airflow_venv/lib/python3.10/site-packages/airflow/example_dags/example_datasets.py for tasks to queue
[2025-06-09T17:51:05.754+0200] {logging_mixin.py:188} INFO - [2025-06-09T17:51:05.754+0200] {dagbag.py:540} INFO - Filling up the DagBag from /home/ccd/airflow_venv/lib/python3.10/site-packages/airflow/example_dags/example_datasets.py
[2025-06-09T17:51:05.769+0200] {processor.py:840} INFO - DAG(s) 'dataset_produces_1', 'consume_1_or_both_2_and_3_with_dataset_expressions', 'dataset_produces_2', 'consume_1_and_2_with_dataset_expressions', 'dataset_consumes_1_never_scheduled', 'consume_1_or_2_with_dataset_expressions', 'conditional_dataset_and_time_based_timetable', 'dataset_consumes_1', 'dataset_consumes_1_and_2', 'dataset_consumes_unknown_never_scheduled' retrieved from /home/ccd/airflow_venv/lib/python3.10/site-packages/airflow/example_dags/example_datasets.py
[2025-06-09T17:51:05.834+0200] {logging_mixin.py:188} INFO - [2025-06-09T17:51:05.834+0200] {dag.py:3096} INFO - Sync 10 DAGs
[2025-06-09T17:51:05.858+0200] {logging_mixin.py:188} INFO - [2025-06-09T17:51:05.858+0200] {dag.py:3954} INFO - Setting next_dagrun for conditional_dataset_and_time_based_timetable to 2025-06-04 01:00:00+00:00, run_after=2025-06-04 01:00:00+00:00
[2025-06-09T17:51:05.862+0200] {logging_mixin.py:188} INFO - [2025-06-09T17:51:05.862+0200] {dag.py:3954} INFO - Setting next_dagrun for consume_1_and_2_with_dataset_expressions to None, run_after=None
[2025-06-09T17:51:05.863+0200] {logging_mixin.py:188} INFO - [2025-06-09T17:51:05.863+0200] {dag.py:3954} INFO - Setting next_dagrun for consume_1_or_2_with_dataset_expressions to None, run_after=None
[2025-06-09T17:51:05.863+0200] {logging_mixin.py:188} INFO - [2025-06-09T17:51:05.863+0200] {dag.py:3954} INFO - Setting next_dagrun for consume_1_or_both_2_and_3_with_dataset_expressions to None, run_after=None
[2025-06-09T17:51:05.864+0200] {logging_mixin.py:188} INFO - [2025-06-09T17:51:05.864+0200] {dag.py:3954} INFO - Setting next_dagrun for dataset_consumes_1 to None, run_after=None
[2025-06-09T17:51:05.865+0200] {logging_mixin.py:188} INFO - [2025-06-09T17:51:05.865+0200] {dag.py:3954} INFO - Setting next_dagrun for dataset_consumes_1_and_2 to None, run_after=None
[2025-06-09T17:51:05.866+0200] {logging_mixin.py:188} INFO - [2025-06-09T17:51:05.865+0200] {dag.py:3954} INFO - Setting next_dagrun for dataset_consumes_1_never_scheduled to None, run_after=None
[2025-06-09T17:51:05.868+0200] {logging_mixin.py:188} INFO - [2025-06-09T17:51:05.867+0200] {dag.py:3954} INFO - Setting next_dagrun for dataset_consumes_unknown_never_scheduled to None, run_after=None
[2025-06-09T17:51:05.869+0200] {logging_mixin.py:188} INFO - [2025-06-09T17:51:05.869+0200] {dag.py:3954} INFO - Setting next_dagrun for dataset_produces_1 to 2025-06-08 00:00:00+00:00, run_after=2025-06-09 00:00:00+00:00
[2025-06-09T17:51:05.870+0200] {logging_mixin.py:188} INFO - [2025-06-09T17:51:05.870+0200] {dag.py:3954} INFO - Setting next_dagrun for dataset_produces_2 to None, run_after=None
[2025-06-09T17:51:05.910+0200] {processor.py:183} INFO - Processing /home/ccd/airflow_venv/lib/python3.10/site-packages/airflow/example_dags/example_datasets.py took 0.167 seconds
[2025-06-09T17:52:10.415+0200] {processor.py:161} INFO - Started process (PID=118666) to work on /home/ccd/airflow_venv/lib/python3.10/site-packages/airflow/example_dags/example_datasets.py
[2025-06-09T17:52:10.426+0200] {processor.py:830} INFO - Processing file /home/ccd/airflow_venv/lib/python3.10/site-packages/airflow/example_dags/example_datasets.py for tasks to queue
[2025-06-09T17:52:10.427+0200] {logging_mixin.py:188} INFO - [2025-06-09T17:52:10.427+0200] {dagbag.py:540} INFO - Filling up the DagBag from /home/ccd/airflow_venv/lib/python3.10/site-packages/airflow/example_dags/example_datasets.py
[2025-06-09T17:52:10.435+0200] {processor.py:840} INFO - DAG(s) 'consume_1_or_2_with_dataset_expressions', 'dataset_consumes_1', 'conditional_dataset_and_time_based_timetable', 'dataset_consumes_1_never_scheduled', 'consume_1_or_both_2_and_3_with_dataset_expressions', 'dataset_consumes_1_and_2', 'dataset_consumes_unknown_never_scheduled', 'dataset_produces_1', 'consume_1_and_2_with_dataset_expressions', 'dataset_produces_2' retrieved from /home/ccd/airflow_venv/lib/python3.10/site-packages/airflow/example_dags/example_datasets.py
[2025-06-09T17:52:10.458+0200] {logging_mixin.py:188} INFO - [2025-06-09T17:52:10.458+0200] {dag.py:3096} INFO - Sync 10 DAGs
[2025-06-09T17:52:10.472+0200] {logging_mixin.py:188} INFO - [2025-06-09T17:52:10.472+0200] {dag.py:3954} INFO - Setting next_dagrun for conditional_dataset_and_time_based_timetable to 2025-06-04 01:00:00+00:00, run_after=2025-06-04 01:00:00+00:00
[2025-06-09T17:52:10.474+0200] {logging_mixin.py:188} INFO - [2025-06-09T17:52:10.474+0200] {dag.py:3954} INFO - Setting next_dagrun for consume_1_and_2_with_dataset_expressions to None, run_after=None
[2025-06-09T17:52:10.475+0200] {logging_mixin.py:188} INFO - [2025-06-09T17:52:10.475+0200] {dag.py:3954} INFO - Setting next_dagrun for consume_1_or_2_with_dataset_expressions to None, run_after=None
[2025-06-09T17:52:10.476+0200] {logging_mixin.py:188} INFO - [2025-06-09T17:52:10.475+0200] {dag.py:3954} INFO - Setting next_dagrun for consume_1_or_both_2_and_3_with_dataset_expressions to None, run_after=None
[2025-06-09T17:52:10.476+0200] {logging_mixin.py:188} INFO - [2025-06-09T17:52:10.476+0200] {dag.py:3954} INFO - Setting next_dagrun for dataset_consumes_1 to None, run_after=None
[2025-06-09T17:52:10.478+0200] {logging_mixin.py:188} INFO - [2025-06-09T17:52:10.477+0200] {dag.py:3954} INFO - Setting next_dagrun for dataset_consumes_1_and_2 to None, run_after=None
[2025-06-09T17:52:10.478+0200] {logging_mixin.py:188} INFO - [2025-06-09T17:52:10.478+0200] {dag.py:3954} INFO - Setting next_dagrun for dataset_consumes_1_never_scheduled to None, run_after=None
[2025-06-09T17:52:10.479+0200] {logging_mixin.py:188} INFO - [2025-06-09T17:52:10.479+0200] {dag.py:3954} INFO - Setting next_dagrun for dataset_consumes_unknown_never_scheduled to None, run_after=None
[2025-06-09T17:52:10.481+0200] {logging_mixin.py:188} INFO - [2025-06-09T17:52:10.480+0200] {dag.py:3954} INFO - Setting next_dagrun for dataset_produces_1 to 2025-06-08 00:00:00+00:00, run_after=2025-06-09 00:00:00+00:00
[2025-06-09T17:52:10.481+0200] {logging_mixin.py:188} INFO - [2025-06-09T17:52:10.481+0200] {dag.py:3954} INFO - Setting next_dagrun for dataset_produces_2 to None, run_after=None
[2025-06-09T17:52:10.507+0200] {processor.py:183} INFO - Processing /home/ccd/airflow_venv/lib/python3.10/site-packages/airflow/example_dags/example_datasets.py took 0.096 seconds
[2025-06-09T17:53:59.742+0200] {processor.py:161} INFO - Started process (PID=120010) to work on /home/ccd/airflow_venv/lib/python3.10/site-packages/airflow/example_dags/example_datasets.py
[2025-06-09T17:53:59.752+0200] {processor.py:830} INFO - Processing file /home/ccd/airflow_venv/lib/python3.10/site-packages/airflow/example_dags/example_datasets.py for tasks to queue
[2025-06-09T17:53:59.753+0200] {logging_mixin.py:188} INFO - [2025-06-09T17:53:59.753+0200] {dagbag.py:540} INFO - Filling up the DagBag from /home/ccd/airflow_venv/lib/python3.10/site-packages/airflow/example_dags/example_datasets.py
[2025-06-09T17:53:59.762+0200] {processor.py:840} INFO - DAG(s) 'conditional_dataset_and_time_based_timetable', 'consume_1_or_2_with_dataset_expressions', 'dataset_produces_1', 'consume_1_and_2_with_dataset_expressions', 'dataset_produces_2', 'dataset_consumes_1', 'dataset_consumes_unknown_never_scheduled', 'consume_1_or_both_2_and_3_with_dataset_expressions', 'dataset_consumes_1_never_scheduled', 'dataset_consumes_1_and_2' retrieved from /home/ccd/airflow_venv/lib/python3.10/site-packages/airflow/example_dags/example_datasets.py
[2025-06-09T17:53:59.789+0200] {logging_mixin.py:188} INFO - [2025-06-09T17:53:59.789+0200] {dag.py:3096} INFO - Sync 10 DAGs
[2025-06-09T17:53:59.804+0200] {logging_mixin.py:188} INFO - [2025-06-09T17:53:59.803+0200] {dag.py:3954} INFO - Setting next_dagrun for conditional_dataset_and_time_based_timetable to 2025-06-04 01:00:00+00:00, run_after=2025-06-04 01:00:00+00:00
[2025-06-09T17:53:59.806+0200] {logging_mixin.py:188} INFO - [2025-06-09T17:53:59.805+0200] {dag.py:3954} INFO - Setting next_dagrun for consume_1_and_2_with_dataset_expressions to None, run_after=None
[2025-06-09T17:53:59.807+0200] {logging_mixin.py:188} INFO - [2025-06-09T17:53:59.807+0200] {dag.py:3954} INFO - Setting next_dagrun for consume_1_or_2_with_dataset_expressions to None, run_after=None
[2025-06-09T17:53:59.808+0200] {logging_mixin.py:188} INFO - [2025-06-09T17:53:59.807+0200] {dag.py:3954} INFO - Setting next_dagrun for consume_1_or_both_2_and_3_with_dataset_expressions to None, run_after=None
[2025-06-09T17:53:59.808+0200] {logging_mixin.py:188} INFO - [2025-06-09T17:53:59.808+0200] {dag.py:3954} INFO - Setting next_dagrun for dataset_consumes_1 to None, run_after=None
[2025-06-09T17:53:59.809+0200] {logging_mixin.py:188} INFO - [2025-06-09T17:53:59.809+0200] {dag.py:3954} INFO - Setting next_dagrun for dataset_consumes_1_and_2 to None, run_after=None
[2025-06-09T17:53:59.809+0200] {logging_mixin.py:188} INFO - [2025-06-09T17:53:59.809+0200] {dag.py:3954} INFO - Setting next_dagrun for dataset_consumes_1_never_scheduled to None, run_after=None
[2025-06-09T17:53:59.810+0200] {logging_mixin.py:188} INFO - [2025-06-09T17:53:59.809+0200] {dag.py:3954} INFO - Setting next_dagrun for dataset_consumes_unknown_never_scheduled to None, run_after=None
[2025-06-09T17:53:59.811+0200] {logging_mixin.py:188} INFO - [2025-06-09T17:53:59.811+0200] {dag.py:3954} INFO - Setting next_dagrun for dataset_produces_1 to 2025-06-08 00:00:00+00:00, run_after=2025-06-09 00:00:00+00:00
[2025-06-09T17:53:59.811+0200] {logging_mixin.py:188} INFO - [2025-06-09T17:53:59.811+0200] {dag.py:3954} INFO - Setting next_dagrun for dataset_produces_2 to None, run_after=None
[2025-06-09T17:53:59.841+0200] {processor.py:183} INFO - Processing /home/ccd/airflow_venv/lib/python3.10/site-packages/airflow/example_dags/example_datasets.py took 0.105 seconds
[2025-06-09T17:56:35.918+0200] {processor.py:161} INFO - Started process (PID=122584) to work on /home/ccd/airflow_venv/lib/python3.10/site-packages/airflow/example_dags/example_datasets.py
[2025-06-09T17:56:35.919+0200] {processor.py:830} INFO - Processing file /home/ccd/airflow_venv/lib/python3.10/site-packages/airflow/example_dags/example_datasets.py for tasks to queue
[2025-06-09T17:56:35.920+0200] {logging_mixin.py:188} INFO - [2025-06-09T17:56:35.920+0200] {dagbag.py:540} INFO - Filling up the DagBag from /home/ccd/airflow_venv/lib/python3.10/site-packages/airflow/example_dags/example_datasets.py
[2025-06-09T17:56:35.931+0200] {processor.py:840} INFO - DAG(s) 'consume_1_or_2_with_dataset_expressions', 'conditional_dataset_and_time_based_timetable', 'dataset_consumes_unknown_never_scheduled', 'dataset_produces_1', 'dataset_consumes_1', 'dataset_produces_2', 'consume_1_and_2_with_dataset_expressions', 'consume_1_or_both_2_and_3_with_dataset_expressions', 'dataset_consumes_1_and_2', 'dataset_consumes_1_never_scheduled' retrieved from /home/ccd/airflow_venv/lib/python3.10/site-packages/airflow/example_dags/example_datasets.py
[2025-06-09T17:56:35.952+0200] {logging_mixin.py:188} INFO - [2025-06-09T17:56:35.952+0200] {dag.py:3096} INFO - Sync 10 DAGs
[2025-06-09T17:56:35.966+0200] {logging_mixin.py:188} INFO - [2025-06-09T17:56:35.966+0200] {dag.py:3954} INFO - Setting next_dagrun for conditional_dataset_and_time_based_timetable to 2025-06-04 01:00:00+00:00, run_after=2025-06-04 01:00:00+00:00
[2025-06-09T17:56:35.968+0200] {logging_mixin.py:188} INFO - [2025-06-09T17:56:35.968+0200] {dag.py:3954} INFO - Setting next_dagrun for consume_1_and_2_with_dataset_expressions to None, run_after=None
[2025-06-09T17:56:35.969+0200] {logging_mixin.py:188} INFO - [2025-06-09T17:56:35.969+0200] {dag.py:3954} INFO - Setting next_dagrun for consume_1_or_2_with_dataset_expressions to None, run_after=None
[2025-06-09T17:56:35.969+0200] {logging_mixin.py:188} INFO - [2025-06-09T17:56:35.969+0200] {dag.py:3954} INFO - Setting next_dagrun for consume_1_or_both_2_and_3_with_dataset_expressions to None, run_after=None
[2025-06-09T17:56:35.970+0200] {logging_mixin.py:188} INFO - [2025-06-09T17:56:35.970+0200] {dag.py:3954} INFO - Setting next_dagrun for dataset_consumes_1 to None, run_after=None
[2025-06-09T17:56:35.970+0200] {logging_mixin.py:188} INFO - [2025-06-09T17:56:35.970+0200] {dag.py:3954} INFO - Setting next_dagrun for dataset_consumes_1_and_2 to None, run_after=None
[2025-06-09T17:56:35.971+0200] {logging_mixin.py:188} INFO - [2025-06-09T17:56:35.971+0200] {dag.py:3954} INFO - Setting next_dagrun for dataset_consumes_1_never_scheduled to None, run_after=None
[2025-06-09T17:56:35.971+0200] {logging_mixin.py:188} INFO - [2025-06-09T17:56:35.971+0200] {dag.py:3954} INFO - Setting next_dagrun for dataset_consumes_unknown_never_scheduled to None, run_after=None
[2025-06-09T17:56:35.972+0200] {logging_mixin.py:188} INFO - [2025-06-09T17:56:35.972+0200] {dag.py:3954} INFO - Setting next_dagrun for dataset_produces_1 to 2025-06-08 00:00:00+00:00, run_after=2025-06-09 00:00:00+00:00
[2025-06-09T17:56:35.973+0200] {logging_mixin.py:188} INFO - [2025-06-09T17:56:35.973+0200] {dag.py:3954} INFO - Setting next_dagrun for dataset_produces_2 to None, run_after=None
[2025-06-09T17:56:36.001+0200] {processor.py:183} INFO - Processing /home/ccd/airflow_venv/lib/python3.10/site-packages/airflow/example_dags/example_datasets.py took 0.088 seconds
[2025-06-09T17:57:35.583+0200] {processor.py:161} INFO - Started process (PID=122994) to work on /home/ccd/airflow_venv/lib/python3.10/site-packages/airflow/example_dags/example_datasets.py
[2025-06-09T17:57:35.595+0200] {processor.py:830} INFO - Processing file /home/ccd/airflow_venv/lib/python3.10/site-packages/airflow/example_dags/example_datasets.py for tasks to queue
[2025-06-09T17:57:35.597+0200] {logging_mixin.py:188} INFO - [2025-06-09T17:57:35.596+0200] {dagbag.py:540} INFO - Filling up the DagBag from /home/ccd/airflow_venv/lib/python3.10/site-packages/airflow/example_dags/example_datasets.py
[2025-06-09T17:57:35.605+0200] {processor.py:840} INFO - DAG(s) 'conditional_dataset_and_time_based_timetable', 'dataset_produces_1', 'dataset_consumes_1', 'consume_1_or_both_2_and_3_with_dataset_expressions', 'dataset_consumes_1_and_2', 'consume_1_and_2_with_dataset_expressions', 'dataset_produces_2', 'dataset_consumes_unknown_never_scheduled', 'dataset_consumes_1_never_scheduled', 'consume_1_or_2_with_dataset_expressions' retrieved from /home/ccd/airflow_venv/lib/python3.10/site-packages/airflow/example_dags/example_datasets.py
[2025-06-09T17:57:35.652+0200] {logging_mixin.py:188} INFO - [2025-06-09T17:57:35.652+0200] {dag.py:3096} INFO - Sync 10 DAGs
[2025-06-09T17:57:35.668+0200] {logging_mixin.py:188} INFO - [2025-06-09T17:57:35.668+0200] {dag.py:3954} INFO - Setting next_dagrun for conditional_dataset_and_time_based_timetable to 2025-06-04 01:00:00+00:00, run_after=2025-06-04 01:00:00+00:00
[2025-06-09T17:57:35.670+0200] {logging_mixin.py:188} INFO - [2025-06-09T17:57:35.670+0200] {dag.py:3954} INFO - Setting next_dagrun for consume_1_and_2_with_dataset_expressions to None, run_after=None
[2025-06-09T17:57:35.671+0200] {logging_mixin.py:188} INFO - [2025-06-09T17:57:35.670+0200] {dag.py:3954} INFO - Setting next_dagrun for consume_1_or_2_with_dataset_expressions to None, run_after=None
[2025-06-09T17:57:35.671+0200] {logging_mixin.py:188} INFO - [2025-06-09T17:57:35.671+0200] {dag.py:3954} INFO - Setting next_dagrun for consume_1_or_both_2_and_3_with_dataset_expressions to None, run_after=None
[2025-06-09T17:57:35.671+0200] {logging_mixin.py:188} INFO - [2025-06-09T17:57:35.671+0200] {dag.py:3954} INFO - Setting next_dagrun for dataset_consumes_1 to None, run_after=None
[2025-06-09T17:57:35.672+0200] {logging_mixin.py:188} INFO - [2025-06-09T17:57:35.672+0200] {dag.py:3954} INFO - Setting next_dagrun for dataset_consumes_1_and_2 to None, run_after=None
[2025-06-09T17:57:35.672+0200] {logging_mixin.py:188} INFO - [2025-06-09T17:57:35.672+0200] {dag.py:3954} INFO - Setting next_dagrun for dataset_consumes_1_never_scheduled to None, run_after=None
[2025-06-09T17:57:35.673+0200] {logging_mixin.py:188} INFO - [2025-06-09T17:57:35.673+0200] {dag.py:3954} INFO - Setting next_dagrun for dataset_consumes_unknown_never_scheduled to None, run_after=None
[2025-06-09T17:57:35.674+0200] {logging_mixin.py:188} INFO - [2025-06-09T17:57:35.674+0200] {dag.py:3954} INFO - Setting next_dagrun for dataset_produces_1 to 2025-06-08 00:00:00+00:00, run_after=2025-06-09 00:00:00+00:00
[2025-06-09T17:57:35.675+0200] {logging_mixin.py:188} INFO - [2025-06-09T17:57:35.675+0200] {dag.py:3954} INFO - Setting next_dagrun for dataset_produces_2 to None, run_after=None
[2025-06-09T17:57:35.751+0200] {processor.py:183} INFO - Processing /home/ccd/airflow_venv/lib/python3.10/site-packages/airflow/example_dags/example_datasets.py took 0.171 seconds
[2025-06-09T18:02:09.954+0200] {processor.py:161} INFO - Started process (PID=126907) to work on /home/ccd/airflow_venv/lib/python3.10/site-packages/airflow/example_dags/example_datasets.py
[2025-06-09T18:02:09.956+0200] {processor.py:830} INFO - Processing file /home/ccd/airflow_venv/lib/python3.10/site-packages/airflow/example_dags/example_datasets.py for tasks to queue
[2025-06-09T18:02:09.957+0200] {logging_mixin.py:188} INFO - [2025-06-09T18:02:09.957+0200] {dagbag.py:540} INFO - Filling up the DagBag from /home/ccd/airflow_venv/lib/python3.10/site-packages/airflow/example_dags/example_datasets.py
[2025-06-09T18:02:09.966+0200] {processor.py:840} INFO - DAG(s) 'consume_1_or_2_with_dataset_expressions', 'dataset_consumes_1_never_scheduled', 'dataset_consumes_1', 'dataset_consumes_unknown_never_scheduled', 'dataset_produces_1', 'consume_1_or_both_2_and_3_with_dataset_expressions', 'consume_1_and_2_with_dataset_expressions', 'dataset_consumes_1_and_2', 'dataset_produces_2', 'conditional_dataset_and_time_based_timetable' retrieved from /home/ccd/airflow_venv/lib/python3.10/site-packages/airflow/example_dags/example_datasets.py
[2025-06-09T18:02:10.113+0200] {logging_mixin.py:188} INFO - [2025-06-09T18:02:10.113+0200] {dag.py:3096} INFO - Sync 10 DAGs
[2025-06-09T18:02:10.123+0200] {logging_mixin.py:188} INFO - [2025-06-09T18:02:10.123+0200] {dag.py:3954} INFO - Setting next_dagrun for conditional_dataset_and_time_based_timetable to 2025-06-04 01:00:00+00:00, run_after=2025-06-04 01:00:00+00:00
[2025-06-09T18:02:10.125+0200] {logging_mixin.py:188} INFO - [2025-06-09T18:02:10.125+0200] {dag.py:3954} INFO - Setting next_dagrun for consume_1_and_2_with_dataset_expressions to None, run_after=None
[2025-06-09T18:02:10.125+0200] {logging_mixin.py:188} INFO - [2025-06-09T18:02:10.125+0200] {dag.py:3954} INFO - Setting next_dagrun for consume_1_or_2_with_dataset_expressions to None, run_after=None
[2025-06-09T18:02:10.126+0200] {logging_mixin.py:188} INFO - [2025-06-09T18:02:10.126+0200] {dag.py:3954} INFO - Setting next_dagrun for consume_1_or_both_2_and_3_with_dataset_expressions to None, run_after=None
[2025-06-09T18:02:10.127+0200] {logging_mixin.py:188} INFO - [2025-06-09T18:02:10.127+0200] {dag.py:3954} INFO - Setting next_dagrun for dataset_consumes_1 to None, run_after=None
[2025-06-09T18:02:10.127+0200] {logging_mixin.py:188} INFO - [2025-06-09T18:02:10.127+0200] {dag.py:3954} INFO - Setting next_dagrun for dataset_consumes_1_and_2 to None, run_after=None
[2025-06-09T18:02:10.128+0200] {logging_mixin.py:188} INFO - [2025-06-09T18:02:10.128+0200] {dag.py:3954} INFO - Setting next_dagrun for dataset_consumes_1_never_scheduled to None, run_after=None
[2025-06-09T18:02:10.128+0200] {logging_mixin.py:188} INFO - [2025-06-09T18:02:10.128+0200] {dag.py:3954} INFO - Setting next_dagrun for dataset_consumes_unknown_never_scheduled to None, run_after=None
[2025-06-09T18:02:10.129+0200] {logging_mixin.py:188} INFO - [2025-06-09T18:02:10.129+0200] {dag.py:3954} INFO - Setting next_dagrun for dataset_produces_1 to 2025-06-08 00:00:00+00:00, run_after=2025-06-09 00:00:00+00:00
[2025-06-09T18:02:10.130+0200] {logging_mixin.py:188} INFO - [2025-06-09T18:02:10.130+0200] {dag.py:3954} INFO - Setting next_dagrun for dataset_produces_2 to None, run_after=None
[2025-06-09T18:02:10.156+0200] {processor.py:183} INFO - Processing /home/ccd/airflow_venv/lib/python3.10/site-packages/airflow/example_dags/example_datasets.py took 0.205 seconds
