[2025-06-09T17:29:14.237+0200] {processor.py:161} INFO - Started process (PID=106143) to work on /home/ccd/airflow_venv/lib/python3.10/site-packages/airflow/example_dags/example_time_delta_sensor_async.py
[2025-06-09T17:29:14.237+0200] {processor.py:830} INFO - Processing file /home/ccd/airflow_venv/lib/python3.10/site-packages/airflow/example_dags/example_time_delta_sensor_async.py for tasks to queue
[2025-06-09T17:29:14.238+0200] {logging_mixin.py:188} INFO - [2025-06-09T17:29:14.238+0200] {dagbag.py:540} INFO - Filling up the DagBag from /home/ccd/airflow_venv/lib/python3.10/site-packages/airflow/example_dags/example_time_delta_sensor_async.py
[2025-06-09T17:29:14.243+0200] {processor.py:840} INFO - DAG(s) 'example_time_delta_sensor_async' retrieved from /home/ccd/airflow_venv/lib/python3.10/site-packages/airflow/example_dags/example_time_delta_sensor_async.py
[2025-06-09T17:29:14.248+0200] {logging_mixin.py:188} INFO - [2025-06-09T17:29:14.248+0200] {dag.py:3096} INFO - Sync 1 DAGs
[2025-06-09T17:29:14.256+0200] {logging_mixin.py:188} INFO - [2025-06-09T17:29:14.256+0200] {dag.py:3954} INFO - Setting next_dagrun for example_time_delta_sensor_async to None, run_after=None
[2025-06-09T17:29:14.277+0200] {processor.py:183} INFO - Processing /home/ccd/airflow_venv/lib/python3.10/site-packages/airflow/example_dags/example_time_delta_sensor_async.py took 0.044 seconds
[2025-06-09T17:30:40.567+0200] {processor.py:161} INFO - Started process (PID=106820) to work on /home/ccd/airflow_venv/lib/python3.10/site-packages/airflow/example_dags/example_time_delta_sensor_async.py
[2025-06-09T17:30:40.569+0200] {processor.py:830} INFO - Processing file /home/ccd/airflow_venv/lib/python3.10/site-packages/airflow/example_dags/example_time_delta_sensor_async.py for tasks to queue
[2025-06-09T17:30:40.572+0200] {logging_mixin.py:188} INFO - [2025-06-09T17:30:40.571+0200] {dagbag.py:540} INFO - Filling up the DagBag from /home/ccd/airflow_venv/lib/python3.10/site-packages/airflow/example_dags/example_time_delta_sensor_async.py
[2025-06-09T17:30:40.578+0200] {processor.py:840} INFO - DAG(s) 'example_time_delta_sensor_async' retrieved from /home/ccd/airflow_venv/lib/python3.10/site-packages/airflow/example_dags/example_time_delta_sensor_async.py
[2025-06-09T17:30:40.651+0200] {logging_mixin.py:188} INFO - [2025-06-09T17:30:40.651+0200] {dag.py:3096} INFO - Sync 1 DAGs
[2025-06-09T17:30:40.660+0200] {logging_mixin.py:188} INFO - [2025-06-09T17:30:40.660+0200] {dag.py:3954} INFO - Setting next_dagrun for example_time_delta_sensor_async to None, run_after=None
[2025-06-09T17:30:40.698+0200] {processor.py:183} INFO - Processing /home/ccd/airflow_venv/lib/python3.10/site-packages/airflow/example_dags/example_time_delta_sensor_async.py took 0.136 seconds
[2025-06-09T17:31:43.703+0200] {processor.py:161} INFO - Started process (PID=107210) to work on /home/ccd/airflow_venv/lib/python3.10/site-packages/airflow/example_dags/example_time_delta_sensor_async.py
[2025-06-09T17:31:43.714+0200] {processor.py:830} INFO - Processing file /home/ccd/airflow_venv/lib/python3.10/site-packages/airflow/example_dags/example_time_delta_sensor_async.py for tasks to queue
[2025-06-09T17:31:43.715+0200] {logging_mixin.py:188} INFO - [2025-06-09T17:31:43.715+0200] {dagbag.py:540} INFO - Filling up the DagBag from /home/ccd/airflow_venv/lib/python3.10/site-packages/airflow/example_dags/example_time_delta_sensor_async.py
[2025-06-09T17:31:43.718+0200] {processor.py:840} INFO - DAG(s) 'example_time_delta_sensor_async' retrieved from /home/ccd/airflow_venv/lib/python3.10/site-packages/airflow/example_dags/example_time_delta_sensor_async.py
[2025-06-09T17:31:43.728+0200] {logging_mixin.py:188} INFO - [2025-06-09T17:31:43.728+0200] {dag.py:3096} INFO - Sync 1 DAGs
[2025-06-09T17:31:43.735+0200] {logging_mixin.py:188} INFO - [2025-06-09T17:31:43.735+0200] {dag.py:3954} INFO - Setting next_dagrun for example_time_delta_sensor_async to None, run_after=None
[2025-06-09T17:31:43.757+0200] {processor.py:183} INFO - Processing /home/ccd/airflow_venv/lib/python3.10/site-packages/airflow/example_dags/example_time_delta_sensor_async.py took 0.058 seconds
[2025-06-09T17:32:38.045+0200] {processor.py:161} INFO - Started process (PID=107547) to work on /home/ccd/airflow_venv/lib/python3.10/site-packages/airflow/example_dags/example_time_delta_sensor_async.py
[2025-06-09T17:32:38.057+0200] {processor.py:830} INFO - Processing file /home/ccd/airflow_venv/lib/python3.10/site-packages/airflow/example_dags/example_time_delta_sensor_async.py for tasks to queue
[2025-06-09T17:32:38.058+0200] {logging_mixin.py:188} INFO - [2025-06-09T17:32:38.058+0200] {dagbag.py:540} INFO - Filling up the DagBag from /home/ccd/airflow_venv/lib/python3.10/site-packages/airflow/example_dags/example_time_delta_sensor_async.py
[2025-06-09T17:32:38.062+0200] {processor.py:840} INFO - DAG(s) 'example_time_delta_sensor_async' retrieved from /home/ccd/airflow_venv/lib/python3.10/site-packages/airflow/example_dags/example_time_delta_sensor_async.py
[2025-06-09T17:32:38.071+0200] {logging_mixin.py:188} INFO - [2025-06-09T17:32:38.071+0200] {dag.py:3096} INFO - Sync 1 DAGs
[2025-06-09T17:32:38.079+0200] {logging_mixin.py:188} INFO - [2025-06-09T17:32:38.079+0200] {dag.py:3954} INFO - Setting next_dagrun for example_time_delta_sensor_async to None, run_after=None
[2025-06-09T17:32:38.103+0200] {processor.py:183} INFO - Processing /home/ccd/airflow_venv/lib/python3.10/site-packages/airflow/example_dags/example_time_delta_sensor_async.py took 0.062 seconds
[2025-06-09T17:33:32.081+0200] {processor.py:161} INFO - Started process (PID=107837) to work on /home/ccd/airflow_venv/lib/python3.10/site-packages/airflow/example_dags/example_time_delta_sensor_async.py
[2025-06-09T17:33:32.092+0200] {processor.py:830} INFO - Processing file /home/ccd/airflow_venv/lib/python3.10/site-packages/airflow/example_dags/example_time_delta_sensor_async.py for tasks to queue
[2025-06-09T17:33:32.093+0200] {logging_mixin.py:188} INFO - [2025-06-09T17:33:32.093+0200] {dagbag.py:540} INFO - Filling up the DagBag from /home/ccd/airflow_venv/lib/python3.10/site-packages/airflow/example_dags/example_time_delta_sensor_async.py
[2025-06-09T17:33:32.097+0200] {processor.py:840} INFO - DAG(s) 'example_time_delta_sensor_async' retrieved from /home/ccd/airflow_venv/lib/python3.10/site-packages/airflow/example_dags/example_time_delta_sensor_async.py
[2025-06-09T17:33:32.107+0200] {logging_mixin.py:188} INFO - [2025-06-09T17:33:32.106+0200] {dag.py:3096} INFO - Sync 1 DAGs
[2025-06-09T17:33:32.114+0200] {logging_mixin.py:188} INFO - [2025-06-09T17:33:32.114+0200] {dag.py:3954} INFO - Setting next_dagrun for example_time_delta_sensor_async to None, run_after=None
[2025-06-09T17:33:32.136+0200] {processor.py:183} INFO - Processing /home/ccd/airflow_venv/lib/python3.10/site-packages/airflow/example_dags/example_time_delta_sensor_async.py took 0.059 seconds
[2025-06-09T17:34:27.047+0200] {processor.py:161} INFO - Started process (PID=108150) to work on /home/ccd/airflow_venv/lib/python3.10/site-packages/airflow/example_dags/example_time_delta_sensor_async.py
[2025-06-09T17:34:27.057+0200] {processor.py:830} INFO - Processing file /home/ccd/airflow_venv/lib/python3.10/site-packages/airflow/example_dags/example_time_delta_sensor_async.py for tasks to queue
[2025-06-09T17:34:27.059+0200] {logging_mixin.py:188} INFO - [2025-06-09T17:34:27.058+0200] {dagbag.py:540} INFO - Filling up the DagBag from /home/ccd/airflow_venv/lib/python3.10/site-packages/airflow/example_dags/example_time_delta_sensor_async.py
[2025-06-09T17:34:27.063+0200] {processor.py:840} INFO - DAG(s) 'example_time_delta_sensor_async' retrieved from /home/ccd/airflow_venv/lib/python3.10/site-packages/airflow/example_dags/example_time_delta_sensor_async.py
[2025-06-09T17:34:27.073+0200] {logging_mixin.py:188} INFO - [2025-06-09T17:34:27.073+0200] {dag.py:3096} INFO - Sync 1 DAGs
[2025-06-09T17:34:27.080+0200] {logging_mixin.py:188} INFO - [2025-06-09T17:34:27.080+0200] {dag.py:3954} INFO - Setting next_dagrun for example_time_delta_sensor_async to None, run_after=None
[2025-06-09T17:34:27.100+0200] {processor.py:183} INFO - Processing /home/ccd/airflow_venv/lib/python3.10/site-packages/airflow/example_dags/example_time_delta_sensor_async.py took 0.057 seconds
[2025-06-09T17:35:20.784+0200] {processor.py:161} INFO - Started process (PID=108439) to work on /home/ccd/airflow_venv/lib/python3.10/site-packages/airflow/example_dags/example_time_delta_sensor_async.py
[2025-06-09T17:35:20.795+0200] {processor.py:830} INFO - Processing file /home/ccd/airflow_venv/lib/python3.10/site-packages/airflow/example_dags/example_time_delta_sensor_async.py for tasks to queue
[2025-06-09T17:35:20.797+0200] {logging_mixin.py:188} INFO - [2025-06-09T17:35:20.796+0200] {dagbag.py:540} INFO - Filling up the DagBag from /home/ccd/airflow_venv/lib/python3.10/site-packages/airflow/example_dags/example_time_delta_sensor_async.py
[2025-06-09T17:35:20.800+0200] {processor.py:840} INFO - DAG(s) 'example_time_delta_sensor_async' retrieved from /home/ccd/airflow_venv/lib/python3.10/site-packages/airflow/example_dags/example_time_delta_sensor_async.py
[2025-06-09T17:35:20.815+0200] {logging_mixin.py:188} INFO - [2025-06-09T17:35:20.815+0200] {dag.py:3096} INFO - Sync 1 DAGs
[2025-06-09T17:35:20.822+0200] {logging_mixin.py:188} INFO - [2025-06-09T17:35:20.822+0200] {dag.py:3954} INFO - Setting next_dagrun for example_time_delta_sensor_async to None, run_after=None
[2025-06-09T17:35:20.842+0200] {processor.py:183} INFO - Processing /home/ccd/airflow_venv/lib/python3.10/site-packages/airflow/example_dags/example_time_delta_sensor_async.py took 0.061 seconds
[2025-06-09T17:36:18.485+0200] {processor.py:161} INFO - Started process (PID=108812) to work on /home/ccd/airflow_venv/lib/python3.10/site-packages/airflow/example_dags/example_time_delta_sensor_async.py
[2025-06-09T17:36:18.497+0200] {processor.py:830} INFO - Processing file /home/ccd/airflow_venv/lib/python3.10/site-packages/airflow/example_dags/example_time_delta_sensor_async.py for tasks to queue
[2025-06-09T17:36:18.498+0200] {logging_mixin.py:188} INFO - [2025-06-09T17:36:18.498+0200] {dagbag.py:540} INFO - Filling up the DagBag from /home/ccd/airflow_venv/lib/python3.10/site-packages/airflow/example_dags/example_time_delta_sensor_async.py
[2025-06-09T17:36:18.502+0200] {processor.py:840} INFO - DAG(s) 'example_time_delta_sensor_async' retrieved from /home/ccd/airflow_venv/lib/python3.10/site-packages/airflow/example_dags/example_time_delta_sensor_async.py
[2025-06-09T17:36:18.514+0200] {logging_mixin.py:188} INFO - [2025-06-09T17:36:18.513+0200] {dag.py:3096} INFO - Sync 1 DAGs
[2025-06-09T17:36:18.521+0200] {logging_mixin.py:188} INFO - [2025-06-09T17:36:18.521+0200] {dag.py:3954} INFO - Setting next_dagrun for example_time_delta_sensor_async to None, run_after=None
[2025-06-09T17:36:18.544+0200] {processor.py:183} INFO - Processing /home/ccd/airflow_venv/lib/python3.10/site-packages/airflow/example_dags/example_time_delta_sensor_async.py took 0.063 seconds
[2025-06-09T17:37:15.688+0200] {processor.py:161} INFO - Started process (PID=109173) to work on /home/ccd/airflow_venv/lib/python3.10/site-packages/airflow/example_dags/example_time_delta_sensor_async.py
[2025-06-09T17:37:15.690+0200] {processor.py:830} INFO - Processing file /home/ccd/airflow_venv/lib/python3.10/site-packages/airflow/example_dags/example_time_delta_sensor_async.py for tasks to queue
[2025-06-09T17:37:15.693+0200] {logging_mixin.py:188} INFO - [2025-06-09T17:37:15.692+0200] {dagbag.py:540} INFO - Filling up the DagBag from /home/ccd/airflow_venv/lib/python3.10/site-packages/airflow/example_dags/example_time_delta_sensor_async.py
[2025-06-09T17:37:15.701+0200] {processor.py:840} INFO - DAG(s) 'example_time_delta_sensor_async' retrieved from /home/ccd/airflow_venv/lib/python3.10/site-packages/airflow/example_dags/example_time_delta_sensor_async.py
[2025-06-09T17:37:15.732+0200] {logging_mixin.py:188} INFO - [2025-06-09T17:37:15.731+0200] {dag.py:3096} INFO - Sync 1 DAGs
[2025-06-09T17:37:15.753+0200] {logging_mixin.py:188} INFO - [2025-06-09T17:37:15.752+0200] {dag.py:3954} INFO - Setting next_dagrun for example_time_delta_sensor_async to None, run_after=None
[2025-06-09T17:37:15.817+0200] {processor.py:183} INFO - Processing /home/ccd/airflow_venv/lib/python3.10/site-packages/airflow/example_dags/example_time_delta_sensor_async.py took 0.138 seconds
[2025-06-09T17:38:47.294+0200] {processor.py:161} INFO - Started process (PID=110070) to work on /home/ccd/airflow_venv/lib/python3.10/site-packages/airflow/example_dags/example_time_delta_sensor_async.py
[2025-06-09T17:38:47.306+0200] {processor.py:830} INFO - Processing file /home/ccd/airflow_venv/lib/python3.10/site-packages/airflow/example_dags/example_time_delta_sensor_async.py for tasks to queue
[2025-06-09T17:38:47.307+0200] {logging_mixin.py:188} INFO - [2025-06-09T17:38:47.307+0200] {dagbag.py:540} INFO - Filling up the DagBag from /home/ccd/airflow_venv/lib/python3.10/site-packages/airflow/example_dags/example_time_delta_sensor_async.py
[2025-06-09T17:38:47.311+0200] {processor.py:840} INFO - DAG(s) 'example_time_delta_sensor_async' retrieved from /home/ccd/airflow_venv/lib/python3.10/site-packages/airflow/example_dags/example_time_delta_sensor_async.py
[2025-06-09T17:38:47.320+0200] {logging_mixin.py:188} INFO - [2025-06-09T17:38:47.320+0200] {dag.py:3096} INFO - Sync 1 DAGs
[2025-06-09T17:38:47.328+0200] {logging_mixin.py:188} INFO - [2025-06-09T17:38:47.328+0200] {dag.py:3954} INFO - Setting next_dagrun for example_time_delta_sensor_async to None, run_after=None
[2025-06-09T17:38:47.352+0200] {processor.py:183} INFO - Processing /home/ccd/airflow_venv/lib/python3.10/site-packages/airflow/example_dags/example_time_delta_sensor_async.py took 0.062 seconds
[2025-06-09T17:39:58.881+0200] {processor.py:161} INFO - Started process (PID=110722) to work on /home/ccd/airflow_venv/lib/python3.10/site-packages/airflow/example_dags/example_time_delta_sensor_async.py
[2025-06-09T17:39:58.884+0200] {processor.py:830} INFO - Processing file /home/ccd/airflow_venv/lib/python3.10/site-packages/airflow/example_dags/example_time_delta_sensor_async.py for tasks to queue
[2025-06-09T17:39:58.896+0200] {logging_mixin.py:188} INFO - [2025-06-09T17:39:58.895+0200] {dagbag.py:540} INFO - Filling up the DagBag from /home/ccd/airflow_venv/lib/python3.10/site-packages/airflow/example_dags/example_time_delta_sensor_async.py
[2025-06-09T17:39:58.926+0200] {processor.py:840} INFO - DAG(s) 'example_time_delta_sensor_async' retrieved from /home/ccd/airflow_venv/lib/python3.10/site-packages/airflow/example_dags/example_time_delta_sensor_async.py
[2025-06-09T17:39:59.033+0200] {logging_mixin.py:188} INFO - [2025-06-09T17:39:59.023+0200] {dag.py:3096} INFO - Sync 1 DAGs
[2025-06-09T17:39:59.111+0200] {logging_mixin.py:188} INFO - [2025-06-09T17:39:59.111+0200] {dag.py:3954} INFO - Setting next_dagrun for example_time_delta_sensor_async to None, run_after=None
[2025-06-09T17:39:59.577+0200] {processor.py:183} INFO - Processing /home/ccd/airflow_venv/lib/python3.10/site-packages/airflow/example_dags/example_time_delta_sensor_async.py took 0.731 seconds
[2025-06-09T17:40:43.847+0200] {processor.py:161} INFO - Started process (PID=111070) to work on /home/ccd/airflow_venv/lib/python3.10/site-packages/airflow/example_dags/example_time_delta_sensor_async.py
[2025-06-09T17:40:43.850+0200] {processor.py:830} INFO - Processing file /home/ccd/airflow_venv/lib/python3.10/site-packages/airflow/example_dags/example_time_delta_sensor_async.py for tasks to queue
[2025-06-09T17:40:43.851+0200] {logging_mixin.py:188} INFO - [2025-06-09T17:40:43.851+0200] {dagbag.py:540} INFO - Filling up the DagBag from /home/ccd/airflow_venv/lib/python3.10/site-packages/airflow/example_dags/example_time_delta_sensor_async.py
[2025-06-09T17:40:43.856+0200] {processor.py:840} INFO - DAG(s) 'example_time_delta_sensor_async' retrieved from /home/ccd/airflow_venv/lib/python3.10/site-packages/airflow/example_dags/example_time_delta_sensor_async.py
[2025-06-09T17:40:43.866+0200] {logging_mixin.py:188} INFO - [2025-06-09T17:40:43.866+0200] {dag.py:3096} INFO - Sync 1 DAGs
[2025-06-09T17:40:43.873+0200] {logging_mixin.py:188} INFO - [2025-06-09T17:40:43.873+0200] {dag.py:3954} INFO - Setting next_dagrun for example_time_delta_sensor_async to None, run_after=None
[2025-06-09T17:40:43.896+0200] {processor.py:183} INFO - Processing /home/ccd/airflow_venv/lib/python3.10/site-packages/airflow/example_dags/example_time_delta_sensor_async.py took 0.052 seconds
[2025-06-09T17:41:55.515+0200] {processor.py:161} INFO - Started process (PID=111517) to work on /home/ccd/airflow_venv/lib/python3.10/site-packages/airflow/example_dags/example_time_delta_sensor_async.py
[2025-06-09T17:41:55.516+0200] {processor.py:830} INFO - Processing file /home/ccd/airflow_venv/lib/python3.10/site-packages/airflow/example_dags/example_time_delta_sensor_async.py for tasks to queue
[2025-06-09T17:41:55.517+0200] {logging_mixin.py:188} INFO - [2025-06-09T17:41:55.517+0200] {dagbag.py:540} INFO - Filling up the DagBag from /home/ccd/airflow_venv/lib/python3.10/site-packages/airflow/example_dags/example_time_delta_sensor_async.py
[2025-06-09T17:41:55.521+0200] {processor.py:840} INFO - DAG(s) 'example_time_delta_sensor_async' retrieved from /home/ccd/airflow_venv/lib/python3.10/site-packages/airflow/example_dags/example_time_delta_sensor_async.py
[2025-06-09T17:41:55.531+0200] {logging_mixin.py:188} INFO - [2025-06-09T17:41:55.531+0200] {dag.py:3096} INFO - Sync 1 DAGs
[2025-06-09T17:41:55.539+0200] {logging_mixin.py:188} INFO - [2025-06-09T17:41:55.539+0200] {dag.py:3954} INFO - Setting next_dagrun for example_time_delta_sensor_async to None, run_after=None
[2025-06-09T17:41:55.561+0200] {processor.py:183} INFO - Processing /home/ccd/airflow_venv/lib/python3.10/site-packages/airflow/example_dags/example_time_delta_sensor_async.py took 0.051 seconds
[2025-06-09T17:42:57.595+0200] {processor.py:161} INFO - Started process (PID=111909) to work on /home/ccd/airflow_venv/lib/python3.10/site-packages/airflow/example_dags/example_time_delta_sensor_async.py
[2025-06-09T17:42:57.606+0200] {processor.py:830} INFO - Processing file /home/ccd/airflow_venv/lib/python3.10/site-packages/airflow/example_dags/example_time_delta_sensor_async.py for tasks to queue
[2025-06-09T17:42:57.607+0200] {logging_mixin.py:188} INFO - [2025-06-09T17:42:57.606+0200] {dagbag.py:540} INFO - Filling up the DagBag from /home/ccd/airflow_venv/lib/python3.10/site-packages/airflow/example_dags/example_time_delta_sensor_async.py
[2025-06-09T17:42:57.610+0200] {processor.py:840} INFO - DAG(s) 'example_time_delta_sensor_async' retrieved from /home/ccd/airflow_venv/lib/python3.10/site-packages/airflow/example_dags/example_time_delta_sensor_async.py
[2025-06-09T17:42:57.621+0200] {logging_mixin.py:188} INFO - [2025-06-09T17:42:57.620+0200] {dag.py:3096} INFO - Sync 1 DAGs
[2025-06-09T17:42:57.628+0200] {logging_mixin.py:188} INFO - [2025-06-09T17:42:57.627+0200] {dag.py:3954} INFO - Setting next_dagrun for example_time_delta_sensor_async to None, run_after=None
[2025-06-09T17:42:57.648+0200] {processor.py:183} INFO - Processing /home/ccd/airflow_venv/lib/python3.10/site-packages/airflow/example_dags/example_time_delta_sensor_async.py took 0.057 seconds
[2025-06-09T17:43:27.366+0200] {processor.py:161} INFO - Started process (PID=112297) to work on /home/ccd/airflow_venv/lib/python3.10/site-packages/airflow/example_dags/example_time_delta_sensor_async.py
[2025-06-09T17:43:27.367+0200] {processor.py:830} INFO - Processing file /home/ccd/airflow_venv/lib/python3.10/site-packages/airflow/example_dags/example_time_delta_sensor_async.py for tasks to queue
[2025-06-09T17:43:27.369+0200] {logging_mixin.py:188} INFO - [2025-06-09T17:43:27.368+0200] {dagbag.py:540} INFO - Filling up the DagBag from /home/ccd/airflow_venv/lib/python3.10/site-packages/airflow/example_dags/example_time_delta_sensor_async.py
[2025-06-09T17:43:27.376+0200] {processor.py:840} INFO - DAG(s) 'example_time_delta_sensor_async' retrieved from /home/ccd/airflow_venv/lib/python3.10/site-packages/airflow/example_dags/example_time_delta_sensor_async.py
[2025-06-09T17:43:27.383+0200] {logging_mixin.py:188} INFO - [2025-06-09T17:43:27.383+0200] {dag.py:3096} INFO - Sync 1 DAGs
[2025-06-09T17:43:27.394+0200] {logging_mixin.py:188} INFO - [2025-06-09T17:43:27.394+0200] {dag.py:3954} INFO - Setting next_dagrun for example_time_delta_sensor_async to None, run_after=None
[2025-06-09T17:43:27.420+0200] {processor.py:183} INFO - Processing /home/ccd/airflow_venv/lib/python3.10/site-packages/airflow/example_dags/example_time_delta_sensor_async.py took 0.059 seconds
[2025-06-09T17:44:33.463+0200] {processor.py:161} INFO - Started process (PID=112666) to work on /home/ccd/airflow_venv/lib/python3.10/site-packages/airflow/example_dags/example_time_delta_sensor_async.py
[2025-06-09T17:44:33.474+0200] {processor.py:830} INFO - Processing file /home/ccd/airflow_venv/lib/python3.10/site-packages/airflow/example_dags/example_time_delta_sensor_async.py for tasks to queue
[2025-06-09T17:44:33.477+0200] {logging_mixin.py:188} INFO - [2025-06-09T17:44:33.476+0200] {dagbag.py:540} INFO - Filling up the DagBag from /home/ccd/airflow_venv/lib/python3.10/site-packages/airflow/example_dags/example_time_delta_sensor_async.py
[2025-06-09T17:44:33.481+0200] {processor.py:840} INFO - DAG(s) 'example_time_delta_sensor_async' retrieved from /home/ccd/airflow_venv/lib/python3.10/site-packages/airflow/example_dags/example_time_delta_sensor_async.py
[2025-06-09T17:44:33.588+0200] {logging_mixin.py:188} INFO - [2025-06-09T17:44:33.588+0200] {dag.py:3096} INFO - Sync 1 DAGs
[2025-06-09T17:44:33.597+0200] {logging_mixin.py:188} INFO - [2025-06-09T17:44:33.597+0200] {dag.py:3954} INFO - Setting next_dagrun for example_time_delta_sensor_async to None, run_after=None
[2025-06-09T17:44:33.637+0200] {processor.py:183} INFO - Processing /home/ccd/airflow_venv/lib/python3.10/site-packages/airflow/example_dags/example_time_delta_sensor_async.py took 0.179 seconds
[2025-06-09T17:45:45.047+0200] {processor.py:161} INFO - Started process (PID=113216) to work on /home/ccd/airflow_venv/lib/python3.10/site-packages/airflow/example_dags/example_time_delta_sensor_async.py
[2025-06-09T17:45:45.049+0200] {processor.py:830} INFO - Processing file /home/ccd/airflow_venv/lib/python3.10/site-packages/airflow/example_dags/example_time_delta_sensor_async.py for tasks to queue
[2025-06-09T17:45:45.050+0200] {logging_mixin.py:188} INFO - [2025-06-09T17:45:45.050+0200] {dagbag.py:540} INFO - Filling up the DagBag from /home/ccd/airflow_venv/lib/python3.10/site-packages/airflow/example_dags/example_time_delta_sensor_async.py
[2025-06-09T17:45:45.055+0200] {processor.py:840} INFO - DAG(s) 'example_time_delta_sensor_async' retrieved from /home/ccd/airflow_venv/lib/python3.10/site-packages/airflow/example_dags/example_time_delta_sensor_async.py
[2025-06-09T17:45:45.066+0200] {logging_mixin.py:188} INFO - [2025-06-09T17:45:45.065+0200] {dag.py:3096} INFO - Sync 1 DAGs
[2025-06-09T17:45:45.074+0200] {logging_mixin.py:188} INFO - [2025-06-09T17:45:45.073+0200] {dag.py:3954} INFO - Setting next_dagrun for example_time_delta_sensor_async to None, run_after=None
[2025-06-09T17:45:45.099+0200] {processor.py:183} INFO - Processing /home/ccd/airflow_venv/lib/python3.10/site-packages/airflow/example_dags/example_time_delta_sensor_async.py took 0.057 seconds
[2025-06-09T17:46:48.731+0200] {processor.py:161} INFO - Started process (PID=113624) to work on /home/ccd/airflow_venv/lib/python3.10/site-packages/airflow/example_dags/example_time_delta_sensor_async.py
[2025-06-09T17:46:48.742+0200] {processor.py:830} INFO - Processing file /home/ccd/airflow_venv/lib/python3.10/site-packages/airflow/example_dags/example_time_delta_sensor_async.py for tasks to queue
[2025-06-09T17:46:48.744+0200] {logging_mixin.py:188} INFO - [2025-06-09T17:46:48.743+0200] {dagbag.py:540} INFO - Filling up the DagBag from /home/ccd/airflow_venv/lib/python3.10/site-packages/airflow/example_dags/example_time_delta_sensor_async.py
[2025-06-09T17:46:48.747+0200] {processor.py:840} INFO - DAG(s) 'example_time_delta_sensor_async' retrieved from /home/ccd/airflow_venv/lib/python3.10/site-packages/airflow/example_dags/example_time_delta_sensor_async.py
[2025-06-09T17:46:48.761+0200] {logging_mixin.py:188} INFO - [2025-06-09T17:46:48.760+0200] {dag.py:3096} INFO - Sync 1 DAGs
[2025-06-09T17:46:48.769+0200] {logging_mixin.py:188} INFO - [2025-06-09T17:46:48.769+0200] {dag.py:3954} INFO - Setting next_dagrun for example_time_delta_sensor_async to None, run_after=None
[2025-06-09T17:46:48.796+0200] {processor.py:183} INFO - Processing /home/ccd/airflow_venv/lib/python3.10/site-packages/airflow/example_dags/example_time_delta_sensor_async.py took 0.069 seconds
[2025-06-09T17:48:31.287+0200] {processor.py:161} INFO - Started process (PID=114419) to work on /home/ccd/airflow_venv/lib/python3.10/site-packages/airflow/example_dags/example_time_delta_sensor_async.py
[2025-06-09T17:48:31.289+0200] {processor.py:830} INFO - Processing file /home/ccd/airflow_venv/lib/python3.10/site-packages/airflow/example_dags/example_time_delta_sensor_async.py for tasks to queue
[2025-06-09T17:48:31.291+0200] {logging_mixin.py:188} INFO - [2025-06-09T17:48:31.290+0200] {dagbag.py:540} INFO - Filling up the DagBag from /home/ccd/airflow_venv/lib/python3.10/site-packages/airflow/example_dags/example_time_delta_sensor_async.py
[2025-06-09T17:48:31.296+0200] {processor.py:840} INFO - DAG(s) 'example_time_delta_sensor_async' retrieved from /home/ccd/airflow_venv/lib/python3.10/site-packages/airflow/example_dags/example_time_delta_sensor_async.py
[2025-06-09T17:48:31.309+0200] {logging_mixin.py:188} INFO - [2025-06-09T17:48:31.308+0200] {dag.py:3096} INFO - Sync 1 DAGs
[2025-06-09T17:48:31.318+0200] {logging_mixin.py:188} INFO - [2025-06-09T17:48:31.318+0200] {dag.py:3954} INFO - Setting next_dagrun for example_time_delta_sensor_async to None, run_after=None
[2025-06-09T17:48:31.345+0200] {processor.py:183} INFO - Processing /home/ccd/airflow_venv/lib/python3.10/site-packages/airflow/example_dags/example_time_delta_sensor_async.py took 0.063 seconds
[2025-06-09T17:50:31.393+0200] {processor.py:161} INFO - Started process (PID=117850) to work on /home/ccd/airflow_venv/lib/python3.10/site-packages/airflow/example_dags/example_time_delta_sensor_async.py
[2025-06-09T17:50:31.395+0200] {processor.py:830} INFO - Processing file /home/ccd/airflow_venv/lib/python3.10/site-packages/airflow/example_dags/example_time_delta_sensor_async.py for tasks to queue
[2025-06-09T17:50:31.396+0200] {logging_mixin.py:188} INFO - [2025-06-09T17:50:31.395+0200] {dagbag.py:540} INFO - Filling up the DagBag from /home/ccd/airflow_venv/lib/python3.10/site-packages/airflow/example_dags/example_time_delta_sensor_async.py
[2025-06-09T17:50:31.400+0200] {processor.py:840} INFO - DAG(s) 'example_time_delta_sensor_async' retrieved from /home/ccd/airflow_venv/lib/python3.10/site-packages/airflow/example_dags/example_time_delta_sensor_async.py
[2025-06-09T17:50:31.410+0200] {logging_mixin.py:188} INFO - [2025-06-09T17:50:31.410+0200] {dag.py:3096} INFO - Sync 1 DAGs
[2025-06-09T17:50:31.419+0200] {logging_mixin.py:188} INFO - [2025-06-09T17:50:31.419+0200] {dag.py:3954} INFO - Setting next_dagrun for example_time_delta_sensor_async to None, run_after=None
[2025-06-09T17:50:31.440+0200] {processor.py:183} INFO - Processing /home/ccd/airflow_venv/lib/python3.10/site-packages/airflow/example_dags/example_time_delta_sensor_async.py took 0.052 seconds
[2025-06-09T17:51:21.232+0200] {processor.py:161} INFO - Started process (PID=118359) to work on /home/ccd/airflow_venv/lib/python3.10/site-packages/airflow/example_dags/example_time_delta_sensor_async.py
[2025-06-09T17:51:21.233+0200] {processor.py:830} INFO - Processing file /home/ccd/airflow_venv/lib/python3.10/site-packages/airflow/example_dags/example_time_delta_sensor_async.py for tasks to queue
[2025-06-09T17:51:21.234+0200] {logging_mixin.py:188} INFO - [2025-06-09T17:51:21.233+0200] {dagbag.py:540} INFO - Filling up the DagBag from /home/ccd/airflow_venv/lib/python3.10/site-packages/airflow/example_dags/example_time_delta_sensor_async.py
[2025-06-09T17:51:21.237+0200] {processor.py:840} INFO - DAG(s) 'example_time_delta_sensor_async' retrieved from /home/ccd/airflow_venv/lib/python3.10/site-packages/airflow/example_dags/example_time_delta_sensor_async.py
[2025-06-09T17:51:21.248+0200] {logging_mixin.py:188} INFO - [2025-06-09T17:51:21.248+0200] {dag.py:3096} INFO - Sync 1 DAGs
[2025-06-09T17:51:21.256+0200] {logging_mixin.py:188} INFO - [2025-06-09T17:51:21.256+0200] {dag.py:3954} INFO - Setting next_dagrun for example_time_delta_sensor_async to None, run_after=None
[2025-06-09T17:51:21.282+0200] {processor.py:183} INFO - Processing /home/ccd/airflow_venv/lib/python3.10/site-packages/airflow/example_dags/example_time_delta_sensor_async.py took 0.055 seconds
[2025-06-09T17:52:17.294+0200] {processor.py:161} INFO - Started process (PID=118673) to work on /home/ccd/airflow_venv/lib/python3.10/site-packages/airflow/example_dags/example_time_delta_sensor_async.py
[2025-06-09T17:52:17.304+0200] {processor.py:830} INFO - Processing file /home/ccd/airflow_venv/lib/python3.10/site-packages/airflow/example_dags/example_time_delta_sensor_async.py for tasks to queue
[2025-06-09T17:52:17.305+0200] {logging_mixin.py:188} INFO - [2025-06-09T17:52:17.305+0200] {dagbag.py:540} INFO - Filling up the DagBag from /home/ccd/airflow_venv/lib/python3.10/site-packages/airflow/example_dags/example_time_delta_sensor_async.py
[2025-06-09T17:52:17.309+0200] {processor.py:840} INFO - DAG(s) 'example_time_delta_sensor_async' retrieved from /home/ccd/airflow_venv/lib/python3.10/site-packages/airflow/example_dags/example_time_delta_sensor_async.py
[2025-06-09T17:52:17.319+0200] {logging_mixin.py:188} INFO - [2025-06-09T17:52:17.319+0200] {dag.py:3096} INFO - Sync 1 DAGs
[2025-06-09T17:52:17.326+0200] {logging_mixin.py:188} INFO - [2025-06-09T17:52:17.326+0200] {dag.py:3954} INFO - Setting next_dagrun for example_time_delta_sensor_async to None, run_after=None
[2025-06-09T17:52:17.347+0200] {processor.py:183} INFO - Processing /home/ccd/airflow_venv/lib/python3.10/site-packages/airflow/example_dags/example_time_delta_sensor_async.py took 0.057 seconds
[2025-06-09T17:55:55.675+0200] {processor.py:161} INFO - Started process (PID=122321) to work on /home/ccd/airflow_venv/lib/python3.10/site-packages/airflow/example_dags/example_time_delta_sensor_async.py
[2025-06-09T17:55:55.677+0200] {processor.py:830} INFO - Processing file /home/ccd/airflow_venv/lib/python3.10/site-packages/airflow/example_dags/example_time_delta_sensor_async.py for tasks to queue
[2025-06-09T17:55:55.678+0200] {logging_mixin.py:188} INFO - [2025-06-09T17:55:55.678+0200] {dagbag.py:540} INFO - Filling up the DagBag from /home/ccd/airflow_venv/lib/python3.10/site-packages/airflow/example_dags/example_time_delta_sensor_async.py
[2025-06-09T17:55:55.684+0200] {processor.py:840} INFO - DAG(s) 'example_time_delta_sensor_async' retrieved from /home/ccd/airflow_venv/lib/python3.10/site-packages/airflow/example_dags/example_time_delta_sensor_async.py
[2025-06-09T17:55:55.701+0200] {logging_mixin.py:188} INFO - [2025-06-09T17:55:55.700+0200] {dag.py:3096} INFO - Sync 1 DAGs
[2025-06-09T17:55:55.712+0200] {logging_mixin.py:188} INFO - [2025-06-09T17:55:55.712+0200] {dag.py:3954} INFO - Setting next_dagrun for example_time_delta_sensor_async to None, run_after=None
[2025-06-09T17:55:55.742+0200] {processor.py:183} INFO - Processing /home/ccd/airflow_venv/lib/python3.10/site-packages/airflow/example_dags/example_time_delta_sensor_async.py took 0.077 seconds
[2025-06-09T17:56:50.037+0200] {processor.py:161} INFO - Started process (PID=122696) to work on /home/ccd/airflow_venv/lib/python3.10/site-packages/airflow/example_dags/example_time_delta_sensor_async.py
[2025-06-09T17:56:50.038+0200] {processor.py:830} INFO - Processing file /home/ccd/airflow_venv/lib/python3.10/site-packages/airflow/example_dags/example_time_delta_sensor_async.py for tasks to queue
[2025-06-09T17:56:50.039+0200] {logging_mixin.py:188} INFO - [2025-06-09T17:56:50.039+0200] {dagbag.py:540} INFO - Filling up the DagBag from /home/ccd/airflow_venv/lib/python3.10/site-packages/airflow/example_dags/example_time_delta_sensor_async.py
[2025-06-09T17:56:50.043+0200] {processor.py:840} INFO - DAG(s) 'example_time_delta_sensor_async' retrieved from /home/ccd/airflow_venv/lib/python3.10/site-packages/airflow/example_dags/example_time_delta_sensor_async.py
[2025-06-09T17:56:50.054+0200] {logging_mixin.py:188} INFO - [2025-06-09T17:56:50.054+0200] {dag.py:3096} INFO - Sync 1 DAGs
[2025-06-09T17:56:50.063+0200] {logging_mixin.py:188} INFO - [2025-06-09T17:56:50.063+0200] {dag.py:3954} INFO - Setting next_dagrun for example_time_delta_sensor_async to None, run_after=None
[2025-06-09T17:56:50.083+0200] {processor.py:183} INFO - Processing /home/ccd/airflow_venv/lib/python3.10/site-packages/airflow/example_dags/example_time_delta_sensor_async.py took 0.050 seconds
[2025-06-09T17:57:50.221+0200] {processor.py:161} INFO - Started process (PID=123103) to work on /home/ccd/airflow_venv/lib/python3.10/site-packages/airflow/example_dags/example_time_delta_sensor_async.py
[2025-06-09T17:57:50.222+0200] {processor.py:830} INFO - Processing file /home/ccd/airflow_venv/lib/python3.10/site-packages/airflow/example_dags/example_time_delta_sensor_async.py for tasks to queue
[2025-06-09T17:57:50.225+0200] {logging_mixin.py:188} INFO - [2025-06-09T17:57:50.225+0200] {dagbag.py:540} INFO - Filling up the DagBag from /home/ccd/airflow_venv/lib/python3.10/site-packages/airflow/example_dags/example_time_delta_sensor_async.py
[2025-06-09T17:57:50.239+0200] {processor.py:840} INFO - DAG(s) 'example_time_delta_sensor_async' retrieved from /home/ccd/airflow_venv/lib/python3.10/site-packages/airflow/example_dags/example_time_delta_sensor_async.py
[2025-06-09T17:57:50.262+0200] {logging_mixin.py:188} INFO - [2025-06-09T17:57:50.262+0200] {dag.py:3096} INFO - Sync 1 DAGs
[2025-06-09T17:57:50.284+0200] {logging_mixin.py:188} INFO - [2025-06-09T17:57:50.284+0200] {dag.py:3954} INFO - Setting next_dagrun for example_time_delta_sensor_async to None, run_after=None
[2025-06-09T17:57:50.338+0200] {processor.py:183} INFO - Processing /home/ccd/airflow_venv/lib/python3.10/site-packages/airflow/example_dags/example_time_delta_sensor_async.py took 0.133 seconds
[2025-06-09T17:58:55.986+0200] {processor.py:161} INFO - Started process (PID=123569) to work on /home/ccd/airflow_venv/lib/python3.10/site-packages/airflow/example_dags/example_time_delta_sensor_async.py
[2025-06-09T17:58:55.987+0200] {processor.py:830} INFO - Processing file /home/ccd/airflow_venv/lib/python3.10/site-packages/airflow/example_dags/example_time_delta_sensor_async.py for tasks to queue
[2025-06-09T17:58:55.989+0200] {logging_mixin.py:188} INFO - [2025-06-09T17:58:55.989+0200] {dagbag.py:540} INFO - Filling up the DagBag from /home/ccd/airflow_venv/lib/python3.10/site-packages/airflow/example_dags/example_time_delta_sensor_async.py
[2025-06-09T17:58:55.994+0200] {processor.py:840} INFO - DAG(s) 'example_time_delta_sensor_async' retrieved from /home/ccd/airflow_venv/lib/python3.10/site-packages/airflow/example_dags/example_time_delta_sensor_async.py
[2025-06-09T17:58:56.000+0200] {logging_mixin.py:188} INFO - [2025-06-09T17:58:56.000+0200] {dag.py:3096} INFO - Sync 1 DAGs
[2025-06-09T17:58:56.009+0200] {logging_mixin.py:188} INFO - [2025-06-09T17:58:56.009+0200] {dag.py:3954} INFO - Setting next_dagrun for example_time_delta_sensor_async to None, run_after=None
[2025-06-09T17:58:56.029+0200] {processor.py:183} INFO - Processing /home/ccd/airflow_venv/lib/python3.10/site-packages/airflow/example_dags/example_time_delta_sensor_async.py took 0.047 seconds
[2025-06-09T18:02:28.649+0200] {processor.py:161} INFO - Started process (PID=127050) to work on /home/ccd/airflow_venv/lib/python3.10/site-packages/airflow/example_dags/example_time_delta_sensor_async.py
[2025-06-09T18:02:28.661+0200] {processor.py:830} INFO - Processing file /home/ccd/airflow_venv/lib/python3.10/site-packages/airflow/example_dags/example_time_delta_sensor_async.py for tasks to queue
[2025-06-09T18:02:28.663+0200] {logging_mixin.py:188} INFO - [2025-06-09T18:02:28.663+0200] {dagbag.py:540} INFO - Filling up the DagBag from /home/ccd/airflow_venv/lib/python3.10/site-packages/airflow/example_dags/example_time_delta_sensor_async.py
[2025-06-09T18:02:28.670+0200] {processor.py:840} INFO - DAG(s) 'example_time_delta_sensor_async' retrieved from /home/ccd/airflow_venv/lib/python3.10/site-packages/airflow/example_dags/example_time_delta_sensor_async.py
[2025-06-09T18:02:28.826+0200] {logging_mixin.py:188} INFO - [2025-06-09T18:02:28.826+0200] {dag.py:3096} INFO - Sync 1 DAGs
[2025-06-09T18:02:28.841+0200] {logging_mixin.py:188} INFO - [2025-06-09T18:02:28.841+0200] {dag.py:3954} INFO - Setting next_dagrun for example_time_delta_sensor_async to None, run_after=None
[2025-06-09T18:02:28.892+0200] {processor.py:183} INFO - Processing /home/ccd/airflow_venv/lib/python3.10/site-packages/airflow/example_dags/example_time_delta_sensor_async.py took 0.251 seconds
