[2025-06-09T17:29:10.689+0200] {processor.py:161} INFO - Started process (PID=106110) to work on /home/ccd/airflow_venv/lib/python3.10/site-packages/airflow/example_dags/example_short_circuit_decorator.py
[2025-06-09T17:29:10.690+0200] {processor.py:830} INFO - Processing file /home/ccd/airflow_venv/lib/python3.10/site-packages/airflow/example_dags/example_short_circuit_decorator.py for tasks to queue
[2025-06-09T17:29:10.691+0200] {logging_mixin.py:188} INFO - [2025-06-09T17:29:10.691+0200] {dagbag.py:540} INFO - Filling up the DagBag from /home/ccd/airflow_venv/lib/python3.10/site-packages/airflow/example_dags/example_short_circuit_decorator.py
[2025-06-09T17:29:10.702+0200] {processor.py:840} INFO - DAG(s) 'example_short_circuit_decorator' retrieved from /home/ccd/airflow_venv/lib/python3.10/site-packages/airflow/example_dags/example_short_circuit_decorator.py
[2025-06-09T17:29:10.711+0200] {logging_mixin.py:188} INFO - [2025-06-09T17:29:10.711+0200] {dag.py:3096} INFO - Sync 1 DAGs
[2025-06-09T17:29:10.730+0200] {logging_mixin.py:188} INFO - [2025-06-09T17:29:10.730+0200] {dag.py:3954} INFO - Setting next_dagrun for example_short_circuit_decorator to 2025-06-08 00:00:00+00:00, run_after=2025-06-09 00:00:00+00:00
[2025-06-09T17:29:10.766+0200] {processor.py:183} INFO - Processing /home/ccd/airflow_venv/lib/python3.10/site-packages/airflow/example_dags/example_short_circuit_decorator.py took 0.082 seconds
[2025-06-09T17:30:36.563+0200] {processor.py:161} INFO - Started process (PID=106814) to work on /home/ccd/airflow_venv/lib/python3.10/site-packages/airflow/example_dags/example_short_circuit_decorator.py
[2025-06-09T17:30:36.574+0200] {processor.py:830} INFO - Processing file /home/ccd/airflow_venv/lib/python3.10/site-packages/airflow/example_dags/example_short_circuit_decorator.py for tasks to queue
[2025-06-09T17:30:36.577+0200] {logging_mixin.py:188} INFO - [2025-06-09T17:30:36.577+0200] {dagbag.py:540} INFO - Filling up the DagBag from /home/ccd/airflow_venv/lib/python3.10/site-packages/airflow/example_dags/example_short_circuit_decorator.py
[2025-06-09T17:30:36.585+0200] {processor.py:840} INFO - DAG(s) 'example_short_circuit_decorator' retrieved from /home/ccd/airflow_venv/lib/python3.10/site-packages/airflow/example_dags/example_short_circuit_decorator.py
[2025-06-09T17:30:36.653+0200] {logging_mixin.py:188} INFO - [2025-06-09T17:30:36.653+0200] {dag.py:3096} INFO - Sync 1 DAGs
[2025-06-09T17:30:36.663+0200] {logging_mixin.py:188} INFO - [2025-06-09T17:30:36.663+0200] {dag.py:3954} INFO - Setting next_dagrun for example_short_circuit_decorator to 2025-06-08 00:00:00+00:00, run_after=2025-06-09 00:00:00+00:00
[2025-06-09T17:30:36.686+0200] {processor.py:183} INFO - Processing /home/ccd/airflow_venv/lib/python3.10/site-packages/airflow/example_dags/example_short_circuit_decorator.py took 0.126 seconds
[2025-06-09T17:31:12.967+0200] {processor.py:161} INFO - Started process (PID=107053) to work on /home/ccd/airflow_venv/lib/python3.10/site-packages/airflow/example_dags/example_short_circuit_decorator.py
[2025-06-09T17:31:12.969+0200] {processor.py:830} INFO - Processing file /home/ccd/airflow_venv/lib/python3.10/site-packages/airflow/example_dags/example_short_circuit_decorator.py for tasks to queue
[2025-06-09T17:31:12.970+0200] {logging_mixin.py:188} INFO - [2025-06-09T17:31:12.970+0200] {dagbag.py:540} INFO - Filling up the DagBag from /home/ccd/airflow_venv/lib/python3.10/site-packages/airflow/example_dags/example_short_circuit_decorator.py
[2025-06-09T17:31:12.975+0200] {processor.py:840} INFO - DAG(s) 'example_short_circuit_decorator' retrieved from /home/ccd/airflow_venv/lib/python3.10/site-packages/airflow/example_dags/example_short_circuit_decorator.py
[2025-06-09T17:31:12.986+0200] {logging_mixin.py:188} INFO - [2025-06-09T17:31:12.986+0200] {dag.py:3096} INFO - Sync 1 DAGs
[2025-06-09T17:31:12.999+0200] {logging_mixin.py:188} INFO - [2025-06-09T17:31:12.998+0200] {dag.py:3954} INFO - Setting next_dagrun for example_short_circuit_decorator to 2025-06-08 00:00:00+00:00, run_after=2025-06-09 00:00:00+00:00
[2025-06-09T17:31:13.019+0200] {processor.py:183} INFO - Processing /home/ccd/airflow_venv/lib/python3.10/site-packages/airflow/example_dags/example_short_circuit_decorator.py took 0.056 seconds
[2025-06-09T17:32:11.173+0200] {processor.py:161} INFO - Started process (PID=107387) to work on /home/ccd/airflow_venv/lib/python3.10/site-packages/airflow/example_dags/example_short_circuit_decorator.py
[2025-06-09T17:32:11.175+0200] {processor.py:830} INFO - Processing file /home/ccd/airflow_venv/lib/python3.10/site-packages/airflow/example_dags/example_short_circuit_decorator.py for tasks to queue
[2025-06-09T17:32:11.177+0200] {logging_mixin.py:188} INFO - [2025-06-09T17:32:11.176+0200] {dagbag.py:540} INFO - Filling up the DagBag from /home/ccd/airflow_venv/lib/python3.10/site-packages/airflow/example_dags/example_short_circuit_decorator.py
[2025-06-09T17:32:11.182+0200] {processor.py:840} INFO - DAG(s) 'example_short_circuit_decorator' retrieved from /home/ccd/airflow_venv/lib/python3.10/site-packages/airflow/example_dags/example_short_circuit_decorator.py
[2025-06-09T17:32:11.194+0200] {logging_mixin.py:188} INFO - [2025-06-09T17:32:11.194+0200] {dag.py:3096} INFO - Sync 1 DAGs
[2025-06-09T17:32:11.205+0200] {logging_mixin.py:188} INFO - [2025-06-09T17:32:11.205+0200] {dag.py:3954} INFO - Setting next_dagrun for example_short_circuit_decorator to 2025-06-08 00:00:00+00:00, run_after=2025-06-09 00:00:00+00:00
[2025-06-09T17:32:11.225+0200] {processor.py:183} INFO - Processing /home/ccd/airflow_venv/lib/python3.10/site-packages/airflow/example_dags/example_short_circuit_decorator.py took 0.056 seconds
[2025-06-09T17:33:05.593+0200] {processor.py:161} INFO - Started process (PID=107677) to work on /home/ccd/airflow_venv/lib/python3.10/site-packages/airflow/example_dags/example_short_circuit_decorator.py
[2025-06-09T17:33:05.596+0200] {processor.py:830} INFO - Processing file /home/ccd/airflow_venv/lib/python3.10/site-packages/airflow/example_dags/example_short_circuit_decorator.py for tasks to queue
[2025-06-09T17:33:05.598+0200] {logging_mixin.py:188} INFO - [2025-06-09T17:33:05.597+0200] {dagbag.py:540} INFO - Filling up the DagBag from /home/ccd/airflow_venv/lib/python3.10/site-packages/airflow/example_dags/example_short_circuit_decorator.py
[2025-06-09T17:33:05.604+0200] {processor.py:840} INFO - DAG(s) 'example_short_circuit_decorator' retrieved from /home/ccd/airflow_venv/lib/python3.10/site-packages/airflow/example_dags/example_short_circuit_decorator.py
[2025-06-09T17:33:05.621+0200] {logging_mixin.py:188} INFO - [2025-06-09T17:33:05.620+0200] {dag.py:3096} INFO - Sync 1 DAGs
[2025-06-09T17:33:05.632+0200] {logging_mixin.py:188} INFO - [2025-06-09T17:33:05.632+0200] {dag.py:3954} INFO - Setting next_dagrun for example_short_circuit_decorator to 2025-06-08 00:00:00+00:00, run_after=2025-06-09 00:00:00+00:00
[2025-06-09T17:33:05.652+0200] {processor.py:183} INFO - Processing /home/ccd/airflow_venv/lib/python3.10/site-packages/airflow/example_dags/example_short_circuit_decorator.py took 0.063 seconds
[2025-06-09T17:33:59.409+0200] {processor.py:161} INFO - Started process (PID=108014) to work on /home/ccd/airflow_venv/lib/python3.10/site-packages/airflow/example_dags/example_short_circuit_decorator.py
[2025-06-09T17:33:59.412+0200] {processor.py:830} INFO - Processing file /home/ccd/airflow_venv/lib/python3.10/site-packages/airflow/example_dags/example_short_circuit_decorator.py for tasks to queue
[2025-06-09T17:33:59.413+0200] {logging_mixin.py:188} INFO - [2025-06-09T17:33:59.412+0200] {dagbag.py:540} INFO - Filling up the DagBag from /home/ccd/airflow_venv/lib/python3.10/site-packages/airflow/example_dags/example_short_circuit_decorator.py
[2025-06-09T17:33:59.419+0200] {processor.py:840} INFO - DAG(s) 'example_short_circuit_decorator' retrieved from /home/ccd/airflow_venv/lib/python3.10/site-packages/airflow/example_dags/example_short_circuit_decorator.py
[2025-06-09T17:33:59.430+0200] {logging_mixin.py:188} INFO - [2025-06-09T17:33:59.430+0200] {dag.py:3096} INFO - Sync 1 DAGs
[2025-06-09T17:33:59.442+0200] {logging_mixin.py:188} INFO - [2025-06-09T17:33:59.442+0200] {dag.py:3954} INFO - Setting next_dagrun for example_short_circuit_decorator to 2025-06-08 00:00:00+00:00, run_after=2025-06-09 00:00:00+00:00
[2025-06-09T17:33:59.463+0200] {processor.py:183} INFO - Processing /home/ccd/airflow_venv/lib/python3.10/site-packages/airflow/example_dags/example_short_circuit_decorator.py took 0.057 seconds
[2025-06-09T17:34:53.637+0200] {processor.py:161} INFO - Started process (PID=108320) to work on /home/ccd/airflow_venv/lib/python3.10/site-packages/airflow/example_dags/example_short_circuit_decorator.py
[2025-06-09T17:34:53.640+0200] {processor.py:830} INFO - Processing file /home/ccd/airflow_venv/lib/python3.10/site-packages/airflow/example_dags/example_short_circuit_decorator.py for tasks to queue
[2025-06-09T17:34:53.642+0200] {logging_mixin.py:188} INFO - [2025-06-09T17:34:53.641+0200] {dagbag.py:540} INFO - Filling up the DagBag from /home/ccd/airflow_venv/lib/python3.10/site-packages/airflow/example_dags/example_short_circuit_decorator.py
[2025-06-09T17:34:53.648+0200] {processor.py:840} INFO - DAG(s) 'example_short_circuit_decorator' retrieved from /home/ccd/airflow_venv/lib/python3.10/site-packages/airflow/example_dags/example_short_circuit_decorator.py
[2025-06-09T17:34:53.660+0200] {logging_mixin.py:188} INFO - [2025-06-09T17:34:53.659+0200] {dag.py:3096} INFO - Sync 1 DAGs
[2025-06-09T17:34:53.672+0200] {logging_mixin.py:188} INFO - [2025-06-09T17:34:53.671+0200] {dag.py:3954} INFO - Setting next_dagrun for example_short_circuit_decorator to 2025-06-08 00:00:00+00:00, run_after=2025-06-09 00:00:00+00:00
[2025-06-09T17:34:53.693+0200] {processor.py:183} INFO - Processing /home/ccd/airflow_venv/lib/python3.10/site-packages/airflow/example_dags/example_short_circuit_decorator.py took 0.060 seconds
[2025-06-09T17:35:48.354+0200] {processor.py:161} INFO - Started process (PID=108610) to work on /home/ccd/airflow_venv/lib/python3.10/site-packages/airflow/example_dags/example_short_circuit_decorator.py
[2025-06-09T17:35:48.366+0200] {processor.py:830} INFO - Processing file /home/ccd/airflow_venv/lib/python3.10/site-packages/airflow/example_dags/example_short_circuit_decorator.py for tasks to queue
[2025-06-09T17:35:48.367+0200] {logging_mixin.py:188} INFO - [2025-06-09T17:35:48.367+0200] {dagbag.py:540} INFO - Filling up the DagBag from /home/ccd/airflow_venv/lib/python3.10/site-packages/airflow/example_dags/example_short_circuit_decorator.py
[2025-06-09T17:35:48.374+0200] {processor.py:840} INFO - DAG(s) 'example_short_circuit_decorator' retrieved from /home/ccd/airflow_venv/lib/python3.10/site-packages/airflow/example_dags/example_short_circuit_decorator.py
[2025-06-09T17:35:48.391+0200] {logging_mixin.py:188} INFO - [2025-06-09T17:35:48.391+0200] {dag.py:3096} INFO - Sync 1 DAGs
[2025-06-09T17:35:48.406+0200] {logging_mixin.py:188} INFO - [2025-06-09T17:35:48.406+0200] {dag.py:3954} INFO - Setting next_dagrun for example_short_circuit_decorator to 2025-06-08 00:00:00+00:00, run_after=2025-06-09 00:00:00+00:00
[2025-06-09T17:35:48.431+0200] {processor.py:183} INFO - Processing /home/ccd/airflow_venv/lib/python3.10/site-packages/airflow/example_dags/example_short_circuit_decorator.py took 0.081 seconds
[2025-06-09T17:36:45.350+0200] {processor.py:161} INFO - Started process (PID=108985) to work on /home/ccd/airflow_venv/lib/python3.10/site-packages/airflow/example_dags/example_short_circuit_decorator.py
[2025-06-09T17:36:45.351+0200] {processor.py:830} INFO - Processing file /home/ccd/airflow_venv/lib/python3.10/site-packages/airflow/example_dags/example_short_circuit_decorator.py for tasks to queue
[2025-06-09T17:36:45.352+0200] {logging_mixin.py:188} INFO - [2025-06-09T17:36:45.352+0200] {dagbag.py:540} INFO - Filling up the DagBag from /home/ccd/airflow_venv/lib/python3.10/site-packages/airflow/example_dags/example_short_circuit_decorator.py
[2025-06-09T17:36:45.358+0200] {processor.py:840} INFO - DAG(s) 'example_short_circuit_decorator' retrieved from /home/ccd/airflow_venv/lib/python3.10/site-packages/airflow/example_dags/example_short_circuit_decorator.py
[2025-06-09T17:36:45.370+0200] {logging_mixin.py:188} INFO - [2025-06-09T17:36:45.370+0200] {dag.py:3096} INFO - Sync 1 DAGs
[2025-06-09T17:36:45.384+0200] {logging_mixin.py:188} INFO - [2025-06-09T17:36:45.384+0200] {dag.py:3954} INFO - Setting next_dagrun for example_short_circuit_decorator to 2025-06-08 00:00:00+00:00, run_after=2025-06-09 00:00:00+00:00
[2025-06-09T17:36:45.405+0200] {processor.py:183} INFO - Processing /home/ccd/airflow_venv/lib/python3.10/site-packages/airflow/example_dags/example_short_circuit_decorator.py took 0.060 seconds
[2025-06-09T17:37:47.018+0200] {processor.py:161} INFO - Started process (PID=109359) to work on /home/ccd/airflow_venv/lib/python3.10/site-packages/airflow/example_dags/example_short_circuit_decorator.py
[2025-06-09T17:37:47.020+0200] {processor.py:830} INFO - Processing file /home/ccd/airflow_venv/lib/python3.10/site-packages/airflow/example_dags/example_short_circuit_decorator.py for tasks to queue
[2025-06-09T17:37:47.021+0200] {logging_mixin.py:188} INFO - [2025-06-09T17:37:47.021+0200] {dagbag.py:540} INFO - Filling up the DagBag from /home/ccd/airflow_venv/lib/python3.10/site-packages/airflow/example_dags/example_short_circuit_decorator.py
[2025-06-09T17:37:47.029+0200] {processor.py:840} INFO - DAG(s) 'example_short_circuit_decorator' retrieved from /home/ccd/airflow_venv/lib/python3.10/site-packages/airflow/example_dags/example_short_circuit_decorator.py
[2025-06-09T17:37:47.041+0200] {logging_mixin.py:188} INFO - [2025-06-09T17:37:47.041+0200] {dag.py:3096} INFO - Sync 1 DAGs
[2025-06-09T17:37:47.056+0200] {logging_mixin.py:188} INFO - [2025-06-09T17:37:47.056+0200] {dag.py:3954} INFO - Setting next_dagrun for example_short_circuit_decorator to 2025-06-08 00:00:00+00:00, run_after=2025-06-09 00:00:00+00:00
[2025-06-09T17:37:47.080+0200] {processor.py:183} INFO - Processing /home/ccd/airflow_venv/lib/python3.10/site-packages/airflow/example_dags/example_short_circuit_decorator.py took 0.066 seconds
[2025-06-09T17:38:42.352+0200] {processor.py:161} INFO - Started process (PID=110061) to work on /home/ccd/airflow_venv/lib/python3.10/site-packages/airflow/example_dags/example_short_circuit_decorator.py
[2025-06-09T17:38:42.365+0200] {processor.py:830} INFO - Processing file /home/ccd/airflow_venv/lib/python3.10/site-packages/airflow/example_dags/example_short_circuit_decorator.py for tasks to queue
[2025-06-09T17:38:42.368+0200] {logging_mixin.py:188} INFO - [2025-06-09T17:38:42.367+0200] {dagbag.py:540} INFO - Filling up the DagBag from /home/ccd/airflow_venv/lib/python3.10/site-packages/airflow/example_dags/example_short_circuit_decorator.py
[2025-06-09T17:38:42.403+0200] {processor.py:840} INFO - DAG(s) 'example_short_circuit_decorator' retrieved from /home/ccd/airflow_venv/lib/python3.10/site-packages/airflow/example_dags/example_short_circuit_decorator.py
[2025-06-09T17:38:42.438+0200] {logging_mixin.py:188} INFO - [2025-06-09T17:38:42.438+0200] {dag.py:3096} INFO - Sync 1 DAGs
[2025-06-09T17:38:42.515+0200] {logging_mixin.py:188} INFO - [2025-06-09T17:38:42.508+0200] {dag.py:3954} INFO - Setting next_dagrun for example_short_circuit_decorator to 2025-06-08 00:00:00+00:00, run_after=2025-06-09 00:00:00+00:00
[2025-06-09T17:38:42.608+0200] {processor.py:183} INFO - Processing /home/ccd/airflow_venv/lib/python3.10/site-packages/airflow/example_dags/example_short_circuit_decorator.py took 0.285 seconds
[2025-06-09T17:39:29.131+0200] {processor.py:161} INFO - Started process (PID=110543) to work on /home/ccd/airflow_venv/lib/python3.10/site-packages/airflow/example_dags/example_short_circuit_decorator.py
[2025-06-09T17:39:29.143+0200] {processor.py:830} INFO - Processing file /home/ccd/airflow_venv/lib/python3.10/site-packages/airflow/example_dags/example_short_circuit_decorator.py for tasks to queue
[2025-06-09T17:39:29.144+0200] {logging_mixin.py:188} INFO - [2025-06-09T17:39:29.143+0200] {dagbag.py:540} INFO - Filling up the DagBag from /home/ccd/airflow_venv/lib/python3.10/site-packages/airflow/example_dags/example_short_circuit_decorator.py
[2025-06-09T17:39:29.149+0200] {processor.py:840} INFO - DAG(s) 'example_short_circuit_decorator' retrieved from /home/ccd/airflow_venv/lib/python3.10/site-packages/airflow/example_dags/example_short_circuit_decorator.py
[2025-06-09T17:39:29.161+0200] {logging_mixin.py:188} INFO - [2025-06-09T17:39:29.161+0200] {dag.py:3096} INFO - Sync 1 DAGs
[2025-06-09T17:39:29.174+0200] {logging_mixin.py:188} INFO - [2025-06-09T17:39:29.174+0200] {dag.py:3954} INFO - Setting next_dagrun for example_short_circuit_decorator to 2025-06-08 00:00:00+00:00, run_after=2025-06-09 00:00:00+00:00
[2025-06-09T17:39:29.199+0200] {processor.py:183} INFO - Processing /home/ccd/airflow_venv/lib/python3.10/site-packages/airflow/example_dags/example_short_circuit_decorator.py took 0.072 seconds
[2025-06-09T17:40:39.181+0200] {processor.py:161} INFO - Started process (PID=111040) to work on /home/ccd/airflow_venv/lib/python3.10/site-packages/airflow/example_dags/example_short_circuit_decorator.py
[2025-06-09T17:40:39.194+0200] {processor.py:830} INFO - Processing file /home/ccd/airflow_venv/lib/python3.10/site-packages/airflow/example_dags/example_short_circuit_decorator.py for tasks to queue
[2025-06-09T17:40:39.196+0200] {logging_mixin.py:188} INFO - [2025-06-09T17:40:39.195+0200] {dagbag.py:540} INFO - Filling up the DagBag from /home/ccd/airflow_venv/lib/python3.10/site-packages/airflow/example_dags/example_short_circuit_decorator.py
[2025-06-09T17:40:39.210+0200] {processor.py:840} INFO - DAG(s) 'example_short_circuit_decorator' retrieved from /home/ccd/airflow_venv/lib/python3.10/site-packages/airflow/example_dags/example_short_circuit_decorator.py
[2025-06-09T17:40:39.237+0200] {logging_mixin.py:188} INFO - [2025-06-09T17:40:39.237+0200] {dag.py:3096} INFO - Sync 1 DAGs
[2025-06-09T17:40:39.269+0200] {logging_mixin.py:188} INFO - [2025-06-09T17:40:39.269+0200] {dag.py:3954} INFO - Setting next_dagrun for example_short_circuit_decorator to 2025-06-08 00:00:00+00:00, run_after=2025-06-09 00:00:00+00:00
[2025-06-09T17:40:39.328+0200] {processor.py:183} INFO - Processing /home/ccd/airflow_venv/lib/python3.10/site-packages/airflow/example_dags/example_short_circuit_decorator.py took 0.159 seconds
[2025-06-09T17:41:50.990+0200] {processor.py:161} INFO - Started process (PID=111488) to work on /home/ccd/airflow_venv/lib/python3.10/site-packages/airflow/example_dags/example_short_circuit_decorator.py
[2025-06-09T17:41:51.002+0200] {processor.py:830} INFO - Processing file /home/ccd/airflow_venv/lib/python3.10/site-packages/airflow/example_dags/example_short_circuit_decorator.py for tasks to queue
[2025-06-09T17:41:51.004+0200] {logging_mixin.py:188} INFO - [2025-06-09T17:41:51.004+0200] {dagbag.py:540} INFO - Filling up the DagBag from /home/ccd/airflow_venv/lib/python3.10/site-packages/airflow/example_dags/example_short_circuit_decorator.py
[2025-06-09T17:41:51.010+0200] {processor.py:840} INFO - DAG(s) 'example_short_circuit_decorator' retrieved from /home/ccd/airflow_venv/lib/python3.10/site-packages/airflow/example_dags/example_short_circuit_decorator.py
[2025-06-09T17:41:51.022+0200] {logging_mixin.py:188} INFO - [2025-06-09T17:41:51.022+0200] {dag.py:3096} INFO - Sync 1 DAGs
[2025-06-09T17:41:51.034+0200] {logging_mixin.py:188} INFO - [2025-06-09T17:41:51.034+0200] {dag.py:3954} INFO - Setting next_dagrun for example_short_circuit_decorator to 2025-06-08 00:00:00+00:00, run_after=2025-06-09 00:00:00+00:00
[2025-06-09T17:41:51.055+0200] {processor.py:183} INFO - Processing /home/ccd/airflow_venv/lib/python3.10/site-packages/airflow/example_dags/example_short_circuit_decorator.py took 0.069 seconds
[2025-06-09T17:42:52.234+0200] {processor.py:161} INFO - Started process (PID=111880) to work on /home/ccd/airflow_venv/lib/python3.10/site-packages/airflow/example_dags/example_short_circuit_decorator.py
[2025-06-09T17:42:52.236+0200] {processor.py:830} INFO - Processing file /home/ccd/airflow_venv/lib/python3.10/site-packages/airflow/example_dags/example_short_circuit_decorator.py for tasks to queue
[2025-06-09T17:42:52.238+0200] {logging_mixin.py:188} INFO - [2025-06-09T17:42:52.237+0200] {dagbag.py:540} INFO - Filling up the DagBag from /home/ccd/airflow_venv/lib/python3.10/site-packages/airflow/example_dags/example_short_circuit_decorator.py
[2025-06-09T17:42:52.248+0200] {processor.py:840} INFO - DAG(s) 'example_short_circuit_decorator' retrieved from /home/ccd/airflow_venv/lib/python3.10/site-packages/airflow/example_dags/example_short_circuit_decorator.py
[2025-06-09T17:42:52.267+0200] {logging_mixin.py:188} INFO - [2025-06-09T17:42:52.267+0200] {dag.py:3096} INFO - Sync 1 DAGs
[2025-06-09T17:42:52.294+0200] {logging_mixin.py:188} INFO - [2025-06-09T17:42:52.293+0200] {dag.py:3954} INFO - Setting next_dagrun for example_short_circuit_decorator to 2025-06-08 00:00:00+00:00, run_after=2025-06-09 00:00:00+00:00
[2025-06-09T17:42:52.327+0200] {processor.py:183} INFO - Processing /home/ccd/airflow_venv/lib/python3.10/site-packages/airflow/example_dags/example_short_circuit_decorator.py took 0.101 seconds
[2025-06-09T17:43:12.962+0200] {processor.py:161} INFO - Started process (PID=112049) to work on /home/ccd/airflow_venv/lib/python3.10/site-packages/airflow/example_dags/example_short_circuit_decorator.py
[2025-06-09T17:43:12.964+0200] {processor.py:830} INFO - Processing file /home/ccd/airflow_venv/lib/python3.10/site-packages/airflow/example_dags/example_short_circuit_decorator.py for tasks to queue
[2025-06-09T17:43:12.966+0200] {logging_mixin.py:188} INFO - [2025-06-09T17:43:12.965+0200] {dagbag.py:540} INFO - Filling up the DagBag from /home/ccd/airflow_venv/lib/python3.10/site-packages/airflow/example_dags/example_short_circuit_decorator.py
[2025-06-09T17:43:12.974+0200] {processor.py:840} INFO - DAG(s) 'example_short_circuit_decorator' retrieved from /home/ccd/airflow_venv/lib/python3.10/site-packages/airflow/example_dags/example_short_circuit_decorator.py
[2025-06-09T17:43:12.979+0200] {logging_mixin.py:188} INFO - [2025-06-09T17:43:12.979+0200] {dag.py:3096} INFO - Sync 1 DAGs
[2025-06-09T17:43:12.992+0200] {logging_mixin.py:188} INFO - [2025-06-09T17:43:12.992+0200] {dag.py:3954} INFO - Setting next_dagrun for example_short_circuit_decorator to 2025-06-08 00:00:00+00:00, run_after=2025-06-09 00:00:00+00:00
[2025-06-09T17:43:13.024+0200] {processor.py:183} INFO - Processing /home/ccd/airflow_venv/lib/python3.10/site-packages/airflow/example_dags/example_short_circuit_decorator.py took 0.067 seconds
[2025-06-09T17:44:28.668+0200] {processor.py:161} INFO - Started process (PID=112662) to work on /home/ccd/airflow_venv/lib/python3.10/site-packages/airflow/example_dags/example_short_circuit_decorator.py
[2025-06-09T17:44:28.680+0200] {processor.py:830} INFO - Processing file /home/ccd/airflow_venv/lib/python3.10/site-packages/airflow/example_dags/example_short_circuit_decorator.py for tasks to queue
[2025-06-09T17:44:28.682+0200] {logging_mixin.py:188} INFO - [2025-06-09T17:44:28.682+0200] {dagbag.py:540} INFO - Filling up the DagBag from /home/ccd/airflow_venv/lib/python3.10/site-packages/airflow/example_dags/example_short_circuit_decorator.py
[2025-06-09T17:44:28.690+0200] {processor.py:840} INFO - DAG(s) 'example_short_circuit_decorator' retrieved from /home/ccd/airflow_venv/lib/python3.10/site-packages/airflow/example_dags/example_short_circuit_decorator.py
[2025-06-09T17:44:28.764+0200] {logging_mixin.py:188} INFO - [2025-06-09T17:44:28.764+0200] {dag.py:3096} INFO - Sync 1 DAGs
[2025-06-09T17:44:28.780+0200] {logging_mixin.py:188} INFO - [2025-06-09T17:44:28.780+0200] {dag.py:3954} INFO - Setting next_dagrun for example_short_circuit_decorator to 2025-06-08 00:00:00+00:00, run_after=2025-06-09 00:00:00+00:00
[2025-06-09T17:44:28.809+0200] {processor.py:183} INFO - Processing /home/ccd/airflow_venv/lib/python3.10/site-packages/airflow/example_dags/example_short_circuit_decorator.py took 0.146 seconds
[2025-06-09T17:45:39.906+0200] {processor.py:161} INFO - Started process (PID=113182) to work on /home/ccd/airflow_venv/lib/python3.10/site-packages/airflow/example_dags/example_short_circuit_decorator.py
[2025-06-09T17:45:39.908+0200] {processor.py:830} INFO - Processing file /home/ccd/airflow_venv/lib/python3.10/site-packages/airflow/example_dags/example_short_circuit_decorator.py for tasks to queue
[2025-06-09T17:45:39.911+0200] {logging_mixin.py:188} INFO - [2025-06-09T17:45:39.910+0200] {dagbag.py:540} INFO - Filling up the DagBag from /home/ccd/airflow_venv/lib/python3.10/site-packages/airflow/example_dags/example_short_circuit_decorator.py
[2025-06-09T17:45:39.921+0200] {processor.py:840} INFO - DAG(s) 'example_short_circuit_decorator' retrieved from /home/ccd/airflow_venv/lib/python3.10/site-packages/airflow/example_dags/example_short_circuit_decorator.py
[2025-06-09T17:45:39.935+0200] {logging_mixin.py:188} INFO - [2025-06-09T17:45:39.934+0200] {dag.py:3096} INFO - Sync 1 DAGs
[2025-06-09T17:45:39.949+0200] {logging_mixin.py:188} INFO - [2025-06-09T17:45:39.949+0200] {dag.py:3954} INFO - Setting next_dagrun for example_short_circuit_decorator to 2025-06-08 00:00:00+00:00, run_after=2025-06-09 00:00:00+00:00
[2025-06-09T17:45:39.971+0200] {processor.py:183} INFO - Processing /home/ccd/airflow_venv/lib/python3.10/site-packages/airflow/example_dags/example_short_circuit_decorator.py took 0.070 seconds
[2025-06-09T17:46:45.483+0200] {processor.py:161} INFO - Started process (PID=113595) to work on /home/ccd/airflow_venv/lib/python3.10/site-packages/airflow/example_dags/example_short_circuit_decorator.py
[2025-06-09T17:46:45.495+0200] {processor.py:830} INFO - Processing file /home/ccd/airflow_venv/lib/python3.10/site-packages/airflow/example_dags/example_short_circuit_decorator.py for tasks to queue
[2025-06-09T17:46:45.496+0200] {logging_mixin.py:188} INFO - [2025-06-09T17:46:45.496+0200] {dagbag.py:540} INFO - Filling up the DagBag from /home/ccd/airflow_venv/lib/python3.10/site-packages/airflow/example_dags/example_short_circuit_decorator.py
[2025-06-09T17:46:45.502+0200] {processor.py:840} INFO - DAG(s) 'example_short_circuit_decorator' retrieved from /home/ccd/airflow_venv/lib/python3.10/site-packages/airflow/example_dags/example_short_circuit_decorator.py
[2025-06-09T17:46:45.514+0200] {logging_mixin.py:188} INFO - [2025-06-09T17:46:45.514+0200] {dag.py:3096} INFO - Sync 1 DAGs
[2025-06-09T17:46:45.527+0200] {logging_mixin.py:188} INFO - [2025-06-09T17:46:45.527+0200] {dag.py:3954} INFO - Setting next_dagrun for example_short_circuit_decorator to 2025-06-08 00:00:00+00:00, run_after=2025-06-09 00:00:00+00:00
[2025-06-09T17:46:45.552+0200] {processor.py:183} INFO - Processing /home/ccd/airflow_venv/lib/python3.10/site-packages/airflow/example_dags/example_short_circuit_decorator.py took 0.073 seconds
[2025-06-09T17:48:06.868+0200] {processor.py:161} INFO - Started process (PID=114159) to work on /home/ccd/airflow_venv/lib/python3.10/site-packages/airflow/example_dags/example_short_circuit_decorator.py
[2025-06-09T17:48:06.870+0200] {processor.py:830} INFO - Processing file /home/ccd/airflow_venv/lib/python3.10/site-packages/airflow/example_dags/example_short_circuit_decorator.py for tasks to queue
[2025-06-09T17:48:06.871+0200] {logging_mixin.py:188} INFO - [2025-06-09T17:48:06.871+0200] {dagbag.py:540} INFO - Filling up the DagBag from /home/ccd/airflow_venv/lib/python3.10/site-packages/airflow/example_dags/example_short_circuit_decorator.py
[2025-06-09T17:48:06.881+0200] {processor.py:840} INFO - DAG(s) 'example_short_circuit_decorator' retrieved from /home/ccd/airflow_venv/lib/python3.10/site-packages/airflow/example_dags/example_short_circuit_decorator.py
[2025-06-09T17:48:06.901+0200] {logging_mixin.py:188} INFO - [2025-06-09T17:48:06.901+0200] {dag.py:3096} INFO - Sync 1 DAGs
[2025-06-09T17:48:06.923+0200] {logging_mixin.py:188} INFO - [2025-06-09T17:48:06.922+0200] {dag.py:3954} INFO - Setting next_dagrun for example_short_circuit_decorator to 2025-06-08 00:00:00+00:00, run_after=2025-06-09 00:00:00+00:00
[2025-06-09T17:48:06.984+0200] {processor.py:183} INFO - Processing /home/ccd/airflow_venv/lib/python3.10/site-packages/airflow/example_dags/example_short_circuit_decorator.py took 0.124 seconds
[2025-06-09T17:50:27.594+0200] {processor.py:161} INFO - Started process (PID=117845) to work on /home/ccd/airflow_venv/lib/python3.10/site-packages/airflow/example_dags/example_short_circuit_decorator.py
[2025-06-09T17:50:27.595+0200] {processor.py:830} INFO - Processing file /home/ccd/airflow_venv/lib/python3.10/site-packages/airflow/example_dags/example_short_circuit_decorator.py for tasks to queue
[2025-06-09T17:50:27.596+0200] {logging_mixin.py:188} INFO - [2025-06-09T17:50:27.596+0200] {dagbag.py:540} INFO - Filling up the DagBag from /home/ccd/airflow_venv/lib/python3.10/site-packages/airflow/example_dags/example_short_circuit_decorator.py
[2025-06-09T17:50:27.603+0200] {processor.py:840} INFO - DAG(s) 'example_short_circuit_decorator' retrieved from /home/ccd/airflow_venv/lib/python3.10/site-packages/airflow/example_dags/example_short_circuit_decorator.py
[2025-06-09T17:50:27.616+0200] {logging_mixin.py:188} INFO - [2025-06-09T17:50:27.615+0200] {dag.py:3096} INFO - Sync 1 DAGs
[2025-06-09T17:50:27.627+0200] {logging_mixin.py:188} INFO - [2025-06-09T17:50:27.627+0200] {dag.py:3954} INFO - Setting next_dagrun for example_short_circuit_decorator to 2025-06-08 00:00:00+00:00, run_after=2025-06-09 00:00:00+00:00
[2025-06-09T17:50:27.648+0200] {processor.py:183} INFO - Processing /home/ccd/airflow_venv/lib/python3.10/site-packages/airflow/example_dags/example_short_circuit_decorator.py took 0.058 seconds
[2025-06-09T17:51:16.644+0200] {processor.py:161} INFO - Started process (PID=118328) to work on /home/ccd/airflow_venv/lib/python3.10/site-packages/airflow/example_dags/example_short_circuit_decorator.py
[2025-06-09T17:51:16.646+0200] {processor.py:830} INFO - Processing file /home/ccd/airflow_venv/lib/python3.10/site-packages/airflow/example_dags/example_short_circuit_decorator.py for tasks to queue
[2025-06-09T17:51:16.647+0200] {logging_mixin.py:188} INFO - [2025-06-09T17:51:16.647+0200] {dagbag.py:540} INFO - Filling up the DagBag from /home/ccd/airflow_venv/lib/python3.10/site-packages/airflow/example_dags/example_short_circuit_decorator.py
[2025-06-09T17:51:16.653+0200] {processor.py:840} INFO - DAG(s) 'example_short_circuit_decorator' retrieved from /home/ccd/airflow_venv/lib/python3.10/site-packages/airflow/example_dags/example_short_circuit_decorator.py
[2025-06-09T17:51:16.664+0200] {logging_mixin.py:188} INFO - [2025-06-09T17:51:16.664+0200] {dag.py:3096} INFO - Sync 1 DAGs
[2025-06-09T17:51:16.677+0200] {logging_mixin.py:188} INFO - [2025-06-09T17:51:16.677+0200] {dag.py:3954} INFO - Setting next_dagrun for example_short_circuit_decorator to 2025-06-08 00:00:00+00:00, run_after=2025-06-09 00:00:00+00:00
[2025-06-09T17:51:16.698+0200] {processor.py:183} INFO - Processing /home/ccd/airflow_venv/lib/python3.10/site-packages/airflow/example_dags/example_short_circuit_decorator.py took 0.058 seconds
[2025-06-09T17:51:55.822+0200] {processor.py:161} INFO - Started process (PID=118579) to work on /home/ccd/airflow_venv/lib/python3.10/site-packages/airflow/example_dags/example_short_circuit_decorator.py
[2025-06-09T17:51:55.823+0200] {processor.py:830} INFO - Processing file /home/ccd/airflow_venv/lib/python3.10/site-packages/airflow/example_dags/example_short_circuit_decorator.py for tasks to queue
[2025-06-09T17:51:55.824+0200] {logging_mixin.py:188} INFO - [2025-06-09T17:51:55.824+0200] {dagbag.py:540} INFO - Filling up the DagBag from /home/ccd/airflow_venv/lib/python3.10/site-packages/airflow/example_dags/example_short_circuit_decorator.py
[2025-06-09T17:51:55.830+0200] {processor.py:840} INFO - DAG(s) 'example_short_circuit_decorator' retrieved from /home/ccd/airflow_venv/lib/python3.10/site-packages/airflow/example_dags/example_short_circuit_decorator.py
[2025-06-09T17:51:55.842+0200] {logging_mixin.py:188} INFO - [2025-06-09T17:51:55.842+0200] {dag.py:3096} INFO - Sync 1 DAGs
[2025-06-09T17:51:55.854+0200] {logging_mixin.py:188} INFO - [2025-06-09T17:51:55.854+0200] {dag.py:3954} INFO - Setting next_dagrun for example_short_circuit_decorator to 2025-06-08 00:00:00+00:00, run_after=2025-06-09 00:00:00+00:00
[2025-06-09T17:51:55.898+0200] {processor.py:183} INFO - Processing /home/ccd/airflow_venv/lib/python3.10/site-packages/airflow/example_dags/example_short_circuit_decorator.py took 0.080 seconds
[2025-06-09T17:52:52.142+0200] {processor.py:161} INFO - Started process (PID=118892) to work on /home/ccd/airflow_venv/lib/python3.10/site-packages/airflow/example_dags/example_short_circuit_decorator.py
[2025-06-09T17:52:52.145+0200] {processor.py:830} INFO - Processing file /home/ccd/airflow_venv/lib/python3.10/site-packages/airflow/example_dags/example_short_circuit_decorator.py for tasks to queue
[2025-06-09T17:52:52.146+0200] {logging_mixin.py:188} INFO - [2025-06-09T17:52:52.146+0200] {dagbag.py:540} INFO - Filling up the DagBag from /home/ccd/airflow_venv/lib/python3.10/site-packages/airflow/example_dags/example_short_circuit_decorator.py
[2025-06-09T17:52:52.153+0200] {processor.py:840} INFO - DAG(s) 'example_short_circuit_decorator' retrieved from /home/ccd/airflow_venv/lib/python3.10/site-packages/airflow/example_dags/example_short_circuit_decorator.py
[2025-06-09T17:52:52.166+0200] {logging_mixin.py:188} INFO - [2025-06-09T17:52:52.165+0200] {dag.py:3096} INFO - Sync 1 DAGs
[2025-06-09T17:52:52.179+0200] {logging_mixin.py:188} INFO - [2025-06-09T17:52:52.179+0200] {dag.py:3954} INFO - Setting next_dagrun for example_short_circuit_decorator to 2025-06-08 00:00:00+00:00, run_after=2025-06-09 00:00:00+00:00
[2025-06-09T17:52:52.212+0200] {processor.py:183} INFO - Processing /home/ccd/airflow_venv/lib/python3.10/site-packages/airflow/example_dags/example_short_circuit_decorator.py took 0.074 seconds
[2025-06-09T17:55:51.728+0200] {processor.py:161} INFO - Started process (PID=122275) to work on /home/ccd/airflow_venv/lib/python3.10/site-packages/airflow/example_dags/example_short_circuit_decorator.py
[2025-06-09T17:55:51.730+0200] {processor.py:830} INFO - Processing file /home/ccd/airflow_venv/lib/python3.10/site-packages/airflow/example_dags/example_short_circuit_decorator.py for tasks to queue
[2025-06-09T17:55:51.731+0200] {logging_mixin.py:188} INFO - [2025-06-09T17:55:51.731+0200] {dagbag.py:540} INFO - Filling up the DagBag from /home/ccd/airflow_venv/lib/python3.10/site-packages/airflow/example_dags/example_short_circuit_decorator.py
[2025-06-09T17:55:51.742+0200] {processor.py:840} INFO - DAG(s) 'example_short_circuit_decorator' retrieved from /home/ccd/airflow_venv/lib/python3.10/site-packages/airflow/example_dags/example_short_circuit_decorator.py
[2025-06-09T17:55:51.762+0200] {logging_mixin.py:188} INFO - [2025-06-09T17:55:51.761+0200] {dag.py:3096} INFO - Sync 1 DAGs
[2025-06-09T17:55:51.784+0200] {logging_mixin.py:188} INFO - [2025-06-09T17:55:51.784+0200] {dag.py:3954} INFO - Setting next_dagrun for example_short_circuit_decorator to 2025-06-08 00:00:00+00:00, run_after=2025-06-09 00:00:00+00:00
[2025-06-09T17:55:51.814+0200] {processor.py:183} INFO - Processing /home/ccd/airflow_venv/lib/python3.10/site-packages/airflow/example_dags/example_short_circuit_decorator.py took 0.092 seconds
[2025-06-09T17:56:46.414+0200] {processor.py:161} INFO - Started process (PID=122692) to work on /home/ccd/airflow_venv/lib/python3.10/site-packages/airflow/example_dags/example_short_circuit_decorator.py
[2025-06-09T17:56:46.415+0200] {processor.py:830} INFO - Processing file /home/ccd/airflow_venv/lib/python3.10/site-packages/airflow/example_dags/example_short_circuit_decorator.py for tasks to queue
[2025-06-09T17:56:46.416+0200] {logging_mixin.py:188} INFO - [2025-06-09T17:56:46.416+0200] {dagbag.py:540} INFO - Filling up the DagBag from /home/ccd/airflow_venv/lib/python3.10/site-packages/airflow/example_dags/example_short_circuit_decorator.py
[2025-06-09T17:56:46.423+0200] {processor.py:840} INFO - DAG(s) 'example_short_circuit_decorator' retrieved from /home/ccd/airflow_venv/lib/python3.10/site-packages/airflow/example_dags/example_short_circuit_decorator.py
[2025-06-09T17:56:46.437+0200] {logging_mixin.py:188} INFO - [2025-06-09T17:56:46.437+0200] {dag.py:3096} INFO - Sync 1 DAGs
[2025-06-09T17:56:46.451+0200] {logging_mixin.py:188} INFO - [2025-06-09T17:56:46.451+0200] {dag.py:3954} INFO - Setting next_dagrun for example_short_circuit_decorator to 2025-06-08 00:00:00+00:00, run_after=2025-06-09 00:00:00+00:00
[2025-06-09T17:56:46.474+0200] {processor.py:183} INFO - Processing /home/ccd/airflow_venv/lib/python3.10/site-packages/airflow/example_dags/example_short_circuit_decorator.py took 0.066 seconds
[2025-06-09T17:57:45.037+0200] {processor.py:161} INFO - Started process (PID=123069) to work on /home/ccd/airflow_venv/lib/python3.10/site-packages/airflow/example_dags/example_short_circuit_decorator.py
[2025-06-09T17:57:45.038+0200] {processor.py:830} INFO - Processing file /home/ccd/airflow_venv/lib/python3.10/site-packages/airflow/example_dags/example_short_circuit_decorator.py for tasks to queue
[2025-06-09T17:57:45.039+0200] {logging_mixin.py:188} INFO - [2025-06-09T17:57:45.039+0200] {dagbag.py:540} INFO - Filling up the DagBag from /home/ccd/airflow_venv/lib/python3.10/site-packages/airflow/example_dags/example_short_circuit_decorator.py
[2025-06-09T17:57:45.045+0200] {processor.py:840} INFO - DAG(s) 'example_short_circuit_decorator' retrieved from /home/ccd/airflow_venv/lib/python3.10/site-packages/airflow/example_dags/example_short_circuit_decorator.py
[2025-06-09T17:57:45.114+0200] {logging_mixin.py:188} INFO - [2025-06-09T17:57:45.114+0200] {dag.py:3096} INFO - Sync 1 DAGs
[2025-06-09T17:57:45.139+0200] {logging_mixin.py:188} INFO - [2025-06-09T17:57:45.139+0200] {dag.py:3954} INFO - Setting next_dagrun for example_short_circuit_decorator to 2025-06-08 00:00:00+00:00, run_after=2025-06-09 00:00:00+00:00
[2025-06-09T17:57:45.164+0200] {processor.py:183} INFO - Processing /home/ccd/airflow_venv/lib/python3.10/site-packages/airflow/example_dags/example_short_circuit_decorator.py took 0.132 seconds
[2025-06-09T17:58:52.191+0200] {processor.py:161} INFO - Started process (PID=123564) to work on /home/ccd/airflow_venv/lib/python3.10/site-packages/airflow/example_dags/example_short_circuit_decorator.py
[2025-06-09T17:58:52.194+0200] {processor.py:830} INFO - Processing file /home/ccd/airflow_venv/lib/python3.10/site-packages/airflow/example_dags/example_short_circuit_decorator.py for tasks to queue
[2025-06-09T17:58:52.195+0200] {logging_mixin.py:188} INFO - [2025-06-09T17:58:52.195+0200] {dagbag.py:540} INFO - Filling up the DagBag from /home/ccd/airflow_venv/lib/python3.10/site-packages/airflow/example_dags/example_short_circuit_decorator.py
[2025-06-09T17:58:52.205+0200] {processor.py:840} INFO - DAG(s) 'example_short_circuit_decorator' retrieved from /home/ccd/airflow_venv/lib/python3.10/site-packages/airflow/example_dags/example_short_circuit_decorator.py
[2025-06-09T17:58:52.211+0200] {logging_mixin.py:188} INFO - [2025-06-09T17:58:52.211+0200] {dag.py:3096} INFO - Sync 1 DAGs
[2025-06-09T17:58:52.230+0200] {logging_mixin.py:188} INFO - [2025-06-09T17:58:52.230+0200] {dag.py:3954} INFO - Setting next_dagrun for example_short_circuit_decorator to 2025-06-08 00:00:00+00:00, run_after=2025-06-09 00:00:00+00:00
[2025-06-09T17:58:52.257+0200] {processor.py:183} INFO - Processing /home/ccd/airflow_venv/lib/python3.10/site-packages/airflow/example_dags/example_short_circuit_decorator.py took 0.071 seconds
[2025-06-09T18:02:23.498+0200] {processor.py:161} INFO - Started process (PID=127041) to work on /home/ccd/airflow_venv/lib/python3.10/site-packages/airflow/example_dags/example_short_circuit_decorator.py
[2025-06-09T18:02:23.509+0200] {processor.py:830} INFO - Processing file /home/ccd/airflow_venv/lib/python3.10/site-packages/airflow/example_dags/example_short_circuit_decorator.py for tasks to queue
[2025-06-09T18:02:23.511+0200] {logging_mixin.py:188} INFO - [2025-06-09T18:02:23.510+0200] {dagbag.py:540} INFO - Filling up the DagBag from /home/ccd/airflow_venv/lib/python3.10/site-packages/airflow/example_dags/example_short_circuit_decorator.py
[2025-06-09T18:02:23.517+0200] {processor.py:840} INFO - DAG(s) 'example_short_circuit_decorator' retrieved from /home/ccd/airflow_venv/lib/python3.10/site-packages/airflow/example_dags/example_short_circuit_decorator.py
[2025-06-09T18:02:23.577+0200] {logging_mixin.py:188} INFO - [2025-06-09T18:02:23.577+0200] {dag.py:3096} INFO - Sync 1 DAGs
[2025-06-09T18:02:23.589+0200] {logging_mixin.py:188} INFO - [2025-06-09T18:02:23.588+0200] {dag.py:3954} INFO - Setting next_dagrun for example_short_circuit_decorator to 2025-06-08 00:00:00+00:00, run_after=2025-06-09 00:00:00+00:00
[2025-06-09T18:02:23.612+0200] {processor.py:183} INFO - Processing /home/ccd/airflow_venv/lib/python3.10/site-packages/airflow/example_dags/example_short_circuit_decorator.py took 0.119 seconds
