[2025-06-09T17:29:51.265+0200] {processor.py:161} INFO - Started process (PID=106481) to work on /home/ccd/airflow_venv/lib/python3.10/site-packages/airflow/example_dags/example_trigger_target_dag.py
[2025-06-09T17:29:51.266+0200] {processor.py:830} INFO - Processing file /home/ccd/airflow_venv/lib/python3.10/site-packages/airflow/example_dags/example_trigger_target_dag.py for tasks to queue
[2025-06-09T17:29:51.267+0200] {logging_mixin.py:188} INFO - [2025-06-09T17:29:51.266+0200] {dagbag.py:540} INFO - Filling up the DagBag from /home/ccd/airflow_venv/lib/python3.10/site-packages/airflow/example_dags/example_trigger_target_dag.py
[2025-06-09T17:29:51.272+0200] {processor.py:840} INFO - DAG(s) 'example_trigger_target_dag' retrieved from /home/ccd/airflow_venv/lib/python3.10/site-packages/airflow/example_dags/example_trigger_target_dag.py
[2025-06-09T17:29:51.379+0200] {logging_mixin.py:188} INFO - [2025-06-09T17:29:51.379+0200] {dag.py:3096} INFO - Sync 1 DAGs
[2025-06-09T17:29:51.384+0200] {logging_mixin.py:188} INFO - [2025-06-09T17:29:51.384+0200] {dag.py:3954} INFO - Setting next_dagrun for example_trigger_target_dag to None, run_after=None
[2025-06-09T17:29:51.414+0200] {processor.py:183} INFO - Processing /home/ccd/airflow_venv/lib/python3.10/site-packages/airflow/example_dags/example_trigger_target_dag.py took 0.153 seconds
[2025-06-09T17:31:00.846+0200] {processor.py:161} INFO - Started process (PID=106936) to work on /home/ccd/airflow_venv/lib/python3.10/site-packages/airflow/example_dags/example_trigger_target_dag.py
[2025-06-09T17:31:00.850+0200] {processor.py:830} INFO - Processing file /home/ccd/airflow_venv/lib/python3.10/site-packages/airflow/example_dags/example_trigger_target_dag.py for tasks to queue
[2025-06-09T17:31:00.863+0200] {logging_mixin.py:188} INFO - [2025-06-09T17:31:00.862+0200] {dagbag.py:540} INFO - Filling up the DagBag from /home/ccd/airflow_venv/lib/python3.10/site-packages/airflow/example_dags/example_trigger_target_dag.py
[2025-06-09T17:31:00.909+0200] {processor.py:840} INFO - DAG(s) 'example_trigger_target_dag' retrieved from /home/ccd/airflow_venv/lib/python3.10/site-packages/airflow/example_dags/example_trigger_target_dag.py
[2025-06-09T17:31:01.233+0200] {logging_mixin.py:188} INFO - [2025-06-09T17:31:01.232+0200] {dag.py:3096} INFO - Sync 1 DAGs
[2025-06-09T17:31:01.303+0200] {logging_mixin.py:188} INFO - [2025-06-09T17:31:01.302+0200] {dag.py:3954} INFO - Setting next_dagrun for example_trigger_target_dag to None, run_after=None
[2025-06-09T17:31:01.413+0200] {processor.py:183} INFO - Processing /home/ccd/airflow_venv/lib/python3.10/site-packages/airflow/example_dags/example_trigger_target_dag.py took 0.615 seconds
[2025-06-09T17:31:59.433+0200] {processor.py:161} INFO - Started process (PID=107299) to work on /home/ccd/airflow_venv/lib/python3.10/site-packages/airflow/example_dags/example_trigger_target_dag.py
[2025-06-09T17:31:59.445+0200] {processor.py:830} INFO - Processing file /home/ccd/airflow_venv/lib/python3.10/site-packages/airflow/example_dags/example_trigger_target_dag.py for tasks to queue
[2025-06-09T17:31:59.447+0200] {logging_mixin.py:188} INFO - [2025-06-09T17:31:59.446+0200] {dagbag.py:540} INFO - Filling up the DagBag from /home/ccd/airflow_venv/lib/python3.10/site-packages/airflow/example_dags/example_trigger_target_dag.py
[2025-06-09T17:31:59.451+0200] {processor.py:840} INFO - DAG(s) 'example_trigger_target_dag' retrieved from /home/ccd/airflow_venv/lib/python3.10/site-packages/airflow/example_dags/example_trigger_target_dag.py
[2025-06-09T17:31:59.461+0200] {logging_mixin.py:188} INFO - [2025-06-09T17:31:59.460+0200] {dag.py:3096} INFO - Sync 1 DAGs
[2025-06-09T17:31:59.467+0200] {logging_mixin.py:188} INFO - [2025-06-09T17:31:59.467+0200] {dag.py:3954} INFO - Setting next_dagrun for example_trigger_target_dag to None, run_after=None
[2025-06-09T17:31:59.487+0200] {processor.py:183} INFO - Processing /home/ccd/airflow_venv/lib/python3.10/site-packages/airflow/example_dags/example_trigger_target_dag.py took 0.059 seconds
[2025-06-09T17:32:54.262+0200] {processor.py:161} INFO - Started process (PID=107607) to work on /home/ccd/airflow_venv/lib/python3.10/site-packages/airflow/example_dags/example_trigger_target_dag.py
[2025-06-09T17:32:54.272+0200] {processor.py:830} INFO - Processing file /home/ccd/airflow_venv/lib/python3.10/site-packages/airflow/example_dags/example_trigger_target_dag.py for tasks to queue
[2025-06-09T17:32:54.273+0200] {logging_mixin.py:188} INFO - [2025-06-09T17:32:54.273+0200] {dagbag.py:540} INFO - Filling up the DagBag from /home/ccd/airflow_venv/lib/python3.10/site-packages/airflow/example_dags/example_trigger_target_dag.py
[2025-06-09T17:32:54.277+0200] {processor.py:840} INFO - DAG(s) 'example_trigger_target_dag' retrieved from /home/ccd/airflow_venv/lib/python3.10/site-packages/airflow/example_dags/example_trigger_target_dag.py
[2025-06-09T17:32:54.286+0200] {logging_mixin.py:188} INFO - [2025-06-09T17:32:54.286+0200] {dag.py:3096} INFO - Sync 1 DAGs
[2025-06-09T17:32:54.294+0200] {logging_mixin.py:188} INFO - [2025-06-09T17:32:54.294+0200] {dag.py:3954} INFO - Setting next_dagrun for example_trigger_target_dag to None, run_after=None
[2025-06-09T17:32:54.314+0200] {processor.py:183} INFO - Processing /home/ccd/airflow_venv/lib/python3.10/site-packages/airflow/example_dags/example_trigger_target_dag.py took 0.057 seconds
[2025-06-09T17:33:48.271+0200] {processor.py:161} INFO - Started process (PID=107899) to work on /home/ccd/airflow_venv/lib/python3.10/site-packages/airflow/example_dags/example_trigger_target_dag.py
[2025-06-09T17:33:48.276+0200] {processor.py:830} INFO - Processing file /home/ccd/airflow_venv/lib/python3.10/site-packages/airflow/example_dags/example_trigger_target_dag.py for tasks to queue
[2025-06-09T17:33:48.277+0200] {logging_mixin.py:188} INFO - [2025-06-09T17:33:48.277+0200] {dagbag.py:540} INFO - Filling up the DagBag from /home/ccd/airflow_venv/lib/python3.10/site-packages/airflow/example_dags/example_trigger_target_dag.py
[2025-06-09T17:33:48.282+0200] {processor.py:840} INFO - DAG(s) 'example_trigger_target_dag' retrieved from /home/ccd/airflow_venv/lib/python3.10/site-packages/airflow/example_dags/example_trigger_target_dag.py
[2025-06-09T17:33:48.291+0200] {logging_mixin.py:188} INFO - [2025-06-09T17:33:48.291+0200] {dag.py:3096} INFO - Sync 1 DAGs
[2025-06-09T17:33:48.298+0200] {logging_mixin.py:188} INFO - [2025-06-09T17:33:48.298+0200] {dag.py:3954} INFO - Setting next_dagrun for example_trigger_target_dag to None, run_after=None
[2025-06-09T17:33:48.319+0200] {processor.py:183} INFO - Processing /home/ccd/airflow_venv/lib/python3.10/site-packages/airflow/example_dags/example_trigger_target_dag.py took 0.053 seconds
[2025-06-09T17:34:44.117+0200] {processor.py:161} INFO - Started process (PID=108234) to work on /home/ccd/airflow_venv/lib/python3.10/site-packages/airflow/example_dags/example_trigger_target_dag.py
[2025-06-09T17:34:44.118+0200] {processor.py:830} INFO - Processing file /home/ccd/airflow_venv/lib/python3.10/site-packages/airflow/example_dags/example_trigger_target_dag.py for tasks to queue
[2025-06-09T17:34:44.119+0200] {logging_mixin.py:188} INFO - [2025-06-09T17:34:44.118+0200] {dagbag.py:540} INFO - Filling up the DagBag from /home/ccd/airflow_venv/lib/python3.10/site-packages/airflow/example_dags/example_trigger_target_dag.py
[2025-06-09T17:34:44.123+0200] {processor.py:840} INFO - DAG(s) 'example_trigger_target_dag' retrieved from /home/ccd/airflow_venv/lib/python3.10/site-packages/airflow/example_dags/example_trigger_target_dag.py
[2025-06-09T17:34:44.132+0200] {logging_mixin.py:188} INFO - [2025-06-09T17:34:44.132+0200] {dag.py:3096} INFO - Sync 1 DAGs
[2025-06-09T17:34:44.140+0200] {logging_mixin.py:188} INFO - [2025-06-09T17:34:44.139+0200] {dag.py:3954} INFO - Setting next_dagrun for example_trigger_target_dag to None, run_after=None
[2025-06-09T17:34:44.160+0200] {processor.py:183} INFO - Processing /home/ccd/airflow_venv/lib/python3.10/site-packages/airflow/example_dags/example_trigger_target_dag.py took 0.047 seconds
[2025-06-09T17:35:35.909+0200] {processor.py:161} INFO - Started process (PID=108523) to work on /home/ccd/airflow_venv/lib/python3.10/site-packages/airflow/example_dags/example_trigger_target_dag.py
[2025-06-09T17:35:35.918+0200] {processor.py:830} INFO - Processing file /home/ccd/airflow_venv/lib/python3.10/site-packages/airflow/example_dags/example_trigger_target_dag.py for tasks to queue
[2025-06-09T17:35:35.919+0200] {logging_mixin.py:188} INFO - [2025-06-09T17:35:35.919+0200] {dagbag.py:540} INFO - Filling up the DagBag from /home/ccd/airflow_venv/lib/python3.10/site-packages/airflow/example_dags/example_trigger_target_dag.py
[2025-06-09T17:35:35.924+0200] {processor.py:840} INFO - DAG(s) 'example_trigger_target_dag' retrieved from /home/ccd/airflow_venv/lib/python3.10/site-packages/airflow/example_dags/example_trigger_target_dag.py
[2025-06-09T17:35:35.935+0200] {logging_mixin.py:188} INFO - [2025-06-09T17:35:35.934+0200] {dag.py:3096} INFO - Sync 1 DAGs
[2025-06-09T17:35:35.942+0200] {logging_mixin.py:188} INFO - [2025-06-09T17:35:35.942+0200] {dag.py:3954} INFO - Setting next_dagrun for example_trigger_target_dag to None, run_after=None
[2025-06-09T17:35:35.965+0200] {processor.py:183} INFO - Processing /home/ccd/airflow_venv/lib/python3.10/site-packages/airflow/example_dags/example_trigger_target_dag.py took 0.060 seconds
[2025-06-09T17:36:33.858+0200] {processor.py:161} INFO - Started process (PID=108897) to work on /home/ccd/airflow_venv/lib/python3.10/site-packages/airflow/example_dags/example_trigger_target_dag.py
[2025-06-09T17:36:33.869+0200] {processor.py:830} INFO - Processing file /home/ccd/airflow_venv/lib/python3.10/site-packages/airflow/example_dags/example_trigger_target_dag.py for tasks to queue
[2025-06-09T17:36:33.870+0200] {logging_mixin.py:188} INFO - [2025-06-09T17:36:33.870+0200] {dagbag.py:540} INFO - Filling up the DagBag from /home/ccd/airflow_venv/lib/python3.10/site-packages/airflow/example_dags/example_trigger_target_dag.py
[2025-06-09T17:36:33.875+0200] {processor.py:840} INFO - DAG(s) 'example_trigger_target_dag' retrieved from /home/ccd/airflow_venv/lib/python3.10/site-packages/airflow/example_dags/example_trigger_target_dag.py
[2025-06-09T17:36:33.887+0200] {logging_mixin.py:188} INFO - [2025-06-09T17:36:33.887+0200] {dag.py:3096} INFO - Sync 1 DAGs
[2025-06-09T17:36:33.895+0200] {logging_mixin.py:188} INFO - [2025-06-09T17:36:33.895+0200] {dag.py:3954} INFO - Setting next_dagrun for example_trigger_target_dag to None, run_after=None
[2025-06-09T17:36:33.926+0200] {processor.py:183} INFO - Processing /home/ccd/airflow_venv/lib/python3.10/site-packages/airflow/example_dags/example_trigger_target_dag.py took 0.072 seconds
[2025-06-09T17:37:33.895+0200] {processor.py:161} INFO - Started process (PID=109243) to work on /home/ccd/airflow_venv/lib/python3.10/site-packages/airflow/example_dags/example_trigger_target_dag.py
[2025-06-09T17:37:33.906+0200] {processor.py:830} INFO - Processing file /home/ccd/airflow_venv/lib/python3.10/site-packages/airflow/example_dags/example_trigger_target_dag.py for tasks to queue
[2025-06-09T17:37:33.907+0200] {logging_mixin.py:188} INFO - [2025-06-09T17:37:33.906+0200] {dagbag.py:540} INFO - Filling up the DagBag from /home/ccd/airflow_venv/lib/python3.10/site-packages/airflow/example_dags/example_trigger_target_dag.py
[2025-06-09T17:37:33.911+0200] {processor.py:840} INFO - DAG(s) 'example_trigger_target_dag' retrieved from /home/ccd/airflow_venv/lib/python3.10/site-packages/airflow/example_dags/example_trigger_target_dag.py
[2025-06-09T17:37:33.920+0200] {logging_mixin.py:188} INFO - [2025-06-09T17:37:33.920+0200] {dag.py:3096} INFO - Sync 1 DAGs
[2025-06-09T17:37:33.928+0200] {logging_mixin.py:188} INFO - [2025-06-09T17:37:33.928+0200] {dag.py:3954} INFO - Setting next_dagrun for example_trigger_target_dag to None, run_after=None
[2025-06-09T17:37:33.948+0200] {processor.py:183} INFO - Processing /home/ccd/airflow_venv/lib/python3.10/site-packages/airflow/example_dags/example_trigger_target_dag.py took 0.058 seconds
[2025-06-09T17:39:04.114+0200] {processor.py:161} INFO - Started process (PID=110185) to work on /home/ccd/airflow_venv/lib/python3.10/site-packages/airflow/example_dags/example_trigger_target_dag.py
[2025-06-09T17:39:04.116+0200] {processor.py:830} INFO - Processing file /home/ccd/airflow_venv/lib/python3.10/site-packages/airflow/example_dags/example_trigger_target_dag.py for tasks to queue
[2025-06-09T17:39:04.117+0200] {logging_mixin.py:188} INFO - [2025-06-09T17:39:04.117+0200] {dagbag.py:540} INFO - Filling up the DagBag from /home/ccd/airflow_venv/lib/python3.10/site-packages/airflow/example_dags/example_trigger_target_dag.py
[2025-06-09T17:39:04.121+0200] {processor.py:840} INFO - DAG(s) 'example_trigger_target_dag' retrieved from /home/ccd/airflow_venv/lib/python3.10/site-packages/airflow/example_dags/example_trigger_target_dag.py
[2025-06-09T17:39:04.131+0200] {logging_mixin.py:188} INFO - [2025-06-09T17:39:04.131+0200] {dag.py:3096} INFO - Sync 1 DAGs
[2025-06-09T17:39:04.140+0200] {logging_mixin.py:188} INFO - [2025-06-09T17:39:04.140+0200] {dag.py:3954} INFO - Setting next_dagrun for example_trigger_target_dag to None, run_after=None
[2025-06-09T17:39:04.162+0200] {processor.py:183} INFO - Processing /home/ccd/airflow_venv/lib/python3.10/site-packages/airflow/example_dags/example_trigger_target_dag.py took 0.052 seconds
[2025-06-09T17:40:18.262+0200] {processor.py:161} INFO - Started process (PID=110835) to work on /home/ccd/airflow_venv/lib/python3.10/site-packages/airflow/example_dags/example_trigger_target_dag.py
[2025-06-09T17:40:18.274+0200] {processor.py:830} INFO - Processing file /home/ccd/airflow_venv/lib/python3.10/site-packages/airflow/example_dags/example_trigger_target_dag.py for tasks to queue
[2025-06-09T17:40:18.276+0200] {logging_mixin.py:188} INFO - [2025-06-09T17:40:18.276+0200] {dagbag.py:540} INFO - Filling up the DagBag from /home/ccd/airflow_venv/lib/python3.10/site-packages/airflow/example_dags/example_trigger_target_dag.py
[2025-06-09T17:40:18.282+0200] {processor.py:840} INFO - DAG(s) 'example_trigger_target_dag' retrieved from /home/ccd/airflow_venv/lib/python3.10/site-packages/airflow/example_dags/example_trigger_target_dag.py
[2025-06-09T17:40:18.296+0200] {logging_mixin.py:188} INFO - [2025-06-09T17:40:18.295+0200] {dag.py:3096} INFO - Sync 1 DAGs
[2025-06-09T17:40:18.305+0200] {logging_mixin.py:188} INFO - [2025-06-09T17:40:18.304+0200] {dag.py:3954} INFO - Setting next_dagrun for example_trigger_target_dag to None, run_after=None
[2025-06-09T17:40:18.330+0200] {processor.py:183} INFO - Processing /home/ccd/airflow_venv/lib/python3.10/site-packages/airflow/example_dags/example_trigger_target_dag.py took 0.073 seconds
[2025-06-09T17:41:33.557+0200] {processor.py:161} INFO - Started process (PID=111381) to work on /home/ccd/airflow_venv/lib/python3.10/site-packages/airflow/example_dags/example_trigger_target_dag.py
[2025-06-09T17:41:33.559+0200] {processor.py:830} INFO - Processing file /home/ccd/airflow_venv/lib/python3.10/site-packages/airflow/example_dags/example_trigger_target_dag.py for tasks to queue
[2025-06-09T17:41:33.561+0200] {logging_mixin.py:188} INFO - [2025-06-09T17:41:33.561+0200] {dagbag.py:540} INFO - Filling up the DagBag from /home/ccd/airflow_venv/lib/python3.10/site-packages/airflow/example_dags/example_trigger_target_dag.py
[2025-06-09T17:41:33.567+0200] {processor.py:840} INFO - DAG(s) 'example_trigger_target_dag' retrieved from /home/ccd/airflow_venv/lib/python3.10/site-packages/airflow/example_dags/example_trigger_target_dag.py
[2025-06-09T17:41:33.589+0200] {logging_mixin.py:188} INFO - [2025-06-09T17:41:33.588+0200] {dag.py:3096} INFO - Sync 1 DAGs
[2025-06-09T17:41:33.599+0200] {logging_mixin.py:188} INFO - [2025-06-09T17:41:33.599+0200] {dag.py:3954} INFO - Setting next_dagrun for example_trigger_target_dag to None, run_after=None
[2025-06-09T17:41:33.625+0200] {processor.py:183} INFO - Processing /home/ccd/airflow_venv/lib/python3.10/site-packages/airflow/example_dags/example_trigger_target_dag.py took 0.074 seconds
[2025-06-09T17:42:36.732+0200] {processor.py:161} INFO - Started process (PID=111781) to work on /home/ccd/airflow_venv/lib/python3.10/site-packages/airflow/example_dags/example_trigger_target_dag.py
[2025-06-09T17:42:36.735+0200] {processor.py:830} INFO - Processing file /home/ccd/airflow_venv/lib/python3.10/site-packages/airflow/example_dags/example_trigger_target_dag.py for tasks to queue
[2025-06-09T17:42:36.735+0200] {logging_mixin.py:188} INFO - [2025-06-09T17:42:36.735+0200] {dagbag.py:540} INFO - Filling up the DagBag from /home/ccd/airflow_venv/lib/python3.10/site-packages/airflow/example_dags/example_trigger_target_dag.py
[2025-06-09T17:42:36.740+0200] {processor.py:840} INFO - DAG(s) 'example_trigger_target_dag' retrieved from /home/ccd/airflow_venv/lib/python3.10/site-packages/airflow/example_dags/example_trigger_target_dag.py
[2025-06-09T17:42:36.749+0200] {logging_mixin.py:188} INFO - [2025-06-09T17:42:36.749+0200] {dag.py:3096} INFO - Sync 1 DAGs
[2025-06-09T17:42:36.757+0200] {logging_mixin.py:188} INFO - [2025-06-09T17:42:36.757+0200] {dag.py:3954} INFO - Setting next_dagrun for example_trigger_target_dag to None, run_after=None
[2025-06-09T17:42:36.798+0200] {processor.py:183} INFO - Processing /home/ccd/airflow_venv/lib/python3.10/site-packages/airflow/example_dags/example_trigger_target_dag.py took 0.069 seconds
[2025-06-09T17:43:45.278+0200] {processor.py:161} INFO - Started process (PID=112396) to work on /home/ccd/airflow_venv/lib/python3.10/site-packages/airflow/example_dags/example_trigger_target_dag.py
[2025-06-09T17:43:45.280+0200] {processor.py:830} INFO - Processing file /home/ccd/airflow_venv/lib/python3.10/site-packages/airflow/example_dags/example_trigger_target_dag.py for tasks to queue
[2025-06-09T17:43:45.281+0200] {logging_mixin.py:188} INFO - [2025-06-09T17:43:45.281+0200] {dagbag.py:540} INFO - Filling up the DagBag from /home/ccd/airflow_venv/lib/python3.10/site-packages/airflow/example_dags/example_trigger_target_dag.py
[2025-06-09T17:43:45.286+0200] {processor.py:840} INFO - DAG(s) 'example_trigger_target_dag' retrieved from /home/ccd/airflow_venv/lib/python3.10/site-packages/airflow/example_dags/example_trigger_target_dag.py
[2025-06-09T17:43:45.393+0200] {logging_mixin.py:188} INFO - [2025-06-09T17:43:45.393+0200] {dag.py:3096} INFO - Sync 1 DAGs
[2025-06-09T17:43:45.400+0200] {logging_mixin.py:188} INFO - [2025-06-09T17:43:45.399+0200] {dag.py:3954} INFO - Setting next_dagrun for example_trigger_target_dag to None, run_after=None
[2025-06-09T17:43:45.421+0200] {processor.py:183} INFO - Processing /home/ccd/airflow_venv/lib/python3.10/site-packages/airflow/example_dags/example_trigger_target_dag.py took 0.147 seconds
[2025-06-09T17:44:52.604+0200] {processor.py:161} INFO - Started process (PID=112812) to work on /home/ccd/airflow_venv/lib/python3.10/site-packages/airflow/example_dags/example_trigger_target_dag.py
[2025-06-09T17:44:52.606+0200] {processor.py:830} INFO - Processing file /home/ccd/airflow_venv/lib/python3.10/site-packages/airflow/example_dags/example_trigger_target_dag.py for tasks to queue
[2025-06-09T17:44:52.607+0200] {logging_mixin.py:188} INFO - [2025-06-09T17:44:52.607+0200] {dagbag.py:540} INFO - Filling up the DagBag from /home/ccd/airflow_venv/lib/python3.10/site-packages/airflow/example_dags/example_trigger_target_dag.py
[2025-06-09T17:44:52.614+0200] {processor.py:840} INFO - DAG(s) 'example_trigger_target_dag' retrieved from /home/ccd/airflow_venv/lib/python3.10/site-packages/airflow/example_dags/example_trigger_target_dag.py
[2025-06-09T17:44:52.632+0200] {logging_mixin.py:188} INFO - [2025-06-09T17:44:52.631+0200] {dag.py:3096} INFO - Sync 1 DAGs
[2025-06-09T17:44:52.641+0200] {logging_mixin.py:188} INFO - [2025-06-09T17:44:52.641+0200] {dag.py:3954} INFO - Setting next_dagrun for example_trigger_target_dag to None, run_after=None
[2025-06-09T17:44:52.666+0200] {processor.py:183} INFO - Processing /home/ccd/airflow_venv/lib/python3.10/site-packages/airflow/example_dags/example_trigger_target_dag.py took 0.066 seconds
[2025-06-09T17:46:02.656+0200] {processor.py:161} INFO - Started process (PID=113300) to work on /home/ccd/airflow_venv/lib/python3.10/site-packages/airflow/example_dags/example_trigger_target_dag.py
[2025-06-09T17:46:02.667+0200] {processor.py:830} INFO - Processing file /home/ccd/airflow_venv/lib/python3.10/site-packages/airflow/example_dags/example_trigger_target_dag.py for tasks to queue
[2025-06-09T17:46:02.669+0200] {logging_mixin.py:188} INFO - [2025-06-09T17:46:02.669+0200] {dagbag.py:540} INFO - Filling up the DagBag from /home/ccd/airflow_venv/lib/python3.10/site-packages/airflow/example_dags/example_trigger_target_dag.py
[2025-06-09T17:46:02.678+0200] {processor.py:840} INFO - DAG(s) 'example_trigger_target_dag' retrieved from /home/ccd/airflow_venv/lib/python3.10/site-packages/airflow/example_dags/example_trigger_target_dag.py
[2025-06-09T17:46:02.694+0200] {logging_mixin.py:188} INFO - [2025-06-09T17:46:02.694+0200] {dag.py:3096} INFO - Sync 1 DAGs
[2025-06-09T17:46:02.703+0200] {logging_mixin.py:188} INFO - [2025-06-09T17:46:02.703+0200] {dag.py:3954} INFO - Setting next_dagrun for example_trigger_target_dag to None, run_after=None
[2025-06-09T17:46:02.726+0200] {processor.py:183} INFO - Processing /home/ccd/airflow_venv/lib/python3.10/site-packages/airflow/example_dags/example_trigger_target_dag.py took 0.074 seconds
[2025-06-09T17:47:04.772+0200] {processor.py:161} INFO - Started process (PID=113695) to work on /home/ccd/airflow_venv/lib/python3.10/site-packages/airflow/example_dags/example_trigger_target_dag.py
[2025-06-09T17:47:04.783+0200] {processor.py:830} INFO - Processing file /home/ccd/airflow_venv/lib/python3.10/site-packages/airflow/example_dags/example_trigger_target_dag.py for tasks to queue
[2025-06-09T17:47:04.786+0200] {logging_mixin.py:188} INFO - [2025-06-09T17:47:04.785+0200] {dagbag.py:540} INFO - Filling up the DagBag from /home/ccd/airflow_venv/lib/python3.10/site-packages/airflow/example_dags/example_trigger_target_dag.py
[2025-06-09T17:47:04.804+0200] {processor.py:840} INFO - DAG(s) 'example_trigger_target_dag' retrieved from /home/ccd/airflow_venv/lib/python3.10/site-packages/airflow/example_dags/example_trigger_target_dag.py
[2025-06-09T17:47:04.873+0200] {logging_mixin.py:188} INFO - [2025-06-09T17:47:04.863+0200] {dag.py:3096} INFO - Sync 1 DAGs
[2025-06-09T17:47:04.969+0200] {logging_mixin.py:188} INFO - [2025-06-09T17:47:04.969+0200] {dag.py:3954} INFO - Setting next_dagrun for example_trigger_target_dag to None, run_after=None
[2025-06-09T17:47:05.062+0200] {processor.py:183} INFO - Processing /home/ccd/airflow_venv/lib/python3.10/site-packages/airflow/example_dags/example_trigger_target_dag.py took 0.299 seconds
[2025-06-09T17:50:13.485+0200] {processor.py:161} INFO - Started process (PID=117683) to work on /home/ccd/airflow_venv/lib/python3.10/site-packages/airflow/example_dags/example_trigger_target_dag.py
[2025-06-09T17:50:13.496+0200] {processor.py:830} INFO - Processing file /home/ccd/airflow_venv/lib/python3.10/site-packages/airflow/example_dags/example_trigger_target_dag.py for tasks to queue
[2025-06-09T17:50:13.498+0200] {logging_mixin.py:188} INFO - [2025-06-09T17:50:13.498+0200] {dagbag.py:540} INFO - Filling up the DagBag from /home/ccd/airflow_venv/lib/python3.10/site-packages/airflow/example_dags/example_trigger_target_dag.py
[2025-06-09T17:50:13.502+0200] {processor.py:840} INFO - DAG(s) 'example_trigger_target_dag' retrieved from /home/ccd/airflow_venv/lib/python3.10/site-packages/airflow/example_dags/example_trigger_target_dag.py
[2025-06-09T17:50:13.513+0200] {logging_mixin.py:188} INFO - [2025-06-09T17:50:13.513+0200] {dag.py:3096} INFO - Sync 1 DAGs
[2025-06-09T17:50:13.520+0200] {logging_mixin.py:188} INFO - [2025-06-09T17:50:13.520+0200] {dag.py:3954} INFO - Setting next_dagrun for example_trigger_target_dag to None, run_after=None
[2025-06-09T17:50:13.542+0200] {processor.py:183} INFO - Processing /home/ccd/airflow_venv/lib/python3.10/site-packages/airflow/example_dags/example_trigger_target_dag.py took 0.061 seconds
[2025-06-09T17:51:36.569+0200] {processor.py:161} INFO - Started process (PID=118426) to work on /home/ccd/airflow_venv/lib/python3.10/site-packages/airflow/example_dags/example_trigger_target_dag.py
[2025-06-09T17:51:36.571+0200] {processor.py:830} INFO - Processing file /home/ccd/airflow_venv/lib/python3.10/site-packages/airflow/example_dags/example_trigger_target_dag.py for tasks to queue
[2025-06-09T17:51:36.573+0200] {logging_mixin.py:188} INFO - [2025-06-09T17:51:36.573+0200] {dagbag.py:540} INFO - Filling up the DagBag from /home/ccd/airflow_venv/lib/python3.10/site-packages/airflow/example_dags/example_trigger_target_dag.py
[2025-06-09T17:51:36.577+0200] {processor.py:840} INFO - DAG(s) 'example_trigger_target_dag' retrieved from /home/ccd/airflow_venv/lib/python3.10/site-packages/airflow/example_dags/example_trigger_target_dag.py
[2025-06-09T17:51:36.588+0200] {logging_mixin.py:188} INFO - [2025-06-09T17:51:36.588+0200] {dag.py:3096} INFO - Sync 1 DAGs
[2025-06-09T17:51:36.596+0200] {logging_mixin.py:188} INFO - [2025-06-09T17:51:36.595+0200] {dag.py:3954} INFO - Setting next_dagrun for example_trigger_target_dag to None, run_after=None
[2025-06-09T17:51:36.617+0200] {processor.py:183} INFO - Processing /home/ccd/airflow_venv/lib/python3.10/site-packages/airflow/example_dags/example_trigger_target_dag.py took 0.052 seconds
[2025-06-09T17:52:33.850+0200] {processor.py:161} INFO - Started process (PID=118763) to work on /home/ccd/airflow_venv/lib/python3.10/site-packages/airflow/example_dags/example_trigger_target_dag.py
[2025-06-09T17:52:33.851+0200] {processor.py:830} INFO - Processing file /home/ccd/airflow_venv/lib/python3.10/site-packages/airflow/example_dags/example_trigger_target_dag.py for tasks to queue
[2025-06-09T17:52:33.853+0200] {logging_mixin.py:188} INFO - [2025-06-09T17:52:33.853+0200] {dagbag.py:540} INFO - Filling up the DagBag from /home/ccd/airflow_venv/lib/python3.10/site-packages/airflow/example_dags/example_trigger_target_dag.py
[2025-06-09T17:52:33.860+0200] {processor.py:840} INFO - DAG(s) 'example_trigger_target_dag' retrieved from /home/ccd/airflow_venv/lib/python3.10/site-packages/airflow/example_dags/example_trigger_target_dag.py
[2025-06-09T17:52:33.875+0200] {logging_mixin.py:188} INFO - [2025-06-09T17:52:33.874+0200] {dag.py:3096} INFO - Sync 1 DAGs
[2025-06-09T17:52:33.885+0200] {logging_mixin.py:188} INFO - [2025-06-09T17:52:33.884+0200] {dag.py:3954} INFO - Setting next_dagrun for example_trigger_target_dag to None, run_after=None
[2025-06-09T17:52:33.916+0200] {processor.py:183} INFO - Processing /home/ccd/airflow_venv/lib/python3.10/site-packages/airflow/example_dags/example_trigger_target_dag.py took 0.071 seconds
[2025-06-09T17:56:10.679+0200] {processor.py:161} INFO - Started process (PID=122388) to work on /home/ccd/airflow_venv/lib/python3.10/site-packages/airflow/example_dags/example_trigger_target_dag.py
[2025-06-09T17:56:10.682+0200] {processor.py:830} INFO - Processing file /home/ccd/airflow_venv/lib/python3.10/site-packages/airflow/example_dags/example_trigger_target_dag.py for tasks to queue
[2025-06-09T17:56:10.683+0200] {logging_mixin.py:188} INFO - [2025-06-09T17:56:10.683+0200] {dagbag.py:540} INFO - Filling up the DagBag from /home/ccd/airflow_venv/lib/python3.10/site-packages/airflow/example_dags/example_trigger_target_dag.py
[2025-06-09T17:56:10.688+0200] {processor.py:840} INFO - DAG(s) 'example_trigger_target_dag' retrieved from /home/ccd/airflow_venv/lib/python3.10/site-packages/airflow/example_dags/example_trigger_target_dag.py
[2025-06-09T17:56:10.699+0200] {logging_mixin.py:188} INFO - [2025-06-09T17:56:10.699+0200] {dag.py:3096} INFO - Sync 1 DAGs
[2025-06-09T17:56:10.708+0200] {logging_mixin.py:188} INFO - [2025-06-09T17:56:10.708+0200] {dag.py:3954} INFO - Setting next_dagrun for example_trigger_target_dag to None, run_after=None
[2025-06-09T17:56:10.730+0200] {processor.py:183} INFO - Processing /home/ccd/airflow_venv/lib/python3.10/site-packages/airflow/example_dags/example_trigger_target_dag.py took 0.056 seconds
[2025-06-09T17:57:11.470+0200] {processor.py:161} INFO - Started process (PID=122823) to work on /home/ccd/airflow_venv/lib/python3.10/site-packages/airflow/example_dags/example_trigger_target_dag.py
[2025-06-09T17:57:11.472+0200] {processor.py:830} INFO - Processing file /home/ccd/airflow_venv/lib/python3.10/site-packages/airflow/example_dags/example_trigger_target_dag.py for tasks to queue
[2025-06-09T17:57:11.473+0200] {logging_mixin.py:188} INFO - [2025-06-09T17:57:11.473+0200] {dagbag.py:540} INFO - Filling up the DagBag from /home/ccd/airflow_venv/lib/python3.10/site-packages/airflow/example_dags/example_trigger_target_dag.py
[2025-06-09T17:57:11.479+0200] {processor.py:840} INFO - DAG(s) 'example_trigger_target_dag' retrieved from /home/ccd/airflow_venv/lib/python3.10/site-packages/airflow/example_dags/example_trigger_target_dag.py
[2025-06-09T17:57:11.495+0200] {logging_mixin.py:188} INFO - [2025-06-09T17:57:11.494+0200] {dag.py:3096} INFO - Sync 1 DAGs
[2025-06-09T17:57:11.509+0200] {logging_mixin.py:188} INFO - [2025-06-09T17:57:11.509+0200] {dag.py:3954} INFO - Setting next_dagrun for example_trigger_target_dag to None, run_after=None
[2025-06-09T17:57:11.538+0200] {processor.py:183} INFO - Processing /home/ccd/airflow_venv/lib/python3.10/site-packages/airflow/example_dags/example_trigger_target_dag.py took 0.074 seconds
[2025-06-09T17:58:10.770+0200] {processor.py:161} INFO - Started process (PID=123226) to work on /home/ccd/airflow_venv/lib/python3.10/site-packages/airflow/example_dags/example_trigger_target_dag.py
[2025-06-09T17:58:10.781+0200] {processor.py:830} INFO - Processing file /home/ccd/airflow_venv/lib/python3.10/site-packages/airflow/example_dags/example_trigger_target_dag.py for tasks to queue
[2025-06-09T17:58:10.782+0200] {logging_mixin.py:188} INFO - [2025-06-09T17:58:10.782+0200] {dagbag.py:540} INFO - Filling up the DagBag from /home/ccd/airflow_venv/lib/python3.10/site-packages/airflow/example_dags/example_trigger_target_dag.py
[2025-06-09T17:58:10.788+0200] {processor.py:840} INFO - DAG(s) 'example_trigger_target_dag' retrieved from /home/ccd/airflow_venv/lib/python3.10/site-packages/airflow/example_dags/example_trigger_target_dag.py
[2025-06-09T17:58:10.803+0200] {logging_mixin.py:188} INFO - [2025-06-09T17:58:10.802+0200] {dag.py:3096} INFO - Sync 1 DAGs
[2025-06-09T17:58:10.814+0200] {logging_mixin.py:188} INFO - [2025-06-09T17:58:10.813+0200] {dag.py:3954} INFO - Setting next_dagrun for example_trigger_target_dag to None, run_after=None
[2025-06-09T17:58:10.841+0200] {processor.py:183} INFO - Processing /home/ccd/airflow_venv/lib/python3.10/site-packages/airflow/example_dags/example_trigger_target_dag.py took 0.078 seconds
[2025-06-09T18:01:43.330+0200] {processor.py:161} INFO - Started process (PID=126769) to work on /home/ccd/airflow_venv/lib/python3.10/site-packages/airflow/example_dags/example_trigger_target_dag.py
[2025-06-09T18:01:43.332+0200] {processor.py:830} INFO - Processing file /home/ccd/airflow_venv/lib/python3.10/site-packages/airflow/example_dags/example_trigger_target_dag.py for tasks to queue
[2025-06-09T18:01:43.333+0200] {logging_mixin.py:188} INFO - [2025-06-09T18:01:43.333+0200] {dagbag.py:540} INFO - Filling up the DagBag from /home/ccd/airflow_venv/lib/python3.10/site-packages/airflow/example_dags/example_trigger_target_dag.py
[2025-06-09T18:01:43.341+0200] {processor.py:840} INFO - DAG(s) 'example_trigger_target_dag' retrieved from /home/ccd/airflow_venv/lib/python3.10/site-packages/airflow/example_dags/example_trigger_target_dag.py
[2025-06-09T18:01:43.492+0200] {logging_mixin.py:188} INFO - [2025-06-09T18:01:43.492+0200] {dag.py:3096} INFO - Sync 1 DAGs
[2025-06-09T18:01:43.499+0200] {logging_mixin.py:188} INFO - [2025-06-09T18:01:43.498+0200] {dag.py:3954} INFO - Setting next_dagrun for example_trigger_target_dag to None, run_after=None
[2025-06-09T18:01:43.528+0200] {processor.py:183} INFO - Processing /home/ccd/airflow_venv/lib/python3.10/site-packages/airflow/example_dags/example_trigger_target_dag.py took 0.203 seconds
