[2025-06-09T17:29:23.374+0200] {processor.py:161} INFO - Started process (PID=106198) to work on /home/ccd/airflow_venv/lib/python3.10/site-packages/airflow/example_dags/example_xcom.py
[2025-06-09T17:29:23.374+0200] {processor.py:830} INFO - Processing file /home/ccd/airflow_venv/lib/python3.10/site-packages/airflow/example_dags/example_xcom.py for tasks to queue
[2025-06-09T17:29:23.376+0200] {logging_mixin.py:188} INFO - [2025-06-09T17:29:23.375+0200] {dagbag.py:540} INFO - Filling up the DagBag from /home/ccd/airflow_venv/lib/python3.10/site-packages/airflow/example_dags/example_xcom.py
[2025-06-09T17:29:23.382+0200] {processor.py:840} INFO - DAG(s) 'example_xcom' retrieved from /home/ccd/airflow_venv/lib/python3.10/site-packages/airflow/example_dags/example_xcom.py
[2025-06-09T17:29:23.387+0200] {logging_mixin.py:188} INFO - [2025-06-09T17:29:23.387+0200] {dag.py:3096} INFO - Sync 1 DAGs
[2025-06-09T17:29:23.402+0200] {logging_mixin.py:188} INFO - [2025-06-09T17:29:23.402+0200] {dag.py:3954} INFO - Setting next_dagrun for example_xcom to 2021-01-01 00:00:00+00:00, run_after=2021-01-01 00:00:00+00:00
[2025-06-09T17:29:23.426+0200] {processor.py:183} INFO - Processing /home/ccd/airflow_venv/lib/python3.10/site-packages/airflow/example_dags/example_xcom.py took 0.057 seconds
[2025-06-09T17:30:51.750+0200] {processor.py:161} INFO - Started process (PID=106875) to work on /home/ccd/airflow_venv/lib/python3.10/site-packages/airflow/example_dags/example_xcom.py
[2025-06-09T17:30:51.761+0200] {processor.py:830} INFO - Processing file /home/ccd/airflow_venv/lib/python3.10/site-packages/airflow/example_dags/example_xcom.py for tasks to queue
[2025-06-09T17:30:51.763+0200] {logging_mixin.py:188} INFO - [2025-06-09T17:30:51.762+0200] {dagbag.py:540} INFO - Filling up the DagBag from /home/ccd/airflow_venv/lib/python3.10/site-packages/airflow/example_dags/example_xcom.py
[2025-06-09T17:30:51.769+0200] {processor.py:840} INFO - DAG(s) 'example_xcom' retrieved from /home/ccd/airflow_venv/lib/python3.10/site-packages/airflow/example_dags/example_xcom.py
[2025-06-09T17:30:51.834+0200] {logging_mixin.py:188} INFO - [2025-06-09T17:30:51.833+0200] {dag.py:3096} INFO - Sync 1 DAGs
[2025-06-09T17:30:51.847+0200] {logging_mixin.py:188} INFO - [2025-06-09T17:30:51.846+0200] {dag.py:3954} INFO - Setting next_dagrun for example_xcom to 2021-01-01 00:00:00+00:00, run_after=2021-01-01 00:00:00+00:00
[2025-06-09T17:30:51.870+0200] {processor.py:183} INFO - Processing /home/ccd/airflow_venv/lib/python3.10/site-packages/airflow/example_dags/example_xcom.py took 0.125 seconds
[2025-06-09T17:31:52.480+0200] {processor.py:161} INFO - Started process (PID=107267) to work on /home/ccd/airflow_venv/lib/python3.10/site-packages/airflow/example_dags/example_xcom.py
[2025-06-09T17:31:52.482+0200] {processor.py:830} INFO - Processing file /home/ccd/airflow_venv/lib/python3.10/site-packages/airflow/example_dags/example_xcom.py for tasks to queue
[2025-06-09T17:31:52.483+0200] {logging_mixin.py:188} INFO - [2025-06-09T17:31:52.483+0200] {dagbag.py:540} INFO - Filling up the DagBag from /home/ccd/airflow_venv/lib/python3.10/site-packages/airflow/example_dags/example_xcom.py
[2025-06-09T17:31:52.490+0200] {processor.py:840} INFO - DAG(s) 'example_xcom' retrieved from /home/ccd/airflow_venv/lib/python3.10/site-packages/airflow/example_dags/example_xcom.py
[2025-06-09T17:31:52.500+0200] {logging_mixin.py:188} INFO - [2025-06-09T17:31:52.500+0200] {dag.py:3096} INFO - Sync 1 DAGs
[2025-06-09T17:31:52.512+0200] {logging_mixin.py:188} INFO - [2025-06-09T17:31:52.512+0200] {dag.py:3954} INFO - Setting next_dagrun for example_xcom to 2021-01-01 00:00:00+00:00, run_after=2021-01-01 00:00:00+00:00
[2025-06-09T17:31:52.534+0200] {processor.py:183} INFO - Processing /home/ccd/airflow_venv/lib/python3.10/site-packages/airflow/example_dags/example_xcom.py took 0.058 seconds
[2025-06-09T17:32:46.928+0200] {processor.py:161} INFO - Started process (PID=107556) to work on /home/ccd/airflow_venv/lib/python3.10/site-packages/airflow/example_dags/example_xcom.py
[2025-06-09T17:32:46.929+0200] {processor.py:830} INFO - Processing file /home/ccd/airflow_venv/lib/python3.10/site-packages/airflow/example_dags/example_xcom.py for tasks to queue
[2025-06-09T17:32:46.931+0200] {logging_mixin.py:188} INFO - [2025-06-09T17:32:46.930+0200] {dagbag.py:540} INFO - Filling up the DagBag from /home/ccd/airflow_venv/lib/python3.10/site-packages/airflow/example_dags/example_xcom.py
[2025-06-09T17:32:46.936+0200] {processor.py:840} INFO - DAG(s) 'example_xcom' retrieved from /home/ccd/airflow_venv/lib/python3.10/site-packages/airflow/example_dags/example_xcom.py
[2025-06-09T17:32:46.947+0200] {logging_mixin.py:188} INFO - [2025-06-09T17:32:46.947+0200] {dag.py:3096} INFO - Sync 1 DAGs
[2025-06-09T17:32:46.959+0200] {logging_mixin.py:188} INFO - [2025-06-09T17:32:46.958+0200] {dag.py:3954} INFO - Setting next_dagrun for example_xcom to 2021-01-01 00:00:00+00:00, run_after=2021-01-01 00:00:00+00:00
[2025-06-09T17:32:46.979+0200] {processor.py:183} INFO - Processing /home/ccd/airflow_venv/lib/python3.10/site-packages/airflow/example_dags/example_xcom.py took 0.055 seconds
[2025-06-09T17:33:42.017+0200] {processor.py:161} INFO - Started process (PID=107892) to work on /home/ccd/airflow_venv/lib/python3.10/site-packages/airflow/example_dags/example_xcom.py
[2025-06-09T17:33:42.028+0200] {processor.py:830} INFO - Processing file /home/ccd/airflow_venv/lib/python3.10/site-packages/airflow/example_dags/example_xcom.py for tasks to queue
[2025-06-09T17:33:42.030+0200] {logging_mixin.py:188} INFO - [2025-06-09T17:33:42.029+0200] {dagbag.py:540} INFO - Filling up the DagBag from /home/ccd/airflow_venv/lib/python3.10/site-packages/airflow/example_dags/example_xcom.py
[2025-06-09T17:33:42.035+0200] {processor.py:840} INFO - DAG(s) 'example_xcom' retrieved from /home/ccd/airflow_venv/lib/python3.10/site-packages/airflow/example_dags/example_xcom.py
[2025-06-09T17:33:42.045+0200] {logging_mixin.py:188} INFO - [2025-06-09T17:33:42.044+0200] {dag.py:3096} INFO - Sync 1 DAGs
[2025-06-09T17:33:42.057+0200] {logging_mixin.py:188} INFO - [2025-06-09T17:33:42.057+0200] {dag.py:3954} INFO - Setting next_dagrun for example_xcom to 2021-01-01 00:00:00+00:00, run_after=2021-01-01 00:00:00+00:00
[2025-06-09T17:33:42.079+0200] {processor.py:183} INFO - Processing /home/ccd/airflow_venv/lib/python3.10/site-packages/airflow/example_dags/example_xcom.py took 0.066 seconds
[2025-06-09T17:34:36.017+0200] {processor.py:161} INFO - Started process (PID=108188) to work on /home/ccd/airflow_venv/lib/python3.10/site-packages/airflow/example_dags/example_xcom.py
[2025-06-09T17:34:36.019+0200] {processor.py:830} INFO - Processing file /home/ccd/airflow_venv/lib/python3.10/site-packages/airflow/example_dags/example_xcom.py for tasks to queue
[2025-06-09T17:34:36.020+0200] {logging_mixin.py:188} INFO - [2025-06-09T17:34:36.019+0200] {dagbag.py:540} INFO - Filling up the DagBag from /home/ccd/airflow_venv/lib/python3.10/site-packages/airflow/example_dags/example_xcom.py
[2025-06-09T17:34:36.025+0200] {processor.py:840} INFO - DAG(s) 'example_xcom' retrieved from /home/ccd/airflow_venv/lib/python3.10/site-packages/airflow/example_dags/example_xcom.py
[2025-06-09T17:34:36.036+0200] {logging_mixin.py:188} INFO - [2025-06-09T17:34:36.035+0200] {dag.py:3096} INFO - Sync 1 DAGs
[2025-06-09T17:34:36.047+0200] {logging_mixin.py:188} INFO - [2025-06-09T17:34:36.047+0200] {dag.py:3954} INFO - Setting next_dagrun for example_xcom to 2021-01-01 00:00:00+00:00, run_after=2021-01-01 00:00:00+00:00
[2025-06-09T17:34:36.067+0200] {processor.py:183} INFO - Processing /home/ccd/airflow_venv/lib/python3.10/site-packages/airflow/example_dags/example_xcom.py took 0.055 seconds
[2025-06-09T17:35:29.274+0200] {processor.py:161} INFO - Started process (PID=108490) to work on /home/ccd/airflow_venv/lib/python3.10/site-packages/airflow/example_dags/example_xcom.py
[2025-06-09T17:35:29.275+0200] {processor.py:830} INFO - Processing file /home/ccd/airflow_venv/lib/python3.10/site-packages/airflow/example_dags/example_xcom.py for tasks to queue
[2025-06-09T17:35:29.276+0200] {logging_mixin.py:188} INFO - [2025-06-09T17:35:29.276+0200] {dagbag.py:540} INFO - Filling up the DagBag from /home/ccd/airflow_venv/lib/python3.10/site-packages/airflow/example_dags/example_xcom.py
[2025-06-09T17:35:29.282+0200] {processor.py:840} INFO - DAG(s) 'example_xcom' retrieved from /home/ccd/airflow_venv/lib/python3.10/site-packages/airflow/example_dags/example_xcom.py
[2025-06-09T17:35:29.292+0200] {logging_mixin.py:188} INFO - [2025-06-09T17:35:29.292+0200] {dag.py:3096} INFO - Sync 1 DAGs
[2025-06-09T17:35:29.304+0200] {logging_mixin.py:188} INFO - [2025-06-09T17:35:29.303+0200] {dag.py:3954} INFO - Setting next_dagrun for example_xcom to 2021-01-01 00:00:00+00:00, run_after=2021-01-01 00:00:00+00:00
[2025-06-09T17:35:29.324+0200] {processor.py:183} INFO - Processing /home/ccd/airflow_venv/lib/python3.10/site-packages/airflow/example_dags/example_xcom.py took 0.055 seconds
[2025-06-09T17:36:26.498+0200] {processor.py:161} INFO - Started process (PID=108865) to work on /home/ccd/airflow_venv/lib/python3.10/site-packages/airflow/example_dags/example_xcom.py
[2025-06-09T17:36:26.509+0200] {processor.py:830} INFO - Processing file /home/ccd/airflow_venv/lib/python3.10/site-packages/airflow/example_dags/example_xcom.py for tasks to queue
[2025-06-09T17:36:26.512+0200] {logging_mixin.py:188} INFO - [2025-06-09T17:36:26.512+0200] {dagbag.py:540} INFO - Filling up the DagBag from /home/ccd/airflow_venv/lib/python3.10/site-packages/airflow/example_dags/example_xcom.py
[2025-06-09T17:36:26.543+0200] {processor.py:840} INFO - DAG(s) 'example_xcom' retrieved from /home/ccd/airflow_venv/lib/python3.10/site-packages/airflow/example_dags/example_xcom.py
[2025-06-09T17:36:26.606+0200] {logging_mixin.py:188} INFO - [2025-06-09T17:36:26.606+0200] {dag.py:3096} INFO - Sync 1 DAGs
[2025-06-09T17:36:26.676+0200] {logging_mixin.py:188} INFO - [2025-06-09T17:36:26.675+0200] {dag.py:3954} INFO - Setting next_dagrun for example_xcom to 2021-01-01 00:00:00+00:00, run_after=2021-01-01 00:00:00+00:00
[2025-06-09T17:36:26.952+0200] {processor.py:183} INFO - Processing /home/ccd/airflow_venv/lib/python3.10/site-packages/airflow/example_dags/example_xcom.py took 0.471 seconds
[2025-06-09T17:37:26.635+0200] {processor.py:161} INFO - Started process (PID=109231) to work on /home/ccd/airflow_venv/lib/python3.10/site-packages/airflow/example_dags/example_xcom.py
[2025-06-09T17:37:26.638+0200] {processor.py:830} INFO - Processing file /home/ccd/airflow_venv/lib/python3.10/site-packages/airflow/example_dags/example_xcom.py for tasks to queue
[2025-06-09T17:37:26.640+0200] {logging_mixin.py:188} INFO - [2025-06-09T17:37:26.639+0200] {dagbag.py:540} INFO - Filling up the DagBag from /home/ccd/airflow_venv/lib/python3.10/site-packages/airflow/example_dags/example_xcom.py
[2025-06-09T17:37:26.648+0200] {processor.py:840} INFO - DAG(s) 'example_xcom' retrieved from /home/ccd/airflow_venv/lib/python3.10/site-packages/airflow/example_dags/example_xcom.py
[2025-06-09T17:37:26.669+0200] {logging_mixin.py:188} INFO - [2025-06-09T17:37:26.669+0200] {dag.py:3096} INFO - Sync 1 DAGs
[2025-06-09T17:37:26.692+0200] {logging_mixin.py:188} INFO - [2025-06-09T17:37:26.692+0200] {dag.py:3954} INFO - Setting next_dagrun for example_xcom to 2021-01-01 00:00:00+00:00, run_after=2021-01-01 00:00:00+00:00
[2025-06-09T17:37:26.726+0200] {processor.py:183} INFO - Processing /home/ccd/airflow_venv/lib/python3.10/site-packages/airflow/example_dags/example_xcom.py took 0.097 seconds
[2025-06-09T17:38:57.403+0200] {processor.py:161} INFO - Started process (PID=110154) to work on /home/ccd/airflow_venv/lib/python3.10/site-packages/airflow/example_dags/example_xcom.py
[2025-06-09T17:38:57.404+0200] {processor.py:830} INFO - Processing file /home/ccd/airflow_venv/lib/python3.10/site-packages/airflow/example_dags/example_xcom.py for tasks to queue
[2025-06-09T17:38:57.406+0200] {logging_mixin.py:188} INFO - [2025-06-09T17:38:57.406+0200] {dagbag.py:540} INFO - Filling up the DagBag from /home/ccd/airflow_venv/lib/python3.10/site-packages/airflow/example_dags/example_xcom.py
[2025-06-09T17:38:57.417+0200] {processor.py:840} INFO - DAG(s) 'example_xcom' retrieved from /home/ccd/airflow_venv/lib/python3.10/site-packages/airflow/example_dags/example_xcom.py
[2025-06-09T17:38:57.440+0200] {logging_mixin.py:188} INFO - [2025-06-09T17:38:57.440+0200] {dag.py:3096} INFO - Sync 1 DAGs
[2025-06-09T17:38:57.462+0200] {logging_mixin.py:188} INFO - [2025-06-09T17:38:57.462+0200] {dag.py:3954} INFO - Setting next_dagrun for example_xcom to 2021-01-01 00:00:00+00:00, run_after=2021-01-01 00:00:00+00:00
[2025-06-09T17:38:57.493+0200] {processor.py:183} INFO - Processing /home/ccd/airflow_venv/lib/python3.10/site-packages/airflow/example_dags/example_xcom.py took 0.096 seconds
[2025-06-09T17:40:10.702+0200] {processor.py:161} INFO - Started process (PID=110821) to work on /home/ccd/airflow_venv/lib/python3.10/site-packages/airflow/example_dags/example_xcom.py
[2025-06-09T17:40:10.705+0200] {processor.py:830} INFO - Processing file /home/ccd/airflow_venv/lib/python3.10/site-packages/airflow/example_dags/example_xcom.py for tasks to queue
[2025-06-09T17:40:10.707+0200] {logging_mixin.py:188} INFO - [2025-06-09T17:40:10.706+0200] {dagbag.py:540} INFO - Filling up the DagBag from /home/ccd/airflow_venv/lib/python3.10/site-packages/airflow/example_dags/example_xcom.py
[2025-06-09T17:40:10.715+0200] {processor.py:840} INFO - DAG(s) 'example_xcom' retrieved from /home/ccd/airflow_venv/lib/python3.10/site-packages/airflow/example_dags/example_xcom.py
[2025-06-09T17:40:10.731+0200] {logging_mixin.py:188} INFO - [2025-06-09T17:40:10.731+0200] {dag.py:3096} INFO - Sync 1 DAGs
[2025-06-09T17:40:10.750+0200] {logging_mixin.py:188} INFO - [2025-06-09T17:40:10.750+0200] {dag.py:3954} INFO - Setting next_dagrun for example_xcom to 2021-01-01 00:00:00+00:00, run_after=2021-01-01 00:00:00+00:00
[2025-06-09T17:40:10.785+0200] {processor.py:183} INFO - Processing /home/ccd/airflow_venv/lib/python3.10/site-packages/airflow/example_dags/example_xcom.py took 0.090 seconds
[2025-06-09T17:41:26.980+0200] {processor.py:161} INFO - Started process (PID=111323) to work on /home/ccd/airflow_venv/lib/python3.10/site-packages/airflow/example_dags/example_xcom.py
[2025-06-09T17:41:26.991+0200] {processor.py:830} INFO - Processing file /home/ccd/airflow_venv/lib/python3.10/site-packages/airflow/example_dags/example_xcom.py for tasks to queue
[2025-06-09T17:41:26.992+0200] {logging_mixin.py:188} INFO - [2025-06-09T17:41:26.992+0200] {dagbag.py:540} INFO - Filling up the DagBag from /home/ccd/airflow_venv/lib/python3.10/site-packages/airflow/example_dags/example_xcom.py
[2025-06-09T17:41:26.997+0200] {processor.py:840} INFO - DAG(s) 'example_xcom' retrieved from /home/ccd/airflow_venv/lib/python3.10/site-packages/airflow/example_dags/example_xcom.py
[2025-06-09T17:41:27.009+0200] {logging_mixin.py:188} INFO - [2025-06-09T17:41:27.008+0200] {dag.py:3096} INFO - Sync 1 DAGs
[2025-06-09T17:41:27.021+0200] {logging_mixin.py:188} INFO - [2025-06-09T17:41:27.021+0200] {dag.py:3954} INFO - Setting next_dagrun for example_xcom to 2021-01-01 00:00:00+00:00, run_after=2021-01-01 00:00:00+00:00
[2025-06-09T17:41:27.047+0200] {processor.py:183} INFO - Processing /home/ccd/airflow_venv/lib/python3.10/site-packages/airflow/example_dags/example_xcom.py took 0.072 seconds
[2025-06-09T17:42:30.470+0200] {processor.py:161} INFO - Started process (PID=111725) to work on /home/ccd/airflow_venv/lib/python3.10/site-packages/airflow/example_dags/example_xcom.py
[2025-06-09T17:42:30.482+0200] {processor.py:830} INFO - Processing file /home/ccd/airflow_venv/lib/python3.10/site-packages/airflow/example_dags/example_xcom.py for tasks to queue
[2025-06-09T17:42:30.483+0200] {logging_mixin.py:188} INFO - [2025-06-09T17:42:30.483+0200] {dagbag.py:540} INFO - Filling up the DagBag from /home/ccd/airflow_venv/lib/python3.10/site-packages/airflow/example_dags/example_xcom.py
[2025-06-09T17:42:30.503+0200] {processor.py:840} INFO - DAG(s) 'example_xcom' retrieved from /home/ccd/airflow_venv/lib/python3.10/site-packages/airflow/example_dags/example_xcom.py
[2025-06-09T17:42:30.524+0200] {logging_mixin.py:188} INFO - [2025-06-09T17:42:30.523+0200] {dag.py:3096} INFO - Sync 1 DAGs
[2025-06-09T17:42:30.560+0200] {logging_mixin.py:188} INFO - [2025-06-09T17:42:30.560+0200] {dag.py:3954} INFO - Setting next_dagrun for example_xcom to 2021-01-01 00:00:00+00:00, run_after=2021-01-01 00:00:00+00:00
[2025-06-09T17:42:30.604+0200] {processor.py:183} INFO - Processing /home/ccd/airflow_venv/lib/python3.10/site-packages/airflow/example_dags/example_xcom.py took 0.142 seconds
[2025-06-09T17:43:37.390+0200] {processor.py:161} INFO - Started process (PID=112359) to work on /home/ccd/airflow_venv/lib/python3.10/site-packages/airflow/example_dags/example_xcom.py
[2025-06-09T17:43:37.403+0200] {processor.py:830} INFO - Processing file /home/ccd/airflow_venv/lib/python3.10/site-packages/airflow/example_dags/example_xcom.py for tasks to queue
[2025-06-09T17:43:37.407+0200] {logging_mixin.py:188} INFO - [2025-06-09T17:43:37.406+0200] {dagbag.py:540} INFO - Filling up the DagBag from /home/ccd/airflow_venv/lib/python3.10/site-packages/airflow/example_dags/example_xcom.py
[2025-06-09T17:43:37.424+0200] {processor.py:840} INFO - DAG(s) 'example_xcom' retrieved from /home/ccd/airflow_venv/lib/python3.10/site-packages/airflow/example_dags/example_xcom.py
[2025-06-09T17:43:37.528+0200] {logging_mixin.py:188} INFO - [2025-06-09T17:43:37.527+0200] {dag.py:3096} INFO - Sync 1 DAGs
[2025-06-09T17:43:37.545+0200] {logging_mixin.py:188} INFO - [2025-06-09T17:43:37.544+0200] {dag.py:3954} INFO - Setting next_dagrun for example_xcom to 2021-01-01 00:00:00+00:00, run_after=2021-01-01 00:00:00+00:00
[2025-06-09T17:43:37.660+0200] {processor.py:183} INFO - Processing /home/ccd/airflow_venv/lib/python3.10/site-packages/airflow/example_dags/example_xcom.py took 0.283 seconds
[2025-06-09T17:44:45.742+0200] {processor.py:161} INFO - Started process (PID=112771) to work on /home/ccd/airflow_venv/lib/python3.10/site-packages/airflow/example_dags/example_xcom.py
[2025-06-09T17:44:45.744+0200] {processor.py:830} INFO - Processing file /home/ccd/airflow_venv/lib/python3.10/site-packages/airflow/example_dags/example_xcom.py for tasks to queue
[2025-06-09T17:44:45.745+0200] {logging_mixin.py:188} INFO - [2025-06-09T17:44:45.745+0200] {dagbag.py:540} INFO - Filling up the DagBag from /home/ccd/airflow_venv/lib/python3.10/site-packages/airflow/example_dags/example_xcom.py
[2025-06-09T17:44:45.750+0200] {processor.py:840} INFO - DAG(s) 'example_xcom' retrieved from /home/ccd/airflow_venv/lib/python3.10/site-packages/airflow/example_dags/example_xcom.py
[2025-06-09T17:44:45.762+0200] {logging_mixin.py:188} INFO - [2025-06-09T17:44:45.761+0200] {dag.py:3096} INFO - Sync 1 DAGs
[2025-06-09T17:44:45.773+0200] {logging_mixin.py:188} INFO - [2025-06-09T17:44:45.773+0200] {dag.py:3954} INFO - Setting next_dagrun for example_xcom to 2021-01-01 00:00:00+00:00, run_after=2021-01-01 00:00:00+00:00
[2025-06-09T17:44:45.801+0200] {processor.py:183} INFO - Processing /home/ccd/airflow_venv/lib/python3.10/site-packages/airflow/example_dags/example_xcom.py took 0.064 seconds
[2025-06-09T17:45:55.183+0200] {processor.py:161} INFO - Started process (PID=113267) to work on /home/ccd/airflow_venv/lib/python3.10/site-packages/airflow/example_dags/example_xcom.py
[2025-06-09T17:45:55.194+0200] {processor.py:830} INFO - Processing file /home/ccd/airflow_venv/lib/python3.10/site-packages/airflow/example_dags/example_xcom.py for tasks to queue
[2025-06-09T17:45:55.196+0200] {logging_mixin.py:188} INFO - [2025-06-09T17:45:55.196+0200] {dagbag.py:540} INFO - Filling up the DagBag from /home/ccd/airflow_venv/lib/python3.10/site-packages/airflow/example_dags/example_xcom.py
[2025-06-09T17:45:55.202+0200] {processor.py:840} INFO - DAG(s) 'example_xcom' retrieved from /home/ccd/airflow_venv/lib/python3.10/site-packages/airflow/example_dags/example_xcom.py
[2025-06-09T17:45:55.216+0200] {logging_mixin.py:188} INFO - [2025-06-09T17:45:55.216+0200] {dag.py:3096} INFO - Sync 1 DAGs
[2025-06-09T17:45:55.230+0200] {logging_mixin.py:188} INFO - [2025-06-09T17:45:55.230+0200] {dag.py:3954} INFO - Setting next_dagrun for example_xcom to 2021-01-01 00:00:00+00:00, run_after=2021-01-01 00:00:00+00:00
[2025-06-09T17:45:55.257+0200] {processor.py:183} INFO - Processing /home/ccd/airflow_venv/lib/python3.10/site-packages/airflow/example_dags/example_xcom.py took 0.079 seconds
[2025-06-09T17:46:57.278+0200] {processor.py:161} INFO - Started process (PID=113662) to work on /home/ccd/airflow_venv/lib/python3.10/site-packages/airflow/example_dags/example_xcom.py
[2025-06-09T17:46:57.279+0200] {processor.py:830} INFO - Processing file /home/ccd/airflow_venv/lib/python3.10/site-packages/airflow/example_dags/example_xcom.py for tasks to queue
[2025-06-09T17:46:57.280+0200] {logging_mixin.py:188} INFO - [2025-06-09T17:46:57.280+0200] {dagbag.py:540} INFO - Filling up the DagBag from /home/ccd/airflow_venv/lib/python3.10/site-packages/airflow/example_dags/example_xcom.py
[2025-06-09T17:46:57.286+0200] {processor.py:840} INFO - DAG(s) 'example_xcom' retrieved from /home/ccd/airflow_venv/lib/python3.10/site-packages/airflow/example_dags/example_xcom.py
[2025-06-09T17:46:57.296+0200] {logging_mixin.py:188} INFO - [2025-06-09T17:46:57.296+0200] {dag.py:3096} INFO - Sync 1 DAGs
[2025-06-09T17:46:57.309+0200] {logging_mixin.py:188} INFO - [2025-06-09T17:46:57.308+0200] {dag.py:3954} INFO - Setting next_dagrun for example_xcom to 2021-01-01 00:00:00+00:00, run_after=2021-01-01 00:00:00+00:00
[2025-06-09T17:46:57.330+0200] {processor.py:183} INFO - Processing /home/ccd/airflow_venv/lib/python3.10/site-packages/airflow/example_dags/example_xcom.py took 0.056 seconds
[2025-06-09T17:49:56.727+0200] {processor.py:161} INFO - Started process (PID=117455) to work on /home/ccd/airflow_venv/lib/python3.10/site-packages/airflow/example_dags/example_xcom.py
[2025-06-09T17:49:56.729+0200] {processor.py:830} INFO - Processing file /home/ccd/airflow_venv/lib/python3.10/site-packages/airflow/example_dags/example_xcom.py for tasks to queue
[2025-06-09T17:49:56.730+0200] {logging_mixin.py:188} INFO - [2025-06-09T17:49:56.730+0200] {dagbag.py:540} INFO - Filling up the DagBag from /home/ccd/airflow_venv/lib/python3.10/site-packages/airflow/example_dags/example_xcom.py
[2025-06-09T17:49:56.736+0200] {processor.py:840} INFO - DAG(s) 'example_xcom' retrieved from /home/ccd/airflow_venv/lib/python3.10/site-packages/airflow/example_dags/example_xcom.py
[2025-06-09T17:49:56.748+0200] {logging_mixin.py:188} INFO - [2025-06-09T17:49:56.748+0200] {dag.py:3096} INFO - Sync 1 DAGs
[2025-06-09T17:49:56.762+0200] {logging_mixin.py:188} INFO - [2025-06-09T17:49:56.761+0200] {dag.py:3954} INFO - Setting next_dagrun for example_xcom to 2021-01-01 00:00:00+00:00, run_after=2021-01-01 00:00:00+00:00
[2025-06-09T17:49:56.825+0200] {processor.py:183} INFO - Processing /home/ccd/airflow_venv/lib/python3.10/site-packages/airflow/example_dags/example_xcom.py took 0.102 seconds
[2025-06-09T17:51:29.266+0200] {processor.py:161} INFO - Started process (PID=118415) to work on /home/ccd/airflow_venv/lib/python3.10/site-packages/airflow/example_dags/example_xcom.py
[2025-06-09T17:51:29.278+0200] {processor.py:830} INFO - Processing file /home/ccd/airflow_venv/lib/python3.10/site-packages/airflow/example_dags/example_xcom.py for tasks to queue
[2025-06-09T17:51:29.279+0200] {logging_mixin.py:188} INFO - [2025-06-09T17:51:29.279+0200] {dagbag.py:540} INFO - Filling up the DagBag from /home/ccd/airflow_venv/lib/python3.10/site-packages/airflow/example_dags/example_xcom.py
[2025-06-09T17:51:29.285+0200] {processor.py:840} INFO - DAG(s) 'example_xcom' retrieved from /home/ccd/airflow_venv/lib/python3.10/site-packages/airflow/example_dags/example_xcom.py
[2025-06-09T17:51:29.297+0200] {logging_mixin.py:188} INFO - [2025-06-09T17:51:29.296+0200] {dag.py:3096} INFO - Sync 1 DAGs
[2025-06-09T17:51:29.309+0200] {logging_mixin.py:188} INFO - [2025-06-09T17:51:29.309+0200] {dag.py:3954} INFO - Setting next_dagrun for example_xcom to 2021-01-01 00:00:00+00:00, run_after=2021-01-01 00:00:00+00:00
[2025-06-09T17:51:29.332+0200] {processor.py:183} INFO - Processing /home/ccd/airflow_venv/lib/python3.10/site-packages/airflow/example_dags/example_xcom.py took 0.070 seconds
[2025-06-09T17:52:26.469+0200] {processor.py:161} INFO - Started process (PID=118728) to work on /home/ccd/airflow_venv/lib/python3.10/site-packages/airflow/example_dags/example_xcom.py
[2025-06-09T17:52:26.480+0200] {processor.py:830} INFO - Processing file /home/ccd/airflow_venv/lib/python3.10/site-packages/airflow/example_dags/example_xcom.py for tasks to queue
[2025-06-09T17:52:26.481+0200] {logging_mixin.py:188} INFO - [2025-06-09T17:52:26.481+0200] {dagbag.py:540} INFO - Filling up the DagBag from /home/ccd/airflow_venv/lib/python3.10/site-packages/airflow/example_dags/example_xcom.py
[2025-06-09T17:52:26.487+0200] {processor.py:840} INFO - DAG(s) 'example_xcom' retrieved from /home/ccd/airflow_venv/lib/python3.10/site-packages/airflow/example_dags/example_xcom.py
[2025-06-09T17:52:26.498+0200] {logging_mixin.py:188} INFO - [2025-06-09T17:52:26.497+0200] {dag.py:3096} INFO - Sync 1 DAGs
[2025-06-09T17:52:26.510+0200] {logging_mixin.py:188} INFO - [2025-06-09T17:52:26.510+0200] {dag.py:3954} INFO - Setting next_dagrun for example_xcom to 2021-01-01 00:00:00+00:00, run_after=2021-01-01 00:00:00+00:00
[2025-06-09T17:52:26.531+0200] {processor.py:183} INFO - Processing /home/ccd/airflow_venv/lib/python3.10/site-packages/airflow/example_dags/example_xcom.py took 0.066 seconds
[2025-06-09T17:56:04.412+0200] {processor.py:161} INFO - Started process (PID=122374) to work on /home/ccd/airflow_venv/lib/python3.10/site-packages/airflow/example_dags/example_xcom.py
[2025-06-09T17:56:04.424+0200] {processor.py:830} INFO - Processing file /home/ccd/airflow_venv/lib/python3.10/site-packages/airflow/example_dags/example_xcom.py for tasks to queue
[2025-06-09T17:56:04.425+0200] {logging_mixin.py:188} INFO - [2025-06-09T17:56:04.425+0200] {dagbag.py:540} INFO - Filling up the DagBag from /home/ccd/airflow_venv/lib/python3.10/site-packages/airflow/example_dags/example_xcom.py
[2025-06-09T17:56:04.431+0200] {processor.py:840} INFO - DAG(s) 'example_xcom' retrieved from /home/ccd/airflow_venv/lib/python3.10/site-packages/airflow/example_dags/example_xcom.py
[2025-06-09T17:56:04.442+0200] {logging_mixin.py:188} INFO - [2025-06-09T17:56:04.441+0200] {dag.py:3096} INFO - Sync 1 DAGs
[2025-06-09T17:56:04.454+0200] {logging_mixin.py:188} INFO - [2025-06-09T17:56:04.453+0200] {dag.py:3954} INFO - Setting next_dagrun for example_xcom to 2021-01-01 00:00:00+00:00, run_after=2021-01-01 00:00:00+00:00
[2025-06-09T17:56:04.479+0200] {processor.py:183} INFO - Processing /home/ccd/airflow_venv/lib/python3.10/site-packages/airflow/example_dags/example_xcom.py took 0.071 seconds
[2025-06-09T17:56:59.956+0200] {processor.py:161} INFO - Started process (PID=122771) to work on /home/ccd/airflow_venv/lib/python3.10/site-packages/airflow/example_dags/example_xcom.py
[2025-06-09T17:56:59.958+0200] {processor.py:830} INFO - Processing file /home/ccd/airflow_venv/lib/python3.10/site-packages/airflow/example_dags/example_xcom.py for tasks to queue
[2025-06-09T17:56:59.959+0200] {logging_mixin.py:188} INFO - [2025-06-09T17:56:59.959+0200] {dagbag.py:540} INFO - Filling up the DagBag from /home/ccd/airflow_venv/lib/python3.10/site-packages/airflow/example_dags/example_xcom.py
[2025-06-09T17:56:59.964+0200] {processor.py:840} INFO - DAG(s) 'example_xcom' retrieved from /home/ccd/airflow_venv/lib/python3.10/site-packages/airflow/example_dags/example_xcom.py
[2025-06-09T17:56:59.976+0200] {logging_mixin.py:188} INFO - [2025-06-09T17:56:59.976+0200] {dag.py:3096} INFO - Sync 1 DAGs
[2025-06-09T17:56:59.990+0200] {logging_mixin.py:188} INFO - [2025-06-09T17:56:59.989+0200] {dag.py:3954} INFO - Setting next_dagrun for example_xcom to 2021-01-01 00:00:00+00:00, run_after=2021-01-01 00:00:00+00:00
[2025-06-09T17:57:00.017+0200] {processor.py:183} INFO - Processing /home/ccd/airflow_venv/lib/python3.10/site-packages/airflow/example_dags/example_xcom.py took 0.065 seconds
[2025-06-09T17:58:00.739+0200] {processor.py:161} INFO - Started process (PID=123160) to work on /home/ccd/airflow_venv/lib/python3.10/site-packages/airflow/example_dags/example_xcom.py
[2025-06-09T17:58:00.750+0200] {processor.py:830} INFO - Processing file /home/ccd/airflow_venv/lib/python3.10/site-packages/airflow/example_dags/example_xcom.py for tasks to queue
[2025-06-09T17:58:00.752+0200] {logging_mixin.py:188} INFO - [2025-06-09T17:58:00.751+0200] {dagbag.py:540} INFO - Filling up the DagBag from /home/ccd/airflow_venv/lib/python3.10/site-packages/airflow/example_dags/example_xcom.py
[2025-06-09T17:58:00.757+0200] {processor.py:840} INFO - DAG(s) 'example_xcom' retrieved from /home/ccd/airflow_venv/lib/python3.10/site-packages/airflow/example_dags/example_xcom.py
[2025-06-09T17:58:00.769+0200] {logging_mixin.py:188} INFO - [2025-06-09T17:58:00.769+0200] {dag.py:3096} INFO - Sync 1 DAGs
[2025-06-09T17:58:00.781+0200] {logging_mixin.py:188} INFO - [2025-06-09T17:58:00.781+0200] {dag.py:3954} INFO - Setting next_dagrun for example_xcom to 2021-01-01 00:00:00+00:00, run_after=2021-01-01 00:00:00+00:00
[2025-06-09T17:58:00.805+0200] {processor.py:183} INFO - Processing /home/ccd/airflow_venv/lib/python3.10/site-packages/airflow/example_dags/example_xcom.py took 0.070 seconds
[2025-06-09T18:00:35.380+0200] {processor.py:161} INFO - Started process (PID=125506) to work on /home/ccd/airflow_venv/lib/python3.10/site-packages/airflow/example_dags/example_xcom.py
[2025-06-09T18:00:35.382+0200] {processor.py:830} INFO - Processing file /home/ccd/airflow_venv/lib/python3.10/site-packages/airflow/example_dags/example_xcom.py for tasks to queue
[2025-06-09T18:00:35.384+0200] {logging_mixin.py:188} INFO - [2025-06-09T18:00:35.384+0200] {dagbag.py:540} INFO - Filling up the DagBag from /home/ccd/airflow_venv/lib/python3.10/site-packages/airflow/example_dags/example_xcom.py
[2025-06-09T18:00:35.395+0200] {processor.py:840} INFO - DAG(s) 'example_xcom' retrieved from /home/ccd/airflow_venv/lib/python3.10/site-packages/airflow/example_dags/example_xcom.py
[2025-06-09T18:00:35.501+0200] {logging_mixin.py:188} INFO - [2025-06-09T18:00:35.501+0200] {dag.py:3096} INFO - Sync 1 DAGs
[2025-06-09T18:00:35.518+0200] {logging_mixin.py:188} INFO - [2025-06-09T18:00:35.518+0200] {dag.py:3954} INFO - Setting next_dagrun for example_xcom to 2021-01-01 00:00:00+00:00, run_after=2021-01-01 00:00:00+00:00
[2025-06-09T18:00:35.629+0200] {processor.py:183} INFO - Processing /home/ccd/airflow_venv/lib/python3.10/site-packages/airflow/example_dags/example_xcom.py took 0.257 seconds
[2025-06-09T18:02:38.343+0200] {processor.py:161} INFO - Started process (PID=127085) to work on /home/ccd/airflow_venv/lib/python3.10/site-packages/airflow/example_dags/example_xcom.py
[2025-06-09T18:02:38.355+0200] {processor.py:830} INFO - Processing file /home/ccd/airflow_venv/lib/python3.10/site-packages/airflow/example_dags/example_xcom.py for tasks to queue
[2025-06-09T18:02:38.356+0200] {logging_mixin.py:188} INFO - [2025-06-09T18:02:38.356+0200] {dagbag.py:540} INFO - Filling up the DagBag from /home/ccd/airflow_venv/lib/python3.10/site-packages/airflow/example_dags/example_xcom.py
[2025-06-09T18:02:38.362+0200] {processor.py:840} INFO - DAG(s) 'example_xcom' retrieved from /home/ccd/airflow_venv/lib/python3.10/site-packages/airflow/example_dags/example_xcom.py
[2025-06-09T18:02:38.392+0200] {logging_mixin.py:188} INFO - [2025-06-09T18:02:38.392+0200] {dag.py:3096} INFO - Sync 1 DAGs
[2025-06-09T18:02:38.404+0200] {logging_mixin.py:188} INFO - [2025-06-09T18:02:38.403+0200] {dag.py:3954} INFO - Setting next_dagrun for example_xcom to 2021-01-01 00:00:00+00:00, run_after=2021-01-01 00:00:00+00:00
[2025-06-09T18:02:38.426+0200] {processor.py:183} INFO - Processing /home/ccd/airflow_venv/lib/python3.10/site-packages/airflow/example_dags/example_xcom.py took 0.087 seconds
