[2025-06-09T17:30:17.551+0200] {processor.py:161} INFO - Started process (PID=106676) to work on /home/ccd/airflow_venv/lib/python3.10/site-packages/airflow/example_dags/example_branch_python_dop_operator_3.py
[2025-06-09T17:30:17.551+0200] {processor.py:830} INFO - Processing file /home/ccd/airflow_venv/lib/python3.10/site-packages/airflow/example_dags/example_branch_python_dop_operator_3.py for tasks to queue
[2025-06-09T17:30:17.553+0200] {logging_mixin.py:188} INFO - [2025-06-09T17:30:17.552+0200] {dagbag.py:540} INFO - Filling up the DagBag from /home/ccd/airflow_venv/lib/python3.10/site-packages/airflow/example_dags/example_branch_python_dop_operator_3.py
[2025-06-09T17:30:17.563+0200] {processor.py:840} INFO - DAG(s) 'example_branch_dop_operator_v3' retrieved from /home/ccd/airflow_venv/lib/python3.10/site-packages/airflow/example_dags/example_branch_python_dop_operator_3.py
[2025-06-09T17:30:17.699+0200] {logging_mixin.py:188} INFO - [2025-06-09T17:30:17.699+0200] {dag.py:3096} INFO - Sync 1 DAGs
[2025-06-09T17:30:17.714+0200] {logging_mixin.py:188} INFO - [2025-06-09T17:30:17.714+0200] {dag.py:3954} INFO - Setting next_dagrun for example_branch_dop_operator_v3 to 2025-06-09 15:29:00+00:00, run_after=2025-06-09 15:30:00+00:00
[2025-06-09T17:30:17.747+0200] {processor.py:183} INFO - Processing /home/ccd/airflow_venv/lib/python3.10/site-packages/airflow/example_dags/example_branch_python_dop_operator_3.py took 0.202 seconds
[2025-06-09T17:31:30.215+0200] {processor.py:161} INFO - Started process (PID=107133) to work on /home/ccd/airflow_venv/lib/python3.10/site-packages/airflow/example_dags/example_branch_python_dop_operator_3.py
[2025-06-09T17:31:30.226+0200] {processor.py:830} INFO - Processing file /home/ccd/airflow_venv/lib/python3.10/site-packages/airflow/example_dags/example_branch_python_dop_operator_3.py for tasks to queue
[2025-06-09T17:31:30.228+0200] {logging_mixin.py:188} INFO - [2025-06-09T17:31:30.227+0200] {dagbag.py:540} INFO - Filling up the DagBag from /home/ccd/airflow_venv/lib/python3.10/site-packages/airflow/example_dags/example_branch_python_dop_operator_3.py
[2025-06-09T17:31:30.234+0200] {processor.py:840} INFO - DAG(s) 'example_branch_dop_operator_v3' retrieved from /home/ccd/airflow_venv/lib/python3.10/site-packages/airflow/example_dags/example_branch_python_dop_operator_3.py
[2025-06-09T17:31:30.243+0200] {logging_mixin.py:188} INFO - [2025-06-09T17:31:30.243+0200] {dag.py:3096} INFO - Sync 1 DAGs
[2025-06-09T17:31:30.260+0200] {logging_mixin.py:188} INFO - [2025-06-09T17:31:30.260+0200] {dag.py:3954} INFO - Setting next_dagrun for example_branch_dop_operator_v3 to 2025-06-09 15:30:00+00:00, run_after=2025-06-09 15:31:00+00:00
[2025-06-09T17:31:30.285+0200] {processor.py:183} INFO - Processing /home/ccd/airflow_venv/lib/python3.10/site-packages/airflow/example_dags/example_branch_python_dop_operator_3.py took 0.074 seconds
[2025-06-09T17:32:26.307+0200] {processor.py:161} INFO - Started process (PID=107458) to work on /home/ccd/airflow_venv/lib/python3.10/site-packages/airflow/example_dags/example_branch_python_dop_operator_3.py
[2025-06-09T17:32:26.311+0200] {processor.py:830} INFO - Processing file /home/ccd/airflow_venv/lib/python3.10/site-packages/airflow/example_dags/example_branch_python_dop_operator_3.py for tasks to queue
[2025-06-09T17:32:26.312+0200] {logging_mixin.py:188} INFO - [2025-06-09T17:32:26.312+0200] {dagbag.py:540} INFO - Filling up the DagBag from /home/ccd/airflow_venv/lib/python3.10/site-packages/airflow/example_dags/example_branch_python_dop_operator_3.py
[2025-06-09T17:32:26.317+0200] {processor.py:840} INFO - DAG(s) 'example_branch_dop_operator_v3' retrieved from /home/ccd/airflow_venv/lib/python3.10/site-packages/airflow/example_dags/example_branch_python_dop_operator_3.py
[2025-06-09T17:32:26.328+0200] {logging_mixin.py:188} INFO - [2025-06-09T17:32:26.328+0200] {dag.py:3096} INFO - Sync 1 DAGs
[2025-06-09T17:32:26.344+0200] {logging_mixin.py:188} INFO - [2025-06-09T17:32:26.344+0200] {dag.py:3954} INFO - Setting next_dagrun for example_branch_dop_operator_v3 to 2025-06-09 15:31:00+00:00, run_after=2025-06-09 15:32:00+00:00
[2025-06-09T17:32:26.369+0200] {processor.py:183} INFO - Processing /home/ccd/airflow_venv/lib/python3.10/site-packages/airflow/example_dags/example_branch_python_dop_operator_3.py took 0.067 seconds
[2025-06-09T17:33:24.054+0200] {processor.py:161} INFO - Started process (PID=107792) to work on /home/ccd/airflow_venv/lib/python3.10/site-packages/airflow/example_dags/example_branch_python_dop_operator_3.py
[2025-06-09T17:33:24.065+0200] {processor.py:830} INFO - Processing file /home/ccd/airflow_venv/lib/python3.10/site-packages/airflow/example_dags/example_branch_python_dop_operator_3.py for tasks to queue
[2025-06-09T17:33:24.066+0200] {logging_mixin.py:188} INFO - [2025-06-09T17:33:24.066+0200] {dagbag.py:540} INFO - Filling up the DagBag from /home/ccd/airflow_venv/lib/python3.10/site-packages/airflow/example_dags/example_branch_python_dop_operator_3.py
[2025-06-09T17:33:24.072+0200] {processor.py:840} INFO - DAG(s) 'example_branch_dop_operator_v3' retrieved from /home/ccd/airflow_venv/lib/python3.10/site-packages/airflow/example_dags/example_branch_python_dop_operator_3.py
[2025-06-09T17:33:24.081+0200] {logging_mixin.py:188} INFO - [2025-06-09T17:33:24.081+0200] {dag.py:3096} INFO - Sync 1 DAGs
[2025-06-09T17:33:24.095+0200] {logging_mixin.py:188} INFO - [2025-06-09T17:33:24.095+0200] {dag.py:3954} INFO - Setting next_dagrun for example_branch_dop_operator_v3 to 2025-06-09 15:32:00+00:00, run_after=2025-06-09 15:33:00+00:00
[2025-06-09T17:33:24.127+0200] {processor.py:183} INFO - Processing /home/ccd/airflow_venv/lib/python3.10/site-packages/airflow/example_dags/example_branch_python_dop_operator_3.py took 0.077 seconds
[2025-06-09T17:34:17.494+0200] {processor.py:161} INFO - Started process (PID=108087) to work on /home/ccd/airflow_venv/lib/python3.10/site-packages/airflow/example_dags/example_branch_python_dop_operator_3.py
[2025-06-09T17:34:17.496+0200] {processor.py:830} INFO - Processing file /home/ccd/airflow_venv/lib/python3.10/site-packages/airflow/example_dags/example_branch_python_dop_operator_3.py for tasks to queue
[2025-06-09T17:34:17.497+0200] {logging_mixin.py:188} INFO - [2025-06-09T17:34:17.497+0200] {dagbag.py:540} INFO - Filling up the DagBag from /home/ccd/airflow_venv/lib/python3.10/site-packages/airflow/example_dags/example_branch_python_dop_operator_3.py
[2025-06-09T17:34:17.504+0200] {processor.py:840} INFO - DAG(s) 'example_branch_dop_operator_v3' retrieved from /home/ccd/airflow_venv/lib/python3.10/site-packages/airflow/example_dags/example_branch_python_dop_operator_3.py
[2025-06-09T17:34:17.513+0200] {logging_mixin.py:188} INFO - [2025-06-09T17:34:17.513+0200] {dag.py:3096} INFO - Sync 1 DAGs
[2025-06-09T17:34:17.528+0200] {logging_mixin.py:188} INFO - [2025-06-09T17:34:17.527+0200] {dag.py:3954} INFO - Setting next_dagrun for example_branch_dop_operator_v3 to 2025-06-09 15:33:00+00:00, run_after=2025-06-09 15:34:00+00:00
[2025-06-09T17:34:17.549+0200] {processor.py:183} INFO - Processing /home/ccd/airflow_venv/lib/python3.10/site-packages/airflow/example_dags/example_branch_python_dop_operator_3.py took 0.060 seconds
[2025-06-09T17:35:11.544+0200] {processor.py:161} INFO - Started process (PID=108419) to work on /home/ccd/airflow_venv/lib/python3.10/site-packages/airflow/example_dags/example_branch_python_dop_operator_3.py
[2025-06-09T17:35:11.545+0200] {processor.py:830} INFO - Processing file /home/ccd/airflow_venv/lib/python3.10/site-packages/airflow/example_dags/example_branch_python_dop_operator_3.py for tasks to queue
[2025-06-09T17:35:11.546+0200] {logging_mixin.py:188} INFO - [2025-06-09T17:35:11.546+0200] {dagbag.py:540} INFO - Filling up the DagBag from /home/ccd/airflow_venv/lib/python3.10/site-packages/airflow/example_dags/example_branch_python_dop_operator_3.py
[2025-06-09T17:35:11.552+0200] {processor.py:840} INFO - DAG(s) 'example_branch_dop_operator_v3' retrieved from /home/ccd/airflow_venv/lib/python3.10/site-packages/airflow/example_dags/example_branch_python_dop_operator_3.py
[2025-06-09T17:35:11.562+0200] {logging_mixin.py:188} INFO - [2025-06-09T17:35:11.562+0200] {dag.py:3096} INFO - Sync 1 DAGs
[2025-06-09T17:35:11.576+0200] {logging_mixin.py:188} INFO - [2025-06-09T17:35:11.575+0200] {dag.py:3954} INFO - Setting next_dagrun for example_branch_dop_operator_v3 to 2025-06-09 15:34:00+00:00, run_after=2025-06-09 15:35:00+00:00
[2025-06-09T17:35:11.597+0200] {processor.py:183} INFO - Processing /home/ccd/airflow_venv/lib/python3.10/site-packages/airflow/example_dags/example_branch_python_dop_operator_3.py took 0.057 seconds
[2025-06-09T17:36:07.568+0200] {processor.py:161} INFO - Started process (PID=108750) to work on /home/ccd/airflow_venv/lib/python3.10/site-packages/airflow/example_dags/example_branch_python_dop_operator_3.py
[2025-06-09T17:36:07.571+0200] {processor.py:830} INFO - Processing file /home/ccd/airflow_venv/lib/python3.10/site-packages/airflow/example_dags/example_branch_python_dop_operator_3.py for tasks to queue
[2025-06-09T17:36:07.572+0200] {logging_mixin.py:188} INFO - [2025-06-09T17:36:07.572+0200] {dagbag.py:540} INFO - Filling up the DagBag from /home/ccd/airflow_venv/lib/python3.10/site-packages/airflow/example_dags/example_branch_python_dop_operator_3.py
[2025-06-09T17:36:07.577+0200] {processor.py:840} INFO - DAG(s) 'example_branch_dop_operator_v3' retrieved from /home/ccd/airflow_venv/lib/python3.10/site-packages/airflow/example_dags/example_branch_python_dop_operator_3.py
[2025-06-09T17:36:07.589+0200] {logging_mixin.py:188} INFO - [2025-06-09T17:36:07.588+0200] {dag.py:3096} INFO - Sync 1 DAGs
[2025-06-09T17:36:07.605+0200] {logging_mixin.py:188} INFO - [2025-06-09T17:36:07.605+0200] {dag.py:3954} INFO - Setting next_dagrun for example_branch_dop_operator_v3 to 2025-06-09 15:35:00+00:00, run_after=2025-06-09 15:36:00+00:00
[2025-06-09T17:36:07.627+0200] {processor.py:183} INFO - Processing /home/ccd/airflow_venv/lib/python3.10/site-packages/airflow/example_dags/example_branch_python_dop_operator_3.py took 0.062 seconds
[2025-06-09T17:37:05.544+0200] {processor.py:161} INFO - Started process (PID=109087) to work on /home/ccd/airflow_venv/lib/python3.10/site-packages/airflow/example_dags/example_branch_python_dop_operator_3.py
[2025-06-09T17:37:05.554+0200] {processor.py:830} INFO - Processing file /home/ccd/airflow_venv/lib/python3.10/site-packages/airflow/example_dags/example_branch_python_dop_operator_3.py for tasks to queue
[2025-06-09T17:37:05.555+0200] {logging_mixin.py:188} INFO - [2025-06-09T17:37:05.555+0200] {dagbag.py:540} INFO - Filling up the DagBag from /home/ccd/airflow_venv/lib/python3.10/site-packages/airflow/example_dags/example_branch_python_dop_operator_3.py
[2025-06-09T17:37:05.561+0200] {processor.py:840} INFO - DAG(s) 'example_branch_dop_operator_v3' retrieved from /home/ccd/airflow_venv/lib/python3.10/site-packages/airflow/example_dags/example_branch_python_dop_operator_3.py
[2025-06-09T17:37:05.571+0200] {logging_mixin.py:188} INFO - [2025-06-09T17:37:05.571+0200] {dag.py:3096} INFO - Sync 1 DAGs
[2025-06-09T17:37:05.595+0200] {logging_mixin.py:188} INFO - [2025-06-09T17:37:05.595+0200] {dag.py:3954} INFO - Setting next_dagrun for example_branch_dop_operator_v3 to 2025-06-09 15:36:00+00:00, run_after=2025-06-09 15:37:00+00:00
[2025-06-09T17:37:05.621+0200] {processor.py:183} INFO - Processing /home/ccd/airflow_venv/lib/python3.10/site-packages/airflow/example_dags/example_branch_python_dop_operator_3.py took 0.083 seconds
[2025-06-09T17:38:28.372+0200] {processor.py:161} INFO - Started process (PID=109939) to work on /home/ccd/airflow_venv/lib/python3.10/site-packages/airflow/example_dags/example_branch_python_dop_operator_3.py
[2025-06-09T17:38:28.373+0200] {processor.py:830} INFO - Processing file /home/ccd/airflow_venv/lib/python3.10/site-packages/airflow/example_dags/example_branch_python_dop_operator_3.py for tasks to queue
[2025-06-09T17:38:28.374+0200] {logging_mixin.py:188} INFO - [2025-06-09T17:38:28.374+0200] {dagbag.py:540} INFO - Filling up the DagBag from /home/ccd/airflow_venv/lib/python3.10/site-packages/airflow/example_dags/example_branch_python_dop_operator_3.py
[2025-06-09T17:38:28.379+0200] {processor.py:840} INFO - DAG(s) 'example_branch_dop_operator_v3' retrieved from /home/ccd/airflow_venv/lib/python3.10/site-packages/airflow/example_dags/example_branch_python_dop_operator_3.py
[2025-06-09T17:38:28.389+0200] {logging_mixin.py:188} INFO - [2025-06-09T17:38:28.389+0200] {dag.py:3096} INFO - Sync 1 DAGs
[2025-06-09T17:38:28.404+0200] {logging_mixin.py:188} INFO - [2025-06-09T17:38:28.404+0200] {dag.py:3954} INFO - Setting next_dagrun for example_branch_dop_operator_v3 to 2025-06-09 15:37:00+00:00, run_after=2025-06-09 15:38:00+00:00
[2025-06-09T17:38:28.425+0200] {processor.py:183} INFO - Processing /home/ccd/airflow_venv/lib/python3.10/site-packages/airflow/example_dags/example_branch_python_dop_operator_3.py took 0.057 seconds
[2025-06-09T17:39:47.341+0200] {processor.py:161} INFO - Started process (PID=110625) to work on /home/ccd/airflow_venv/lib/python3.10/site-packages/airflow/example_dags/example_branch_python_dop_operator_3.py
[2025-06-09T17:39:47.342+0200] {processor.py:830} INFO - Processing file /home/ccd/airflow_venv/lib/python3.10/site-packages/airflow/example_dags/example_branch_python_dop_operator_3.py for tasks to queue
[2025-06-09T17:39:47.343+0200] {logging_mixin.py:188} INFO - [2025-06-09T17:39:47.343+0200] {dagbag.py:540} INFO - Filling up the DagBag from /home/ccd/airflow_venv/lib/python3.10/site-packages/airflow/example_dags/example_branch_python_dop_operator_3.py
[2025-06-09T17:39:47.349+0200] {processor.py:840} INFO - DAG(s) 'example_branch_dop_operator_v3' retrieved from /home/ccd/airflow_venv/lib/python3.10/site-packages/airflow/example_dags/example_branch_python_dop_operator_3.py
[2025-06-09T17:39:47.361+0200] {logging_mixin.py:188} INFO - [2025-06-09T17:39:47.361+0200] {dag.py:3096} INFO - Sync 1 DAGs
[2025-06-09T17:39:47.377+0200] {logging_mixin.py:188} INFO - [2025-06-09T17:39:47.377+0200] {dag.py:3954} INFO - Setting next_dagrun for example_branch_dop_operator_v3 to 2025-06-09 15:38:00+00:00, run_after=2025-06-09 15:39:00+00:00
[2025-06-09T17:39:47.403+0200] {processor.py:183} INFO - Processing /home/ccd/airflow_venv/lib/python3.10/site-packages/airflow/example_dags/example_branch_python_dop_operator_3.py took 0.067 seconds
[2025-06-09T17:40:59.700+0200] {processor.py:161} INFO - Started process (PID=111139) to work on /home/ccd/airflow_venv/lib/python3.10/site-packages/airflow/example_dags/example_branch_python_dop_operator_3.py
[2025-06-09T17:40:59.702+0200] {processor.py:830} INFO - Processing file /home/ccd/airflow_venv/lib/python3.10/site-packages/airflow/example_dags/example_branch_python_dop_operator_3.py for tasks to queue
[2025-06-09T17:40:59.705+0200] {logging_mixin.py:188} INFO - [2025-06-09T17:40:59.704+0200] {dagbag.py:540} INFO - Filling up the DagBag from /home/ccd/airflow_venv/lib/python3.10/site-packages/airflow/example_dags/example_branch_python_dop_operator_3.py
[2025-06-09T17:40:59.713+0200] {processor.py:840} INFO - DAG(s) 'example_branch_dop_operator_v3' retrieved from /home/ccd/airflow_venv/lib/python3.10/site-packages/airflow/example_dags/example_branch_python_dop_operator_3.py
[2025-06-09T17:40:59.727+0200] {logging_mixin.py:188} INFO - [2025-06-09T17:40:59.727+0200] {dag.py:3096} INFO - Sync 1 DAGs
[2025-06-09T17:40:59.746+0200] {logging_mixin.py:188} INFO - [2025-06-09T17:40:59.746+0200] {dag.py:3954} INFO - Setting next_dagrun for example_branch_dop_operator_v3 to 2025-06-09 15:39:00+00:00, run_after=2025-06-09 15:40:00+00:00
[2025-06-09T17:40:59.773+0200] {processor.py:183} INFO - Processing /home/ccd/airflow_venv/lib/python3.10/site-packages/airflow/example_dags/example_branch_python_dop_operator_3.py took 0.080 seconds
[2025-06-09T17:42:12.024+0200] {processor.py:161} INFO - Started process (PID=111590) to work on /home/ccd/airflow_venv/lib/python3.10/site-packages/airflow/example_dags/example_branch_python_dop_operator_3.py
[2025-06-09T17:42:12.026+0200] {processor.py:830} INFO - Processing file /home/ccd/airflow_venv/lib/python3.10/site-packages/airflow/example_dags/example_branch_python_dop_operator_3.py for tasks to queue
[2025-06-09T17:42:12.027+0200] {logging_mixin.py:188} INFO - [2025-06-09T17:42:12.026+0200] {dagbag.py:540} INFO - Filling up the DagBag from /home/ccd/airflow_venv/lib/python3.10/site-packages/airflow/example_dags/example_branch_python_dop_operator_3.py
[2025-06-09T17:42:12.035+0200] {processor.py:840} INFO - DAG(s) 'example_branch_dop_operator_v3' retrieved from /home/ccd/airflow_venv/lib/python3.10/site-packages/airflow/example_dags/example_branch_python_dop_operator_3.py
[2025-06-09T17:42:12.045+0200] {logging_mixin.py:188} INFO - [2025-06-09T17:42:12.044+0200] {dag.py:3096} INFO - Sync 1 DAGs
[2025-06-09T17:42:12.060+0200] {logging_mixin.py:188} INFO - [2025-06-09T17:42:12.060+0200] {dag.py:3954} INFO - Setting next_dagrun for example_branch_dop_operator_v3 to 2025-06-09 15:41:00+00:00, run_after=2025-06-09 15:42:00+00:00
[2025-06-09T17:42:12.091+0200] {processor.py:183} INFO - Processing /home/ccd/airflow_venv/lib/python3.10/site-packages/airflow/example_dags/example_branch_python_dop_operator_3.py took 0.071 seconds
[2025-06-09T17:44:11.109+0200] {processor.py:161} INFO - Started process (PID=112531) to work on /home/ccd/airflow_venv/lib/python3.10/site-packages/airflow/example_dags/example_branch_python_dop_operator_3.py
[2025-06-09T17:44:11.121+0200] {processor.py:830} INFO - Processing file /home/ccd/airflow_venv/lib/python3.10/site-packages/airflow/example_dags/example_branch_python_dop_operator_3.py for tasks to queue
[2025-06-09T17:44:11.123+0200] {logging_mixin.py:188} INFO - [2025-06-09T17:44:11.122+0200] {dagbag.py:540} INFO - Filling up the DagBag from /home/ccd/airflow_venv/lib/python3.10/site-packages/airflow/example_dags/example_branch_python_dop_operator_3.py
[2025-06-09T17:44:11.130+0200] {processor.py:840} INFO - DAG(s) 'example_branch_dop_operator_v3' retrieved from /home/ccd/airflow_venv/lib/python3.10/site-packages/airflow/example_dags/example_branch_python_dop_operator_3.py
[2025-06-09T17:44:11.248+0200] {logging_mixin.py:188} INFO - [2025-06-09T17:44:11.248+0200] {dag.py:3096} INFO - Sync 1 DAGs
[2025-06-09T17:44:11.263+0200] {logging_mixin.py:188} INFO - [2025-06-09T17:44:11.263+0200] {dag.py:3954} INFO - Setting next_dagrun for example_branch_dop_operator_v3 to 2025-06-09 15:43:00+00:00, run_after=2025-06-09 15:44:00+00:00
[2025-06-09T17:44:11.285+0200] {processor.py:183} INFO - Processing /home/ccd/airflow_venv/lib/python3.10/site-packages/airflow/example_dags/example_branch_python_dop_operator_3.py took 0.181 seconds
[2025-06-09T17:45:24.678+0200] {processor.py:161} INFO - Started process (PID=113079) to work on /home/ccd/airflow_venv/lib/python3.10/site-packages/airflow/example_dags/example_branch_python_dop_operator_3.py
[2025-06-09T17:45:24.690+0200] {processor.py:830} INFO - Processing file /home/ccd/airflow_venv/lib/python3.10/site-packages/airflow/example_dags/example_branch_python_dop_operator_3.py for tasks to queue
[2025-06-09T17:45:24.691+0200] {logging_mixin.py:188} INFO - [2025-06-09T17:45:24.691+0200] {dagbag.py:540} INFO - Filling up the DagBag from /home/ccd/airflow_venv/lib/python3.10/site-packages/airflow/example_dags/example_branch_python_dop_operator_3.py
[2025-06-09T17:45:24.699+0200] {processor.py:840} INFO - DAG(s) 'example_branch_dop_operator_v3' retrieved from /home/ccd/airflow_venv/lib/python3.10/site-packages/airflow/example_dags/example_branch_python_dop_operator_3.py
[2025-06-09T17:45:24.711+0200] {logging_mixin.py:188} INFO - [2025-06-09T17:45:24.711+0200] {dag.py:3096} INFO - Sync 1 DAGs
[2025-06-09T17:45:24.726+0200] {logging_mixin.py:188} INFO - [2025-06-09T17:45:24.726+0200] {dag.py:3954} INFO - Setting next_dagrun for example_branch_dop_operator_v3 to 2025-06-09 15:44:00+00:00, run_after=2025-06-09 15:45:00+00:00
[2025-06-09T17:45:24.750+0200] {processor.py:183} INFO - Processing /home/ccd/airflow_venv/lib/python3.10/site-packages/airflow/example_dags/example_branch_python_dop_operator_3.py took 0.077 seconds
[2025-06-09T17:46:29.618+0200] {processor.py:161} INFO - Started process (PID=113501) to work on /home/ccd/airflow_venv/lib/python3.10/site-packages/airflow/example_dags/example_branch_python_dop_operator_3.py
[2025-06-09T17:46:29.630+0200] {processor.py:830} INFO - Processing file /home/ccd/airflow_venv/lib/python3.10/site-packages/airflow/example_dags/example_branch_python_dop_operator_3.py for tasks to queue
[2025-06-09T17:46:29.631+0200] {logging_mixin.py:188} INFO - [2025-06-09T17:46:29.631+0200] {dagbag.py:540} INFO - Filling up the DagBag from /home/ccd/airflow_venv/lib/python3.10/site-packages/airflow/example_dags/example_branch_python_dop_operator_3.py
[2025-06-09T17:46:29.638+0200] {processor.py:840} INFO - DAG(s) 'example_branch_dop_operator_v3' retrieved from /home/ccd/airflow_venv/lib/python3.10/site-packages/airflow/example_dags/example_branch_python_dop_operator_3.py
[2025-06-09T17:46:29.650+0200] {logging_mixin.py:188} INFO - [2025-06-09T17:46:29.649+0200] {dag.py:3096} INFO - Sync 1 DAGs
[2025-06-09T17:46:29.667+0200] {logging_mixin.py:188} INFO - [2025-06-09T17:46:29.667+0200] {dag.py:3954} INFO - Setting next_dagrun for example_branch_dop_operator_v3 to 2025-06-09 15:45:00+00:00, run_after=2025-06-09 15:46:00+00:00
[2025-06-09T17:46:29.698+0200] {processor.py:183} INFO - Processing /home/ccd/airflow_venv/lib/python3.10/site-packages/airflow/example_dags/example_branch_python_dop_operator_3.py took 0.084 seconds
[2025-06-09T17:47:33.811+0200] {processor.py:161} INFO - Started process (PID=113888) to work on /home/ccd/airflow_venv/lib/python3.10/site-packages/airflow/example_dags/example_branch_python_dop_operator_3.py
[2025-06-09T17:47:33.814+0200] {processor.py:830} INFO - Processing file /home/ccd/airflow_venv/lib/python3.10/site-packages/airflow/example_dags/example_branch_python_dop_operator_3.py for tasks to queue
[2025-06-09T17:47:33.815+0200] {logging_mixin.py:188} INFO - [2025-06-09T17:47:33.814+0200] {dagbag.py:540} INFO - Filling up the DagBag from /home/ccd/airflow_venv/lib/python3.10/site-packages/airflow/example_dags/example_branch_python_dop_operator_3.py
[2025-06-09T17:47:33.822+0200] {processor.py:840} INFO - DAG(s) 'example_branch_dop_operator_v3' retrieved from /home/ccd/airflow_venv/lib/python3.10/site-packages/airflow/example_dags/example_branch_python_dop_operator_3.py
[2025-06-09T17:47:33.833+0200] {logging_mixin.py:188} INFO - [2025-06-09T17:47:33.832+0200] {dag.py:3096} INFO - Sync 1 DAGs
[2025-06-09T17:47:33.850+0200] {logging_mixin.py:188} INFO - [2025-06-09T17:47:33.849+0200] {dag.py:3954} INFO - Setting next_dagrun for example_branch_dop_operator_v3 to 2025-06-09 15:46:00+00:00, run_after=2025-06-09 15:47:00+00:00
[2025-06-09T17:47:33.874+0200] {processor.py:183} INFO - Processing /home/ccd/airflow_venv/lib/python3.10/site-packages/airflow/example_dags/example_branch_python_dop_operator_3.py took 0.067 seconds
[2025-06-09T17:50:50.464+0200] {processor.py:161} INFO - Started process (PID=117966) to work on /home/ccd/airflow_venv/lib/python3.10/site-packages/airflow/example_dags/example_branch_python_dop_operator_3.py
[2025-06-09T17:50:50.465+0200] {processor.py:830} INFO - Processing file /home/ccd/airflow_venv/lib/python3.10/site-packages/airflow/example_dags/example_branch_python_dop_operator_3.py for tasks to queue
[2025-06-09T17:50:50.466+0200] {logging_mixin.py:188} INFO - [2025-06-09T17:50:50.466+0200] {dagbag.py:540} INFO - Filling up the DagBag from /home/ccd/airflow_venv/lib/python3.10/site-packages/airflow/example_dags/example_branch_python_dop_operator_3.py
[2025-06-09T17:50:50.472+0200] {processor.py:840} INFO - DAG(s) 'example_branch_dop_operator_v3' retrieved from /home/ccd/airflow_venv/lib/python3.10/site-packages/airflow/example_dags/example_branch_python_dop_operator_3.py
[2025-06-09T17:50:50.482+0200] {logging_mixin.py:188} INFO - [2025-06-09T17:50:50.482+0200] {dag.py:3096} INFO - Sync 1 DAGs
[2025-06-09T17:50:50.497+0200] {logging_mixin.py:188} INFO - [2025-06-09T17:50:50.497+0200] {dag.py:3954} INFO - Setting next_dagrun for example_branch_dop_operator_v3 to 2025-06-09 15:49:00+00:00, run_after=2025-06-09 15:50:00+00:00
[2025-06-09T17:50:50.522+0200] {processor.py:183} INFO - Processing /home/ccd/airflow_venv/lib/python3.10/site-packages/airflow/example_dags/example_branch_python_dop_operator_3.py took 0.063 seconds
[2025-06-09T17:52:07.834+0200] {processor.py:161} INFO - Started process (PID=118624) to work on /home/ccd/airflow_venv/lib/python3.10/site-packages/airflow/example_dags/example_branch_python_dop_operator_3.py
[2025-06-09T17:52:07.835+0200] {processor.py:830} INFO - Processing file /home/ccd/airflow_venv/lib/python3.10/site-packages/airflow/example_dags/example_branch_python_dop_operator_3.py for tasks to queue
[2025-06-09T17:52:07.837+0200] {logging_mixin.py:188} INFO - [2025-06-09T17:52:07.836+0200] {dagbag.py:540} INFO - Filling up the DagBag from /home/ccd/airflow_venv/lib/python3.10/site-packages/airflow/example_dags/example_branch_python_dop_operator_3.py
[2025-06-09T17:52:07.844+0200] {processor.py:840} INFO - DAG(s) 'example_branch_dop_operator_v3' retrieved from /home/ccd/airflow_venv/lib/python3.10/site-packages/airflow/example_dags/example_branch_python_dop_operator_3.py
[2025-06-09T17:52:07.855+0200] {logging_mixin.py:188} INFO - [2025-06-09T17:52:07.855+0200] {dag.py:3096} INFO - Sync 1 DAGs
[2025-06-09T17:52:07.876+0200] {logging_mixin.py:188} INFO - [2025-06-09T17:52:07.876+0200] {dag.py:3954} INFO - Setting next_dagrun for example_branch_dop_operator_v3 to 2025-06-09 15:51:00+00:00, run_after=2025-06-09 15:52:00+00:00
[2025-06-09T17:52:07.903+0200] {processor.py:183} INFO - Processing /home/ccd/airflow_venv/lib/python3.10/site-packages/airflow/example_dags/example_branch_python_dop_operator_3.py took 0.073 seconds
[2025-06-09T17:53:33.530+0200] {processor.py:161} INFO - Started process (PID=119456) to work on /home/ccd/airflow_venv/lib/python3.10/site-packages/airflow/example_dags/example_branch_python_dop_operator_3.py
[2025-06-09T17:53:33.531+0200] {processor.py:830} INFO - Processing file /home/ccd/airflow_venv/lib/python3.10/site-packages/airflow/example_dags/example_branch_python_dop_operator_3.py for tasks to queue
[2025-06-09T17:53:33.532+0200] {logging_mixin.py:188} INFO - [2025-06-09T17:53:33.532+0200] {dagbag.py:540} INFO - Filling up the DagBag from /home/ccd/airflow_venv/lib/python3.10/site-packages/airflow/example_dags/example_branch_python_dop_operator_3.py
[2025-06-09T17:53:33.538+0200] {processor.py:840} INFO - DAG(s) 'example_branch_dop_operator_v3' retrieved from /home/ccd/airflow_venv/lib/python3.10/site-packages/airflow/example_dags/example_branch_python_dop_operator_3.py
[2025-06-09T17:53:33.548+0200] {logging_mixin.py:188} INFO - [2025-06-09T17:53:33.548+0200] {dag.py:3096} INFO - Sync 1 DAGs
[2025-06-09T17:53:33.562+0200] {logging_mixin.py:188} INFO - [2025-06-09T17:53:33.562+0200] {dag.py:3954} INFO - Setting next_dagrun for example_branch_dop_operator_v3 to 2025-06-09 15:52:00+00:00, run_after=2025-06-09 15:53:00+00:00
[2025-06-09T17:53:33.582+0200] {processor.py:183} INFO - Processing /home/ccd/airflow_venv/lib/python3.10/site-packages/airflow/example_dags/example_branch_python_dop_operator_3.py took 0.056 seconds
[2025-06-09T17:56:32.829+0200] {processor.py:161} INFO - Started process (PID=122555) to work on /home/ccd/airflow_venv/lib/python3.10/site-packages/airflow/example_dags/example_branch_python_dop_operator_3.py
[2025-06-09T17:56:32.840+0200] {processor.py:830} INFO - Processing file /home/ccd/airflow_venv/lib/python3.10/site-packages/airflow/example_dags/example_branch_python_dop_operator_3.py for tasks to queue
[2025-06-09T17:56:32.841+0200] {logging_mixin.py:188} INFO - [2025-06-09T17:56:32.841+0200] {dagbag.py:540} INFO - Filling up the DagBag from /home/ccd/airflow_venv/lib/python3.10/site-packages/airflow/example_dags/example_branch_python_dop_operator_3.py
[2025-06-09T17:56:32.851+0200] {processor.py:840} INFO - DAG(s) 'example_branch_dop_operator_v3' retrieved from /home/ccd/airflow_venv/lib/python3.10/site-packages/airflow/example_dags/example_branch_python_dop_operator_3.py
[2025-06-09T17:56:32.883+0200] {logging_mixin.py:188} INFO - [2025-06-09T17:56:32.883+0200] {dag.py:3096} INFO - Sync 1 DAGs
[2025-06-09T17:56:32.899+0200] {logging_mixin.py:188} INFO - [2025-06-09T17:56:32.899+0200] {dag.py:3954} INFO - Setting next_dagrun for example_branch_dop_operator_v3 to 2025-06-09 15:55:00+00:00, run_after=2025-06-09 15:56:00+00:00
[2025-06-09T17:56:32.924+0200] {processor.py:183} INFO - Processing /home/ccd/airflow_venv/lib/python3.10/site-packages/airflow/example_dags/example_branch_python_dop_operator_3.py took 0.100 seconds
[2025-06-09T17:57:32.828+0200] {processor.py:161} INFO - Started process (PID=122987) to work on /home/ccd/airflow_venv/lib/python3.10/site-packages/airflow/example_dags/example_branch_python_dop_operator_3.py
[2025-06-09T17:57:32.842+0200] {processor.py:830} INFO - Processing file /home/ccd/airflow_venv/lib/python3.10/site-packages/airflow/example_dags/example_branch_python_dop_operator_3.py for tasks to queue
[2025-06-09T17:57:32.847+0200] {logging_mixin.py:188} INFO - [2025-06-09T17:57:32.845+0200] {dagbag.py:540} INFO - Filling up the DagBag from /home/ccd/airflow_venv/lib/python3.10/site-packages/airflow/example_dags/example_branch_python_dop_operator_3.py
[2025-06-09T17:57:32.925+0200] {processor.py:840} INFO - DAG(s) 'example_branch_dop_operator_v3' retrieved from /home/ccd/airflow_venv/lib/python3.10/site-packages/airflow/example_dags/example_branch_python_dop_operator_3.py
[2025-06-09T17:57:32.995+0200] {logging_mixin.py:188} INFO - [2025-06-09T17:57:32.994+0200] {dag.py:3096} INFO - Sync 1 DAGs
[2025-06-09T17:57:33.038+0200] {logging_mixin.py:188} INFO - [2025-06-09T17:57:33.038+0200] {dag.py:3954} INFO - Setting next_dagrun for example_branch_dop_operator_v3 to 2025-06-09 15:56:00+00:00, run_after=2025-06-09 15:57:00+00:00
[2025-06-09T17:57:33.121+0200] {processor.py:183} INFO - Processing /home/ccd/airflow_venv/lib/python3.10/site-packages/airflow/example_dags/example_branch_python_dop_operator_3.py took 0.336 seconds
[2025-06-09T18:02:07.181+0200] {processor.py:161} INFO - Started process (PID=126904) to work on /home/ccd/airflow_venv/lib/python3.10/site-packages/airflow/example_dags/example_branch_python_dop_operator_3.py
[2025-06-09T18:02:07.193+0200] {processor.py:830} INFO - Processing file /home/ccd/airflow_venv/lib/python3.10/site-packages/airflow/example_dags/example_branch_python_dop_operator_3.py for tasks to queue
[2025-06-09T18:02:07.194+0200] {logging_mixin.py:188} INFO - [2025-06-09T18:02:07.194+0200] {dagbag.py:540} INFO - Filling up the DagBag from /home/ccd/airflow_venv/lib/python3.10/site-packages/airflow/example_dags/example_branch_python_dop_operator_3.py
[2025-06-09T18:02:07.200+0200] {processor.py:840} INFO - DAG(s) 'example_branch_dop_operator_v3' retrieved from /home/ccd/airflow_venv/lib/python3.10/site-packages/airflow/example_dags/example_branch_python_dop_operator_3.py
[2025-06-09T18:02:07.326+0200] {logging_mixin.py:188} INFO - [2025-06-09T18:02:07.326+0200] {dag.py:3096} INFO - Sync 1 DAGs
[2025-06-09T18:02:07.338+0200] {logging_mixin.py:188} INFO - [2025-06-09T18:02:07.338+0200] {dag.py:3954} INFO - Setting next_dagrun for example_branch_dop_operator_v3 to 2025-06-09 16:01:00+00:00, run_after=2025-06-09 16:02:00+00:00
[2025-06-09T18:02:07.358+0200] {processor.py:183} INFO - Processing /home/ccd/airflow_venv/lib/python3.10/site-packages/airflow/example_dags/example_branch_python_dop_operator_3.py took 0.180 seconds
