[2025-06-09T17:29:18.314+0200] {processor.py:161} INFO - Started process (PID=106166) to work on /home/ccd/airflow_venv/lib/python3.10/site-packages/airflow/example_dags/example_params_ui_tutorial.py
[2025-06-09T17:29:18.327+0200] {processor.py:830} INFO - Processing file /home/ccd/airflow_venv/lib/python3.10/site-packages/airflow/example_dags/example_params_ui_tutorial.py for tasks to queue
[2025-06-09T17:29:18.332+0200] {logging_mixin.py:188} INFO - [2025-06-09T17:29:18.331+0200] {dagbag.py:540} INFO - Filling up the DagBag from /home/ccd/airflow_venv/lib/python3.10/site-packages/airflow/example_dags/example_params_ui_tutorial.py
[2025-06-09T17:29:18.422+0200] {processor.py:840} INFO - DAG(s) 'example_params_ui_tutorial' retrieved from /home/ccd/airflow_venv/lib/python3.10/site-packages/airflow/example_dags/example_params_ui_tutorial.py
[2025-06-09T17:29:18.469+0200] {logging_mixin.py:188} INFO - [2025-06-09T17:29:18.469+0200] {dag.py:3096} INFO - Sync 1 DAGs
[2025-06-09T17:29:19.048+0200] {logging_mixin.py:188} INFO - [2025-06-09T17:29:19.039+0200] {dag.py:3954} INFO - Setting next_dagrun for example_params_ui_tutorial to None, run_after=None
[2025-06-09T17:29:19.129+0200] {processor.py:183} INFO - Processing /home/ccd/airflow_venv/lib/python3.10/site-packages/airflow/example_dags/example_params_ui_tutorial.py took 0.862 seconds
[2025-06-09T17:30:45.825+0200] {processor.py:161} INFO - Started process (PID=106870) to work on /home/ccd/airflow_venv/lib/python3.10/site-packages/airflow/example_dags/example_params_ui_tutorial.py
[2025-06-09T17:30:45.828+0200] {processor.py:830} INFO - Processing file /home/ccd/airflow_venv/lib/python3.10/site-packages/airflow/example_dags/example_params_ui_tutorial.py for tasks to queue
[2025-06-09T17:30:45.829+0200] {logging_mixin.py:188} INFO - [2025-06-09T17:30:45.829+0200] {dagbag.py:540} INFO - Filling up the DagBag from /home/ccd/airflow_venv/lib/python3.10/site-packages/airflow/example_dags/example_params_ui_tutorial.py
[2025-06-09T17:30:45.837+0200] {processor.py:840} INFO - DAG(s) 'example_params_ui_tutorial' retrieved from /home/ccd/airflow_venv/lib/python3.10/site-packages/airflow/example_dags/example_params_ui_tutorial.py
[2025-06-09T17:30:45.918+0200] {logging_mixin.py:188} INFO - [2025-06-09T17:30:45.918+0200] {dag.py:3096} INFO - Sync 1 DAGs
[2025-06-09T17:30:45.926+0200] {logging_mixin.py:188} INFO - [2025-06-09T17:30:45.925+0200] {dag.py:3954} INFO - Setting next_dagrun for example_params_ui_tutorial to None, run_after=None
[2025-06-09T17:30:45.948+0200] {processor.py:183} INFO - Processing /home/ccd/airflow_venv/lib/python3.10/site-packages/airflow/example_dags/example_params_ui_tutorial.py took 0.127 seconds
[2025-06-09T17:31:47.328+0200] {processor.py:161} INFO - Started process (PID=107243) to work on /home/ccd/airflow_venv/lib/python3.10/site-packages/airflow/example_dags/example_params_ui_tutorial.py
[2025-06-09T17:31:47.331+0200] {processor.py:830} INFO - Processing file /home/ccd/airflow_venv/lib/python3.10/site-packages/airflow/example_dags/example_params_ui_tutorial.py for tasks to queue
[2025-06-09T17:31:47.333+0200] {logging_mixin.py:188} INFO - [2025-06-09T17:31:47.332+0200] {dagbag.py:540} INFO - Filling up the DagBag from /home/ccd/airflow_venv/lib/python3.10/site-packages/airflow/example_dags/example_params_ui_tutorial.py
[2025-06-09T17:31:47.342+0200] {processor.py:840} INFO - DAG(s) 'example_params_ui_tutorial' retrieved from /home/ccd/airflow_venv/lib/python3.10/site-packages/airflow/example_dags/example_params_ui_tutorial.py
[2025-06-09T17:31:47.373+0200] {logging_mixin.py:188} INFO - [2025-06-09T17:31:47.373+0200] {dag.py:3096} INFO - Sync 1 DAGs
[2025-06-09T17:31:47.380+0200] {logging_mixin.py:188} INFO - [2025-06-09T17:31:47.380+0200] {dag.py:3954} INFO - Setting next_dagrun for example_params_ui_tutorial to None, run_after=None
[2025-06-09T17:31:47.402+0200] {processor.py:183} INFO - Processing /home/ccd/airflow_venv/lib/python3.10/site-packages/airflow/example_dags/example_params_ui_tutorial.py took 0.077 seconds
[2025-06-09T17:32:42.147+0200] {processor.py:161} INFO - Started process (PID=107551) to work on /home/ccd/airflow_venv/lib/python3.10/site-packages/airflow/example_dags/example_params_ui_tutorial.py
[2025-06-09T17:32:42.149+0200] {processor.py:830} INFO - Processing file /home/ccd/airflow_venv/lib/python3.10/site-packages/airflow/example_dags/example_params_ui_tutorial.py for tasks to queue
[2025-06-09T17:32:42.150+0200] {logging_mixin.py:188} INFO - [2025-06-09T17:32:42.150+0200] {dagbag.py:540} INFO - Filling up the DagBag from /home/ccd/airflow_venv/lib/python3.10/site-packages/airflow/example_dags/example_params_ui_tutorial.py
[2025-06-09T17:32:42.158+0200] {processor.py:840} INFO - DAG(s) 'example_params_ui_tutorial' retrieved from /home/ccd/airflow_venv/lib/python3.10/site-packages/airflow/example_dags/example_params_ui_tutorial.py
[2025-06-09T17:32:42.183+0200] {logging_mixin.py:188} INFO - [2025-06-09T17:32:42.183+0200] {dag.py:3096} INFO - Sync 1 DAGs
[2025-06-09T17:32:42.191+0200] {logging_mixin.py:188} INFO - [2025-06-09T17:32:42.191+0200] {dag.py:3954} INFO - Setting next_dagrun for example_params_ui_tutorial to None, run_after=None
[2025-06-09T17:32:42.212+0200] {processor.py:183} INFO - Processing /home/ccd/airflow_venv/lib/python3.10/site-packages/airflow/example_dags/example_params_ui_tutorial.py took 0.069 seconds
[2025-06-09T17:33:36.686+0200] {processor.py:161} INFO - Started process (PID=107862) to work on /home/ccd/airflow_venv/lib/python3.10/site-packages/airflow/example_dags/example_params_ui_tutorial.py
[2025-06-09T17:33:36.689+0200] {processor.py:830} INFO - Processing file /home/ccd/airflow_venv/lib/python3.10/site-packages/airflow/example_dags/example_params_ui_tutorial.py for tasks to queue
[2025-06-09T17:33:36.691+0200] {logging_mixin.py:188} INFO - [2025-06-09T17:33:36.690+0200] {dagbag.py:540} INFO - Filling up the DagBag from /home/ccd/airflow_venv/lib/python3.10/site-packages/airflow/example_dags/example_params_ui_tutorial.py
[2025-06-09T17:33:36.714+0200] {processor.py:840} INFO - DAG(s) 'example_params_ui_tutorial' retrieved from /home/ccd/airflow_venv/lib/python3.10/site-packages/airflow/example_dags/example_params_ui_tutorial.py
[2025-06-09T17:33:36.778+0200] {logging_mixin.py:188} INFO - [2025-06-09T17:33:36.778+0200] {dag.py:3096} INFO - Sync 1 DAGs
[2025-06-09T17:33:36.797+0200] {logging_mixin.py:188} INFO - [2025-06-09T17:33:36.797+0200] {dag.py:3954} INFO - Setting next_dagrun for example_params_ui_tutorial to None, run_after=None
[2025-06-09T17:33:36.907+0200] {processor.py:183} INFO - Processing /home/ccd/airflow_venv/lib/python3.10/site-packages/airflow/example_dags/example_params_ui_tutorial.py took 0.236 seconds
[2025-06-09T17:34:30.367+0200] {processor.py:161} INFO - Started process (PID=108179) to work on /home/ccd/airflow_venv/lib/python3.10/site-packages/airflow/example_dags/example_params_ui_tutorial.py
[2025-06-09T17:34:30.369+0200] {processor.py:830} INFO - Processing file /home/ccd/airflow_venv/lib/python3.10/site-packages/airflow/example_dags/example_params_ui_tutorial.py for tasks to queue
[2025-06-09T17:34:30.371+0200] {logging_mixin.py:188} INFO - [2025-06-09T17:34:30.370+0200] {dagbag.py:540} INFO - Filling up the DagBag from /home/ccd/airflow_venv/lib/python3.10/site-packages/airflow/example_dags/example_params_ui_tutorial.py
[2025-06-09T17:34:30.378+0200] {processor.py:840} INFO - DAG(s) 'example_params_ui_tutorial' retrieved from /home/ccd/airflow_venv/lib/python3.10/site-packages/airflow/example_dags/example_params_ui_tutorial.py
[2025-06-09T17:34:30.403+0200] {logging_mixin.py:188} INFO - [2025-06-09T17:34:30.403+0200] {dag.py:3096} INFO - Sync 1 DAGs
[2025-06-09T17:34:30.411+0200] {logging_mixin.py:188} INFO - [2025-06-09T17:34:30.410+0200] {dag.py:3954} INFO - Setting next_dagrun for example_params_ui_tutorial to None, run_after=None
[2025-06-09T17:34:30.432+0200] {processor.py:183} INFO - Processing /home/ccd/airflow_venv/lib/python3.10/site-packages/airflow/example_dags/example_params_ui_tutorial.py took 0.070 seconds
[2025-06-09T17:35:24.148+0200] {processor.py:161} INFO - Started process (PID=108485) to work on /home/ccd/airflow_venv/lib/python3.10/site-packages/airflow/example_dags/example_params_ui_tutorial.py
[2025-06-09T17:35:24.149+0200] {processor.py:830} INFO - Processing file /home/ccd/airflow_venv/lib/python3.10/site-packages/airflow/example_dags/example_params_ui_tutorial.py for tasks to queue
[2025-06-09T17:35:24.150+0200] {logging_mixin.py:188} INFO - [2025-06-09T17:35:24.150+0200] {dagbag.py:540} INFO - Filling up the DagBag from /home/ccd/airflow_venv/lib/python3.10/site-packages/airflow/example_dags/example_params_ui_tutorial.py
[2025-06-09T17:35:24.158+0200] {processor.py:840} INFO - DAG(s) 'example_params_ui_tutorial' retrieved from /home/ccd/airflow_venv/lib/python3.10/site-packages/airflow/example_dags/example_params_ui_tutorial.py
[2025-06-09T17:35:24.183+0200] {logging_mixin.py:188} INFO - [2025-06-09T17:35:24.183+0200] {dag.py:3096} INFO - Sync 1 DAGs
[2025-06-09T17:35:24.190+0200] {logging_mixin.py:188} INFO - [2025-06-09T17:35:24.189+0200] {dag.py:3954} INFO - Setting next_dagrun for example_params_ui_tutorial to None, run_after=None
[2025-06-09T17:35:24.214+0200] {processor.py:183} INFO - Processing /home/ccd/airflow_venv/lib/python3.10/site-packages/airflow/example_dags/example_params_ui_tutorial.py took 0.071 seconds
[2025-06-09T17:36:22.483+0200] {processor.py:161} INFO - Started process (PID=108816) to work on /home/ccd/airflow_venv/lib/python3.10/site-packages/airflow/example_dags/example_params_ui_tutorial.py
[2025-06-09T17:36:22.485+0200] {processor.py:830} INFO - Processing file /home/ccd/airflow_venv/lib/python3.10/site-packages/airflow/example_dags/example_params_ui_tutorial.py for tasks to queue
[2025-06-09T17:36:22.486+0200] {logging_mixin.py:188} INFO - [2025-06-09T17:36:22.486+0200] {dagbag.py:540} INFO - Filling up the DagBag from /home/ccd/airflow_venv/lib/python3.10/site-packages/airflow/example_dags/example_params_ui_tutorial.py
[2025-06-09T17:36:22.494+0200] {processor.py:840} INFO - DAG(s) 'example_params_ui_tutorial' retrieved from /home/ccd/airflow_venv/lib/python3.10/site-packages/airflow/example_dags/example_params_ui_tutorial.py
[2025-06-09T17:36:22.520+0200] {logging_mixin.py:188} INFO - [2025-06-09T17:36:22.520+0200] {dag.py:3096} INFO - Sync 1 DAGs
[2025-06-09T17:36:22.529+0200] {logging_mixin.py:188} INFO - [2025-06-09T17:36:22.529+0200] {dag.py:3954} INFO - Setting next_dagrun for example_params_ui_tutorial to None, run_after=None
[2025-06-09T17:36:22.551+0200] {processor.py:183} INFO - Processing /home/ccd/airflow_venv/lib/python3.10/site-packages/airflow/example_dags/example_params_ui_tutorial.py took 0.073 seconds
[2025-06-09T17:37:20.647+0200] {processor.py:161} INFO - Started process (PID=109177) to work on /home/ccd/airflow_venv/lib/python3.10/site-packages/airflow/example_dags/example_params_ui_tutorial.py
[2025-06-09T17:37:20.650+0200] {processor.py:830} INFO - Processing file /home/ccd/airflow_venv/lib/python3.10/site-packages/airflow/example_dags/example_params_ui_tutorial.py for tasks to queue
[2025-06-09T17:37:20.651+0200] {logging_mixin.py:188} INFO - [2025-06-09T17:37:20.651+0200] {dagbag.py:540} INFO - Filling up the DagBag from /home/ccd/airflow_venv/lib/python3.10/site-packages/airflow/example_dags/example_params_ui_tutorial.py
[2025-06-09T17:37:20.661+0200] {processor.py:840} INFO - DAG(s) 'example_params_ui_tutorial' retrieved from /home/ccd/airflow_venv/lib/python3.10/site-packages/airflow/example_dags/example_params_ui_tutorial.py
[2025-06-09T17:37:20.693+0200] {logging_mixin.py:188} INFO - [2025-06-09T17:37:20.692+0200] {dag.py:3096} INFO - Sync 1 DAGs
[2025-06-09T17:37:20.701+0200] {logging_mixin.py:188} INFO - [2025-06-09T17:37:20.700+0200] {dag.py:3954} INFO - Setting next_dagrun for example_params_ui_tutorial to None, run_after=None
[2025-06-09T17:37:20.726+0200] {processor.py:183} INFO - Processing /home/ccd/airflow_venv/lib/python3.10/site-packages/airflow/example_dags/example_params_ui_tutorial.py took 0.084 seconds
[2025-06-09T17:38:52.014+0200] {processor.py:161} INFO - Started process (PID=110101) to work on /home/ccd/airflow_venv/lib/python3.10/site-packages/airflow/example_dags/example_params_ui_tutorial.py
[2025-06-09T17:38:52.016+0200] {processor.py:830} INFO - Processing file /home/ccd/airflow_venv/lib/python3.10/site-packages/airflow/example_dags/example_params_ui_tutorial.py for tasks to queue
[2025-06-09T17:38:52.017+0200] {logging_mixin.py:188} INFO - [2025-06-09T17:38:52.017+0200] {dagbag.py:540} INFO - Filling up the DagBag from /home/ccd/airflow_venv/lib/python3.10/site-packages/airflow/example_dags/example_params_ui_tutorial.py
[2025-06-09T17:38:52.027+0200] {processor.py:840} INFO - DAG(s) 'example_params_ui_tutorial' retrieved from /home/ccd/airflow_venv/lib/python3.10/site-packages/airflow/example_dags/example_params_ui_tutorial.py
[2025-06-09T17:38:52.062+0200] {logging_mixin.py:188} INFO - [2025-06-09T17:38:52.062+0200] {dag.py:3096} INFO - Sync 1 DAGs
[2025-06-09T17:38:52.081+0200] {logging_mixin.py:188} INFO - [2025-06-09T17:38:52.081+0200] {dag.py:3954} INFO - Setting next_dagrun for example_params_ui_tutorial to None, run_after=None
[2025-06-09T17:38:52.139+0200] {processor.py:183} INFO - Processing /home/ccd/airflow_venv/lib/python3.10/site-packages/airflow/example_dags/example_params_ui_tutorial.py took 0.130 seconds
[2025-06-09T17:40:04.733+0200] {processor.py:161} INFO - Started process (PID=110779) to work on /home/ccd/airflow_venv/lib/python3.10/site-packages/airflow/example_dags/example_params_ui_tutorial.py
[2025-06-09T17:40:04.735+0200] {processor.py:830} INFO - Processing file /home/ccd/airflow_venv/lib/python3.10/site-packages/airflow/example_dags/example_params_ui_tutorial.py for tasks to queue
[2025-06-09T17:40:04.738+0200] {logging_mixin.py:188} INFO - [2025-06-09T17:40:04.737+0200] {dagbag.py:540} INFO - Filling up the DagBag from /home/ccd/airflow_venv/lib/python3.10/site-packages/airflow/example_dags/example_params_ui_tutorial.py
[2025-06-09T17:40:04.754+0200] {processor.py:840} INFO - DAG(s) 'example_params_ui_tutorial' retrieved from /home/ccd/airflow_venv/lib/python3.10/site-packages/airflow/example_dags/example_params_ui_tutorial.py
[2025-06-09T17:40:04.825+0200] {logging_mixin.py:188} INFO - [2025-06-09T17:40:04.824+0200] {dag.py:3096} INFO - Sync 1 DAGs
[2025-06-09T17:40:04.841+0200] {logging_mixin.py:188} INFO - [2025-06-09T17:40:04.841+0200] {dag.py:3954} INFO - Setting next_dagrun for example_params_ui_tutorial to None, run_after=None
[2025-06-09T17:40:04.877+0200] {processor.py:183} INFO - Processing /home/ccd/airflow_venv/lib/python3.10/site-packages/airflow/example_dags/example_params_ui_tutorial.py took 0.154 seconds
[2025-06-09T17:41:21.261+0200] {processor.py:161} INFO - Started process (PID=111293) to work on /home/ccd/airflow_venv/lib/python3.10/site-packages/airflow/example_dags/example_params_ui_tutorial.py
[2025-06-09T17:41:21.272+0200] {processor.py:830} INFO - Processing file /home/ccd/airflow_venv/lib/python3.10/site-packages/airflow/example_dags/example_params_ui_tutorial.py for tasks to queue
[2025-06-09T17:41:21.273+0200] {logging_mixin.py:188} INFO - [2025-06-09T17:41:21.273+0200] {dagbag.py:540} INFO - Filling up the DagBag from /home/ccd/airflow_venv/lib/python3.10/site-packages/airflow/example_dags/example_params_ui_tutorial.py
[2025-06-09T17:41:21.281+0200] {processor.py:840} INFO - DAG(s) 'example_params_ui_tutorial' retrieved from /home/ccd/airflow_venv/lib/python3.10/site-packages/airflow/example_dags/example_params_ui_tutorial.py
[2025-06-09T17:41:21.307+0200] {logging_mixin.py:188} INFO - [2025-06-09T17:41:21.307+0200] {dag.py:3096} INFO - Sync 1 DAGs
[2025-06-09T17:41:21.314+0200] {logging_mixin.py:188} INFO - [2025-06-09T17:41:21.314+0200] {dag.py:3954} INFO - Setting next_dagrun for example_params_ui_tutorial to None, run_after=None
[2025-06-09T17:41:21.333+0200] {processor.py:183} INFO - Processing /home/ccd/airflow_venv/lib/python3.10/site-packages/airflow/example_dags/example_params_ui_tutorial.py took 0.076 seconds
[2025-06-09T17:42:25.315+0200] {processor.py:161} INFO - Started process (PID=111716) to work on /home/ccd/airflow_venv/lib/python3.10/site-packages/airflow/example_dags/example_params_ui_tutorial.py
[2025-06-09T17:42:25.325+0200] {processor.py:830} INFO - Processing file /home/ccd/airflow_venv/lib/python3.10/site-packages/airflow/example_dags/example_params_ui_tutorial.py for tasks to queue
[2025-06-09T17:42:25.326+0200] {logging_mixin.py:188} INFO - [2025-06-09T17:42:25.326+0200] {dagbag.py:540} INFO - Filling up the DagBag from /home/ccd/airflow_venv/lib/python3.10/site-packages/airflow/example_dags/example_params_ui_tutorial.py
[2025-06-09T17:42:25.333+0200] {processor.py:840} INFO - DAG(s) 'example_params_ui_tutorial' retrieved from /home/ccd/airflow_venv/lib/python3.10/site-packages/airflow/example_dags/example_params_ui_tutorial.py
[2025-06-09T17:42:25.359+0200] {logging_mixin.py:188} INFO - [2025-06-09T17:42:25.359+0200] {dag.py:3096} INFO - Sync 1 DAGs
[2025-06-09T17:42:25.368+0200] {logging_mixin.py:188} INFO - [2025-06-09T17:42:25.368+0200] {dag.py:3954} INFO - Setting next_dagrun for example_params_ui_tutorial to None, run_after=None
[2025-06-09T17:42:25.390+0200] {processor.py:183} INFO - Processing /home/ccd/airflow_venv/lib/python3.10/site-packages/airflow/example_dags/example_params_ui_tutorial.py took 0.080 seconds
[2025-06-09T17:43:32.067+0200] {processor.py:161} INFO - Started process (PID=112302) to work on /home/ccd/airflow_venv/lib/python3.10/site-packages/airflow/example_dags/example_params_ui_tutorial.py
[2025-06-09T17:43:32.069+0200] {processor.py:830} INFO - Processing file /home/ccd/airflow_venv/lib/python3.10/site-packages/airflow/example_dags/example_params_ui_tutorial.py for tasks to queue
[2025-06-09T17:43:32.071+0200] {logging_mixin.py:188} INFO - [2025-06-09T17:43:32.071+0200] {dagbag.py:540} INFO - Filling up the DagBag from /home/ccd/airflow_venv/lib/python3.10/site-packages/airflow/example_dags/example_params_ui_tutorial.py
[2025-06-09T17:43:32.081+0200] {processor.py:840} INFO - DAG(s) 'example_params_ui_tutorial' retrieved from /home/ccd/airflow_venv/lib/python3.10/site-packages/airflow/example_dags/example_params_ui_tutorial.py
[2025-06-09T17:43:32.163+0200] {logging_mixin.py:188} INFO - [2025-06-09T17:43:32.163+0200] {dag.py:3096} INFO - Sync 1 DAGs
[2025-06-09T17:43:32.170+0200] {logging_mixin.py:188} INFO - [2025-06-09T17:43:32.170+0200] {dag.py:3954} INFO - Setting next_dagrun for example_params_ui_tutorial to None, run_after=None
[2025-06-09T17:43:32.197+0200] {processor.py:183} INFO - Processing /home/ccd/airflow_venv/lib/python3.10/site-packages/airflow/example_dags/example_params_ui_tutorial.py took 0.133 seconds
[2025-06-09T17:44:39.189+0200] {processor.py:161} INFO - Started process (PID=112724) to work on /home/ccd/airflow_venv/lib/python3.10/site-packages/airflow/example_dags/example_params_ui_tutorial.py
[2025-06-09T17:44:39.201+0200] {processor.py:830} INFO - Processing file /home/ccd/airflow_venv/lib/python3.10/site-packages/airflow/example_dags/example_params_ui_tutorial.py for tasks to queue
[2025-06-09T17:44:39.206+0200] {logging_mixin.py:188} INFO - [2025-06-09T17:44:39.205+0200] {dagbag.py:540} INFO - Filling up the DagBag from /home/ccd/airflow_venv/lib/python3.10/site-packages/airflow/example_dags/example_params_ui_tutorial.py
[2025-06-09T17:44:39.272+0200] {processor.py:840} INFO - DAG(s) 'example_params_ui_tutorial' retrieved from /home/ccd/airflow_venv/lib/python3.10/site-packages/airflow/example_dags/example_params_ui_tutorial.py
[2025-06-09T17:44:39.416+0200] {logging_mixin.py:188} INFO - [2025-06-09T17:44:39.415+0200] {dag.py:3096} INFO - Sync 1 DAGs
[2025-06-09T17:44:39.429+0200] {logging_mixin.py:188} INFO - [2025-06-09T17:44:39.429+0200] {dag.py:3954} INFO - Setting next_dagrun for example_params_ui_tutorial to None, run_after=None
[2025-06-09T17:44:39.473+0200] {processor.py:183} INFO - Processing /home/ccd/airflow_venv/lib/python3.10/site-packages/airflow/example_dags/example_params_ui_tutorial.py took 0.317 seconds
[2025-06-09T17:45:50.111+0200] {processor.py:161} INFO - Started process (PID=113262) to work on /home/ccd/airflow_venv/lib/python3.10/site-packages/airflow/example_dags/example_params_ui_tutorial.py
[2025-06-09T17:45:50.113+0200] {processor.py:830} INFO - Processing file /home/ccd/airflow_venv/lib/python3.10/site-packages/airflow/example_dags/example_params_ui_tutorial.py for tasks to queue
[2025-06-09T17:45:50.115+0200] {logging_mixin.py:188} INFO - [2025-06-09T17:45:50.115+0200] {dagbag.py:540} INFO - Filling up the DagBag from /home/ccd/airflow_venv/lib/python3.10/site-packages/airflow/example_dags/example_params_ui_tutorial.py
[2025-06-09T17:45:50.130+0200] {processor.py:840} INFO - DAG(s) 'example_params_ui_tutorial' retrieved from /home/ccd/airflow_venv/lib/python3.10/site-packages/airflow/example_dags/example_params_ui_tutorial.py
[2025-06-09T17:45:50.185+0200] {logging_mixin.py:188} INFO - [2025-06-09T17:45:50.185+0200] {dag.py:3096} INFO - Sync 1 DAGs
[2025-06-09T17:45:50.199+0200] {logging_mixin.py:188} INFO - [2025-06-09T17:45:50.199+0200] {dag.py:3954} INFO - Setting next_dagrun for example_params_ui_tutorial to None, run_after=None
[2025-06-09T17:45:50.233+0200] {processor.py:183} INFO - Processing /home/ccd/airflow_venv/lib/python3.10/site-packages/airflow/example_dags/example_params_ui_tutorial.py took 0.130 seconds
[2025-06-09T17:46:52.150+0200] {processor.py:161} INFO - Started process (PID=113653) to work on /home/ccd/airflow_venv/lib/python3.10/site-packages/airflow/example_dags/example_params_ui_tutorial.py
[2025-06-09T17:46:52.152+0200] {processor.py:830} INFO - Processing file /home/ccd/airflow_venv/lib/python3.10/site-packages/airflow/example_dags/example_params_ui_tutorial.py for tasks to queue
[2025-06-09T17:46:52.153+0200] {logging_mixin.py:188} INFO - [2025-06-09T17:46:52.152+0200] {dagbag.py:540} INFO - Filling up the DagBag from /home/ccd/airflow_venv/lib/python3.10/site-packages/airflow/example_dags/example_params_ui_tutorial.py
[2025-06-09T17:46:52.160+0200] {processor.py:840} INFO - DAG(s) 'example_params_ui_tutorial' retrieved from /home/ccd/airflow_venv/lib/python3.10/site-packages/airflow/example_dags/example_params_ui_tutorial.py
[2025-06-09T17:46:52.187+0200] {logging_mixin.py:188} INFO - [2025-06-09T17:46:52.187+0200] {dag.py:3096} INFO - Sync 1 DAGs
[2025-06-09T17:46:52.194+0200] {logging_mixin.py:188} INFO - [2025-06-09T17:46:52.194+0200] {dag.py:3954} INFO - Setting next_dagrun for example_params_ui_tutorial to None, run_after=None
[2025-06-09T17:46:52.214+0200] {processor.py:183} INFO - Processing /home/ccd/airflow_venv/lib/python3.10/site-packages/airflow/example_dags/example_params_ui_tutorial.py took 0.069 seconds
[2025-06-09T17:49:51.843+0200] {processor.py:161} INFO - Started process (PID=117424) to work on /home/ccd/airflow_venv/lib/python3.10/site-packages/airflow/example_dags/example_params_ui_tutorial.py
[2025-06-09T17:49:51.844+0200] {processor.py:830} INFO - Processing file /home/ccd/airflow_venv/lib/python3.10/site-packages/airflow/example_dags/example_params_ui_tutorial.py for tasks to queue
[2025-06-09T17:49:51.845+0200] {logging_mixin.py:188} INFO - [2025-06-09T17:49:51.845+0200] {dagbag.py:540} INFO - Filling up the DagBag from /home/ccd/airflow_venv/lib/python3.10/site-packages/airflow/example_dags/example_params_ui_tutorial.py
[2025-06-09T17:49:51.853+0200] {processor.py:840} INFO - DAG(s) 'example_params_ui_tutorial' retrieved from /home/ccd/airflow_venv/lib/python3.10/site-packages/airflow/example_dags/example_params_ui_tutorial.py
[2025-06-09T17:49:51.881+0200] {logging_mixin.py:188} INFO - [2025-06-09T17:49:51.881+0200] {dag.py:3096} INFO - Sync 1 DAGs
[2025-06-09T17:49:51.898+0200] {logging_mixin.py:188} INFO - [2025-06-09T17:49:51.898+0200] {dag.py:3954} INFO - Setting next_dagrun for example_params_ui_tutorial to None, run_after=None
[2025-06-09T17:49:51.957+0200] {processor.py:183} INFO - Processing /home/ccd/airflow_venv/lib/python3.10/site-packages/airflow/example_dags/example_params_ui_tutorial.py took 0.119 seconds
[2025-06-09T17:51:24.365+0200] {processor.py:161} INFO - Started process (PID=118385) to work on /home/ccd/airflow_venv/lib/python3.10/site-packages/airflow/example_dags/example_params_ui_tutorial.py
[2025-06-09T17:51:24.386+0200] {processor.py:830} INFO - Processing file /home/ccd/airflow_venv/lib/python3.10/site-packages/airflow/example_dags/example_params_ui_tutorial.py for tasks to queue
[2025-06-09T17:51:24.394+0200] {logging_mixin.py:188} INFO - [2025-06-09T17:51:24.392+0200] {dagbag.py:540} INFO - Filling up the DagBag from /home/ccd/airflow_venv/lib/python3.10/site-packages/airflow/example_dags/example_params_ui_tutorial.py
[2025-06-09T17:51:24.488+0200] {processor.py:840} INFO - DAG(s) 'example_params_ui_tutorial' retrieved from /home/ccd/airflow_venv/lib/python3.10/site-packages/airflow/example_dags/example_params_ui_tutorial.py
[2025-06-09T17:51:24.805+0200] {logging_mixin.py:188} INFO - [2025-06-09T17:51:24.805+0200] {dag.py:3096} INFO - Sync 1 DAGs
[2025-06-09T17:51:24.827+0200] {logging_mixin.py:188} INFO - [2025-06-09T17:51:24.827+0200] {dag.py:3954} INFO - Setting next_dagrun for example_params_ui_tutorial to None, run_after=None
[2025-06-09T17:51:24.885+0200] {processor.py:183} INFO - Processing /home/ccd/airflow_venv/lib/python3.10/site-packages/airflow/example_dags/example_params_ui_tutorial.py took 0.560 seconds
[2025-06-09T17:52:21.322+0200] {processor.py:161} INFO - Started process (PID=118706) to work on /home/ccd/airflow_venv/lib/python3.10/site-packages/airflow/example_dags/example_params_ui_tutorial.py
[2025-06-09T17:52:21.334+0200] {processor.py:830} INFO - Processing file /home/ccd/airflow_venv/lib/python3.10/site-packages/airflow/example_dags/example_params_ui_tutorial.py for tasks to queue
[2025-06-09T17:52:21.335+0200] {logging_mixin.py:188} INFO - [2025-06-09T17:52:21.335+0200] {dagbag.py:540} INFO - Filling up the DagBag from /home/ccd/airflow_venv/lib/python3.10/site-packages/airflow/example_dags/example_params_ui_tutorial.py
[2025-06-09T17:52:21.344+0200] {processor.py:840} INFO - DAG(s) 'example_params_ui_tutorial' retrieved from /home/ccd/airflow_venv/lib/python3.10/site-packages/airflow/example_dags/example_params_ui_tutorial.py
[2025-06-09T17:52:21.374+0200] {logging_mixin.py:188} INFO - [2025-06-09T17:52:21.374+0200] {dag.py:3096} INFO - Sync 1 DAGs
[2025-06-09T17:52:21.380+0200] {logging_mixin.py:188} INFO - [2025-06-09T17:52:21.380+0200] {dag.py:3954} INFO - Setting next_dagrun for example_params_ui_tutorial to None, run_after=None
[2025-06-09T17:52:21.403+0200] {processor.py:183} INFO - Processing /home/ccd/airflow_venv/lib/python3.10/site-packages/airflow/example_dags/example_params_ui_tutorial.py took 0.086 seconds
[2025-06-09T17:55:59.756+0200] {processor.py:161} INFO - Started process (PID=122344) to work on /home/ccd/airflow_venv/lib/python3.10/site-packages/airflow/example_dags/example_params_ui_tutorial.py
[2025-06-09T17:55:59.758+0200] {processor.py:830} INFO - Processing file /home/ccd/airflow_venv/lib/python3.10/site-packages/airflow/example_dags/example_params_ui_tutorial.py for tasks to queue
[2025-06-09T17:55:59.759+0200] {logging_mixin.py:188} INFO - [2025-06-09T17:55:59.758+0200] {dagbag.py:540} INFO - Filling up the DagBag from /home/ccd/airflow_venv/lib/python3.10/site-packages/airflow/example_dags/example_params_ui_tutorial.py
[2025-06-09T17:55:59.766+0200] {processor.py:840} INFO - DAG(s) 'example_params_ui_tutorial' retrieved from /home/ccd/airflow_venv/lib/python3.10/site-packages/airflow/example_dags/example_params_ui_tutorial.py
[2025-06-09T17:55:59.792+0200] {logging_mixin.py:188} INFO - [2025-06-09T17:55:59.792+0200] {dag.py:3096} INFO - Sync 1 DAGs
[2025-06-09T17:55:59.800+0200] {logging_mixin.py:188} INFO - [2025-06-09T17:55:59.799+0200] {dag.py:3954} INFO - Setting next_dagrun for example_params_ui_tutorial to None, run_after=None
[2025-06-09T17:55:59.821+0200] {processor.py:183} INFO - Processing /home/ccd/airflow_venv/lib/python3.10/site-packages/airflow/example_dags/example_params_ui_tutorial.py took 0.068 seconds
[2025-06-09T17:56:53.884+0200] {processor.py:161} INFO - Started process (PID=122741) to work on /home/ccd/airflow_venv/lib/python3.10/site-packages/airflow/example_dags/example_params_ui_tutorial.py
[2025-06-09T17:56:53.894+0200] {processor.py:830} INFO - Processing file /home/ccd/airflow_venv/lib/python3.10/site-packages/airflow/example_dags/example_params_ui_tutorial.py for tasks to queue
[2025-06-09T17:56:53.898+0200] {logging_mixin.py:188} INFO - [2025-06-09T17:56:53.897+0200] {dagbag.py:540} INFO - Filling up the DagBag from /home/ccd/airflow_venv/lib/python3.10/site-packages/airflow/example_dags/example_params_ui_tutorial.py
[2025-06-09T17:56:53.960+0200] {processor.py:840} INFO - DAG(s) 'example_params_ui_tutorial' retrieved from /home/ccd/airflow_venv/lib/python3.10/site-packages/airflow/example_dags/example_params_ui_tutorial.py
[2025-06-09T17:56:54.138+0200] {logging_mixin.py:188} INFO - [2025-06-09T17:56:54.137+0200] {dag.py:3096} INFO - Sync 1 DAGs
[2025-06-09T17:56:54.215+0200] {logging_mixin.py:188} INFO - [2025-06-09T17:56:54.214+0200] {dag.py:3954} INFO - Setting next_dagrun for example_params_ui_tutorial to None, run_after=None
[2025-06-09T17:56:54.285+0200] {processor.py:183} INFO - Processing /home/ccd/airflow_venv/lib/python3.10/site-packages/airflow/example_dags/example_params_ui_tutorial.py took 0.422 seconds
[2025-06-09T17:57:55.495+0200] {processor.py:161} INFO - Started process (PID=123126) to work on /home/ccd/airflow_venv/lib/python3.10/site-packages/airflow/example_dags/example_params_ui_tutorial.py
[2025-06-09T17:57:55.506+0200] {processor.py:830} INFO - Processing file /home/ccd/airflow_venv/lib/python3.10/site-packages/airflow/example_dags/example_params_ui_tutorial.py for tasks to queue
[2025-06-09T17:57:55.507+0200] {logging_mixin.py:188} INFO - [2025-06-09T17:57:55.507+0200] {dagbag.py:540} INFO - Filling up the DagBag from /home/ccd/airflow_venv/lib/python3.10/site-packages/airflow/example_dags/example_params_ui_tutorial.py
[2025-06-09T17:57:55.518+0200] {processor.py:840} INFO - DAG(s) 'example_params_ui_tutorial' retrieved from /home/ccd/airflow_venv/lib/python3.10/site-packages/airflow/example_dags/example_params_ui_tutorial.py
[2025-06-09T17:57:55.554+0200] {logging_mixin.py:188} INFO - [2025-06-09T17:57:55.553+0200] {dag.py:3096} INFO - Sync 1 DAGs
[2025-06-09T17:57:55.564+0200] {logging_mixin.py:188} INFO - [2025-06-09T17:57:55.564+0200] {dag.py:3954} INFO - Setting next_dagrun for example_params_ui_tutorial to None, run_after=None
[2025-06-09T17:57:55.590+0200] {processor.py:183} INFO - Processing /home/ccd/airflow_venv/lib/python3.10/site-packages/airflow/example_dags/example_params_ui_tutorial.py took 0.100 seconds
[2025-06-09T17:59:41.836+0200] {processor.py:161} INFO - Started process (PID=124508) to work on /home/ccd/airflow_venv/lib/python3.10/site-packages/airflow/example_dags/example_params_ui_tutorial.py
[2025-06-09T17:59:41.838+0200] {processor.py:830} INFO - Processing file /home/ccd/airflow_venv/lib/python3.10/site-packages/airflow/example_dags/example_params_ui_tutorial.py for tasks to queue
[2025-06-09T17:59:41.839+0200] {logging_mixin.py:188} INFO - [2025-06-09T17:59:41.839+0200] {dagbag.py:540} INFO - Filling up the DagBag from /home/ccd/airflow_venv/lib/python3.10/site-packages/airflow/example_dags/example_params_ui_tutorial.py
[2025-06-09T17:59:41.850+0200] {processor.py:840} INFO - DAG(s) 'example_params_ui_tutorial' retrieved from /home/ccd/airflow_venv/lib/python3.10/site-packages/airflow/example_dags/example_params_ui_tutorial.py
[2025-06-09T17:59:41.939+0200] {logging_mixin.py:188} INFO - [2025-06-09T17:59:41.939+0200] {dag.py:3096} INFO - Sync 1 DAGs
[2025-06-09T17:59:41.946+0200] {logging_mixin.py:188} INFO - [2025-06-09T17:59:41.946+0200] {dag.py:3954} INFO - Setting next_dagrun for example_params_ui_tutorial to None, run_after=None
[2025-06-09T17:59:41.972+0200] {processor.py:183} INFO - Processing /home/ccd/airflow_venv/lib/python3.10/site-packages/airflow/example_dags/example_params_ui_tutorial.py took 0.140 seconds
[2025-06-09T18:02:32.546+0200] {processor.py:161} INFO - Started process (PID=127054) to work on /home/ccd/airflow_venv/lib/python3.10/site-packages/airflow/example_dags/example_params_ui_tutorial.py
[2025-06-09T18:02:32.548+0200] {processor.py:830} INFO - Processing file /home/ccd/airflow_venv/lib/python3.10/site-packages/airflow/example_dags/example_params_ui_tutorial.py for tasks to queue
[2025-06-09T18:02:32.549+0200] {logging_mixin.py:188} INFO - [2025-06-09T18:02:32.549+0200] {dagbag.py:540} INFO - Filling up the DagBag from /home/ccd/airflow_venv/lib/python3.10/site-packages/airflow/example_dags/example_params_ui_tutorial.py
[2025-06-09T18:02:32.557+0200] {processor.py:840} INFO - DAG(s) 'example_params_ui_tutorial' retrieved from /home/ccd/airflow_venv/lib/python3.10/site-packages/airflow/example_dags/example_params_ui_tutorial.py
[2025-06-09T18:02:32.583+0200] {logging_mixin.py:188} INFO - [2025-06-09T18:02:32.583+0200] {dag.py:3096} INFO - Sync 1 DAGs
[2025-06-09T18:02:32.590+0200] {logging_mixin.py:188} INFO - [2025-06-09T18:02:32.590+0200] {dag.py:3954} INFO - Setting next_dagrun for example_params_ui_tutorial to None, run_after=None
[2025-06-09T18:02:32.611+0200] {processor.py:183} INFO - Processing /home/ccd/airflow_venv/lib/python3.10/site-packages/airflow/example_dags/example_params_ui_tutorial.py took 0.069 seconds
