[2025-06-09T17:30:09.806+0200] {processor.py:161} INFO - Started process (PID=106628) to work on /home/ccd/airflow_venv/lib/python3.10/site-packages/airflow/example_dags/example_branch_labels.py
[2025-06-09T17:30:09.806+0200] {processor.py:830} INFO - Processing file /home/ccd/airflow_venv/lib/python3.10/site-packages/airflow/example_dags/example_branch_labels.py for tasks to queue
[2025-06-09T17:30:09.807+0200] {logging_mixin.py:188} INFO - [2025-06-09T17:30:09.807+0200] {dagbag.py:540} INFO - Filling up the DagBag from /home/ccd/airflow_venv/lib/python3.10/site-packages/airflow/example_dags/example_branch_labels.py
[2025-06-09T17:30:09.814+0200] {processor.py:840} INFO - DAG(s) 'example_branch_labels' retrieved from /home/ccd/airflow_venv/lib/python3.10/site-packages/airflow/example_dags/example_branch_labels.py
[2025-06-09T17:30:09.929+0200] {logging_mixin.py:188} INFO - [2025-06-09T17:30:09.929+0200] {dag.py:3096} INFO - Sync 1 DAGs
[2025-06-09T17:30:09.940+0200] {logging_mixin.py:188} INFO - [2025-06-09T17:30:09.940+0200] {dag.py:3954} INFO - Setting next_dagrun for example_branch_labels to 2025-06-08 00:00:00+00:00, run_after=2025-06-09 00:00:00+00:00
[2025-06-09T17:30:10.046+0200] {processor.py:183} INFO - Processing /home/ccd/airflow_venv/lib/python3.10/site-packages/airflow/example_dags/example_branch_labels.py took 0.245 seconds
[2025-06-09T17:31:23.959+0200] {processor.py:161} INFO - Started process (PID=107101) to work on /home/ccd/airflow_venv/lib/python3.10/site-packages/airflow/example_dags/example_branch_labels.py
[2025-06-09T17:31:23.971+0200] {processor.py:830} INFO - Processing file /home/ccd/airflow_venv/lib/python3.10/site-packages/airflow/example_dags/example_branch_labels.py for tasks to queue
[2025-06-09T17:31:23.973+0200] {logging_mixin.py:188} INFO - [2025-06-09T17:31:23.972+0200] {dagbag.py:540} INFO - Filling up the DagBag from /home/ccd/airflow_venv/lib/python3.10/site-packages/airflow/example_dags/example_branch_labels.py
[2025-06-09T17:31:23.978+0200] {processor.py:840} INFO - DAG(s) 'example_branch_labels' retrieved from /home/ccd/airflow_venv/lib/python3.10/site-packages/airflow/example_dags/example_branch_labels.py
[2025-06-09T17:31:23.990+0200] {logging_mixin.py:188} INFO - [2025-06-09T17:31:23.990+0200] {dag.py:3096} INFO - Sync 1 DAGs
[2025-06-09T17:31:24.004+0200] {logging_mixin.py:188} INFO - [2025-06-09T17:31:24.003+0200] {dag.py:3954} INFO - Setting next_dagrun for example_branch_labels to 2025-06-08 00:00:00+00:00, run_after=2025-06-09 00:00:00+00:00
[2025-06-09T17:31:24.025+0200] {processor.py:183} INFO - Processing /home/ccd/airflow_venv/lib/python3.10/site-packages/airflow/example_dags/example_branch_labels.py took 0.070 seconds
[2025-06-09T17:32:21.812+0200] {processor.py:161} INFO - Started process (PID=107452) to work on /home/ccd/airflow_venv/lib/python3.10/site-packages/airflow/example_dags/example_branch_labels.py
[2025-06-09T17:32:21.823+0200] {processor.py:830} INFO - Processing file /home/ccd/airflow_venv/lib/python3.10/site-packages/airflow/example_dags/example_branch_labels.py for tasks to queue
[2025-06-09T17:32:21.824+0200] {logging_mixin.py:188} INFO - [2025-06-09T17:32:21.824+0200] {dagbag.py:540} INFO - Filling up the DagBag from /home/ccd/airflow_venv/lib/python3.10/site-packages/airflow/example_dags/example_branch_labels.py
[2025-06-09T17:32:21.829+0200] {processor.py:840} INFO - DAG(s) 'example_branch_labels' retrieved from /home/ccd/airflow_venv/lib/python3.10/site-packages/airflow/example_dags/example_branch_labels.py
[2025-06-09T17:32:21.840+0200] {logging_mixin.py:188} INFO - [2025-06-09T17:32:21.839+0200] {dag.py:3096} INFO - Sync 1 DAGs
[2025-06-09T17:32:21.853+0200] {logging_mixin.py:188} INFO - [2025-06-09T17:32:21.853+0200] {dag.py:3954} INFO - Setting next_dagrun for example_branch_labels to 2025-06-08 00:00:00+00:00, run_after=2025-06-09 00:00:00+00:00
[2025-06-09T17:32:21.874+0200] {processor.py:183} INFO - Processing /home/ccd/airflow_venv/lib/python3.10/site-packages/airflow/example_dags/example_branch_labels.py took 0.066 seconds
[2025-06-09T17:33:17.983+0200] {processor.py:161} INFO - Started process (PID=107742) to work on /home/ccd/airflow_venv/lib/python3.10/site-packages/airflow/example_dags/example_branch_labels.py
[2025-06-09T17:33:17.993+0200] {processor.py:830} INFO - Processing file /home/ccd/airflow_venv/lib/python3.10/site-packages/airflow/example_dags/example_branch_labels.py for tasks to queue
[2025-06-09T17:33:17.994+0200] {logging_mixin.py:188} INFO - [2025-06-09T17:33:17.994+0200] {dagbag.py:540} INFO - Filling up the DagBag from /home/ccd/airflow_venv/lib/python3.10/site-packages/airflow/example_dags/example_branch_labels.py
[2025-06-09T17:33:17.999+0200] {processor.py:840} INFO - DAG(s) 'example_branch_labels' retrieved from /home/ccd/airflow_venv/lib/python3.10/site-packages/airflow/example_dags/example_branch_labels.py
[2025-06-09T17:33:18.010+0200] {logging_mixin.py:188} INFO - [2025-06-09T17:33:18.009+0200] {dag.py:3096} INFO - Sync 1 DAGs
[2025-06-09T17:33:18.022+0200] {logging_mixin.py:188} INFO - [2025-06-09T17:33:18.022+0200] {dag.py:3954} INFO - Setting next_dagrun for example_branch_labels to 2025-06-08 00:00:00+00:00, run_after=2025-06-09 00:00:00+00:00
[2025-06-09T17:33:18.051+0200] {processor.py:183} INFO - Processing /home/ccd/airflow_venv/lib/python3.10/site-packages/airflow/example_dags/example_branch_labels.py took 0.073 seconds
[2025-06-09T17:34:11.916+0200] {processor.py:161} INFO - Started process (PID=108081) to work on /home/ccd/airflow_venv/lib/python3.10/site-packages/airflow/example_dags/example_branch_labels.py
[2025-06-09T17:34:11.927+0200] {processor.py:830} INFO - Processing file /home/ccd/airflow_venv/lib/python3.10/site-packages/airflow/example_dags/example_branch_labels.py for tasks to queue
[2025-06-09T17:34:11.929+0200] {logging_mixin.py:188} INFO - [2025-06-09T17:34:11.928+0200] {dagbag.py:540} INFO - Filling up the DagBag from /home/ccd/airflow_venv/lib/python3.10/site-packages/airflow/example_dags/example_branch_labels.py
[2025-06-09T17:34:11.934+0200] {processor.py:840} INFO - DAG(s) 'example_branch_labels' retrieved from /home/ccd/airflow_venv/lib/python3.10/site-packages/airflow/example_dags/example_branch_labels.py
[2025-06-09T17:34:11.945+0200] {logging_mixin.py:188} INFO - [2025-06-09T17:34:11.944+0200] {dag.py:3096} INFO - Sync 1 DAGs
[2025-06-09T17:34:11.957+0200] {logging_mixin.py:188} INFO - [2025-06-09T17:34:11.957+0200] {dag.py:3954} INFO - Setting next_dagrun for example_branch_labels to 2025-06-08 00:00:00+00:00, run_after=2025-06-09 00:00:00+00:00
[2025-06-09T17:34:11.978+0200] {processor.py:183} INFO - Processing /home/ccd/airflow_venv/lib/python3.10/site-packages/airflow/example_dags/example_branch_labels.py took 0.065 seconds
[2025-06-09T17:35:05.258+0200] {processor.py:161} INFO - Started process (PID=108370) to work on /home/ccd/airflow_venv/lib/python3.10/site-packages/airflow/example_dags/example_branch_labels.py
[2025-06-09T17:35:05.264+0200] {processor.py:830} INFO - Processing file /home/ccd/airflow_venv/lib/python3.10/site-packages/airflow/example_dags/example_branch_labels.py for tasks to queue
[2025-06-09T17:35:05.265+0200] {logging_mixin.py:188} INFO - [2025-06-09T17:35:05.265+0200] {dagbag.py:540} INFO - Filling up the DagBag from /home/ccd/airflow_venv/lib/python3.10/site-packages/airflow/example_dags/example_branch_labels.py
[2025-06-09T17:35:05.271+0200] {processor.py:840} INFO - DAG(s) 'example_branch_labels' retrieved from /home/ccd/airflow_venv/lib/python3.10/site-packages/airflow/example_dags/example_branch_labels.py
[2025-06-09T17:35:05.281+0200] {logging_mixin.py:188} INFO - [2025-06-09T17:35:05.281+0200] {dag.py:3096} INFO - Sync 1 DAGs
[2025-06-09T17:35:05.293+0200] {logging_mixin.py:188} INFO - [2025-06-09T17:35:05.293+0200] {dag.py:3954} INFO - Setting next_dagrun for example_branch_labels to 2025-06-08 00:00:00+00:00, run_after=2025-06-09 00:00:00+00:00
[2025-06-09T17:35:05.313+0200] {processor.py:183} INFO - Processing /home/ccd/airflow_venv/lib/python3.10/site-packages/airflow/example_dags/example_branch_labels.py took 0.059 seconds
[2025-06-09T17:36:01.289+0200] {processor.py:161} INFO - Started process (PID=108714) to work on /home/ccd/airflow_venv/lib/python3.10/site-packages/airflow/example_dags/example_branch_labels.py
[2025-06-09T17:36:01.299+0200] {processor.py:830} INFO - Processing file /home/ccd/airflow_venv/lib/python3.10/site-packages/airflow/example_dags/example_branch_labels.py for tasks to queue
[2025-06-09T17:36:01.301+0200] {logging_mixin.py:188} INFO - [2025-06-09T17:36:01.300+0200] {dagbag.py:540} INFO - Filling up the DagBag from /home/ccd/airflow_venv/lib/python3.10/site-packages/airflow/example_dags/example_branch_labels.py
[2025-06-09T17:36:01.307+0200] {processor.py:840} INFO - DAG(s) 'example_branch_labels' retrieved from /home/ccd/airflow_venv/lib/python3.10/site-packages/airflow/example_dags/example_branch_labels.py
[2025-06-09T17:36:01.319+0200] {logging_mixin.py:188} INFO - [2025-06-09T17:36:01.319+0200] {dag.py:3096} INFO - Sync 1 DAGs
[2025-06-09T17:36:01.332+0200] {logging_mixin.py:188} INFO - [2025-06-09T17:36:01.332+0200] {dag.py:3954} INFO - Setting next_dagrun for example_branch_labels to 2025-06-08 00:00:00+00:00, run_after=2025-06-09 00:00:00+00:00
[2025-06-09T17:36:01.367+0200] {processor.py:183} INFO - Processing /home/ccd/airflow_venv/lib/python3.10/site-packages/airflow/example_dags/example_branch_labels.py took 0.083 seconds
[2025-06-09T17:37:00.046+0200] {processor.py:161} INFO - Started process (PID=109056) to work on /home/ccd/airflow_venv/lib/python3.10/site-packages/airflow/example_dags/example_branch_labels.py
[2025-06-09T17:37:00.057+0200] {processor.py:830} INFO - Processing file /home/ccd/airflow_venv/lib/python3.10/site-packages/airflow/example_dags/example_branch_labels.py for tasks to queue
[2025-06-09T17:37:00.058+0200] {logging_mixin.py:188} INFO - [2025-06-09T17:37:00.058+0200] {dagbag.py:540} INFO - Filling up the DagBag from /home/ccd/airflow_venv/lib/python3.10/site-packages/airflow/example_dags/example_branch_labels.py
[2025-06-09T17:37:00.063+0200] {processor.py:840} INFO - DAG(s) 'example_branch_labels' retrieved from /home/ccd/airflow_venv/lib/python3.10/site-packages/airflow/example_dags/example_branch_labels.py
[2025-06-09T17:37:00.074+0200] {logging_mixin.py:188} INFO - [2025-06-09T17:37:00.073+0200] {dag.py:3096} INFO - Sync 1 DAGs
[2025-06-09T17:37:00.088+0200] {logging_mixin.py:188} INFO - [2025-06-09T17:37:00.088+0200] {dag.py:3954} INFO - Setting next_dagrun for example_branch_labels to 2025-06-08 00:00:00+00:00, run_after=2025-06-09 00:00:00+00:00
[2025-06-09T17:37:00.121+0200] {processor.py:183} INFO - Processing /home/ccd/airflow_venv/lib/python3.10/site-packages/airflow/example_dags/example_branch_labels.py took 0.080 seconds
[2025-06-09T17:38:21.221+0200] {processor.py:161} INFO - Started process (PID=109880) to work on /home/ccd/airflow_venv/lib/python3.10/site-packages/airflow/example_dags/example_branch_labels.py
[2025-06-09T17:38:21.224+0200] {processor.py:830} INFO - Processing file /home/ccd/airflow_venv/lib/python3.10/site-packages/airflow/example_dags/example_branch_labels.py for tasks to queue
[2025-06-09T17:38:21.225+0200] {logging_mixin.py:188} INFO - [2025-06-09T17:38:21.225+0200] {dagbag.py:540} INFO - Filling up the DagBag from /home/ccd/airflow_venv/lib/python3.10/site-packages/airflow/example_dags/example_branch_labels.py
[2025-06-09T17:38:21.231+0200] {processor.py:840} INFO - DAG(s) 'example_branch_labels' retrieved from /home/ccd/airflow_venv/lib/python3.10/site-packages/airflow/example_dags/example_branch_labels.py
[2025-06-09T17:38:21.245+0200] {logging_mixin.py:188} INFO - [2025-06-09T17:38:21.245+0200] {dag.py:3096} INFO - Sync 1 DAGs
[2025-06-09T17:38:21.263+0200] {logging_mixin.py:188} INFO - [2025-06-09T17:38:21.263+0200] {dag.py:3954} INFO - Setting next_dagrun for example_branch_labels to 2025-06-08 00:00:00+00:00, run_after=2025-06-09 00:00:00+00:00
[2025-06-09T17:38:21.290+0200] {processor.py:183} INFO - Processing /home/ccd/airflow_venv/lib/python3.10/site-packages/airflow/example_dags/example_branch_labels.py took 0.073 seconds
[2025-06-09T17:39:42.265+0200] {processor.py:161} INFO - Started process (PID=110615) to work on /home/ccd/airflow_venv/lib/python3.10/site-packages/airflow/example_dags/example_branch_labels.py
[2025-06-09T17:39:42.266+0200] {processor.py:830} INFO - Processing file /home/ccd/airflow_venv/lib/python3.10/site-packages/airflow/example_dags/example_branch_labels.py for tasks to queue
[2025-06-09T17:39:42.268+0200] {logging_mixin.py:188} INFO - [2025-06-09T17:39:42.267+0200] {dagbag.py:540} INFO - Filling up the DagBag from /home/ccd/airflow_venv/lib/python3.10/site-packages/airflow/example_dags/example_branch_labels.py
[2025-06-09T17:39:42.274+0200] {processor.py:840} INFO - DAG(s) 'example_branch_labels' retrieved from /home/ccd/airflow_venv/lib/python3.10/site-packages/airflow/example_dags/example_branch_labels.py
[2025-06-09T17:39:42.289+0200] {logging_mixin.py:188} INFO - [2025-06-09T17:39:42.289+0200] {dag.py:3096} INFO - Sync 1 DAGs
[2025-06-09T17:39:42.306+0200] {logging_mixin.py:188} INFO - [2025-06-09T17:39:42.306+0200] {dag.py:3954} INFO - Setting next_dagrun for example_branch_labels to 2025-06-08 00:00:00+00:00, run_after=2025-06-09 00:00:00+00:00
[2025-06-09T17:39:42.349+0200] {processor.py:183} INFO - Processing /home/ccd/airflow_venv/lib/python3.10/site-packages/airflow/example_dags/example_branch_labels.py took 0.089 seconds
[2025-06-09T17:40:53.729+0200] {processor.py:161} INFO - Started process (PID=111133) to work on /home/ccd/airflow_venv/lib/python3.10/site-packages/airflow/example_dags/example_branch_labels.py
[2025-06-09T17:40:53.741+0200] {processor.py:830} INFO - Processing file /home/ccd/airflow_venv/lib/python3.10/site-packages/airflow/example_dags/example_branch_labels.py for tasks to queue
[2025-06-09T17:40:53.743+0200] {logging_mixin.py:188} INFO - [2025-06-09T17:40:53.742+0200] {dagbag.py:540} INFO - Filling up the DagBag from /home/ccd/airflow_venv/lib/python3.10/site-packages/airflow/example_dags/example_branch_labels.py
[2025-06-09T17:40:53.749+0200] {processor.py:840} INFO - DAG(s) 'example_branch_labels' retrieved from /home/ccd/airflow_venv/lib/python3.10/site-packages/airflow/example_dags/example_branch_labels.py
[2025-06-09T17:40:53.763+0200] {logging_mixin.py:188} INFO - [2025-06-09T17:40:53.763+0200] {dag.py:3096} INFO - Sync 1 DAGs
[2025-06-09T17:40:53.778+0200] {logging_mixin.py:188} INFO - [2025-06-09T17:40:53.778+0200] {dag.py:3954} INFO - Setting next_dagrun for example_branch_labels to 2025-06-08 00:00:00+00:00, run_after=2025-06-09 00:00:00+00:00
[2025-06-09T17:40:53.803+0200] {processor.py:183} INFO - Processing /home/ccd/airflow_venv/lib/python3.10/site-packages/airflow/example_dags/example_branch_labels.py took 0.079 seconds
[2025-06-09T17:42:05.797+0200] {processor.py:161} INFO - Started process (PID=111581) to work on /home/ccd/airflow_venv/lib/python3.10/site-packages/airflow/example_dags/example_branch_labels.py
[2025-06-09T17:42:05.800+0200] {processor.py:830} INFO - Processing file /home/ccd/airflow_venv/lib/python3.10/site-packages/airflow/example_dags/example_branch_labels.py for tasks to queue
[2025-06-09T17:42:05.802+0200] {logging_mixin.py:188} INFO - [2025-06-09T17:42:05.801+0200] {dagbag.py:540} INFO - Filling up the DagBag from /home/ccd/airflow_venv/lib/python3.10/site-packages/airflow/example_dags/example_branch_labels.py
[2025-06-09T17:42:05.808+0200] {processor.py:840} INFO - DAG(s) 'example_branch_labels' retrieved from /home/ccd/airflow_venv/lib/python3.10/site-packages/airflow/example_dags/example_branch_labels.py
[2025-06-09T17:42:05.819+0200] {logging_mixin.py:188} INFO - [2025-06-09T17:42:05.819+0200] {dag.py:3096} INFO - Sync 1 DAGs
[2025-06-09T17:42:05.834+0200] {logging_mixin.py:188} INFO - [2025-06-09T17:42:05.834+0200] {dag.py:3954} INFO - Setting next_dagrun for example_branch_labels to 2025-06-08 00:00:00+00:00, run_after=2025-06-09 00:00:00+00:00
[2025-06-09T17:42:05.862+0200] {processor.py:183} INFO - Processing /home/ccd/airflow_venv/lib/python3.10/site-packages/airflow/example_dags/example_branch_labels.py took 0.069 seconds
[2025-06-09T17:44:03.948+0200] {processor.py:161} INFO - Started process (PID=112473) to work on /home/ccd/airflow_venv/lib/python3.10/site-packages/airflow/example_dags/example_branch_labels.py
[2025-06-09T17:44:03.959+0200] {processor.py:830} INFO - Processing file /home/ccd/airflow_venv/lib/python3.10/site-packages/airflow/example_dags/example_branch_labels.py for tasks to queue
[2025-06-09T17:44:03.961+0200] {logging_mixin.py:188} INFO - [2025-06-09T17:44:03.961+0200] {dagbag.py:540} INFO - Filling up the DagBag from /home/ccd/airflow_venv/lib/python3.10/site-packages/airflow/example_dags/example_branch_labels.py
[2025-06-09T17:44:03.967+0200] {processor.py:840} INFO - DAG(s) 'example_branch_labels' retrieved from /home/ccd/airflow_venv/lib/python3.10/site-packages/airflow/example_dags/example_branch_labels.py
[2025-06-09T17:44:04.080+0200] {logging_mixin.py:188} INFO - [2025-06-09T17:44:04.079+0200] {dag.py:3096} INFO - Sync 1 DAGs
[2025-06-09T17:44:04.089+0200] {logging_mixin.py:188} INFO - [2025-06-09T17:44:04.089+0200] {dag.py:3954} INFO - Setting next_dagrun for example_branch_labels to 2025-06-08 00:00:00+00:00, run_after=2025-06-09 00:00:00+00:00
[2025-06-09T17:44:04.117+0200] {processor.py:183} INFO - Processing /home/ccd/airflow_venv/lib/python3.10/site-packages/airflow/example_dags/example_branch_labels.py took 0.174 seconds
[2025-06-09T17:45:17.129+0200] {processor.py:161} INFO - Started process (PID=113009) to work on /home/ccd/airflow_venv/lib/python3.10/site-packages/airflow/example_dags/example_branch_labels.py
[2025-06-09T17:45:17.131+0200] {processor.py:830} INFO - Processing file /home/ccd/airflow_venv/lib/python3.10/site-packages/airflow/example_dags/example_branch_labels.py for tasks to queue
[2025-06-09T17:45:17.132+0200] {logging_mixin.py:188} INFO - [2025-06-09T17:45:17.132+0200] {dagbag.py:540} INFO - Filling up the DagBag from /home/ccd/airflow_venv/lib/python3.10/site-packages/airflow/example_dags/example_branch_labels.py
[2025-06-09T17:45:17.139+0200] {processor.py:840} INFO - DAG(s) 'example_branch_labels' retrieved from /home/ccd/airflow_venv/lib/python3.10/site-packages/airflow/example_dags/example_branch_labels.py
[2025-06-09T17:45:17.151+0200] {logging_mixin.py:188} INFO - [2025-06-09T17:45:17.151+0200] {dag.py:3096} INFO - Sync 1 DAGs
[2025-06-09T17:45:17.167+0200] {logging_mixin.py:188} INFO - [2025-06-09T17:45:17.167+0200] {dag.py:3954} INFO - Setting next_dagrun for example_branch_labels to 2025-06-08 00:00:00+00:00, run_after=2025-06-09 00:00:00+00:00
[2025-06-09T17:45:17.202+0200] {processor.py:183} INFO - Processing /home/ccd/airflow_venv/lib/python3.10/site-packages/airflow/example_dags/example_branch_labels.py took 0.079 seconds
[2025-06-09T17:46:23.966+0200] {processor.py:161} INFO - Started process (PID=113469) to work on /home/ccd/airflow_venv/lib/python3.10/site-packages/airflow/example_dags/example_branch_labels.py
[2025-06-09T17:46:23.976+0200] {processor.py:830} INFO - Processing file /home/ccd/airflow_venv/lib/python3.10/site-packages/airflow/example_dags/example_branch_labels.py for tasks to queue
[2025-06-09T17:46:23.979+0200] {logging_mixin.py:188} INFO - [2025-06-09T17:46:23.978+0200] {dagbag.py:540} INFO - Filling up the DagBag from /home/ccd/airflow_venv/lib/python3.10/site-packages/airflow/example_dags/example_branch_labels.py
[2025-06-09T17:46:23.985+0200] {processor.py:840} INFO - DAG(s) 'example_branch_labels' retrieved from /home/ccd/airflow_venv/lib/python3.10/site-packages/airflow/example_dags/example_branch_labels.py
[2025-06-09T17:46:23.996+0200] {logging_mixin.py:188} INFO - [2025-06-09T17:46:23.996+0200] {dag.py:3096} INFO - Sync 1 DAGs
[2025-06-09T17:46:24.010+0200] {logging_mixin.py:188} INFO - [2025-06-09T17:46:24.009+0200] {dag.py:3954} INFO - Setting next_dagrun for example_branch_labels to 2025-06-08 00:00:00+00:00, run_after=2025-06-09 00:00:00+00:00
[2025-06-09T17:46:24.039+0200] {processor.py:183} INFO - Processing /home/ccd/airflow_venv/lib/python3.10/site-packages/airflow/example_dags/example_branch_labels.py took 0.077 seconds
[2025-06-09T17:47:27.584+0200] {processor.py:161} INFO - Started process (PID=113853) to work on /home/ccd/airflow_venv/lib/python3.10/site-packages/airflow/example_dags/example_branch_labels.py
[2025-06-09T17:47:27.585+0200] {processor.py:830} INFO - Processing file /home/ccd/airflow_venv/lib/python3.10/site-packages/airflow/example_dags/example_branch_labels.py for tasks to queue
[2025-06-09T17:47:27.586+0200] {logging_mixin.py:188} INFO - [2025-06-09T17:47:27.586+0200] {dagbag.py:540} INFO - Filling up the DagBag from /home/ccd/airflow_venv/lib/python3.10/site-packages/airflow/example_dags/example_branch_labels.py
[2025-06-09T17:47:27.596+0200] {processor.py:840} INFO - DAG(s) 'example_branch_labels' retrieved from /home/ccd/airflow_venv/lib/python3.10/site-packages/airflow/example_dags/example_branch_labels.py
[2025-06-09T17:47:27.610+0200] {logging_mixin.py:188} INFO - [2025-06-09T17:47:27.609+0200] {dag.py:3096} INFO - Sync 1 DAGs
[2025-06-09T17:47:27.626+0200] {logging_mixin.py:188} INFO - [2025-06-09T17:47:27.626+0200] {dag.py:3954} INFO - Setting next_dagrun for example_branch_labels to 2025-06-08 00:00:00+00:00, run_after=2025-06-09 00:00:00+00:00
[2025-06-09T17:47:27.652+0200] {processor.py:183} INFO - Processing /home/ccd/airflow_venv/lib/python3.10/site-packages/airflow/example_dags/example_branch_labels.py took 0.073 seconds
[2025-06-09T17:50:44.189+0200] {processor.py:161} INFO - Started process (PID=117930) to work on /home/ccd/airflow_venv/lib/python3.10/site-packages/airflow/example_dags/example_branch_labels.py
[2025-06-09T17:50:44.190+0200] {processor.py:830} INFO - Processing file /home/ccd/airflow_venv/lib/python3.10/site-packages/airflow/example_dags/example_branch_labels.py for tasks to queue
[2025-06-09T17:50:44.193+0200] {logging_mixin.py:188} INFO - [2025-06-09T17:50:44.191+0200] {dagbag.py:540} INFO - Filling up the DagBag from /home/ccd/airflow_venv/lib/python3.10/site-packages/airflow/example_dags/example_branch_labels.py
[2025-06-09T17:50:44.202+0200] {processor.py:840} INFO - DAG(s) 'example_branch_labels' retrieved from /home/ccd/airflow_venv/lib/python3.10/site-packages/airflow/example_dags/example_branch_labels.py
[2025-06-09T17:50:44.216+0200] {logging_mixin.py:188} INFO - [2025-06-09T17:50:44.216+0200] {dag.py:3096} INFO - Sync 1 DAGs
[2025-06-09T17:50:44.235+0200] {logging_mixin.py:188} INFO - [2025-06-09T17:50:44.235+0200] {dag.py:3954} INFO - Setting next_dagrun for example_branch_labels to 2025-06-08 00:00:00+00:00, run_after=2025-06-09 00:00:00+00:00
[2025-06-09T17:50:44.261+0200] {processor.py:183} INFO - Processing /home/ccd/airflow_venv/lib/python3.10/site-packages/airflow/example_dags/example_branch_labels.py took 0.079 seconds
[2025-06-09T17:52:02.223+0200] {processor.py:161} INFO - Started process (PID=118615) to work on /home/ccd/airflow_venv/lib/python3.10/site-packages/airflow/example_dags/example_branch_labels.py
[2025-06-09T17:52:02.224+0200] {processor.py:830} INFO - Processing file /home/ccd/airflow_venv/lib/python3.10/site-packages/airflow/example_dags/example_branch_labels.py for tasks to queue
[2025-06-09T17:52:02.225+0200] {logging_mixin.py:188} INFO - [2025-06-09T17:52:02.225+0200] {dagbag.py:540} INFO - Filling up the DagBag from /home/ccd/airflow_venv/lib/python3.10/site-packages/airflow/example_dags/example_branch_labels.py
[2025-06-09T17:52:02.232+0200] {processor.py:840} INFO - DAG(s) 'example_branch_labels' retrieved from /home/ccd/airflow_venv/lib/python3.10/site-packages/airflow/example_dags/example_branch_labels.py
[2025-06-09T17:52:02.243+0200] {logging_mixin.py:188} INFO - [2025-06-09T17:52:02.243+0200] {dag.py:3096} INFO - Sync 1 DAGs
[2025-06-09T17:52:02.257+0200] {logging_mixin.py:188} INFO - [2025-06-09T17:52:02.257+0200] {dag.py:3954} INFO - Setting next_dagrun for example_branch_labels to 2025-06-08 00:00:00+00:00, run_after=2025-06-09 00:00:00+00:00
[2025-06-09T17:52:02.281+0200] {processor.py:183} INFO - Processing /home/ccd/airflow_venv/lib/python3.10/site-packages/airflow/example_dags/example_branch_labels.py took 0.063 seconds
[2025-06-09T17:53:00.781+0200] {processor.py:161} INFO - Started process (PID=118957) to work on /home/ccd/airflow_venv/lib/python3.10/site-packages/airflow/example_dags/example_branch_labels.py
[2025-06-09T17:53:00.782+0200] {processor.py:830} INFO - Processing file /home/ccd/airflow_venv/lib/python3.10/site-packages/airflow/example_dags/example_branch_labels.py for tasks to queue
[2025-06-09T17:53:00.783+0200] {logging_mixin.py:188} INFO - [2025-06-09T17:53:00.783+0200] {dagbag.py:540} INFO - Filling up the DagBag from /home/ccd/airflow_venv/lib/python3.10/site-packages/airflow/example_dags/example_branch_labels.py
[2025-06-09T17:53:00.788+0200] {processor.py:840} INFO - DAG(s) 'example_branch_labels' retrieved from /home/ccd/airflow_venv/lib/python3.10/site-packages/airflow/example_dags/example_branch_labels.py
[2025-06-09T17:53:00.803+0200] {logging_mixin.py:188} INFO - [2025-06-09T17:53:00.803+0200] {dag.py:3096} INFO - Sync 1 DAGs
[2025-06-09T17:53:00.816+0200] {logging_mixin.py:188} INFO - [2025-06-09T17:53:00.816+0200] {dag.py:3954} INFO - Setting next_dagrun for example_branch_labels to 2025-06-08 00:00:00+00:00, run_after=2025-06-09 00:00:00+00:00
[2025-06-09T17:53:00.843+0200] {processor.py:183} INFO - Processing /home/ccd/airflow_venv/lib/python3.10/site-packages/airflow/example_dags/example_branch_labels.py took 0.066 seconds
[2025-06-09T17:56:27.339+0200] {processor.py:161} INFO - Started process (PID=122545) to work on /home/ccd/airflow_venv/lib/python3.10/site-packages/airflow/example_dags/example_branch_labels.py
[2025-06-09T17:56:27.350+0200] {processor.py:830} INFO - Processing file /home/ccd/airflow_venv/lib/python3.10/site-packages/airflow/example_dags/example_branch_labels.py for tasks to queue
[2025-06-09T17:56:27.351+0200] {logging_mixin.py:188} INFO - [2025-06-09T17:56:27.350+0200] {dagbag.py:540} INFO - Filling up the DagBag from /home/ccd/airflow_venv/lib/python3.10/site-packages/airflow/example_dags/example_branch_labels.py
[2025-06-09T17:56:27.357+0200] {processor.py:840} INFO - DAG(s) 'example_branch_labels' retrieved from /home/ccd/airflow_venv/lib/python3.10/site-packages/airflow/example_dags/example_branch_labels.py
[2025-06-09T17:56:27.370+0200] {logging_mixin.py:188} INFO - [2025-06-09T17:56:27.370+0200] {dag.py:3096} INFO - Sync 1 DAGs
[2025-06-09T17:56:27.385+0200] {logging_mixin.py:188} INFO - [2025-06-09T17:56:27.384+0200] {dag.py:3954} INFO - Setting next_dagrun for example_branch_labels to 2025-06-08 00:00:00+00:00, run_after=2025-06-09 00:00:00+00:00
[2025-06-09T17:56:27.418+0200] {processor.py:183} INFO - Processing /home/ccd/airflow_venv/lib/python3.10/site-packages/airflow/example_dags/example_branch_labels.py took 0.083 seconds
[2025-06-09T17:57:26.587+0200] {processor.py:161} INFO - Started process (PID=122943) to work on /home/ccd/airflow_venv/lib/python3.10/site-packages/airflow/example_dags/example_branch_labels.py
[2025-06-09T17:57:26.589+0200] {processor.py:830} INFO - Processing file /home/ccd/airflow_venv/lib/python3.10/site-packages/airflow/example_dags/example_branch_labels.py for tasks to queue
[2025-06-09T17:57:26.590+0200] {logging_mixin.py:188} INFO - [2025-06-09T17:57:26.590+0200] {dagbag.py:540} INFO - Filling up the DagBag from /home/ccd/airflow_venv/lib/python3.10/site-packages/airflow/example_dags/example_branch_labels.py
[2025-06-09T17:57:26.599+0200] {processor.py:840} INFO - DAG(s) 'example_branch_labels' retrieved from /home/ccd/airflow_venv/lib/python3.10/site-packages/airflow/example_dags/example_branch_labels.py
[2025-06-09T17:57:26.615+0200] {logging_mixin.py:188} INFO - [2025-06-09T17:57:26.615+0200] {dag.py:3096} INFO - Sync 1 DAGs
[2025-06-09T17:57:26.636+0200] {logging_mixin.py:188} INFO - [2025-06-09T17:57:26.636+0200] {dag.py:3954} INFO - Setting next_dagrun for example_branch_labels to 2025-06-08 00:00:00+00:00, run_after=2025-06-09 00:00:00+00:00
[2025-06-09T17:57:26.667+0200] {processor.py:183} INFO - Processing /home/ccd/airflow_venv/lib/python3.10/site-packages/airflow/example_dags/example_branch_labels.py took 0.086 seconds
[2025-06-09T17:58:27.956+0200] {processor.py:161} INFO - Started process (PID=123368) to work on /home/ccd/airflow_venv/lib/python3.10/site-packages/airflow/example_dags/example_branch_labels.py
[2025-06-09T17:58:27.967+0200] {processor.py:830} INFO - Processing file /home/ccd/airflow_venv/lib/python3.10/site-packages/airflow/example_dags/example_branch_labels.py for tasks to queue
[2025-06-09T17:58:27.969+0200] {logging_mixin.py:188} INFO - [2025-06-09T17:58:27.968+0200] {dagbag.py:540} INFO - Filling up the DagBag from /home/ccd/airflow_venv/lib/python3.10/site-packages/airflow/example_dags/example_branch_labels.py
[2025-06-09T17:58:27.981+0200] {processor.py:840} INFO - DAG(s) 'example_branch_labels' retrieved from /home/ccd/airflow_venv/lib/python3.10/site-packages/airflow/example_dags/example_branch_labels.py
[2025-06-09T17:58:28.019+0200] {logging_mixin.py:188} INFO - [2025-06-09T17:58:28.018+0200] {dag.py:3096} INFO - Sync 1 DAGs
[2025-06-09T17:58:28.062+0200] {logging_mixin.py:188} INFO - [2025-06-09T17:58:28.061+0200] {dag.py:3954} INFO - Setting next_dagrun for example_branch_labels to 2025-06-08 00:00:00+00:00, run_after=2025-06-09 00:00:00+00:00
[2025-06-09T17:58:28.123+0200] {processor.py:183} INFO - Processing /home/ccd/airflow_venv/lib/python3.10/site-packages/airflow/example_dags/example_branch_labels.py took 0.172 seconds
[2025-06-09T18:02:00.063+0200] {processor.py:161} INFO - Started process (PID=126872) to work on /home/ccd/airflow_venv/lib/python3.10/site-packages/airflow/example_dags/example_branch_labels.py
[2025-06-09T18:02:00.074+0200] {processor.py:830} INFO - Processing file /home/ccd/airflow_venv/lib/python3.10/site-packages/airflow/example_dags/example_branch_labels.py for tasks to queue
[2025-06-09T18:02:00.076+0200] {logging_mixin.py:188} INFO - [2025-06-09T18:02:00.076+0200] {dagbag.py:540} INFO - Filling up the DagBag from /home/ccd/airflow_venv/lib/python3.10/site-packages/airflow/example_dags/example_branch_labels.py
[2025-06-09T18:02:00.085+0200] {processor.py:840} INFO - DAG(s) 'example_branch_labels' retrieved from /home/ccd/airflow_venv/lib/python3.10/site-packages/airflow/example_dags/example_branch_labels.py
[2025-06-09T18:02:00.227+0200] {logging_mixin.py:188} INFO - [2025-06-09T18:02:00.227+0200] {dag.py:3096} INFO - Sync 1 DAGs
[2025-06-09T18:02:00.240+0200] {logging_mixin.py:188} INFO - [2025-06-09T18:02:00.240+0200] {dag.py:3954} INFO - Setting next_dagrun for example_branch_labels to 2025-06-08 00:00:00+00:00, run_after=2025-06-09 00:00:00+00:00
[2025-06-09T18:02:00.266+0200] {processor.py:183} INFO - Processing /home/ccd/airflow_venv/lib/python3.10/site-packages/airflow/example_dags/example_branch_labels.py took 0.211 seconds
