[2025-06-09T17:29:48.674+0200] {processor.py:161} INFO - Started process (PID=106479) to work on /home/ccd/airflow_venv/lib/python3.10/site-packages/airflow/example_dags/example_sensors.py
[2025-06-09T17:29:48.677+0200] {processor.py:830} INFO - Processing file /home/ccd/airflow_venv/lib/python3.10/site-packages/airflow/example_dags/example_sensors.py for tasks to queue
[2025-06-09T17:29:48.691+0200] {logging_mixin.py:188} INFO - [2025-06-09T17:29:48.690+0200] {dagbag.py:540} INFO - Filling up the DagBag from /home/ccd/airflow_venv/lib/python3.10/site-packages/airflow/example_dags/example_sensors.py
[2025-06-09T17:29:48.770+0200] {processor.py:840} INFO - DAG(s) 'example_sensors' retrieved from /home/ccd/airflow_venv/lib/python3.10/site-packages/airflow/example_dags/example_sensors.py
[2025-06-09T17:29:49.497+0200] {logging_mixin.py:188} INFO - [2025-06-09T17:29:49.497+0200] {dag.py:3096} INFO - Sync 1 DAGs
[2025-06-09T17:29:49.506+0200] {logging_mixin.py:188} INFO - [2025-06-09T17:29:49.506+0200] {dag.py:3954} INFO - Setting next_dagrun for example_sensors to None, run_after=None
[2025-06-09T17:29:49.546+0200] {processor.py:183} INFO - Processing /home/ccd/airflow_venv/lib/python3.10/site-packages/airflow/example_dags/example_sensors.py took 0.914 seconds
[2025-06-09T17:30:56.981+0200] {processor.py:161} INFO - Started process (PID=106907) to work on /home/ccd/airflow_venv/lib/python3.10/site-packages/airflow/example_dags/example_sensors.py
[2025-06-09T17:30:56.992+0200] {processor.py:830} INFO - Processing file /home/ccd/airflow_venv/lib/python3.10/site-packages/airflow/example_dags/example_sensors.py for tasks to queue
[2025-06-09T17:30:56.993+0200] {logging_mixin.py:188} INFO - [2025-06-09T17:30:56.993+0200] {dagbag.py:540} INFO - Filling up the DagBag from /home/ccd/airflow_venv/lib/python3.10/site-packages/airflow/example_dags/example_sensors.py
[2025-06-09T17:30:57.000+0200] {processor.py:840} INFO - DAG(s) 'example_sensors' retrieved from /home/ccd/airflow_venv/lib/python3.10/site-packages/airflow/example_dags/example_sensors.py
[2025-06-09T17:30:57.022+0200] {logging_mixin.py:188} INFO - [2025-06-09T17:30:57.022+0200] {dag.py:3096} INFO - Sync 1 DAGs
[2025-06-09T17:30:57.033+0200] {logging_mixin.py:188} INFO - [2025-06-09T17:30:57.033+0200] {dag.py:3954} INFO - Setting next_dagrun for example_sensors to None, run_after=None
[2025-06-09T17:30:57.061+0200] {processor.py:183} INFO - Processing /home/ccd/airflow_venv/lib/python3.10/site-packages/airflow/example_dags/example_sensors.py took 0.085 seconds
[2025-06-09T17:31:57.175+0200] {processor.py:161} INFO - Started process (PID=107297) to work on /home/ccd/airflow_venv/lib/python3.10/site-packages/airflow/example_dags/example_sensors.py
[2025-06-09T17:31:57.177+0200] {processor.py:830} INFO - Processing file /home/ccd/airflow_venv/lib/python3.10/site-packages/airflow/example_dags/example_sensors.py for tasks to queue
[2025-06-09T17:31:57.178+0200] {logging_mixin.py:188} INFO - [2025-06-09T17:31:57.178+0200] {dagbag.py:540} INFO - Filling up the DagBag from /home/ccd/airflow_venv/lib/python3.10/site-packages/airflow/example_dags/example_sensors.py
[2025-06-09T17:31:57.185+0200] {processor.py:840} INFO - DAG(s) 'example_sensors' retrieved from /home/ccd/airflow_venv/lib/python3.10/site-packages/airflow/example_dags/example_sensors.py
[2025-06-09T17:31:57.198+0200] {logging_mixin.py:188} INFO - [2025-06-09T17:31:57.198+0200] {dag.py:3096} INFO - Sync 1 DAGs
[2025-06-09T17:31:57.205+0200] {logging_mixin.py:188} INFO - [2025-06-09T17:31:57.204+0200] {dag.py:3954} INFO - Setting next_dagrun for example_sensors to None, run_after=None
[2025-06-09T17:31:57.226+0200] {processor.py:183} INFO - Processing /home/ccd/airflow_venv/lib/python3.10/site-packages/airflow/example_dags/example_sensors.py took 0.055 seconds
[2025-06-09T17:32:52.735+0200] {processor.py:161} INFO - Started process (PID=107605) to work on /home/ccd/airflow_venv/lib/python3.10/site-packages/airflow/example_dags/example_sensors.py
[2025-06-09T17:32:52.746+0200] {processor.py:830} INFO - Processing file /home/ccd/airflow_venv/lib/python3.10/site-packages/airflow/example_dags/example_sensors.py for tasks to queue
[2025-06-09T17:32:52.748+0200] {logging_mixin.py:188} INFO - [2025-06-09T17:32:52.747+0200] {dagbag.py:540} INFO - Filling up the DagBag from /home/ccd/airflow_venv/lib/python3.10/site-packages/airflow/example_dags/example_sensors.py
[2025-06-09T17:32:52.754+0200] {processor.py:840} INFO - DAG(s) 'example_sensors' retrieved from /home/ccd/airflow_venv/lib/python3.10/site-packages/airflow/example_dags/example_sensors.py
[2025-06-09T17:32:52.767+0200] {logging_mixin.py:188} INFO - [2025-06-09T17:32:52.767+0200] {dag.py:3096} INFO - Sync 1 DAGs
[2025-06-09T17:32:52.774+0200] {logging_mixin.py:188} INFO - [2025-06-09T17:32:52.773+0200] {dag.py:3954} INFO - Setting next_dagrun for example_sensors to None, run_after=None
[2025-06-09T17:32:52.795+0200] {processor.py:183} INFO - Processing /home/ccd/airflow_venv/lib/python3.10/site-packages/airflow/example_dags/example_sensors.py took 0.064 seconds
[2025-06-09T17:33:47.015+0200] {processor.py:161} INFO - Started process (PID=107897) to work on /home/ccd/airflow_venv/lib/python3.10/site-packages/airflow/example_dags/example_sensors.py
[2025-06-09T17:33:47.017+0200] {processor.py:830} INFO - Processing file /home/ccd/airflow_venv/lib/python3.10/site-packages/airflow/example_dags/example_sensors.py for tasks to queue
[2025-06-09T17:33:47.018+0200] {logging_mixin.py:188} INFO - [2025-06-09T17:33:47.018+0200] {dagbag.py:540} INFO - Filling up the DagBag from /home/ccd/airflow_venv/lib/python3.10/site-packages/airflow/example_dags/example_sensors.py
[2025-06-09T17:33:47.024+0200] {processor.py:840} INFO - DAG(s) 'example_sensors' retrieved from /home/ccd/airflow_venv/lib/python3.10/site-packages/airflow/example_dags/example_sensors.py
[2025-06-09T17:33:47.037+0200] {logging_mixin.py:188} INFO - [2025-06-09T17:33:47.037+0200] {dag.py:3096} INFO - Sync 1 DAGs
[2025-06-09T17:33:47.044+0200] {logging_mixin.py:188} INFO - [2025-06-09T17:33:47.044+0200] {dag.py:3954} INFO - Setting next_dagrun for example_sensors to None, run_after=None
[2025-06-09T17:33:47.067+0200] {processor.py:183} INFO - Processing /home/ccd/airflow_venv/lib/python3.10/site-packages/airflow/example_dags/example_sensors.py took 0.055 seconds
[2025-06-09T17:34:41.862+0200] {processor.py:161} INFO - Started process (PID=108232) to work on /home/ccd/airflow_venv/lib/python3.10/site-packages/airflow/example_dags/example_sensors.py
[2025-06-09T17:34:41.864+0200] {processor.py:830} INFO - Processing file /home/ccd/airflow_venv/lib/python3.10/site-packages/airflow/example_dags/example_sensors.py for tasks to queue
[2025-06-09T17:34:41.865+0200] {logging_mixin.py:188} INFO - [2025-06-09T17:34:41.865+0200] {dagbag.py:540} INFO - Filling up the DagBag from /home/ccd/airflow_venv/lib/python3.10/site-packages/airflow/example_dags/example_sensors.py
[2025-06-09T17:34:41.871+0200] {processor.py:840} INFO - DAG(s) 'example_sensors' retrieved from /home/ccd/airflow_venv/lib/python3.10/site-packages/airflow/example_dags/example_sensors.py
[2025-06-09T17:34:41.885+0200] {logging_mixin.py:188} INFO - [2025-06-09T17:34:41.884+0200] {dag.py:3096} INFO - Sync 1 DAGs
[2025-06-09T17:34:41.891+0200] {logging_mixin.py:188} INFO - [2025-06-09T17:34:41.891+0200] {dag.py:3954} INFO - Setting next_dagrun for example_sensors to None, run_after=None
[2025-06-09T17:34:41.912+0200] {processor.py:183} INFO - Processing /home/ccd/airflow_venv/lib/python3.10/site-packages/airflow/example_dags/example_sensors.py took 0.054 seconds
[2025-06-09T17:35:33.654+0200] {processor.py:161} INFO - Started process (PID=108521) to work on /home/ccd/airflow_venv/lib/python3.10/site-packages/airflow/example_dags/example_sensors.py
[2025-06-09T17:35:33.665+0200] {processor.py:830} INFO - Processing file /home/ccd/airflow_venv/lib/python3.10/site-packages/airflow/example_dags/example_sensors.py for tasks to queue
[2025-06-09T17:35:33.667+0200] {logging_mixin.py:188} INFO - [2025-06-09T17:35:33.666+0200] {dagbag.py:540} INFO - Filling up the DagBag from /home/ccd/airflow_venv/lib/python3.10/site-packages/airflow/example_dags/example_sensors.py
[2025-06-09T17:35:33.673+0200] {processor.py:840} INFO - DAG(s) 'example_sensors' retrieved from /home/ccd/airflow_venv/lib/python3.10/site-packages/airflow/example_dags/example_sensors.py
[2025-06-09T17:35:33.687+0200] {logging_mixin.py:188} INFO - [2025-06-09T17:35:33.687+0200] {dag.py:3096} INFO - Sync 1 DAGs
[2025-06-09T17:35:33.695+0200] {logging_mixin.py:188} INFO - [2025-06-09T17:35:33.695+0200] {dag.py:3954} INFO - Setting next_dagrun for example_sensors to None, run_after=None
[2025-06-09T17:35:33.717+0200] {processor.py:183} INFO - Processing /home/ccd/airflow_venv/lib/python3.10/site-packages/airflow/example_dags/example_sensors.py took 0.067 seconds
[2025-06-09T17:36:31.604+0200] {processor.py:161} INFO - Started process (PID=108870) to work on /home/ccd/airflow_venv/lib/python3.10/site-packages/airflow/example_dags/example_sensors.py
[2025-06-09T17:36:31.615+0200] {processor.py:830} INFO - Processing file /home/ccd/airflow_venv/lib/python3.10/site-packages/airflow/example_dags/example_sensors.py for tasks to queue
[2025-06-09T17:36:31.616+0200] {logging_mixin.py:188} INFO - [2025-06-09T17:36:31.616+0200] {dagbag.py:540} INFO - Filling up the DagBag from /home/ccd/airflow_venv/lib/python3.10/site-packages/airflow/example_dags/example_sensors.py
[2025-06-09T17:36:31.622+0200] {processor.py:840} INFO - DAG(s) 'example_sensors' retrieved from /home/ccd/airflow_venv/lib/python3.10/site-packages/airflow/example_dags/example_sensors.py
[2025-06-09T17:36:31.636+0200] {logging_mixin.py:188} INFO - [2025-06-09T17:36:31.636+0200] {dag.py:3096} INFO - Sync 1 DAGs
[2025-06-09T17:36:31.644+0200] {logging_mixin.py:188} INFO - [2025-06-09T17:36:31.644+0200] {dag.py:3954} INFO - Setting next_dagrun for example_sensors to None, run_after=None
[2025-06-09T17:36:31.664+0200] {processor.py:183} INFO - Processing /home/ccd/airflow_venv/lib/python3.10/site-packages/airflow/example_dags/example_sensors.py took 0.064 seconds
[2025-06-09T17:37:32.153+0200] {processor.py:161} INFO - Started process (PID=109241) to work on /home/ccd/airflow_venv/lib/python3.10/site-packages/airflow/example_dags/example_sensors.py
[2025-06-09T17:37:32.155+0200] {processor.py:830} INFO - Processing file /home/ccd/airflow_venv/lib/python3.10/site-packages/airflow/example_dags/example_sensors.py for tasks to queue
[2025-06-09T17:37:32.156+0200] {logging_mixin.py:188} INFO - [2025-06-09T17:37:32.156+0200] {dagbag.py:540} INFO - Filling up the DagBag from /home/ccd/airflow_venv/lib/python3.10/site-packages/airflow/example_dags/example_sensors.py
[2025-06-09T17:37:32.162+0200] {processor.py:840} INFO - DAG(s) 'example_sensors' retrieved from /home/ccd/airflow_venv/lib/python3.10/site-packages/airflow/example_dags/example_sensors.py
[2025-06-09T17:37:32.176+0200] {logging_mixin.py:188} INFO - [2025-06-09T17:37:32.176+0200] {dag.py:3096} INFO - Sync 1 DAGs
[2025-06-09T17:37:32.184+0200] {logging_mixin.py:188} INFO - [2025-06-09T17:37:32.184+0200] {dag.py:3954} INFO - Setting next_dagrun for example_sensors to None, run_after=None
[2025-06-09T17:37:32.206+0200] {processor.py:183} INFO - Processing /home/ccd/airflow_venv/lib/python3.10/site-packages/airflow/example_dags/example_sensors.py took 0.057 seconds
[2025-06-09T17:39:03.216+0200] {processor.py:161} INFO - Started process (PID=110183) to work on /home/ccd/airflow_venv/lib/python3.10/site-packages/airflow/example_dags/example_sensors.py
[2025-06-09T17:39:03.228+0200] {processor.py:830} INFO - Processing file /home/ccd/airflow_venv/lib/python3.10/site-packages/airflow/example_dags/example_sensors.py for tasks to queue
[2025-06-09T17:39:03.229+0200] {logging_mixin.py:188} INFO - [2025-06-09T17:39:03.229+0200] {dagbag.py:540} INFO - Filling up the DagBag from /home/ccd/airflow_venv/lib/python3.10/site-packages/airflow/example_dags/example_sensors.py
[2025-06-09T17:39:03.236+0200] {processor.py:840} INFO - DAG(s) 'example_sensors' retrieved from /home/ccd/airflow_venv/lib/python3.10/site-packages/airflow/example_dags/example_sensors.py
[2025-06-09T17:39:03.250+0200] {logging_mixin.py:188} INFO - [2025-06-09T17:39:03.250+0200] {dag.py:3096} INFO - Sync 1 DAGs
[2025-06-09T17:39:03.258+0200] {logging_mixin.py:188} INFO - [2025-06-09T17:39:03.258+0200] {dag.py:3954} INFO - Setting next_dagrun for example_sensors to None, run_after=None
[2025-06-09T17:39:03.281+0200] {processor.py:183} INFO - Processing /home/ccd/airflow_venv/lib/python3.10/site-packages/airflow/example_dags/example_sensors.py took 0.069 seconds
[2025-06-09T17:40:15.872+0200] {processor.py:161} INFO - Started process (PID=110832) to work on /home/ccd/airflow_venv/lib/python3.10/site-packages/airflow/example_dags/example_sensors.py
[2025-06-09T17:40:15.885+0200] {processor.py:830} INFO - Processing file /home/ccd/airflow_venv/lib/python3.10/site-packages/airflow/example_dags/example_sensors.py for tasks to queue
[2025-06-09T17:40:15.888+0200] {logging_mixin.py:188} INFO - [2025-06-09T17:40:15.887+0200] {dagbag.py:540} INFO - Filling up the DagBag from /home/ccd/airflow_venv/lib/python3.10/site-packages/airflow/example_dags/example_sensors.py
[2025-06-09T17:40:15.900+0200] {processor.py:840} INFO - DAG(s) 'example_sensors' retrieved from /home/ccd/airflow_venv/lib/python3.10/site-packages/airflow/example_dags/example_sensors.py
[2025-06-09T17:40:15.927+0200] {logging_mixin.py:188} INFO - [2025-06-09T17:40:15.926+0200] {dag.py:3096} INFO - Sync 1 DAGs
[2025-06-09T17:40:15.943+0200] {logging_mixin.py:188} INFO - [2025-06-09T17:40:15.943+0200] {dag.py:3954} INFO - Setting next_dagrun for example_sensors to None, run_after=None
[2025-06-09T17:40:15.976+0200] {processor.py:183} INFO - Processing /home/ccd/airflow_venv/lib/python3.10/site-packages/airflow/example_dags/example_sensors.py took 0.114 seconds
[2025-06-09T17:41:31.014+0200] {processor.py:161} INFO - Started process (PID=111350) to work on /home/ccd/airflow_venv/lib/python3.10/site-packages/airflow/example_dags/example_sensors.py
[2025-06-09T17:41:31.016+0200] {processor.py:830} INFO - Processing file /home/ccd/airflow_venv/lib/python3.10/site-packages/airflow/example_dags/example_sensors.py for tasks to queue
[2025-06-09T17:41:31.018+0200] {logging_mixin.py:188} INFO - [2025-06-09T17:41:31.017+0200] {dagbag.py:540} INFO - Filling up the DagBag from /home/ccd/airflow_venv/lib/python3.10/site-packages/airflow/example_dags/example_sensors.py
[2025-06-09T17:41:31.028+0200] {processor.py:840} INFO - DAG(s) 'example_sensors' retrieved from /home/ccd/airflow_venv/lib/python3.10/site-packages/airflow/example_dags/example_sensors.py
[2025-06-09T17:41:31.078+0200] {logging_mixin.py:188} INFO - [2025-06-09T17:41:31.077+0200] {dag.py:3096} INFO - Sync 1 DAGs
[2025-06-09T17:41:31.100+0200] {logging_mixin.py:188} INFO - [2025-06-09T17:41:31.100+0200] {dag.py:3954} INFO - Setting next_dagrun for example_sensors to None, run_after=None
[2025-06-09T17:41:31.137+0200] {processor.py:183} INFO - Processing /home/ccd/airflow_venv/lib/python3.10/site-packages/airflow/example_dags/example_sensors.py took 0.131 seconds
[2025-06-09T17:42:34.459+0200] {processor.py:161} INFO - Started process (PID=111756) to work on /home/ccd/airflow_venv/lib/python3.10/site-packages/airflow/example_dags/example_sensors.py
[2025-06-09T17:42:34.462+0200] {processor.py:830} INFO - Processing file /home/ccd/airflow_venv/lib/python3.10/site-packages/airflow/example_dags/example_sensors.py for tasks to queue
[2025-06-09T17:42:34.463+0200] {logging_mixin.py:188} INFO - [2025-06-09T17:42:34.462+0200] {dagbag.py:540} INFO - Filling up the DagBag from /home/ccd/airflow_venv/lib/python3.10/site-packages/airflow/example_dags/example_sensors.py
[2025-06-09T17:42:34.473+0200] {processor.py:840} INFO - DAG(s) 'example_sensors' retrieved from /home/ccd/airflow_venv/lib/python3.10/site-packages/airflow/example_dags/example_sensors.py
[2025-06-09T17:42:34.494+0200] {logging_mixin.py:188} INFO - [2025-06-09T17:42:34.494+0200] {dag.py:3096} INFO - Sync 1 DAGs
[2025-06-09T17:42:34.505+0200] {logging_mixin.py:188} INFO - [2025-06-09T17:42:34.505+0200] {dag.py:3954} INFO - Setting next_dagrun for example_sensors to None, run_after=None
[2025-06-09T17:42:34.538+0200] {processor.py:183} INFO - Processing /home/ccd/airflow_venv/lib/python3.10/site-packages/airflow/example_dags/example_sensors.py took 0.084 seconds
[2025-06-09T17:43:42.754+0200] {processor.py:161} INFO - Started process (PID=112367) to work on /home/ccd/airflow_venv/lib/python3.10/site-packages/airflow/example_dags/example_sensors.py
[2025-06-09T17:43:42.757+0200] {processor.py:830} INFO - Processing file /home/ccd/airflow_venv/lib/python3.10/site-packages/airflow/example_dags/example_sensors.py for tasks to queue
[2025-06-09T17:43:42.758+0200] {logging_mixin.py:188} INFO - [2025-06-09T17:43:42.758+0200] {dagbag.py:540} INFO - Filling up the DagBag from /home/ccd/airflow_venv/lib/python3.10/site-packages/airflow/example_dags/example_sensors.py
[2025-06-09T17:43:42.769+0200] {processor.py:840} INFO - DAG(s) 'example_sensors' retrieved from /home/ccd/airflow_venv/lib/python3.10/site-packages/airflow/example_dags/example_sensors.py
[2025-06-09T17:43:42.897+0200] {logging_mixin.py:188} INFO - [2025-06-09T17:43:42.897+0200] {dag.py:3096} INFO - Sync 1 DAGs
[2025-06-09T17:43:42.903+0200] {logging_mixin.py:188} INFO - [2025-06-09T17:43:42.903+0200] {dag.py:3954} INFO - Setting next_dagrun for example_sensors to None, run_after=None
[2025-06-09T17:43:42.928+0200] {processor.py:183} INFO - Processing /home/ccd/airflow_venv/lib/python3.10/site-packages/airflow/example_dags/example_sensors.py took 0.178 seconds
[2025-06-09T17:44:50.909+0200] {processor.py:161} INFO - Started process (PID=112810) to work on /home/ccd/airflow_venv/lib/python3.10/site-packages/airflow/example_dags/example_sensors.py
[2025-06-09T17:44:50.911+0200] {processor.py:830} INFO - Processing file /home/ccd/airflow_venv/lib/python3.10/site-packages/airflow/example_dags/example_sensors.py for tasks to queue
[2025-06-09T17:44:50.914+0200] {logging_mixin.py:188} INFO - [2025-06-09T17:44:50.913+0200] {dagbag.py:540} INFO - Filling up the DagBag from /home/ccd/airflow_venv/lib/python3.10/site-packages/airflow/example_dags/example_sensors.py
[2025-06-09T17:44:50.922+0200] {processor.py:840} INFO - DAG(s) 'example_sensors' retrieved from /home/ccd/airflow_venv/lib/python3.10/site-packages/airflow/example_dags/example_sensors.py
[2025-06-09T17:44:50.941+0200] {logging_mixin.py:188} INFO - [2025-06-09T17:44:50.940+0200] {dag.py:3096} INFO - Sync 1 DAGs
[2025-06-09T17:44:50.950+0200] {logging_mixin.py:188} INFO - [2025-06-09T17:44:50.950+0200] {dag.py:3954} INFO - Setting next_dagrun for example_sensors to None, run_after=None
[2025-06-09T17:44:50.984+0200] {processor.py:183} INFO - Processing /home/ccd/airflow_venv/lib/python3.10/site-packages/airflow/example_dags/example_sensors.py took 0.080 seconds
[2025-06-09T17:46:00.389+0200] {processor.py:161} INFO - Started process (PID=113298) to work on /home/ccd/airflow_venv/lib/python3.10/site-packages/airflow/example_dags/example_sensors.py
[2025-06-09T17:46:00.400+0200] {processor.py:830} INFO - Processing file /home/ccd/airflow_venv/lib/python3.10/site-packages/airflow/example_dags/example_sensors.py for tasks to queue
[2025-06-09T17:46:00.401+0200] {logging_mixin.py:188} INFO - [2025-06-09T17:46:00.401+0200] {dagbag.py:540} INFO - Filling up the DagBag from /home/ccd/airflow_venv/lib/python3.10/site-packages/airflow/example_dags/example_sensors.py
[2025-06-09T17:46:00.407+0200] {processor.py:840} INFO - DAG(s) 'example_sensors' retrieved from /home/ccd/airflow_venv/lib/python3.10/site-packages/airflow/example_dags/example_sensors.py
[2025-06-09T17:46:00.430+0200] {logging_mixin.py:188} INFO - [2025-06-09T17:46:00.430+0200] {dag.py:3096} INFO - Sync 1 DAGs
[2025-06-09T17:46:00.438+0200] {logging_mixin.py:188} INFO - [2025-06-09T17:46:00.437+0200] {dag.py:3954} INFO - Setting next_dagrun for example_sensors to None, run_after=None
[2025-06-09T17:46:00.458+0200] {processor.py:183} INFO - Processing /home/ccd/airflow_venv/lib/python3.10/site-packages/airflow/example_dags/example_sensors.py took 0.072 seconds
[2025-06-09T17:47:02.253+0200] {processor.py:161} INFO - Started process (PID=113693) to work on /home/ccd/airflow_venv/lib/python3.10/site-packages/airflow/example_dags/example_sensors.py
[2025-06-09T17:47:02.264+0200] {processor.py:830} INFO - Processing file /home/ccd/airflow_venv/lib/python3.10/site-packages/airflow/example_dags/example_sensors.py for tasks to queue
[2025-06-09T17:47:02.266+0200] {logging_mixin.py:188} INFO - [2025-06-09T17:47:02.266+0200] {dagbag.py:540} INFO - Filling up the DagBag from /home/ccd/airflow_venv/lib/python3.10/site-packages/airflow/example_dags/example_sensors.py
[2025-06-09T17:47:02.286+0200] {processor.py:840} INFO - DAG(s) 'example_sensors' retrieved from /home/ccd/airflow_venv/lib/python3.10/site-packages/airflow/example_dags/example_sensors.py
[2025-06-09T17:47:02.319+0200] {logging_mixin.py:188} INFO - [2025-06-09T17:47:02.319+0200] {dag.py:3096} INFO - Sync 1 DAGs
[2025-06-09T17:47:02.336+0200] {logging_mixin.py:188} INFO - [2025-06-09T17:47:02.335+0200] {dag.py:3954} INFO - Setting next_dagrun for example_sensors to None, run_after=None
[2025-06-09T17:47:02.523+0200] {processor.py:183} INFO - Processing /home/ccd/airflow_venv/lib/python3.10/site-packages/airflow/example_dags/example_sensors.py took 0.276 seconds
[2025-06-09T17:50:11.886+0200] {processor.py:161} INFO - Started process (PID=117681) to work on /home/ccd/airflow_venv/lib/python3.10/site-packages/airflow/example_dags/example_sensors.py
[2025-06-09T17:50:11.898+0200] {processor.py:830} INFO - Processing file /home/ccd/airflow_venv/lib/python3.10/site-packages/airflow/example_dags/example_sensors.py for tasks to queue
[2025-06-09T17:50:11.899+0200] {logging_mixin.py:188} INFO - [2025-06-09T17:50:11.898+0200] {dagbag.py:540} INFO - Filling up the DagBag from /home/ccd/airflow_venv/lib/python3.10/site-packages/airflow/example_dags/example_sensors.py
[2025-06-09T17:50:11.905+0200] {processor.py:840} INFO - DAG(s) 'example_sensors' retrieved from /home/ccd/airflow_venv/lib/python3.10/site-packages/airflow/example_dags/example_sensors.py
[2025-06-09T17:50:11.920+0200] {logging_mixin.py:188} INFO - [2025-06-09T17:50:11.919+0200] {dag.py:3096} INFO - Sync 1 DAGs
[2025-06-09T17:50:11.927+0200] {logging_mixin.py:188} INFO - [2025-06-09T17:50:11.927+0200] {dag.py:3954} INFO - Setting next_dagrun for example_sensors to None, run_after=None
[2025-06-09T17:50:11.951+0200] {processor.py:183} INFO - Processing /home/ccd/airflow_venv/lib/python3.10/site-packages/airflow/example_dags/example_sensors.py took 0.069 seconds
[2025-06-09T17:51:34.406+0200] {processor.py:161} INFO - Started process (PID=118424) to work on /home/ccd/airflow_venv/lib/python3.10/site-packages/airflow/example_dags/example_sensors.py
[2025-06-09T17:51:34.417+0200] {processor.py:830} INFO - Processing file /home/ccd/airflow_venv/lib/python3.10/site-packages/airflow/example_dags/example_sensors.py for tasks to queue
[2025-06-09T17:51:34.419+0200] {logging_mixin.py:188} INFO - [2025-06-09T17:51:34.419+0200] {dagbag.py:540} INFO - Filling up the DagBag from /home/ccd/airflow_venv/lib/python3.10/site-packages/airflow/example_dags/example_sensors.py
[2025-06-09T17:51:34.425+0200] {processor.py:840} INFO - DAG(s) 'example_sensors' retrieved from /home/ccd/airflow_venv/lib/python3.10/site-packages/airflow/example_dags/example_sensors.py
[2025-06-09T17:51:34.440+0200] {logging_mixin.py:188} INFO - [2025-06-09T17:51:34.439+0200] {dag.py:3096} INFO - Sync 1 DAGs
[2025-06-09T17:51:34.447+0200] {logging_mixin.py:188} INFO - [2025-06-09T17:51:34.446+0200] {dag.py:3954} INFO - Setting next_dagrun for example_sensors to None, run_after=None
[2025-06-09T17:51:34.473+0200] {processor.py:183} INFO - Processing /home/ccd/airflow_venv/lib/python3.10/site-packages/airflow/example_dags/example_sensors.py took 0.070 seconds
[2025-06-09T17:52:31.541+0200] {processor.py:161} INFO - Started process (PID=118761) to work on /home/ccd/airflow_venv/lib/python3.10/site-packages/airflow/example_dags/example_sensors.py
[2025-06-09T17:52:31.544+0200] {processor.py:830} INFO - Processing file /home/ccd/airflow_venv/lib/python3.10/site-packages/airflow/example_dags/example_sensors.py for tasks to queue
[2025-06-09T17:52:31.545+0200] {logging_mixin.py:188} INFO - [2025-06-09T17:52:31.545+0200] {dagbag.py:540} INFO - Filling up the DagBag from /home/ccd/airflow_venv/lib/python3.10/site-packages/airflow/example_dags/example_sensors.py
[2025-06-09T17:52:31.551+0200] {processor.py:840} INFO - DAG(s) 'example_sensors' retrieved from /home/ccd/airflow_venv/lib/python3.10/site-packages/airflow/example_dags/example_sensors.py
[2025-06-09T17:52:31.566+0200] {logging_mixin.py:188} INFO - [2025-06-09T17:52:31.566+0200] {dag.py:3096} INFO - Sync 1 DAGs
[2025-06-09T17:52:31.573+0200] {logging_mixin.py:188} INFO - [2025-06-09T17:52:31.573+0200] {dag.py:3954} INFO - Setting next_dagrun for example_sensors to None, run_after=None
[2025-06-09T17:52:31.613+0200] {processor.py:183} INFO - Processing /home/ccd/airflow_venv/lib/python3.10/site-packages/airflow/example_dags/example_sensors.py took 0.075 seconds
[2025-06-09T17:56:08.409+0200] {processor.py:161} INFO - Started process (PID=122383) to work on /home/ccd/airflow_venv/lib/python3.10/site-packages/airflow/example_dags/example_sensors.py
[2025-06-09T17:56:08.411+0200] {processor.py:830} INFO - Processing file /home/ccd/airflow_venv/lib/python3.10/site-packages/airflow/example_dags/example_sensors.py for tasks to queue
[2025-06-09T17:56:08.412+0200] {logging_mixin.py:188} INFO - [2025-06-09T17:56:08.412+0200] {dagbag.py:540} INFO - Filling up the DagBag from /home/ccd/airflow_venv/lib/python3.10/site-packages/airflow/example_dags/example_sensors.py
[2025-06-09T17:56:08.419+0200] {processor.py:840} INFO - DAG(s) 'example_sensors' retrieved from /home/ccd/airflow_venv/lib/python3.10/site-packages/airflow/example_dags/example_sensors.py
[2025-06-09T17:56:08.433+0200] {logging_mixin.py:188} INFO - [2025-06-09T17:56:08.433+0200] {dag.py:3096} INFO - Sync 1 DAGs
[2025-06-09T17:56:08.440+0200] {logging_mixin.py:188} INFO - [2025-06-09T17:56:08.440+0200] {dag.py:3954} INFO - Setting next_dagrun for example_sensors to None, run_after=None
[2025-06-09T17:56:08.461+0200] {processor.py:183} INFO - Processing /home/ccd/airflow_venv/lib/python3.10/site-packages/airflow/example_dags/example_sensors.py took 0.057 seconds
[2025-06-09T17:57:04.439+0200] {processor.py:161} INFO - Started process (PID=122780) to work on /home/ccd/airflow_venv/lib/python3.10/site-packages/airflow/example_dags/example_sensors.py
[2025-06-09T17:57:04.440+0200] {processor.py:830} INFO - Processing file /home/ccd/airflow_venv/lib/python3.10/site-packages/airflow/example_dags/example_sensors.py for tasks to queue
[2025-06-09T17:57:04.442+0200] {logging_mixin.py:188} INFO - [2025-06-09T17:57:04.442+0200] {dagbag.py:540} INFO - Filling up the DagBag from /home/ccd/airflow_venv/lib/python3.10/site-packages/airflow/example_dags/example_sensors.py
[2025-06-09T17:57:04.453+0200] {processor.py:840} INFO - DAG(s) 'example_sensors' retrieved from /home/ccd/airflow_venv/lib/python3.10/site-packages/airflow/example_dags/example_sensors.py
[2025-06-09T17:57:04.475+0200] {logging_mixin.py:188} INFO - [2025-06-09T17:57:04.475+0200] {dag.py:3096} INFO - Sync 1 DAGs
[2025-06-09T17:57:04.487+0200] {logging_mixin.py:188} INFO - [2025-06-09T17:57:04.487+0200] {dag.py:3954} INFO - Setting next_dagrun for example_sensors to None, run_after=None
[2025-06-09T17:57:04.518+0200] {processor.py:183} INFO - Processing /home/ccd/airflow_venv/lib/python3.10/site-packages/airflow/example_dags/example_sensors.py took 0.086 seconds
[2025-06-09T17:58:05.894+0200] {processor.py:161} INFO - Started process (PID=123183) to work on /home/ccd/airflow_venv/lib/python3.10/site-packages/airflow/example_dags/example_sensors.py
[2025-06-09T17:58:05.895+0200] {processor.py:830} INFO - Processing file /home/ccd/airflow_venv/lib/python3.10/site-packages/airflow/example_dags/example_sensors.py for tasks to queue
[2025-06-09T17:58:05.897+0200] {logging_mixin.py:188} INFO - [2025-06-09T17:58:05.896+0200] {dagbag.py:540} INFO - Filling up the DagBag from /home/ccd/airflow_venv/lib/python3.10/site-packages/airflow/example_dags/example_sensors.py
[2025-06-09T17:58:05.904+0200] {processor.py:840} INFO - DAG(s) 'example_sensors' retrieved from /home/ccd/airflow_venv/lib/python3.10/site-packages/airflow/example_dags/example_sensors.py
[2025-06-09T17:58:05.921+0200] {logging_mixin.py:188} INFO - [2025-06-09T17:58:05.920+0200] {dag.py:3096} INFO - Sync 1 DAGs
[2025-06-09T17:58:05.939+0200] {logging_mixin.py:188} INFO - [2025-06-09T17:58:05.939+0200] {dag.py:3954} INFO - Setting next_dagrun for example_sensors to None, run_after=None
[2025-06-09T17:58:05.992+0200] {processor.py:183} INFO - Processing /home/ccd/airflow_venv/lib/python3.10/site-packages/airflow/example_dags/example_sensors.py took 0.105 seconds
[2025-06-09T18:01:28.167+0200] {processor.py:161} INFO - Started process (PID=126482) to work on /home/ccd/airflow_venv/lib/python3.10/site-packages/airflow/example_dags/example_sensors.py
[2025-06-09T18:01:28.178+0200] {processor.py:830} INFO - Processing file /home/ccd/airflow_venv/lib/python3.10/site-packages/airflow/example_dags/example_sensors.py for tasks to queue
[2025-06-09T18:01:28.179+0200] {logging_mixin.py:188} INFO - [2025-06-09T18:01:28.179+0200] {dagbag.py:540} INFO - Filling up the DagBag from /home/ccd/airflow_venv/lib/python3.10/site-packages/airflow/example_dags/example_sensors.py
[2025-06-09T18:01:28.188+0200] {processor.py:840} INFO - DAG(s) 'example_sensors' retrieved from /home/ccd/airflow_venv/lib/python3.10/site-packages/airflow/example_dags/example_sensors.py
[2025-06-09T18:01:28.313+0200] {logging_mixin.py:188} INFO - [2025-06-09T18:01:28.313+0200] {dag.py:3096} INFO - Sync 1 DAGs
[2025-06-09T18:01:28.319+0200] {logging_mixin.py:188} INFO - [2025-06-09T18:01:28.319+0200] {dag.py:3954} INFO - Setting next_dagrun for example_sensors to None, run_after=None
[2025-06-09T18:01:28.347+0200] {processor.py:183} INFO - Processing /home/ccd/airflow_venv/lib/python3.10/site-packages/airflow/example_dags/example_sensors.py took 0.186 seconds
