[2025-06-09T17:30:25.022+0200] {processor.py:161} INFO - Started process (PID=106713) to work on /home/ccd/airflow_venv/lib/python3.10/site-packages/airflow/example_dags/example_branch_operator_decorator.py
[2025-06-09T17:30:25.023+0200] {processor.py:830} INFO - Processing file /home/ccd/airflow_venv/lib/python3.10/site-packages/airflow/example_dags/example_branch_operator_decorator.py for tasks to queue
[2025-06-09T17:30:25.024+0200] {logging_mixin.py:188} INFO - [2025-06-09T17:30:25.024+0200] {dagbag.py:540} INFO - Filling up the DagBag from /home/ccd/airflow_venv/lib/python3.10/site-packages/airflow/example_dags/example_branch_operator_decorator.py
[2025-06-09T17:30:25.084+0200] {processor.py:842} WARNING - No viable dags retrieved from /home/ccd/airflow_venv/lib/python3.10/site-packages/airflow/example_dags/example_branch_operator_decorator.py
[2025-06-09T17:30:25.091+0200] {processor.py:183} INFO - Processing /home/ccd/airflow_venv/lib/python3.10/site-packages/airflow/example_dags/example_branch_operator_decorator.py took 0.073 seconds
[2025-06-09T17:31:37.802+0200] {processor.py:161} INFO - Started process (PID=107192) to work on /home/ccd/airflow_venv/lib/python3.10/site-packages/airflow/example_dags/example_branch_operator_decorator.py
[2025-06-09T17:31:37.804+0200] {processor.py:830} INFO - Processing file /home/ccd/airflow_venv/lib/python3.10/site-packages/airflow/example_dags/example_branch_operator_decorator.py for tasks to queue
[2025-06-09T17:31:37.806+0200] {logging_mixin.py:188} INFO - [2025-06-09T17:31:37.805+0200] {dagbag.py:540} INFO - Filling up the DagBag from /home/ccd/airflow_venv/lib/python3.10/site-packages/airflow/example_dags/example_branch_operator_decorator.py
[2025-06-09T17:31:37.852+0200] {processor.py:842} WARNING - No viable dags retrieved from /home/ccd/airflow_venv/lib/python3.10/site-packages/airflow/example_dags/example_branch_operator_decorator.py
[2025-06-09T17:31:37.860+0200] {processor.py:183} INFO - Processing /home/ccd/airflow_venv/lib/python3.10/site-packages/airflow/example_dags/example_branch_operator_decorator.py took 0.061 seconds
[2025-06-09T17:32:58.412+0200] {processor.py:161} INFO - Started process (PID=107637) to work on /home/ccd/airflow_venv/lib/python3.10/site-packages/airflow/example_dags/example_branch_operator_decorator.py
[2025-06-09T17:32:58.423+0200] {processor.py:830} INFO - Processing file /home/ccd/airflow_venv/lib/python3.10/site-packages/airflow/example_dags/example_branch_operator_decorator.py for tasks to queue
[2025-06-09T17:32:58.425+0200] {logging_mixin.py:188} INFO - [2025-06-09T17:32:58.424+0200] {dagbag.py:540} INFO - Filling up the DagBag from /home/ccd/airflow_venv/lib/python3.10/site-packages/airflow/example_dags/example_branch_operator_decorator.py
[2025-06-09T17:32:58.485+0200] {processor.py:842} WARNING - No viable dags retrieved from /home/ccd/airflow_venv/lib/python3.10/site-packages/airflow/example_dags/example_branch_operator_decorator.py
[2025-06-09T17:32:58.492+0200] {processor.py:183} INFO - Processing /home/ccd/airflow_venv/lib/python3.10/site-packages/airflow/example_dags/example_branch_operator_decorator.py took 0.085 seconds
[2025-06-09T17:34:19.644+0200] {processor.py:161} INFO - Started process (PID=108089) to work on /home/ccd/airflow_venv/lib/python3.10/site-packages/airflow/example_dags/example_branch_operator_decorator.py
[2025-06-09T17:34:19.655+0200] {processor.py:830} INFO - Processing file /home/ccd/airflow_venv/lib/python3.10/site-packages/airflow/example_dags/example_branch_operator_decorator.py for tasks to queue
[2025-06-09T17:34:19.656+0200] {logging_mixin.py:188} INFO - [2025-06-09T17:34:19.656+0200] {dagbag.py:540} INFO - Filling up the DagBag from /home/ccd/airflow_venv/lib/python3.10/site-packages/airflow/example_dags/example_branch_operator_decorator.py
[2025-06-09T17:34:19.720+0200] {processor.py:842} WARNING - No viable dags retrieved from /home/ccd/airflow_venv/lib/python3.10/site-packages/airflow/example_dags/example_branch_operator_decorator.py
[2025-06-09T17:34:19.727+0200] {processor.py:183} INFO - Processing /home/ccd/airflow_venv/lib/python3.10/site-packages/airflow/example_dags/example_branch_operator_decorator.py took 0.086 seconds
[2025-06-09T17:35:40.960+0200] {processor.py:161} INFO - Started process (PID=108545) to work on /home/ccd/airflow_venv/lib/python3.10/site-packages/airflow/example_dags/example_branch_operator_decorator.py
[2025-06-09T17:35:40.972+0200] {processor.py:830} INFO - Processing file /home/ccd/airflow_venv/lib/python3.10/site-packages/airflow/example_dags/example_branch_operator_decorator.py for tasks to queue
[2025-06-09T17:35:40.973+0200] {logging_mixin.py:188} INFO - [2025-06-09T17:35:40.973+0200] {dagbag.py:540} INFO - Filling up the DagBag from /home/ccd/airflow_venv/lib/python3.10/site-packages/airflow/example_dags/example_branch_operator_decorator.py
[2025-06-09T17:35:41.048+0200] {processor.py:842} WARNING - No viable dags retrieved from /home/ccd/airflow_venv/lib/python3.10/site-packages/airflow/example_dags/example_branch_operator_decorator.py
[2025-06-09T17:35:41.056+0200] {processor.py:183} INFO - Processing /home/ccd/airflow_venv/lib/python3.10/site-packages/airflow/example_dags/example_branch_operator_decorator.py took 0.101 seconds
[2025-06-09T17:37:08.189+0200] {processor.py:161} INFO - Started process (PID=109091) to work on /home/ccd/airflow_venv/lib/python3.10/site-packages/airflow/example_dags/example_branch_operator_decorator.py
[2025-06-09T17:37:08.200+0200] {processor.py:830} INFO - Processing file /home/ccd/airflow_venv/lib/python3.10/site-packages/airflow/example_dags/example_branch_operator_decorator.py for tasks to queue
[2025-06-09T17:37:08.201+0200] {logging_mixin.py:188} INFO - [2025-06-09T17:37:08.201+0200] {dagbag.py:540} INFO - Filling up the DagBag from /home/ccd/airflow_venv/lib/python3.10/site-packages/airflow/example_dags/example_branch_operator_decorator.py
[2025-06-09T17:37:08.272+0200] {processor.py:842} WARNING - No viable dags retrieved from /home/ccd/airflow_venv/lib/python3.10/site-packages/airflow/example_dags/example_branch_operator_decorator.py
[2025-06-09T17:37:08.280+0200] {processor.py:183} INFO - Processing /home/ccd/airflow_venv/lib/python3.10/site-packages/airflow/example_dags/example_branch_operator_decorator.py took 0.096 seconds
[2025-06-09T17:38:32.053+0200] {processor.py:161} INFO - Started process (PID=109943) to work on /home/ccd/airflow_venv/lib/python3.10/site-packages/airflow/example_dags/example_branch_operator_decorator.py
[2025-06-09T17:38:32.064+0200] {processor.py:830} INFO - Processing file /home/ccd/airflow_venv/lib/python3.10/site-packages/airflow/example_dags/example_branch_operator_decorator.py for tasks to queue
[2025-06-09T17:38:32.066+0200] {logging_mixin.py:188} INFO - [2025-06-09T17:38:32.065+0200] {dagbag.py:540} INFO - Filling up the DagBag from /home/ccd/airflow_venv/lib/python3.10/site-packages/airflow/example_dags/example_branch_operator_decorator.py
[2025-06-09T17:38:32.136+0200] {processor.py:842} WARNING - No viable dags retrieved from /home/ccd/airflow_venv/lib/python3.10/site-packages/airflow/example_dags/example_branch_operator_decorator.py
[2025-06-09T17:38:32.145+0200] {processor.py:183} INFO - Processing /home/ccd/airflow_venv/lib/python3.10/site-packages/airflow/example_dags/example_branch_operator_decorator.py took 0.098 seconds
[2025-06-09T17:39:49.044+0200] {processor.py:161} INFO - Started process (PID=110654) to work on /home/ccd/airflow_venv/lib/python3.10/site-packages/airflow/example_dags/example_branch_operator_decorator.py
[2025-06-09T17:39:49.045+0200] {processor.py:830} INFO - Processing file /home/ccd/airflow_venv/lib/python3.10/site-packages/airflow/example_dags/example_branch_operator_decorator.py for tasks to queue
[2025-06-09T17:39:49.046+0200] {logging_mixin.py:188} INFO - [2025-06-09T17:39:49.046+0200] {dagbag.py:540} INFO - Filling up the DagBag from /home/ccd/airflow_venv/lib/python3.10/site-packages/airflow/example_dags/example_branch_operator_decorator.py
[2025-06-09T17:39:49.116+0200] {processor.py:842} WARNING - No viable dags retrieved from /home/ccd/airflow_venv/lib/python3.10/site-packages/airflow/example_dags/example_branch_operator_decorator.py
[2025-06-09T17:39:49.124+0200] {processor.py:183} INFO - Processing /home/ccd/airflow_venv/lib/python3.10/site-packages/airflow/example_dags/example_branch_operator_decorator.py took 0.085 seconds
[2025-06-09T17:41:03.234+0200] {processor.py:161} INFO - Started process (PID=111168) to work on /home/ccd/airflow_venv/lib/python3.10/site-packages/airflow/example_dags/example_branch_operator_decorator.py
[2025-06-09T17:41:03.245+0200] {processor.py:830} INFO - Processing file /home/ccd/airflow_venv/lib/python3.10/site-packages/airflow/example_dags/example_branch_operator_decorator.py for tasks to queue
[2025-06-09T17:41:03.247+0200] {logging_mixin.py:188} INFO - [2025-06-09T17:41:03.246+0200] {dagbag.py:540} INFO - Filling up the DagBag from /home/ccd/airflow_venv/lib/python3.10/site-packages/airflow/example_dags/example_branch_operator_decorator.py
[2025-06-09T17:41:03.298+0200] {processor.py:842} WARNING - No viable dags retrieved from /home/ccd/airflow_venv/lib/python3.10/site-packages/airflow/example_dags/example_branch_operator_decorator.py
[2025-06-09T17:41:03.304+0200] {processor.py:183} INFO - Processing /home/ccd/airflow_venv/lib/python3.10/site-packages/airflow/example_dags/example_branch_operator_decorator.py took 0.074 seconds
[2025-06-09T17:42:14.883+0200] {processor.py:161} INFO - Started process (PID=111636) to work on /home/ccd/airflow_venv/lib/python3.10/site-packages/airflow/example_dags/example_branch_operator_decorator.py
[2025-06-09T17:42:14.895+0200] {processor.py:830} INFO - Processing file /home/ccd/airflow_venv/lib/python3.10/site-packages/airflow/example_dags/example_branch_operator_decorator.py for tasks to queue
[2025-06-09T17:42:14.899+0200] {logging_mixin.py:188} INFO - [2025-06-09T17:42:14.898+0200] {dagbag.py:540} INFO - Filling up the DagBag from /home/ccd/airflow_venv/lib/python3.10/site-packages/airflow/example_dags/example_branch_operator_decorator.py
[2025-06-09T17:42:15.429+0200] {processor.py:842} WARNING - No viable dags retrieved from /home/ccd/airflow_venv/lib/python3.10/site-packages/airflow/example_dags/example_branch_operator_decorator.py
[2025-06-09T17:42:15.448+0200] {processor.py:183} INFO - Processing /home/ccd/airflow_venv/lib/python3.10/site-packages/airflow/example_dags/example_branch_operator_decorator.py took 0.596 seconds
[2025-06-09T17:44:18.760+0200] {processor.py:161} INFO - Started process (PID=112567) to work on /home/ccd/airflow_venv/lib/python3.10/site-packages/airflow/example_dags/example_branch_operator_decorator.py
[2025-06-09T17:44:18.762+0200] {processor.py:830} INFO - Processing file /home/ccd/airflow_venv/lib/python3.10/site-packages/airflow/example_dags/example_branch_operator_decorator.py for tasks to queue
[2025-06-09T17:44:18.763+0200] {logging_mixin.py:188} INFO - [2025-06-09T17:44:18.762+0200] {dagbag.py:540} INFO - Filling up the DagBag from /home/ccd/airflow_venv/lib/python3.10/site-packages/airflow/example_dags/example_branch_operator_decorator.py
[2025-06-09T17:44:18.827+0200] {processor.py:842} WARNING - No viable dags retrieved from /home/ccd/airflow_venv/lib/python3.10/site-packages/airflow/example_dags/example_branch_operator_decorator.py
[2025-06-09T17:44:18.834+0200] {processor.py:183} INFO - Processing /home/ccd/airflow_venv/lib/python3.10/site-packages/airflow/example_dags/example_branch_operator_decorator.py took 0.078 seconds
[2025-06-09T17:45:31.859+0200] {processor.py:161} INFO - Started process (PID=113115) to work on /home/ccd/airflow_venv/lib/python3.10/site-packages/airflow/example_dags/example_branch_operator_decorator.py
[2025-06-09T17:45:31.862+0200] {processor.py:830} INFO - Processing file /home/ccd/airflow_venv/lib/python3.10/site-packages/airflow/example_dags/example_branch_operator_decorator.py for tasks to queue
[2025-06-09T17:45:31.863+0200] {logging_mixin.py:188} INFO - [2025-06-09T17:45:31.862+0200] {dagbag.py:540} INFO - Filling up the DagBag from /home/ccd/airflow_venv/lib/python3.10/site-packages/airflow/example_dags/example_branch_operator_decorator.py
[2025-06-09T17:45:31.918+0200] {processor.py:842} WARNING - No viable dags retrieved from /home/ccd/airflow_venv/lib/python3.10/site-packages/airflow/example_dags/example_branch_operator_decorator.py
[2025-06-09T17:45:31.925+0200] {processor.py:183} INFO - Processing /home/ccd/airflow_venv/lib/python3.10/site-packages/airflow/example_dags/example_branch_operator_decorator.py took 0.070 seconds
[2025-06-09T17:46:36.384+0200] {processor.py:161} INFO - Started process (PID=113529) to work on /home/ccd/airflow_venv/lib/python3.10/site-packages/airflow/example_dags/example_branch_operator_decorator.py
[2025-06-09T17:46:36.396+0200] {processor.py:830} INFO - Processing file /home/ccd/airflow_venv/lib/python3.10/site-packages/airflow/example_dags/example_branch_operator_decorator.py for tasks to queue
[2025-06-09T17:46:36.399+0200] {logging_mixin.py:188} INFO - [2025-06-09T17:46:36.398+0200] {dagbag.py:540} INFO - Filling up the DagBag from /home/ccd/airflow_venv/lib/python3.10/site-packages/airflow/example_dags/example_branch_operator_decorator.py
[2025-06-09T17:46:36.709+0200] {processor.py:842} WARNING - No viable dags retrieved from /home/ccd/airflow_venv/lib/python3.10/site-packages/airflow/example_dags/example_branch_operator_decorator.py
[2025-06-09T17:46:36.828+0200] {processor.py:183} INFO - Processing /home/ccd/airflow_venv/lib/python3.10/site-packages/airflow/example_dags/example_branch_operator_decorator.py took 0.460 seconds
[2025-06-09T17:47:41.409+0200] {processor.py:161} INFO - Started process (PID=113940) to work on /home/ccd/airflow_venv/lib/python3.10/site-packages/airflow/example_dags/example_branch_operator_decorator.py
[2025-06-09T17:47:41.411+0200] {processor.py:830} INFO - Processing file /home/ccd/airflow_venv/lib/python3.10/site-packages/airflow/example_dags/example_branch_operator_decorator.py for tasks to queue
[2025-06-09T17:47:41.413+0200] {logging_mixin.py:188} INFO - [2025-06-09T17:47:41.413+0200] {dagbag.py:540} INFO - Filling up the DagBag from /home/ccd/airflow_venv/lib/python3.10/site-packages/airflow/example_dags/example_branch_operator_decorator.py
[2025-06-09T17:47:41.480+0200] {processor.py:842} WARNING - No viable dags retrieved from /home/ccd/airflow_venv/lib/python3.10/site-packages/airflow/example_dags/example_branch_operator_decorator.py
[2025-06-09T17:47:41.488+0200] {processor.py:183} INFO - Processing /home/ccd/airflow_venv/lib/python3.10/site-packages/airflow/example_dags/example_branch_operator_decorator.py took 0.084 seconds
[2025-06-09T17:51:11.257+0200] {processor.py:161} INFO - Started process (PID=118257) to work on /home/ccd/airflow_venv/lib/python3.10/site-packages/airflow/example_dags/example_branch_operator_decorator.py
[2025-06-09T17:51:11.268+0200] {processor.py:830} INFO - Processing file /home/ccd/airflow_venv/lib/python3.10/site-packages/airflow/example_dags/example_branch_operator_decorator.py for tasks to queue
[2025-06-09T17:51:11.269+0200] {logging_mixin.py:188} INFO - [2025-06-09T17:51:11.269+0200] {dagbag.py:540} INFO - Filling up the DagBag from /home/ccd/airflow_venv/lib/python3.10/site-packages/airflow/example_dags/example_branch_operator_decorator.py
[2025-06-09T17:51:11.334+0200] {processor.py:842} WARNING - No viable dags retrieved from /home/ccd/airflow_venv/lib/python3.10/site-packages/airflow/example_dags/example_branch_operator_decorator.py
[2025-06-09T17:51:11.350+0200] {processor.py:183} INFO - Processing /home/ccd/airflow_venv/lib/python3.10/site-packages/airflow/example_dags/example_branch_operator_decorator.py took 0.097 seconds
[2025-06-09T17:52:15.036+0200] {processor.py:161} INFO - Started process (PID=118670) to work on /home/ccd/airflow_venv/lib/python3.10/site-packages/airflow/example_dags/example_branch_operator_decorator.py
[2025-06-09T17:52:15.047+0200] {processor.py:830} INFO - Processing file /home/ccd/airflow_venv/lib/python3.10/site-packages/airflow/example_dags/example_branch_operator_decorator.py for tasks to queue
[2025-06-09T17:52:15.048+0200] {logging_mixin.py:188} INFO - [2025-06-09T17:52:15.048+0200] {dagbag.py:540} INFO - Filling up the DagBag from /home/ccd/airflow_venv/lib/python3.10/site-packages/airflow/example_dags/example_branch_operator_decorator.py
[2025-06-09T17:52:15.109+0200] {processor.py:842} WARNING - No viable dags retrieved from /home/ccd/airflow_venv/lib/python3.10/site-packages/airflow/example_dags/example_branch_operator_decorator.py
[2025-06-09T17:52:15.116+0200] {processor.py:183} INFO - Processing /home/ccd/airflow_venv/lib/python3.10/site-packages/airflow/example_dags/example_branch_operator_decorator.py took 0.084 seconds
[2025-06-09T17:54:52.829+0200] {processor.py:161} INFO - Started process (PID=121114) to work on /home/ccd/airflow_venv/lib/python3.10/site-packages/airflow/example_dags/example_branch_operator_decorator.py
[2025-06-09T17:54:52.830+0200] {processor.py:830} INFO - Processing file /home/ccd/airflow_venv/lib/python3.10/site-packages/airflow/example_dags/example_branch_operator_decorator.py for tasks to queue
[2025-06-09T17:54:52.831+0200] {logging_mixin.py:188} INFO - [2025-06-09T17:54:52.831+0200] {dagbag.py:540} INFO - Filling up the DagBag from /home/ccd/airflow_venv/lib/python3.10/site-packages/airflow/example_dags/example_branch_operator_decorator.py
[2025-06-09T17:54:52.897+0200] {processor.py:842} WARNING - No viable dags retrieved from /home/ccd/airflow_venv/lib/python3.10/site-packages/airflow/example_dags/example_branch_operator_decorator.py
[2025-06-09T17:54:52.909+0200] {processor.py:183} INFO - Processing /home/ccd/airflow_venv/lib/python3.10/site-packages/airflow/example_dags/example_branch_operator_decorator.py took 0.085 seconds
[2025-06-09T17:57:07.917+0200] {processor.py:161} INFO - Started process (PID=122809) to work on /home/ccd/airflow_venv/lib/python3.10/site-packages/airflow/example_dags/example_branch_operator_decorator.py
[2025-06-09T17:57:07.929+0200] {processor.py:830} INFO - Processing file /home/ccd/airflow_venv/lib/python3.10/site-packages/airflow/example_dags/example_branch_operator_decorator.py for tasks to queue
[2025-06-09T17:57:07.930+0200] {logging_mixin.py:188} INFO - [2025-06-09T17:57:07.930+0200] {dagbag.py:540} INFO - Filling up the DagBag from /home/ccd/airflow_venv/lib/python3.10/site-packages/airflow/example_dags/example_branch_operator_decorator.py
[2025-06-09T17:57:07.999+0200] {processor.py:842} WARNING - No viable dags retrieved from /home/ccd/airflow_venv/lib/python3.10/site-packages/airflow/example_dags/example_branch_operator_decorator.py
[2025-06-09T17:57:08.007+0200] {processor.py:183} INFO - Processing /home/ccd/airflow_venv/lib/python3.10/site-packages/airflow/example_dags/example_branch_operator_decorator.py took 0.094 seconds
[2025-06-09T17:58:08.660+0200] {processor.py:161} INFO - Started process (PID=123213) to work on /home/ccd/airflow_venv/lib/python3.10/site-packages/airflow/example_dags/example_branch_operator_decorator.py
[2025-06-09T17:58:08.671+0200] {processor.py:830} INFO - Processing file /home/ccd/airflow_venv/lib/python3.10/site-packages/airflow/example_dags/example_branch_operator_decorator.py for tasks to queue
[2025-06-09T17:58:08.672+0200] {logging_mixin.py:188} INFO - [2025-06-09T17:58:08.672+0200] {dagbag.py:540} INFO - Filling up the DagBag from /home/ccd/airflow_venv/lib/python3.10/site-packages/airflow/example_dags/example_branch_operator_decorator.py
[2025-06-09T17:58:08.740+0200] {processor.py:842} WARNING - No viable dags retrieved from /home/ccd/airflow_venv/lib/python3.10/site-packages/airflow/example_dags/example_branch_operator_decorator.py
[2025-06-09T17:58:08.784+0200] {processor.py:183} INFO - Processing /home/ccd/airflow_venv/lib/python3.10/site-packages/airflow/example_dags/example_branch_operator_decorator.py took 0.130 seconds
[2025-06-09T18:02:14.113+0200] {processor.py:161} INFO - Started process (PID=126937) to work on /home/ccd/airflow_venv/lib/python3.10/site-packages/airflow/example_dags/example_branch_operator_decorator.py
[2025-06-09T18:02:14.123+0200] {processor.py:830} INFO - Processing file /home/ccd/airflow_venv/lib/python3.10/site-packages/airflow/example_dags/example_branch_operator_decorator.py for tasks to queue
[2025-06-09T18:02:14.125+0200] {logging_mixin.py:188} INFO - [2025-06-09T18:02:14.125+0200] {dagbag.py:540} INFO - Filling up the DagBag from /home/ccd/airflow_venv/lib/python3.10/site-packages/airflow/example_dags/example_branch_operator_decorator.py
[2025-06-09T18:02:14.182+0200] {processor.py:842} WARNING - No viable dags retrieved from /home/ccd/airflow_venv/lib/python3.10/site-packages/airflow/example_dags/example_branch_operator_decorator.py
[2025-06-09T18:02:14.188+0200] {processor.py:183} INFO - Processing /home/ccd/airflow_venv/lib/python3.10/site-packages/airflow/example_dags/example_branch_operator_decorator.py took 0.079 seconds
