[2025-06-09T02:00:50.323+0200] {processor.py:161} INFO - Started process (PID=1328324) to work on /home/ccd/airflow_venv/lib/python3.10/site-packages/airflow/example_dags/example_bash_decorator.py
[2025-06-09T02:00:50.324+0200] {processor.py:830} INFO - Processing file /home/ccd/airflow_venv/lib/python3.10/site-packages/airflow/example_dags/example_bash_decorator.py for tasks to queue
[2025-06-09T02:00:50.325+0200] {logging_mixin.py:188} INFO - [2025-06-09T02:00:50.324+0200] {dagbag.py:540} INFO - Filling up the DagBag from /home/ccd/airflow_venv/lib/python3.10/site-packages/airflow/example_dags/example_bash_decorator.py
[2025-06-09T02:00:50.336+0200] {processor.py:840} INFO - DAG(s) 'example_bash_decorator' retrieved from /home/ccd/airflow_venv/lib/python3.10/site-packages/airflow/example_dags/example_bash_decorator.py
[2025-06-09T02:00:50.353+0200] {logging_mixin.py:188} INFO - [2025-06-09T02:00:50.352+0200] {dag.py:3096} INFO - Sync 1 DAGs
[2025-06-09T02:00:50.360+0200] {logging_mixin.py:188} INFO - [2025-06-09T02:00:50.360+0200] {dag.py:3954} INFO - Setting next_dagrun for example_bash_decorator to None, run_after=None
[2025-06-09T02:00:50.386+0200] {processor.py:183} INFO - Processing /home/ccd/airflow_venv/lib/python3.10/site-packages/airflow/example_dags/example_bash_decorator.py took 0.067 seconds
[2025-06-09T02:01:49.701+0200] {processor.py:161} INFO - Started process (PID=1328718) to work on /home/ccd/airflow_venv/lib/python3.10/site-packages/airflow/example_dags/example_bash_decorator.py
[2025-06-09T02:01:49.703+0200] {processor.py:830} INFO - Processing file /home/ccd/airflow_venv/lib/python3.10/site-packages/airflow/example_dags/example_bash_decorator.py for tasks to queue
[2025-06-09T02:01:49.703+0200] {logging_mixin.py:188} INFO - [2025-06-09T02:01:49.703+0200] {dagbag.py:540} INFO - Filling up the DagBag from /home/ccd/airflow_venv/lib/python3.10/site-packages/airflow/example_dags/example_bash_decorator.py
[2025-06-09T02:01:49.714+0200] {processor.py:840} INFO - DAG(s) 'example_bash_decorator' retrieved from /home/ccd/airflow_venv/lib/python3.10/site-packages/airflow/example_dags/example_bash_decorator.py
[2025-06-09T02:01:49.727+0200] {logging_mixin.py:188} INFO - [2025-06-09T02:01:49.726+0200] {dag.py:3096} INFO - Sync 1 DAGs
[2025-06-09T02:01:49.735+0200] {logging_mixin.py:188} INFO - [2025-06-09T02:01:49.735+0200] {dag.py:3954} INFO - Setting next_dagrun for example_bash_decorator to None, run_after=None
[2025-06-09T02:01:49.761+0200] {processor.py:183} INFO - Processing /home/ccd/airflow_venv/lib/python3.10/site-packages/airflow/example_dags/example_bash_decorator.py took 0.066 seconds
[2025-06-09T02:02:44.379+0200] {processor.py:161} INFO - Started process (PID=1328959) to work on /home/ccd/airflow_venv/lib/python3.10/site-packages/airflow/example_dags/example_bash_decorator.py
[2025-06-09T02:02:44.391+0200] {processor.py:830} INFO - Processing file /home/ccd/airflow_venv/lib/python3.10/site-packages/airflow/example_dags/example_bash_decorator.py for tasks to queue
[2025-06-09T02:02:44.392+0200] {logging_mixin.py:188} INFO - [2025-06-09T02:02:44.392+0200] {dagbag.py:540} INFO - Filling up the DagBag from /home/ccd/airflow_venv/lib/python3.10/site-packages/airflow/example_dags/example_bash_decorator.py
[2025-06-09T02:02:44.403+0200] {processor.py:840} INFO - DAG(s) 'example_bash_decorator' retrieved from /home/ccd/airflow_venv/lib/python3.10/site-packages/airflow/example_dags/example_bash_decorator.py
[2025-06-09T02:02:44.417+0200] {logging_mixin.py:188} INFO - [2025-06-09T02:02:44.417+0200] {dag.py:3096} INFO - Sync 1 DAGs
[2025-06-09T02:02:44.425+0200] {logging_mixin.py:188} INFO - [2025-06-09T02:02:44.425+0200] {dag.py:3954} INFO - Setting next_dagrun for example_bash_decorator to None, run_after=None
[2025-06-09T02:02:44.451+0200] {processor.py:183} INFO - Processing /home/ccd/airflow_venv/lib/python3.10/site-packages/airflow/example_dags/example_bash_decorator.py took 0.076 seconds
[2025-06-09T02:04:00.426+0200] {processor.py:161} INFO - Started process (PID=1329452) to work on /home/ccd/airflow_venv/lib/python3.10/site-packages/airflow/example_dags/example_bash_decorator.py
[2025-06-09T02:04:00.427+0200] {processor.py:830} INFO - Processing file /home/ccd/airflow_venv/lib/python3.10/site-packages/airflow/example_dags/example_bash_decorator.py for tasks to queue
[2025-06-09T02:04:00.427+0200] {logging_mixin.py:188} INFO - [2025-06-09T02:04:00.427+0200] {dagbag.py:540} INFO - Filling up the DagBag from /home/ccd/airflow_venv/lib/python3.10/site-packages/airflow/example_dags/example_bash_decorator.py
[2025-06-09T02:04:00.437+0200] {processor.py:840} INFO - DAG(s) 'example_bash_decorator' retrieved from /home/ccd/airflow_venv/lib/python3.10/site-packages/airflow/example_dags/example_bash_decorator.py
[2025-06-09T02:04:00.449+0200] {logging_mixin.py:188} INFO - [2025-06-09T02:04:00.449+0200] {dag.py:3096} INFO - Sync 1 DAGs
[2025-06-09T02:04:00.456+0200] {logging_mixin.py:188} INFO - [2025-06-09T02:04:00.456+0200] {dag.py:3954} INFO - Setting next_dagrun for example_bash_decorator to None, run_after=None
[2025-06-09T02:04:00.477+0200] {processor.py:183} INFO - Processing /home/ccd/airflow_venv/lib/python3.10/site-packages/airflow/example_dags/example_bash_decorator.py took 0.055 seconds
[2025-06-09T02:05:17.346+0200] {processor.py:161} INFO - Started process (PID=1330050) to work on /home/ccd/airflow_venv/lib/python3.10/site-packages/airflow/example_dags/example_bash_decorator.py
[2025-06-09T02:05:17.357+0200] {processor.py:830} INFO - Processing file /home/ccd/airflow_venv/lib/python3.10/site-packages/airflow/example_dags/example_bash_decorator.py for tasks to queue
[2025-06-09T02:05:17.358+0200] {logging_mixin.py:188} INFO - [2025-06-09T02:05:17.357+0200] {dagbag.py:540} INFO - Filling up the DagBag from /home/ccd/airflow_venv/lib/python3.10/site-packages/airflow/example_dags/example_bash_decorator.py
[2025-06-09T02:05:17.367+0200] {processor.py:840} INFO - DAG(s) 'example_bash_decorator' retrieved from /home/ccd/airflow_venv/lib/python3.10/site-packages/airflow/example_dags/example_bash_decorator.py
[2025-06-09T02:05:17.380+0200] {logging_mixin.py:188} INFO - [2025-06-09T02:05:17.379+0200] {dag.py:3096} INFO - Sync 1 DAGs
[2025-06-09T02:05:17.386+0200] {logging_mixin.py:188} INFO - [2025-06-09T02:05:17.386+0200] {dag.py:3954} INFO - Setting next_dagrun for example_bash_decorator to None, run_after=None
[2025-06-09T02:05:17.408+0200] {processor.py:183} INFO - Processing /home/ccd/airflow_venv/lib/python3.10/site-packages/airflow/example_dags/example_bash_decorator.py took 0.067 seconds
[2025-06-09T02:06:40.640+0200] {processor.py:161} INFO - Started process (PID=1330785) to work on /home/ccd/airflow_venv/lib/python3.10/site-packages/airflow/example_dags/example_bash_decorator.py
[2025-06-09T02:06:40.652+0200] {processor.py:830} INFO - Processing file /home/ccd/airflow_venv/lib/python3.10/site-packages/airflow/example_dags/example_bash_decorator.py for tasks to queue
[2025-06-09T02:06:40.653+0200] {logging_mixin.py:188} INFO - [2025-06-09T02:06:40.653+0200] {dagbag.py:540} INFO - Filling up the DagBag from /home/ccd/airflow_venv/lib/python3.10/site-packages/airflow/example_dags/example_bash_decorator.py
[2025-06-09T02:06:40.664+0200] {processor.py:840} INFO - DAG(s) 'example_bash_decorator' retrieved from /home/ccd/airflow_venv/lib/python3.10/site-packages/airflow/example_dags/example_bash_decorator.py
[2025-06-09T02:06:40.678+0200] {logging_mixin.py:188} INFO - [2025-06-09T02:06:40.678+0200] {dag.py:3096} INFO - Sync 1 DAGs
[2025-06-09T02:06:40.748+0200] {logging_mixin.py:188} INFO - [2025-06-09T02:06:40.748+0200] {dag.py:3954} INFO - Setting next_dagrun for example_bash_decorator to None, run_after=None
[2025-06-09T02:06:40.770+0200] {processor.py:183} INFO - Processing /home/ccd/airflow_venv/lib/python3.10/site-packages/airflow/example_dags/example_bash_decorator.py took 0.135 seconds
[2025-06-09T02:07:37.974+0200] {processor.py:161} INFO - Started process (PID=1331234) to work on /home/ccd/airflow_venv/lib/python3.10/site-packages/airflow/example_dags/example_bash_decorator.py
[2025-06-09T02:07:37.985+0200] {processor.py:830} INFO - Processing file /home/ccd/airflow_venv/lib/python3.10/site-packages/airflow/example_dags/example_bash_decorator.py for tasks to queue
[2025-06-09T02:07:37.985+0200] {logging_mixin.py:188} INFO - [2025-06-09T02:07:37.985+0200] {dagbag.py:540} INFO - Filling up the DagBag from /home/ccd/airflow_venv/lib/python3.10/site-packages/airflow/example_dags/example_bash_decorator.py
[2025-06-09T02:07:37.994+0200] {processor.py:840} INFO - DAG(s) 'example_bash_decorator' retrieved from /home/ccd/airflow_venv/lib/python3.10/site-packages/airflow/example_dags/example_bash_decorator.py
[2025-06-09T02:07:38.009+0200] {logging_mixin.py:188} INFO - [2025-06-09T02:07:38.009+0200] {dag.py:3096} INFO - Sync 1 DAGs
[2025-06-09T02:07:38.017+0200] {logging_mixin.py:188} INFO - [2025-06-09T02:07:38.017+0200] {dag.py:3954} INFO - Setting next_dagrun for example_bash_decorator to None, run_after=None
[2025-06-09T02:07:38.038+0200] {processor.py:183} INFO - Processing /home/ccd/airflow_venv/lib/python3.10/site-packages/airflow/example_dags/example_bash_decorator.py took 0.068 seconds
[2025-06-09T02:08:59.677+0200] {processor.py:161} INFO - Started process (PID=1332050) to work on /home/ccd/airflow_venv/lib/python3.10/site-packages/airflow/example_dags/example_bash_decorator.py
[2025-06-09T02:08:59.679+0200] {processor.py:830} INFO - Processing file /home/ccd/airflow_venv/lib/python3.10/site-packages/airflow/example_dags/example_bash_decorator.py for tasks to queue
[2025-06-09T02:08:59.679+0200] {logging_mixin.py:188} INFO - [2025-06-09T02:08:59.679+0200] {dagbag.py:540} INFO - Filling up the DagBag from /home/ccd/airflow_venv/lib/python3.10/site-packages/airflow/example_dags/example_bash_decorator.py
[2025-06-09T02:08:59.691+0200] {processor.py:840} INFO - DAG(s) 'example_bash_decorator' retrieved from /home/ccd/airflow_venv/lib/python3.10/site-packages/airflow/example_dags/example_bash_decorator.py
[2025-06-09T02:08:59.705+0200] {logging_mixin.py:188} INFO - [2025-06-09T02:08:59.704+0200] {dag.py:3096} INFO - Sync 1 DAGs
[2025-06-09T02:08:59.713+0200] {logging_mixin.py:188} INFO - [2025-06-09T02:08:59.713+0200] {dag.py:3954} INFO - Setting next_dagrun for example_bash_decorator to None, run_after=None
[2025-06-09T02:08:59.735+0200] {processor.py:183} INFO - Processing /home/ccd/airflow_venv/lib/python3.10/site-packages/airflow/example_dags/example_bash_decorator.py took 0.063 seconds
[2025-06-09T02:10:14.803+0200] {processor.py:161} INFO - Started process (PID=1332464) to work on /home/ccd/airflow_venv/lib/python3.10/site-packages/airflow/example_dags/example_bash_decorator.py
[2025-06-09T02:10:14.814+0200] {processor.py:830} INFO - Processing file /home/ccd/airflow_venv/lib/python3.10/site-packages/airflow/example_dags/example_bash_decorator.py for tasks to queue
[2025-06-09T02:10:14.815+0200] {logging_mixin.py:188} INFO - [2025-06-09T02:10:14.815+0200] {dagbag.py:540} INFO - Filling up the DagBag from /home/ccd/airflow_venv/lib/python3.10/site-packages/airflow/example_dags/example_bash_decorator.py
[2025-06-09T02:10:14.824+0200] {processor.py:840} INFO - DAG(s) 'example_bash_decorator' retrieved from /home/ccd/airflow_venv/lib/python3.10/site-packages/airflow/example_dags/example_bash_decorator.py
[2025-06-09T02:10:14.836+0200] {logging_mixin.py:188} INFO - [2025-06-09T02:10:14.836+0200] {dag.py:3096} INFO - Sync 1 DAGs
[2025-06-09T02:10:14.843+0200] {logging_mixin.py:188} INFO - [2025-06-09T02:10:14.843+0200] {dag.py:3954} INFO - Setting next_dagrun for example_bash_decorator to None, run_after=None
[2025-06-09T02:10:14.865+0200] {processor.py:183} INFO - Processing /home/ccd/airflow_venv/lib/python3.10/site-packages/airflow/example_dags/example_bash_decorator.py took 0.066 seconds
[2025-06-09T11:30:51.811+0200] {processor.py:161} INFO - Started process (PID=3857) to work on /home/ccd/airflow_venv/lib/python3.10/site-packages/airflow/example_dags/example_bash_decorator.py
[2025-06-09T11:30:51.812+0200] {processor.py:830} INFO - Processing file /home/ccd/airflow_venv/lib/python3.10/site-packages/airflow/example_dags/example_bash_decorator.py for tasks to queue
[2025-06-09T11:30:51.813+0200] {logging_mixin.py:188} INFO - [2025-06-09T11:30:51.813+0200] {dagbag.py:540} INFO - Filling up the DagBag from /home/ccd/airflow_venv/lib/python3.10/site-packages/airflow/example_dags/example_bash_decorator.py
[2025-06-09T11:30:51.821+0200] {processor.py:840} INFO - DAG(s) 'example_bash_decorator' retrieved from /home/ccd/airflow_venv/lib/python3.10/site-packages/airflow/example_dags/example_bash_decorator.py
[2025-06-09T11:30:51.911+0200] {logging_mixin.py:188} INFO - [2025-06-09T11:30:51.911+0200] {dag.py:3096} INFO - Sync 1 DAGs
[2025-06-09T11:30:51.916+0200] {logging_mixin.py:188} INFO - [2025-06-09T11:30:51.916+0200] {dag.py:3954} INFO - Setting next_dagrun for example_bash_decorator to None, run_after=None
[2025-06-09T11:30:51.941+0200] {processor.py:183} INFO - Processing /home/ccd/airflow_venv/lib/python3.10/site-packages/airflow/example_dags/example_bash_decorator.py took 0.134 seconds
[2025-06-09T11:31:50.219+0200] {processor.py:161} INFO - Started process (PID=4171) to work on /home/ccd/airflow_venv/lib/python3.10/site-packages/airflow/example_dags/example_bash_decorator.py
[2025-06-09T11:31:50.220+0200] {processor.py:830} INFO - Processing file /home/ccd/airflow_venv/lib/python3.10/site-packages/airflow/example_dags/example_bash_decorator.py for tasks to queue
[2025-06-09T11:31:50.223+0200] {logging_mixin.py:188} INFO - [2025-06-09T11:31:50.223+0200] {dagbag.py:540} INFO - Filling up the DagBag from /home/ccd/airflow_venv/lib/python3.10/site-packages/airflow/example_dags/example_bash_decorator.py
[2025-06-09T11:31:50.239+0200] {processor.py:840} INFO - DAG(s) 'example_bash_decorator' retrieved from /home/ccd/airflow_venv/lib/python3.10/site-packages/airflow/example_dags/example_bash_decorator.py
[2025-06-09T11:31:50.278+0200] {logging_mixin.py:188} INFO - [2025-06-09T11:31:50.278+0200] {dag.py:3096} INFO - Sync 1 DAGs
[2025-06-09T11:31:50.286+0200] {logging_mixin.py:188} INFO - [2025-06-09T11:31:50.286+0200] {dag.py:3954} INFO - Setting next_dagrun for example_bash_decorator to None, run_after=None
[2025-06-09T11:31:50.308+0200] {processor.py:183} INFO - Processing /home/ccd/airflow_venv/lib/python3.10/site-packages/airflow/example_dags/example_bash_decorator.py took 0.095 seconds
[2025-06-09T11:32:59.221+0200] {processor.py:161} INFO - Started process (PID=4844) to work on /home/ccd/airflow_venv/lib/python3.10/site-packages/airflow/example_dags/example_bash_decorator.py
[2025-06-09T11:32:59.225+0200] {processor.py:830} INFO - Processing file /home/ccd/airflow_venv/lib/python3.10/site-packages/airflow/example_dags/example_bash_decorator.py for tasks to queue
[2025-06-09T11:32:59.226+0200] {logging_mixin.py:188} INFO - [2025-06-09T11:32:59.226+0200] {dagbag.py:540} INFO - Filling up the DagBag from /home/ccd/airflow_venv/lib/python3.10/site-packages/airflow/example_dags/example_bash_decorator.py
[2025-06-09T11:32:59.234+0200] {processor.py:840} INFO - DAG(s) 'example_bash_decorator' retrieved from /home/ccd/airflow_venv/lib/python3.10/site-packages/airflow/example_dags/example_bash_decorator.py
[2025-06-09T11:32:59.251+0200] {logging_mixin.py:188} INFO - [2025-06-09T11:32:59.251+0200] {dag.py:3096} INFO - Sync 1 DAGs
[2025-06-09T11:32:59.261+0200] {logging_mixin.py:188} INFO - [2025-06-09T11:32:59.261+0200] {dag.py:3954} INFO - Setting next_dagrun for example_bash_decorator to None, run_after=None
[2025-06-09T11:32:59.292+0200] {processor.py:183} INFO - Processing /home/ccd/airflow_venv/lib/python3.10/site-packages/airflow/example_dags/example_bash_decorator.py took 0.075 seconds
[2025-06-09T11:34:16.516+0200] {processor.py:161} INFO - Started process (PID=5463) to work on /home/ccd/airflow_venv/lib/python3.10/site-packages/airflow/example_dags/example_bash_decorator.py
[2025-06-09T11:34:16.517+0200] {processor.py:830} INFO - Processing file /home/ccd/airflow_venv/lib/python3.10/site-packages/airflow/example_dags/example_bash_decorator.py for tasks to queue
[2025-06-09T11:34:16.518+0200] {logging_mixin.py:188} INFO - [2025-06-09T11:34:16.518+0200] {dagbag.py:540} INFO - Filling up the DagBag from /home/ccd/airflow_venv/lib/python3.10/site-packages/airflow/example_dags/example_bash_decorator.py
[2025-06-09T11:34:16.526+0200] {processor.py:840} INFO - DAG(s) 'example_bash_decorator' retrieved from /home/ccd/airflow_venv/lib/python3.10/site-packages/airflow/example_dags/example_bash_decorator.py
[2025-06-09T11:34:16.538+0200] {logging_mixin.py:188} INFO - [2025-06-09T11:34:16.538+0200] {dag.py:3096} INFO - Sync 1 DAGs
[2025-06-09T11:34:16.547+0200] {logging_mixin.py:188} INFO - [2025-06-09T11:34:16.547+0200] {dag.py:3954} INFO - Setting next_dagrun for example_bash_decorator to None, run_after=None
[2025-06-09T11:34:16.568+0200] {processor.py:183} INFO - Processing /home/ccd/airflow_venv/lib/python3.10/site-packages/airflow/example_dags/example_bash_decorator.py took 0.057 seconds
[2025-06-09T11:35:14.249+0200] {processor.py:161} INFO - Started process (PID=5840) to work on /home/ccd/airflow_venv/lib/python3.10/site-packages/airflow/example_dags/example_bash_decorator.py
[2025-06-09T11:35:14.255+0200] {processor.py:830} INFO - Processing file /home/ccd/airflow_venv/lib/python3.10/site-packages/airflow/example_dags/example_bash_decorator.py for tasks to queue
[2025-06-09T11:35:14.256+0200] {logging_mixin.py:188} INFO - [2025-06-09T11:35:14.256+0200] {dagbag.py:540} INFO - Filling up the DagBag from /home/ccd/airflow_venv/lib/python3.10/site-packages/airflow/example_dags/example_bash_decorator.py
[2025-06-09T11:35:14.264+0200] {processor.py:840} INFO - DAG(s) 'example_bash_decorator' retrieved from /home/ccd/airflow_venv/lib/python3.10/site-packages/airflow/example_dags/example_bash_decorator.py
[2025-06-09T11:35:14.276+0200] {logging_mixin.py:188} INFO - [2025-06-09T11:35:14.276+0200] {dag.py:3096} INFO - Sync 1 DAGs
[2025-06-09T11:35:14.282+0200] {logging_mixin.py:188} INFO - [2025-06-09T11:35:14.282+0200] {dag.py:3954} INFO - Setting next_dagrun for example_bash_decorator to None, run_after=None
[2025-06-09T11:35:14.303+0200] {processor.py:183} INFO - Processing /home/ccd/airflow_venv/lib/python3.10/site-packages/airflow/example_dags/example_bash_decorator.py took 0.057 seconds
[2025-06-09T11:36:11.471+0200] {processor.py:161} INFO - Started process (PID=6154) to work on /home/ccd/airflow_venv/lib/python3.10/site-packages/airflow/example_dags/example_bash_decorator.py
[2025-06-09T11:36:11.482+0200] {processor.py:830} INFO - Processing file /home/ccd/airflow_venv/lib/python3.10/site-packages/airflow/example_dags/example_bash_decorator.py for tasks to queue
[2025-06-09T11:36:11.484+0200] {logging_mixin.py:188} INFO - [2025-06-09T11:36:11.484+0200] {dagbag.py:540} INFO - Filling up the DagBag from /home/ccd/airflow_venv/lib/python3.10/site-packages/airflow/example_dags/example_bash_decorator.py
[2025-06-09T11:36:11.492+0200] {processor.py:840} INFO - DAG(s) 'example_bash_decorator' retrieved from /home/ccd/airflow_venv/lib/python3.10/site-packages/airflow/example_dags/example_bash_decorator.py
[2025-06-09T11:36:11.503+0200] {logging_mixin.py:188} INFO - [2025-06-09T11:36:11.503+0200] {dag.py:3096} INFO - Sync 1 DAGs
[2025-06-09T11:36:11.510+0200] {logging_mixin.py:188} INFO - [2025-06-09T11:36:11.510+0200] {dag.py:3954} INFO - Setting next_dagrun for example_bash_decorator to None, run_after=None
[2025-06-09T11:36:11.534+0200] {processor.py:183} INFO - Processing /home/ccd/airflow_venv/lib/python3.10/site-packages/airflow/example_dags/example_bash_decorator.py took 0.068 seconds
[2025-06-09T11:38:28.178+0200] {processor.py:161} INFO - Started process (PID=9253) to work on /home/ccd/airflow_venv/lib/python3.10/site-packages/airflow/example_dags/example_bash_decorator.py
[2025-06-09T11:38:28.189+0200] {processor.py:830} INFO - Processing file /home/ccd/airflow_venv/lib/python3.10/site-packages/airflow/example_dags/example_bash_decorator.py for tasks to queue
[2025-06-09T11:38:28.191+0200] {logging_mixin.py:188} INFO - [2025-06-09T11:38:28.190+0200] {dagbag.py:540} INFO - Filling up the DagBag from /home/ccd/airflow_venv/lib/python3.10/site-packages/airflow/example_dags/example_bash_decorator.py
[2025-06-09T11:38:28.201+0200] {processor.py:840} INFO - DAG(s) 'example_bash_decorator' retrieved from /home/ccd/airflow_venv/lib/python3.10/site-packages/airflow/example_dags/example_bash_decorator.py
[2025-06-09T11:38:28.215+0200] {logging_mixin.py:188} INFO - [2025-06-09T11:38:28.215+0200] {dag.py:3096} INFO - Sync 1 DAGs
[2025-06-09T11:38:28.223+0200] {logging_mixin.py:188} INFO - [2025-06-09T11:38:28.222+0200] {dag.py:3954} INFO - Setting next_dagrun for example_bash_decorator to None, run_after=None
[2025-06-09T11:38:28.244+0200] {processor.py:183} INFO - Processing /home/ccd/airflow_venv/lib/python3.10/site-packages/airflow/example_dags/example_bash_decorator.py took 0.069 seconds
[2025-06-09T11:39:30.004+0200] {processor.py:161} INFO - Started process (PID=9789) to work on /home/ccd/airflow_venv/lib/python3.10/site-packages/airflow/example_dags/example_bash_decorator.py
[2025-06-09T11:39:30.015+0200] {processor.py:830} INFO - Processing file /home/ccd/airflow_venv/lib/python3.10/site-packages/airflow/example_dags/example_bash_decorator.py for tasks to queue
[2025-06-09T11:39:30.017+0200] {logging_mixin.py:188} INFO - [2025-06-09T11:39:30.016+0200] {dagbag.py:540} INFO - Filling up the DagBag from /home/ccd/airflow_venv/lib/python3.10/site-packages/airflow/example_dags/example_bash_decorator.py
[2025-06-09T11:39:30.025+0200] {processor.py:840} INFO - DAG(s) 'example_bash_decorator' retrieved from /home/ccd/airflow_venv/lib/python3.10/site-packages/airflow/example_dags/example_bash_decorator.py
[2025-06-09T11:39:30.036+0200] {logging_mixin.py:188} INFO - [2025-06-09T11:39:30.035+0200] {dag.py:3096} INFO - Sync 1 DAGs
[2025-06-09T11:39:30.042+0200] {logging_mixin.py:188} INFO - [2025-06-09T11:39:30.042+0200] {dag.py:3954} INFO - Setting next_dagrun for example_bash_decorator to None, run_after=None
[2025-06-09T11:39:30.063+0200] {processor.py:183} INFO - Processing /home/ccd/airflow_venv/lib/python3.10/site-packages/airflow/example_dags/example_bash_decorator.py took 0.062 seconds
[2025-06-09T11:40:42.699+0200] {processor.py:161} INFO - Started process (PID=10502) to work on /home/ccd/airflow_venv/lib/python3.10/site-packages/airflow/example_dags/example_bash_decorator.py
[2025-06-09T11:40:42.710+0200] {processor.py:830} INFO - Processing file /home/ccd/airflow_venv/lib/python3.10/site-packages/airflow/example_dags/example_bash_decorator.py for tasks to queue
[2025-06-09T11:40:42.711+0200] {logging_mixin.py:188} INFO - [2025-06-09T11:40:42.711+0200] {dagbag.py:540} INFO - Filling up the DagBag from /home/ccd/airflow_venv/lib/python3.10/site-packages/airflow/example_dags/example_bash_decorator.py
[2025-06-09T11:40:42.719+0200] {processor.py:840} INFO - DAG(s) 'example_bash_decorator' retrieved from /home/ccd/airflow_venv/lib/python3.10/site-packages/airflow/example_dags/example_bash_decorator.py
[2025-06-09T11:40:42.730+0200] {logging_mixin.py:188} INFO - [2025-06-09T11:40:42.729+0200] {dag.py:3096} INFO - Sync 1 DAGs
[2025-06-09T11:40:42.736+0200] {logging_mixin.py:188} INFO - [2025-06-09T11:40:42.736+0200] {dag.py:3954} INFO - Setting next_dagrun for example_bash_decorator to None, run_after=None
[2025-06-09T11:40:42.758+0200] {processor.py:183} INFO - Processing /home/ccd/airflow_venv/lib/python3.10/site-packages/airflow/example_dags/example_bash_decorator.py took 0.062 seconds
[2025-06-09T11:41:50.234+0200] {processor.py:161} INFO - Started process (PID=11113) to work on /home/ccd/airflow_venv/lib/python3.10/site-packages/airflow/example_dags/example_bash_decorator.py
[2025-06-09T11:41:50.235+0200] {processor.py:830} INFO - Processing file /home/ccd/airflow_venv/lib/python3.10/site-packages/airflow/example_dags/example_bash_decorator.py for tasks to queue
[2025-06-09T11:41:50.236+0200] {logging_mixin.py:188} INFO - [2025-06-09T11:41:50.236+0200] {dagbag.py:540} INFO - Filling up the DagBag from /home/ccd/airflow_venv/lib/python3.10/site-packages/airflow/example_dags/example_bash_decorator.py
[2025-06-09T11:41:50.245+0200] {processor.py:840} INFO - DAG(s) 'example_bash_decorator' retrieved from /home/ccd/airflow_venv/lib/python3.10/site-packages/airflow/example_dags/example_bash_decorator.py
[2025-06-09T11:41:50.257+0200] {logging_mixin.py:188} INFO - [2025-06-09T11:41:50.257+0200] {dag.py:3096} INFO - Sync 1 DAGs
[2025-06-09T11:41:50.266+0200] {logging_mixin.py:188} INFO - [2025-06-09T11:41:50.265+0200] {dag.py:3954} INFO - Setting next_dagrun for example_bash_decorator to None, run_after=None
[2025-06-09T11:41:50.291+0200] {processor.py:183} INFO - Processing /home/ccd/airflow_venv/lib/python3.10/site-packages/airflow/example_dags/example_bash_decorator.py took 0.061 seconds
[2025-06-09T11:43:05.776+0200] {processor.py:161} INFO - Started process (PID=11548) to work on /home/ccd/airflow_venv/lib/python3.10/site-packages/airflow/example_dags/example_bash_decorator.py
[2025-06-09T11:43:05.778+0200] {processor.py:830} INFO - Processing file /home/ccd/airflow_venv/lib/python3.10/site-packages/airflow/example_dags/example_bash_decorator.py for tasks to queue
[2025-06-09T11:43:05.781+0200] {logging_mixin.py:188} INFO - [2025-06-09T11:43:05.780+0200] {dagbag.py:540} INFO - Filling up the DagBag from /home/ccd/airflow_venv/lib/python3.10/site-packages/airflow/example_dags/example_bash_decorator.py
[2025-06-09T11:43:05.798+0200] {processor.py:840} INFO - DAG(s) 'example_bash_decorator' retrieved from /home/ccd/airflow_venv/lib/python3.10/site-packages/airflow/example_dags/example_bash_decorator.py
[2025-06-09T11:43:05.819+0200] {logging_mixin.py:188} INFO - [2025-06-09T11:43:05.819+0200] {dag.py:3096} INFO - Sync 1 DAGs
[2025-06-09T11:43:05.828+0200] {logging_mixin.py:188} INFO - [2025-06-09T11:43:05.827+0200] {dag.py:3954} INFO - Setting next_dagrun for example_bash_decorator to None, run_after=None
[2025-06-09T11:43:05.883+0200] {processor.py:183} INFO - Processing /home/ccd/airflow_venv/lib/python3.10/site-packages/airflow/example_dags/example_bash_decorator.py took 0.122 seconds
[2025-06-09T11:44:09.968+0200] {processor.py:161} INFO - Started process (PID=11955) to work on /home/ccd/airflow_venv/lib/python3.10/site-packages/airflow/example_dags/example_bash_decorator.py
[2025-06-09T11:44:09.987+0200] {processor.py:830} INFO - Processing file /home/ccd/airflow_venv/lib/python3.10/site-packages/airflow/example_dags/example_bash_decorator.py for tasks to queue
[2025-06-09T11:44:09.988+0200] {logging_mixin.py:188} INFO - [2025-06-09T11:44:09.988+0200] {dagbag.py:540} INFO - Filling up the DagBag from /home/ccd/airflow_venv/lib/python3.10/site-packages/airflow/example_dags/example_bash_decorator.py
[2025-06-09T11:44:10.005+0200] {processor.py:840} INFO - DAG(s) 'example_bash_decorator' retrieved from /home/ccd/airflow_venv/lib/python3.10/site-packages/airflow/example_dags/example_bash_decorator.py
[2025-06-09T11:44:10.026+0200] {logging_mixin.py:188} INFO - [2025-06-09T11:44:10.026+0200] {dag.py:3096} INFO - Sync 1 DAGs
[2025-06-09T11:44:10.045+0200] {logging_mixin.py:188} INFO - [2025-06-09T11:44:10.044+0200] {dag.py:3954} INFO - Setting next_dagrun for example_bash_decorator to None, run_after=None
[2025-06-09T11:44:10.089+0200] {processor.py:183} INFO - Processing /home/ccd/airflow_venv/lib/python3.10/site-packages/airflow/example_dags/example_bash_decorator.py took 0.126 seconds
[2025-06-09T11:45:27.470+0200] {processor.py:161} INFO - Started process (PID=12430) to work on /home/ccd/airflow_venv/lib/python3.10/site-packages/airflow/example_dags/example_bash_decorator.py
[2025-06-09T11:45:27.472+0200] {processor.py:830} INFO - Processing file /home/ccd/airflow_venv/lib/python3.10/site-packages/airflow/example_dags/example_bash_decorator.py for tasks to queue
[2025-06-09T11:45:27.473+0200] {logging_mixin.py:188} INFO - [2025-06-09T11:45:27.473+0200] {dagbag.py:540} INFO - Filling up the DagBag from /home/ccd/airflow_venv/lib/python3.10/site-packages/airflow/example_dags/example_bash_decorator.py
[2025-06-09T11:45:27.481+0200] {processor.py:840} INFO - DAG(s) 'example_bash_decorator' retrieved from /home/ccd/airflow_venv/lib/python3.10/site-packages/airflow/example_dags/example_bash_decorator.py
[2025-06-09T11:45:27.493+0200] {logging_mixin.py:188} INFO - [2025-06-09T11:45:27.493+0200] {dag.py:3096} INFO - Sync 1 DAGs
[2025-06-09T11:45:27.499+0200] {logging_mixin.py:188} INFO - [2025-06-09T11:45:27.499+0200] {dag.py:3954} INFO - Setting next_dagrun for example_bash_decorator to None, run_after=None
[2025-06-09T11:45:27.519+0200] {processor.py:183} INFO - Processing /home/ccd/airflow_venv/lib/python3.10/site-packages/airflow/example_dags/example_bash_decorator.py took 0.053 seconds
[2025-06-09T11:46:49.692+0200] {processor.py:161} INFO - Started process (PID=13793) to work on /home/ccd/airflow_venv/lib/python3.10/site-packages/airflow/example_dags/example_bash_decorator.py
[2025-06-09T11:46:49.694+0200] {processor.py:830} INFO - Processing file /home/ccd/airflow_venv/lib/python3.10/site-packages/airflow/example_dags/example_bash_decorator.py for tasks to queue
[2025-06-09T11:46:49.696+0200] {logging_mixin.py:188} INFO - [2025-06-09T11:46:49.695+0200] {dagbag.py:540} INFO - Filling up the DagBag from /home/ccd/airflow_venv/lib/python3.10/site-packages/airflow/example_dags/example_bash_decorator.py
[2025-06-09T11:46:49.705+0200] {processor.py:840} INFO - DAG(s) 'example_bash_decorator' retrieved from /home/ccd/airflow_venv/lib/python3.10/site-packages/airflow/example_dags/example_bash_decorator.py
[2025-06-09T11:46:49.716+0200] {logging_mixin.py:188} INFO - [2025-06-09T11:46:49.716+0200] {dag.py:3096} INFO - Sync 1 DAGs
[2025-06-09T11:46:49.723+0200] {logging_mixin.py:188} INFO - [2025-06-09T11:46:49.723+0200] {dag.py:3954} INFO - Setting next_dagrun for example_bash_decorator to None, run_after=None
[2025-06-09T11:46:49.746+0200] {processor.py:183} INFO - Processing /home/ccd/airflow_venv/lib/python3.10/site-packages/airflow/example_dags/example_bash_decorator.py took 0.059 seconds
[2025-06-09T11:47:48.806+0200] {processor.py:161} INFO - Started process (PID=14123) to work on /home/ccd/airflow_venv/lib/python3.10/site-packages/airflow/example_dags/example_bash_decorator.py
[2025-06-09T11:47:48.817+0200] {processor.py:830} INFO - Processing file /home/ccd/airflow_venv/lib/python3.10/site-packages/airflow/example_dags/example_bash_decorator.py for tasks to queue
[2025-06-09T11:47:48.818+0200] {logging_mixin.py:188} INFO - [2025-06-09T11:47:48.817+0200] {dagbag.py:540} INFO - Filling up the DagBag from /home/ccd/airflow_venv/lib/python3.10/site-packages/airflow/example_dags/example_bash_decorator.py
[2025-06-09T11:47:48.826+0200] {processor.py:840} INFO - DAG(s) 'example_bash_decorator' retrieved from /home/ccd/airflow_venv/lib/python3.10/site-packages/airflow/example_dags/example_bash_decorator.py
[2025-06-09T11:47:48.838+0200] {logging_mixin.py:188} INFO - [2025-06-09T11:47:48.838+0200] {dag.py:3096} INFO - Sync 1 DAGs
[2025-06-09T11:47:48.846+0200] {logging_mixin.py:188} INFO - [2025-06-09T11:47:48.846+0200] {dag.py:3954} INFO - Setting next_dagrun for example_bash_decorator to None, run_after=None
[2025-06-09T11:47:48.868+0200] {processor.py:183} INFO - Processing /home/ccd/airflow_venv/lib/python3.10/site-packages/airflow/example_dags/example_bash_decorator.py took 0.066 seconds
[2025-06-09T11:49:06.594+0200] {processor.py:161} INFO - Started process (PID=15747) to work on /home/ccd/airflow_venv/lib/python3.10/site-packages/airflow/example_dags/example_bash_decorator.py
[2025-06-09T11:49:06.605+0200] {processor.py:830} INFO - Processing file /home/ccd/airflow_venv/lib/python3.10/site-packages/airflow/example_dags/example_bash_decorator.py for tasks to queue
[2025-06-09T11:49:06.607+0200] {logging_mixin.py:188} INFO - [2025-06-09T11:49:06.606+0200] {dagbag.py:540} INFO - Filling up the DagBag from /home/ccd/airflow_venv/lib/python3.10/site-packages/airflow/example_dags/example_bash_decorator.py
[2025-06-09T11:49:06.615+0200] {processor.py:840} INFO - DAG(s) 'example_bash_decorator' retrieved from /home/ccd/airflow_venv/lib/python3.10/site-packages/airflow/example_dags/example_bash_decorator.py
[2025-06-09T11:49:06.627+0200] {logging_mixin.py:188} INFO - [2025-06-09T11:49:06.627+0200] {dag.py:3096} INFO - Sync 1 DAGs
[2025-06-09T11:49:06.634+0200] {logging_mixin.py:188} INFO - [2025-06-09T11:49:06.634+0200] {dag.py:3954} INFO - Setting next_dagrun for example_bash_decorator to None, run_after=None
[2025-06-09T11:49:06.659+0200] {processor.py:183} INFO - Processing /home/ccd/airflow_venv/lib/python3.10/site-packages/airflow/example_dags/example_bash_decorator.py took 0.069 seconds
[2025-06-09T11:50:31.858+0200] {processor.py:161} INFO - Started process (PID=16634) to work on /home/ccd/airflow_venv/lib/python3.10/site-packages/airflow/example_dags/example_bash_decorator.py
[2025-06-09T11:50:31.869+0200] {processor.py:830} INFO - Processing file /home/ccd/airflow_venv/lib/python3.10/site-packages/airflow/example_dags/example_bash_decorator.py for tasks to queue
[2025-06-09T11:50:31.871+0200] {logging_mixin.py:188} INFO - [2025-06-09T11:50:31.870+0200] {dagbag.py:540} INFO - Filling up the DagBag from /home/ccd/airflow_venv/lib/python3.10/site-packages/airflow/example_dags/example_bash_decorator.py
[2025-06-09T11:50:31.881+0200] {processor.py:840} INFO - DAG(s) 'example_bash_decorator' retrieved from /home/ccd/airflow_venv/lib/python3.10/site-packages/airflow/example_dags/example_bash_decorator.py
[2025-06-09T11:50:31.897+0200] {logging_mixin.py:188} INFO - [2025-06-09T11:50:31.896+0200] {dag.py:3096} INFO - Sync 1 DAGs
[2025-06-09T11:50:31.904+0200] {logging_mixin.py:188} INFO - [2025-06-09T11:50:31.904+0200] {dag.py:3954} INFO - Setting next_dagrun for example_bash_decorator to None, run_after=None
[2025-06-09T11:50:31.928+0200] {processor.py:183} INFO - Processing /home/ccd/airflow_venv/lib/python3.10/site-packages/airflow/example_dags/example_bash_decorator.py took 0.075 seconds
[2025-06-09T11:51:40.463+0200] {processor.py:161} INFO - Started process (PID=17364) to work on /home/ccd/airflow_venv/lib/python3.10/site-packages/airflow/example_dags/example_bash_decorator.py
[2025-06-09T11:51:40.464+0200] {processor.py:830} INFO - Processing file /home/ccd/airflow_venv/lib/python3.10/site-packages/airflow/example_dags/example_bash_decorator.py for tasks to queue
[2025-06-09T11:51:40.466+0200] {logging_mixin.py:188} INFO - [2025-06-09T11:51:40.466+0200] {dagbag.py:540} INFO - Filling up the DagBag from /home/ccd/airflow_venv/lib/python3.10/site-packages/airflow/example_dags/example_bash_decorator.py
[2025-06-09T11:51:40.475+0200] {processor.py:840} INFO - DAG(s) 'example_bash_decorator' retrieved from /home/ccd/airflow_venv/lib/python3.10/site-packages/airflow/example_dags/example_bash_decorator.py
[2025-06-09T11:51:40.487+0200] {logging_mixin.py:188} INFO - [2025-06-09T11:51:40.486+0200] {dag.py:3096} INFO - Sync 1 DAGs
[2025-06-09T11:51:40.494+0200] {logging_mixin.py:188} INFO - [2025-06-09T11:51:40.494+0200] {dag.py:3954} INFO - Setting next_dagrun for example_bash_decorator to None, run_after=None
[2025-06-09T11:51:40.517+0200] {processor.py:183} INFO - Processing /home/ccd/airflow_venv/lib/python3.10/site-packages/airflow/example_dags/example_bash_decorator.py took 0.058 seconds
[2025-06-09T11:52:59.842+0200] {processor.py:161} INFO - Started process (PID=17843) to work on /home/ccd/airflow_venv/lib/python3.10/site-packages/airflow/example_dags/example_bash_decorator.py
[2025-06-09T11:52:59.853+0200] {processor.py:830} INFO - Processing file /home/ccd/airflow_venv/lib/python3.10/site-packages/airflow/example_dags/example_bash_decorator.py for tasks to queue
[2025-06-09T11:52:59.855+0200] {logging_mixin.py:188} INFO - [2025-06-09T11:52:59.855+0200] {dagbag.py:540} INFO - Filling up the DagBag from /home/ccd/airflow_venv/lib/python3.10/site-packages/airflow/example_dags/example_bash_decorator.py
[2025-06-09T11:52:59.873+0200] {processor.py:840} INFO - DAG(s) 'example_bash_decorator' retrieved from /home/ccd/airflow_venv/lib/python3.10/site-packages/airflow/example_dags/example_bash_decorator.py
[2025-06-09T11:52:59.904+0200] {logging_mixin.py:188} INFO - [2025-06-09T11:52:59.903+0200] {dag.py:3096} INFO - Sync 1 DAGs
[2025-06-09T11:53:00.120+0200] {logging_mixin.py:188} INFO - [2025-06-09T11:53:00.120+0200] {dag.py:3954} INFO - Setting next_dagrun for example_bash_decorator to None, run_after=None
[2025-06-09T11:53:00.152+0200] {processor.py:183} INFO - Processing /home/ccd/airflow_venv/lib/python3.10/site-packages/airflow/example_dags/example_bash_decorator.py took 0.322 seconds
[2025-06-09T11:54:18.428+0200] {processor.py:161} INFO - Started process (PID=18265) to work on /home/ccd/airflow_venv/lib/python3.10/site-packages/airflow/example_dags/example_bash_decorator.py
[2025-06-09T11:54:18.438+0200] {processor.py:830} INFO - Processing file /home/ccd/airflow_venv/lib/python3.10/site-packages/airflow/example_dags/example_bash_decorator.py for tasks to queue
[2025-06-09T11:54:18.440+0200] {logging_mixin.py:188} INFO - [2025-06-09T11:54:18.439+0200] {dagbag.py:540} INFO - Filling up the DagBag from /home/ccd/airflow_venv/lib/python3.10/site-packages/airflow/example_dags/example_bash_decorator.py
[2025-06-09T11:54:18.449+0200] {processor.py:840} INFO - DAG(s) 'example_bash_decorator' retrieved from /home/ccd/airflow_venv/lib/python3.10/site-packages/airflow/example_dags/example_bash_decorator.py
[2025-06-09T11:54:18.461+0200] {logging_mixin.py:188} INFO - [2025-06-09T11:54:18.461+0200] {dag.py:3096} INFO - Sync 1 DAGs
[2025-06-09T11:54:18.469+0200] {logging_mixin.py:188} INFO - [2025-06-09T11:54:18.469+0200] {dag.py:3954} INFO - Setting next_dagrun for example_bash_decorator to None, run_after=None
[2025-06-09T11:54:18.493+0200] {processor.py:183} INFO - Processing /home/ccd/airflow_venv/lib/python3.10/site-packages/airflow/example_dags/example_bash_decorator.py took 0.069 seconds
[2025-06-09T11:55:36.006+0200] {processor.py:161} INFO - Started process (PID=18723) to work on /home/ccd/airflow_venv/lib/python3.10/site-packages/airflow/example_dags/example_bash_decorator.py
[2025-06-09T11:55:36.007+0200] {processor.py:830} INFO - Processing file /home/ccd/airflow_venv/lib/python3.10/site-packages/airflow/example_dags/example_bash_decorator.py for tasks to queue
[2025-06-09T11:55:36.008+0200] {logging_mixin.py:188} INFO - [2025-06-09T11:55:36.007+0200] {dagbag.py:540} INFO - Filling up the DagBag from /home/ccd/airflow_venv/lib/python3.10/site-packages/airflow/example_dags/example_bash_decorator.py
[2025-06-09T11:55:36.015+0200] {processor.py:840} INFO - DAG(s) 'example_bash_decorator' retrieved from /home/ccd/airflow_venv/lib/python3.10/site-packages/airflow/example_dags/example_bash_decorator.py
[2025-06-09T11:55:36.027+0200] {logging_mixin.py:188} INFO - [2025-06-09T11:55:36.027+0200] {dag.py:3096} INFO - Sync 1 DAGs
[2025-06-09T11:55:36.034+0200] {logging_mixin.py:188} INFO - [2025-06-09T11:55:36.033+0200] {dag.py:3954} INFO - Setting next_dagrun for example_bash_decorator to None, run_after=None
[2025-06-09T11:55:36.053+0200] {processor.py:183} INFO - Processing /home/ccd/airflow_venv/lib/python3.10/site-packages/airflow/example_dags/example_bash_decorator.py took 0.051 seconds
[2025-06-09T11:56:51.537+0200] {processor.py:161} INFO - Started process (PID=19147) to work on /home/ccd/airflow_venv/lib/python3.10/site-packages/airflow/example_dags/example_bash_decorator.py
[2025-06-09T11:56:51.547+0200] {processor.py:830} INFO - Processing file /home/ccd/airflow_venv/lib/python3.10/site-packages/airflow/example_dags/example_bash_decorator.py for tasks to queue
[2025-06-09T11:56:51.549+0200] {logging_mixin.py:188} INFO - [2025-06-09T11:56:51.548+0200] {dagbag.py:540} INFO - Filling up the DagBag from /home/ccd/airflow_venv/lib/python3.10/site-packages/airflow/example_dags/example_bash_decorator.py
[2025-06-09T11:56:51.556+0200] {processor.py:840} INFO - DAG(s) 'example_bash_decorator' retrieved from /home/ccd/airflow_venv/lib/python3.10/site-packages/airflow/example_dags/example_bash_decorator.py
[2025-06-09T11:56:51.568+0200] {logging_mixin.py:188} INFO - [2025-06-09T11:56:51.567+0200] {dag.py:3096} INFO - Sync 1 DAGs
[2025-06-09T11:56:51.574+0200] {logging_mixin.py:188} INFO - [2025-06-09T11:56:51.574+0200] {dag.py:3954} INFO - Setting next_dagrun for example_bash_decorator to None, run_after=None
[2025-06-09T11:56:51.594+0200] {processor.py:183} INFO - Processing /home/ccd/airflow_venv/lib/python3.10/site-packages/airflow/example_dags/example_bash_decorator.py took 0.061 seconds
[2025-06-09T11:58:07.140+0200] {processor.py:161} INFO - Started process (PID=19588) to work on /home/ccd/airflow_venv/lib/python3.10/site-packages/airflow/example_dags/example_bash_decorator.py
[2025-06-09T11:58:07.142+0200] {processor.py:830} INFO - Processing file /home/ccd/airflow_venv/lib/python3.10/site-packages/airflow/example_dags/example_bash_decorator.py for tasks to queue
[2025-06-09T11:58:07.143+0200] {logging_mixin.py:188} INFO - [2025-06-09T11:58:07.143+0200] {dagbag.py:540} INFO - Filling up the DagBag from /home/ccd/airflow_venv/lib/python3.10/site-packages/airflow/example_dags/example_bash_decorator.py
[2025-06-09T11:58:07.151+0200] {processor.py:840} INFO - DAG(s) 'example_bash_decorator' retrieved from /home/ccd/airflow_venv/lib/python3.10/site-packages/airflow/example_dags/example_bash_decorator.py
[2025-06-09T11:58:07.161+0200] {logging_mixin.py:188} INFO - [2025-06-09T11:58:07.161+0200] {dag.py:3096} INFO - Sync 1 DAGs
[2025-06-09T11:58:07.168+0200] {logging_mixin.py:188} INFO - [2025-06-09T11:58:07.168+0200] {dag.py:3954} INFO - Setting next_dagrun for example_bash_decorator to None, run_after=None
[2025-06-09T11:58:07.193+0200] {processor.py:183} INFO - Processing /home/ccd/airflow_venv/lib/python3.10/site-packages/airflow/example_dags/example_bash_decorator.py took 0.056 seconds
[2025-06-09T11:59:01.289+0200] {processor.py:161} INFO - Started process (PID=19892) to work on /home/ccd/airflow_venv/lib/python3.10/site-packages/airflow/example_dags/example_bash_decorator.py
[2025-06-09T11:59:01.300+0200] {processor.py:830} INFO - Processing file /home/ccd/airflow_venv/lib/python3.10/site-packages/airflow/example_dags/example_bash_decorator.py for tasks to queue
[2025-06-09T11:59:01.302+0200] {logging_mixin.py:188} INFO - [2025-06-09T11:59:01.302+0200] {dagbag.py:540} INFO - Filling up the DagBag from /home/ccd/airflow_venv/lib/python3.10/site-packages/airflow/example_dags/example_bash_decorator.py
[2025-06-09T11:59:01.329+0200] {processor.py:840} INFO - DAG(s) 'example_bash_decorator' retrieved from /home/ccd/airflow_venv/lib/python3.10/site-packages/airflow/example_dags/example_bash_decorator.py
[2025-06-09T11:59:01.349+0200] {logging_mixin.py:188} INFO - [2025-06-09T11:59:01.349+0200] {dag.py:3096} INFO - Sync 1 DAGs
[2025-06-09T11:59:01.363+0200] {logging_mixin.py:188} INFO - [2025-06-09T11:59:01.363+0200] {dag.py:3954} INFO - Setting next_dagrun for example_bash_decorator to None, run_after=None
[2025-06-09T11:59:01.411+0200] {processor.py:183} INFO - Processing /home/ccd/airflow_venv/lib/python3.10/site-packages/airflow/example_dags/example_bash_decorator.py took 0.135 seconds
[2025-06-09T12:00:17.399+0200] {processor.py:161} INFO - Started process (PID=20451) to work on /home/ccd/airflow_venv/lib/python3.10/site-packages/airflow/example_dags/example_bash_decorator.py
[2025-06-09T12:00:17.403+0200] {processor.py:830} INFO - Processing file /home/ccd/airflow_venv/lib/python3.10/site-packages/airflow/example_dags/example_bash_decorator.py for tasks to queue
[2025-06-09T12:00:17.404+0200] {logging_mixin.py:188} INFO - [2025-06-09T12:00:17.403+0200] {dagbag.py:540} INFO - Filling up the DagBag from /home/ccd/airflow_venv/lib/python3.10/site-packages/airflow/example_dags/example_bash_decorator.py
[2025-06-09T12:00:17.413+0200] {processor.py:840} INFO - DAG(s) 'example_bash_decorator' retrieved from /home/ccd/airflow_venv/lib/python3.10/site-packages/airflow/example_dags/example_bash_decorator.py
[2025-06-09T12:00:17.426+0200] {logging_mixin.py:188} INFO - [2025-06-09T12:00:17.426+0200] {dag.py:3096} INFO - Sync 1 DAGs
[2025-06-09T12:00:17.434+0200] {logging_mixin.py:188} INFO - [2025-06-09T12:00:17.434+0200] {dag.py:3954} INFO - Setting next_dagrun for example_bash_decorator to None, run_after=None
[2025-06-09T12:00:17.456+0200] {processor.py:183} INFO - Processing /home/ccd/airflow_venv/lib/python3.10/site-packages/airflow/example_dags/example_bash_decorator.py took 0.060 seconds
[2025-06-09T12:01:36.294+0200] {processor.py:161} INFO - Started process (PID=20979) to work on /home/ccd/airflow_venv/lib/python3.10/site-packages/airflow/example_dags/example_bash_decorator.py
[2025-06-09T12:01:36.295+0200] {processor.py:830} INFO - Processing file /home/ccd/airflow_venv/lib/python3.10/site-packages/airflow/example_dags/example_bash_decorator.py for tasks to queue
[2025-06-09T12:01:36.297+0200] {logging_mixin.py:188} INFO - [2025-06-09T12:01:36.297+0200] {dagbag.py:540} INFO - Filling up the DagBag from /home/ccd/airflow_venv/lib/python3.10/site-packages/airflow/example_dags/example_bash_decorator.py
[2025-06-09T12:01:36.339+0200] {processor.py:840} INFO - DAG(s) 'example_bash_decorator' retrieved from /home/ccd/airflow_venv/lib/python3.10/site-packages/airflow/example_dags/example_bash_decorator.py
[2025-06-09T12:01:36.363+0200] {logging_mixin.py:188} INFO - [2025-06-09T12:01:36.363+0200] {dag.py:3096} INFO - Sync 1 DAGs
[2025-06-09T12:01:36.378+0200] {logging_mixin.py:188} INFO - [2025-06-09T12:01:36.377+0200] {dag.py:3954} INFO - Setting next_dagrun for example_bash_decorator to None, run_after=None
[2025-06-09T12:01:36.411+0200] {processor.py:183} INFO - Processing /home/ccd/airflow_venv/lib/python3.10/site-packages/airflow/example_dags/example_bash_decorator.py took 0.124 seconds
[2025-06-09T12:02:57.302+0200] {processor.py:161} INFO - Started process (PID=21463) to work on /home/ccd/airflow_venv/lib/python3.10/site-packages/airflow/example_dags/example_bash_decorator.py
[2025-06-09T12:02:57.303+0200] {processor.py:830} INFO - Processing file /home/ccd/airflow_venv/lib/python3.10/site-packages/airflow/example_dags/example_bash_decorator.py for tasks to queue
[2025-06-09T12:02:57.304+0200] {logging_mixin.py:188} INFO - [2025-06-09T12:02:57.304+0200] {dagbag.py:540} INFO - Filling up the DagBag from /home/ccd/airflow_venv/lib/python3.10/site-packages/airflow/example_dags/example_bash_decorator.py
[2025-06-09T12:02:57.312+0200] {processor.py:840} INFO - DAG(s) 'example_bash_decorator' retrieved from /home/ccd/airflow_venv/lib/python3.10/site-packages/airflow/example_dags/example_bash_decorator.py
[2025-06-09T12:02:57.323+0200] {logging_mixin.py:188} INFO - [2025-06-09T12:02:57.323+0200] {dag.py:3096} INFO - Sync 1 DAGs
[2025-06-09T12:02:57.330+0200] {logging_mixin.py:188} INFO - [2025-06-09T12:02:57.330+0200] {dag.py:3954} INFO - Setting next_dagrun for example_bash_decorator to None, run_after=None
[2025-06-09T12:02:57.355+0200] {processor.py:183} INFO - Processing /home/ccd/airflow_venv/lib/python3.10/site-packages/airflow/example_dags/example_bash_decorator.py took 0.057 seconds
[2025-06-09T12:06:01.830+0200] {processor.py:161} INFO - Started process (PID=24525) to work on /home/ccd/airflow_venv/lib/python3.10/site-packages/airflow/example_dags/example_bash_decorator.py
[2025-06-09T12:06:01.841+0200] {processor.py:830} INFO - Processing file /home/ccd/airflow_venv/lib/python3.10/site-packages/airflow/example_dags/example_bash_decorator.py for tasks to queue
[2025-06-09T12:06:01.842+0200] {logging_mixin.py:188} INFO - [2025-06-09T12:06:01.842+0200] {dagbag.py:540} INFO - Filling up the DagBag from /home/ccd/airflow_venv/lib/python3.10/site-packages/airflow/example_dags/example_bash_decorator.py
[2025-06-09T12:06:01.852+0200] {processor.py:840} INFO - DAG(s) 'example_bash_decorator' retrieved from /home/ccd/airflow_venv/lib/python3.10/site-packages/airflow/example_dags/example_bash_decorator.py
[2025-06-09T12:06:01.865+0200] {logging_mixin.py:188} INFO - [2025-06-09T12:06:01.865+0200] {dag.py:3096} INFO - Sync 1 DAGs
[2025-06-09T12:06:01.874+0200] {logging_mixin.py:188} INFO - [2025-06-09T12:06:01.873+0200] {dag.py:3954} INFO - Setting next_dagrun for example_bash_decorator to None, run_after=None
[2025-06-09T12:06:01.897+0200] {processor.py:183} INFO - Processing /home/ccd/airflow_venv/lib/python3.10/site-packages/airflow/example_dags/example_bash_decorator.py took 0.070 seconds
[2025-06-09T12:07:05.694+0200] {processor.py:161} INFO - Started process (PID=25104) to work on /home/ccd/airflow_venv/lib/python3.10/site-packages/airflow/example_dags/example_bash_decorator.py
[2025-06-09T12:07:05.705+0200] {processor.py:830} INFO - Processing file /home/ccd/airflow_venv/lib/python3.10/site-packages/airflow/example_dags/example_bash_decorator.py for tasks to queue
[2025-06-09T12:07:05.707+0200] {logging_mixin.py:188} INFO - [2025-06-09T12:07:05.706+0200] {dagbag.py:540} INFO - Filling up the DagBag from /home/ccd/airflow_venv/lib/python3.10/site-packages/airflow/example_dags/example_bash_decorator.py
[2025-06-09T12:07:05.715+0200] {processor.py:840} INFO - DAG(s) 'example_bash_decorator' retrieved from /home/ccd/airflow_venv/lib/python3.10/site-packages/airflow/example_dags/example_bash_decorator.py
[2025-06-09T12:07:05.729+0200] {logging_mixin.py:188} INFO - [2025-06-09T12:07:05.729+0200] {dag.py:3096} INFO - Sync 1 DAGs
[2025-06-09T12:07:05.736+0200] {logging_mixin.py:188} INFO - [2025-06-09T12:07:05.735+0200] {dag.py:3954} INFO - Setting next_dagrun for example_bash_decorator to None, run_after=None
[2025-06-09T12:07:05.759+0200] {processor.py:183} INFO - Processing /home/ccd/airflow_venv/lib/python3.10/site-packages/airflow/example_dags/example_bash_decorator.py took 0.069 seconds
[2025-06-09T12:08:06.781+0200] {processor.py:161} INFO - Started process (PID=25467) to work on /home/ccd/airflow_venv/lib/python3.10/site-packages/airflow/example_dags/example_bash_decorator.py
[2025-06-09T12:08:06.792+0200] {processor.py:830} INFO - Processing file /home/ccd/airflow_venv/lib/python3.10/site-packages/airflow/example_dags/example_bash_decorator.py for tasks to queue
[2025-06-09T12:08:06.793+0200] {logging_mixin.py:188} INFO - [2025-06-09T12:08:06.793+0200] {dagbag.py:540} INFO - Filling up the DagBag from /home/ccd/airflow_venv/lib/python3.10/site-packages/airflow/example_dags/example_bash_decorator.py
[2025-06-09T12:08:06.801+0200] {processor.py:840} INFO - DAG(s) 'example_bash_decorator' retrieved from /home/ccd/airflow_venv/lib/python3.10/site-packages/airflow/example_dags/example_bash_decorator.py
[2025-06-09T12:08:06.813+0200] {logging_mixin.py:188} INFO - [2025-06-09T12:08:06.813+0200] {dag.py:3096} INFO - Sync 1 DAGs
[2025-06-09T12:08:06.820+0200] {logging_mixin.py:188} INFO - [2025-06-09T12:08:06.820+0200] {dag.py:3954} INFO - Setting next_dagrun for example_bash_decorator to None, run_after=None
[2025-06-09T12:08:06.848+0200] {processor.py:183} INFO - Processing /home/ccd/airflow_venv/lib/python3.10/site-packages/airflow/example_dags/example_bash_decorator.py took 0.071 seconds
[2025-06-09T12:09:29.365+0200] {processor.py:161} INFO - Started process (PID=26189) to work on /home/ccd/airflow_venv/lib/python3.10/site-packages/airflow/example_dags/example_bash_decorator.py
[2025-06-09T12:09:29.369+0200] {processor.py:830} INFO - Processing file /home/ccd/airflow_venv/lib/python3.10/site-packages/airflow/example_dags/example_bash_decorator.py for tasks to queue
[2025-06-09T12:09:29.370+0200] {logging_mixin.py:188} INFO - [2025-06-09T12:09:29.370+0200] {dagbag.py:540} INFO - Filling up the DagBag from /home/ccd/airflow_venv/lib/python3.10/site-packages/airflow/example_dags/example_bash_decorator.py
[2025-06-09T12:09:29.378+0200] {processor.py:840} INFO - DAG(s) 'example_bash_decorator' retrieved from /home/ccd/airflow_venv/lib/python3.10/site-packages/airflow/example_dags/example_bash_decorator.py
[2025-06-09T12:09:29.389+0200] {logging_mixin.py:188} INFO - [2025-06-09T12:09:29.389+0200] {dag.py:3096} INFO - Sync 1 DAGs
[2025-06-09T12:09:29.395+0200] {logging_mixin.py:188} INFO - [2025-06-09T12:09:29.395+0200] {dag.py:3954} INFO - Setting next_dagrun for example_bash_decorator to None, run_after=None
[2025-06-09T12:09:29.428+0200] {processor.py:183} INFO - Processing /home/ccd/airflow_venv/lib/python3.10/site-packages/airflow/example_dags/example_bash_decorator.py took 0.066 seconds
