[2025-06-09T17:30:12.517+0200] {processor.py:161} INFO - Started process (PID=106647) to work on /home/ccd/airflow_venv/lib/python3.10/site-packages/airflow/example_dags/example_external_task_marker_dag.py
[2025-06-09T17:30:12.517+0200] {processor.py:830} INFO - Processing file /home/ccd/airflow_venv/lib/python3.10/site-packages/airflow/example_dags/example_external_task_marker_dag.py for tasks to queue
[2025-06-09T17:30:12.518+0200] {logging_mixin.py:188} INFO - [2025-06-09T17:30:12.518+0200] {dagbag.py:540} INFO - Filling up the DagBag from /home/ccd/airflow_venv/lib/python3.10/site-packages/airflow/example_dags/example_external_task_marker_dag.py
[2025-06-09T17:30:12.522+0200] {processor.py:840} INFO - DAG(s) 'example_external_task_marker_child', 'example_external_task_marker_parent' retrieved from /home/ccd/airflow_venv/lib/python3.10/site-packages/airflow/example_dags/example_external_task_marker_dag.py
[2025-06-09T17:30:12.649+0200] {logging_mixin.py:188} INFO - [2025-06-09T17:30:12.648+0200] {dag.py:3096} INFO - Sync 2 DAGs
[2025-06-09T17:30:12.656+0200] {logging_mixin.py:188} INFO - [2025-06-09T17:30:12.656+0200] {dag.py:3954} INFO - Setting next_dagrun for example_external_task_marker_child to None, run_after=None
[2025-06-09T17:30:12.658+0200] {logging_mixin.py:188} INFO - [2025-06-09T17:30:12.658+0200] {dag.py:3954} INFO - Setting next_dagrun for example_external_task_marker_parent to None, run_after=None
[2025-06-09T17:30:12.680+0200] {processor.py:183} INFO - Processing /home/ccd/airflow_venv/lib/python3.10/site-packages/airflow/example_dags/example_external_task_marker_dag.py took 0.167 seconds
[2025-06-09T17:31:26.319+0200] {processor.py:161} INFO - Started process (PID=107129) to work on /home/ccd/airflow_venv/lib/python3.10/site-packages/airflow/example_dags/example_external_task_marker_dag.py
[2025-06-09T17:31:26.321+0200] {processor.py:830} INFO - Processing file /home/ccd/airflow_venv/lib/python3.10/site-packages/airflow/example_dags/example_external_task_marker_dag.py for tasks to queue
[2025-06-09T17:31:26.323+0200] {logging_mixin.py:188} INFO - [2025-06-09T17:31:26.323+0200] {dagbag.py:540} INFO - Filling up the DagBag from /home/ccd/airflow_venv/lib/python3.10/site-packages/airflow/example_dags/example_external_task_marker_dag.py
[2025-06-09T17:31:26.327+0200] {processor.py:840} INFO - DAG(s) 'example_external_task_marker_child', 'example_external_task_marker_parent' retrieved from /home/ccd/airflow_venv/lib/python3.10/site-packages/airflow/example_dags/example_external_task_marker_dag.py
[2025-06-09T17:31:26.338+0200] {logging_mixin.py:188} INFO - [2025-06-09T17:31:26.338+0200] {dag.py:3096} INFO - Sync 2 DAGs
[2025-06-09T17:31:26.345+0200] {logging_mixin.py:188} INFO - [2025-06-09T17:31:26.345+0200] {dag.py:3954} INFO - Setting next_dagrun for example_external_task_marker_child to None, run_after=None
[2025-06-09T17:31:26.347+0200] {logging_mixin.py:188} INFO - [2025-06-09T17:31:26.347+0200] {dag.py:3954} INFO - Setting next_dagrun for example_external_task_marker_parent to None, run_after=None
[2025-06-09T17:31:26.367+0200] {processor.py:183} INFO - Processing /home/ccd/airflow_venv/lib/python3.10/site-packages/airflow/example_dags/example_external_task_marker_dag.py took 0.052 seconds
[2025-06-09T17:32:23.548+0200] {processor.py:161} INFO - Started process (PID=107454) to work on /home/ccd/airflow_venv/lib/python3.10/site-packages/airflow/example_dags/example_external_task_marker_dag.py
[2025-06-09T17:32:23.550+0200] {processor.py:830} INFO - Processing file /home/ccd/airflow_venv/lib/python3.10/site-packages/airflow/example_dags/example_external_task_marker_dag.py for tasks to queue
[2025-06-09T17:32:23.551+0200] {logging_mixin.py:188} INFO - [2025-06-09T17:32:23.551+0200] {dagbag.py:540} INFO - Filling up the DagBag from /home/ccd/airflow_venv/lib/python3.10/site-packages/airflow/example_dags/example_external_task_marker_dag.py
[2025-06-09T17:32:23.556+0200] {processor.py:840} INFO - DAG(s) 'example_external_task_marker_parent', 'example_external_task_marker_child' retrieved from /home/ccd/airflow_venv/lib/python3.10/site-packages/airflow/example_dags/example_external_task_marker_dag.py
[2025-06-09T17:32:23.568+0200] {logging_mixin.py:188} INFO - [2025-06-09T17:32:23.567+0200] {dag.py:3096} INFO - Sync 2 DAGs
[2025-06-09T17:32:23.576+0200] {logging_mixin.py:188} INFO - [2025-06-09T17:32:23.575+0200] {dag.py:3954} INFO - Setting next_dagrun for example_external_task_marker_child to None, run_after=None
[2025-06-09T17:32:23.578+0200] {logging_mixin.py:188} INFO - [2025-06-09T17:32:23.577+0200] {dag.py:3954} INFO - Setting next_dagrun for example_external_task_marker_parent to None, run_after=None
[2025-06-09T17:32:23.601+0200] {processor.py:183} INFO - Processing /home/ccd/airflow_venv/lib/python3.10/site-packages/airflow/example_dags/example_external_task_marker_dag.py took 0.058 seconds
[2025-06-09T17:33:20.338+0200] {processor.py:161} INFO - Started process (PID=107770) to work on /home/ccd/airflow_venv/lib/python3.10/site-packages/airflow/example_dags/example_external_task_marker_dag.py
[2025-06-09T17:33:20.350+0200] {processor.py:830} INFO - Processing file /home/ccd/airflow_venv/lib/python3.10/site-packages/airflow/example_dags/example_external_task_marker_dag.py for tasks to queue
[2025-06-09T17:33:20.351+0200] {logging_mixin.py:188} INFO - [2025-06-09T17:33:20.351+0200] {dagbag.py:540} INFO - Filling up the DagBag from /home/ccd/airflow_venv/lib/python3.10/site-packages/airflow/example_dags/example_external_task_marker_dag.py
[2025-06-09T17:33:20.356+0200] {processor.py:840} INFO - DAG(s) 'example_external_task_marker_parent', 'example_external_task_marker_child' retrieved from /home/ccd/airflow_venv/lib/python3.10/site-packages/airflow/example_dags/example_external_task_marker_dag.py
[2025-06-09T17:33:20.367+0200] {logging_mixin.py:188} INFO - [2025-06-09T17:33:20.367+0200] {dag.py:3096} INFO - Sync 2 DAGs
[2025-06-09T17:33:20.374+0200] {logging_mixin.py:188} INFO - [2025-06-09T17:33:20.374+0200] {dag.py:3954} INFO - Setting next_dagrun for example_external_task_marker_child to None, run_after=None
[2025-06-09T17:33:20.376+0200] {logging_mixin.py:188} INFO - [2025-06-09T17:33:20.376+0200] {dag.py:3954} INFO - Setting next_dagrun for example_external_task_marker_parent to None, run_after=None
[2025-06-09T17:33:20.401+0200] {processor.py:183} INFO - Processing /home/ccd/airflow_venv/lib/python3.10/site-packages/airflow/example_dags/example_external_task_marker_dag.py took 0.066 seconds
[2025-06-09T17:34:13.507+0200] {processor.py:161} INFO - Started process (PID=108083) to work on /home/ccd/airflow_venv/lib/python3.10/site-packages/airflow/example_dags/example_external_task_marker_dag.py
[2025-06-09T17:34:13.508+0200] {processor.py:830} INFO - Processing file /home/ccd/airflow_venv/lib/python3.10/site-packages/airflow/example_dags/example_external_task_marker_dag.py for tasks to queue
[2025-06-09T17:34:13.509+0200] {logging_mixin.py:188} INFO - [2025-06-09T17:34:13.509+0200] {dagbag.py:540} INFO - Filling up the DagBag from /home/ccd/airflow_venv/lib/python3.10/site-packages/airflow/example_dags/example_external_task_marker_dag.py
[2025-06-09T17:34:13.513+0200] {processor.py:840} INFO - DAG(s) 'example_external_task_marker_parent', 'example_external_task_marker_child' retrieved from /home/ccd/airflow_venv/lib/python3.10/site-packages/airflow/example_dags/example_external_task_marker_dag.py
[2025-06-09T17:34:13.525+0200] {logging_mixin.py:188} INFO - [2025-06-09T17:34:13.525+0200] {dag.py:3096} INFO - Sync 2 DAGs
[2025-06-09T17:34:13.532+0200] {logging_mixin.py:188} INFO - [2025-06-09T17:34:13.532+0200] {dag.py:3954} INFO - Setting next_dagrun for example_external_task_marker_child to None, run_after=None
[2025-06-09T17:34:13.534+0200] {logging_mixin.py:188} INFO - [2025-06-09T17:34:13.534+0200] {dag.py:3954} INFO - Setting next_dagrun for example_external_task_marker_parent to None, run_after=None
[2025-06-09T17:34:13.555+0200] {processor.py:183} INFO - Processing /home/ccd/airflow_venv/lib/python3.10/site-packages/airflow/example_dags/example_external_task_marker_dag.py took 0.052 seconds
[2025-06-09T17:35:08.339+0200] {processor.py:161} INFO - Started process (PID=108389) to work on /home/ccd/airflow_venv/lib/python3.10/site-packages/airflow/example_dags/example_external_task_marker_dag.py
[2025-06-09T17:35:08.341+0200] {processor.py:830} INFO - Processing file /home/ccd/airflow_venv/lib/python3.10/site-packages/airflow/example_dags/example_external_task_marker_dag.py for tasks to queue
[2025-06-09T17:35:08.342+0200] {logging_mixin.py:188} INFO - [2025-06-09T17:35:08.342+0200] {dagbag.py:540} INFO - Filling up the DagBag from /home/ccd/airflow_venv/lib/python3.10/site-packages/airflow/example_dags/example_external_task_marker_dag.py
[2025-06-09T17:35:08.347+0200] {processor.py:840} INFO - DAG(s) 'example_external_task_marker_child', 'example_external_task_marker_parent' retrieved from /home/ccd/airflow_venv/lib/python3.10/site-packages/airflow/example_dags/example_external_task_marker_dag.py
[2025-06-09T17:35:08.359+0200] {logging_mixin.py:188} INFO - [2025-06-09T17:35:08.359+0200] {dag.py:3096} INFO - Sync 2 DAGs
[2025-06-09T17:35:08.366+0200] {logging_mixin.py:188} INFO - [2025-06-09T17:35:08.366+0200] {dag.py:3954} INFO - Setting next_dagrun for example_external_task_marker_child to None, run_after=None
[2025-06-09T17:35:08.368+0200] {logging_mixin.py:188} INFO - [2025-06-09T17:35:08.368+0200] {dag.py:3954} INFO - Setting next_dagrun for example_external_task_marker_parent to None, run_after=None
[2025-06-09T17:35:08.388+0200] {processor.py:183} INFO - Processing /home/ccd/airflow_venv/lib/python3.10/site-packages/airflow/example_dags/example_external_task_marker_dag.py took 0.054 seconds
[2025-06-09T17:36:03.523+0200] {processor.py:161} INFO - Started process (PID=108742) to work on /home/ccd/airflow_venv/lib/python3.10/site-packages/airflow/example_dags/example_external_task_marker_dag.py
[2025-06-09T17:36:03.526+0200] {processor.py:830} INFO - Processing file /home/ccd/airflow_venv/lib/python3.10/site-packages/airflow/example_dags/example_external_task_marker_dag.py for tasks to queue
[2025-06-09T17:36:03.528+0200] {logging_mixin.py:188} INFO - [2025-06-09T17:36:03.527+0200] {dagbag.py:540} INFO - Filling up the DagBag from /home/ccd/airflow_venv/lib/python3.10/site-packages/airflow/example_dags/example_external_task_marker_dag.py
[2025-06-09T17:36:03.537+0200] {processor.py:840} INFO - DAG(s) 'example_external_task_marker_parent', 'example_external_task_marker_child' retrieved from /home/ccd/airflow_venv/lib/python3.10/site-packages/airflow/example_dags/example_external_task_marker_dag.py
[2025-06-09T17:36:03.565+0200] {logging_mixin.py:188} INFO - [2025-06-09T17:36:03.565+0200] {dag.py:3096} INFO - Sync 2 DAGs
[2025-06-09T17:36:03.581+0200] {logging_mixin.py:188} INFO - [2025-06-09T17:36:03.581+0200] {dag.py:3954} INFO - Setting next_dagrun for example_external_task_marker_child to None, run_after=None
[2025-06-09T17:36:03.588+0200] {logging_mixin.py:188} INFO - [2025-06-09T17:36:03.587+0200] {dag.py:3954} INFO - Setting next_dagrun for example_external_task_marker_parent to None, run_after=None
[2025-06-09T17:36:03.628+0200] {processor.py:183} INFO - Processing /home/ccd/airflow_venv/lib/python3.10/site-packages/airflow/example_dags/example_external_task_marker_dag.py took 0.116 seconds
[2025-06-09T17:37:01.796+0200] {processor.py:161} INFO - Started process (PID=109058) to work on /home/ccd/airflow_venv/lib/python3.10/site-packages/airflow/example_dags/example_external_task_marker_dag.py
[2025-06-09T17:37:01.808+0200] {processor.py:830} INFO - Processing file /home/ccd/airflow_venv/lib/python3.10/site-packages/airflow/example_dags/example_external_task_marker_dag.py for tasks to queue
[2025-06-09T17:37:01.809+0200] {logging_mixin.py:188} INFO - [2025-06-09T17:37:01.809+0200] {dagbag.py:540} INFO - Filling up the DagBag from /home/ccd/airflow_venv/lib/python3.10/site-packages/airflow/example_dags/example_external_task_marker_dag.py
[2025-06-09T17:37:01.815+0200] {processor.py:840} INFO - DAG(s) 'example_external_task_marker_child', 'example_external_task_marker_parent' retrieved from /home/ccd/airflow_venv/lib/python3.10/site-packages/airflow/example_dags/example_external_task_marker_dag.py
[2025-06-09T17:37:01.835+0200] {logging_mixin.py:188} INFO - [2025-06-09T17:37:01.835+0200] {dag.py:3096} INFO - Sync 2 DAGs
[2025-06-09T17:37:01.845+0200] {logging_mixin.py:188} INFO - [2025-06-09T17:37:01.845+0200] {dag.py:3954} INFO - Setting next_dagrun for example_external_task_marker_child to None, run_after=None
[2025-06-09T17:37:01.848+0200] {logging_mixin.py:188} INFO - [2025-06-09T17:37:01.848+0200] {dag.py:3954} INFO - Setting next_dagrun for example_external_task_marker_parent to None, run_after=None
[2025-06-09T17:37:01.871+0200] {processor.py:183} INFO - Processing /home/ccd/airflow_venv/lib/python3.10/site-packages/airflow/example_dags/example_external_task_marker_dag.py took 0.086 seconds
[2025-06-09T17:38:23.672+0200] {processor.py:161} INFO - Started process (PID=109886) to work on /home/ccd/airflow_venv/lib/python3.10/site-packages/airflow/example_dags/example_external_task_marker_dag.py
[2025-06-09T17:38:23.685+0200] {processor.py:830} INFO - Processing file /home/ccd/airflow_venv/lib/python3.10/site-packages/airflow/example_dags/example_external_task_marker_dag.py for tasks to queue
[2025-06-09T17:38:23.691+0200] {logging_mixin.py:188} INFO - [2025-06-09T17:38:23.689+0200] {dagbag.py:540} INFO - Filling up the DagBag from /home/ccd/airflow_venv/lib/python3.10/site-packages/airflow/example_dags/example_external_task_marker_dag.py
[2025-06-09T17:38:23.740+0200] {processor.py:840} INFO - DAG(s) 'example_external_task_marker_parent', 'example_external_task_marker_child' retrieved from /home/ccd/airflow_venv/lib/python3.10/site-packages/airflow/example_dags/example_external_task_marker_dag.py
[2025-06-09T17:38:23.892+0200] {logging_mixin.py:188} INFO - [2025-06-09T17:38:23.892+0200] {dag.py:3096} INFO - Sync 2 DAGs
[2025-06-09T17:38:23.953+0200] {logging_mixin.py:188} INFO - [2025-06-09T17:38:23.952+0200] {dag.py:3954} INFO - Setting next_dagrun for example_external_task_marker_child to None, run_after=None
[2025-06-09T17:38:23.982+0200] {logging_mixin.py:188} INFO - [2025-06-09T17:38:23.981+0200] {dag.py:3954} INFO - Setting next_dagrun for example_external_task_marker_parent to None, run_after=None
[2025-06-09T17:38:24.103+0200] {processor.py:183} INFO - Processing /home/ccd/airflow_venv/lib/python3.10/site-packages/airflow/example_dags/example_external_task_marker_dag.py took 0.478 seconds
[2025-06-09T17:39:43.670+0200] {processor.py:161} INFO - Started process (PID=110617) to work on /home/ccd/airflow_venv/lib/python3.10/site-packages/airflow/example_dags/example_external_task_marker_dag.py
[2025-06-09T17:39:43.672+0200] {processor.py:830} INFO - Processing file /home/ccd/airflow_venv/lib/python3.10/site-packages/airflow/example_dags/example_external_task_marker_dag.py for tasks to queue
[2025-06-09T17:39:43.673+0200] {logging_mixin.py:188} INFO - [2025-06-09T17:39:43.673+0200] {dagbag.py:540} INFO - Filling up the DagBag from /home/ccd/airflow_venv/lib/python3.10/site-packages/airflow/example_dags/example_external_task_marker_dag.py
[2025-06-09T17:39:43.677+0200] {processor.py:840} INFO - DAG(s) 'example_external_task_marker_parent', 'example_external_task_marker_child' retrieved from /home/ccd/airflow_venv/lib/python3.10/site-packages/airflow/example_dags/example_external_task_marker_dag.py
[2025-06-09T17:39:43.689+0200] {logging_mixin.py:188} INFO - [2025-06-09T17:39:43.689+0200] {dag.py:3096} INFO - Sync 2 DAGs
[2025-06-09T17:39:43.696+0200] {logging_mixin.py:188} INFO - [2025-06-09T17:39:43.696+0200] {dag.py:3954} INFO - Setting next_dagrun for example_external_task_marker_child to None, run_after=None
[2025-06-09T17:39:43.698+0200] {logging_mixin.py:188} INFO - [2025-06-09T17:39:43.698+0200] {dag.py:3954} INFO - Setting next_dagrun for example_external_task_marker_parent to None, run_after=None
[2025-06-09T17:39:43.723+0200] {processor.py:183} INFO - Processing /home/ccd/airflow_venv/lib/python3.10/site-packages/airflow/example_dags/example_external_task_marker_dag.py took 0.057 seconds
[2025-06-09T17:40:55.699+0200] {processor.py:161} INFO - Started process (PID=111135) to work on /home/ccd/airflow_venv/lib/python3.10/site-packages/airflow/example_dags/example_external_task_marker_dag.py
[2025-06-09T17:40:55.700+0200] {processor.py:830} INFO - Processing file /home/ccd/airflow_venv/lib/python3.10/site-packages/airflow/example_dags/example_external_task_marker_dag.py for tasks to queue
[2025-06-09T17:40:55.702+0200] {logging_mixin.py:188} INFO - [2025-06-09T17:40:55.701+0200] {dagbag.py:540} INFO - Filling up the DagBag from /home/ccd/airflow_venv/lib/python3.10/site-packages/airflow/example_dags/example_external_task_marker_dag.py
[2025-06-09T17:40:55.707+0200] {processor.py:840} INFO - DAG(s) 'example_external_task_marker_child', 'example_external_task_marker_parent' retrieved from /home/ccd/airflow_venv/lib/python3.10/site-packages/airflow/example_dags/example_external_task_marker_dag.py
[2025-06-09T17:40:55.720+0200] {logging_mixin.py:188} INFO - [2025-06-09T17:40:55.720+0200] {dag.py:3096} INFO - Sync 2 DAGs
[2025-06-09T17:40:55.729+0200] {logging_mixin.py:188} INFO - [2025-06-09T17:40:55.729+0200] {dag.py:3954} INFO - Setting next_dagrun for example_external_task_marker_child to None, run_after=None
[2025-06-09T17:40:55.731+0200] {logging_mixin.py:188} INFO - [2025-06-09T17:40:55.731+0200] {dag.py:3954} INFO - Setting next_dagrun for example_external_task_marker_parent to None, run_after=None
[2025-06-09T17:40:55.752+0200] {processor.py:183} INFO - Processing /home/ccd/airflow_venv/lib/python3.10/site-packages/airflow/example_dags/example_external_task_marker_dag.py took 0.058 seconds
[2025-06-09T17:42:07.348+0200] {processor.py:161} INFO - Started process (PID=111585) to work on /home/ccd/airflow_venv/lib/python3.10/site-packages/airflow/example_dags/example_external_task_marker_dag.py
[2025-06-09T17:42:07.350+0200] {processor.py:830} INFO - Processing file /home/ccd/airflow_venv/lib/python3.10/site-packages/airflow/example_dags/example_external_task_marker_dag.py for tasks to queue
[2025-06-09T17:42:07.351+0200] {logging_mixin.py:188} INFO - [2025-06-09T17:42:07.351+0200] {dagbag.py:540} INFO - Filling up the DagBag from /home/ccd/airflow_venv/lib/python3.10/site-packages/airflow/example_dags/example_external_task_marker_dag.py
[2025-06-09T17:42:07.355+0200] {processor.py:840} INFO - DAG(s) 'example_external_task_marker_parent', 'example_external_task_marker_child' retrieved from /home/ccd/airflow_venv/lib/python3.10/site-packages/airflow/example_dags/example_external_task_marker_dag.py
[2025-06-09T17:42:07.367+0200] {logging_mixin.py:188} INFO - [2025-06-09T17:42:07.367+0200] {dag.py:3096} INFO - Sync 2 DAGs
[2025-06-09T17:42:07.374+0200] {logging_mixin.py:188} INFO - [2025-06-09T17:42:07.374+0200] {dag.py:3954} INFO - Setting next_dagrun for example_external_task_marker_child to None, run_after=None
[2025-06-09T17:42:07.376+0200] {logging_mixin.py:188} INFO - [2025-06-09T17:42:07.376+0200] {dag.py:3954} INFO - Setting next_dagrun for example_external_task_marker_parent to None, run_after=None
[2025-06-09T17:42:07.401+0200] {processor.py:183} INFO - Processing /home/ccd/airflow_venv/lib/python3.10/site-packages/airflow/example_dags/example_external_task_marker_dag.py took 0.058 seconds
[2025-06-09T17:44:05.387+0200] {processor.py:161} INFO - Started process (PID=112475) to work on /home/ccd/airflow_venv/lib/python3.10/site-packages/airflow/example_dags/example_external_task_marker_dag.py
[2025-06-09T17:44:05.393+0200] {processor.py:830} INFO - Processing file /home/ccd/airflow_venv/lib/python3.10/site-packages/airflow/example_dags/example_external_task_marker_dag.py for tasks to queue
[2025-06-09T17:44:05.394+0200] {logging_mixin.py:188} INFO - [2025-06-09T17:44:05.393+0200] {dagbag.py:540} INFO - Filling up the DagBag from /home/ccd/airflow_venv/lib/python3.10/site-packages/airflow/example_dags/example_external_task_marker_dag.py
[2025-06-09T17:44:05.398+0200] {processor.py:840} INFO - DAG(s) 'example_external_task_marker_parent', 'example_external_task_marker_child' retrieved from /home/ccd/airflow_venv/lib/python3.10/site-packages/airflow/example_dags/example_external_task_marker_dag.py
[2025-06-09T17:44:05.517+0200] {logging_mixin.py:188} INFO - [2025-06-09T17:44:05.517+0200] {dag.py:3096} INFO - Sync 2 DAGs
[2025-06-09T17:44:05.522+0200] {logging_mixin.py:188} INFO - [2025-06-09T17:44:05.522+0200] {dag.py:3954} INFO - Setting next_dagrun for example_external_task_marker_child to None, run_after=None
[2025-06-09T17:44:05.524+0200] {logging_mixin.py:188} INFO - [2025-06-09T17:44:05.524+0200] {dag.py:3954} INFO - Setting next_dagrun for example_external_task_marker_parent to None, run_after=None
[2025-06-09T17:44:05.551+0200] {processor.py:183} INFO - Processing /home/ccd/airflow_venv/lib/python3.10/site-packages/airflow/example_dags/example_external_task_marker_dag.py took 0.168 seconds
[2025-06-09T17:45:20.038+0200] {processor.py:161} INFO - Started process (PID=113056) to work on /home/ccd/airflow_venv/lib/python3.10/site-packages/airflow/example_dags/example_external_task_marker_dag.py
[2025-06-09T17:45:20.049+0200] {processor.py:830} INFO - Processing file /home/ccd/airflow_venv/lib/python3.10/site-packages/airflow/example_dags/example_external_task_marker_dag.py for tasks to queue
[2025-06-09T17:45:20.052+0200] {logging_mixin.py:188} INFO - [2025-06-09T17:45:20.050+0200] {dagbag.py:540} INFO - Filling up the DagBag from /home/ccd/airflow_venv/lib/python3.10/site-packages/airflow/example_dags/example_external_task_marker_dag.py
[2025-06-09T17:45:20.056+0200] {processor.py:840} INFO - DAG(s) 'example_external_task_marker_parent', 'example_external_task_marker_child' retrieved from /home/ccd/airflow_venv/lib/python3.10/site-packages/airflow/example_dags/example_external_task_marker_dag.py
[2025-06-09T17:45:20.069+0200] {logging_mixin.py:188} INFO - [2025-06-09T17:45:20.068+0200] {dag.py:3096} INFO - Sync 2 DAGs
[2025-06-09T17:45:20.075+0200] {logging_mixin.py:188} INFO - [2025-06-09T17:45:20.075+0200] {dag.py:3954} INFO - Setting next_dagrun for example_external_task_marker_child to None, run_after=None
[2025-06-09T17:45:20.078+0200] {logging_mixin.py:188} INFO - [2025-06-09T17:45:20.078+0200] {dag.py:3954} INFO - Setting next_dagrun for example_external_task_marker_parent to None, run_after=None
[2025-06-09T17:45:20.100+0200] {processor.py:183} INFO - Processing /home/ccd/airflow_venv/lib/python3.10/site-packages/airflow/example_dags/example_external_task_marker_dag.py took 0.066 seconds
[2025-06-09T17:46:25.708+0200] {processor.py:161} INFO - Started process (PID=113471) to work on /home/ccd/airflow_venv/lib/python3.10/site-packages/airflow/example_dags/example_external_task_marker_dag.py
[2025-06-09T17:46:25.719+0200] {processor.py:830} INFO - Processing file /home/ccd/airflow_venv/lib/python3.10/site-packages/airflow/example_dags/example_external_task_marker_dag.py for tasks to queue
[2025-06-09T17:46:25.720+0200] {logging_mixin.py:188} INFO - [2025-06-09T17:46:25.720+0200] {dagbag.py:540} INFO - Filling up the DagBag from /home/ccd/airflow_venv/lib/python3.10/site-packages/airflow/example_dags/example_external_task_marker_dag.py
[2025-06-09T17:46:25.724+0200] {processor.py:840} INFO - DAG(s) 'example_external_task_marker_child', 'example_external_task_marker_parent' retrieved from /home/ccd/airflow_venv/lib/python3.10/site-packages/airflow/example_dags/example_external_task_marker_dag.py
[2025-06-09T17:46:25.738+0200] {logging_mixin.py:188} INFO - [2025-06-09T17:46:25.738+0200] {dag.py:3096} INFO - Sync 2 DAGs
[2025-06-09T17:46:25.744+0200] {logging_mixin.py:188} INFO - [2025-06-09T17:46:25.744+0200] {dag.py:3954} INFO - Setting next_dagrun for example_external_task_marker_child to None, run_after=None
[2025-06-09T17:46:25.747+0200] {logging_mixin.py:188} INFO - [2025-06-09T17:46:25.747+0200] {dag.py:3954} INFO - Setting next_dagrun for example_external_task_marker_parent to None, run_after=None
[2025-06-09T17:46:25.775+0200] {processor.py:183} INFO - Processing /home/ccd/airflow_venv/lib/python3.10/site-packages/airflow/example_dags/example_external_task_marker_dag.py took 0.071 seconds
[2025-06-09T17:47:29.978+0200] {processor.py:161} INFO - Started process (PID=113855) to work on /home/ccd/airflow_venv/lib/python3.10/site-packages/airflow/example_dags/example_external_task_marker_dag.py
[2025-06-09T17:47:29.979+0200] {processor.py:830} INFO - Processing file /home/ccd/airflow_venv/lib/python3.10/site-packages/airflow/example_dags/example_external_task_marker_dag.py for tasks to queue
[2025-06-09T17:47:29.981+0200] {logging_mixin.py:188} INFO - [2025-06-09T17:47:29.981+0200] {dagbag.py:540} INFO - Filling up the DagBag from /home/ccd/airflow_venv/lib/python3.10/site-packages/airflow/example_dags/example_external_task_marker_dag.py
[2025-06-09T17:47:29.985+0200] {processor.py:840} INFO - DAG(s) 'example_external_task_marker_child', 'example_external_task_marker_parent' retrieved from /home/ccd/airflow_venv/lib/python3.10/site-packages/airflow/example_dags/example_external_task_marker_dag.py
[2025-06-09T17:47:29.997+0200] {logging_mixin.py:188} INFO - [2025-06-09T17:47:29.997+0200] {dag.py:3096} INFO - Sync 2 DAGs
[2025-06-09T17:47:30.005+0200] {logging_mixin.py:188} INFO - [2025-06-09T17:47:30.004+0200] {dag.py:3954} INFO - Setting next_dagrun for example_external_task_marker_child to None, run_after=None
[2025-06-09T17:47:30.007+0200] {logging_mixin.py:188} INFO - [2025-06-09T17:47:30.007+0200] {dag.py:3954} INFO - Setting next_dagrun for example_external_task_marker_parent to None, run_after=None
[2025-06-09T17:47:30.026+0200] {processor.py:183} INFO - Processing /home/ccd/airflow_venv/lib/python3.10/site-packages/airflow/example_dags/example_external_task_marker_dag.py took 0.051 seconds
[2025-06-09T17:50:46.690+0200] {processor.py:161} INFO - Started process (PID=117958) to work on /home/ccd/airflow_venv/lib/python3.10/site-packages/airflow/example_dags/example_external_task_marker_dag.py
[2025-06-09T17:50:46.703+0200] {processor.py:830} INFO - Processing file /home/ccd/airflow_venv/lib/python3.10/site-packages/airflow/example_dags/example_external_task_marker_dag.py for tasks to queue
[2025-06-09T17:50:46.707+0200] {logging_mixin.py:188} INFO - [2025-06-09T17:50:46.706+0200] {dagbag.py:540} INFO - Filling up the DagBag from /home/ccd/airflow_venv/lib/python3.10/site-packages/airflow/example_dags/example_external_task_marker_dag.py
[2025-06-09T17:50:46.719+0200] {processor.py:840} INFO - DAG(s) 'example_external_task_marker_child', 'example_external_task_marker_parent' retrieved from /home/ccd/airflow_venv/lib/python3.10/site-packages/airflow/example_dags/example_external_task_marker_dag.py
[2025-06-09T17:50:46.738+0200] {logging_mixin.py:188} INFO - [2025-06-09T17:50:46.738+0200] {dag.py:3096} INFO - Sync 2 DAGs
[2025-06-09T17:50:46.749+0200] {logging_mixin.py:188} INFO - [2025-06-09T17:50:46.749+0200] {dag.py:3954} INFO - Setting next_dagrun for example_external_task_marker_child to None, run_after=None
[2025-06-09T17:50:46.753+0200] {logging_mixin.py:188} INFO - [2025-06-09T17:50:46.752+0200] {dag.py:3954} INFO - Setting next_dagrun for example_external_task_marker_parent to None, run_after=None
[2025-06-09T17:50:46.779+0200] {processor.py:183} INFO - Processing /home/ccd/airflow_venv/lib/python3.10/site-packages/airflow/example_dags/example_external_task_marker_dag.py took 0.103 seconds
[2025-06-09T17:52:03.876+0200] {processor.py:161} INFO - Started process (PID=118617) to work on /home/ccd/airflow_venv/lib/python3.10/site-packages/airflow/example_dags/example_external_task_marker_dag.py
[2025-06-09T17:52:03.878+0200] {processor.py:830} INFO - Processing file /home/ccd/airflow_venv/lib/python3.10/site-packages/airflow/example_dags/example_external_task_marker_dag.py for tasks to queue
[2025-06-09T17:52:03.883+0200] {logging_mixin.py:188} INFO - [2025-06-09T17:52:03.882+0200] {dagbag.py:540} INFO - Filling up the DagBag from /home/ccd/airflow_venv/lib/python3.10/site-packages/airflow/example_dags/example_external_task_marker_dag.py
[2025-06-09T17:52:03.891+0200] {processor.py:840} INFO - DAG(s) 'example_external_task_marker_parent', 'example_external_task_marker_child' retrieved from /home/ccd/airflow_venv/lib/python3.10/site-packages/airflow/example_dags/example_external_task_marker_dag.py
[2025-06-09T17:52:03.922+0200] {logging_mixin.py:188} INFO - [2025-06-09T17:52:03.922+0200] {dag.py:3096} INFO - Sync 2 DAGs
[2025-06-09T17:52:03.941+0200] {logging_mixin.py:188} INFO - [2025-06-09T17:52:03.941+0200] {dag.py:3954} INFO - Setting next_dagrun for example_external_task_marker_child to None, run_after=None
[2025-06-09T17:52:03.947+0200] {logging_mixin.py:188} INFO - [2025-06-09T17:52:03.946+0200] {dag.py:3954} INFO - Setting next_dagrun for example_external_task_marker_parent to None, run_after=None
[2025-06-09T17:52:03.986+0200] {processor.py:183} INFO - Processing /home/ccd/airflow_venv/lib/python3.10/site-packages/airflow/example_dags/example_external_task_marker_dag.py took 0.116 seconds
[2025-06-09T17:53:02.383+0200] {processor.py:161} INFO - Started process (PID=118959) to work on /home/ccd/airflow_venv/lib/python3.10/site-packages/airflow/example_dags/example_external_task_marker_dag.py
[2025-06-09T17:53:02.384+0200] {processor.py:830} INFO - Processing file /home/ccd/airflow_venv/lib/python3.10/site-packages/airflow/example_dags/example_external_task_marker_dag.py for tasks to queue
[2025-06-09T17:53:02.385+0200] {logging_mixin.py:188} INFO - [2025-06-09T17:53:02.384+0200] {dagbag.py:540} INFO - Filling up the DagBag from /home/ccd/airflow_venv/lib/python3.10/site-packages/airflow/example_dags/example_external_task_marker_dag.py
[2025-06-09T17:53:02.390+0200] {processor.py:840} INFO - DAG(s) 'example_external_task_marker_child', 'example_external_task_marker_parent' retrieved from /home/ccd/airflow_venv/lib/python3.10/site-packages/airflow/example_dags/example_external_task_marker_dag.py
[2025-06-09T17:53:02.404+0200] {logging_mixin.py:188} INFO - [2025-06-09T17:53:02.404+0200] {dag.py:3096} INFO - Sync 2 DAGs
[2025-06-09T17:53:02.413+0200] {logging_mixin.py:188} INFO - [2025-06-09T17:53:02.413+0200] {dag.py:3954} INFO - Setting next_dagrun for example_external_task_marker_child to None, run_after=None
[2025-06-09T17:53:02.415+0200] {logging_mixin.py:188} INFO - [2025-06-09T17:53:02.415+0200] {dag.py:3954} INFO - Setting next_dagrun for example_external_task_marker_parent to None, run_after=None
[2025-06-09T17:53:02.444+0200] {processor.py:183} INFO - Processing /home/ccd/airflow_venv/lib/python3.10/site-packages/airflow/example_dags/example_external_task_marker_dag.py took 0.066 seconds
[2025-06-09T17:56:28.974+0200] {processor.py:161} INFO - Started process (PID=122551) to work on /home/ccd/airflow_venv/lib/python3.10/site-packages/airflow/example_dags/example_external_task_marker_dag.py
[2025-06-09T17:56:28.985+0200] {processor.py:830} INFO - Processing file /home/ccd/airflow_venv/lib/python3.10/site-packages/airflow/example_dags/example_external_task_marker_dag.py for tasks to queue
[2025-06-09T17:56:28.986+0200] {logging_mixin.py:188} INFO - [2025-06-09T17:56:28.986+0200] {dagbag.py:540} INFO - Filling up the DagBag from /home/ccd/airflow_venv/lib/python3.10/site-packages/airflow/example_dags/example_external_task_marker_dag.py
[2025-06-09T17:56:28.991+0200] {processor.py:840} INFO - DAG(s) 'example_external_task_marker_parent', 'example_external_task_marker_child' retrieved from /home/ccd/airflow_venv/lib/python3.10/site-packages/airflow/example_dags/example_external_task_marker_dag.py
[2025-06-09T17:56:29.005+0200] {logging_mixin.py:188} INFO - [2025-06-09T17:56:29.004+0200] {dag.py:3096} INFO - Sync 2 DAGs
[2025-06-09T17:56:29.013+0200] {logging_mixin.py:188} INFO - [2025-06-09T17:56:29.013+0200] {dag.py:3954} INFO - Setting next_dagrun for example_external_task_marker_child to None, run_after=None
[2025-06-09T17:56:29.015+0200] {logging_mixin.py:188} INFO - [2025-06-09T17:56:29.015+0200] {dag.py:3954} INFO - Setting next_dagrun for example_external_task_marker_parent to None, run_after=None
[2025-06-09T17:56:29.046+0200] {processor.py:183} INFO - Processing /home/ccd/airflow_venv/lib/python3.10/site-packages/airflow/example_dags/example_external_task_marker_dag.py took 0.077 seconds
[2025-06-09T17:57:28.784+0200] {processor.py:161} INFO - Started process (PID=122966) to work on /home/ccd/airflow_venv/lib/python3.10/site-packages/airflow/example_dags/example_external_task_marker_dag.py
[2025-06-09T17:57:28.794+0200] {processor.py:830} INFO - Processing file /home/ccd/airflow_venv/lib/python3.10/site-packages/airflow/example_dags/example_external_task_marker_dag.py for tasks to queue
[2025-06-09T17:57:28.796+0200] {logging_mixin.py:188} INFO - [2025-06-09T17:57:28.796+0200] {dagbag.py:540} INFO - Filling up the DagBag from /home/ccd/airflow_venv/lib/python3.10/site-packages/airflow/example_dags/example_external_task_marker_dag.py
[2025-06-09T17:57:28.804+0200] {processor.py:840} INFO - DAG(s) 'example_external_task_marker_parent', 'example_external_task_marker_child' retrieved from /home/ccd/airflow_venv/lib/python3.10/site-packages/airflow/example_dags/example_external_task_marker_dag.py
[2025-06-09T17:57:28.825+0200] {logging_mixin.py:188} INFO - [2025-06-09T17:57:28.825+0200] {dag.py:3096} INFO - Sync 2 DAGs
[2025-06-09T17:57:28.837+0200] {logging_mixin.py:188} INFO - [2025-06-09T17:57:28.837+0200] {dag.py:3954} INFO - Setting next_dagrun for example_external_task_marker_child to None, run_after=None
[2025-06-09T17:57:28.841+0200] {logging_mixin.py:188} INFO - [2025-06-09T17:57:28.841+0200] {dag.py:3954} INFO - Setting next_dagrun for example_external_task_marker_parent to None, run_after=None
[2025-06-09T17:57:28.867+0200] {processor.py:183} INFO - Processing /home/ccd/airflow_venv/lib/python3.10/site-packages/airflow/example_dags/example_external_task_marker_dag.py took 0.090 seconds
[2025-06-09T17:58:30.147+0200] {processor.py:161} INFO - Started process (PID=123370) to work on /home/ccd/airflow_venv/lib/python3.10/site-packages/airflow/example_dags/example_external_task_marker_dag.py
[2025-06-09T17:58:30.158+0200] {processor.py:830} INFO - Processing file /home/ccd/airflow_venv/lib/python3.10/site-packages/airflow/example_dags/example_external_task_marker_dag.py for tasks to queue
[2025-06-09T17:58:30.160+0200] {logging_mixin.py:188} INFO - [2025-06-09T17:58:30.160+0200] {dagbag.py:540} INFO - Filling up the DagBag from /home/ccd/airflow_venv/lib/python3.10/site-packages/airflow/example_dags/example_external_task_marker_dag.py
[2025-06-09T17:58:30.167+0200] {processor.py:840} INFO - DAG(s) 'example_external_task_marker_child', 'example_external_task_marker_parent' retrieved from /home/ccd/airflow_venv/lib/python3.10/site-packages/airflow/example_dags/example_external_task_marker_dag.py
[2025-06-09T17:58:30.192+0200] {logging_mixin.py:188} INFO - [2025-06-09T17:58:30.192+0200] {dag.py:3096} INFO - Sync 2 DAGs
[2025-06-09T17:58:30.207+0200] {logging_mixin.py:188} INFO - [2025-06-09T17:58:30.206+0200] {dag.py:3954} INFO - Setting next_dagrun for example_external_task_marker_child to None, run_after=None
[2025-06-09T17:58:30.214+0200] {logging_mixin.py:188} INFO - [2025-06-09T17:58:30.213+0200] {dag.py:3954} INFO - Setting next_dagrun for example_external_task_marker_parent to None, run_after=None
[2025-06-09T17:58:30.299+0200] {processor.py:183} INFO - Processing /home/ccd/airflow_venv/lib/python3.10/site-packages/airflow/example_dags/example_external_task_marker_dag.py took 0.157 seconds
[2025-06-09T18:02:02.722+0200] {processor.py:161} INFO - Started process (PID=126899) to work on /home/ccd/airflow_venv/lib/python3.10/site-packages/airflow/example_dags/example_external_task_marker_dag.py
[2025-06-09T18:02:02.732+0200] {processor.py:830} INFO - Processing file /home/ccd/airflow_venv/lib/python3.10/site-packages/airflow/example_dags/example_external_task_marker_dag.py for tasks to queue
[2025-06-09T18:02:02.734+0200] {logging_mixin.py:188} INFO - [2025-06-09T18:02:02.733+0200] {dagbag.py:540} INFO - Filling up the DagBag from /home/ccd/airflow_venv/lib/python3.10/site-packages/airflow/example_dags/example_external_task_marker_dag.py
[2025-06-09T18:02:02.738+0200] {processor.py:840} INFO - DAG(s) 'example_external_task_marker_parent', 'example_external_task_marker_child' retrieved from /home/ccd/airflow_venv/lib/python3.10/site-packages/airflow/example_dags/example_external_task_marker_dag.py
[2025-06-09T18:02:02.850+0200] {logging_mixin.py:188} INFO - [2025-06-09T18:02:02.850+0200] {dag.py:3096} INFO - Sync 2 DAGs
[2025-06-09T18:02:02.855+0200] {logging_mixin.py:188} INFO - [2025-06-09T18:02:02.855+0200] {dag.py:3954} INFO - Setting next_dagrun for example_external_task_marker_child to None, run_after=None
[2025-06-09T18:02:02.856+0200] {logging_mixin.py:188} INFO - [2025-06-09T18:02:02.856+0200] {dag.py:3954} INFO - Setting next_dagrun for example_external_task_marker_parent to None, run_after=None
[2025-06-09T18:02:02.877+0200] {processor.py:183} INFO - Processing /home/ccd/airflow_venv/lib/python3.10/site-packages/airflow/example_dags/example_external_task_marker_dag.py took 0.159 seconds
