[2025-06-09T17:30:16.818+0200] {processor.py:161} INFO - Started process (PID=106675) to work on /home/ccd/airflow_venv/lib/python3.10/site-packages/airflow/example_dags/example_branch_day_of_week_operator.py
[2025-06-09T17:30:16.819+0200] {processor.py:830} INFO - Processing file /home/ccd/airflow_venv/lib/python3.10/site-packages/airflow/example_dags/example_branch_day_of_week_operator.py for tasks to queue
[2025-06-09T17:30:16.821+0200] {logging_mixin.py:188} INFO - [2025-06-09T17:30:16.820+0200] {dagbag.py:540} INFO - Filling up the DagBag from /home/ccd/airflow_venv/lib/python3.10/site-packages/airflow/example_dags/example_branch_day_of_week_operator.py
[2025-06-09T17:30:16.829+0200] {processor.py:840} INFO - DAG(s) 'example_weekday_branch_operator' retrieved from /home/ccd/airflow_venv/lib/python3.10/site-packages/airflow/example_dags/example_branch_day_of_week_operator.py
[2025-06-09T17:30:17.026+0200] {logging_mixin.py:188} INFO - [2025-06-09T17:30:17.025+0200] {dag.py:3096} INFO - Sync 1 DAGs
[2025-06-09T17:30:17.068+0200] {logging_mixin.py:188} INFO - [2025-06-09T17:30:17.067+0200] {dag.py:3954} INFO - Setting next_dagrun for example_weekday_branch_operator to 2025-06-08 00:00:00+00:00, run_after=2025-06-09 00:00:00+00:00
[2025-06-09T17:30:17.232+0200] {processor.py:183} INFO - Processing /home/ccd/airflow_venv/lib/python3.10/site-packages/airflow/example_dags/example_branch_day_of_week_operator.py took 0.418 seconds
[2025-06-09T17:31:29.086+0200] {processor.py:161} INFO - Started process (PID=107132) to work on /home/ccd/airflow_venv/lib/python3.10/site-packages/airflow/example_dags/example_branch_day_of_week_operator.py
[2025-06-09T17:31:29.097+0200] {processor.py:830} INFO - Processing file /home/ccd/airflow_venv/lib/python3.10/site-packages/airflow/example_dags/example_branch_day_of_week_operator.py for tasks to queue
[2025-06-09T17:31:29.098+0200] {logging_mixin.py:188} INFO - [2025-06-09T17:31:29.098+0200] {dagbag.py:540} INFO - Filling up the DagBag from /home/ccd/airflow_venv/lib/python3.10/site-packages/airflow/example_dags/example_branch_day_of_week_operator.py
[2025-06-09T17:31:29.103+0200] {processor.py:840} INFO - DAG(s) 'example_weekday_branch_operator' retrieved from /home/ccd/airflow_venv/lib/python3.10/site-packages/airflow/example_dags/example_branch_day_of_week_operator.py
[2025-06-09T17:31:29.114+0200] {logging_mixin.py:188} INFO - [2025-06-09T17:31:29.114+0200] {dag.py:3096} INFO - Sync 1 DAGs
[2025-06-09T17:31:29.126+0200] {logging_mixin.py:188} INFO - [2025-06-09T17:31:29.126+0200] {dag.py:3954} INFO - Setting next_dagrun for example_weekday_branch_operator to 2025-06-08 00:00:00+00:00, run_after=2025-06-09 00:00:00+00:00
[2025-06-09T17:31:29.151+0200] {processor.py:183} INFO - Processing /home/ccd/airflow_venv/lib/python3.10/site-packages/airflow/example_dags/example_branch_day_of_week_operator.py took 0.068 seconds
[2025-06-09T17:32:25.960+0200] {processor.py:161} INFO - Started process (PID=107457) to work on /home/ccd/airflow_venv/lib/python3.10/site-packages/airflow/example_dags/example_branch_day_of_week_operator.py
[2025-06-09T17:32:25.971+0200] {processor.py:830} INFO - Processing file /home/ccd/airflow_venv/lib/python3.10/site-packages/airflow/example_dags/example_branch_day_of_week_operator.py for tasks to queue
[2025-06-09T17:32:25.972+0200] {logging_mixin.py:188} INFO - [2025-06-09T17:32:25.972+0200] {dagbag.py:540} INFO - Filling up the DagBag from /home/ccd/airflow_venv/lib/python3.10/site-packages/airflow/example_dags/example_branch_day_of_week_operator.py
[2025-06-09T17:32:25.978+0200] {processor.py:840} INFO - DAG(s) 'example_weekday_branch_operator' retrieved from /home/ccd/airflow_venv/lib/python3.10/site-packages/airflow/example_dags/example_branch_day_of_week_operator.py
[2025-06-09T17:32:25.988+0200] {logging_mixin.py:188} INFO - [2025-06-09T17:32:25.988+0200] {dag.py:3096} INFO - Sync 1 DAGs
[2025-06-09T17:32:26.000+0200] {logging_mixin.py:188} INFO - [2025-06-09T17:32:26.000+0200] {dag.py:3954} INFO - Setting next_dagrun for example_weekday_branch_operator to 2025-06-08 00:00:00+00:00, run_after=2025-06-09 00:00:00+00:00
[2025-06-09T17:32:26.026+0200] {processor.py:183} INFO - Processing /home/ccd/airflow_venv/lib/python3.10/site-packages/airflow/example_dags/example_branch_day_of_week_operator.py took 0.069 seconds
[2025-06-09T17:33:22.927+0200] {processor.py:161} INFO - Started process (PID=107790) to work on /home/ccd/airflow_venv/lib/python3.10/site-packages/airflow/example_dags/example_branch_day_of_week_operator.py
[2025-06-09T17:33:22.938+0200] {processor.py:830} INFO - Processing file /home/ccd/airflow_venv/lib/python3.10/site-packages/airflow/example_dags/example_branch_day_of_week_operator.py for tasks to queue
[2025-06-09T17:33:22.939+0200] {logging_mixin.py:188} INFO - [2025-06-09T17:33:22.939+0200] {dagbag.py:540} INFO - Filling up the DagBag from /home/ccd/airflow_venv/lib/python3.10/site-packages/airflow/example_dags/example_branch_day_of_week_operator.py
[2025-06-09T17:33:22.944+0200] {processor.py:840} INFO - DAG(s) 'example_weekday_branch_operator' retrieved from /home/ccd/airflow_venv/lib/python3.10/site-packages/airflow/example_dags/example_branch_day_of_week_operator.py
[2025-06-09T17:33:22.954+0200] {logging_mixin.py:188} INFO - [2025-06-09T17:33:22.954+0200] {dag.py:3096} INFO - Sync 1 DAGs
[2025-06-09T17:33:22.971+0200] {logging_mixin.py:188} INFO - [2025-06-09T17:33:22.970+0200] {dag.py:3954} INFO - Setting next_dagrun for example_weekday_branch_operator to 2025-06-08 00:00:00+00:00, run_after=2025-06-09 00:00:00+00:00
[2025-06-09T17:33:22.998+0200] {processor.py:183} INFO - Processing /home/ccd/airflow_venv/lib/python3.10/site-packages/airflow/example_dags/example_branch_day_of_week_operator.py took 0.076 seconds
[2025-06-09T17:34:16.365+0200] {processor.py:161} INFO - Started process (PID=108086) to work on /home/ccd/airflow_venv/lib/python3.10/site-packages/airflow/example_dags/example_branch_day_of_week_operator.py
[2025-06-09T17:34:16.376+0200] {processor.py:830} INFO - Processing file /home/ccd/airflow_venv/lib/python3.10/site-packages/airflow/example_dags/example_branch_day_of_week_operator.py for tasks to queue
[2025-06-09T17:34:16.378+0200] {logging_mixin.py:188} INFO - [2025-06-09T17:34:16.377+0200] {dagbag.py:540} INFO - Filling up the DagBag from /home/ccd/airflow_venv/lib/python3.10/site-packages/airflow/example_dags/example_branch_day_of_week_operator.py
[2025-06-09T17:34:16.383+0200] {processor.py:840} INFO - DAG(s) 'example_weekday_branch_operator' retrieved from /home/ccd/airflow_venv/lib/python3.10/site-packages/airflow/example_dags/example_branch_day_of_week_operator.py
[2025-06-09T17:34:16.393+0200] {logging_mixin.py:188} INFO - [2025-06-09T17:34:16.393+0200] {dag.py:3096} INFO - Sync 1 DAGs
[2025-06-09T17:34:16.405+0200] {logging_mixin.py:188} INFO - [2025-06-09T17:34:16.405+0200] {dag.py:3954} INFO - Setting next_dagrun for example_weekday_branch_operator to 2025-06-08 00:00:00+00:00, run_after=2025-06-09 00:00:00+00:00
[2025-06-09T17:34:16.425+0200] {processor.py:183} INFO - Processing /home/ccd/airflow_venv/lib/python3.10/site-packages/airflow/example_dags/example_branch_day_of_week_operator.py took 0.064 seconds
[2025-06-09T17:35:10.402+0200] {processor.py:161} INFO - Started process (PID=108393) to work on /home/ccd/airflow_venv/lib/python3.10/site-packages/airflow/example_dags/example_branch_day_of_week_operator.py
[2025-06-09T17:35:10.415+0200] {processor.py:830} INFO - Processing file /home/ccd/airflow_venv/lib/python3.10/site-packages/airflow/example_dags/example_branch_day_of_week_operator.py for tasks to queue
[2025-06-09T17:35:10.416+0200] {logging_mixin.py:188} INFO - [2025-06-09T17:35:10.416+0200] {dagbag.py:540} INFO - Filling up the DagBag from /home/ccd/airflow_venv/lib/python3.10/site-packages/airflow/example_dags/example_branch_day_of_week_operator.py
[2025-06-09T17:35:10.421+0200] {processor.py:840} INFO - DAG(s) 'example_weekday_branch_operator' retrieved from /home/ccd/airflow_venv/lib/python3.10/site-packages/airflow/example_dags/example_branch_day_of_week_operator.py
[2025-06-09T17:35:10.432+0200] {logging_mixin.py:188} INFO - [2025-06-09T17:35:10.431+0200] {dag.py:3096} INFO - Sync 1 DAGs
[2025-06-09T17:35:10.444+0200] {logging_mixin.py:188} INFO - [2025-06-09T17:35:10.444+0200] {dag.py:3954} INFO - Setting next_dagrun for example_weekday_branch_operator to 2025-06-08 00:00:00+00:00, run_after=2025-06-09 00:00:00+00:00
[2025-06-09T17:35:10.467+0200] {processor.py:183} INFO - Processing /home/ccd/airflow_venv/lib/python3.10/site-packages/airflow/example_dags/example_branch_day_of_week_operator.py took 0.069 seconds
[2025-06-09T17:36:06.439+0200] {processor.py:161} INFO - Started process (PID=108749) to work on /home/ccd/airflow_venv/lib/python3.10/site-packages/airflow/example_dags/example_branch_day_of_week_operator.py
[2025-06-09T17:36:06.441+0200] {processor.py:830} INFO - Processing file /home/ccd/airflow_venv/lib/python3.10/site-packages/airflow/example_dags/example_branch_day_of_week_operator.py for tasks to queue
[2025-06-09T17:36:06.442+0200] {logging_mixin.py:188} INFO - [2025-06-09T17:36:06.442+0200] {dagbag.py:540} INFO - Filling up the DagBag from /home/ccd/airflow_venv/lib/python3.10/site-packages/airflow/example_dags/example_branch_day_of_week_operator.py
[2025-06-09T17:36:06.453+0200] {processor.py:840} INFO - DAG(s) 'example_weekday_branch_operator' retrieved from /home/ccd/airflow_venv/lib/python3.10/site-packages/airflow/example_dags/example_branch_day_of_week_operator.py
[2025-06-09T17:36:06.469+0200] {logging_mixin.py:188} INFO - [2025-06-09T17:36:06.469+0200] {dag.py:3096} INFO - Sync 1 DAGs
[2025-06-09T17:36:06.490+0200] {logging_mixin.py:188} INFO - [2025-06-09T17:36:06.489+0200] {dag.py:3954} INFO - Setting next_dagrun for example_weekday_branch_operator to 2025-06-08 00:00:00+00:00, run_after=2025-06-09 00:00:00+00:00
[2025-06-09T17:36:06.518+0200] {processor.py:183} INFO - Processing /home/ccd/airflow_venv/lib/python3.10/site-packages/airflow/example_dags/example_branch_day_of_week_operator.py took 0.084 seconds
[2025-06-09T17:37:05.196+0200] {processor.py:161} INFO - Started process (PID=109086) to work on /home/ccd/airflow_venv/lib/python3.10/site-packages/airflow/example_dags/example_branch_day_of_week_operator.py
[2025-06-09T17:37:05.198+0200] {processor.py:830} INFO - Processing file /home/ccd/airflow_venv/lib/python3.10/site-packages/airflow/example_dags/example_branch_day_of_week_operator.py for tasks to queue
[2025-06-09T17:37:05.199+0200] {logging_mixin.py:188} INFO - [2025-06-09T17:37:05.199+0200] {dagbag.py:540} INFO - Filling up the DagBag from /home/ccd/airflow_venv/lib/python3.10/site-packages/airflow/example_dags/example_branch_day_of_week_operator.py
[2025-06-09T17:37:05.205+0200] {processor.py:840} INFO - DAG(s) 'example_weekday_branch_operator' retrieved from /home/ccd/airflow_venv/lib/python3.10/site-packages/airflow/example_dags/example_branch_day_of_week_operator.py
[2025-06-09T17:37:05.216+0200] {logging_mixin.py:188} INFO - [2025-06-09T17:37:05.216+0200] {dag.py:3096} INFO - Sync 1 DAGs
[2025-06-09T17:37:05.229+0200] {logging_mixin.py:188} INFO - [2025-06-09T17:37:05.228+0200] {dag.py:3954} INFO - Setting next_dagrun for example_weekday_branch_operator to 2025-06-08 00:00:00+00:00, run_after=2025-06-09 00:00:00+00:00
[2025-06-09T17:37:05.253+0200] {processor.py:183} INFO - Processing /home/ccd/airflow_venv/lib/python3.10/site-packages/airflow/example_dags/example_branch_day_of_week_operator.py took 0.061 seconds
[2025-06-09T17:38:27.246+0200] {processor.py:161} INFO - Started process (PID=109938) to work on /home/ccd/airflow_venv/lib/python3.10/site-packages/airflow/example_dags/example_branch_day_of_week_operator.py
[2025-06-09T17:38:27.257+0200] {processor.py:830} INFO - Processing file /home/ccd/airflow_venv/lib/python3.10/site-packages/airflow/example_dags/example_branch_day_of_week_operator.py for tasks to queue
[2025-06-09T17:38:27.258+0200] {logging_mixin.py:188} INFO - [2025-06-09T17:38:27.258+0200] {dagbag.py:540} INFO - Filling up the DagBag from /home/ccd/airflow_venv/lib/python3.10/site-packages/airflow/example_dags/example_branch_day_of_week_operator.py
[2025-06-09T17:38:27.264+0200] {processor.py:840} INFO - DAG(s) 'example_weekday_branch_operator' retrieved from /home/ccd/airflow_venv/lib/python3.10/site-packages/airflow/example_dags/example_branch_day_of_week_operator.py
[2025-06-09T17:38:27.275+0200] {logging_mixin.py:188} INFO - [2025-06-09T17:38:27.275+0200] {dag.py:3096} INFO - Sync 1 DAGs
[2025-06-09T17:38:27.288+0200] {logging_mixin.py:188} INFO - [2025-06-09T17:38:27.288+0200] {dag.py:3954} INFO - Setting next_dagrun for example_weekday_branch_operator to 2025-06-08 00:00:00+00:00, run_after=2025-06-09 00:00:00+00:00
[2025-06-09T17:38:27.311+0200] {processor.py:183} INFO - Processing /home/ccd/airflow_venv/lib/python3.10/site-packages/airflow/example_dags/example_branch_day_of_week_operator.py took 0.069 seconds
[2025-06-09T17:39:46.194+0200] {processor.py:161} INFO - Started process (PID=110620) to work on /home/ccd/airflow_venv/lib/python3.10/site-packages/airflow/example_dags/example_branch_day_of_week_operator.py
[2025-06-09T17:39:46.205+0200] {processor.py:830} INFO - Processing file /home/ccd/airflow_venv/lib/python3.10/site-packages/airflow/example_dags/example_branch_day_of_week_operator.py for tasks to queue
[2025-06-09T17:39:46.206+0200] {logging_mixin.py:188} INFO - [2025-06-09T17:39:46.206+0200] {dagbag.py:540} INFO - Filling up the DagBag from /home/ccd/airflow_venv/lib/python3.10/site-packages/airflow/example_dags/example_branch_day_of_week_operator.py
[2025-06-09T17:39:46.212+0200] {processor.py:840} INFO - DAG(s) 'example_weekday_branch_operator' retrieved from /home/ccd/airflow_venv/lib/python3.10/site-packages/airflow/example_dags/example_branch_day_of_week_operator.py
[2025-06-09T17:39:46.224+0200] {logging_mixin.py:188} INFO - [2025-06-09T17:39:46.224+0200] {dag.py:3096} INFO - Sync 1 DAGs
[2025-06-09T17:39:46.239+0200] {logging_mixin.py:188} INFO - [2025-06-09T17:39:46.239+0200] {dag.py:3954} INFO - Setting next_dagrun for example_weekday_branch_operator to 2025-06-08 00:00:00+00:00, run_after=2025-06-09 00:00:00+00:00
[2025-06-09T17:39:46.268+0200] {processor.py:183} INFO - Processing /home/ccd/airflow_venv/lib/python3.10/site-packages/airflow/example_dags/example_branch_day_of_week_operator.py took 0.079 seconds
[2025-06-09T17:40:59.264+0200] {processor.py:161} INFO - Started process (PID=111138) to work on /home/ccd/airflow_venv/lib/python3.10/site-packages/airflow/example_dags/example_branch_day_of_week_operator.py
[2025-06-09T17:40:59.267+0200] {processor.py:830} INFO - Processing file /home/ccd/airflow_venv/lib/python3.10/site-packages/airflow/example_dags/example_branch_day_of_week_operator.py for tasks to queue
[2025-06-09T17:40:59.269+0200] {logging_mixin.py:188} INFO - [2025-06-09T17:40:59.268+0200] {dagbag.py:540} INFO - Filling up the DagBag from /home/ccd/airflow_venv/lib/python3.10/site-packages/airflow/example_dags/example_branch_day_of_week_operator.py
[2025-06-09T17:40:59.277+0200] {processor.py:840} INFO - DAG(s) 'example_weekday_branch_operator' retrieved from /home/ccd/airflow_venv/lib/python3.10/site-packages/airflow/example_dags/example_branch_day_of_week_operator.py
[2025-06-09T17:40:59.292+0200] {logging_mixin.py:188} INFO - [2025-06-09T17:40:59.292+0200] {dag.py:3096} INFO - Sync 1 DAGs
[2025-06-09T17:40:59.311+0200] {logging_mixin.py:188} INFO - [2025-06-09T17:40:59.311+0200] {dag.py:3954} INFO - Setting next_dagrun for example_weekday_branch_operator to 2025-06-08 00:00:00+00:00, run_after=2025-06-09 00:00:00+00:00
[2025-06-09T17:40:59.337+0200] {processor.py:183} INFO - Processing /home/ccd/airflow_venv/lib/python3.10/site-packages/airflow/example_dags/example_branch_day_of_week_operator.py took 0.080 seconds
[2025-06-09T17:42:10.787+0200] {processor.py:161} INFO - Started process (PID=111589) to work on /home/ccd/airflow_venv/lib/python3.10/site-packages/airflow/example_dags/example_branch_day_of_week_operator.py
[2025-06-09T17:42:10.799+0200] {processor.py:830} INFO - Processing file /home/ccd/airflow_venv/lib/python3.10/site-packages/airflow/example_dags/example_branch_day_of_week_operator.py for tasks to queue
[2025-06-09T17:42:10.800+0200] {logging_mixin.py:188} INFO - [2025-06-09T17:42:10.800+0200] {dagbag.py:540} INFO - Filling up the DagBag from /home/ccd/airflow_venv/lib/python3.10/site-packages/airflow/example_dags/example_branch_day_of_week_operator.py
[2025-06-09T17:42:10.807+0200] {processor.py:840} INFO - DAG(s) 'example_weekday_branch_operator' retrieved from /home/ccd/airflow_venv/lib/python3.10/site-packages/airflow/example_dags/example_branch_day_of_week_operator.py
[2025-06-09T17:42:10.822+0200] {logging_mixin.py:188} INFO - [2025-06-09T17:42:10.822+0200] {dag.py:3096} INFO - Sync 1 DAGs
[2025-06-09T17:42:10.850+0200] {logging_mixin.py:188} INFO - [2025-06-09T17:42:10.850+0200] {dag.py:3954} INFO - Setting next_dagrun for example_weekday_branch_operator to 2025-06-08 00:00:00+00:00, run_after=2025-06-09 00:00:00+00:00
[2025-06-09T17:42:10.883+0200] {processor.py:183} INFO - Processing /home/ccd/airflow_venv/lib/python3.10/site-packages/airflow/example_dags/example_branch_day_of_week_operator.py took 0.100 seconds
[2025-06-09T17:44:09.233+0200] {processor.py:161} INFO - Started process (PID=112528) to work on /home/ccd/airflow_venv/lib/python3.10/site-packages/airflow/example_dags/example_branch_day_of_week_operator.py
[2025-06-09T17:44:09.431+0200] {processor.py:830} INFO - Processing file /home/ccd/airflow_venv/lib/python3.10/site-packages/airflow/example_dags/example_branch_day_of_week_operator.py for tasks to queue
[2025-06-09T17:44:09.435+0200] {logging_mixin.py:188} INFO - [2025-06-09T17:44:09.433+0200] {dagbag.py:540} INFO - Filling up the DagBag from /home/ccd/airflow_venv/lib/python3.10/site-packages/airflow/example_dags/example_branch_day_of_week_operator.py
[2025-06-09T17:44:09.475+0200] {processor.py:840} INFO - DAG(s) 'example_weekday_branch_operator' retrieved from /home/ccd/airflow_venv/lib/python3.10/site-packages/airflow/example_dags/example_branch_day_of_week_operator.py
[2025-06-09T17:44:09.846+0200] {logging_mixin.py:188} INFO - [2025-06-09T17:44:09.846+0200] {dag.py:3096} INFO - Sync 1 DAGs
[2025-06-09T17:44:09.879+0200] {logging_mixin.py:188} INFO - [2025-06-09T17:44:09.878+0200] {dag.py:3954} INFO - Setting next_dagrun for example_weekday_branch_operator to 2025-06-08 00:00:00+00:00, run_after=2025-06-09 00:00:00+00:00
[2025-06-09T17:44:09.934+0200] {processor.py:183} INFO - Processing /home/ccd/airflow_venv/lib/python3.10/site-packages/airflow/example_dags/example_branch_day_of_week_operator.py took 0.727 seconds
[2025-06-09T17:45:23.447+0200] {processor.py:161} INFO - Started process (PID=113078) to work on /home/ccd/airflow_venv/lib/python3.10/site-packages/airflow/example_dags/example_branch_day_of_week_operator.py
[2025-06-09T17:45:23.458+0200] {processor.py:830} INFO - Processing file /home/ccd/airflow_venv/lib/python3.10/site-packages/airflow/example_dags/example_branch_day_of_week_operator.py for tasks to queue
[2025-06-09T17:45:23.460+0200] {logging_mixin.py:188} INFO - [2025-06-09T17:45:23.460+0200] {dagbag.py:540} INFO - Filling up the DagBag from /home/ccd/airflow_venv/lib/python3.10/site-packages/airflow/example_dags/example_branch_day_of_week_operator.py
[2025-06-09T17:45:23.469+0200] {processor.py:840} INFO - DAG(s) 'example_weekday_branch_operator' retrieved from /home/ccd/airflow_venv/lib/python3.10/site-packages/airflow/example_dags/example_branch_day_of_week_operator.py
[2025-06-09T17:45:23.491+0200] {logging_mixin.py:188} INFO - [2025-06-09T17:45:23.491+0200] {dag.py:3096} INFO - Sync 1 DAGs
[2025-06-09T17:45:23.516+0200] {logging_mixin.py:188} INFO - [2025-06-09T17:45:23.516+0200] {dag.py:3954} INFO - Setting next_dagrun for example_weekday_branch_operator to 2025-06-08 00:00:00+00:00, run_after=2025-06-09 00:00:00+00:00
[2025-06-09T17:45:23.556+0200] {processor.py:183} INFO - Processing /home/ccd/airflow_venv/lib/python3.10/site-packages/airflow/example_dags/example_branch_day_of_week_operator.py took 0.117 seconds
[2025-06-09T17:46:28.494+0200] {processor.py:161} INFO - Started process (PID=113474) to work on /home/ccd/airflow_venv/lib/python3.10/site-packages/airflow/example_dags/example_branch_day_of_week_operator.py
[2025-06-09T17:46:28.495+0200] {processor.py:830} INFO - Processing file /home/ccd/airflow_venv/lib/python3.10/site-packages/airflow/example_dags/example_branch_day_of_week_operator.py for tasks to queue
[2025-06-09T17:46:28.497+0200] {logging_mixin.py:188} INFO - [2025-06-09T17:46:28.496+0200] {dagbag.py:540} INFO - Filling up the DagBag from /home/ccd/airflow_venv/lib/python3.10/site-packages/airflow/example_dags/example_branch_day_of_week_operator.py
[2025-06-09T17:46:28.502+0200] {processor.py:840} INFO - DAG(s) 'example_weekday_branch_operator' retrieved from /home/ccd/airflow_venv/lib/python3.10/site-packages/airflow/example_dags/example_branch_day_of_week_operator.py
[2025-06-09T17:46:28.513+0200] {logging_mixin.py:188} INFO - [2025-06-09T17:46:28.513+0200] {dag.py:3096} INFO - Sync 1 DAGs
[2025-06-09T17:46:28.526+0200] {logging_mixin.py:188} INFO - [2025-06-09T17:46:28.526+0200] {dag.py:3954} INFO - Setting next_dagrun for example_weekday_branch_operator to 2025-06-08 00:00:00+00:00, run_after=2025-06-09 00:00:00+00:00
[2025-06-09T17:46:28.557+0200] {processor.py:183} INFO - Processing /home/ccd/airflow_venv/lib/python3.10/site-packages/airflow/example_dags/example_branch_day_of_week_operator.py took 0.067 seconds
[2025-06-09T17:47:32.566+0200] {processor.py:161} INFO - Started process (PID=113887) to work on /home/ccd/airflow_venv/lib/python3.10/site-packages/airflow/example_dags/example_branch_day_of_week_operator.py
[2025-06-09T17:47:32.568+0200] {processor.py:830} INFO - Processing file /home/ccd/airflow_venv/lib/python3.10/site-packages/airflow/example_dags/example_branch_day_of_week_operator.py for tasks to queue
[2025-06-09T17:47:32.569+0200] {logging_mixin.py:188} INFO - [2025-06-09T17:47:32.569+0200] {dagbag.py:540} INFO - Filling up the DagBag from /home/ccd/airflow_venv/lib/python3.10/site-packages/airflow/example_dags/example_branch_day_of_week_operator.py
[2025-06-09T17:47:32.575+0200] {processor.py:840} INFO - DAG(s) 'example_weekday_branch_operator' retrieved from /home/ccd/airflow_venv/lib/python3.10/site-packages/airflow/example_dags/example_branch_day_of_week_operator.py
[2025-06-09T17:47:32.586+0200] {logging_mixin.py:188} INFO - [2025-06-09T17:47:32.586+0200] {dag.py:3096} INFO - Sync 1 DAGs
[2025-06-09T17:47:32.690+0200] {logging_mixin.py:188} INFO - [2025-06-09T17:47:32.690+0200] {dag.py:3954} INFO - Setting next_dagrun for example_weekday_branch_operator to 2025-06-08 00:00:00+00:00, run_after=2025-06-09 00:00:00+00:00
[2025-06-09T17:47:32.712+0200] {processor.py:183} INFO - Processing /home/ccd/airflow_venv/lib/python3.10/site-packages/airflow/example_dags/example_branch_day_of_week_operator.py took 0.150 seconds
[2025-06-09T17:50:49.323+0200] {processor.py:161} INFO - Started process (PID=117961) to work on /home/ccd/airflow_venv/lib/python3.10/site-packages/airflow/example_dags/example_branch_day_of_week_operator.py
[2025-06-09T17:50:49.334+0200] {processor.py:830} INFO - Processing file /home/ccd/airflow_venv/lib/python3.10/site-packages/airflow/example_dags/example_branch_day_of_week_operator.py for tasks to queue
[2025-06-09T17:50:49.335+0200] {logging_mixin.py:188} INFO - [2025-06-09T17:50:49.334+0200] {dagbag.py:540} INFO - Filling up the DagBag from /home/ccd/airflow_venv/lib/python3.10/site-packages/airflow/example_dags/example_branch_day_of_week_operator.py
[2025-06-09T17:50:49.340+0200] {processor.py:840} INFO - DAG(s) 'example_weekday_branch_operator' retrieved from /home/ccd/airflow_venv/lib/python3.10/site-packages/airflow/example_dags/example_branch_day_of_week_operator.py
[2025-06-09T17:50:49.350+0200] {logging_mixin.py:188} INFO - [2025-06-09T17:50:49.350+0200] {dag.py:3096} INFO - Sync 1 DAGs
[2025-06-09T17:50:49.364+0200] {logging_mixin.py:188} INFO - [2025-06-09T17:50:49.364+0200] {dag.py:3954} INFO - Setting next_dagrun for example_weekday_branch_operator to 2025-06-08 00:00:00+00:00, run_after=2025-06-09 00:00:00+00:00
[2025-06-09T17:50:49.386+0200] {processor.py:183} INFO - Processing /home/ccd/airflow_venv/lib/python3.10/site-packages/airflow/example_dags/example_branch_day_of_week_operator.py took 0.068 seconds
[2025-06-09T17:52:07.382+0200] {processor.py:161} INFO - Started process (PID=118620) to work on /home/ccd/airflow_venv/lib/python3.10/site-packages/airflow/example_dags/example_branch_day_of_week_operator.py
[2025-06-09T17:52:07.393+0200] {processor.py:830} INFO - Processing file /home/ccd/airflow_venv/lib/python3.10/site-packages/airflow/example_dags/example_branch_day_of_week_operator.py for tasks to queue
[2025-06-09T17:52:07.394+0200] {logging_mixin.py:188} INFO - [2025-06-09T17:52:07.394+0200] {dagbag.py:540} INFO - Filling up the DagBag from /home/ccd/airflow_venv/lib/python3.10/site-packages/airflow/example_dags/example_branch_day_of_week_operator.py
[2025-06-09T17:52:07.400+0200] {processor.py:840} INFO - DAG(s) 'example_weekday_branch_operator' retrieved from /home/ccd/airflow_venv/lib/python3.10/site-packages/airflow/example_dags/example_branch_day_of_week_operator.py
[2025-06-09T17:52:07.410+0200] {logging_mixin.py:188} INFO - [2025-06-09T17:52:07.410+0200] {dag.py:3096} INFO - Sync 1 DAGs
[2025-06-09T17:52:07.423+0200] {logging_mixin.py:188} INFO - [2025-06-09T17:52:07.423+0200] {dag.py:3954} INFO - Setting next_dagrun for example_weekday_branch_operator to 2025-06-08 00:00:00+00:00, run_after=2025-06-09 00:00:00+00:00
[2025-06-09T17:52:07.444+0200] {processor.py:183} INFO - Processing /home/ccd/airflow_venv/lib/python3.10/site-packages/airflow/example_dags/example_branch_day_of_week_operator.py took 0.066 seconds
[2025-06-09T17:53:17.184+0200] {processor.py:161} INFO - Started process (PID=119028) to work on /home/ccd/airflow_venv/lib/python3.10/site-packages/airflow/example_dags/example_branch_day_of_week_operator.py
[2025-06-09T17:53:17.184+0200] {processor.py:830} INFO - Processing file /home/ccd/airflow_venv/lib/python3.10/site-packages/airflow/example_dags/example_branch_day_of_week_operator.py for tasks to queue
[2025-06-09T17:53:17.186+0200] {logging_mixin.py:188} INFO - [2025-06-09T17:53:17.185+0200] {dagbag.py:540} INFO - Filling up the DagBag from /home/ccd/airflow_venv/lib/python3.10/site-packages/airflow/example_dags/example_branch_day_of_week_operator.py
[2025-06-09T17:53:17.191+0200] {processor.py:840} INFO - DAG(s) 'example_weekday_branch_operator' retrieved from /home/ccd/airflow_venv/lib/python3.10/site-packages/airflow/example_dags/example_branch_day_of_week_operator.py
[2025-06-09T17:53:17.204+0200] {logging_mixin.py:188} INFO - [2025-06-09T17:53:17.203+0200] {dag.py:3096} INFO - Sync 1 DAGs
[2025-06-09T17:53:17.216+0200] {logging_mixin.py:188} INFO - [2025-06-09T17:53:17.216+0200] {dag.py:3954} INFO - Setting next_dagrun for example_weekday_branch_operator to 2025-06-08 00:00:00+00:00, run_after=2025-06-09 00:00:00+00:00
[2025-06-09T17:53:17.237+0200] {processor.py:183} INFO - Processing /home/ccd/airflow_venv/lib/python3.10/site-packages/airflow/example_dags/example_branch_day_of_week_operator.py took 0.059 seconds
[2025-06-09T17:56:32.378+0200] {processor.py:161} INFO - Started process (PID=122554) to work on /home/ccd/airflow_venv/lib/python3.10/site-packages/airflow/example_dags/example_branch_day_of_week_operator.py
[2025-06-09T17:56:32.380+0200] {processor.py:830} INFO - Processing file /home/ccd/airflow_venv/lib/python3.10/site-packages/airflow/example_dags/example_branch_day_of_week_operator.py for tasks to queue
[2025-06-09T17:56:32.381+0200] {logging_mixin.py:188} INFO - [2025-06-09T17:56:32.381+0200] {dagbag.py:540} INFO - Filling up the DagBag from /home/ccd/airflow_venv/lib/python3.10/site-packages/airflow/example_dags/example_branch_day_of_week_operator.py
[2025-06-09T17:56:32.387+0200] {processor.py:840} INFO - DAG(s) 'example_weekday_branch_operator' retrieved from /home/ccd/airflow_venv/lib/python3.10/site-packages/airflow/example_dags/example_branch_day_of_week_operator.py
[2025-06-09T17:56:32.400+0200] {logging_mixin.py:188} INFO - [2025-06-09T17:56:32.400+0200] {dag.py:3096} INFO - Sync 1 DAGs
[2025-06-09T17:56:32.415+0200] {logging_mixin.py:188} INFO - [2025-06-09T17:56:32.415+0200] {dag.py:3954} INFO - Setting next_dagrun for example_weekday_branch_operator to 2025-06-08 00:00:00+00:00, run_after=2025-06-09 00:00:00+00:00
[2025-06-09T17:56:32.446+0200] {processor.py:183} INFO - Processing /home/ccd/airflow_venv/lib/python3.10/site-packages/airflow/example_dags/example_branch_day_of_week_operator.py took 0.072 seconds
[2025-06-09T17:57:32.316+0200] {processor.py:161} INFO - Started process (PID=122986) to work on /home/ccd/airflow_venv/lib/python3.10/site-packages/airflow/example_dags/example_branch_day_of_week_operator.py
[2025-06-09T17:57:32.318+0200] {processor.py:830} INFO - Processing file /home/ccd/airflow_venv/lib/python3.10/site-packages/airflow/example_dags/example_branch_day_of_week_operator.py for tasks to queue
[2025-06-09T17:57:32.322+0200] {logging_mixin.py:188} INFO - [2025-06-09T17:57:32.321+0200] {dagbag.py:540} INFO - Filling up the DagBag from /home/ccd/airflow_venv/lib/python3.10/site-packages/airflow/example_dags/example_branch_day_of_week_operator.py
[2025-06-09T17:57:32.333+0200] {processor.py:840} INFO - DAG(s) 'example_weekday_branch_operator' retrieved from /home/ccd/airflow_venv/lib/python3.10/site-packages/airflow/example_dags/example_branch_day_of_week_operator.py
[2025-06-09T17:57:32.353+0200] {logging_mixin.py:188} INFO - [2025-06-09T17:57:32.353+0200] {dag.py:3096} INFO - Sync 1 DAGs
[2025-06-09T17:57:32.408+0200] {logging_mixin.py:188} INFO - [2025-06-09T17:57:32.408+0200] {dag.py:3954} INFO - Setting next_dagrun for example_weekday_branch_operator to 2025-06-08 00:00:00+00:00, run_after=2025-06-09 00:00:00+00:00
[2025-06-09T17:57:32.460+0200] {processor.py:183} INFO - Processing /home/ccd/airflow_venv/lib/python3.10/site-packages/airflow/example_dags/example_branch_day_of_week_operator.py took 0.161 seconds
[2025-06-09T18:02:05.954+0200] {processor.py:161} INFO - Started process (PID=126902) to work on /home/ccd/airflow_venv/lib/python3.10/site-packages/airflow/example_dags/example_branch_day_of_week_operator.py
[2025-06-09T18:02:05.955+0200] {processor.py:830} INFO - Processing file /home/ccd/airflow_venv/lib/python3.10/site-packages/airflow/example_dags/example_branch_day_of_week_operator.py for tasks to queue
[2025-06-09T18:02:05.956+0200] {logging_mixin.py:188} INFO - [2025-06-09T18:02:05.956+0200] {dagbag.py:540} INFO - Filling up the DagBag from /home/ccd/airflow_venv/lib/python3.10/site-packages/airflow/example_dags/example_branch_day_of_week_operator.py
[2025-06-09T18:02:05.963+0200] {processor.py:840} INFO - DAG(s) 'example_weekday_branch_operator' retrieved from /home/ccd/airflow_venv/lib/python3.10/site-packages/airflow/example_dags/example_branch_day_of_week_operator.py
[2025-06-09T18:02:06.069+0200] {logging_mixin.py:188} INFO - [2025-06-09T18:02:06.069+0200] {dag.py:3096} INFO - Sync 1 DAGs
[2025-06-09T18:02:06.080+0200] {logging_mixin.py:188} INFO - [2025-06-09T18:02:06.079+0200] {dag.py:3954} INFO - Setting next_dagrun for example_weekday_branch_operator to 2025-06-08 00:00:00+00:00, run_after=2025-06-09 00:00:00+00:00
[2025-06-09T18:02:06.102+0200] {processor.py:183} INFO - Processing /home/ccd/airflow_venv/lib/python3.10/site-packages/airflow/example_dags/example_branch_day_of_week_operator.py took 0.152 seconds
