[2025-06-09T02:00:04.540+0200] {processor.py:161} INFO - Started process (PID=1328041) to work on /home/ccd/airflow_venv/lib/python3.10/site-packages/airflow/example_dags/example_setup_teardown_taskflow.py
[2025-06-09T02:00:04.541+0200] {processor.py:830} INFO - Processing file /home/ccd/airflow_venv/lib/python3.10/site-packages/airflow/example_dags/example_setup_teardown_taskflow.py for tasks to queue
[2025-06-09T02:00:04.542+0200] {logging_mixin.py:188} INFO - [2025-06-09T02:00:04.541+0200] {dagbag.py:540} INFO - Filling up the DagBag from /home/ccd/airflow_venv/lib/python3.10/site-packages/airflow/example_dags/example_setup_teardown_taskflow.py
[2025-06-09T02:00:04.554+0200] {processor.py:840} INFO - DAG(s) 'example_setup_teardown_taskflow' retrieved from /home/ccd/airflow_venv/lib/python3.10/site-packages/airflow/example_dags/example_setup_teardown_taskflow.py
[2025-06-09T02:00:04.574+0200] {logging_mixin.py:188} INFO - [2025-06-09T02:00:04.574+0200] {dag.py:3096} INFO - Sync 1 DAGs
[2025-06-09T02:00:04.594+0200] {logging_mixin.py:188} INFO - [2025-06-09T02:00:04.594+0200] {dag.py:3954} INFO - Setting next_dagrun for example_setup_teardown_taskflow to 2025-06-08 00:00:00+00:00, run_after=2025-06-09 00:00:00+00:00
[2025-06-09T02:00:04.626+0200] {processor.py:183} INFO - Processing /home/ccd/airflow_venv/lib/python3.10/site-packages/airflow/example_dags/example_setup_teardown_taskflow.py took 0.092 seconds
[2025-06-09T02:01:05.757+0200] {processor.py:161} INFO - Started process (PID=1328404) to work on /home/ccd/airflow_venv/lib/python3.10/site-packages/airflow/example_dags/example_setup_teardown_taskflow.py
[2025-06-09T02:01:05.769+0200] {processor.py:830} INFO - Processing file /home/ccd/airflow_venv/lib/python3.10/site-packages/airflow/example_dags/example_setup_teardown_taskflow.py for tasks to queue
[2025-06-09T02:01:05.770+0200] {logging_mixin.py:188} INFO - [2025-06-09T02:01:05.770+0200] {dagbag.py:540} INFO - Filling up the DagBag from /home/ccd/airflow_venv/lib/python3.10/site-packages/airflow/example_dags/example_setup_teardown_taskflow.py
[2025-06-09T02:01:05.778+0200] {processor.py:840} INFO - DAG(s) 'example_setup_teardown_taskflow' retrieved from /home/ccd/airflow_venv/lib/python3.10/site-packages/airflow/example_dags/example_setup_teardown_taskflow.py
[2025-06-09T02:01:05.792+0200] {logging_mixin.py:188} INFO - [2025-06-09T02:01:05.792+0200] {dag.py:3096} INFO - Sync 1 DAGs
[2025-06-09T02:01:05.806+0200] {logging_mixin.py:188} INFO - [2025-06-09T02:01:05.806+0200] {dag.py:3954} INFO - Setting next_dagrun for example_setup_teardown_taskflow to 2025-06-08 00:00:00+00:00, run_after=2025-06-09 00:00:00+00:00
[2025-06-09T02:01:05.830+0200] {processor.py:183} INFO - Processing /home/ccd/airflow_venv/lib/python3.10/site-packages/airflow/example_dags/example_setup_teardown_taskflow.py took 0.078 seconds
[2025-06-09T02:02:05.103+0200] {processor.py:161} INFO - Started process (PID=1328784) to work on /home/ccd/airflow_venv/lib/python3.10/site-packages/airflow/example_dags/example_setup_teardown_taskflow.py
[2025-06-09T02:02:05.114+0200] {processor.py:830} INFO - Processing file /home/ccd/airflow_venv/lib/python3.10/site-packages/airflow/example_dags/example_setup_teardown_taskflow.py for tasks to queue
[2025-06-09T02:02:05.115+0200] {logging_mixin.py:188} INFO - [2025-06-09T02:02:05.115+0200] {dagbag.py:540} INFO - Filling up the DagBag from /home/ccd/airflow_venv/lib/python3.10/site-packages/airflow/example_dags/example_setup_teardown_taskflow.py
[2025-06-09T02:02:05.122+0200] {processor.py:840} INFO - DAG(s) 'example_setup_teardown_taskflow' retrieved from /home/ccd/airflow_venv/lib/python3.10/site-packages/airflow/example_dags/example_setup_teardown_taskflow.py
[2025-06-09T02:02:05.137+0200] {logging_mixin.py:188} INFO - [2025-06-09T02:02:05.136+0200] {dag.py:3096} INFO - Sync 1 DAGs
[2025-06-09T02:02:05.150+0200] {logging_mixin.py:188} INFO - [2025-06-09T02:02:05.150+0200] {dag.py:3954} INFO - Setting next_dagrun for example_setup_teardown_taskflow to 2025-06-08 00:00:00+00:00, run_after=2025-06-09 00:00:00+00:00
[2025-06-09T02:02:05.172+0200] {processor.py:183} INFO - Processing /home/ccd/airflow_venv/lib/python3.10/site-packages/airflow/example_dags/example_setup_teardown_taskflow.py took 0.073 seconds
[2025-06-09T02:02:58.521+0200] {processor.py:161} INFO - Started process (PID=1329054) to work on /home/ccd/airflow_venv/lib/python3.10/site-packages/airflow/example_dags/example_setup_teardown_taskflow.py
[2025-06-09T02:02:58.523+0200] {processor.py:830} INFO - Processing file /home/ccd/airflow_venv/lib/python3.10/site-packages/airflow/example_dags/example_setup_teardown_taskflow.py for tasks to queue
[2025-06-09T02:02:58.524+0200] {logging_mixin.py:188} INFO - [2025-06-09T02:02:58.523+0200] {dagbag.py:540} INFO - Filling up the DagBag from /home/ccd/airflow_venv/lib/python3.10/site-packages/airflow/example_dags/example_setup_teardown_taskflow.py
[2025-06-09T02:02:58.531+0200] {processor.py:840} INFO - DAG(s) 'example_setup_teardown_taskflow' retrieved from /home/ccd/airflow_venv/lib/python3.10/site-packages/airflow/example_dags/example_setup_teardown_taskflow.py
[2025-06-09T02:02:58.545+0200] {logging_mixin.py:188} INFO - [2025-06-09T02:02:58.545+0200] {dag.py:3096} INFO - Sync 1 DAGs
[2025-06-09T02:02:58.558+0200] {logging_mixin.py:188} INFO - [2025-06-09T02:02:58.558+0200] {dag.py:3954} INFO - Setting next_dagrun for example_setup_teardown_taskflow to 2025-06-08 00:00:00+00:00, run_after=2025-06-09 00:00:00+00:00
[2025-06-09T02:02:58.581+0200] {processor.py:183} INFO - Processing /home/ccd/airflow_venv/lib/python3.10/site-packages/airflow/example_dags/example_setup_teardown_taskflow.py took 0.065 seconds
[2025-06-09T02:03:48.876+0200] {processor.py:161} INFO - Started process (PID=1329385) to work on /home/ccd/airflow_venv/lib/python3.10/site-packages/airflow/example_dags/example_setup_teardown_taskflow.py
[2025-06-09T02:03:48.877+0200] {processor.py:830} INFO - Processing file /home/ccd/airflow_venv/lib/python3.10/site-packages/airflow/example_dags/example_setup_teardown_taskflow.py for tasks to queue
[2025-06-09T02:03:48.878+0200] {logging_mixin.py:188} INFO - [2025-06-09T02:03:48.878+0200] {dagbag.py:540} INFO - Filling up the DagBag from /home/ccd/airflow_venv/lib/python3.10/site-packages/airflow/example_dags/example_setup_teardown_taskflow.py
[2025-06-09T02:03:48.885+0200] {processor.py:840} INFO - DAG(s) 'example_setup_teardown_taskflow' retrieved from /home/ccd/airflow_venv/lib/python3.10/site-packages/airflow/example_dags/example_setup_teardown_taskflow.py
[2025-06-09T02:03:48.897+0200] {logging_mixin.py:188} INFO - [2025-06-09T02:03:48.897+0200] {dag.py:3096} INFO - Sync 1 DAGs
[2025-06-09T02:03:48.909+0200] {logging_mixin.py:188} INFO - [2025-06-09T02:03:48.909+0200] {dag.py:3954} INFO - Setting next_dagrun for example_setup_teardown_taskflow to 2025-06-08 00:00:00+00:00, run_after=2025-06-09 00:00:00+00:00
[2025-06-09T02:03:48.932+0200] {processor.py:183} INFO - Processing /home/ccd/airflow_venv/lib/python3.10/site-packages/airflow/example_dags/example_setup_teardown_taskflow.py took 0.061 seconds
[2025-06-09T02:04:38.167+0200] {processor.py:161} INFO - Started process (PID=1329745) to work on /home/ccd/airflow_venv/lib/python3.10/site-packages/airflow/example_dags/example_setup_teardown_taskflow.py
[2025-06-09T02:04:38.169+0200] {processor.py:830} INFO - Processing file /home/ccd/airflow_venv/lib/python3.10/site-packages/airflow/example_dags/example_setup_teardown_taskflow.py for tasks to queue
[2025-06-09T02:04:38.169+0200] {logging_mixin.py:188} INFO - [2025-06-09T02:04:38.169+0200] {dagbag.py:540} INFO - Filling up the DagBag from /home/ccd/airflow_venv/lib/python3.10/site-packages/airflow/example_dags/example_setup_teardown_taskflow.py
[2025-06-09T02:04:38.178+0200] {processor.py:840} INFO - DAG(s) 'example_setup_teardown_taskflow' retrieved from /home/ccd/airflow_venv/lib/python3.10/site-packages/airflow/example_dags/example_setup_teardown_taskflow.py
[2025-06-09T02:04:38.192+0200] {logging_mixin.py:188} INFO - [2025-06-09T02:04:38.191+0200] {dag.py:3096} INFO - Sync 1 DAGs
[2025-06-09T02:04:38.204+0200] {logging_mixin.py:188} INFO - [2025-06-09T02:04:38.204+0200] {dag.py:3954} INFO - Setting next_dagrun for example_setup_teardown_taskflow to 2025-06-08 00:00:00+00:00, run_after=2025-06-09 00:00:00+00:00
[2025-06-09T02:04:38.228+0200] {processor.py:183} INFO - Processing /home/ccd/airflow_venv/lib/python3.10/site-packages/airflow/example_dags/example_setup_teardown_taskflow.py took 0.066 seconds
[2025-06-09T02:05:30.479+0200] {processor.py:161} INFO - Started process (PID=1330151) to work on /home/ccd/airflow_venv/lib/python3.10/site-packages/airflow/example_dags/example_setup_teardown_taskflow.py
[2025-06-09T02:05:30.482+0200] {processor.py:830} INFO - Processing file /home/ccd/airflow_venv/lib/python3.10/site-packages/airflow/example_dags/example_setup_teardown_taskflow.py for tasks to queue
[2025-06-09T02:05:30.482+0200] {logging_mixin.py:188} INFO - [2025-06-09T02:05:30.482+0200] {dagbag.py:540} INFO - Filling up the DagBag from /home/ccd/airflow_venv/lib/python3.10/site-packages/airflow/example_dags/example_setup_teardown_taskflow.py
[2025-06-09T02:05:30.489+0200] {processor.py:840} INFO - DAG(s) 'example_setup_teardown_taskflow' retrieved from /home/ccd/airflow_venv/lib/python3.10/site-packages/airflow/example_dags/example_setup_teardown_taskflow.py
[2025-06-09T02:05:30.502+0200] {logging_mixin.py:188} INFO - [2025-06-09T02:05:30.501+0200] {dag.py:3096} INFO - Sync 1 DAGs
[2025-06-09T02:05:30.516+0200] {logging_mixin.py:188} INFO - [2025-06-09T02:05:30.516+0200] {dag.py:3954} INFO - Setting next_dagrun for example_setup_teardown_taskflow to 2025-06-08 00:00:00+00:00, run_after=2025-06-09 00:00:00+00:00
[2025-06-09T02:05:30.539+0200] {processor.py:183} INFO - Processing /home/ccd/airflow_venv/lib/python3.10/site-packages/airflow/example_dags/example_setup_teardown_taskflow.py took 0.065 seconds
[2025-06-09T02:06:24.973+0200] {processor.py:161} INFO - Started process (PID=1330658) to work on /home/ccd/airflow_venv/lib/python3.10/site-packages/airflow/example_dags/example_setup_teardown_taskflow.py
[2025-06-09T02:06:24.975+0200] {processor.py:830} INFO - Processing file /home/ccd/airflow_venv/lib/python3.10/site-packages/airflow/example_dags/example_setup_teardown_taskflow.py for tasks to queue
[2025-06-09T02:06:24.975+0200] {logging_mixin.py:188} INFO - [2025-06-09T02:06:24.975+0200] {dagbag.py:540} INFO - Filling up the DagBag from /home/ccd/airflow_venv/lib/python3.10/site-packages/airflow/example_dags/example_setup_teardown_taskflow.py
[2025-06-09T02:06:24.982+0200] {processor.py:840} INFO - DAG(s) 'example_setup_teardown_taskflow' retrieved from /home/ccd/airflow_venv/lib/python3.10/site-packages/airflow/example_dags/example_setup_teardown_taskflow.py
[2025-06-09T02:06:24.993+0200] {logging_mixin.py:188} INFO - [2025-06-09T02:06:24.993+0200] {dag.py:3096} INFO - Sync 1 DAGs
[2025-06-09T02:06:25.004+0200] {logging_mixin.py:188} INFO - [2025-06-09T02:06:25.004+0200] {dag.py:3954} INFO - Setting next_dagrun for example_setup_teardown_taskflow to 2025-06-08 00:00:00+00:00, run_after=2025-06-09 00:00:00+00:00
[2025-06-09T02:06:25.085+0200] {processor.py:183} INFO - Processing /home/ccd/airflow_venv/lib/python3.10/site-packages/airflow/example_dags/example_setup_teardown_taskflow.py took 0.116 seconds
[2025-06-09T02:07:22.201+0200] {processor.py:161} INFO - Started process (PID=1331109) to work on /home/ccd/airflow_venv/lib/python3.10/site-packages/airflow/example_dags/example_setup_teardown_taskflow.py
[2025-06-09T02:07:22.202+0200] {processor.py:830} INFO - Processing file /home/ccd/airflow_venv/lib/python3.10/site-packages/airflow/example_dags/example_setup_teardown_taskflow.py for tasks to queue
[2025-06-09T02:07:22.204+0200] {logging_mixin.py:188} INFO - [2025-06-09T02:07:22.203+0200] {dagbag.py:540} INFO - Filling up the DagBag from /home/ccd/airflow_venv/lib/python3.10/site-packages/airflow/example_dags/example_setup_teardown_taskflow.py
[2025-06-09T02:07:22.226+0200] {processor.py:840} INFO - DAG(s) 'example_setup_teardown_taskflow' retrieved from /home/ccd/airflow_venv/lib/python3.10/site-packages/airflow/example_dags/example_setup_teardown_taskflow.py
[2025-06-09T02:07:22.253+0200] {logging_mixin.py:188} INFO - [2025-06-09T02:07:22.252+0200] {dag.py:3096} INFO - Sync 1 DAGs
[2025-06-09T02:07:22.289+0200] {logging_mixin.py:188} INFO - [2025-06-09T02:07:22.288+0200] {dag.py:3954} INFO - Setting next_dagrun for example_setup_teardown_taskflow to 2025-06-08 00:00:00+00:00, run_after=2025-06-09 00:00:00+00:00
[2025-06-09T02:07:22.338+0200] {processor.py:183} INFO - Processing /home/ccd/airflow_venv/lib/python3.10/site-packages/airflow/example_dags/example_setup_teardown_taskflow.py took 0.148 seconds
[2025-06-09T02:08:16.963+0200] {processor.py:161} INFO - Started process (PID=1331559) to work on /home/ccd/airflow_venv/lib/python3.10/site-packages/airflow/example_dags/example_setup_teardown_taskflow.py
[2025-06-09T02:08:16.965+0200] {processor.py:830} INFO - Processing file /home/ccd/airflow_venv/lib/python3.10/site-packages/airflow/example_dags/example_setup_teardown_taskflow.py for tasks to queue
[2025-06-09T02:08:16.967+0200] {logging_mixin.py:188} INFO - [2025-06-09T02:08:16.966+0200] {dagbag.py:540} INFO - Filling up the DagBag from /home/ccd/airflow_venv/lib/python3.10/site-packages/airflow/example_dags/example_setup_teardown_taskflow.py
[2025-06-09T02:08:16.983+0200] {processor.py:840} INFO - DAG(s) 'example_setup_teardown_taskflow' retrieved from /home/ccd/airflow_venv/lib/python3.10/site-packages/airflow/example_dags/example_setup_teardown_taskflow.py
[2025-06-09T02:08:17.025+0200] {logging_mixin.py:188} INFO - [2025-06-09T02:08:17.024+0200] {dag.py:3096} INFO - Sync 1 DAGs
[2025-06-09T02:08:17.068+0200] {logging_mixin.py:188} INFO - [2025-06-09T02:08:17.068+0200] {dag.py:3954} INFO - Setting next_dagrun for example_setup_teardown_taskflow to 2025-06-08 00:00:00+00:00, run_after=2025-06-09 00:00:00+00:00
[2025-06-09T02:08:17.141+0200] {processor.py:183} INFO - Processing /home/ccd/airflow_venv/lib/python3.10/site-packages/airflow/example_dags/example_setup_teardown_taskflow.py took 0.211 seconds
[2025-06-09T02:09:12.556+0200] {processor.py:161} INFO - Started process (PID=1332111) to work on /home/ccd/airflow_venv/lib/python3.10/site-packages/airflow/example_dags/example_setup_teardown_taskflow.py
[2025-06-09T02:09:12.558+0200] {processor.py:830} INFO - Processing file /home/ccd/airflow_venv/lib/python3.10/site-packages/airflow/example_dags/example_setup_teardown_taskflow.py for tasks to queue
[2025-06-09T02:09:12.559+0200] {logging_mixin.py:188} INFO - [2025-06-09T02:09:12.558+0200] {dagbag.py:540} INFO - Filling up the DagBag from /home/ccd/airflow_venv/lib/python3.10/site-packages/airflow/example_dags/example_setup_teardown_taskflow.py
[2025-06-09T02:09:12.565+0200] {processor.py:840} INFO - DAG(s) 'example_setup_teardown_taskflow' retrieved from /home/ccd/airflow_venv/lib/python3.10/site-packages/airflow/example_dags/example_setup_teardown_taskflow.py
[2025-06-09T02:09:12.576+0200] {logging_mixin.py:188} INFO - [2025-06-09T02:09:12.576+0200] {dag.py:3096} INFO - Sync 1 DAGs
[2025-06-09T02:09:12.587+0200] {logging_mixin.py:188} INFO - [2025-06-09T02:09:12.587+0200] {dag.py:3954} INFO - Setting next_dagrun for example_setup_teardown_taskflow to 2025-06-08 00:00:00+00:00, run_after=2025-06-09 00:00:00+00:00
[2025-06-09T02:09:12.609+0200] {processor.py:183} INFO - Processing /home/ccd/airflow_venv/lib/python3.10/site-packages/airflow/example_dags/example_setup_teardown_taskflow.py took 0.058 seconds
[2025-06-09T02:10:03.284+0200] {processor.py:161} INFO - Started process (PID=1332398) to work on /home/ccd/airflow_venv/lib/python3.10/site-packages/airflow/example_dags/example_setup_teardown_taskflow.py
[2025-06-09T02:10:03.288+0200] {processor.py:830} INFO - Processing file /home/ccd/airflow_venv/lib/python3.10/site-packages/airflow/example_dags/example_setup_teardown_taskflow.py for tasks to queue
[2025-06-09T02:10:03.289+0200] {logging_mixin.py:188} INFO - [2025-06-09T02:10:03.288+0200] {dagbag.py:540} INFO - Filling up the DagBag from /home/ccd/airflow_venv/lib/python3.10/site-packages/airflow/example_dags/example_setup_teardown_taskflow.py
[2025-06-09T02:10:03.294+0200] {processor.py:840} INFO - DAG(s) 'example_setup_teardown_taskflow' retrieved from /home/ccd/airflow_venv/lib/python3.10/site-packages/airflow/example_dags/example_setup_teardown_taskflow.py
[2025-06-09T02:10:03.307+0200] {logging_mixin.py:188} INFO - [2025-06-09T02:10:03.306+0200] {dag.py:3096} INFO - Sync 1 DAGs
[2025-06-09T02:10:03.317+0200] {logging_mixin.py:188} INFO - [2025-06-09T02:10:03.317+0200] {dag.py:3954} INFO - Setting next_dagrun for example_setup_teardown_taskflow to 2025-06-08 00:00:00+00:00, run_after=2025-06-09 00:00:00+00:00
[2025-06-09T02:10:03.339+0200] {processor.py:183} INFO - Processing /home/ccd/airflow_venv/lib/python3.10/site-packages/airflow/example_dags/example_setup_teardown_taskflow.py took 0.061 seconds
[2025-06-09T11:30:17.837+0200] {processor.py:161} INFO - Started process (PID=3678) to work on /home/ccd/airflow_venv/lib/python3.10/site-packages/airflow/example_dags/example_setup_teardown_taskflow.py
[2025-06-09T11:30:17.849+0200] {processor.py:830} INFO - Processing file /home/ccd/airflow_venv/lib/python3.10/site-packages/airflow/example_dags/example_setup_teardown_taskflow.py for tasks to queue
[2025-06-09T11:30:17.850+0200] {logging_mixin.py:188} INFO - [2025-06-09T11:30:17.850+0200] {dagbag.py:540} INFO - Filling up the DagBag from /home/ccd/airflow_venv/lib/python3.10/site-packages/airflow/example_dags/example_setup_teardown_taskflow.py
[2025-06-09T11:30:17.857+0200] {processor.py:840} INFO - DAG(s) 'example_setup_teardown_taskflow' retrieved from /home/ccd/airflow_venv/lib/python3.10/site-packages/airflow/example_dags/example_setup_teardown_taskflow.py
[2025-06-09T11:30:17.861+0200] {logging_mixin.py:188} INFO - [2025-06-09T11:30:17.861+0200] {dag.py:3096} INFO - Sync 1 DAGs
[2025-06-09T11:30:17.873+0200] {logging_mixin.py:188} INFO - [2025-06-09T11:30:17.873+0200] {dag.py:3954} INFO - Setting next_dagrun for example_setup_teardown_taskflow to 2025-06-08 00:00:00+00:00, run_after=2025-06-09 00:00:00+00:00
[2025-06-09T11:30:17.902+0200] {processor.py:183} INFO - Processing /home/ccd/airflow_venv/lib/python3.10/site-packages/airflow/example_dags/example_setup_teardown_taskflow.py took 0.068 seconds
[2025-06-09T11:31:17.927+0200] {processor.py:161} INFO - Started process (PID=4012) to work on /home/ccd/airflow_venv/lib/python3.10/site-packages/airflow/example_dags/example_setup_teardown_taskflow.py
[2025-06-09T11:31:17.929+0200] {processor.py:830} INFO - Processing file /home/ccd/airflow_venv/lib/python3.10/site-packages/airflow/example_dags/example_setup_teardown_taskflow.py for tasks to queue
[2025-06-09T11:31:17.931+0200] {logging_mixin.py:188} INFO - [2025-06-09T11:31:17.930+0200] {dagbag.py:540} INFO - Filling up the DagBag from /home/ccd/airflow_venv/lib/python3.10/site-packages/airflow/example_dags/example_setup_teardown_taskflow.py
[2025-06-09T11:31:17.984+0200] {processor.py:840} INFO - DAG(s) 'example_setup_teardown_taskflow' retrieved from /home/ccd/airflow_venv/lib/python3.10/site-packages/airflow/example_dags/example_setup_teardown_taskflow.py
[2025-06-09T11:31:18.026+0200] {logging_mixin.py:188} INFO - [2025-06-09T11:31:18.026+0200] {dag.py:3096} INFO - Sync 1 DAGs
[2025-06-09T11:31:18.034+0200] {logging_mixin.py:188} INFO - [2025-06-09T11:31:18.034+0200] {dag.py:3954} INFO - Setting next_dagrun for example_setup_teardown_taskflow to 2025-06-08 00:00:00+00:00, run_after=2025-06-09 00:00:00+00:00
[2025-06-09T11:31:18.055+0200] {processor.py:183} INFO - Processing /home/ccd/airflow_venv/lib/python3.10/site-packages/airflow/example_dags/example_setup_teardown_taskflow.py took 0.132 seconds
[2025-06-09T11:32:22.411+0200] {processor.py:161} INFO - Started process (PID=4566) to work on /home/ccd/airflow_venv/lib/python3.10/site-packages/airflow/example_dags/example_setup_teardown_taskflow.py
[2025-06-09T11:32:22.411+0200] {processor.py:830} INFO - Processing file /home/ccd/airflow_venv/lib/python3.10/site-packages/airflow/example_dags/example_setup_teardown_taskflow.py for tasks to queue
[2025-06-09T11:32:22.412+0200] {logging_mixin.py:188} INFO - [2025-06-09T11:32:22.412+0200] {dagbag.py:540} INFO - Filling up the DagBag from /home/ccd/airflow_venv/lib/python3.10/site-packages/airflow/example_dags/example_setup_teardown_taskflow.py
[2025-06-09T11:32:22.418+0200] {processor.py:840} INFO - DAG(s) 'example_setup_teardown_taskflow' retrieved from /home/ccd/airflow_venv/lib/python3.10/site-packages/airflow/example_dags/example_setup_teardown_taskflow.py
[2025-06-09T11:32:22.429+0200] {logging_mixin.py:188} INFO - [2025-06-09T11:32:22.429+0200] {dag.py:3096} INFO - Sync 1 DAGs
[2025-06-09T11:32:22.440+0200] {logging_mixin.py:188} INFO - [2025-06-09T11:32:22.440+0200] {dag.py:3954} INFO - Setting next_dagrun for example_setup_teardown_taskflow to 2025-06-08 00:00:00+00:00, run_after=2025-06-09 00:00:00+00:00
[2025-06-09T11:32:22.463+0200] {processor.py:183} INFO - Processing /home/ccd/airflow_venv/lib/python3.10/site-packages/airflow/example_dags/example_setup_teardown_taskflow.py took 0.056 seconds
[2025-06-09T11:33:26.045+0200] {processor.py:161} INFO - Started process (PID=5070) to work on /home/ccd/airflow_venv/lib/python3.10/site-packages/airflow/example_dags/example_setup_teardown_taskflow.py
[2025-06-09T11:33:26.046+0200] {processor.py:830} INFO - Processing file /home/ccd/airflow_venv/lib/python3.10/site-packages/airflow/example_dags/example_setup_teardown_taskflow.py for tasks to queue
[2025-06-09T11:33:26.048+0200] {logging_mixin.py:188} INFO - [2025-06-09T11:33:26.048+0200] {dagbag.py:540} INFO - Filling up the DagBag from /home/ccd/airflow_venv/lib/python3.10/site-packages/airflow/example_dags/example_setup_teardown_taskflow.py
[2025-06-09T11:33:26.055+0200] {processor.py:840} INFO - DAG(s) 'example_setup_teardown_taskflow' retrieved from /home/ccd/airflow_venv/lib/python3.10/site-packages/airflow/example_dags/example_setup_teardown_taskflow.py
[2025-06-09T11:33:26.067+0200] {logging_mixin.py:188} INFO - [2025-06-09T11:33:26.067+0200] {dag.py:3096} INFO - Sync 1 DAGs
[2025-06-09T11:33:26.086+0200] {logging_mixin.py:188} INFO - [2025-06-09T11:33:26.086+0200] {dag.py:3954} INFO - Setting next_dagrun for example_setup_teardown_taskflow to 2025-06-08 00:00:00+00:00, run_after=2025-06-09 00:00:00+00:00
[2025-06-09T11:33:26.107+0200] {processor.py:183} INFO - Processing /home/ccd/airflow_venv/lib/python3.10/site-packages/airflow/example_dags/example_setup_teardown_taskflow.py took 0.066 seconds
[2025-06-09T11:34:43.339+0200] {processor.py:161} INFO - Started process (PID=5643) to work on /home/ccd/airflow_venv/lib/python3.10/site-packages/airflow/example_dags/example_setup_teardown_taskflow.py
[2025-06-09T11:34:43.341+0200] {processor.py:830} INFO - Processing file /home/ccd/airflow_venv/lib/python3.10/site-packages/airflow/example_dags/example_setup_teardown_taskflow.py for tasks to queue
[2025-06-09T11:34:43.342+0200] {logging_mixin.py:188} INFO - [2025-06-09T11:34:43.342+0200] {dagbag.py:540} INFO - Filling up the DagBag from /home/ccd/airflow_venv/lib/python3.10/site-packages/airflow/example_dags/example_setup_teardown_taskflow.py
[2025-06-09T11:34:43.347+0200] {processor.py:840} INFO - DAG(s) 'example_setup_teardown_taskflow' retrieved from /home/ccd/airflow_venv/lib/python3.10/site-packages/airflow/example_dags/example_setup_teardown_taskflow.py
[2025-06-09T11:34:43.358+0200] {logging_mixin.py:188} INFO - [2025-06-09T11:34:43.358+0200] {dag.py:3096} INFO - Sync 1 DAGs
[2025-06-09T11:34:43.369+0200] {logging_mixin.py:188} INFO - [2025-06-09T11:34:43.369+0200] {dag.py:3954} INFO - Setting next_dagrun for example_setup_teardown_taskflow to 2025-06-08 00:00:00+00:00, run_after=2025-06-09 00:00:00+00:00
[2025-06-09T11:34:43.392+0200] {processor.py:183} INFO - Processing /home/ccd/airflow_venv/lib/python3.10/site-packages/airflow/example_dags/example_setup_teardown_taskflow.py took 0.057 seconds
[2025-06-09T11:35:39.352+0200] {processor.py:161} INFO - Started process (PID=5987) to work on /home/ccd/airflow_venv/lib/python3.10/site-packages/airflow/example_dags/example_setup_teardown_taskflow.py
[2025-06-09T11:35:39.354+0200] {processor.py:830} INFO - Processing file /home/ccd/airflow_venv/lib/python3.10/site-packages/airflow/example_dags/example_setup_teardown_taskflow.py for tasks to queue
[2025-06-09T11:35:39.355+0200] {logging_mixin.py:188} INFO - [2025-06-09T11:35:39.355+0200] {dagbag.py:540} INFO - Filling up the DagBag from /home/ccd/airflow_venv/lib/python3.10/site-packages/airflow/example_dags/example_setup_teardown_taskflow.py
[2025-06-09T11:35:39.360+0200] {processor.py:840} INFO - DAG(s) 'example_setup_teardown_taskflow' retrieved from /home/ccd/airflow_venv/lib/python3.10/site-packages/airflow/example_dags/example_setup_teardown_taskflow.py
[2025-06-09T11:35:39.370+0200] {logging_mixin.py:188} INFO - [2025-06-09T11:35:39.370+0200] {dag.py:3096} INFO - Sync 1 DAGs
[2025-06-09T11:35:39.381+0200] {logging_mixin.py:188} INFO - [2025-06-09T11:35:39.381+0200] {dag.py:3954} INFO - Setting next_dagrun for example_setup_teardown_taskflow to 2025-06-08 00:00:00+00:00, run_after=2025-06-09 00:00:00+00:00
[2025-06-09T11:35:39.402+0200] {processor.py:183} INFO - Processing /home/ccd/airflow_venv/lib/python3.10/site-packages/airflow/example_dags/example_setup_teardown_taskflow.py took 0.054 seconds
[2025-06-09T11:36:34.112+0200] {processor.py:161} INFO - Started process (PID=6323) to work on /home/ccd/airflow_venv/lib/python3.10/site-packages/airflow/example_dags/example_setup_teardown_taskflow.py
[2025-06-09T11:36:34.113+0200] {processor.py:830} INFO - Processing file /home/ccd/airflow_venv/lib/python3.10/site-packages/airflow/example_dags/example_setup_teardown_taskflow.py for tasks to queue
[2025-06-09T11:36:34.114+0200] {logging_mixin.py:188} INFO - [2025-06-09T11:36:34.114+0200] {dagbag.py:540} INFO - Filling up the DagBag from /home/ccd/airflow_venv/lib/python3.10/site-packages/airflow/example_dags/example_setup_teardown_taskflow.py
[2025-06-09T11:36:34.121+0200] {processor.py:840} INFO - DAG(s) 'example_setup_teardown_taskflow' retrieved from /home/ccd/airflow_venv/lib/python3.10/site-packages/airflow/example_dags/example_setup_teardown_taskflow.py
[2025-06-09T11:36:34.133+0200] {logging_mixin.py:188} INFO - [2025-06-09T11:36:34.133+0200] {dag.py:3096} INFO - Sync 1 DAGs
[2025-06-09T11:36:34.148+0200] {logging_mixin.py:188} INFO - [2025-06-09T11:36:34.148+0200] {dag.py:3954} INFO - Setting next_dagrun for example_setup_teardown_taskflow to 2025-06-08 00:00:00+00:00, run_after=2025-06-09 00:00:00+00:00
[2025-06-09T11:36:34.171+0200] {processor.py:183} INFO - Processing /home/ccd/airflow_venv/lib/python3.10/site-packages/airflow/example_dags/example_setup_teardown_taskflow.py took 0.063 seconds
[2025-06-09T11:37:58.119+0200] {processor.py:161} INFO - Started process (PID=9077) to work on /home/ccd/airflow_venv/lib/python3.10/site-packages/airflow/example_dags/example_setup_teardown_taskflow.py
[2025-06-09T11:37:58.129+0200] {processor.py:830} INFO - Processing file /home/ccd/airflow_venv/lib/python3.10/site-packages/airflow/example_dags/example_setup_teardown_taskflow.py for tasks to queue
[2025-06-09T11:37:58.131+0200] {logging_mixin.py:188} INFO - [2025-06-09T11:37:58.130+0200] {dagbag.py:540} INFO - Filling up the DagBag from /home/ccd/airflow_venv/lib/python3.10/site-packages/airflow/example_dags/example_setup_teardown_taskflow.py
[2025-06-09T11:37:58.137+0200] {processor.py:840} INFO - DAG(s) 'example_setup_teardown_taskflow' retrieved from /home/ccd/airflow_venv/lib/python3.10/site-packages/airflow/example_dags/example_setup_teardown_taskflow.py
[2025-06-09T11:37:58.150+0200] {logging_mixin.py:188} INFO - [2025-06-09T11:37:58.149+0200] {dag.py:3096} INFO - Sync 1 DAGs
[2025-06-09T11:37:58.163+0200] {logging_mixin.py:188} INFO - [2025-06-09T11:37:58.162+0200] {dag.py:3954} INFO - Setting next_dagrun for example_setup_teardown_taskflow to 2025-06-08 00:00:00+00:00, run_after=2025-06-09 00:00:00+00:00
[2025-06-09T11:37:58.186+0200] {processor.py:183} INFO - Processing /home/ccd/airflow_venv/lib/python3.10/site-packages/airflow/example_dags/example_setup_teardown_taskflow.py took 0.071 seconds
[2025-06-09T11:38:50.991+0200] {processor.py:161} INFO - Started process (PID=9380) to work on /home/ccd/airflow_venv/lib/python3.10/site-packages/airflow/example_dags/example_setup_teardown_taskflow.py
[2025-06-09T11:38:50.993+0200] {processor.py:830} INFO - Processing file /home/ccd/airflow_venv/lib/python3.10/site-packages/airflow/example_dags/example_setup_teardown_taskflow.py for tasks to queue
[2025-06-09T11:38:50.994+0200] {logging_mixin.py:188} INFO - [2025-06-09T11:38:50.994+0200] {dagbag.py:540} INFO - Filling up the DagBag from /home/ccd/airflow_venv/lib/python3.10/site-packages/airflow/example_dags/example_setup_teardown_taskflow.py
[2025-06-09T11:38:51.000+0200] {processor.py:840} INFO - DAG(s) 'example_setup_teardown_taskflow' retrieved from /home/ccd/airflow_venv/lib/python3.10/site-packages/airflow/example_dags/example_setup_teardown_taskflow.py
[2025-06-09T11:38:51.010+0200] {logging_mixin.py:188} INFO - [2025-06-09T11:38:51.010+0200] {dag.py:3096} INFO - Sync 1 DAGs
[2025-06-09T11:38:51.021+0200] {logging_mixin.py:188} INFO - [2025-06-09T11:38:51.021+0200] {dag.py:3954} INFO - Setting next_dagrun for example_setup_teardown_taskflow to 2025-06-08 00:00:00+00:00, run_after=2025-06-09 00:00:00+00:00
[2025-06-09T11:38:51.041+0200] {processor.py:183} INFO - Processing /home/ccd/airflow_venv/lib/python3.10/site-packages/airflow/example_dags/example_setup_teardown_taskflow.py took 0.054 seconds
[2025-06-09T11:39:48.305+0200] {processor.py:161} INFO - Started process (PID=9937) to work on /home/ccd/airflow_venv/lib/python3.10/site-packages/airflow/example_dags/example_setup_teardown_taskflow.py
[2025-06-09T11:39:48.308+0200] {processor.py:830} INFO - Processing file /home/ccd/airflow_venv/lib/python3.10/site-packages/airflow/example_dags/example_setup_teardown_taskflow.py for tasks to queue
[2025-06-09T11:39:48.309+0200] {logging_mixin.py:188} INFO - [2025-06-09T11:39:48.308+0200] {dagbag.py:540} INFO - Filling up the DagBag from /home/ccd/airflow_venv/lib/python3.10/site-packages/airflow/example_dags/example_setup_teardown_taskflow.py
[2025-06-09T11:39:48.314+0200] {processor.py:840} INFO - DAG(s) 'example_setup_teardown_taskflow' retrieved from /home/ccd/airflow_venv/lib/python3.10/site-packages/airflow/example_dags/example_setup_teardown_taskflow.py
[2025-06-09T11:39:48.324+0200] {logging_mixin.py:188} INFO - [2025-06-09T11:39:48.324+0200] {dag.py:3096} INFO - Sync 1 DAGs
[2025-06-09T11:39:48.334+0200] {logging_mixin.py:188} INFO - [2025-06-09T11:39:48.334+0200] {dag.py:3954} INFO - Setting next_dagrun for example_setup_teardown_taskflow to 2025-06-08 00:00:00+00:00, run_after=2025-06-09 00:00:00+00:00
[2025-06-09T11:39:48.354+0200] {processor.py:183} INFO - Processing /home/ccd/airflow_venv/lib/python3.10/site-packages/airflow/example_dags/example_setup_teardown_taskflow.py took 0.052 seconds
[2025-06-09T11:40:51.888+0200] {processor.py:161} INFO - Started process (PID=10568) to work on /home/ccd/airflow_venv/lib/python3.10/site-packages/airflow/example_dags/example_setup_teardown_taskflow.py
[2025-06-09T11:40:51.890+0200] {processor.py:830} INFO - Processing file /home/ccd/airflow_venv/lib/python3.10/site-packages/airflow/example_dags/example_setup_teardown_taskflow.py for tasks to queue
[2025-06-09T11:40:51.891+0200] {logging_mixin.py:188} INFO - [2025-06-09T11:40:51.891+0200] {dagbag.py:540} INFO - Filling up the DagBag from /home/ccd/airflow_venv/lib/python3.10/site-packages/airflow/example_dags/example_setup_teardown_taskflow.py
[2025-06-09T11:40:51.899+0200] {processor.py:840} INFO - DAG(s) 'example_setup_teardown_taskflow' retrieved from /home/ccd/airflow_venv/lib/python3.10/site-packages/airflow/example_dags/example_setup_teardown_taskflow.py
[2025-06-09T11:40:51.911+0200] {logging_mixin.py:188} INFO - [2025-06-09T11:40:51.911+0200] {dag.py:3096} INFO - Sync 1 DAGs
[2025-06-09T11:40:51.925+0200] {logging_mixin.py:188} INFO - [2025-06-09T11:40:51.925+0200] {dag.py:3954} INFO - Setting next_dagrun for example_setup_teardown_taskflow to 2025-06-08 00:00:00+00:00, run_after=2025-06-09 00:00:00+00:00
[2025-06-09T11:40:51.948+0200] {processor.py:183} INFO - Processing /home/ccd/airflow_venv/lib/python3.10/site-packages/airflow/example_dags/example_setup_teardown_taskflow.py took 0.064 seconds
[2025-06-09T11:42:02.850+0200] {processor.py:161} INFO - Started process (PID=11214) to work on /home/ccd/airflow_venv/lib/python3.10/site-packages/airflow/example_dags/example_setup_teardown_taskflow.py
[2025-06-09T11:42:02.851+0200] {processor.py:830} INFO - Processing file /home/ccd/airflow_venv/lib/python3.10/site-packages/airflow/example_dags/example_setup_teardown_taskflow.py for tasks to queue
[2025-06-09T11:42:02.852+0200] {logging_mixin.py:188} INFO - [2025-06-09T11:42:02.852+0200] {dagbag.py:540} INFO - Filling up the DagBag from /home/ccd/airflow_venv/lib/python3.10/site-packages/airflow/example_dags/example_setup_teardown_taskflow.py
[2025-06-09T11:42:02.860+0200] {processor.py:840} INFO - DAG(s) 'example_setup_teardown_taskflow' retrieved from /home/ccd/airflow_venv/lib/python3.10/site-packages/airflow/example_dags/example_setup_teardown_taskflow.py
[2025-06-09T11:42:02.871+0200] {logging_mixin.py:188} INFO - [2025-06-09T11:42:02.871+0200] {dag.py:3096} INFO - Sync 1 DAGs
[2025-06-09T11:42:02.883+0200] {logging_mixin.py:188} INFO - [2025-06-09T11:42:02.883+0200] {dag.py:3954} INFO - Setting next_dagrun for example_setup_teardown_taskflow to 2025-06-08 00:00:00+00:00, run_after=2025-06-09 00:00:00+00:00
[2025-06-09T11:42:02.903+0200] {processor.py:183} INFO - Processing /home/ccd/airflow_venv/lib/python3.10/site-packages/airflow/example_dags/example_setup_teardown_taskflow.py took 0.058 seconds
[2025-06-09T11:42:54.330+0200] {processor.py:161} INFO - Started process (PID=11508) to work on /home/ccd/airflow_venv/lib/python3.10/site-packages/airflow/example_dags/example_setup_teardown_taskflow.py
[2025-06-09T11:42:54.341+0200] {processor.py:830} INFO - Processing file /home/ccd/airflow_venv/lib/python3.10/site-packages/airflow/example_dags/example_setup_teardown_taskflow.py for tasks to queue
[2025-06-09T11:42:54.344+0200] {logging_mixin.py:188} INFO - [2025-06-09T11:42:54.343+0200] {dagbag.py:540} INFO - Filling up the DagBag from /home/ccd/airflow_venv/lib/python3.10/site-packages/airflow/example_dags/example_setup_teardown_taskflow.py
[2025-06-09T11:42:54.357+0200] {processor.py:840} INFO - DAG(s) 'example_setup_teardown_taskflow' retrieved from /home/ccd/airflow_venv/lib/python3.10/site-packages/airflow/example_dags/example_setup_teardown_taskflow.py
[2025-06-09T11:42:54.382+0200] {logging_mixin.py:188} INFO - [2025-06-09T11:42:54.381+0200] {dag.py:3096} INFO - Sync 1 DAGs
[2025-06-09T11:42:54.397+0200] {logging_mixin.py:188} INFO - [2025-06-09T11:42:54.397+0200] {dag.py:3954} INFO - Setting next_dagrun for example_setup_teardown_taskflow to 2025-06-08 00:00:00+00:00, run_after=2025-06-09 00:00:00+00:00
[2025-06-09T11:42:54.425+0200] {processor.py:183} INFO - Processing /home/ccd/airflow_venv/lib/python3.10/site-packages/airflow/example_dags/example_setup_teardown_taskflow.py took 0.100 seconds
[2025-06-09T11:43:55.353+0200] {processor.py:161} INFO - Started process (PID=11900) to work on /home/ccd/airflow_venv/lib/python3.10/site-packages/airflow/example_dags/example_setup_teardown_taskflow.py
[2025-06-09T11:43:55.365+0200] {processor.py:830} INFO - Processing file /home/ccd/airflow_venv/lib/python3.10/site-packages/airflow/example_dags/example_setup_teardown_taskflow.py for tasks to queue
[2025-06-09T11:43:55.368+0200] {logging_mixin.py:188} INFO - [2025-06-09T11:43:55.367+0200] {dagbag.py:540} INFO - Filling up the DagBag from /home/ccd/airflow_venv/lib/python3.10/site-packages/airflow/example_dags/example_setup_teardown_taskflow.py
[2025-06-09T11:43:55.384+0200] {processor.py:840} INFO - DAG(s) 'example_setup_teardown_taskflow' retrieved from /home/ccd/airflow_venv/lib/python3.10/site-packages/airflow/example_dags/example_setup_teardown_taskflow.py
[2025-06-09T11:43:55.409+0200] {logging_mixin.py:188} INFO - [2025-06-09T11:43:55.409+0200] {dag.py:3096} INFO - Sync 1 DAGs
[2025-06-09T11:43:55.453+0200] {logging_mixin.py:188} INFO - [2025-06-09T11:43:55.452+0200] {dag.py:3954} INFO - Setting next_dagrun for example_setup_teardown_taskflow to 2025-06-08 00:00:00+00:00, run_after=2025-06-09 00:00:00+00:00
[2025-06-09T11:43:55.502+0200] {processor.py:183} INFO - Processing /home/ccd/airflow_venv/lib/python3.10/site-packages/airflow/example_dags/example_setup_teardown_taskflow.py took 0.167 seconds
[2025-06-09T11:44:51.492+0200] {processor.py:161} INFO - Started process (PID=12205) to work on /home/ccd/airflow_venv/lib/python3.10/site-packages/airflow/example_dags/example_setup_teardown_taskflow.py
[2025-06-09T11:44:51.503+0200] {processor.py:830} INFO - Processing file /home/ccd/airflow_venv/lib/python3.10/site-packages/airflow/example_dags/example_setup_teardown_taskflow.py for tasks to queue
[2025-06-09T11:44:51.504+0200] {logging_mixin.py:188} INFO - [2025-06-09T11:44:51.504+0200] {dagbag.py:540} INFO - Filling up the DagBag from /home/ccd/airflow_venv/lib/python3.10/site-packages/airflow/example_dags/example_setup_teardown_taskflow.py
[2025-06-09T11:44:51.510+0200] {processor.py:840} INFO - DAG(s) 'example_setup_teardown_taskflow' retrieved from /home/ccd/airflow_venv/lib/python3.10/site-packages/airflow/example_dags/example_setup_teardown_taskflow.py
[2025-06-09T11:44:51.520+0200] {logging_mixin.py:188} INFO - [2025-06-09T11:44:51.520+0200] {dag.py:3096} INFO - Sync 1 DAGs
[2025-06-09T11:44:51.531+0200] {logging_mixin.py:188} INFO - [2025-06-09T11:44:51.530+0200] {dag.py:3954} INFO - Setting next_dagrun for example_setup_teardown_taskflow to 2025-06-08 00:00:00+00:00, run_after=2025-06-09 00:00:00+00:00
[2025-06-09T11:44:51.553+0200] {processor.py:183} INFO - Processing /home/ccd/airflow_venv/lib/python3.10/site-packages/airflow/example_dags/example_setup_teardown_taskflow.py took 0.065 seconds
[2025-06-09T11:45:43.889+0200] {processor.py:161} INFO - Started process (PID=12512) to work on /home/ccd/airflow_venv/lib/python3.10/site-packages/airflow/example_dags/example_setup_teardown_taskflow.py
[2025-06-09T11:45:43.891+0200] {processor.py:830} INFO - Processing file /home/ccd/airflow_venv/lib/python3.10/site-packages/airflow/example_dags/example_setup_teardown_taskflow.py for tasks to queue
[2025-06-09T11:45:43.892+0200] {logging_mixin.py:188} INFO - [2025-06-09T11:45:43.892+0200] {dagbag.py:540} INFO - Filling up the DagBag from /home/ccd/airflow_venv/lib/python3.10/site-packages/airflow/example_dags/example_setup_teardown_taskflow.py
[2025-06-09T11:45:43.900+0200] {processor.py:840} INFO - DAG(s) 'example_setup_teardown_taskflow' retrieved from /home/ccd/airflow_venv/lib/python3.10/site-packages/airflow/example_dags/example_setup_teardown_taskflow.py
[2025-06-09T11:45:43.932+0200] {logging_mixin.py:188} INFO - [2025-06-09T11:45:43.931+0200] {dag.py:3096} INFO - Sync 1 DAGs
[2025-06-09T11:45:43.943+0200] {logging_mixin.py:188} INFO - [2025-06-09T11:45:43.943+0200] {dag.py:3954} INFO - Setting next_dagrun for example_setup_teardown_taskflow to 2025-06-08 00:00:00+00:00, run_after=2025-06-09 00:00:00+00:00
[2025-06-09T11:45:43.963+0200] {processor.py:183} INFO - Processing /home/ccd/airflow_venv/lib/python3.10/site-packages/airflow/example_dags/example_setup_teardown_taskflow.py took 0.078 seconds
[2025-06-09T11:47:11.980+0200] {processor.py:161} INFO - Started process (PID=13941) to work on /home/ccd/airflow_venv/lib/python3.10/site-packages/airflow/example_dags/example_setup_teardown_taskflow.py
[2025-06-09T11:47:11.991+0200] {processor.py:830} INFO - Processing file /home/ccd/airflow_venv/lib/python3.10/site-packages/airflow/example_dags/example_setup_teardown_taskflow.py for tasks to queue
[2025-06-09T11:47:11.993+0200] {logging_mixin.py:188} INFO - [2025-06-09T11:47:11.993+0200] {dagbag.py:540} INFO - Filling up the DagBag from /home/ccd/airflow_venv/lib/python3.10/site-packages/airflow/example_dags/example_setup_teardown_taskflow.py
[2025-06-09T11:47:11.999+0200] {processor.py:840} INFO - DAG(s) 'example_setup_teardown_taskflow' retrieved from /home/ccd/airflow_venv/lib/python3.10/site-packages/airflow/example_dags/example_setup_teardown_taskflow.py
[2025-06-09T11:47:12.012+0200] {logging_mixin.py:188} INFO - [2025-06-09T11:47:12.012+0200] {dag.py:3096} INFO - Sync 1 DAGs
[2025-06-09T11:47:12.025+0200] {logging_mixin.py:188} INFO - [2025-06-09T11:47:12.025+0200] {dag.py:3954} INFO - Setting next_dagrun for example_setup_teardown_taskflow to 2025-06-08 00:00:00+00:00, run_after=2025-06-09 00:00:00+00:00
[2025-06-09T11:47:12.052+0200] {processor.py:183} INFO - Processing /home/ccd/airflow_venv/lib/python3.10/site-packages/airflow/example_dags/example_setup_teardown_taskflow.py took 0.076 seconds
[2025-06-09T11:48:09.767+0200] {processor.py:161} INFO - Started process (PID=14288) to work on /home/ccd/airflow_venv/lib/python3.10/site-packages/airflow/example_dags/example_setup_teardown_taskflow.py
[2025-06-09T11:48:09.779+0200] {processor.py:830} INFO - Processing file /home/ccd/airflow_venv/lib/python3.10/site-packages/airflow/example_dags/example_setup_teardown_taskflow.py for tasks to queue
[2025-06-09T11:48:09.780+0200] {logging_mixin.py:188} INFO - [2025-06-09T11:48:09.780+0200] {dagbag.py:540} INFO - Filling up the DagBag from /home/ccd/airflow_venv/lib/python3.10/site-packages/airflow/example_dags/example_setup_teardown_taskflow.py
[2025-06-09T11:48:09.788+0200] {processor.py:840} INFO - DAG(s) 'example_setup_teardown_taskflow' retrieved from /home/ccd/airflow_venv/lib/python3.10/site-packages/airflow/example_dags/example_setup_teardown_taskflow.py
[2025-06-09T11:48:09.798+0200] {logging_mixin.py:188} INFO - [2025-06-09T11:48:09.797+0200] {dag.py:3096} INFO - Sync 1 DAGs
[2025-06-09T11:48:09.809+0200] {logging_mixin.py:188} INFO - [2025-06-09T11:48:09.808+0200] {dag.py:3954} INFO - Setting next_dagrun for example_setup_teardown_taskflow to 2025-06-08 00:00:00+00:00, run_after=2025-06-09 00:00:00+00:00
[2025-06-09T11:48:09.833+0200] {processor.py:183} INFO - Processing /home/ccd/airflow_venv/lib/python3.10/site-packages/airflow/example_dags/example_setup_teardown_taskflow.py took 0.071 seconds
[2025-06-09T11:49:29.598+0200] {processor.py:161} INFO - Started process (PID=15921) to work on /home/ccd/airflow_venv/lib/python3.10/site-packages/airflow/example_dags/example_setup_teardown_taskflow.py
[2025-06-09T11:49:29.600+0200] {processor.py:830} INFO - Processing file /home/ccd/airflow_venv/lib/python3.10/site-packages/airflow/example_dags/example_setup_teardown_taskflow.py for tasks to queue
[2025-06-09T11:49:29.601+0200] {logging_mixin.py:188} INFO - [2025-06-09T11:49:29.601+0200] {dagbag.py:540} INFO - Filling up the DagBag from /home/ccd/airflow_venv/lib/python3.10/site-packages/airflow/example_dags/example_setup_teardown_taskflow.py
[2025-06-09T11:49:29.608+0200] {processor.py:840} INFO - DAG(s) 'example_setup_teardown_taskflow' retrieved from /home/ccd/airflow_venv/lib/python3.10/site-packages/airflow/example_dags/example_setup_teardown_taskflow.py
[2025-06-09T11:49:29.618+0200] {logging_mixin.py:188} INFO - [2025-06-09T11:49:29.618+0200] {dag.py:3096} INFO - Sync 1 DAGs
[2025-06-09T11:49:29.630+0200] {logging_mixin.py:188} INFO - [2025-06-09T11:49:29.630+0200] {dag.py:3954} INFO - Setting next_dagrun for example_setup_teardown_taskflow to 2025-06-08 00:00:00+00:00, run_after=2025-06-09 00:00:00+00:00
[2025-06-09T11:49:29.651+0200] {processor.py:183} INFO - Processing /home/ccd/airflow_venv/lib/python3.10/site-packages/airflow/example_dags/example_setup_teardown_taskflow.py took 0.057 seconds
[2025-06-09T11:50:20.426+0200] {processor.py:161} INFO - Started process (PID=16403) to work on /home/ccd/airflow_venv/lib/python3.10/site-packages/airflow/example_dags/example_setup_teardown_taskflow.py
[2025-06-09T11:50:20.429+0200] {processor.py:830} INFO - Processing file /home/ccd/airflow_venv/lib/python3.10/site-packages/airflow/example_dags/example_setup_teardown_taskflow.py for tasks to queue
[2025-06-09T11:50:20.430+0200] {logging_mixin.py:188} INFO - [2025-06-09T11:50:20.430+0200] {dagbag.py:540} INFO - Filling up the DagBag from /home/ccd/airflow_venv/lib/python3.10/site-packages/airflow/example_dags/example_setup_teardown_taskflow.py
[2025-06-09T11:50:20.436+0200] {processor.py:840} INFO - DAG(s) 'example_setup_teardown_taskflow' retrieved from /home/ccd/airflow_venv/lib/python3.10/site-packages/airflow/example_dags/example_setup_teardown_taskflow.py
[2025-06-09T11:50:20.448+0200] {logging_mixin.py:188} INFO - [2025-06-09T11:50:20.448+0200] {dag.py:3096} INFO - Sync 1 DAGs
[2025-06-09T11:50:20.460+0200] {logging_mixin.py:188} INFO - [2025-06-09T11:50:20.460+0200] {dag.py:3954} INFO - Setting next_dagrun for example_setup_teardown_taskflow to 2025-06-08 00:00:00+00:00, run_after=2025-06-09 00:00:00+00:00
[2025-06-09T11:50:20.480+0200] {processor.py:183} INFO - Processing /home/ccd/airflow_venv/lib/python3.10/site-packages/airflow/example_dags/example_setup_teardown_taskflow.py took 0.058 seconds
[2025-06-09T11:51:30.649+0200] {processor.py:161} INFO - Started process (PID=17318) to work on /home/ccd/airflow_venv/lib/python3.10/site-packages/airflow/example_dags/example_setup_teardown_taskflow.py
[2025-06-09T11:51:30.659+0200] {processor.py:830} INFO - Processing file /home/ccd/airflow_venv/lib/python3.10/site-packages/airflow/example_dags/example_setup_teardown_taskflow.py for tasks to queue
[2025-06-09T11:51:30.660+0200] {logging_mixin.py:188} INFO - [2025-06-09T11:51:30.660+0200] {dagbag.py:540} INFO - Filling up the DagBag from /home/ccd/airflow_venv/lib/python3.10/site-packages/airflow/example_dags/example_setup_teardown_taskflow.py
[2025-06-09T11:51:30.666+0200] {processor.py:840} INFO - DAG(s) 'example_setup_teardown_taskflow' retrieved from /home/ccd/airflow_venv/lib/python3.10/site-packages/airflow/example_dags/example_setup_teardown_taskflow.py
[2025-06-09T11:51:30.689+0200] {logging_mixin.py:188} INFO - [2025-06-09T11:51:30.685+0200] {dag.py:3096} INFO - Sync 1 DAGs
[2025-06-09T11:51:30.715+0200] {logging_mixin.py:188} INFO - [2025-06-09T11:51:30.715+0200] {dag.py:3954} INFO - Setting next_dagrun for example_setup_teardown_taskflow to 2025-06-08 00:00:00+00:00, run_after=2025-06-09 00:00:00+00:00
[2025-06-09T11:51:30.736+0200] {processor.py:183} INFO - Processing /home/ccd/airflow_venv/lib/python3.10/site-packages/airflow/example_dags/example_setup_teardown_taskflow.py took 0.090 seconds
[2025-06-09T11:52:24.023+0200] {processor.py:161} INFO - Started process (PID=17620) to work on /home/ccd/airflow_venv/lib/python3.10/site-packages/airflow/example_dags/example_setup_teardown_taskflow.py
[2025-06-09T11:52:24.034+0200] {processor.py:830} INFO - Processing file /home/ccd/airflow_venv/lib/python3.10/site-packages/airflow/example_dags/example_setup_teardown_taskflow.py for tasks to queue
[2025-06-09T11:52:24.036+0200] {logging_mixin.py:188} INFO - [2025-06-09T11:52:24.035+0200] {dagbag.py:540} INFO - Filling up the DagBag from /home/ccd/airflow_venv/lib/python3.10/site-packages/airflow/example_dags/example_setup_teardown_taskflow.py
[2025-06-09T11:52:24.041+0200] {processor.py:840} INFO - DAG(s) 'example_setup_teardown_taskflow' retrieved from /home/ccd/airflow_venv/lib/python3.10/site-packages/airflow/example_dags/example_setup_teardown_taskflow.py
[2025-06-09T11:52:24.052+0200] {logging_mixin.py:188} INFO - [2025-06-09T11:52:24.052+0200] {dag.py:3096} INFO - Sync 1 DAGs
[2025-06-09T11:52:24.063+0200] {logging_mixin.py:188} INFO - [2025-06-09T11:52:24.063+0200] {dag.py:3954} INFO - Setting next_dagrun for example_setup_teardown_taskflow to 2025-06-08 00:00:00+00:00, run_after=2025-06-09 00:00:00+00:00
[2025-06-09T11:52:24.084+0200] {processor.py:183} INFO - Processing /home/ccd/airflow_venv/lib/python3.10/site-packages/airflow/example_dags/example_setup_teardown_taskflow.py took 0.065 seconds
[2025-06-09T11:53:18.129+0200] {processor.py:161} INFO - Started process (PID=17927) to work on /home/ccd/airflow_venv/lib/python3.10/site-packages/airflow/example_dags/example_setup_teardown_taskflow.py
[2025-06-09T11:53:18.140+0200] {processor.py:830} INFO - Processing file /home/ccd/airflow_venv/lib/python3.10/site-packages/airflow/example_dags/example_setup_teardown_taskflow.py for tasks to queue
[2025-06-09T11:53:18.141+0200] {logging_mixin.py:188} INFO - [2025-06-09T11:53:18.141+0200] {dagbag.py:540} INFO - Filling up the DagBag from /home/ccd/airflow_venv/lib/python3.10/site-packages/airflow/example_dags/example_setup_teardown_taskflow.py
[2025-06-09T11:53:18.148+0200] {processor.py:840} INFO - DAG(s) 'example_setup_teardown_taskflow' retrieved from /home/ccd/airflow_venv/lib/python3.10/site-packages/airflow/example_dags/example_setup_teardown_taskflow.py
[2025-06-09T11:53:18.159+0200] {logging_mixin.py:188} INFO - [2025-06-09T11:53:18.159+0200] {dag.py:3096} INFO - Sync 1 DAGs
[2025-06-09T11:53:18.170+0200] {logging_mixin.py:188} INFO - [2025-06-09T11:53:18.170+0200] {dag.py:3954} INFO - Setting next_dagrun for example_setup_teardown_taskflow to 2025-06-08 00:00:00+00:00, run_after=2025-06-09 00:00:00+00:00
[2025-06-09T11:53:18.193+0200] {processor.py:183} INFO - Processing /home/ccd/airflow_venv/lib/python3.10/site-packages/airflow/example_dags/example_setup_teardown_taskflow.py took 0.068 seconds
[2025-06-09T11:54:09.685+0200] {processor.py:161} INFO - Started process (PID=18213) to work on /home/ccd/airflow_venv/lib/python3.10/site-packages/airflow/example_dags/example_setup_teardown_taskflow.py
[2025-06-09T11:54:09.687+0200] {processor.py:830} INFO - Processing file /home/ccd/airflow_venv/lib/python3.10/site-packages/airflow/example_dags/example_setup_teardown_taskflow.py for tasks to queue
[2025-06-09T11:54:09.688+0200] {logging_mixin.py:188} INFO - [2025-06-09T11:54:09.688+0200] {dagbag.py:540} INFO - Filling up the DagBag from /home/ccd/airflow_venv/lib/python3.10/site-packages/airflow/example_dags/example_setup_teardown_taskflow.py
[2025-06-09T11:54:09.694+0200] {processor.py:840} INFO - DAG(s) 'example_setup_teardown_taskflow' retrieved from /home/ccd/airflow_venv/lib/python3.10/site-packages/airflow/example_dags/example_setup_teardown_taskflow.py
[2025-06-09T11:54:09.704+0200] {logging_mixin.py:188} INFO - [2025-06-09T11:54:09.704+0200] {dag.py:3096} INFO - Sync 1 DAGs
[2025-06-09T11:54:09.716+0200] {logging_mixin.py:188} INFO - [2025-06-09T11:54:09.716+0200] {dag.py:3954} INFO - Setting next_dagrun for example_setup_teardown_taskflow to 2025-06-08 00:00:00+00:00, run_after=2025-06-09 00:00:00+00:00
[2025-06-09T11:54:09.737+0200] {processor.py:183} INFO - Processing /home/ccd/airflow_venv/lib/python3.10/site-packages/airflow/example_dags/example_setup_teardown_taskflow.py took 0.056 seconds
[2025-06-09T11:55:03.480+0200] {processor.py:161} INFO - Started process (PID=18545) to work on /home/ccd/airflow_venv/lib/python3.10/site-packages/airflow/example_dags/example_setup_teardown_taskflow.py
[2025-06-09T11:55:03.492+0200] {processor.py:830} INFO - Processing file /home/ccd/airflow_venv/lib/python3.10/site-packages/airflow/example_dags/example_setup_teardown_taskflow.py for tasks to queue
[2025-06-09T11:55:03.494+0200] {logging_mixin.py:188} INFO - [2025-06-09T11:55:03.493+0200] {dagbag.py:540} INFO - Filling up the DagBag from /home/ccd/airflow_venv/lib/python3.10/site-packages/airflow/example_dags/example_setup_teardown_taskflow.py
[2025-06-09T11:55:03.499+0200] {processor.py:840} INFO - DAG(s) 'example_setup_teardown_taskflow' retrieved from /home/ccd/airflow_venv/lib/python3.10/site-packages/airflow/example_dags/example_setup_teardown_taskflow.py
[2025-06-09T11:55:03.510+0200] {logging_mixin.py:188} INFO - [2025-06-09T11:55:03.510+0200] {dag.py:3096} INFO - Sync 1 DAGs
[2025-06-09T11:55:03.521+0200] {logging_mixin.py:188} INFO - [2025-06-09T11:55:03.521+0200] {dag.py:3954} INFO - Setting next_dagrun for example_setup_teardown_taskflow to 2025-06-08 00:00:00+00:00, run_after=2025-06-09 00:00:00+00:00
[2025-06-09T11:55:03.541+0200] {processor.py:183} INFO - Processing /home/ccd/airflow_venv/lib/python3.10/site-packages/airflow/example_dags/example_setup_teardown_taskflow.py took 0.064 seconds
[2025-06-09T11:55:54.609+0200] {processor.py:161} INFO - Started process (PID=18833) to work on /home/ccd/airflow_venv/lib/python3.10/site-packages/airflow/example_dags/example_setup_teardown_taskflow.py
[2025-06-09T11:55:54.620+0200] {processor.py:830} INFO - Processing file /home/ccd/airflow_venv/lib/python3.10/site-packages/airflow/example_dags/example_setup_teardown_taskflow.py for tasks to queue
[2025-06-09T11:55:54.621+0200] {logging_mixin.py:188} INFO - [2025-06-09T11:55:54.620+0200] {dagbag.py:540} INFO - Filling up the DagBag from /home/ccd/airflow_venv/lib/python3.10/site-packages/airflow/example_dags/example_setup_teardown_taskflow.py
[2025-06-09T11:55:54.627+0200] {processor.py:840} INFO - DAG(s) 'example_setup_teardown_taskflow' retrieved from /home/ccd/airflow_venv/lib/python3.10/site-packages/airflow/example_dags/example_setup_teardown_taskflow.py
[2025-06-09T11:55:54.637+0200] {logging_mixin.py:188} INFO - [2025-06-09T11:55:54.637+0200] {dag.py:3096} INFO - Sync 1 DAGs
[2025-06-09T11:55:54.648+0200] {logging_mixin.py:188} INFO - [2025-06-09T11:55:54.648+0200] {dag.py:3954} INFO - Setting next_dagrun for example_setup_teardown_taskflow to 2025-06-08 00:00:00+00:00, run_after=2025-06-09 00:00:00+00:00
[2025-06-09T11:55:54.669+0200] {processor.py:183} INFO - Processing /home/ccd/airflow_venv/lib/python3.10/site-packages/airflow/example_dags/example_setup_teardown_taskflow.py took 0.064 seconds
[2025-06-09T11:56:43.409+0200] {processor.py:161} INFO - Started process (PID=19123) to work on /home/ccd/airflow_venv/lib/python3.10/site-packages/airflow/example_dags/example_setup_teardown_taskflow.py
[2025-06-09T11:56:43.410+0200] {processor.py:830} INFO - Processing file /home/ccd/airflow_venv/lib/python3.10/site-packages/airflow/example_dags/example_setup_teardown_taskflow.py for tasks to queue
[2025-06-09T11:56:43.411+0200] {logging_mixin.py:188} INFO - [2025-06-09T11:56:43.411+0200] {dagbag.py:540} INFO - Filling up the DagBag from /home/ccd/airflow_venv/lib/python3.10/site-packages/airflow/example_dags/example_setup_teardown_taskflow.py
[2025-06-09T11:56:43.417+0200] {processor.py:840} INFO - DAG(s) 'example_setup_teardown_taskflow' retrieved from /home/ccd/airflow_venv/lib/python3.10/site-packages/airflow/example_dags/example_setup_teardown_taskflow.py
[2025-06-09T11:56:43.428+0200] {logging_mixin.py:188} INFO - [2025-06-09T11:56:43.427+0200] {dag.py:3096} INFO - Sync 1 DAGs
[2025-06-09T11:56:43.439+0200] {logging_mixin.py:188} INFO - [2025-06-09T11:56:43.438+0200] {dag.py:3954} INFO - Setting next_dagrun for example_setup_teardown_taskflow to 2025-06-08 00:00:00+00:00, run_after=2025-06-09 00:00:00+00:00
[2025-06-09T11:56:43.459+0200] {processor.py:183} INFO - Processing /home/ccd/airflow_venv/lib/python3.10/site-packages/airflow/example_dags/example_setup_teardown_taskflow.py took 0.054 seconds
[2025-06-09T11:57:33.822+0200] {processor.py:161} INFO - Started process (PID=19398) to work on /home/ccd/airflow_venv/lib/python3.10/site-packages/airflow/example_dags/example_setup_teardown_taskflow.py
[2025-06-09T11:57:33.832+0200] {processor.py:830} INFO - Processing file /home/ccd/airflow_venv/lib/python3.10/site-packages/airflow/example_dags/example_setup_teardown_taskflow.py for tasks to queue
[2025-06-09T11:57:33.833+0200] {logging_mixin.py:188} INFO - [2025-06-09T11:57:33.833+0200] {dagbag.py:540} INFO - Filling up the DagBag from /home/ccd/airflow_venv/lib/python3.10/site-packages/airflow/example_dags/example_setup_teardown_taskflow.py
[2025-06-09T11:57:33.838+0200] {processor.py:840} INFO - DAG(s) 'example_setup_teardown_taskflow' retrieved from /home/ccd/airflow_venv/lib/python3.10/site-packages/airflow/example_dags/example_setup_teardown_taskflow.py
[2025-06-09T11:57:33.848+0200] {logging_mixin.py:188} INFO - [2025-06-09T11:57:33.848+0200] {dag.py:3096} INFO - Sync 1 DAGs
[2025-06-09T11:57:33.859+0200] {logging_mixin.py:188} INFO - [2025-06-09T11:57:33.858+0200] {dag.py:3954} INFO - Setting next_dagrun for example_setup_teardown_taskflow to 2025-06-08 00:00:00+00:00, run_after=2025-06-09 00:00:00+00:00
[2025-06-09T11:57:33.884+0200] {processor.py:183} INFO - Processing /home/ccd/airflow_venv/lib/python3.10/site-packages/airflow/example_dags/example_setup_teardown_taskflow.py took 0.066 seconds
[2025-06-09T11:58:24.979+0200] {processor.py:161} INFO - Started process (PID=19670) to work on /home/ccd/airflow_venv/lib/python3.10/site-packages/airflow/example_dags/example_setup_teardown_taskflow.py
[2025-06-09T11:58:24.990+0200] {processor.py:830} INFO - Processing file /home/ccd/airflow_venv/lib/python3.10/site-packages/airflow/example_dags/example_setup_teardown_taskflow.py for tasks to queue
[2025-06-09T11:58:24.991+0200] {logging_mixin.py:188} INFO - [2025-06-09T11:58:24.991+0200] {dagbag.py:540} INFO - Filling up the DagBag from /home/ccd/airflow_venv/lib/python3.10/site-packages/airflow/example_dags/example_setup_teardown_taskflow.py
[2025-06-09T11:58:24.996+0200] {processor.py:840} INFO - DAG(s) 'example_setup_teardown_taskflow' retrieved from /home/ccd/airflow_venv/lib/python3.10/site-packages/airflow/example_dags/example_setup_teardown_taskflow.py
[2025-06-09T11:58:25.007+0200] {logging_mixin.py:188} INFO - [2025-06-09T11:58:25.006+0200] {dag.py:3096} INFO - Sync 1 DAGs
[2025-06-09T11:58:25.017+0200] {logging_mixin.py:188} INFO - [2025-06-09T11:58:25.017+0200] {dag.py:3954} INFO - Setting next_dagrun for example_setup_teardown_taskflow to 2025-06-08 00:00:00+00:00, run_after=2025-06-09 00:00:00+00:00
[2025-06-09T11:58:25.038+0200] {processor.py:183} INFO - Processing /home/ccd/airflow_venv/lib/python3.10/site-packages/airflow/example_dags/example_setup_teardown_taskflow.py took 0.062 seconds
[2025-06-09T11:59:17.132+0200] {processor.py:161} INFO - Started process (PID=20014) to work on /home/ccd/airflow_venv/lib/python3.10/site-packages/airflow/example_dags/example_setup_teardown_taskflow.py
[2025-06-09T11:59:17.143+0200] {processor.py:830} INFO - Processing file /home/ccd/airflow_venv/lib/python3.10/site-packages/airflow/example_dags/example_setup_teardown_taskflow.py for tasks to queue
[2025-06-09T11:59:17.144+0200] {logging_mixin.py:188} INFO - [2025-06-09T11:59:17.144+0200] {dagbag.py:540} INFO - Filling up the DagBag from /home/ccd/airflow_venv/lib/python3.10/site-packages/airflow/example_dags/example_setup_teardown_taskflow.py
[2025-06-09T11:59:17.150+0200] {processor.py:840} INFO - DAG(s) 'example_setup_teardown_taskflow' retrieved from /home/ccd/airflow_venv/lib/python3.10/site-packages/airflow/example_dags/example_setup_teardown_taskflow.py
[2025-06-09T11:59:17.160+0200] {logging_mixin.py:188} INFO - [2025-06-09T11:59:17.160+0200] {dag.py:3096} INFO - Sync 1 DAGs
[2025-06-09T11:59:17.170+0200] {logging_mixin.py:188} INFO - [2025-06-09T11:59:17.170+0200] {dag.py:3954} INFO - Setting next_dagrun for example_setup_teardown_taskflow to 2025-06-08 00:00:00+00:00, run_after=2025-06-09 00:00:00+00:00
[2025-06-09T11:59:17.199+0200] {processor.py:183} INFO - Processing /home/ccd/airflow_venv/lib/python3.10/site-packages/airflow/example_dags/example_setup_teardown_taskflow.py took 0.070 seconds
[2025-06-09T12:00:08.887+0200] {processor.py:161} INFO - Started process (PID=20428) to work on /home/ccd/airflow_venv/lib/python3.10/site-packages/airflow/example_dags/example_setup_teardown_taskflow.py
[2025-06-09T12:00:08.898+0200] {processor.py:830} INFO - Processing file /home/ccd/airflow_venv/lib/python3.10/site-packages/airflow/example_dags/example_setup_teardown_taskflow.py for tasks to queue
[2025-06-09T12:00:08.900+0200] {logging_mixin.py:188} INFO - [2025-06-09T12:00:08.899+0200] {dagbag.py:540} INFO - Filling up the DagBag from /home/ccd/airflow_venv/lib/python3.10/site-packages/airflow/example_dags/example_setup_teardown_taskflow.py
[2025-06-09T12:00:08.910+0200] {processor.py:840} INFO - DAG(s) 'example_setup_teardown_taskflow' retrieved from /home/ccd/airflow_venv/lib/python3.10/site-packages/airflow/example_dags/example_setup_teardown_taskflow.py
[2025-06-09T12:00:08.923+0200] {logging_mixin.py:188} INFO - [2025-06-09T12:00:08.923+0200] {dag.py:3096} INFO - Sync 1 DAGs
[2025-06-09T12:00:08.934+0200] {logging_mixin.py:188} INFO - [2025-06-09T12:00:08.934+0200] {dag.py:3954} INFO - Setting next_dagrun for example_setup_teardown_taskflow to 2025-06-08 00:00:00+00:00, run_after=2025-06-09 00:00:00+00:00
[2025-06-09T12:00:08.957+0200] {processor.py:183} INFO - Processing /home/ccd/airflow_venv/lib/python3.10/site-packages/airflow/example_dags/example_setup_teardown_taskflow.py took 0.077 seconds
[2025-06-09T12:00:59.461+0200] {processor.py:161} INFO - Started process (PID=20770) to work on /home/ccd/airflow_venv/lib/python3.10/site-packages/airflow/example_dags/example_setup_teardown_taskflow.py
[2025-06-09T12:00:59.464+0200] {processor.py:830} INFO - Processing file /home/ccd/airflow_venv/lib/python3.10/site-packages/airflow/example_dags/example_setup_teardown_taskflow.py for tasks to queue
[2025-06-09T12:00:59.465+0200] {logging_mixin.py:188} INFO - [2025-06-09T12:00:59.465+0200] {dagbag.py:540} INFO - Filling up the DagBag from /home/ccd/airflow_venv/lib/python3.10/site-packages/airflow/example_dags/example_setup_teardown_taskflow.py
[2025-06-09T12:00:59.473+0200] {processor.py:840} INFO - DAG(s) 'example_setup_teardown_taskflow' retrieved from /home/ccd/airflow_venv/lib/python3.10/site-packages/airflow/example_dags/example_setup_teardown_taskflow.py
[2025-06-09T12:00:59.499+0200] {logging_mixin.py:188} INFO - [2025-06-09T12:00:59.499+0200] {dag.py:3096} INFO - Sync 1 DAGs
[2025-06-09T12:00:59.535+0200] {logging_mixin.py:188} INFO - [2025-06-09T12:00:59.535+0200] {dag.py:3954} INFO - Setting next_dagrun for example_setup_teardown_taskflow to 2025-06-08 00:00:00+00:00, run_after=2025-06-09 00:00:00+00:00
[2025-06-09T12:00:59.580+0200] {processor.py:183} INFO - Processing /home/ccd/airflow_venv/lib/python3.10/site-packages/airflow/example_dags/example_setup_teardown_taskflow.py took 0.130 seconds
[2025-06-09T12:01:52.970+0200] {processor.py:161} INFO - Started process (PID=21087) to work on /home/ccd/airflow_venv/lib/python3.10/site-packages/airflow/example_dags/example_setup_teardown_taskflow.py
[2025-06-09T12:01:52.981+0200] {processor.py:830} INFO - Processing file /home/ccd/airflow_venv/lib/python3.10/site-packages/airflow/example_dags/example_setup_teardown_taskflow.py for tasks to queue
[2025-06-09T12:01:52.983+0200] {logging_mixin.py:188} INFO - [2025-06-09T12:01:52.982+0200] {dagbag.py:540} INFO - Filling up the DagBag from /home/ccd/airflow_venv/lib/python3.10/site-packages/airflow/example_dags/example_setup_teardown_taskflow.py
[2025-06-09T12:01:52.989+0200] {processor.py:840} INFO - DAG(s) 'example_setup_teardown_taskflow' retrieved from /home/ccd/airflow_venv/lib/python3.10/site-packages/airflow/example_dags/example_setup_teardown_taskflow.py
[2025-06-09T12:01:53.000+0200] {logging_mixin.py:188} INFO - [2025-06-09T12:01:53.000+0200] {dag.py:3096} INFO - Sync 1 DAGs
[2025-06-09T12:01:53.012+0200] {logging_mixin.py:188} INFO - [2025-06-09T12:01:53.012+0200] {dag.py:3954} INFO - Setting next_dagrun for example_setup_teardown_taskflow to 2025-06-08 00:00:00+00:00, run_after=2025-06-09 00:00:00+00:00
[2025-06-09T12:01:53.032+0200] {processor.py:183} INFO - Processing /home/ccd/airflow_venv/lib/python3.10/site-packages/airflow/example_dags/example_setup_teardown_taskflow.py took 0.068 seconds
[2025-06-09T12:02:44.381+0200] {processor.py:161} INFO - Started process (PID=21395) to work on /home/ccd/airflow_venv/lib/python3.10/site-packages/airflow/example_dags/example_setup_teardown_taskflow.py
[2025-06-09T12:02:44.394+0200] {processor.py:830} INFO - Processing file /home/ccd/airflow_venv/lib/python3.10/site-packages/airflow/example_dags/example_setup_teardown_taskflow.py for tasks to queue
[2025-06-09T12:02:44.395+0200] {logging_mixin.py:188} INFO - [2025-06-09T12:02:44.395+0200] {dagbag.py:540} INFO - Filling up the DagBag from /home/ccd/airflow_venv/lib/python3.10/site-packages/airflow/example_dags/example_setup_teardown_taskflow.py
[2025-06-09T12:02:44.401+0200] {processor.py:840} INFO - DAG(s) 'example_setup_teardown_taskflow' retrieved from /home/ccd/airflow_venv/lib/python3.10/site-packages/airflow/example_dags/example_setup_teardown_taskflow.py
[2025-06-09T12:02:44.411+0200] {logging_mixin.py:188} INFO - [2025-06-09T12:02:44.411+0200] {dag.py:3096} INFO - Sync 1 DAGs
[2025-06-09T12:02:44.422+0200] {logging_mixin.py:188} INFO - [2025-06-09T12:02:44.421+0200] {dag.py:3954} INFO - Setting next_dagrun for example_setup_teardown_taskflow to 2025-06-08 00:00:00+00:00, run_after=2025-06-09 00:00:00+00:00
[2025-06-09T12:02:44.446+0200] {processor.py:183} INFO - Processing /home/ccd/airflow_venv/lib/python3.10/site-packages/airflow/example_dags/example_setup_teardown_taskflow.py took 0.068 seconds
[2025-06-09T12:04:39.006+0200] {processor.py:161} INFO - Started process (PID=23334) to work on /home/ccd/airflow_venv/lib/python3.10/site-packages/airflow/example_dags/example_setup_teardown_taskflow.py
[2025-06-09T12:04:39.017+0200] {processor.py:830} INFO - Processing file /home/ccd/airflow_venv/lib/python3.10/site-packages/airflow/example_dags/example_setup_teardown_taskflow.py for tasks to queue
[2025-06-09T12:04:39.018+0200] {logging_mixin.py:188} INFO - [2025-06-09T12:04:39.018+0200] {dagbag.py:540} INFO - Filling up the DagBag from /home/ccd/airflow_venv/lib/python3.10/site-packages/airflow/example_dags/example_setup_teardown_taskflow.py
[2025-06-09T12:04:39.024+0200] {processor.py:840} INFO - DAG(s) 'example_setup_teardown_taskflow' retrieved from /home/ccd/airflow_venv/lib/python3.10/site-packages/airflow/example_dags/example_setup_teardown_taskflow.py
[2025-06-09T12:04:39.034+0200] {logging_mixin.py:188} INFO - [2025-06-09T12:04:39.034+0200] {dag.py:3096} INFO - Sync 1 DAGs
[2025-06-09T12:04:39.045+0200] {logging_mixin.py:188} INFO - [2025-06-09T12:04:39.045+0200] {dag.py:3954} INFO - Setting next_dagrun for example_setup_teardown_taskflow to 2025-06-08 00:00:00+00:00, run_after=2025-06-09 00:00:00+00:00
[2025-06-09T12:04:39.073+0200] {processor.py:183} INFO - Processing /home/ccd/airflow_venv/lib/python3.10/site-packages/airflow/example_dags/example_setup_teardown_taskflow.py took 0.070 seconds
[2025-06-09T12:05:40.055+0200] {processor.py:161} INFO - Started process (PID=24326) to work on /home/ccd/airflow_venv/lib/python3.10/site-packages/airflow/example_dags/example_setup_teardown_taskflow.py
[2025-06-09T12:05:40.066+0200] {processor.py:830} INFO - Processing file /home/ccd/airflow_venv/lib/python3.10/site-packages/airflow/example_dags/example_setup_teardown_taskflow.py for tasks to queue
[2025-06-09T12:05:40.067+0200] {logging_mixin.py:188} INFO - [2025-06-09T12:05:40.067+0200] {dagbag.py:540} INFO - Filling up the DagBag from /home/ccd/airflow_venv/lib/python3.10/site-packages/airflow/example_dags/example_setup_teardown_taskflow.py
[2025-06-09T12:05:40.073+0200] {processor.py:840} INFO - DAG(s) 'example_setup_teardown_taskflow' retrieved from /home/ccd/airflow_venv/lib/python3.10/site-packages/airflow/example_dags/example_setup_teardown_taskflow.py
[2025-06-09T12:05:40.086+0200] {logging_mixin.py:188} INFO - [2025-06-09T12:05:40.086+0200] {dag.py:3096} INFO - Sync 1 DAGs
[2025-06-09T12:05:40.097+0200] {logging_mixin.py:188} INFO - [2025-06-09T12:05:40.097+0200] {dag.py:3954} INFO - Setting next_dagrun for example_setup_teardown_taskflow to 2025-06-08 00:00:00+00:00, run_after=2025-06-09 00:00:00+00:00
[2025-06-09T12:05:40.120+0200] {processor.py:183} INFO - Processing /home/ccd/airflow_venv/lib/python3.10/site-packages/airflow/example_dags/example_setup_teardown_taskflow.py took 0.069 seconds
[2025-06-09T12:06:36.574+0200] {processor.py:161} INFO - Started process (PID=24745) to work on /home/ccd/airflow_venv/lib/python3.10/site-packages/airflow/example_dags/example_setup_teardown_taskflow.py
[2025-06-09T12:06:36.576+0200] {processor.py:830} INFO - Processing file /home/ccd/airflow_venv/lib/python3.10/site-packages/airflow/example_dags/example_setup_teardown_taskflow.py for tasks to queue
[2025-06-09T12:06:36.578+0200] {logging_mixin.py:188} INFO - [2025-06-09T12:06:36.577+0200] {dagbag.py:540} INFO - Filling up the DagBag from /home/ccd/airflow_venv/lib/python3.10/site-packages/airflow/example_dags/example_setup_teardown_taskflow.py
[2025-06-09T12:06:36.584+0200] {processor.py:840} INFO - DAG(s) 'example_setup_teardown_taskflow' retrieved from /home/ccd/airflow_venv/lib/python3.10/site-packages/airflow/example_dags/example_setup_teardown_taskflow.py
[2025-06-09T12:06:36.594+0200] {logging_mixin.py:188} INFO - [2025-06-09T12:06:36.594+0200] {dag.py:3096} INFO - Sync 1 DAGs
[2025-06-09T12:06:36.605+0200] {logging_mixin.py:188} INFO - [2025-06-09T12:06:36.605+0200] {dag.py:3954} INFO - Setting next_dagrun for example_setup_teardown_taskflow to 2025-06-08 00:00:00+00:00, run_after=2025-06-09 00:00:00+00:00
[2025-06-09T12:06:36.625+0200] {processor.py:183} INFO - Processing /home/ccd/airflow_venv/lib/python3.10/site-packages/airflow/example_dags/example_setup_teardown_taskflow.py took 0.055 seconds
[2025-06-09T12:07:26.796+0200] {processor.py:161} INFO - Started process (PID=25268) to work on /home/ccd/airflow_venv/lib/python3.10/site-packages/airflow/example_dags/example_setup_teardown_taskflow.py
[2025-06-09T12:07:26.797+0200] {processor.py:830} INFO - Processing file /home/ccd/airflow_venv/lib/python3.10/site-packages/airflow/example_dags/example_setup_teardown_taskflow.py for tasks to queue
[2025-06-09T12:07:26.798+0200] {logging_mixin.py:188} INFO - [2025-06-09T12:07:26.798+0200] {dagbag.py:540} INFO - Filling up the DagBag from /home/ccd/airflow_venv/lib/python3.10/site-packages/airflow/example_dags/example_setup_teardown_taskflow.py
[2025-06-09T12:07:26.804+0200] {processor.py:840} INFO - DAG(s) 'example_setup_teardown_taskflow' retrieved from /home/ccd/airflow_venv/lib/python3.10/site-packages/airflow/example_dags/example_setup_teardown_taskflow.py
[2025-06-09T12:07:26.815+0200] {logging_mixin.py:188} INFO - [2025-06-09T12:07:26.815+0200] {dag.py:3096} INFO - Sync 1 DAGs
[2025-06-09T12:07:26.828+0200] {logging_mixin.py:188} INFO - [2025-06-09T12:07:26.828+0200] {dag.py:3954} INFO - Setting next_dagrun for example_setup_teardown_taskflow to 2025-06-08 00:00:00+00:00, run_after=2025-06-09 00:00:00+00:00
[2025-06-09T12:07:26.848+0200] {processor.py:183} INFO - Processing /home/ccd/airflow_venv/lib/python3.10/site-packages/airflow/example_dags/example_setup_teardown_taskflow.py took 0.056 seconds
[2025-06-09T12:08:23.508+0200] {processor.py:161} INFO - Started process (PID=25612) to work on /home/ccd/airflow_venv/lib/python3.10/site-packages/airflow/example_dags/example_setup_teardown_taskflow.py
[2025-06-09T12:08:23.510+0200] {processor.py:830} INFO - Processing file /home/ccd/airflow_venv/lib/python3.10/site-packages/airflow/example_dags/example_setup_teardown_taskflow.py for tasks to queue
[2025-06-09T12:08:23.511+0200] {logging_mixin.py:188} INFO - [2025-06-09T12:08:23.511+0200] {dagbag.py:540} INFO - Filling up the DagBag from /home/ccd/airflow_venv/lib/python3.10/site-packages/airflow/example_dags/example_setup_teardown_taskflow.py
[2025-06-09T12:08:23.517+0200] {processor.py:840} INFO - DAG(s) 'example_setup_teardown_taskflow' retrieved from /home/ccd/airflow_venv/lib/python3.10/site-packages/airflow/example_dags/example_setup_teardown_taskflow.py
[2025-06-09T12:08:23.528+0200] {logging_mixin.py:188} INFO - [2025-06-09T12:08:23.528+0200] {dag.py:3096} INFO - Sync 1 DAGs
[2025-06-09T12:08:23.538+0200] {logging_mixin.py:188} INFO - [2025-06-09T12:08:23.538+0200] {dag.py:3954} INFO - Setting next_dagrun for example_setup_teardown_taskflow to 2025-06-08 00:00:00+00:00, run_after=2025-06-09 00:00:00+00:00
[2025-06-09T12:08:23.559+0200] {processor.py:183} INFO - Processing /home/ccd/airflow_venv/lib/python3.10/site-packages/airflow/example_dags/example_setup_teardown_taskflow.py took 0.055 seconds
[2025-06-09T12:09:18.413+0200] {processor.py:161} INFO - Started process (PID=25987) to work on /home/ccd/airflow_venv/lib/python3.10/site-packages/airflow/example_dags/example_setup_teardown_taskflow.py
[2025-06-09T12:09:18.414+0200] {processor.py:830} INFO - Processing file /home/ccd/airflow_venv/lib/python3.10/site-packages/airflow/example_dags/example_setup_teardown_taskflow.py for tasks to queue
[2025-06-09T12:09:18.416+0200] {logging_mixin.py:188} INFO - [2025-06-09T12:09:18.416+0200] {dagbag.py:540} INFO - Filling up the DagBag from /home/ccd/airflow_venv/lib/python3.10/site-packages/airflow/example_dags/example_setup_teardown_taskflow.py
[2025-06-09T12:09:18.446+0200] {processor.py:840} INFO - DAG(s) 'example_setup_teardown_taskflow' retrieved from /home/ccd/airflow_venv/lib/python3.10/site-packages/airflow/example_dags/example_setup_teardown_taskflow.py
[2025-06-09T12:09:18.483+0200] {logging_mixin.py:188} INFO - [2025-06-09T12:09:18.482+0200] {dag.py:3096} INFO - Sync 1 DAGs
[2025-06-09T12:09:18.541+0200] {logging_mixin.py:188} INFO - [2025-06-09T12:09:18.541+0200] {dag.py:3954} INFO - Setting next_dagrun for example_setup_teardown_taskflow to 2025-06-08 00:00:00+00:00, run_after=2025-06-09 00:00:00+00:00
[2025-06-09T12:09:18.889+0200] {processor.py:183} INFO - Processing /home/ccd/airflow_venv/lib/python3.10/site-packages/airflow/example_dags/example_setup_teardown_taskflow.py took 0.492 seconds
[2025-06-09T12:10:14.002+0200] {processor.py:161} INFO - Started process (PID=26660) to work on /home/ccd/airflow_venv/lib/python3.10/site-packages/airflow/example_dags/example_setup_teardown_taskflow.py
[2025-06-09T12:10:14.005+0200] {processor.py:830} INFO - Processing file /home/ccd/airflow_venv/lib/python3.10/site-packages/airflow/example_dags/example_setup_teardown_taskflow.py for tasks to queue
[2025-06-09T12:10:14.006+0200] {logging_mixin.py:188} INFO - [2025-06-09T12:10:14.006+0200] {dagbag.py:540} INFO - Filling up the DagBag from /home/ccd/airflow_venv/lib/python3.10/site-packages/airflow/example_dags/example_setup_teardown_taskflow.py
[2025-06-09T12:10:14.012+0200] {processor.py:840} INFO - DAG(s) 'example_setup_teardown_taskflow' retrieved from /home/ccd/airflow_venv/lib/python3.10/site-packages/airflow/example_dags/example_setup_teardown_taskflow.py
[2025-06-09T12:10:14.022+0200] {logging_mixin.py:188} INFO - [2025-06-09T12:10:14.022+0200] {dag.py:3096} INFO - Sync 1 DAGs
[2025-06-09T12:10:14.033+0200] {logging_mixin.py:188} INFO - [2025-06-09T12:10:14.032+0200] {dag.py:3954} INFO - Setting next_dagrun for example_setup_teardown_taskflow to 2025-06-08 00:00:00+00:00, run_after=2025-06-09 00:00:00+00:00
[2025-06-09T12:10:14.054+0200] {processor.py:183} INFO - Processing /home/ccd/airflow_venv/lib/python3.10/site-packages/airflow/example_dags/example_setup_teardown_taskflow.py took 0.055 seconds
