[2025-06-09T17:30:13.760+0200] {processor.py:161} INFO - Started process (PID=106673) to work on /home/ccd/airflow_venv/lib/python3.10/site-packages/airflow/example_dags/example_branch_operator.py
[2025-06-09T17:30:13.760+0200] {processor.py:830} INFO - Processing file /home/ccd/airflow_venv/lib/python3.10/site-packages/airflow/example_dags/example_branch_operator.py for tasks to queue
[2025-06-09T17:30:13.762+0200] {logging_mixin.py:188} INFO - [2025-06-09T17:30:13.761+0200] {dagbag.py:540} INFO - Filling up the DagBag from /home/ccd/airflow_venv/lib/python3.10/site-packages/airflow/example_dags/example_branch_operator.py
[2025-06-09T17:30:13.837+0200] {processor.py:842} WARNING - No viable dags retrieved from /home/ccd/airflow_venv/lib/python3.10/site-packages/airflow/example_dags/example_branch_operator.py
[2025-06-09T17:30:13.844+0200] {processor.py:183} INFO - Processing /home/ccd/airflow_venv/lib/python3.10/site-packages/airflow/example_dags/example_branch_operator.py took 0.089 seconds
[2025-06-09T17:31:27.452+0200] {processor.py:161} INFO - Started process (PID=107130) to work on /home/ccd/airflow_venv/lib/python3.10/site-packages/airflow/example_dags/example_branch_operator.py
[2025-06-09T17:31:27.454+0200] {processor.py:830} INFO - Processing file /home/ccd/airflow_venv/lib/python3.10/site-packages/airflow/example_dags/example_branch_operator.py for tasks to queue
[2025-06-09T17:31:27.456+0200] {logging_mixin.py:188} INFO - [2025-06-09T17:31:27.455+0200] {dagbag.py:540} INFO - Filling up the DagBag from /home/ccd/airflow_venv/lib/python3.10/site-packages/airflow/example_dags/example_branch_operator.py
[2025-06-09T17:31:27.527+0200] {processor.py:842} WARNING - No viable dags retrieved from /home/ccd/airflow_venv/lib/python3.10/site-packages/airflow/example_dags/example_branch_operator.py
[2025-06-09T17:31:27.534+0200] {processor.py:183} INFO - Processing /home/ccd/airflow_venv/lib/python3.10/site-packages/airflow/example_dags/example_branch_operator.py took 0.087 seconds
[2025-06-09T17:32:23.702+0200] {processor.py:161} INFO - Started process (PID=107455) to work on /home/ccd/airflow_venv/lib/python3.10/site-packages/airflow/example_dags/example_branch_operator.py
[2025-06-09T17:32:23.704+0200] {processor.py:830} INFO - Processing file /home/ccd/airflow_venv/lib/python3.10/site-packages/airflow/example_dags/example_branch_operator.py for tasks to queue
[2025-06-09T17:32:23.705+0200] {logging_mixin.py:188} INFO - [2025-06-09T17:32:23.705+0200] {dagbag.py:540} INFO - Filling up the DagBag from /home/ccd/airflow_venv/lib/python3.10/site-packages/airflow/example_dags/example_branch_operator.py
[2025-06-09T17:32:23.756+0200] {processor.py:842} WARNING - No viable dags retrieved from /home/ccd/airflow_venv/lib/python3.10/site-packages/airflow/example_dags/example_branch_operator.py
[2025-06-09T17:32:23.764+0200] {processor.py:183} INFO - Processing /home/ccd/airflow_venv/lib/python3.10/site-packages/airflow/example_dags/example_branch_operator.py took 0.066 seconds
[2025-06-09T17:33:20.641+0200] {processor.py:161} INFO - Started process (PID=107772) to work on /home/ccd/airflow_venv/lib/python3.10/site-packages/airflow/example_dags/example_branch_operator.py
[2025-06-09T17:33:20.651+0200] {processor.py:830} INFO - Processing file /home/ccd/airflow_venv/lib/python3.10/site-packages/airflow/example_dags/example_branch_operator.py for tasks to queue
[2025-06-09T17:33:20.653+0200] {logging_mixin.py:188} INFO - [2025-06-09T17:33:20.652+0200] {dagbag.py:540} INFO - Filling up the DagBag from /home/ccd/airflow_venv/lib/python3.10/site-packages/airflow/example_dags/example_branch_operator.py
[2025-06-09T17:33:20.697+0200] {processor.py:842} WARNING - No viable dags retrieved from /home/ccd/airflow_venv/lib/python3.10/site-packages/airflow/example_dags/example_branch_operator.py
[2025-06-09T17:33:20.703+0200] {processor.py:183} INFO - Processing /home/ccd/airflow_venv/lib/python3.10/site-packages/airflow/example_dags/example_branch_operator.py took 0.066 seconds
[2025-06-09T17:34:14.636+0200] {processor.py:161} INFO - Started process (PID=108084) to work on /home/ccd/airflow_venv/lib/python3.10/site-packages/airflow/example_dags/example_branch_operator.py
[2025-06-09T17:34:14.646+0200] {processor.py:830} INFO - Processing file /home/ccd/airflow_venv/lib/python3.10/site-packages/airflow/example_dags/example_branch_operator.py for tasks to queue
[2025-06-09T17:34:14.648+0200] {logging_mixin.py:188} INFO - [2025-06-09T17:34:14.648+0200] {dagbag.py:540} INFO - Filling up the DagBag from /home/ccd/airflow_venv/lib/python3.10/site-packages/airflow/example_dags/example_branch_operator.py
[2025-06-09T17:34:14.707+0200] {processor.py:842} WARNING - No viable dags retrieved from /home/ccd/airflow_venv/lib/python3.10/site-packages/airflow/example_dags/example_branch_operator.py
[2025-06-09T17:34:14.713+0200] {processor.py:183} INFO - Processing /home/ccd/airflow_venv/lib/python3.10/site-packages/airflow/example_dags/example_branch_operator.py took 0.082 seconds
[2025-06-09T17:35:09.133+0200] {processor.py:161} INFO - Started process (PID=108391) to work on /home/ccd/airflow_venv/lib/python3.10/site-packages/airflow/example_dags/example_branch_operator.py
[2025-06-09T17:35:09.144+0200] {processor.py:830} INFO - Processing file /home/ccd/airflow_venv/lib/python3.10/site-packages/airflow/example_dags/example_branch_operator.py for tasks to queue
[2025-06-09T17:35:09.145+0200] {logging_mixin.py:188} INFO - [2025-06-09T17:35:09.145+0200] {dagbag.py:540} INFO - Filling up the DagBag from /home/ccd/airflow_venv/lib/python3.10/site-packages/airflow/example_dags/example_branch_operator.py
[2025-06-09T17:35:09.207+0200] {processor.py:842} WARNING - No viable dags retrieved from /home/ccd/airflow_venv/lib/python3.10/site-packages/airflow/example_dags/example_branch_operator.py
[2025-06-09T17:35:09.215+0200] {processor.py:183} INFO - Processing /home/ccd/airflow_venv/lib/python3.10/site-packages/airflow/example_dags/example_branch_operator.py took 0.086 seconds
[2025-06-09T17:36:04.162+0200] {processor.py:161} INFO - Started process (PID=108743) to work on /home/ccd/airflow_venv/lib/python3.10/site-packages/airflow/example_dags/example_branch_operator.py
[2025-06-09T17:36:04.163+0200] {processor.py:830} INFO - Processing file /home/ccd/airflow_venv/lib/python3.10/site-packages/airflow/example_dags/example_branch_operator.py for tasks to queue
[2025-06-09T17:36:04.164+0200] {logging_mixin.py:188} INFO - [2025-06-09T17:36:04.164+0200] {dagbag.py:540} INFO - Filling up the DagBag from /home/ccd/airflow_venv/lib/python3.10/site-packages/airflow/example_dags/example_branch_operator.py
[2025-06-09T17:36:04.236+0200] {processor.py:842} WARNING - No viable dags retrieved from /home/ccd/airflow_venv/lib/python3.10/site-packages/airflow/example_dags/example_branch_operator.py
[2025-06-09T17:36:04.244+0200] {processor.py:183} INFO - Processing /home/ccd/airflow_venv/lib/python3.10/site-packages/airflow/example_dags/example_branch_operator.py took 0.086 seconds
[2025-06-09T17:37:02.942+0200] {processor.py:161} INFO - Started process (PID=109059) to work on /home/ccd/airflow_venv/lib/python3.10/site-packages/airflow/example_dags/example_branch_operator.py
[2025-06-09T17:37:02.943+0200] {processor.py:830} INFO - Processing file /home/ccd/airflow_venv/lib/python3.10/site-packages/airflow/example_dags/example_branch_operator.py for tasks to queue
[2025-06-09T17:37:02.945+0200] {logging_mixin.py:188} INFO - [2025-06-09T17:37:02.945+0200] {dagbag.py:540} INFO - Filling up the DagBag from /home/ccd/airflow_venv/lib/python3.10/site-packages/airflow/example_dags/example_branch_operator.py
[2025-06-09T17:37:03.014+0200] {processor.py:842} WARNING - No viable dags retrieved from /home/ccd/airflow_venv/lib/python3.10/site-packages/airflow/example_dags/example_branch_operator.py
[2025-06-09T17:37:03.021+0200] {processor.py:183} INFO - Processing /home/ccd/airflow_venv/lib/python3.10/site-packages/airflow/example_dags/example_branch_operator.py took 0.083 seconds
[2025-06-09T17:38:24.873+0200] {processor.py:161} INFO - Started process (PID=109911) to work on /home/ccd/airflow_venv/lib/python3.10/site-packages/airflow/example_dags/example_branch_operator.py
[2025-06-09T17:38:24.876+0200] {processor.py:830} INFO - Processing file /home/ccd/airflow_venv/lib/python3.10/site-packages/airflow/example_dags/example_branch_operator.py for tasks to queue
[2025-06-09T17:38:24.879+0200] {logging_mixin.py:188} INFO - [2025-06-09T17:38:24.878+0200] {dagbag.py:540} INFO - Filling up the DagBag from /home/ccd/airflow_venv/lib/python3.10/site-packages/airflow/example_dags/example_branch_operator.py
[2025-06-09T17:38:24.976+0200] {processor.py:842} WARNING - No viable dags retrieved from /home/ccd/airflow_venv/lib/python3.10/site-packages/airflow/example_dags/example_branch_operator.py
[2025-06-09T17:38:24.988+0200] {processor.py:183} INFO - Processing /home/ccd/airflow_venv/lib/python3.10/site-packages/airflow/example_dags/example_branch_operator.py took 0.122 seconds
[2025-06-09T17:39:43.881+0200] {processor.py:161} INFO - Started process (PID=110618) to work on /home/ccd/airflow_venv/lib/python3.10/site-packages/airflow/example_dags/example_branch_operator.py
[2025-06-09T17:39:43.884+0200] {processor.py:830} INFO - Processing file /home/ccd/airflow_venv/lib/python3.10/site-packages/airflow/example_dags/example_branch_operator.py for tasks to queue
[2025-06-09T17:39:43.885+0200] {logging_mixin.py:188} INFO - [2025-06-09T17:39:43.884+0200] {dagbag.py:540} INFO - Filling up the DagBag from /home/ccd/airflow_venv/lib/python3.10/site-packages/airflow/example_dags/example_branch_operator.py
[2025-06-09T17:39:43.937+0200] {processor.py:842} WARNING - No viable dags retrieved from /home/ccd/airflow_venv/lib/python3.10/site-packages/airflow/example_dags/example_branch_operator.py
[2025-06-09T17:39:43.944+0200] {processor.py:183} INFO - Processing /home/ccd/airflow_venv/lib/python3.10/site-packages/airflow/example_dags/example_branch_operator.py took 0.066 seconds
[2025-06-09T17:40:56.842+0200] {processor.py:161} INFO - Started process (PID=111136) to work on /home/ccd/airflow_venv/lib/python3.10/site-packages/airflow/example_dags/example_branch_operator.py
[2025-06-09T17:40:56.854+0200] {processor.py:830} INFO - Processing file /home/ccd/airflow_venv/lib/python3.10/site-packages/airflow/example_dags/example_branch_operator.py for tasks to queue
[2025-06-09T17:40:56.856+0200] {logging_mixin.py:188} INFO - [2025-06-09T17:40:56.855+0200] {dagbag.py:540} INFO - Filling up the DagBag from /home/ccd/airflow_venv/lib/python3.10/site-packages/airflow/example_dags/example_branch_operator.py
[2025-06-09T17:40:56.920+0200] {processor.py:842} WARNING - No viable dags retrieved from /home/ccd/airflow_venv/lib/python3.10/site-packages/airflow/example_dags/example_branch_operator.py
[2025-06-09T17:40:56.928+0200] {processor.py:183} INFO - Processing /home/ccd/airflow_venv/lib/python3.10/site-packages/airflow/example_dags/example_branch_operator.py took 0.089 seconds
[2025-06-09T17:42:08.565+0200] {processor.py:161} INFO - Started process (PID=111587) to work on /home/ccd/airflow_venv/lib/python3.10/site-packages/airflow/example_dags/example_branch_operator.py
[2025-06-09T17:42:08.566+0200] {processor.py:830} INFO - Processing file /home/ccd/airflow_venv/lib/python3.10/site-packages/airflow/example_dags/example_branch_operator.py for tasks to queue
[2025-06-09T17:42:08.568+0200] {logging_mixin.py:188} INFO - [2025-06-09T17:42:08.567+0200] {dagbag.py:540} INFO - Filling up the DagBag from /home/ccd/airflow_venv/lib/python3.10/site-packages/airflow/example_dags/example_branch_operator.py
[2025-06-09T17:42:08.637+0200] {processor.py:842} WARNING - No viable dags retrieved from /home/ccd/airflow_venv/lib/python3.10/site-packages/airflow/example_dags/example_branch_operator.py
[2025-06-09T17:42:08.646+0200] {processor.py:183} INFO - Processing /home/ccd/airflow_venv/lib/python3.10/site-packages/airflow/example_dags/example_branch_operator.py took 0.086 seconds
[2025-06-09T17:44:06.646+0200] {processor.py:161} INFO - Started process (PID=112502) to work on /home/ccd/airflow_venv/lib/python3.10/site-packages/airflow/example_dags/example_branch_operator.py
[2025-06-09T17:44:06.648+0200] {processor.py:830} INFO - Processing file /home/ccd/airflow_venv/lib/python3.10/site-packages/airflow/example_dags/example_branch_operator.py for tasks to queue
[2025-06-09T17:44:06.650+0200] {logging_mixin.py:188} INFO - [2025-06-09T17:44:06.649+0200] {dagbag.py:540} INFO - Filling up the DagBag from /home/ccd/airflow_venv/lib/python3.10/site-packages/airflow/example_dags/example_branch_operator.py
[2025-06-09T17:44:06.710+0200] {processor.py:842} WARNING - No viable dags retrieved from /home/ccd/airflow_venv/lib/python3.10/site-packages/airflow/example_dags/example_branch_operator.py
[2025-06-09T17:44:06.717+0200] {processor.py:183} INFO - Processing /home/ccd/airflow_venv/lib/python3.10/site-packages/airflow/example_dags/example_branch_operator.py took 0.074 seconds
[2025-06-09T17:45:21.166+0200] {processor.py:161} INFO - Started process (PID=113057) to work on /home/ccd/airflow_venv/lib/python3.10/site-packages/airflow/example_dags/example_branch_operator.py
[2025-06-09T17:45:21.176+0200] {processor.py:830} INFO - Processing file /home/ccd/airflow_venv/lib/python3.10/site-packages/airflow/example_dags/example_branch_operator.py for tasks to queue
[2025-06-09T17:45:21.178+0200] {logging_mixin.py:188} INFO - [2025-06-09T17:45:21.177+0200] {dagbag.py:540} INFO - Filling up the DagBag from /home/ccd/airflow_venv/lib/python3.10/site-packages/airflow/example_dags/example_branch_operator.py
[2025-06-09T17:45:21.248+0200] {processor.py:842} WARNING - No viable dags retrieved from /home/ccd/airflow_venv/lib/python3.10/site-packages/airflow/example_dags/example_branch_operator.py
[2025-06-09T17:45:21.255+0200] {processor.py:183} INFO - Processing /home/ccd/airflow_venv/lib/python3.10/site-packages/airflow/example_dags/example_branch_operator.py took 0.094 seconds
[2025-06-09T17:46:26.233+0200] {processor.py:161} INFO - Started process (PID=113472) to work on /home/ccd/airflow_venv/lib/python3.10/site-packages/airflow/example_dags/example_branch_operator.py
[2025-06-09T17:46:26.245+0200] {processor.py:830} INFO - Processing file /home/ccd/airflow_venv/lib/python3.10/site-packages/airflow/example_dags/example_branch_operator.py for tasks to queue
[2025-06-09T17:46:26.247+0200] {logging_mixin.py:188} INFO - [2025-06-09T17:46:26.246+0200] {dagbag.py:540} INFO - Filling up the DagBag from /home/ccd/airflow_venv/lib/python3.10/site-packages/airflow/example_dags/example_branch_operator.py
[2025-06-09T17:46:26.315+0200] {processor.py:842} WARNING - No viable dags retrieved from /home/ccd/airflow_venv/lib/python3.10/site-packages/airflow/example_dags/example_branch_operator.py
[2025-06-09T17:46:26.323+0200] {processor.py:183} INFO - Processing /home/ccd/airflow_venv/lib/python3.10/site-packages/airflow/example_dags/example_branch_operator.py took 0.095 seconds
[2025-06-09T17:47:31.120+0200] {processor.py:161} INFO - Started process (PID=113881) to work on /home/ccd/airflow_venv/lib/python3.10/site-packages/airflow/example_dags/example_branch_operator.py
[2025-06-09T17:47:31.131+0200] {processor.py:830} INFO - Processing file /home/ccd/airflow_venv/lib/python3.10/site-packages/airflow/example_dags/example_branch_operator.py for tasks to queue
[2025-06-09T17:47:31.133+0200] {logging_mixin.py:188} INFO - [2025-06-09T17:47:31.132+0200] {dagbag.py:540} INFO - Filling up the DagBag from /home/ccd/airflow_venv/lib/python3.10/site-packages/airflow/example_dags/example_branch_operator.py
[2025-06-09T17:47:31.180+0200] {processor.py:842} WARNING - No viable dags retrieved from /home/ccd/airflow_venv/lib/python3.10/site-packages/airflow/example_dags/example_branch_operator.py
[2025-06-09T17:47:31.187+0200] {processor.py:183} INFO - Processing /home/ccd/airflow_venv/lib/python3.10/site-packages/airflow/example_dags/example_branch_operator.py took 0.071 seconds
[2025-06-09T17:50:47.913+0200] {processor.py:161} INFO - Started process (PID=117959) to work on /home/ccd/airflow_venv/lib/python3.10/site-packages/airflow/example_dags/example_branch_operator.py
[2025-06-09T17:50:47.924+0200] {processor.py:830} INFO - Processing file /home/ccd/airflow_venv/lib/python3.10/site-packages/airflow/example_dags/example_branch_operator.py for tasks to queue
[2025-06-09T17:50:47.926+0200] {logging_mixin.py:188} INFO - [2025-06-09T17:50:47.925+0200] {dagbag.py:540} INFO - Filling up the DagBag from /home/ccd/airflow_venv/lib/python3.10/site-packages/airflow/example_dags/example_branch_operator.py
[2025-06-09T17:50:47.986+0200] {processor.py:842} WARNING - No viable dags retrieved from /home/ccd/airflow_venv/lib/python3.10/site-packages/airflow/example_dags/example_branch_operator.py
[2025-06-09T17:50:47.994+0200] {processor.py:183} INFO - Processing /home/ccd/airflow_venv/lib/python3.10/site-packages/airflow/example_dags/example_branch_operator.py took 0.085 seconds
[2025-06-09T17:52:05.130+0200] {processor.py:161} INFO - Started process (PID=118618) to work on /home/ccd/airflow_venv/lib/python3.10/site-packages/airflow/example_dags/example_branch_operator.py
[2025-06-09T17:52:05.140+0200] {processor.py:830} INFO - Processing file /home/ccd/airflow_venv/lib/python3.10/site-packages/airflow/example_dags/example_branch_operator.py for tasks to queue
[2025-06-09T17:52:05.142+0200] {logging_mixin.py:188} INFO - [2025-06-09T17:52:05.141+0200] {dagbag.py:540} INFO - Filling up the DagBag from /home/ccd/airflow_venv/lib/python3.10/site-packages/airflow/example_dags/example_branch_operator.py
[2025-06-09T17:52:05.202+0200] {processor.py:842} WARNING - No viable dags retrieved from /home/ccd/airflow_venv/lib/python3.10/site-packages/airflow/example_dags/example_branch_operator.py
[2025-06-09T17:52:05.209+0200] {processor.py:183} INFO - Processing /home/ccd/airflow_venv/lib/python3.10/site-packages/airflow/example_dags/example_branch_operator.py took 0.084 seconds
[2025-06-09T17:53:03.524+0200] {processor.py:161} INFO - Started process (PID=118960) to work on /home/ccd/airflow_venv/lib/python3.10/site-packages/airflow/example_dags/example_branch_operator.py
[2025-06-09T17:53:03.535+0200] {processor.py:830} INFO - Processing file /home/ccd/airflow_venv/lib/python3.10/site-packages/airflow/example_dags/example_branch_operator.py for tasks to queue
[2025-06-09T17:53:03.536+0200] {logging_mixin.py:188} INFO - [2025-06-09T17:53:03.536+0200] {dagbag.py:540} INFO - Filling up the DagBag from /home/ccd/airflow_venv/lib/python3.10/site-packages/airflow/example_dags/example_branch_operator.py
[2025-06-09T17:53:03.597+0200] {processor.py:842} WARNING - No viable dags retrieved from /home/ccd/airflow_venv/lib/python3.10/site-packages/airflow/example_dags/example_branch_operator.py
[2025-06-09T17:53:03.606+0200] {processor.py:183} INFO - Processing /home/ccd/airflow_venv/lib/python3.10/site-packages/airflow/example_dags/example_branch_operator.py took 0.086 seconds
[2025-06-09T17:56:30.123+0200] {processor.py:161} INFO - Started process (PID=122552) to work on /home/ccd/airflow_venv/lib/python3.10/site-packages/airflow/example_dags/example_branch_operator.py
[2025-06-09T17:56:30.136+0200] {processor.py:830} INFO - Processing file /home/ccd/airflow_venv/lib/python3.10/site-packages/airflow/example_dags/example_branch_operator.py for tasks to queue
[2025-06-09T17:56:30.137+0200] {logging_mixin.py:188} INFO - [2025-06-09T17:56:30.137+0200] {dagbag.py:540} INFO - Filling up the DagBag from /home/ccd/airflow_venv/lib/python3.10/site-packages/airflow/example_dags/example_branch_operator.py
[2025-06-09T17:56:30.206+0200] {processor.py:842} WARNING - No viable dags retrieved from /home/ccd/airflow_venv/lib/python3.10/site-packages/airflow/example_dags/example_branch_operator.py
[2025-06-09T17:56:30.214+0200] {processor.py:183} INFO - Processing /home/ccd/airflow_venv/lib/python3.10/site-packages/airflow/example_dags/example_branch_operator.py took 0.095 seconds
[2025-06-09T17:57:29.928+0200] {processor.py:161} INFO - Started process (PID=122967) to work on /home/ccd/airflow_venv/lib/python3.10/site-packages/airflow/example_dags/example_branch_operator.py
[2025-06-09T17:57:29.936+0200] {processor.py:830} INFO - Processing file /home/ccd/airflow_venv/lib/python3.10/site-packages/airflow/example_dags/example_branch_operator.py for tasks to queue
[2025-06-09T17:57:29.938+0200] {logging_mixin.py:188} INFO - [2025-06-09T17:57:29.937+0200] {dagbag.py:540} INFO - Filling up the DagBag from /home/ccd/airflow_venv/lib/python3.10/site-packages/airflow/example_dags/example_branch_operator.py
[2025-06-09T17:57:30.001+0200] {processor.py:842} WARNING - No viable dags retrieved from /home/ccd/airflow_venv/lib/python3.10/site-packages/airflow/example_dags/example_branch_operator.py
[2025-06-09T17:57:30.010+0200] {processor.py:183} INFO - Processing /home/ccd/airflow_venv/lib/python3.10/site-packages/airflow/example_dags/example_branch_operator.py took 0.089 seconds
[2025-06-09T17:58:31.456+0200] {processor.py:161} INFO - Started process (PID=123379) to work on /home/ccd/airflow_venv/lib/python3.10/site-packages/airflow/example_dags/example_branch_operator.py
[2025-06-09T17:58:31.466+0200] {processor.py:830} INFO - Processing file /home/ccd/airflow_venv/lib/python3.10/site-packages/airflow/example_dags/example_branch_operator.py for tasks to queue
[2025-06-09T17:58:31.469+0200] {logging_mixin.py:188} INFO - [2025-06-09T17:58:31.468+0200] {dagbag.py:540} INFO - Filling up the DagBag from /home/ccd/airflow_venv/lib/python3.10/site-packages/airflow/example_dags/example_branch_operator.py
[2025-06-09T17:58:32.905+0200] {processor.py:842} WARNING - No viable dags retrieved from /home/ccd/airflow_venv/lib/python3.10/site-packages/airflow/example_dags/example_branch_operator.py
[2025-06-09T17:58:32.983+0200] {processor.py:183} INFO - Processing /home/ccd/airflow_venv/lib/python3.10/site-packages/airflow/example_dags/example_branch_operator.py took 1.546 seconds
[2025-06-09T18:02:03.554+0200] {processor.py:161} INFO - Started process (PID=126900) to work on /home/ccd/airflow_venv/lib/python3.10/site-packages/airflow/example_dags/example_branch_operator.py
[2025-06-09T18:02:03.566+0200] {processor.py:830} INFO - Processing file /home/ccd/airflow_venv/lib/python3.10/site-packages/airflow/example_dags/example_branch_operator.py for tasks to queue
[2025-06-09T18:02:03.567+0200] {logging_mixin.py:188} INFO - [2025-06-09T18:02:03.567+0200] {dagbag.py:540} INFO - Filling up the DagBag from /home/ccd/airflow_venv/lib/python3.10/site-packages/airflow/example_dags/example_branch_operator.py
[2025-06-09T18:02:03.631+0200] {processor.py:842} WARNING - No viable dags retrieved from /home/ccd/airflow_venv/lib/python3.10/site-packages/airflow/example_dags/example_branch_operator.py
[2025-06-09T18:02:03.639+0200] {processor.py:183} INFO - Processing /home/ccd/airflow_venv/lib/python3.10/site-packages/airflow/example_dags/example_branch_operator.py took 0.088 seconds
