[2025-06-09T17:29:21.357+0200] {processor.py:161} INFO - Started process (PID=106168) to work on /home/ccd/airflow_venv/lib/python3.10/site-packages/airflow/example_dags/example_nested_branch_dag.py
[2025-06-09T17:29:21.358+0200] {processor.py:830} INFO - Processing file /home/ccd/airflow_venv/lib/python3.10/site-packages/airflow/example_dags/example_nested_branch_dag.py for tasks to queue
[2025-06-09T17:29:21.359+0200] {logging_mixin.py:188} INFO - [2025-06-09T17:29:21.359+0200] {dagbag.py:540} INFO - Filling up the DagBag from /home/ccd/airflow_venv/lib/python3.10/site-packages/airflow/example_dags/example_nested_branch_dag.py
[2025-06-09T17:29:21.366+0200] {processor.py:840} INFO - DAG(s) 'example_nested_branch_dag' retrieved from /home/ccd/airflow_venv/lib/python3.10/site-packages/airflow/example_dags/example_nested_branch_dag.py
[2025-06-09T17:29:21.372+0200] {logging_mixin.py:188} INFO - [2025-06-09T17:29:21.371+0200] {dag.py:3096} INFO - Sync 1 DAGs
[2025-06-09T17:29:21.386+0200] {logging_mixin.py:188} INFO - [2025-06-09T17:29:21.385+0200] {dag.py:3954} INFO - Setting next_dagrun for example_nested_branch_dag to 2025-06-08 00:00:00+00:00, run_after=2025-06-09 00:00:00+00:00
[2025-06-09T17:29:21.418+0200] {processor.py:183} INFO - Processing /home/ccd/airflow_venv/lib/python3.10/site-packages/airflow/example_dags/example_nested_branch_dag.py took 0.065 seconds
[2025-06-09T17:30:48.976+0200] {processor.py:161} INFO - Started process (PID=106872) to work on /home/ccd/airflow_venv/lib/python3.10/site-packages/airflow/example_dags/example_nested_branch_dag.py
[2025-06-09T17:30:48.987+0200] {processor.py:830} INFO - Processing file /home/ccd/airflow_venv/lib/python3.10/site-packages/airflow/example_dags/example_nested_branch_dag.py for tasks to queue
[2025-06-09T17:30:48.988+0200] {logging_mixin.py:188} INFO - [2025-06-09T17:30:48.988+0200] {dagbag.py:540} INFO - Filling up the DagBag from /home/ccd/airflow_venv/lib/python3.10/site-packages/airflow/example_dags/example_nested_branch_dag.py
[2025-06-09T17:30:48.996+0200] {processor.py:840} INFO - DAG(s) 'example_nested_branch_dag' retrieved from /home/ccd/airflow_venv/lib/python3.10/site-packages/airflow/example_dags/example_nested_branch_dag.py
[2025-06-09T17:30:49.055+0200] {logging_mixin.py:188} INFO - [2025-06-09T17:30:49.055+0200] {dag.py:3096} INFO - Sync 1 DAGs
[2025-06-09T17:30:49.068+0200] {logging_mixin.py:188} INFO - [2025-06-09T17:30:49.068+0200] {dag.py:3954} INFO - Setting next_dagrun for example_nested_branch_dag to 2025-06-08 00:00:00+00:00, run_after=2025-06-09 00:00:00+00:00
[2025-06-09T17:30:49.091+0200] {processor.py:183} INFO - Processing /home/ccd/airflow_venv/lib/python3.10/site-packages/airflow/example_dags/example_nested_branch_dag.py took 0.119 seconds
[2025-06-09T17:31:49.580+0200] {processor.py:161} INFO - Started process (PID=107245) to work on /home/ccd/airflow_venv/lib/python3.10/site-packages/airflow/example_dags/example_nested_branch_dag.py
[2025-06-09T17:31:49.583+0200] {processor.py:830} INFO - Processing file /home/ccd/airflow_venv/lib/python3.10/site-packages/airflow/example_dags/example_nested_branch_dag.py for tasks to queue
[2025-06-09T17:31:49.584+0200] {logging_mixin.py:188} INFO - [2025-06-09T17:31:49.584+0200] {dagbag.py:540} INFO - Filling up the DagBag from /home/ccd/airflow_venv/lib/python3.10/site-packages/airflow/example_dags/example_nested_branch_dag.py
[2025-06-09T17:31:49.594+0200] {processor.py:840} INFO - DAG(s) 'example_nested_branch_dag' retrieved from /home/ccd/airflow_venv/lib/python3.10/site-packages/airflow/example_dags/example_nested_branch_dag.py
[2025-06-09T17:31:49.609+0200] {logging_mixin.py:188} INFO - [2025-06-09T17:31:49.609+0200] {dag.py:3096} INFO - Sync 1 DAGs
[2025-06-09T17:31:49.625+0200] {logging_mixin.py:188} INFO - [2025-06-09T17:31:49.625+0200] {dag.py:3954} INFO - Setting next_dagrun for example_nested_branch_dag to 2025-06-08 00:00:00+00:00, run_after=2025-06-09 00:00:00+00:00
[2025-06-09T17:31:49.650+0200] {processor.py:183} INFO - Processing /home/ccd/airflow_venv/lib/python3.10/site-packages/airflow/example_dags/example_nested_branch_dag.py took 0.074 seconds
[2025-06-09T17:32:43.973+0200] {processor.py:161} INFO - Started process (PID=107553) to work on /home/ccd/airflow_venv/lib/python3.10/site-packages/airflow/example_dags/example_nested_branch_dag.py
[2025-06-09T17:32:43.983+0200] {processor.py:830} INFO - Processing file /home/ccd/airflow_venv/lib/python3.10/site-packages/airflow/example_dags/example_nested_branch_dag.py for tasks to queue
[2025-06-09T17:32:43.985+0200] {logging_mixin.py:188} INFO - [2025-06-09T17:32:43.984+0200] {dagbag.py:540} INFO - Filling up the DagBag from /home/ccd/airflow_venv/lib/python3.10/site-packages/airflow/example_dags/example_nested_branch_dag.py
[2025-06-09T17:32:43.991+0200] {processor.py:840} INFO - DAG(s) 'example_nested_branch_dag' retrieved from /home/ccd/airflow_venv/lib/python3.10/site-packages/airflow/example_dags/example_nested_branch_dag.py
[2025-06-09T17:32:44.002+0200] {logging_mixin.py:188} INFO - [2025-06-09T17:32:44.002+0200] {dag.py:3096} INFO - Sync 1 DAGs
[2025-06-09T17:32:44.014+0200] {logging_mixin.py:188} INFO - [2025-06-09T17:32:44.014+0200] {dag.py:3954} INFO - Setting next_dagrun for example_nested_branch_dag to 2025-06-08 00:00:00+00:00, run_after=2025-06-09 00:00:00+00:00
[2025-06-09T17:32:44.034+0200] {processor.py:183} INFO - Processing /home/ccd/airflow_venv/lib/python3.10/site-packages/airflow/example_dags/example_nested_branch_dag.py took 0.066 seconds
[2025-06-09T17:33:39.145+0200] {processor.py:161} INFO - Started process (PID=107864) to work on /home/ccd/airflow_venv/lib/python3.10/site-packages/airflow/example_dags/example_nested_branch_dag.py
[2025-06-09T17:33:39.148+0200] {processor.py:830} INFO - Processing file /home/ccd/airflow_venv/lib/python3.10/site-packages/airflow/example_dags/example_nested_branch_dag.py for tasks to queue
[2025-06-09T17:33:39.149+0200] {logging_mixin.py:188} INFO - [2025-06-09T17:33:39.149+0200] {dagbag.py:540} INFO - Filling up the DagBag from /home/ccd/airflow_venv/lib/python3.10/site-packages/airflow/example_dags/example_nested_branch_dag.py
[2025-06-09T17:33:39.156+0200] {processor.py:840} INFO - DAG(s) 'example_nested_branch_dag' retrieved from /home/ccd/airflow_venv/lib/python3.10/site-packages/airflow/example_dags/example_nested_branch_dag.py
[2025-06-09T17:33:39.167+0200] {logging_mixin.py:188} INFO - [2025-06-09T17:33:39.167+0200] {dag.py:3096} INFO - Sync 1 DAGs
[2025-06-09T17:33:39.179+0200] {logging_mixin.py:188} INFO - [2025-06-09T17:33:39.178+0200] {dag.py:3954} INFO - Setting next_dagrun for example_nested_branch_dag to 2025-06-08 00:00:00+00:00, run_after=2025-06-09 00:00:00+00:00
[2025-06-09T17:33:39.200+0200] {processor.py:183} INFO - Processing /home/ccd/airflow_venv/lib/python3.10/site-packages/airflow/example_dags/example_nested_branch_dag.py took 0.059 seconds
[2025-06-09T17:34:32.622+0200] {processor.py:161} INFO - Started process (PID=108181) to work on /home/ccd/airflow_venv/lib/python3.10/site-packages/airflow/example_dags/example_nested_branch_dag.py
[2025-06-09T17:34:32.633+0200] {processor.py:830} INFO - Processing file /home/ccd/airflow_venv/lib/python3.10/site-packages/airflow/example_dags/example_nested_branch_dag.py for tasks to queue
[2025-06-09T17:34:32.634+0200] {logging_mixin.py:188} INFO - [2025-06-09T17:34:32.634+0200] {dagbag.py:540} INFO - Filling up the DagBag from /home/ccd/airflow_venv/lib/python3.10/site-packages/airflow/example_dags/example_nested_branch_dag.py
[2025-06-09T17:34:32.641+0200] {processor.py:840} INFO - DAG(s) 'example_nested_branch_dag' retrieved from /home/ccd/airflow_venv/lib/python3.10/site-packages/airflow/example_dags/example_nested_branch_dag.py
[2025-06-09T17:34:32.652+0200] {logging_mixin.py:188} INFO - [2025-06-09T17:34:32.652+0200] {dag.py:3096} INFO - Sync 1 DAGs
[2025-06-09T17:34:32.665+0200] {logging_mixin.py:188} INFO - [2025-06-09T17:34:32.664+0200] {dag.py:3954} INFO - Setting next_dagrun for example_nested_branch_dag to 2025-06-08 00:00:00+00:00, run_after=2025-06-09 00:00:00+00:00
[2025-06-09T17:34:32.686+0200] {processor.py:183} INFO - Processing /home/ccd/airflow_venv/lib/python3.10/site-packages/airflow/example_dags/example_nested_branch_dag.py took 0.068 seconds
[2025-06-09T17:35:26.404+0200] {processor.py:161} INFO - Started process (PID=108487) to work on /home/ccd/airflow_venv/lib/python3.10/site-packages/airflow/example_dags/example_nested_branch_dag.py
[2025-06-09T17:35:26.405+0200] {processor.py:830} INFO - Processing file /home/ccd/airflow_venv/lib/python3.10/site-packages/airflow/example_dags/example_nested_branch_dag.py for tasks to queue
[2025-06-09T17:35:26.407+0200] {logging_mixin.py:188} INFO - [2025-06-09T17:35:26.407+0200] {dagbag.py:540} INFO - Filling up the DagBag from /home/ccd/airflow_venv/lib/python3.10/site-packages/airflow/example_dags/example_nested_branch_dag.py
[2025-06-09T17:35:26.418+0200] {processor.py:840} INFO - DAG(s) 'example_nested_branch_dag' retrieved from /home/ccd/airflow_venv/lib/python3.10/site-packages/airflow/example_dags/example_nested_branch_dag.py
[2025-06-09T17:35:26.434+0200] {logging_mixin.py:188} INFO - [2025-06-09T17:35:26.433+0200] {dag.py:3096} INFO - Sync 1 DAGs
[2025-06-09T17:35:26.448+0200] {logging_mixin.py:188} INFO - [2025-06-09T17:35:26.447+0200] {dag.py:3954} INFO - Setting next_dagrun for example_nested_branch_dag to 2025-06-08 00:00:00+00:00, run_after=2025-06-09 00:00:00+00:00
[2025-06-09T17:35:26.476+0200] {processor.py:183} INFO - Processing /home/ccd/airflow_venv/lib/python3.10/site-packages/airflow/example_dags/example_nested_branch_dag.py took 0.078 seconds
[2025-06-09T17:36:23.964+0200] {processor.py:161} INFO - Started process (PID=108844) to work on /home/ccd/airflow_venv/lib/python3.10/site-packages/airflow/example_dags/example_nested_branch_dag.py
[2025-06-09T17:36:23.975+0200] {processor.py:830} INFO - Processing file /home/ccd/airflow_venv/lib/python3.10/site-packages/airflow/example_dags/example_nested_branch_dag.py for tasks to queue
[2025-06-09T17:36:23.976+0200] {logging_mixin.py:188} INFO - [2025-06-09T17:36:23.976+0200] {dagbag.py:540} INFO - Filling up the DagBag from /home/ccd/airflow_venv/lib/python3.10/site-packages/airflow/example_dags/example_nested_branch_dag.py
[2025-06-09T17:36:23.983+0200] {processor.py:840} INFO - DAG(s) 'example_nested_branch_dag' retrieved from /home/ccd/airflow_venv/lib/python3.10/site-packages/airflow/example_dags/example_nested_branch_dag.py
[2025-06-09T17:36:23.994+0200] {logging_mixin.py:188} INFO - [2025-06-09T17:36:23.994+0200] {dag.py:3096} INFO - Sync 1 DAGs
[2025-06-09T17:36:24.006+0200] {logging_mixin.py:188} INFO - [2025-06-09T17:36:24.006+0200] {dag.py:3954} INFO - Setting next_dagrun for example_nested_branch_dag to 2025-06-08 00:00:00+00:00, run_after=2025-06-09 00:00:00+00:00
[2025-06-09T17:36:24.028+0200] {processor.py:183} INFO - Processing /home/ccd/airflow_venv/lib/python3.10/site-packages/airflow/example_dags/example_nested_branch_dag.py took 0.069 seconds
[2025-06-09T17:37:22.915+0200] {processor.py:161} INFO - Started process (PID=109183) to work on /home/ccd/airflow_venv/lib/python3.10/site-packages/airflow/example_dags/example_nested_branch_dag.py
[2025-06-09T17:37:22.916+0200] {processor.py:830} INFO - Processing file /home/ccd/airflow_venv/lib/python3.10/site-packages/airflow/example_dags/example_nested_branch_dag.py for tasks to queue
[2025-06-09T17:37:22.917+0200] {logging_mixin.py:188} INFO - [2025-06-09T17:37:22.917+0200] {dagbag.py:540} INFO - Filling up the DagBag from /home/ccd/airflow_venv/lib/python3.10/site-packages/airflow/example_dags/example_nested_branch_dag.py
[2025-06-09T17:37:22.925+0200] {processor.py:840} INFO - DAG(s) 'example_nested_branch_dag' retrieved from /home/ccd/airflow_venv/lib/python3.10/site-packages/airflow/example_dags/example_nested_branch_dag.py
[2025-06-09T17:37:22.936+0200] {logging_mixin.py:188} INFO - [2025-06-09T17:37:22.936+0200] {dag.py:3096} INFO - Sync 1 DAGs
[2025-06-09T17:37:22.949+0200] {logging_mixin.py:188} INFO - [2025-06-09T17:37:22.948+0200] {dag.py:3954} INFO - Setting next_dagrun for example_nested_branch_dag to 2025-06-08 00:00:00+00:00, run_after=2025-06-09 00:00:00+00:00
[2025-06-09T17:37:22.971+0200] {processor.py:183} INFO - Processing /home/ccd/airflow_venv/lib/python3.10/site-packages/airflow/example_dags/example_nested_branch_dag.py took 0.061 seconds
[2025-06-09T17:38:53.431+0200] {processor.py:161} INFO - Started process (PID=110145) to work on /home/ccd/airflow_venv/lib/python3.10/site-packages/airflow/example_dags/example_nested_branch_dag.py
[2025-06-09T17:38:53.443+0200] {processor.py:830} INFO - Processing file /home/ccd/airflow_venv/lib/python3.10/site-packages/airflow/example_dags/example_nested_branch_dag.py for tasks to queue
[2025-06-09T17:38:53.448+0200] {logging_mixin.py:188} INFO - [2025-06-09T17:38:53.447+0200] {dagbag.py:540} INFO - Filling up the DagBag from /home/ccd/airflow_venv/lib/python3.10/site-packages/airflow/example_dags/example_nested_branch_dag.py
[2025-06-09T17:38:53.473+0200] {processor.py:840} INFO - DAG(s) 'example_nested_branch_dag' retrieved from /home/ccd/airflow_venv/lib/python3.10/site-packages/airflow/example_dags/example_nested_branch_dag.py
[2025-06-09T17:38:53.527+0200] {logging_mixin.py:188} INFO - [2025-06-09T17:38:53.526+0200] {dag.py:3096} INFO - Sync 1 DAGs
[2025-06-09T17:38:53.606+0200] {logging_mixin.py:188} INFO - [2025-06-09T17:38:53.605+0200] {dag.py:3954} INFO - Setting next_dagrun for example_nested_branch_dag to 2025-06-08 00:00:00+00:00, run_after=2025-06-09 00:00:00+00:00
[2025-06-09T17:38:53.995+0200] {processor.py:183} INFO - Processing /home/ccd/airflow_venv/lib/python3.10/site-packages/airflow/example_dags/example_nested_branch_dag.py took 0.572 seconds
[2025-06-09T17:40:07.270+0200] {processor.py:161} INFO - Started process (PID=110793) to work on /home/ccd/airflow_venv/lib/python3.10/site-packages/airflow/example_dags/example_nested_branch_dag.py
[2025-06-09T17:40:07.280+0200] {processor.py:830} INFO - Processing file /home/ccd/airflow_venv/lib/python3.10/site-packages/airflow/example_dags/example_nested_branch_dag.py for tasks to queue
[2025-06-09T17:40:07.281+0200] {logging_mixin.py:188} INFO - [2025-06-09T17:40:07.281+0200] {dagbag.py:540} INFO - Filling up the DagBag from /home/ccd/airflow_venv/lib/python3.10/site-packages/airflow/example_dags/example_nested_branch_dag.py
[2025-06-09T17:40:07.288+0200] {processor.py:840} INFO - DAG(s) 'example_nested_branch_dag' retrieved from /home/ccd/airflow_venv/lib/python3.10/site-packages/airflow/example_dags/example_nested_branch_dag.py
[2025-06-09T17:40:07.302+0200] {logging_mixin.py:188} INFO - [2025-06-09T17:40:07.302+0200] {dag.py:3096} INFO - Sync 1 DAGs
[2025-06-09T17:40:07.317+0200] {logging_mixin.py:188} INFO - [2025-06-09T17:40:07.316+0200] {dag.py:3954} INFO - Setting next_dagrun for example_nested_branch_dag to 2025-06-08 00:00:00+00:00, run_after=2025-06-09 00:00:00+00:00
[2025-06-09T17:40:07.339+0200] {processor.py:183} INFO - Processing /home/ccd/airflow_venv/lib/python3.10/site-packages/airflow/example_dags/example_nested_branch_dag.py took 0.074 seconds
[2025-06-09T17:41:23.361+0200] {processor.py:161} INFO - Started process (PID=111320) to work on /home/ccd/airflow_venv/lib/python3.10/site-packages/airflow/example_dags/example_nested_branch_dag.py
[2025-06-09T17:41:23.372+0200] {processor.py:830} INFO - Processing file /home/ccd/airflow_venv/lib/python3.10/site-packages/airflow/example_dags/example_nested_branch_dag.py for tasks to queue
[2025-06-09T17:41:23.373+0200] {logging_mixin.py:188} INFO - [2025-06-09T17:41:23.373+0200] {dagbag.py:540} INFO - Filling up the DagBag from /home/ccd/airflow_venv/lib/python3.10/site-packages/airflow/example_dags/example_nested_branch_dag.py
[2025-06-09T17:41:23.381+0200] {processor.py:840} INFO - DAG(s) 'example_nested_branch_dag' retrieved from /home/ccd/airflow_venv/lib/python3.10/site-packages/airflow/example_dags/example_nested_branch_dag.py
[2025-06-09T17:41:23.393+0200] {logging_mixin.py:188} INFO - [2025-06-09T17:41:23.392+0200] {dag.py:3096} INFO - Sync 1 DAGs
[2025-06-09T17:41:23.416+0200] {logging_mixin.py:188} INFO - [2025-06-09T17:41:23.415+0200] {dag.py:3954} INFO - Setting next_dagrun for example_nested_branch_dag to 2025-06-08 00:00:00+00:00, run_after=2025-06-09 00:00:00+00:00
[2025-06-09T17:41:23.505+0200] {processor.py:183} INFO - Processing /home/ccd/airflow_venv/lib/python3.10/site-packages/airflow/example_dags/example_nested_branch_dag.py took 0.149 seconds
[2025-06-09T17:42:27.567+0200] {processor.py:161} INFO - Started process (PID=111722) to work on /home/ccd/airflow_venv/lib/python3.10/site-packages/airflow/example_dags/example_nested_branch_dag.py
[2025-06-09T17:42:27.568+0200] {processor.py:830} INFO - Processing file /home/ccd/airflow_venv/lib/python3.10/site-packages/airflow/example_dags/example_nested_branch_dag.py for tasks to queue
[2025-06-09T17:42:27.568+0200] {logging_mixin.py:188} INFO - [2025-06-09T17:42:27.568+0200] {dagbag.py:540} INFO - Filling up the DagBag from /home/ccd/airflow_venv/lib/python3.10/site-packages/airflow/example_dags/example_nested_branch_dag.py
[2025-06-09T17:42:27.576+0200] {processor.py:840} INFO - DAG(s) 'example_nested_branch_dag' retrieved from /home/ccd/airflow_venv/lib/python3.10/site-packages/airflow/example_dags/example_nested_branch_dag.py
[2025-06-09T17:42:27.588+0200] {logging_mixin.py:188} INFO - [2025-06-09T17:42:27.588+0200] {dag.py:3096} INFO - Sync 1 DAGs
[2025-06-09T17:42:27.601+0200] {logging_mixin.py:188} INFO - [2025-06-09T17:42:27.601+0200] {dag.py:3954} INFO - Setting next_dagrun for example_nested_branch_dag to 2025-06-08 00:00:00+00:00, run_after=2025-06-09 00:00:00+00:00
[2025-06-09T17:42:27.624+0200] {processor.py:183} INFO - Processing /home/ccd/airflow_venv/lib/python3.10/site-packages/airflow/example_dags/example_nested_branch_dag.py took 0.061 seconds
[2025-06-09T17:43:33.635+0200] {processor.py:161} INFO - Started process (PID=112305) to work on /home/ccd/airflow_venv/lib/python3.10/site-packages/airflow/example_dags/example_nested_branch_dag.py
[2025-06-09T17:43:33.646+0200] {processor.py:830} INFO - Processing file /home/ccd/airflow_venv/lib/python3.10/site-packages/airflow/example_dags/example_nested_branch_dag.py for tasks to queue
[2025-06-09T17:43:33.647+0200] {logging_mixin.py:188} INFO - [2025-06-09T17:43:33.647+0200] {dagbag.py:540} INFO - Filling up the DagBag from /home/ccd/airflow_venv/lib/python3.10/site-packages/airflow/example_dags/example_nested_branch_dag.py
[2025-06-09T17:43:33.657+0200] {processor.py:840} INFO - DAG(s) 'example_nested_branch_dag' retrieved from /home/ccd/airflow_venv/lib/python3.10/site-packages/airflow/example_dags/example_nested_branch_dag.py
[2025-06-09T17:43:33.714+0200] {logging_mixin.py:188} INFO - [2025-06-09T17:43:33.714+0200] {dag.py:3096} INFO - Sync 1 DAGs
[2025-06-09T17:43:33.726+0200] {logging_mixin.py:188} INFO - [2025-06-09T17:43:33.725+0200] {dag.py:3954} INFO - Setting next_dagrun for example_nested_branch_dag to 2025-06-08 00:00:00+00:00, run_after=2025-06-09 00:00:00+00:00
[2025-06-09T17:43:33.809+0200] {processor.py:183} INFO - Processing /home/ccd/airflow_venv/lib/python3.10/site-packages/airflow/example_dags/example_nested_branch_dag.py took 0.178 seconds
[2025-06-09T17:44:42.479+0200] {processor.py:161} INFO - Started process (PID=112746) to work on /home/ccd/airflow_venv/lib/python3.10/site-packages/airflow/example_dags/example_nested_branch_dag.py
[2025-06-09T17:44:42.492+0200] {processor.py:830} INFO - Processing file /home/ccd/airflow_venv/lib/python3.10/site-packages/airflow/example_dags/example_nested_branch_dag.py for tasks to queue
[2025-06-09T17:44:42.494+0200] {logging_mixin.py:188} INFO - [2025-06-09T17:44:42.494+0200] {dagbag.py:540} INFO - Filling up the DagBag from /home/ccd/airflow_venv/lib/python3.10/site-packages/airflow/example_dags/example_nested_branch_dag.py
[2025-06-09T17:44:42.532+0200] {processor.py:840} INFO - DAG(s) 'example_nested_branch_dag' retrieved from /home/ccd/airflow_venv/lib/python3.10/site-packages/airflow/example_dags/example_nested_branch_dag.py
[2025-06-09T17:44:42.565+0200] {logging_mixin.py:188} INFO - [2025-06-09T17:44:42.564+0200] {dag.py:3096} INFO - Sync 1 DAGs
[2025-06-09T17:44:42.604+0200] {logging_mixin.py:188} INFO - [2025-06-09T17:44:42.603+0200] {dag.py:3954} INFO - Setting next_dagrun for example_nested_branch_dag to 2025-06-08 00:00:00+00:00, run_after=2025-06-09 00:00:00+00:00
[2025-06-09T17:44:42.676+0200] {processor.py:183} INFO - Processing /home/ccd/airflow_venv/lib/python3.10/site-packages/airflow/example_dags/example_nested_branch_dag.py took 0.212 seconds
[2025-06-09T17:45:52.463+0200] {processor.py:161} INFO - Started process (PID=113264) to work on /home/ccd/airflow_venv/lib/python3.10/site-packages/airflow/example_dags/example_nested_branch_dag.py
[2025-06-09T17:45:52.464+0200] {processor.py:830} INFO - Processing file /home/ccd/airflow_venv/lib/python3.10/site-packages/airflow/example_dags/example_nested_branch_dag.py for tasks to queue
[2025-06-09T17:45:52.465+0200] {logging_mixin.py:188} INFO - [2025-06-09T17:45:52.465+0200] {dagbag.py:540} INFO - Filling up the DagBag from /home/ccd/airflow_venv/lib/python3.10/site-packages/airflow/example_dags/example_nested_branch_dag.py
[2025-06-09T17:45:52.473+0200] {processor.py:840} INFO - DAG(s) 'example_nested_branch_dag' retrieved from /home/ccd/airflow_venv/lib/python3.10/site-packages/airflow/example_dags/example_nested_branch_dag.py
[2025-06-09T17:45:52.484+0200] {logging_mixin.py:188} INFO - [2025-06-09T17:45:52.484+0200] {dag.py:3096} INFO - Sync 1 DAGs
[2025-06-09T17:45:52.498+0200] {logging_mixin.py:188} INFO - [2025-06-09T17:45:52.498+0200] {dag.py:3954} INFO - Setting next_dagrun for example_nested_branch_dag to 2025-06-08 00:00:00+00:00, run_after=2025-06-09 00:00:00+00:00
[2025-06-09T17:45:52.521+0200] {processor.py:183} INFO - Processing /home/ccd/airflow_venv/lib/python3.10/site-packages/airflow/example_dags/example_nested_branch_dag.py took 0.062 seconds
[2025-06-09T17:46:54.409+0200] {processor.py:161} INFO - Started process (PID=113655) to work on /home/ccd/airflow_venv/lib/python3.10/site-packages/airflow/example_dags/example_nested_branch_dag.py
[2025-06-09T17:46:54.420+0200] {processor.py:830} INFO - Processing file /home/ccd/airflow_venv/lib/python3.10/site-packages/airflow/example_dags/example_nested_branch_dag.py for tasks to queue
[2025-06-09T17:46:54.421+0200] {logging_mixin.py:188} INFO - [2025-06-09T17:46:54.421+0200] {dagbag.py:540} INFO - Filling up the DagBag from /home/ccd/airflow_venv/lib/python3.10/site-packages/airflow/example_dags/example_nested_branch_dag.py
[2025-06-09T17:46:54.428+0200] {processor.py:840} INFO - DAG(s) 'example_nested_branch_dag' retrieved from /home/ccd/airflow_venv/lib/python3.10/site-packages/airflow/example_dags/example_nested_branch_dag.py
[2025-06-09T17:46:54.440+0200] {logging_mixin.py:188} INFO - [2025-06-09T17:46:54.440+0200] {dag.py:3096} INFO - Sync 1 DAGs
[2025-06-09T17:46:54.453+0200] {logging_mixin.py:188} INFO - [2025-06-09T17:46:54.453+0200] {dag.py:3954} INFO - Setting next_dagrun for example_nested_branch_dag to 2025-06-08 00:00:00+00:00, run_after=2025-06-09 00:00:00+00:00
[2025-06-09T17:46:54.475+0200] {processor.py:183} INFO - Processing /home/ccd/airflow_venv/lib/python3.10/site-packages/airflow/example_dags/example_nested_branch_dag.py took 0.070 seconds
[2025-06-09T17:49:54.240+0200] {processor.py:161} INFO - Started process (PID=117426) to work on /home/ccd/airflow_venv/lib/python3.10/site-packages/airflow/example_dags/example_nested_branch_dag.py
[2025-06-09T17:49:54.242+0200] {processor.py:830} INFO - Processing file /home/ccd/airflow_venv/lib/python3.10/site-packages/airflow/example_dags/example_nested_branch_dag.py for tasks to queue
[2025-06-09T17:49:54.243+0200] {logging_mixin.py:188} INFO - [2025-06-09T17:49:54.243+0200] {dagbag.py:540} INFO - Filling up the DagBag from /home/ccd/airflow_venv/lib/python3.10/site-packages/airflow/example_dags/example_nested_branch_dag.py
[2025-06-09T17:49:54.250+0200] {processor.py:840} INFO - DAG(s) 'example_nested_branch_dag' retrieved from /home/ccd/airflow_venv/lib/python3.10/site-packages/airflow/example_dags/example_nested_branch_dag.py
[2025-06-09T17:49:54.264+0200] {logging_mixin.py:188} INFO - [2025-06-09T17:49:54.264+0200] {dag.py:3096} INFO - Sync 1 DAGs
[2025-06-09T17:49:54.281+0200] {logging_mixin.py:188} INFO - [2025-06-09T17:49:54.281+0200] {dag.py:3954} INFO - Setting next_dagrun for example_nested_branch_dag to 2025-06-08 00:00:00+00:00, run_after=2025-06-09 00:00:00+00:00
[2025-06-09T17:49:54.307+0200] {processor.py:183} INFO - Processing /home/ccd/airflow_venv/lib/python3.10/site-packages/airflow/example_dags/example_nested_branch_dag.py took 0.073 seconds
[2025-06-09T17:51:26.571+0200] {processor.py:161} INFO - Started process (PID=118387) to work on /home/ccd/airflow_venv/lib/python3.10/site-packages/airflow/example_dags/example_nested_branch_dag.py
[2025-06-09T17:51:26.572+0200] {processor.py:830} INFO - Processing file /home/ccd/airflow_venv/lib/python3.10/site-packages/airflow/example_dags/example_nested_branch_dag.py for tasks to queue
[2025-06-09T17:51:26.574+0200] {logging_mixin.py:188} INFO - [2025-06-09T17:51:26.573+0200] {dagbag.py:540} INFO - Filling up the DagBag from /home/ccd/airflow_venv/lib/python3.10/site-packages/airflow/example_dags/example_nested_branch_dag.py
[2025-06-09T17:51:26.580+0200] {processor.py:840} INFO - DAG(s) 'example_nested_branch_dag' retrieved from /home/ccd/airflow_venv/lib/python3.10/site-packages/airflow/example_dags/example_nested_branch_dag.py
[2025-06-09T17:51:26.591+0200] {logging_mixin.py:188} INFO - [2025-06-09T17:51:26.591+0200] {dag.py:3096} INFO - Sync 1 DAGs
[2025-06-09T17:51:26.605+0200] {logging_mixin.py:188} INFO - [2025-06-09T17:51:26.605+0200] {dag.py:3954} INFO - Setting next_dagrun for example_nested_branch_dag to 2025-06-08 00:00:00+00:00, run_after=2025-06-09 00:00:00+00:00
[2025-06-09T17:51:26.627+0200] {processor.py:183} INFO - Processing /home/ccd/airflow_venv/lib/python3.10/site-packages/airflow/example_dags/example_nested_branch_dag.py took 0.059 seconds
[2025-06-09T17:52:23.606+0200] {processor.py:161} INFO - Started process (PID=118725) to work on /home/ccd/airflow_venv/lib/python3.10/site-packages/airflow/example_dags/example_nested_branch_dag.py
[2025-06-09T17:52:23.609+0200] {processor.py:830} INFO - Processing file /home/ccd/airflow_venv/lib/python3.10/site-packages/airflow/example_dags/example_nested_branch_dag.py for tasks to queue
[2025-06-09T17:52:23.611+0200] {logging_mixin.py:188} INFO - [2025-06-09T17:52:23.610+0200] {dagbag.py:540} INFO - Filling up the DagBag from /home/ccd/airflow_venv/lib/python3.10/site-packages/airflow/example_dags/example_nested_branch_dag.py
[2025-06-09T17:52:23.625+0200] {processor.py:840} INFO - DAG(s) 'example_nested_branch_dag' retrieved from /home/ccd/airflow_venv/lib/python3.10/site-packages/airflow/example_dags/example_nested_branch_dag.py
[2025-06-09T17:52:23.647+0200] {logging_mixin.py:188} INFO - [2025-06-09T17:52:23.647+0200] {dag.py:3096} INFO - Sync 1 DAGs
[2025-06-09T17:52:23.677+0200] {logging_mixin.py:188} INFO - [2025-06-09T17:52:23.676+0200] {dag.py:3954} INFO - Setting next_dagrun for example_nested_branch_dag to 2025-06-08 00:00:00+00:00, run_after=2025-06-09 00:00:00+00:00
[2025-06-09T17:52:23.721+0200] {processor.py:183} INFO - Processing /home/ccd/airflow_venv/lib/python3.10/site-packages/airflow/example_dags/example_nested_branch_dag.py took 0.130 seconds
[2025-06-09T17:56:01.724+0200] {processor.py:161} INFO - Started process (PID=122346) to work on /home/ccd/airflow_venv/lib/python3.10/site-packages/airflow/example_dags/example_nested_branch_dag.py
[2025-06-09T17:56:01.735+0200] {processor.py:830} INFO - Processing file /home/ccd/airflow_venv/lib/python3.10/site-packages/airflow/example_dags/example_nested_branch_dag.py for tasks to queue
[2025-06-09T17:56:01.736+0200] {logging_mixin.py:188} INFO - [2025-06-09T17:56:01.736+0200] {dagbag.py:540} INFO - Filling up the DagBag from /home/ccd/airflow_venv/lib/python3.10/site-packages/airflow/example_dags/example_nested_branch_dag.py
[2025-06-09T17:56:01.743+0200] {processor.py:840} INFO - DAG(s) 'example_nested_branch_dag' retrieved from /home/ccd/airflow_venv/lib/python3.10/site-packages/airflow/example_dags/example_nested_branch_dag.py
[2025-06-09T17:56:01.756+0200] {logging_mixin.py:188} INFO - [2025-06-09T17:56:01.756+0200] {dag.py:3096} INFO - Sync 1 DAGs
[2025-06-09T17:56:01.772+0200] {logging_mixin.py:188} INFO - [2025-06-09T17:56:01.772+0200] {dag.py:3954} INFO - Setting next_dagrun for example_nested_branch_dag to 2025-06-08 00:00:00+00:00, run_after=2025-06-09 00:00:00+00:00
[2025-06-09T17:56:01.794+0200] {processor.py:183} INFO - Processing /home/ccd/airflow_venv/lib/python3.10/site-packages/airflow/example_dags/example_nested_branch_dag.py took 0.074 seconds
[2025-06-09T17:56:56.570+0200] {processor.py:161} INFO - Started process (PID=122768) to work on /home/ccd/airflow_venv/lib/python3.10/site-packages/airflow/example_dags/example_nested_branch_dag.py
[2025-06-09T17:56:56.580+0200] {processor.py:830} INFO - Processing file /home/ccd/airflow_venv/lib/python3.10/site-packages/airflow/example_dags/example_nested_branch_dag.py for tasks to queue
[2025-06-09T17:56:56.582+0200] {logging_mixin.py:188} INFO - [2025-06-09T17:56:56.581+0200] {dagbag.py:540} INFO - Filling up the DagBag from /home/ccd/airflow_venv/lib/python3.10/site-packages/airflow/example_dags/example_nested_branch_dag.py
[2025-06-09T17:56:56.590+0200] {processor.py:840} INFO - DAG(s) 'example_nested_branch_dag' retrieved from /home/ccd/airflow_venv/lib/python3.10/site-packages/airflow/example_dags/example_nested_branch_dag.py
[2025-06-09T17:56:56.602+0200] {logging_mixin.py:188} INFO - [2025-06-09T17:56:56.602+0200] {dag.py:3096} INFO - Sync 1 DAGs
[2025-06-09T17:56:56.615+0200] {logging_mixin.py:188} INFO - [2025-06-09T17:56:56.615+0200] {dag.py:3954} INFO - Setting next_dagrun for example_nested_branch_dag to 2025-06-08 00:00:00+00:00, run_after=2025-06-09 00:00:00+00:00
[2025-06-09T17:56:56.643+0200] {processor.py:183} INFO - Processing /home/ccd/airflow_venv/lib/python3.10/site-packages/airflow/example_dags/example_nested_branch_dag.py took 0.078 seconds
[2025-06-09T17:57:57.870+0200] {processor.py:161} INFO - Started process (PID=123153) to work on /home/ccd/airflow_venv/lib/python3.10/site-packages/airflow/example_dags/example_nested_branch_dag.py
[2025-06-09T17:57:57.882+0200] {processor.py:830} INFO - Processing file /home/ccd/airflow_venv/lib/python3.10/site-packages/airflow/example_dags/example_nested_branch_dag.py for tasks to queue
[2025-06-09T17:57:57.883+0200] {logging_mixin.py:188} INFO - [2025-06-09T17:57:57.883+0200] {dagbag.py:540} INFO - Filling up the DagBag from /home/ccd/airflow_venv/lib/python3.10/site-packages/airflow/example_dags/example_nested_branch_dag.py
[2025-06-09T17:57:57.889+0200] {processor.py:840} INFO - DAG(s) 'example_nested_branch_dag' retrieved from /home/ccd/airflow_venv/lib/python3.10/site-packages/airflow/example_dags/example_nested_branch_dag.py
[2025-06-09T17:57:57.901+0200] {logging_mixin.py:188} INFO - [2025-06-09T17:57:57.901+0200] {dag.py:3096} INFO - Sync 1 DAGs
[2025-06-09T17:57:57.914+0200] {logging_mixin.py:188} INFO - [2025-06-09T17:57:57.914+0200] {dag.py:3954} INFO - Setting next_dagrun for example_nested_branch_dag to 2025-06-08 00:00:00+00:00, run_after=2025-06-09 00:00:00+00:00
[2025-06-09T17:57:57.936+0200] {processor.py:183} INFO - Processing /home/ccd/airflow_venv/lib/python3.10/site-packages/airflow/example_dags/example_nested_branch_dag.py took 0.069 seconds
[2025-06-09T17:59:54.952+0200] {processor.py:161} INFO - Started process (PID=124569) to work on /home/ccd/airflow_venv/lib/python3.10/site-packages/airflow/example_dags/example_nested_branch_dag.py
[2025-06-09T17:59:54.953+0200] {processor.py:830} INFO - Processing file /home/ccd/airflow_venv/lib/python3.10/site-packages/airflow/example_dags/example_nested_branch_dag.py for tasks to queue
[2025-06-09T17:59:54.955+0200] {logging_mixin.py:188} INFO - [2025-06-09T17:59:54.954+0200] {dagbag.py:540} INFO - Filling up the DagBag from /home/ccd/airflow_venv/lib/python3.10/site-packages/airflow/example_dags/example_nested_branch_dag.py
[2025-06-09T17:59:54.962+0200] {processor.py:840} INFO - DAG(s) 'example_nested_branch_dag' retrieved from /home/ccd/airflow_venv/lib/python3.10/site-packages/airflow/example_dags/example_nested_branch_dag.py
[2025-06-09T17:59:55.017+0200] {logging_mixin.py:188} INFO - [2025-06-09T17:59:55.017+0200] {dag.py:3096} INFO - Sync 1 DAGs
[2025-06-09T17:59:55.028+0200] {logging_mixin.py:188} INFO - [2025-06-09T17:59:55.028+0200] {dag.py:3954} INFO - Setting next_dagrun for example_nested_branch_dag to 2025-06-08 00:00:00+00:00, run_after=2025-06-09 00:00:00+00:00
[2025-06-09T17:59:55.101+0200] {processor.py:183} INFO - Processing /home/ccd/airflow_venv/lib/python3.10/site-packages/airflow/example_dags/example_nested_branch_dag.py took 0.152 seconds
[2025-06-09T18:02:34.803+0200] {processor.py:161} INFO - Started process (PID=127082) to work on /home/ccd/airflow_venv/lib/python3.10/site-packages/airflow/example_dags/example_nested_branch_dag.py
[2025-06-09T18:02:34.805+0200] {processor.py:830} INFO - Processing file /home/ccd/airflow_venv/lib/python3.10/site-packages/airflow/example_dags/example_nested_branch_dag.py for tasks to queue
[2025-06-09T18:02:34.806+0200] {logging_mixin.py:188} INFO - [2025-06-09T18:02:34.806+0200] {dagbag.py:540} INFO - Filling up the DagBag from /home/ccd/airflow_venv/lib/python3.10/site-packages/airflow/example_dags/example_nested_branch_dag.py
[2025-06-09T18:02:34.814+0200] {processor.py:840} INFO - DAG(s) 'example_nested_branch_dag' retrieved from /home/ccd/airflow_venv/lib/python3.10/site-packages/airflow/example_dags/example_nested_branch_dag.py
[2025-06-09T18:02:34.827+0200] {logging_mixin.py:188} INFO - [2025-06-09T18:02:34.827+0200] {dag.py:3096} INFO - Sync 1 DAGs
[2025-06-09T18:02:34.843+0200] {logging_mixin.py:188} INFO - [2025-06-09T18:02:34.843+0200] {dag.py:3954} INFO - Setting next_dagrun for example_nested_branch_dag to 2025-06-08 00:00:00+00:00, run_after=2025-06-09 00:00:00+00:00
[2025-06-09T18:02:34.873+0200] {processor.py:183} INFO - Processing /home/ccd/airflow_venv/lib/python3.10/site-packages/airflow/example_dags/example_nested_branch_dag.py took 0.074 seconds
