[2025-06-09T17:29:08.814+0200] {processor.py:161} INFO - Started process (PID=106109) to work on /home/ccd/airflow_venv/lib/python3.10/site-packages/airflow/example_dags/example_trigger_controller_dag.py
[2025-06-09T17:29:08.815+0200] {processor.py:830} INFO - Processing file /home/ccd/airflow_venv/lib/python3.10/site-packages/airflow/example_dags/example_trigger_controller_dag.py for tasks to queue
[2025-06-09T17:29:08.816+0200] {logging_mixin.py:188} INFO - [2025-06-09T17:29:08.816+0200] {dagbag.py:540} INFO - Filling up the DagBag from /home/ccd/airflow_venv/lib/python3.10/site-packages/airflow/example_dags/example_trigger_controller_dag.py
[2025-06-09T17:29:08.825+0200] {processor.py:840} INFO - DAG(s) 'example_trigger_controller_dag' retrieved from /home/ccd/airflow_venv/lib/python3.10/site-packages/airflow/example_dags/example_trigger_controller_dag.py
[2025-06-09T17:29:08.833+0200] {logging_mixin.py:188} INFO - [2025-06-09T17:29:08.833+0200] {dag.py:3096} INFO - Sync 1 DAGs
[2025-06-09T17:29:08.869+0200] {logging_mixin.py:188} INFO - [2025-06-09T17:29:08.869+0200] {dag.py:3954} INFO - Setting next_dagrun for example_trigger_controller_dag to 2021-01-01 00:00:00+00:00, run_after=2021-01-01 00:00:00+00:00
[2025-06-09T17:29:08.920+0200] {processor.py:183} INFO - Processing /home/ccd/airflow_venv/lib/python3.10/site-packages/airflow/example_dags/example_trigger_controller_dag.py took 0.114 seconds
[2025-06-09T17:30:35.321+0200] {processor.py:161} INFO - Started process (PID=106813) to work on /home/ccd/airflow_venv/lib/python3.10/site-packages/airflow/example_dags/example_trigger_controller_dag.py
[2025-06-09T17:30:35.324+0200] {processor.py:830} INFO - Processing file /home/ccd/airflow_venv/lib/python3.10/site-packages/airflow/example_dags/example_trigger_controller_dag.py for tasks to queue
[2025-06-09T17:30:35.325+0200] {logging_mixin.py:188} INFO - [2025-06-09T17:30:35.325+0200] {dagbag.py:540} INFO - Filling up the DagBag from /home/ccd/airflow_venv/lib/python3.10/site-packages/airflow/example_dags/example_trigger_controller_dag.py
[2025-06-09T17:30:35.328+0200] {processor.py:840} INFO - DAG(s) 'example_trigger_controller_dag' retrieved from /home/ccd/airflow_venv/lib/python3.10/site-packages/airflow/example_dags/example_trigger_controller_dag.py
[2025-06-09T17:30:35.389+0200] {logging_mixin.py:188} INFO - [2025-06-09T17:30:35.389+0200] {dag.py:3096} INFO - Sync 1 DAGs
[2025-06-09T17:30:35.400+0200] {logging_mixin.py:188} INFO - [2025-06-09T17:30:35.400+0200] {dag.py:3954} INFO - Setting next_dagrun for example_trigger_controller_dag to 2021-01-01 00:00:00+00:00, run_after=2021-01-01 00:00:00+00:00
[2025-06-09T17:30:35.423+0200] {processor.py:183} INFO - Processing /home/ccd/airflow_venv/lib/python3.10/site-packages/airflow/example_dags/example_trigger_controller_dag.py took 0.106 seconds
[2025-06-09T17:31:12.812+0200] {processor.py:161} INFO - Started process (PID=107052) to work on /home/ccd/airflow_venv/lib/python3.10/site-packages/airflow/example_dags/example_trigger_controller_dag.py
[2025-06-09T17:31:12.814+0200] {processor.py:830} INFO - Processing file /home/ccd/airflow_venv/lib/python3.10/site-packages/airflow/example_dags/example_trigger_controller_dag.py for tasks to queue
[2025-06-09T17:31:12.815+0200] {logging_mixin.py:188} INFO - [2025-06-09T17:31:12.815+0200] {dagbag.py:540} INFO - Filling up the DagBag from /home/ccd/airflow_venv/lib/python3.10/site-packages/airflow/example_dags/example_trigger_controller_dag.py
[2025-06-09T17:31:12.818+0200] {processor.py:840} INFO - DAG(s) 'example_trigger_controller_dag' retrieved from /home/ccd/airflow_venv/lib/python3.10/site-packages/airflow/example_dags/example_trigger_controller_dag.py
[2025-06-09T17:31:12.828+0200] {logging_mixin.py:188} INFO - [2025-06-09T17:31:12.828+0200] {dag.py:3096} INFO - Sync 1 DAGs
[2025-06-09T17:31:12.839+0200] {logging_mixin.py:188} INFO - [2025-06-09T17:31:12.839+0200] {dag.py:3954} INFO - Setting next_dagrun for example_trigger_controller_dag to 2021-01-01 00:00:00+00:00, run_after=2021-01-01 00:00:00+00:00
[2025-06-09T17:31:12.861+0200] {processor.py:183} INFO - Processing /home/ccd/airflow_venv/lib/python3.10/site-packages/airflow/example_dags/example_trigger_controller_dag.py took 0.053 seconds
[2025-06-09T17:32:10.166+0200] {processor.py:161} INFO - Started process (PID=107386) to work on /home/ccd/airflow_venv/lib/python3.10/site-packages/airflow/example_dags/example_trigger_controller_dag.py
[2025-06-09T17:32:10.168+0200] {processor.py:830} INFO - Processing file /home/ccd/airflow_venv/lib/python3.10/site-packages/airflow/example_dags/example_trigger_controller_dag.py for tasks to queue
[2025-06-09T17:32:10.169+0200] {logging_mixin.py:188} INFO - [2025-06-09T17:32:10.169+0200] {dagbag.py:540} INFO - Filling up the DagBag from /home/ccd/airflow_venv/lib/python3.10/site-packages/airflow/example_dags/example_trigger_controller_dag.py
[2025-06-09T17:32:10.172+0200] {processor.py:840} INFO - DAG(s) 'example_trigger_controller_dag' retrieved from /home/ccd/airflow_venv/lib/python3.10/site-packages/airflow/example_dags/example_trigger_controller_dag.py
[2025-06-09T17:32:10.181+0200] {logging_mixin.py:188} INFO - [2025-06-09T17:32:10.181+0200] {dag.py:3096} INFO - Sync 1 DAGs
[2025-06-09T17:32:10.193+0200] {logging_mixin.py:188} INFO - [2025-06-09T17:32:10.193+0200] {dag.py:3954} INFO - Setting next_dagrun for example_trigger_controller_dag to 2021-01-01 00:00:00+00:00, run_after=2021-01-01 00:00:00+00:00
[2025-06-09T17:32:10.215+0200] {processor.py:183} INFO - Processing /home/ccd/airflow_venv/lib/python3.10/site-packages/airflow/example_dags/example_trigger_controller_dag.py took 0.052 seconds
[2025-06-09T17:33:05.203+0200] {processor.py:161} INFO - Started process (PID=107676) to work on /home/ccd/airflow_venv/lib/python3.10/site-packages/airflow/example_dags/example_trigger_controller_dag.py
[2025-06-09T17:33:05.205+0200] {processor.py:830} INFO - Processing file /home/ccd/airflow_venv/lib/python3.10/site-packages/airflow/example_dags/example_trigger_controller_dag.py for tasks to queue
[2025-06-09T17:33:05.206+0200] {logging_mixin.py:188} INFO - [2025-06-09T17:33:05.206+0200] {dagbag.py:540} INFO - Filling up the DagBag from /home/ccd/airflow_venv/lib/python3.10/site-packages/airflow/example_dags/example_trigger_controller_dag.py
[2025-06-09T17:33:05.210+0200] {processor.py:840} INFO - DAG(s) 'example_trigger_controller_dag' retrieved from /home/ccd/airflow_venv/lib/python3.10/site-packages/airflow/example_dags/example_trigger_controller_dag.py
[2025-06-09T17:33:05.219+0200] {logging_mixin.py:188} INFO - [2025-06-09T17:33:05.219+0200] {dag.py:3096} INFO - Sync 1 DAGs
[2025-06-09T17:33:05.232+0200] {logging_mixin.py:188} INFO - [2025-06-09T17:33:05.232+0200] {dag.py:3954} INFO - Setting next_dagrun for example_trigger_controller_dag to 2021-01-01 00:00:00+00:00, run_after=2021-01-01 00:00:00+00:00
[2025-06-09T17:33:05.252+0200] {processor.py:183} INFO - Processing /home/ccd/airflow_venv/lib/python3.10/site-packages/airflow/example_dags/example_trigger_controller_dag.py took 0.052 seconds
[2025-06-09T17:33:58.631+0200] {processor.py:161} INFO - Started process (PID=107988) to work on /home/ccd/airflow_venv/lib/python3.10/site-packages/airflow/example_dags/example_trigger_controller_dag.py
[2025-06-09T17:33:58.642+0200] {processor.py:830} INFO - Processing file /home/ccd/airflow_venv/lib/python3.10/site-packages/airflow/example_dags/example_trigger_controller_dag.py for tasks to queue
[2025-06-09T17:33:58.643+0200] {logging_mixin.py:188} INFO - [2025-06-09T17:33:58.643+0200] {dagbag.py:540} INFO - Filling up the DagBag from /home/ccd/airflow_venv/lib/python3.10/site-packages/airflow/example_dags/example_trigger_controller_dag.py
[2025-06-09T17:33:58.646+0200] {processor.py:840} INFO - DAG(s) 'example_trigger_controller_dag' retrieved from /home/ccd/airflow_venv/lib/python3.10/site-packages/airflow/example_dags/example_trigger_controller_dag.py
[2025-06-09T17:33:58.657+0200] {logging_mixin.py:188} INFO - [2025-06-09T17:33:58.656+0200] {dag.py:3096} INFO - Sync 1 DAGs
[2025-06-09T17:33:58.668+0200] {logging_mixin.py:188} INFO - [2025-06-09T17:33:58.667+0200] {dag.py:3954} INFO - Setting next_dagrun for example_trigger_controller_dag to 2021-01-01 00:00:00+00:00, run_after=2021-01-01 00:00:00+00:00
[2025-06-09T17:33:58.688+0200] {processor.py:183} INFO - Processing /home/ccd/airflow_venv/lib/python3.10/site-packages/airflow/example_dags/example_trigger_controller_dag.py took 0.062 seconds
[2025-06-09T17:34:52.226+0200] {processor.py:161} INFO - Started process (PID=108319) to work on /home/ccd/airflow_venv/lib/python3.10/site-packages/airflow/example_dags/example_trigger_controller_dag.py
[2025-06-09T17:34:52.238+0200] {processor.py:830} INFO - Processing file /home/ccd/airflow_venv/lib/python3.10/site-packages/airflow/example_dags/example_trigger_controller_dag.py for tasks to queue
[2025-06-09T17:34:52.240+0200] {logging_mixin.py:188} INFO - [2025-06-09T17:34:52.240+0200] {dagbag.py:540} INFO - Filling up the DagBag from /home/ccd/airflow_venv/lib/python3.10/site-packages/airflow/example_dags/example_trigger_controller_dag.py
[2025-06-09T17:34:52.254+0200] {processor.py:840} INFO - DAG(s) 'example_trigger_controller_dag' retrieved from /home/ccd/airflow_venv/lib/python3.10/site-packages/airflow/example_dags/example_trigger_controller_dag.py
[2025-06-09T17:34:52.296+0200] {logging_mixin.py:188} INFO - [2025-06-09T17:34:52.295+0200] {dag.py:3096} INFO - Sync 1 DAGs
[2025-06-09T17:34:52.389+0200] {logging_mixin.py:188} INFO - [2025-06-09T17:34:52.388+0200] {dag.py:3954} INFO - Setting next_dagrun for example_trigger_controller_dag to 2021-01-01 00:00:00+00:00, run_after=2021-01-01 00:00:00+00:00
[2025-06-09T17:34:52.513+0200] {processor.py:183} INFO - Processing /home/ccd/airflow_venv/lib/python3.10/site-packages/airflow/example_dags/example_trigger_controller_dag.py took 0.307 seconds
[2025-06-09T17:35:47.431+0200] {processor.py:161} INFO - Started process (PID=108609) to work on /home/ccd/airflow_venv/lib/python3.10/site-packages/airflow/example_dags/example_trigger_controller_dag.py
[2025-06-09T17:35:47.433+0200] {processor.py:830} INFO - Processing file /home/ccd/airflow_venv/lib/python3.10/site-packages/airflow/example_dags/example_trigger_controller_dag.py for tasks to queue
[2025-06-09T17:35:47.434+0200] {logging_mixin.py:188} INFO - [2025-06-09T17:35:47.434+0200] {dagbag.py:540} INFO - Filling up the DagBag from /home/ccd/airflow_venv/lib/python3.10/site-packages/airflow/example_dags/example_trigger_controller_dag.py
[2025-06-09T17:35:47.438+0200] {processor.py:840} INFO - DAG(s) 'example_trigger_controller_dag' retrieved from /home/ccd/airflow_venv/lib/python3.10/site-packages/airflow/example_dags/example_trigger_controller_dag.py
[2025-06-09T17:35:47.448+0200] {logging_mixin.py:188} INFO - [2025-06-09T17:35:47.448+0200] {dag.py:3096} INFO - Sync 1 DAGs
[2025-06-09T17:35:47.461+0200] {logging_mixin.py:188} INFO - [2025-06-09T17:35:47.461+0200] {dag.py:3954} INFO - Setting next_dagrun for example_trigger_controller_dag to 2021-01-01 00:00:00+00:00, run_after=2021-01-01 00:00:00+00:00
[2025-06-09T17:35:47.484+0200] {processor.py:183} INFO - Processing /home/ccd/airflow_venv/lib/python3.10/site-packages/airflow/example_dags/example_trigger_controller_dag.py took 0.058 seconds
[2025-06-09T17:36:44.222+0200] {processor.py:161} INFO - Started process (PID=108984) to work on /home/ccd/airflow_venv/lib/python3.10/site-packages/airflow/example_dags/example_trigger_controller_dag.py
[2025-06-09T17:36:44.224+0200] {processor.py:830} INFO - Processing file /home/ccd/airflow_venv/lib/python3.10/site-packages/airflow/example_dags/example_trigger_controller_dag.py for tasks to queue
[2025-06-09T17:36:44.225+0200] {logging_mixin.py:188} INFO - [2025-06-09T17:36:44.225+0200] {dagbag.py:540} INFO - Filling up the DagBag from /home/ccd/airflow_venv/lib/python3.10/site-packages/airflow/example_dags/example_trigger_controller_dag.py
[2025-06-09T17:36:44.231+0200] {processor.py:840} INFO - DAG(s) 'example_trigger_controller_dag' retrieved from /home/ccd/airflow_venv/lib/python3.10/site-packages/airflow/example_dags/example_trigger_controller_dag.py
[2025-06-09T17:36:44.242+0200] {logging_mixin.py:188} INFO - [2025-06-09T17:36:44.242+0200] {dag.py:3096} INFO - Sync 1 DAGs
[2025-06-09T17:36:44.256+0200] {logging_mixin.py:188} INFO - [2025-06-09T17:36:44.255+0200] {dag.py:3954} INFO - Setting next_dagrun for example_trigger_controller_dag to 2021-01-01 00:00:00+00:00, run_after=2021-01-01 00:00:00+00:00
[2025-06-09T17:36:44.277+0200] {processor.py:183} INFO - Processing /home/ccd/airflow_venv/lib/python3.10/site-packages/airflow/example_dags/example_trigger_controller_dag.py took 0.059 seconds
[2025-06-09T17:37:46.801+0200] {processor.py:161} INFO - Started process (PID=109358) to work on /home/ccd/airflow_venv/lib/python3.10/site-packages/airflow/example_dags/example_trigger_controller_dag.py
[2025-06-09T17:37:46.804+0200] {processor.py:830} INFO - Processing file /home/ccd/airflow_venv/lib/python3.10/site-packages/airflow/example_dags/example_trigger_controller_dag.py for tasks to queue
[2025-06-09T17:37:46.805+0200] {logging_mixin.py:188} INFO - [2025-06-09T17:37:46.805+0200] {dagbag.py:540} INFO - Filling up the DagBag from /home/ccd/airflow_venv/lib/python3.10/site-packages/airflow/example_dags/example_trigger_controller_dag.py
[2025-06-09T17:37:46.809+0200] {processor.py:840} INFO - DAG(s) 'example_trigger_controller_dag' retrieved from /home/ccd/airflow_venv/lib/python3.10/site-packages/airflow/example_dags/example_trigger_controller_dag.py
[2025-06-09T17:37:46.821+0200] {logging_mixin.py:188} INFO - [2025-06-09T17:37:46.821+0200] {dag.py:3096} INFO - Sync 1 DAGs
[2025-06-09T17:37:46.835+0200] {logging_mixin.py:188} INFO - [2025-06-09T17:37:46.835+0200] {dag.py:3954} INFO - Setting next_dagrun for example_trigger_controller_dag to 2021-01-01 00:00:00+00:00, run_after=2021-01-01 00:00:00+00:00
[2025-06-09T17:37:46.858+0200] {processor.py:183} INFO - Processing /home/ccd/airflow_venv/lib/python3.10/site-packages/airflow/example_dags/example_trigger_controller_dag.py took 0.062 seconds
[2025-06-09T17:38:41.216+0200] {processor.py:161} INFO - Started process (PID=110060) to work on /home/ccd/airflow_venv/lib/python3.10/site-packages/airflow/example_dags/example_trigger_controller_dag.py
[2025-06-09T17:38:41.229+0200] {processor.py:830} INFO - Processing file /home/ccd/airflow_venv/lib/python3.10/site-packages/airflow/example_dags/example_trigger_controller_dag.py for tasks to queue
[2025-06-09T17:38:41.233+0200] {logging_mixin.py:188} INFO - [2025-06-09T17:38:41.232+0200] {dagbag.py:540} INFO - Filling up the DagBag from /home/ccd/airflow_venv/lib/python3.10/site-packages/airflow/example_dags/example_trigger_controller_dag.py
[2025-06-09T17:38:41.268+0200] {processor.py:840} INFO - DAG(s) 'example_trigger_controller_dag' retrieved from /home/ccd/airflow_venv/lib/python3.10/site-packages/airflow/example_dags/example_trigger_controller_dag.py
[2025-06-09T17:38:41.322+0200] {logging_mixin.py:188} INFO - [2025-06-09T17:38:41.322+0200] {dag.py:3096} INFO - Sync 1 DAGs
[2025-06-09T17:38:41.364+0200] {logging_mixin.py:188} INFO - [2025-06-09T17:38:41.363+0200] {dag.py:3954} INFO - Setting next_dagrun for example_trigger_controller_dag to 2021-01-01 00:00:00+00:00, run_after=2021-01-01 00:00:00+00:00
[2025-06-09T17:38:41.396+0200] {processor.py:183} INFO - Processing /home/ccd/airflow_venv/lib/python3.10/site-packages/airflow/example_dags/example_trigger_controller_dag.py took 0.198 seconds
[2025-06-09T17:39:27.985+0200] {processor.py:161} INFO - Started process (PID=110517) to work on /home/ccd/airflow_venv/lib/python3.10/site-packages/airflow/example_dags/example_trigger_controller_dag.py
[2025-06-09T17:39:27.986+0200] {processor.py:830} INFO - Processing file /home/ccd/airflow_venv/lib/python3.10/site-packages/airflow/example_dags/example_trigger_controller_dag.py for tasks to queue
[2025-06-09T17:39:27.987+0200] {logging_mixin.py:188} INFO - [2025-06-09T17:39:27.987+0200] {dagbag.py:540} INFO - Filling up the DagBag from /home/ccd/airflow_venv/lib/python3.10/site-packages/airflow/example_dags/example_trigger_controller_dag.py
[2025-06-09T17:39:27.991+0200] {processor.py:840} INFO - DAG(s) 'example_trigger_controller_dag' retrieved from /home/ccd/airflow_venv/lib/python3.10/site-packages/airflow/example_dags/example_trigger_controller_dag.py
[2025-06-09T17:39:28.004+0200] {logging_mixin.py:188} INFO - [2025-06-09T17:39:28.004+0200] {dag.py:3096} INFO - Sync 1 DAGs
[2025-06-09T17:39:28.020+0200] {logging_mixin.py:188} INFO - [2025-06-09T17:39:28.020+0200] {dag.py:3954} INFO - Setting next_dagrun for example_trigger_controller_dag to 2021-01-01 00:00:00+00:00, run_after=2021-01-01 00:00:00+00:00
[2025-06-09T17:39:28.048+0200] {processor.py:183} INFO - Processing /home/ccd/airflow_venv/lib/python3.10/site-packages/airflow/example_dags/example_trigger_controller_dag.py took 0.069 seconds
[2025-06-09T17:40:38.011+0200] {processor.py:161} INFO - Started process (PID=111019) to work on /home/ccd/airflow_venv/lib/python3.10/site-packages/airflow/example_dags/example_trigger_controller_dag.py
[2025-06-09T17:40:38.013+0200] {processor.py:830} INFO - Processing file /home/ccd/airflow_venv/lib/python3.10/site-packages/airflow/example_dags/example_trigger_controller_dag.py for tasks to queue
[2025-06-09T17:40:38.014+0200] {logging_mixin.py:188} INFO - [2025-06-09T17:40:38.014+0200] {dagbag.py:540} INFO - Filling up the DagBag from /home/ccd/airflow_venv/lib/python3.10/site-packages/airflow/example_dags/example_trigger_controller_dag.py
[2025-06-09T17:40:38.018+0200] {processor.py:840} INFO - DAG(s) 'example_trigger_controller_dag' retrieved from /home/ccd/airflow_venv/lib/python3.10/site-packages/airflow/example_dags/example_trigger_controller_dag.py
[2025-06-09T17:40:38.029+0200] {logging_mixin.py:188} INFO - [2025-06-09T17:40:38.029+0200] {dag.py:3096} INFO - Sync 1 DAGs
[2025-06-09T17:40:38.045+0200] {logging_mixin.py:188} INFO - [2025-06-09T17:40:38.045+0200] {dag.py:3954} INFO - Setting next_dagrun for example_trigger_controller_dag to 2021-01-01 00:00:00+00:00, run_after=2021-01-01 00:00:00+00:00
[2025-06-09T17:40:38.067+0200] {processor.py:183} INFO - Processing /home/ccd/airflow_venv/lib/python3.10/site-packages/airflow/example_dags/example_trigger_controller_dag.py took 0.061 seconds
[2025-06-09T17:41:50.565+0200] {processor.py:161} INFO - Started process (PID=111487) to work on /home/ccd/airflow_venv/lib/python3.10/site-packages/airflow/example_dags/example_trigger_controller_dag.py
[2025-06-09T17:41:50.568+0200] {processor.py:830} INFO - Processing file /home/ccd/airflow_venv/lib/python3.10/site-packages/airflow/example_dags/example_trigger_controller_dag.py for tasks to queue
[2025-06-09T17:41:50.569+0200] {logging_mixin.py:188} INFO - [2025-06-09T17:41:50.569+0200] {dagbag.py:540} INFO - Filling up the DagBag from /home/ccd/airflow_venv/lib/python3.10/site-packages/airflow/example_dags/example_trigger_controller_dag.py
[2025-06-09T17:41:50.573+0200] {processor.py:840} INFO - DAG(s) 'example_trigger_controller_dag' retrieved from /home/ccd/airflow_venv/lib/python3.10/site-packages/airflow/example_dags/example_trigger_controller_dag.py
[2025-06-09T17:41:50.583+0200] {logging_mixin.py:188} INFO - [2025-06-09T17:41:50.582+0200] {dag.py:3096} INFO - Sync 1 DAGs
[2025-06-09T17:41:50.595+0200] {logging_mixin.py:188} INFO - [2025-06-09T17:41:50.595+0200] {dag.py:3954} INFO - Setting next_dagrun for example_trigger_controller_dag to 2021-01-01 00:00:00+00:00, run_after=2021-01-01 00:00:00+00:00
[2025-06-09T17:41:50.616+0200] {processor.py:183} INFO - Processing /home/ccd/airflow_venv/lib/python3.10/site-packages/airflow/example_dags/example_trigger_controller_dag.py took 0.055 seconds
[2025-06-09T17:42:51.340+0200] {processor.py:161} INFO - Started process (PID=111879) to work on /home/ccd/airflow_venv/lib/python3.10/site-packages/airflow/example_dags/example_trigger_controller_dag.py
[2025-06-09T17:42:51.353+0200] {processor.py:830} INFO - Processing file /home/ccd/airflow_venv/lib/python3.10/site-packages/airflow/example_dags/example_trigger_controller_dag.py for tasks to queue
[2025-06-09T17:42:51.355+0200] {logging_mixin.py:188} INFO - [2025-06-09T17:42:51.354+0200] {dagbag.py:540} INFO - Filling up the DagBag from /home/ccd/airflow_venv/lib/python3.10/site-packages/airflow/example_dags/example_trigger_controller_dag.py
[2025-06-09T17:42:51.386+0200] {processor.py:840} INFO - DAG(s) 'example_trigger_controller_dag' retrieved from /home/ccd/airflow_venv/lib/python3.10/site-packages/airflow/example_dags/example_trigger_controller_dag.py
[2025-06-09T17:42:51.467+0200] {logging_mixin.py:188} INFO - [2025-06-09T17:42:51.466+0200] {dag.py:3096} INFO - Sync 1 DAGs
[2025-06-09T17:42:51.568+0200] {logging_mixin.py:188} INFO - [2025-06-09T17:42:51.568+0200] {dag.py:3954} INFO - Setting next_dagrun for example_trigger_controller_dag to 2021-01-01 00:00:00+00:00, run_after=2021-01-01 00:00:00+00:00
[2025-06-09T17:42:51.829+0200] {processor.py:183} INFO - Processing /home/ccd/airflow_venv/lib/python3.10/site-packages/airflow/example_dags/example_trigger_controller_dag.py took 0.523 seconds
[2025-06-09T17:43:11.817+0200] {processor.py:161} INFO - Started process (PID=112047) to work on /home/ccd/airflow_venv/lib/python3.10/site-packages/airflow/example_dags/example_trigger_controller_dag.py
[2025-06-09T17:43:11.820+0200] {processor.py:830} INFO - Processing file /home/ccd/airflow_venv/lib/python3.10/site-packages/airflow/example_dags/example_trigger_controller_dag.py for tasks to queue
[2025-06-09T17:43:11.821+0200] {logging_mixin.py:188} INFO - [2025-06-09T17:43:11.820+0200] {dagbag.py:540} INFO - Filling up the DagBag from /home/ccd/airflow_venv/lib/python3.10/site-packages/airflow/example_dags/example_trigger_controller_dag.py
[2025-06-09T17:43:11.825+0200] {processor.py:840} INFO - DAG(s) 'example_trigger_controller_dag' retrieved from /home/ccd/airflow_venv/lib/python3.10/site-packages/airflow/example_dags/example_trigger_controller_dag.py
[2025-06-09T17:43:11.832+0200] {logging_mixin.py:188} INFO - [2025-06-09T17:43:11.831+0200] {dag.py:3096} INFO - Sync 1 DAGs
[2025-06-09T17:43:11.845+0200] {logging_mixin.py:188} INFO - [2025-06-09T17:43:11.844+0200] {dag.py:3954} INFO - Setting next_dagrun for example_trigger_controller_dag to 2021-01-01 00:00:00+00:00, run_after=2021-01-01 00:00:00+00:00
[2025-06-09T17:43:11.876+0200] {processor.py:183} INFO - Processing /home/ccd/airflow_venv/lib/python3.10/site-packages/airflow/example_dags/example_trigger_controller_dag.py took 0.062 seconds
[2025-06-09T17:44:27.548+0200] {processor.py:161} INFO - Started process (PID=112661) to work on /home/ccd/airflow_venv/lib/python3.10/site-packages/airflow/example_dags/example_trigger_controller_dag.py
[2025-06-09T17:44:27.561+0200] {processor.py:830} INFO - Processing file /home/ccd/airflow_venv/lib/python3.10/site-packages/airflow/example_dags/example_trigger_controller_dag.py for tasks to queue
[2025-06-09T17:44:27.564+0200] {logging_mixin.py:188} INFO - [2025-06-09T17:44:27.563+0200] {dagbag.py:540} INFO - Filling up the DagBag from /home/ccd/airflow_venv/lib/python3.10/site-packages/airflow/example_dags/example_trigger_controller_dag.py
[2025-06-09T17:44:27.570+0200] {processor.py:840} INFO - DAG(s) 'example_trigger_controller_dag' retrieved from /home/ccd/airflow_venv/lib/python3.10/site-packages/airflow/example_dags/example_trigger_controller_dag.py
[2025-06-09T17:44:27.659+0200] {logging_mixin.py:188} INFO - [2025-06-09T17:44:27.658+0200] {dag.py:3096} INFO - Sync 1 DAGs
[2025-06-09T17:44:27.675+0200] {logging_mixin.py:188} INFO - [2025-06-09T17:44:27.674+0200] {dag.py:3954} INFO - Setting next_dagrun for example_trigger_controller_dag to 2021-01-01 00:00:00+00:00, run_after=2021-01-01 00:00:00+00:00
[2025-06-09T17:44:27.708+0200] {processor.py:183} INFO - Processing /home/ccd/airflow_venv/lib/python3.10/site-packages/airflow/example_dags/example_trigger_controller_dag.py took 0.167 seconds
[2025-06-09T17:45:38.777+0200] {processor.py:161} INFO - Started process (PID=113181) to work on /home/ccd/airflow_venv/lib/python3.10/site-packages/airflow/example_dags/example_trigger_controller_dag.py
[2025-06-09T17:45:38.779+0200] {processor.py:830} INFO - Processing file /home/ccd/airflow_venv/lib/python3.10/site-packages/airflow/example_dags/example_trigger_controller_dag.py for tasks to queue
[2025-06-09T17:45:38.780+0200] {logging_mixin.py:188} INFO - [2025-06-09T17:45:38.780+0200] {dagbag.py:540} INFO - Filling up the DagBag from /home/ccd/airflow_venv/lib/python3.10/site-packages/airflow/example_dags/example_trigger_controller_dag.py
[2025-06-09T17:45:38.783+0200] {processor.py:840} INFO - DAG(s) 'example_trigger_controller_dag' retrieved from /home/ccd/airflow_venv/lib/python3.10/site-packages/airflow/example_dags/example_trigger_controller_dag.py
[2025-06-09T17:45:38.795+0200] {logging_mixin.py:188} INFO - [2025-06-09T17:45:38.795+0200] {dag.py:3096} INFO - Sync 1 DAGs
[2025-06-09T17:45:38.808+0200] {logging_mixin.py:188} INFO - [2025-06-09T17:45:38.808+0200] {dag.py:3954} INFO - Setting next_dagrun for example_trigger_controller_dag to 2021-01-01 00:00:00+00:00, run_after=2021-01-01 00:00:00+00:00
[2025-06-09T17:45:38.831+0200] {processor.py:183} INFO - Processing /home/ccd/airflow_venv/lib/python3.10/site-packages/airflow/example_dags/example_trigger_controller_dag.py took 0.059 seconds
[2025-06-09T17:46:44.350+0200] {processor.py:161} INFO - Started process (PID=113594) to work on /home/ccd/airflow_venv/lib/python3.10/site-packages/airflow/example_dags/example_trigger_controller_dag.py
[2025-06-09T17:46:44.352+0200] {processor.py:830} INFO - Processing file /home/ccd/airflow_venv/lib/python3.10/site-packages/airflow/example_dags/example_trigger_controller_dag.py for tasks to queue
[2025-06-09T17:46:44.353+0200] {logging_mixin.py:188} INFO - [2025-06-09T17:46:44.353+0200] {dagbag.py:540} INFO - Filling up the DagBag from /home/ccd/airflow_venv/lib/python3.10/site-packages/airflow/example_dags/example_trigger_controller_dag.py
[2025-06-09T17:46:44.357+0200] {processor.py:840} INFO - DAG(s) 'example_trigger_controller_dag' retrieved from /home/ccd/airflow_venv/lib/python3.10/site-packages/airflow/example_dags/example_trigger_controller_dag.py
[2025-06-09T17:46:44.367+0200] {logging_mixin.py:188} INFO - [2025-06-09T17:46:44.367+0200] {dag.py:3096} INFO - Sync 1 DAGs
[2025-06-09T17:46:44.381+0200] {logging_mixin.py:188} INFO - [2025-06-09T17:46:44.381+0200] {dag.py:3954} INFO - Setting next_dagrun for example_trigger_controller_dag to 2021-01-01 00:00:00+00:00, run_after=2021-01-01 00:00:00+00:00
[2025-06-09T17:46:44.406+0200] {processor.py:183} INFO - Processing /home/ccd/airflow_venv/lib/python3.10/site-packages/airflow/example_dags/example_trigger_controller_dag.py took 0.060 seconds
[2025-06-09T17:48:05.593+0200] {processor.py:161} INFO - Started process (PID=114153) to work on /home/ccd/airflow_venv/lib/python3.10/site-packages/airflow/example_dags/example_trigger_controller_dag.py
[2025-06-09T17:48:05.595+0200] {processor.py:830} INFO - Processing file /home/ccd/airflow_venv/lib/python3.10/site-packages/airflow/example_dags/example_trigger_controller_dag.py for tasks to queue
[2025-06-09T17:48:05.598+0200] {logging_mixin.py:188} INFO - [2025-06-09T17:48:05.598+0200] {dagbag.py:540} INFO - Filling up the DagBag from /home/ccd/airflow_venv/lib/python3.10/site-packages/airflow/example_dags/example_trigger_controller_dag.py
[2025-06-09T17:48:05.605+0200] {processor.py:840} INFO - DAG(s) 'example_trigger_controller_dag' retrieved from /home/ccd/airflow_venv/lib/python3.10/site-packages/airflow/example_dags/example_trigger_controller_dag.py
[2025-06-09T17:48:05.693+0200] {logging_mixin.py:188} INFO - [2025-06-09T17:48:05.693+0200] {dag.py:3096} INFO - Sync 1 DAGs
[2025-06-09T17:48:05.711+0200] {logging_mixin.py:188} INFO - [2025-06-09T17:48:05.711+0200] {dag.py:3954} INFO - Setting next_dagrun for example_trigger_controller_dag to 2021-01-01 00:00:00+00:00, run_after=2021-01-01 00:00:00+00:00
[2025-06-09T17:48:05.739+0200] {processor.py:183} INFO - Processing /home/ccd/airflow_venv/lib/python3.10/site-packages/airflow/example_dags/example_trigger_controller_dag.py took 0.156 seconds
[2025-06-09T17:50:26.564+0200] {processor.py:161} INFO - Started process (PID=117844) to work on /home/ccd/airflow_venv/lib/python3.10/site-packages/airflow/example_dags/example_trigger_controller_dag.py
[2025-06-09T17:50:26.576+0200] {processor.py:830} INFO - Processing file /home/ccd/airflow_venv/lib/python3.10/site-packages/airflow/example_dags/example_trigger_controller_dag.py for tasks to queue
[2025-06-09T17:50:26.577+0200] {logging_mixin.py:188} INFO - [2025-06-09T17:50:26.576+0200] {dagbag.py:540} INFO - Filling up the DagBag from /home/ccd/airflow_venv/lib/python3.10/site-packages/airflow/example_dags/example_trigger_controller_dag.py
[2025-06-09T17:50:26.581+0200] {processor.py:840} INFO - DAG(s) 'example_trigger_controller_dag' retrieved from /home/ccd/airflow_venv/lib/python3.10/site-packages/airflow/example_dags/example_trigger_controller_dag.py
[2025-06-09T17:50:26.592+0200] {logging_mixin.py:188} INFO - [2025-06-09T17:50:26.592+0200] {dag.py:3096} INFO - Sync 1 DAGs
[2025-06-09T17:50:26.604+0200] {logging_mixin.py:188} INFO - [2025-06-09T17:50:26.604+0200] {dag.py:3954} INFO - Setting next_dagrun for example_trigger_controller_dag to 2021-01-01 00:00:00+00:00, run_after=2021-01-01 00:00:00+00:00
[2025-06-09T17:50:26.626+0200] {processor.py:183} INFO - Processing /home/ccd/airflow_venv/lib/python3.10/site-packages/airflow/example_dags/example_trigger_controller_dag.py took 0.066 seconds
[2025-06-09T17:51:16.417+0200] {processor.py:161} INFO - Started process (PID=118327) to work on /home/ccd/airflow_venv/lib/python3.10/site-packages/airflow/example_dags/example_trigger_controller_dag.py
[2025-06-09T17:51:16.418+0200] {processor.py:830} INFO - Processing file /home/ccd/airflow_venv/lib/python3.10/site-packages/airflow/example_dags/example_trigger_controller_dag.py for tasks to queue
[2025-06-09T17:51:16.419+0200] {logging_mixin.py:188} INFO - [2025-06-09T17:51:16.418+0200] {dagbag.py:540} INFO - Filling up the DagBag from /home/ccd/airflow_venv/lib/python3.10/site-packages/airflow/example_dags/example_trigger_controller_dag.py
[2025-06-09T17:51:16.423+0200] {processor.py:840} INFO - DAG(s) 'example_trigger_controller_dag' retrieved from /home/ccd/airflow_venv/lib/python3.10/site-packages/airflow/example_dags/example_trigger_controller_dag.py
[2025-06-09T17:51:16.433+0200] {logging_mixin.py:188} INFO - [2025-06-09T17:51:16.432+0200] {dag.py:3096} INFO - Sync 1 DAGs
[2025-06-09T17:51:16.444+0200] {logging_mixin.py:188} INFO - [2025-06-09T17:51:16.444+0200] {dag.py:3954} INFO - Setting next_dagrun for example_trigger_controller_dag to 2021-01-01 00:00:00+00:00, run_after=2021-01-01 00:00:00+00:00
[2025-06-09T17:51:16.464+0200] {processor.py:183} INFO - Processing /home/ccd/airflow_venv/lib/python3.10/site-packages/airflow/example_dags/example_trigger_controller_dag.py took 0.051 seconds
[2025-06-09T17:51:54.696+0200] {processor.py:161} INFO - Started process (PID=118578) to work on /home/ccd/airflow_venv/lib/python3.10/site-packages/airflow/example_dags/example_trigger_controller_dag.py
[2025-06-09T17:51:54.699+0200] {processor.py:830} INFO - Processing file /home/ccd/airflow_venv/lib/python3.10/site-packages/airflow/example_dags/example_trigger_controller_dag.py for tasks to queue
[2025-06-09T17:51:54.700+0200] {logging_mixin.py:188} INFO - [2025-06-09T17:51:54.700+0200] {dagbag.py:540} INFO - Filling up the DagBag from /home/ccd/airflow_venv/lib/python3.10/site-packages/airflow/example_dags/example_trigger_controller_dag.py
[2025-06-09T17:51:54.703+0200] {processor.py:840} INFO - DAG(s) 'example_trigger_controller_dag' retrieved from /home/ccd/airflow_venv/lib/python3.10/site-packages/airflow/example_dags/example_trigger_controller_dag.py
[2025-06-09T17:51:54.714+0200] {logging_mixin.py:188} INFO - [2025-06-09T17:51:54.714+0200] {dag.py:3096} INFO - Sync 1 DAGs
[2025-06-09T17:51:54.727+0200] {logging_mixin.py:188} INFO - [2025-06-09T17:51:54.727+0200] {dag.py:3954} INFO - Setting next_dagrun for example_trigger_controller_dag to 2021-01-01 00:00:00+00:00, run_after=2021-01-01 00:00:00+00:00
[2025-06-09T17:51:54.757+0200] {processor.py:183} INFO - Processing /home/ccd/airflow_venv/lib/python3.10/site-packages/airflow/example_dags/example_trigger_controller_dag.py took 0.066 seconds
[2025-06-09T17:52:51.011+0200] {processor.py:161} INFO - Started process (PID=118891) to work on /home/ccd/airflow_venv/lib/python3.10/site-packages/airflow/example_dags/example_trigger_controller_dag.py
[2025-06-09T17:52:51.022+0200] {processor.py:830} INFO - Processing file /home/ccd/airflow_venv/lib/python3.10/site-packages/airflow/example_dags/example_trigger_controller_dag.py for tasks to queue
[2025-06-09T17:52:51.024+0200] {logging_mixin.py:188} INFO - [2025-06-09T17:52:51.023+0200] {dagbag.py:540} INFO - Filling up the DagBag from /home/ccd/airflow_venv/lib/python3.10/site-packages/airflow/example_dags/example_trigger_controller_dag.py
[2025-06-09T17:52:51.027+0200] {processor.py:840} INFO - DAG(s) 'example_trigger_controller_dag' retrieved from /home/ccd/airflow_venv/lib/python3.10/site-packages/airflow/example_dags/example_trigger_controller_dag.py
[2025-06-09T17:52:51.039+0200] {logging_mixin.py:188} INFO - [2025-06-09T17:52:51.038+0200] {dag.py:3096} INFO - Sync 1 DAGs
[2025-06-09T17:52:51.051+0200] {logging_mixin.py:188} INFO - [2025-06-09T17:52:51.051+0200] {dag.py:3954} INFO - Setting next_dagrun for example_trigger_controller_dag to 2021-01-01 00:00:00+00:00, run_after=2021-01-01 00:00:00+00:00
[2025-06-09T17:52:51.075+0200] {processor.py:183} INFO - Processing /home/ccd/airflow_venv/lib/python3.10/site-packages/airflow/example_dags/example_trigger_controller_dag.py took 0.068 seconds
[2025-06-09T17:55:48.582+0200] {processor.py:161} INFO - Started process (PID=122234) to work on /home/ccd/airflow_venv/lib/python3.10/site-packages/airflow/example_dags/example_trigger_controller_dag.py
[2025-06-09T17:55:48.593+0200] {processor.py:830} INFO - Processing file /home/ccd/airflow_venv/lib/python3.10/site-packages/airflow/example_dags/example_trigger_controller_dag.py for tasks to queue
[2025-06-09T17:55:48.595+0200] {logging_mixin.py:188} INFO - [2025-06-09T17:55:48.594+0200] {dagbag.py:540} INFO - Filling up the DagBag from /home/ccd/airflow_venv/lib/python3.10/site-packages/airflow/example_dags/example_trigger_controller_dag.py
[2025-06-09T17:55:48.599+0200] {processor.py:840} INFO - DAG(s) 'example_trigger_controller_dag' retrieved from /home/ccd/airflow_venv/lib/python3.10/site-packages/airflow/example_dags/example_trigger_controller_dag.py
[2025-06-09T17:55:48.609+0200] {logging_mixin.py:188} INFO - [2025-06-09T17:55:48.608+0200] {dag.py:3096} INFO - Sync 1 DAGs
[2025-06-09T17:55:48.620+0200] {logging_mixin.py:188} INFO - [2025-06-09T17:55:48.620+0200] {dag.py:3954} INFO - Setting next_dagrun for example_trigger_controller_dag to 2021-01-01 00:00:00+00:00, run_after=2021-01-01 00:00:00+00:00
[2025-06-09T17:55:48.642+0200] {processor.py:183} INFO - Processing /home/ccd/airflow_venv/lib/python3.10/site-packages/airflow/example_dags/example_trigger_controller_dag.py took 0.064 seconds
[2025-06-09T17:56:45.270+0200] {processor.py:161} INFO - Started process (PID=122687) to work on /home/ccd/airflow_venv/lib/python3.10/site-packages/airflow/example_dags/example_trigger_controller_dag.py
[2025-06-09T17:56:45.281+0200] {processor.py:830} INFO - Processing file /home/ccd/airflow_venv/lib/python3.10/site-packages/airflow/example_dags/example_trigger_controller_dag.py for tasks to queue
[2025-06-09T17:56:45.282+0200] {logging_mixin.py:188} INFO - [2025-06-09T17:56:45.282+0200] {dagbag.py:540} INFO - Filling up the DagBag from /home/ccd/airflow_venv/lib/python3.10/site-packages/airflow/example_dags/example_trigger_controller_dag.py
[2025-06-09T17:56:45.286+0200] {processor.py:840} INFO - DAG(s) 'example_trigger_controller_dag' retrieved from /home/ccd/airflow_venv/lib/python3.10/site-packages/airflow/example_dags/example_trigger_controller_dag.py
[2025-06-09T17:56:45.296+0200] {logging_mixin.py:188} INFO - [2025-06-09T17:56:45.296+0200] {dag.py:3096} INFO - Sync 1 DAGs
[2025-06-09T17:56:45.309+0200] {logging_mixin.py:188} INFO - [2025-06-09T17:56:45.309+0200] {dag.py:3954} INFO - Setting next_dagrun for example_trigger_controller_dag to 2021-01-01 00:00:00+00:00, run_after=2021-01-01 00:00:00+00:00
[2025-06-09T17:56:45.332+0200] {processor.py:183} INFO - Processing /home/ccd/airflow_venv/lib/python3.10/site-packages/airflow/example_dags/example_trigger_controller_dag.py took 0.067 seconds
[2025-06-09T17:57:44.203+0200] {processor.py:161} INFO - Started process (PID=123067) to work on /home/ccd/airflow_venv/lib/python3.10/site-packages/airflow/example_dags/example_trigger_controller_dag.py
[2025-06-09T17:57:44.205+0200] {processor.py:830} INFO - Processing file /home/ccd/airflow_venv/lib/python3.10/site-packages/airflow/example_dags/example_trigger_controller_dag.py for tasks to queue
[2025-06-09T17:57:44.206+0200] {logging_mixin.py:188} INFO - [2025-06-09T17:57:44.206+0200] {dagbag.py:540} INFO - Filling up the DagBag from /home/ccd/airflow_venv/lib/python3.10/site-packages/airflow/example_dags/example_trigger_controller_dag.py
[2025-06-09T17:57:44.213+0200] {processor.py:840} INFO - DAG(s) 'example_trigger_controller_dag' retrieved from /home/ccd/airflow_venv/lib/python3.10/site-packages/airflow/example_dags/example_trigger_controller_dag.py
[2025-06-09T17:57:44.224+0200] {logging_mixin.py:188} INFO - [2025-06-09T17:57:44.223+0200] {dag.py:3096} INFO - Sync 1 DAGs
[2025-06-09T17:57:44.239+0200] {logging_mixin.py:188} INFO - [2025-06-09T17:57:44.239+0200] {dag.py:3954} INFO - Setting next_dagrun for example_trigger_controller_dag to 2021-01-01 00:00:00+00:00, run_after=2021-01-01 00:00:00+00:00
[2025-06-09T17:57:44.264+0200] {processor.py:183} INFO - Processing /home/ccd/airflow_venv/lib/python3.10/site-packages/airflow/example_dags/example_trigger_controller_dag.py took 0.066 seconds
[2025-06-09T17:58:51.052+0200] {processor.py:161} INFO - Started process (PID=123563) to work on /home/ccd/airflow_venv/lib/python3.10/site-packages/airflow/example_dags/example_trigger_controller_dag.py
[2025-06-09T17:58:51.053+0200] {processor.py:830} INFO - Processing file /home/ccd/airflow_venv/lib/python3.10/site-packages/airflow/example_dags/example_trigger_controller_dag.py for tasks to queue
[2025-06-09T17:58:51.054+0200] {logging_mixin.py:188} INFO - [2025-06-09T17:58:51.054+0200] {dagbag.py:540} INFO - Filling up the DagBag from /home/ccd/airflow_venv/lib/python3.10/site-packages/airflow/example_dags/example_trigger_controller_dag.py
[2025-06-09T17:58:51.062+0200] {processor.py:840} INFO - DAG(s) 'example_trigger_controller_dag' retrieved from /home/ccd/airflow_venv/lib/python3.10/site-packages/airflow/example_dags/example_trigger_controller_dag.py
[2025-06-09T17:58:51.068+0200] {logging_mixin.py:188} INFO - [2025-06-09T17:58:51.067+0200] {dag.py:3096} INFO - Sync 1 DAGs
[2025-06-09T17:58:51.083+0200] {logging_mixin.py:188} INFO - [2025-06-09T17:58:51.083+0200] {dag.py:3954} INFO - Setting next_dagrun for example_trigger_controller_dag to 2021-01-01 00:00:00+00:00, run_after=2021-01-01 00:00:00+00:00
[2025-06-09T17:58:51.106+0200] {processor.py:183} INFO - Processing /home/ccd/airflow_venv/lib/python3.10/site-packages/airflow/example_dags/example_trigger_controller_dag.py took 0.057 seconds
[2025-06-09T18:02:22.270+0200] {processor.py:161} INFO - Started process (PID=127015) to work on /home/ccd/airflow_venv/lib/python3.10/site-packages/airflow/example_dags/example_trigger_controller_dag.py
[2025-06-09T18:02:22.281+0200] {processor.py:830} INFO - Processing file /home/ccd/airflow_venv/lib/python3.10/site-packages/airflow/example_dags/example_trigger_controller_dag.py for tasks to queue
[2025-06-09T18:02:22.282+0200] {logging_mixin.py:188} INFO - [2025-06-09T18:02:22.282+0200] {dagbag.py:540} INFO - Filling up the DagBag from /home/ccd/airflow_venv/lib/python3.10/site-packages/airflow/example_dags/example_trigger_controller_dag.py
[2025-06-09T18:02:22.287+0200] {processor.py:840} INFO - DAG(s) 'example_trigger_controller_dag' retrieved from /home/ccd/airflow_venv/lib/python3.10/site-packages/airflow/example_dags/example_trigger_controller_dag.py
[2025-06-09T18:02:22.342+0200] {logging_mixin.py:188} INFO - [2025-06-09T18:02:22.342+0200] {dag.py:3096} INFO - Sync 1 DAGs
[2025-06-09T18:02:22.354+0200] {logging_mixin.py:188} INFO - [2025-06-09T18:02:22.353+0200] {dag.py:3954} INFO - Setting next_dagrun for example_trigger_controller_dag to 2021-01-01 00:00:00+00:00, run_after=2021-01-01 00:00:00+00:00
[2025-06-09T18:02:22.377+0200] {processor.py:183} INFO - Processing /home/ccd/airflow_venv/lib/python3.10/site-packages/airflow/example_dags/example_trigger_controller_dag.py took 0.113 seconds
