[2025-06-09T02:00:05.996+0200] {processor.py:161} INFO - Started process (PID=1328043) to work on /home/ccd/airflow_venv/lib/python3.10/site-packages/airflow/example_dags/example_short_circuit_operator.py
[2025-06-09T02:00:05.997+0200] {processor.py:830} INFO - Processing file /home/ccd/airflow_venv/lib/python3.10/site-packages/airflow/example_dags/example_short_circuit_operator.py for tasks to queue
[2025-06-09T02:00:05.998+0200] {logging_mixin.py:188} INFO - [2025-06-09T02:00:05.998+0200] {dagbag.py:540} INFO - Filling up the DagBag from /home/ccd/airflow_venv/lib/python3.10/site-packages/airflow/example_dags/example_short_circuit_operator.py
[2025-06-09T02:00:06.005+0200] {processor.py:840} INFO - DAG(s) 'example_short_circuit_operator' retrieved from /home/ccd/airflow_venv/lib/python3.10/site-packages/airflow/example_dags/example_short_circuit_operator.py
[2025-06-09T02:00:06.024+0200] {logging_mixin.py:188} INFO - [2025-06-09T02:00:06.024+0200] {dag.py:3096} INFO - Sync 1 DAGs
[2025-06-09T02:00:06.039+0200] {logging_mixin.py:188} INFO - [2025-06-09T02:00:06.039+0200] {dag.py:3954} INFO - Setting next_dagrun for example_short_circuit_operator to 2025-06-08 00:00:00+00:00, run_after=2025-06-09 00:00:00+00:00
[2025-06-09T02:00:06.070+0200] {processor.py:183} INFO - Processing /home/ccd/airflow_venv/lib/python3.10/site-packages/airflow/example_dags/example_short_circuit_operator.py took 0.081 seconds
[2025-06-09T02:01:08.028+0200] {processor.py:161} INFO - Started process (PID=1328406) to work on /home/ccd/airflow_venv/lib/python3.10/site-packages/airflow/example_dags/example_short_circuit_operator.py
[2025-06-09T02:01:08.031+0200] {processor.py:830} INFO - Processing file /home/ccd/airflow_venv/lib/python3.10/site-packages/airflow/example_dags/example_short_circuit_operator.py for tasks to queue
[2025-06-09T02:01:08.033+0200] {logging_mixin.py:188} INFO - [2025-06-09T02:01:08.031+0200] {dagbag.py:540} INFO - Filling up the DagBag from /home/ccd/airflow_venv/lib/python3.10/site-packages/airflow/example_dags/example_short_circuit_operator.py
[2025-06-09T02:01:08.042+0200] {processor.py:840} INFO - DAG(s) 'example_short_circuit_operator' retrieved from /home/ccd/airflow_venv/lib/python3.10/site-packages/airflow/example_dags/example_short_circuit_operator.py
[2025-06-09T02:01:08.066+0200] {logging_mixin.py:188} INFO - [2025-06-09T02:01:08.066+0200] {dag.py:3096} INFO - Sync 1 DAGs
[2025-06-09T02:01:08.097+0200] {logging_mixin.py:188} INFO - [2025-06-09T02:01:08.096+0200] {dag.py:3954} INFO - Setting next_dagrun for example_short_circuit_operator to 2025-06-08 00:00:00+00:00, run_after=2025-06-09 00:00:00+00:00
[2025-06-09T02:01:08.140+0200] {processor.py:183} INFO - Processing /home/ccd/airflow_venv/lib/python3.10/site-packages/airflow/example_dags/example_short_circuit_operator.py took 0.121 seconds
[2025-06-09T02:02:06.841+0200] {processor.py:161} INFO - Started process (PID=1328786) to work on /home/ccd/airflow_venv/lib/python3.10/site-packages/airflow/example_dags/example_short_circuit_operator.py
[2025-06-09T02:02:06.843+0200] {processor.py:830} INFO - Processing file /home/ccd/airflow_venv/lib/python3.10/site-packages/airflow/example_dags/example_short_circuit_operator.py for tasks to queue
[2025-06-09T02:02:06.845+0200] {logging_mixin.py:188} INFO - [2025-06-09T02:02:06.844+0200] {dagbag.py:540} INFO - Filling up the DagBag from /home/ccd/airflow_venv/lib/python3.10/site-packages/airflow/example_dags/example_short_circuit_operator.py
[2025-06-09T02:02:06.851+0200] {processor.py:840} INFO - DAG(s) 'example_short_circuit_operator' retrieved from /home/ccd/airflow_venv/lib/python3.10/site-packages/airflow/example_dags/example_short_circuit_operator.py
[2025-06-09T02:02:06.865+0200] {logging_mixin.py:188} INFO - [2025-06-09T02:02:06.865+0200] {dag.py:3096} INFO - Sync 1 DAGs
[2025-06-09T02:02:06.877+0200] {logging_mixin.py:188} INFO - [2025-06-09T02:02:06.877+0200] {dag.py:3954} INFO - Setting next_dagrun for example_short_circuit_operator to 2025-06-08 00:00:00+00:00, run_after=2025-06-09 00:00:00+00:00
[2025-06-09T02:02:06.899+0200] {processor.py:183} INFO - Processing /home/ccd/airflow_venv/lib/python3.10/site-packages/airflow/example_dags/example_short_circuit_operator.py took 0.063 seconds
[2025-06-09T02:02:59.910+0200] {processor.py:161} INFO - Started process (PID=1329056) to work on /home/ccd/airflow_venv/lib/python3.10/site-packages/airflow/example_dags/example_short_circuit_operator.py
[2025-06-09T02:02:59.913+0200] {processor.py:830} INFO - Processing file /home/ccd/airflow_venv/lib/python3.10/site-packages/airflow/example_dags/example_short_circuit_operator.py for tasks to queue
[2025-06-09T02:02:59.913+0200] {logging_mixin.py:188} INFO - [2025-06-09T02:02:59.913+0200] {dagbag.py:540} INFO - Filling up the DagBag from /home/ccd/airflow_venv/lib/python3.10/site-packages/airflow/example_dags/example_short_circuit_operator.py
[2025-06-09T02:02:59.918+0200] {processor.py:840} INFO - DAG(s) 'example_short_circuit_operator' retrieved from /home/ccd/airflow_venv/lib/python3.10/site-packages/airflow/example_dags/example_short_circuit_operator.py
[2025-06-09T02:02:59.932+0200] {logging_mixin.py:188} INFO - [2025-06-09T02:02:59.932+0200] {dag.py:3096} INFO - Sync 1 DAGs
[2025-06-09T02:02:59.944+0200] {logging_mixin.py:188} INFO - [2025-06-09T02:02:59.944+0200] {dag.py:3954} INFO - Setting next_dagrun for example_short_circuit_operator to 2025-06-08 00:00:00+00:00, run_after=2025-06-09 00:00:00+00:00
[2025-06-09T02:02:59.966+0200] {processor.py:183} INFO - Processing /home/ccd/airflow_venv/lib/python3.10/site-packages/airflow/example_dags/example_short_circuit_operator.py took 0.060 seconds
[2025-06-09T02:03:50.298+0200] {processor.py:161} INFO - Started process (PID=1329387) to work on /home/ccd/airflow_venv/lib/python3.10/site-packages/airflow/example_dags/example_short_circuit_operator.py
[2025-06-09T02:03:50.309+0200] {processor.py:830} INFO - Processing file /home/ccd/airflow_venv/lib/python3.10/site-packages/airflow/example_dags/example_short_circuit_operator.py for tasks to queue
[2025-06-09T02:03:50.310+0200] {logging_mixin.py:188} INFO - [2025-06-09T02:03:50.309+0200] {dagbag.py:540} INFO - Filling up the DagBag from /home/ccd/airflow_venv/lib/python3.10/site-packages/airflow/example_dags/example_short_circuit_operator.py
[2025-06-09T02:03:50.314+0200] {processor.py:840} INFO - DAG(s) 'example_short_circuit_operator' retrieved from /home/ccd/airflow_venv/lib/python3.10/site-packages/airflow/example_dags/example_short_circuit_operator.py
[2025-06-09T02:03:50.327+0200] {logging_mixin.py:188} INFO - [2025-06-09T02:03:50.326+0200] {dag.py:3096} INFO - Sync 1 DAGs
[2025-06-09T02:03:50.338+0200] {logging_mixin.py:188} INFO - [2025-06-09T02:03:50.338+0200] {dag.py:3954} INFO - Setting next_dagrun for example_short_circuit_operator to 2025-06-08 00:00:00+00:00, run_after=2025-06-09 00:00:00+00:00
[2025-06-09T02:03:50.359+0200] {processor.py:183} INFO - Processing /home/ccd/airflow_venv/lib/python3.10/site-packages/airflow/example_dags/example_short_circuit_operator.py took 0.066 seconds
[2025-06-09T02:04:39.822+0200] {processor.py:161} INFO - Started process (PID=1329773) to work on /home/ccd/airflow_venv/lib/python3.10/site-packages/airflow/example_dags/example_short_circuit_operator.py
[2025-06-09T02:04:39.834+0200] {processor.py:830} INFO - Processing file /home/ccd/airflow_venv/lib/python3.10/site-packages/airflow/example_dags/example_short_circuit_operator.py for tasks to queue
[2025-06-09T02:04:39.834+0200] {logging_mixin.py:188} INFO - [2025-06-09T02:04:39.834+0200] {dagbag.py:540} INFO - Filling up the DagBag from /home/ccd/airflow_venv/lib/python3.10/site-packages/airflow/example_dags/example_short_circuit_operator.py
[2025-06-09T02:04:39.839+0200] {processor.py:840} INFO - DAG(s) 'example_short_circuit_operator' retrieved from /home/ccd/airflow_venv/lib/python3.10/site-packages/airflow/example_dags/example_short_circuit_operator.py
[2025-06-09T02:04:39.855+0200] {logging_mixin.py:188} INFO - [2025-06-09T02:04:39.855+0200] {dag.py:3096} INFO - Sync 1 DAGs
[2025-06-09T02:04:39.868+0200] {logging_mixin.py:188} INFO - [2025-06-09T02:04:39.867+0200] {dag.py:3954} INFO - Setting next_dagrun for example_short_circuit_operator to 2025-06-08 00:00:00+00:00, run_after=2025-06-09 00:00:00+00:00
[2025-06-09T02:04:39.888+0200] {processor.py:183} INFO - Processing /home/ccd/airflow_venv/lib/python3.10/site-packages/airflow/example_dags/example_short_circuit_operator.py took 0.071 seconds
[2025-06-09T02:05:32.743+0200] {processor.py:161} INFO - Started process (PID=1330153) to work on /home/ccd/airflow_venv/lib/python3.10/site-packages/airflow/example_dags/example_short_circuit_operator.py
[2025-06-09T02:05:32.755+0200] {processor.py:830} INFO - Processing file /home/ccd/airflow_venv/lib/python3.10/site-packages/airflow/example_dags/example_short_circuit_operator.py for tasks to queue
[2025-06-09T02:05:32.756+0200] {logging_mixin.py:188} INFO - [2025-06-09T02:05:32.756+0200] {dagbag.py:540} INFO - Filling up the DagBag from /home/ccd/airflow_venv/lib/python3.10/site-packages/airflow/example_dags/example_short_circuit_operator.py
[2025-06-09T02:05:32.761+0200] {processor.py:840} INFO - DAG(s) 'example_short_circuit_operator' retrieved from /home/ccd/airflow_venv/lib/python3.10/site-packages/airflow/example_dags/example_short_circuit_operator.py
[2025-06-09T02:05:32.777+0200] {logging_mixin.py:188} INFO - [2025-06-09T02:05:32.777+0200] {dag.py:3096} INFO - Sync 1 DAGs
[2025-06-09T02:05:32.789+0200] {logging_mixin.py:188} INFO - [2025-06-09T02:05:32.788+0200] {dag.py:3954} INFO - Setting next_dagrun for example_short_circuit_operator to 2025-06-08 00:00:00+00:00, run_after=2025-06-09 00:00:00+00:00
[2025-06-09T02:05:32.811+0200] {processor.py:183} INFO - Processing /home/ccd/airflow_venv/lib/python3.10/site-packages/airflow/example_dags/example_short_circuit_operator.py took 0.074 seconds
[2025-06-09T02:06:26.713+0200] {processor.py:161} INFO - Started process (PID=1330685) to work on /home/ccd/airflow_venv/lib/python3.10/site-packages/airflow/example_dags/example_short_circuit_operator.py
[2025-06-09T02:06:26.724+0200] {processor.py:830} INFO - Processing file /home/ccd/airflow_venv/lib/python3.10/site-packages/airflow/example_dags/example_short_circuit_operator.py for tasks to queue
[2025-06-09T02:06:26.725+0200] {logging_mixin.py:188} INFO - [2025-06-09T02:06:26.725+0200] {dagbag.py:540} INFO - Filling up the DagBag from /home/ccd/airflow_venv/lib/python3.10/site-packages/airflow/example_dags/example_short_circuit_operator.py
[2025-06-09T02:06:26.729+0200] {processor.py:840} INFO - DAG(s) 'example_short_circuit_operator' retrieved from /home/ccd/airflow_venv/lib/python3.10/site-packages/airflow/example_dags/example_short_circuit_operator.py
[2025-06-09T02:06:26.743+0200] {logging_mixin.py:188} INFO - [2025-06-09T02:06:26.743+0200] {dag.py:3096} INFO - Sync 1 DAGs
[2025-06-09T02:06:26.754+0200] {logging_mixin.py:188} INFO - [2025-06-09T02:06:26.754+0200] {dag.py:3954} INFO - Setting next_dagrun for example_short_circuit_operator to 2025-06-08 00:00:00+00:00, run_after=2025-06-09 00:00:00+00:00
[2025-06-09T02:06:26.842+0200] {processor.py:183} INFO - Processing /home/ccd/airflow_venv/lib/python3.10/site-packages/airflow/example_dags/example_short_circuit_operator.py took 0.133 seconds
[2025-06-09T02:07:23.922+0200] {processor.py:161} INFO - Started process (PID=1331111) to work on /home/ccd/airflow_venv/lib/python3.10/site-packages/airflow/example_dags/example_short_circuit_operator.py
[2025-06-09T02:07:23.934+0200] {processor.py:830} INFO - Processing file /home/ccd/airflow_venv/lib/python3.10/site-packages/airflow/example_dags/example_short_circuit_operator.py for tasks to queue
[2025-06-09T02:07:23.934+0200] {logging_mixin.py:188} INFO - [2025-06-09T02:07:23.934+0200] {dagbag.py:540} INFO - Filling up the DagBag from /home/ccd/airflow_venv/lib/python3.10/site-packages/airflow/example_dags/example_short_circuit_operator.py
[2025-06-09T02:07:23.940+0200] {processor.py:840} INFO - DAG(s) 'example_short_circuit_operator' retrieved from /home/ccd/airflow_venv/lib/python3.10/site-packages/airflow/example_dags/example_short_circuit_operator.py
[2025-06-09T02:07:23.954+0200] {logging_mixin.py:188} INFO - [2025-06-09T02:07:23.954+0200] {dag.py:3096} INFO - Sync 1 DAGs
[2025-06-09T02:07:23.967+0200] {logging_mixin.py:188} INFO - [2025-06-09T02:07:23.967+0200] {dag.py:3954} INFO - Setting next_dagrun for example_short_circuit_operator to 2025-06-08 00:00:00+00:00, run_after=2025-06-09 00:00:00+00:00
[2025-06-09T02:07:23.990+0200] {processor.py:183} INFO - Processing /home/ccd/airflow_venv/lib/python3.10/site-packages/airflow/example_dags/example_short_circuit_operator.py took 0.073 seconds
[2025-06-09T02:08:19.392+0200] {processor.py:161} INFO - Started process (PID=1331608) to work on /home/ccd/airflow_venv/lib/python3.10/site-packages/airflow/example_dags/example_short_circuit_operator.py
[2025-06-09T02:08:19.394+0200] {processor.py:830} INFO - Processing file /home/ccd/airflow_venv/lib/python3.10/site-packages/airflow/example_dags/example_short_circuit_operator.py for tasks to queue
[2025-06-09T02:08:19.395+0200] {logging_mixin.py:188} INFO - [2025-06-09T02:08:19.395+0200] {dagbag.py:540} INFO - Filling up the DagBag from /home/ccd/airflow_venv/lib/python3.10/site-packages/airflow/example_dags/example_short_circuit_operator.py
[2025-06-09T02:08:19.401+0200] {processor.py:840} INFO - DAG(s) 'example_short_circuit_operator' retrieved from /home/ccd/airflow_venv/lib/python3.10/site-packages/airflow/example_dags/example_short_circuit_operator.py
[2025-06-09T02:08:19.415+0200] {logging_mixin.py:188} INFO - [2025-06-09T02:08:19.415+0200] {dag.py:3096} INFO - Sync 1 DAGs
[2025-06-09T02:08:19.429+0200] {logging_mixin.py:188} INFO - [2025-06-09T02:08:19.429+0200] {dag.py:3954} INFO - Setting next_dagrun for example_short_circuit_operator to 2025-06-08 00:00:00+00:00, run_after=2025-06-09 00:00:00+00:00
[2025-06-09T02:08:19.451+0200] {processor.py:183} INFO - Processing /home/ccd/airflow_venv/lib/python3.10/site-packages/airflow/example_dags/example_short_circuit_operator.py took 0.065 seconds
[2025-06-09T02:09:14.631+0200] {processor.py:161} INFO - Started process (PID=1332113) to work on /home/ccd/airflow_venv/lib/python3.10/site-packages/airflow/example_dags/example_short_circuit_operator.py
[2025-06-09T02:09:14.642+0200] {processor.py:830} INFO - Processing file /home/ccd/airflow_venv/lib/python3.10/site-packages/airflow/example_dags/example_short_circuit_operator.py for tasks to queue
[2025-06-09T02:09:14.643+0200] {logging_mixin.py:188} INFO - [2025-06-09T02:09:14.643+0200] {dagbag.py:540} INFO - Filling up the DagBag from /home/ccd/airflow_venv/lib/python3.10/site-packages/airflow/example_dags/example_short_circuit_operator.py
[2025-06-09T02:09:14.648+0200] {processor.py:840} INFO - DAG(s) 'example_short_circuit_operator' retrieved from /home/ccd/airflow_venv/lib/python3.10/site-packages/airflow/example_dags/example_short_circuit_operator.py
[2025-06-09T02:09:14.662+0200] {logging_mixin.py:188} INFO - [2025-06-09T02:09:14.662+0200] {dag.py:3096} INFO - Sync 1 DAGs
[2025-06-09T02:09:14.675+0200] {logging_mixin.py:188} INFO - [2025-06-09T02:09:14.675+0200] {dag.py:3954} INFO - Setting next_dagrun for example_short_circuit_operator to 2025-06-08 00:00:00+00:00, run_after=2025-06-09 00:00:00+00:00
[2025-06-09T02:09:14.698+0200] {processor.py:183} INFO - Processing /home/ccd/airflow_venv/lib/python3.10/site-packages/airflow/example_dags/example_short_circuit_operator.py took 0.072 seconds
[2025-06-09T02:10:05.258+0200] {processor.py:161} INFO - Started process (PID=1332400) to work on /home/ccd/airflow_venv/lib/python3.10/site-packages/airflow/example_dags/example_short_circuit_operator.py
[2025-06-09T02:10:05.269+0200] {processor.py:830} INFO - Processing file /home/ccd/airflow_venv/lib/python3.10/site-packages/airflow/example_dags/example_short_circuit_operator.py for tasks to queue
[2025-06-09T02:10:05.270+0200] {logging_mixin.py:188} INFO - [2025-06-09T02:10:05.269+0200] {dagbag.py:540} INFO - Filling up the DagBag from /home/ccd/airflow_venv/lib/python3.10/site-packages/airflow/example_dags/example_short_circuit_operator.py
[2025-06-09T02:10:05.274+0200] {processor.py:840} INFO - DAG(s) 'example_short_circuit_operator' retrieved from /home/ccd/airflow_venv/lib/python3.10/site-packages/airflow/example_dags/example_short_circuit_operator.py
[2025-06-09T02:10:05.287+0200] {logging_mixin.py:188} INFO - [2025-06-09T02:10:05.287+0200] {dag.py:3096} INFO - Sync 1 DAGs
[2025-06-09T02:10:05.298+0200] {logging_mixin.py:188} INFO - [2025-06-09T02:10:05.298+0200] {dag.py:3954} INFO - Setting next_dagrun for example_short_circuit_operator to 2025-06-08 00:00:00+00:00, run_after=2025-06-09 00:00:00+00:00
[2025-06-09T02:10:05.321+0200] {processor.py:183} INFO - Processing /home/ccd/airflow_venv/lib/python3.10/site-packages/airflow/example_dags/example_short_circuit_operator.py took 0.067 seconds
[2025-06-09T11:30:20.094+0200] {processor.py:161} INFO - Started process (PID=3705) to work on /home/ccd/airflow_venv/lib/python3.10/site-packages/airflow/example_dags/example_short_circuit_operator.py
[2025-06-09T11:30:20.106+0200] {processor.py:830} INFO - Processing file /home/ccd/airflow_venv/lib/python3.10/site-packages/airflow/example_dags/example_short_circuit_operator.py for tasks to queue
[2025-06-09T11:30:20.107+0200] {logging_mixin.py:188} INFO - [2025-06-09T11:30:20.107+0200] {dagbag.py:540} INFO - Filling up the DagBag from /home/ccd/airflow_venv/lib/python3.10/site-packages/airflow/example_dags/example_short_circuit_operator.py
[2025-06-09T11:30:20.113+0200] {processor.py:840} INFO - DAG(s) 'example_short_circuit_operator' retrieved from /home/ccd/airflow_venv/lib/python3.10/site-packages/airflow/example_dags/example_short_circuit_operator.py
[2025-06-09T11:30:20.118+0200] {logging_mixin.py:188} INFO - [2025-06-09T11:30:20.117+0200] {dag.py:3096} INFO - Sync 1 DAGs
[2025-06-09T11:30:20.128+0200] {logging_mixin.py:188} INFO - [2025-06-09T11:30:20.128+0200] {dag.py:3954} INFO - Setting next_dagrun for example_short_circuit_operator to 2025-06-08 00:00:00+00:00, run_after=2025-06-09 00:00:00+00:00
[2025-06-09T11:30:20.155+0200] {processor.py:183} INFO - Processing /home/ccd/airflow_venv/lib/python3.10/site-packages/airflow/example_dags/example_short_circuit_operator.py took 0.064 seconds
[2025-06-09T11:31:20.357+0200] {processor.py:161} INFO - Started process (PID=4014) to work on /home/ccd/airflow_venv/lib/python3.10/site-packages/airflow/example_dags/example_short_circuit_operator.py
[2025-06-09T11:31:20.368+0200] {processor.py:830} INFO - Processing file /home/ccd/airflow_venv/lib/python3.10/site-packages/airflow/example_dags/example_short_circuit_operator.py for tasks to queue
[2025-06-09T11:31:20.369+0200] {logging_mixin.py:188} INFO - [2025-06-09T11:31:20.369+0200] {dagbag.py:540} INFO - Filling up the DagBag from /home/ccd/airflow_venv/lib/python3.10/site-packages/airflow/example_dags/example_short_circuit_operator.py
[2025-06-09T11:31:20.420+0200] {processor.py:840} INFO - DAG(s) 'example_short_circuit_operator' retrieved from /home/ccd/airflow_venv/lib/python3.10/site-packages/airflow/example_dags/example_short_circuit_operator.py
[2025-06-09T11:31:20.463+0200] {logging_mixin.py:188} INFO - [2025-06-09T11:31:20.463+0200] {dag.py:3096} INFO - Sync 1 DAGs
[2025-06-09T11:31:20.471+0200] {logging_mixin.py:188} INFO - [2025-06-09T11:31:20.471+0200] {dag.py:3954} INFO - Setting next_dagrun for example_short_circuit_operator to 2025-06-08 00:00:00+00:00, run_after=2025-06-09 00:00:00+00:00
[2025-06-09T11:31:20.491+0200] {processor.py:183} INFO - Processing /home/ccd/airflow_venv/lib/python3.10/site-packages/airflow/example_dags/example_short_circuit_operator.py took 0.137 seconds
[2025-06-09T11:32:23.841+0200] {processor.py:161} INFO - Started process (PID=4593) to work on /home/ccd/airflow_venv/lib/python3.10/site-packages/airflow/example_dags/example_short_circuit_operator.py
[2025-06-09T11:32:23.851+0200] {processor.py:830} INFO - Processing file /home/ccd/airflow_venv/lib/python3.10/site-packages/airflow/example_dags/example_short_circuit_operator.py for tasks to queue
[2025-06-09T11:32:23.852+0200] {logging_mixin.py:188} INFO - [2025-06-09T11:32:23.852+0200] {dagbag.py:540} INFO - Filling up the DagBag from /home/ccd/airflow_venv/lib/python3.10/site-packages/airflow/example_dags/example_short_circuit_operator.py
[2025-06-09T11:32:23.857+0200] {processor.py:840} INFO - DAG(s) 'example_short_circuit_operator' retrieved from /home/ccd/airflow_venv/lib/python3.10/site-packages/airflow/example_dags/example_short_circuit_operator.py
[2025-06-09T11:32:23.868+0200] {logging_mixin.py:188} INFO - [2025-06-09T11:32:23.868+0200] {dag.py:3096} INFO - Sync 1 DAGs
[2025-06-09T11:32:23.882+0200] {logging_mixin.py:188} INFO - [2025-06-09T11:32:23.881+0200] {dag.py:3954} INFO - Setting next_dagrun for example_short_circuit_operator to 2025-06-08 00:00:00+00:00, run_after=2025-06-09 00:00:00+00:00
[2025-06-09T11:32:23.906+0200] {processor.py:183} INFO - Processing /home/ccd/airflow_venv/lib/python3.10/site-packages/airflow/example_dags/example_short_circuit_operator.py took 0.069 seconds
[2025-06-09T11:33:27.668+0200] {processor.py:161} INFO - Started process (PID=5093) to work on /home/ccd/airflow_venv/lib/python3.10/site-packages/airflow/example_dags/example_short_circuit_operator.py
[2025-06-09T11:33:27.678+0200] {processor.py:830} INFO - Processing file /home/ccd/airflow_venv/lib/python3.10/site-packages/airflow/example_dags/example_short_circuit_operator.py for tasks to queue
[2025-06-09T11:33:27.682+0200] {logging_mixin.py:188} INFO - [2025-06-09T11:33:27.681+0200] {dagbag.py:540} INFO - Filling up the DagBag from /home/ccd/airflow_venv/lib/python3.10/site-packages/airflow/example_dags/example_short_circuit_operator.py
[2025-06-09T11:33:27.701+0200] {processor.py:840} INFO - DAG(s) 'example_short_circuit_operator' retrieved from /home/ccd/airflow_venv/lib/python3.10/site-packages/airflow/example_dags/example_short_circuit_operator.py
[2025-06-09T11:33:27.724+0200] {logging_mixin.py:188} INFO - [2025-06-09T11:33:27.724+0200] {dag.py:3096} INFO - Sync 1 DAGs
[2025-06-09T11:33:27.749+0200] {logging_mixin.py:188} INFO - [2025-06-09T11:33:27.749+0200] {dag.py:3954} INFO - Setting next_dagrun for example_short_circuit_operator to 2025-06-08 00:00:00+00:00, run_after=2025-06-09 00:00:00+00:00
[2025-06-09T11:33:27.771+0200] {processor.py:183} INFO - Processing /home/ccd/airflow_venv/lib/python3.10/site-packages/airflow/example_dags/example_short_circuit_operator.py took 0.116 seconds
[2025-06-09T11:34:45.083+0200] {processor.py:161} INFO - Started process (PID=5645) to work on /home/ccd/airflow_venv/lib/python3.10/site-packages/airflow/example_dags/example_short_circuit_operator.py
[2025-06-09T11:34:45.093+0200] {processor.py:830} INFO - Processing file /home/ccd/airflow_venv/lib/python3.10/site-packages/airflow/example_dags/example_short_circuit_operator.py for tasks to queue
[2025-06-09T11:34:45.095+0200] {logging_mixin.py:188} INFO - [2025-06-09T11:34:45.094+0200] {dagbag.py:540} INFO - Filling up the DagBag from /home/ccd/airflow_venv/lib/python3.10/site-packages/airflow/example_dags/example_short_circuit_operator.py
[2025-06-09T11:34:45.100+0200] {processor.py:840} INFO - DAG(s) 'example_short_circuit_operator' retrieved from /home/ccd/airflow_venv/lib/python3.10/site-packages/airflow/example_dags/example_short_circuit_operator.py
[2025-06-09T11:34:45.111+0200] {logging_mixin.py:188} INFO - [2025-06-09T11:34:45.111+0200] {dag.py:3096} INFO - Sync 1 DAGs
[2025-06-09T11:34:45.123+0200] {logging_mixin.py:188} INFO - [2025-06-09T11:34:45.122+0200] {dag.py:3954} INFO - Setting next_dagrun for example_short_circuit_operator to 2025-06-08 00:00:00+00:00, run_after=2025-06-09 00:00:00+00:00
[2025-06-09T11:34:45.142+0200] {processor.py:183} INFO - Processing /home/ccd/airflow_venv/lib/python3.10/site-packages/airflow/example_dags/example_short_circuit_operator.py took 0.063 seconds
[2025-06-09T11:35:40.857+0200] {processor.py:161} INFO - Started process (PID=5989) to work on /home/ccd/airflow_venv/lib/python3.10/site-packages/airflow/example_dags/example_short_circuit_operator.py
[2025-06-09T11:35:40.868+0200] {processor.py:830} INFO - Processing file /home/ccd/airflow_venv/lib/python3.10/site-packages/airflow/example_dags/example_short_circuit_operator.py for tasks to queue
[2025-06-09T11:35:40.869+0200] {logging_mixin.py:188} INFO - [2025-06-09T11:35:40.869+0200] {dagbag.py:540} INFO - Filling up the DagBag from /home/ccd/airflow_venv/lib/python3.10/site-packages/airflow/example_dags/example_short_circuit_operator.py
[2025-06-09T11:35:40.874+0200] {processor.py:840} INFO - DAG(s) 'example_short_circuit_operator' retrieved from /home/ccd/airflow_venv/lib/python3.10/site-packages/airflow/example_dags/example_short_circuit_operator.py
[2025-06-09T11:35:40.884+0200] {logging_mixin.py:188} INFO - [2025-06-09T11:35:40.884+0200] {dag.py:3096} INFO - Sync 1 DAGs
[2025-06-09T11:35:40.895+0200] {logging_mixin.py:188} INFO - [2025-06-09T11:35:40.895+0200] {dag.py:3954} INFO - Setting next_dagrun for example_short_circuit_operator to 2025-06-08 00:00:00+00:00, run_after=2025-06-09 00:00:00+00:00
[2025-06-09T11:35:40.914+0200] {processor.py:183} INFO - Processing /home/ccd/airflow_venv/lib/python3.10/site-packages/airflow/example_dags/example_short_circuit_operator.py took 0.062 seconds
[2025-06-09T11:36:36.383+0200] {processor.py:161} INFO - Started process (PID=6325) to work on /home/ccd/airflow_venv/lib/python3.10/site-packages/airflow/example_dags/example_short_circuit_operator.py
[2025-06-09T11:36:36.393+0200] {processor.py:830} INFO - Processing file /home/ccd/airflow_venv/lib/python3.10/site-packages/airflow/example_dags/example_short_circuit_operator.py for tasks to queue
[2025-06-09T11:36:36.395+0200] {logging_mixin.py:188} INFO - [2025-06-09T11:36:36.394+0200] {dagbag.py:540} INFO - Filling up the DagBag from /home/ccd/airflow_venv/lib/python3.10/site-packages/airflow/example_dags/example_short_circuit_operator.py
[2025-06-09T11:36:36.399+0200] {processor.py:840} INFO - DAG(s) 'example_short_circuit_operator' retrieved from /home/ccd/airflow_venv/lib/python3.10/site-packages/airflow/example_dags/example_short_circuit_operator.py
[2025-06-09T11:36:36.412+0200] {logging_mixin.py:188} INFO - [2025-06-09T11:36:36.412+0200] {dag.py:3096} INFO - Sync 1 DAGs
[2025-06-09T11:36:36.423+0200] {logging_mixin.py:188} INFO - [2025-06-09T11:36:36.423+0200] {dag.py:3954} INFO - Setting next_dagrun for example_short_circuit_operator to 2025-06-08 00:00:00+00:00, run_after=2025-06-09 00:00:00+00:00
[2025-06-09T11:36:36.443+0200] {processor.py:183} INFO - Processing /home/ccd/airflow_venv/lib/python3.10/site-packages/airflow/example_dags/example_short_circuit_operator.py took 0.064 seconds
[2025-06-09T11:37:59.497+0200] {processor.py:161} INFO - Started process (PID=9083) to work on /home/ccd/airflow_venv/lib/python3.10/site-packages/airflow/example_dags/example_short_circuit_operator.py
[2025-06-09T11:37:59.500+0200] {processor.py:830} INFO - Processing file /home/ccd/airflow_venv/lib/python3.10/site-packages/airflow/example_dags/example_short_circuit_operator.py for tasks to queue
[2025-06-09T11:37:59.501+0200] {logging_mixin.py:188} INFO - [2025-06-09T11:37:59.501+0200] {dagbag.py:540} INFO - Filling up the DagBag from /home/ccd/airflow_venv/lib/python3.10/site-packages/airflow/example_dags/example_short_circuit_operator.py
[2025-06-09T11:37:59.506+0200] {processor.py:840} INFO - DAG(s) 'example_short_circuit_operator' retrieved from /home/ccd/airflow_venv/lib/python3.10/site-packages/airflow/example_dags/example_short_circuit_operator.py
[2025-06-09T11:37:59.517+0200] {logging_mixin.py:188} INFO - [2025-06-09T11:37:59.517+0200] {dag.py:3096} INFO - Sync 1 DAGs
[2025-06-09T11:37:59.528+0200] {logging_mixin.py:188} INFO - [2025-06-09T11:37:59.528+0200] {dag.py:3954} INFO - Setting next_dagrun for example_short_circuit_operator to 2025-06-08 00:00:00+00:00, run_after=2025-06-09 00:00:00+00:00
[2025-06-09T11:37:59.557+0200] {processor.py:183} INFO - Processing /home/ccd/airflow_venv/lib/python3.10/site-packages/airflow/example_dags/example_short_circuit_operator.py took 0.064 seconds
[2025-06-09T11:38:52.314+0200] {processor.py:161} INFO - Started process (PID=9382) to work on /home/ccd/airflow_venv/lib/python3.10/site-packages/airflow/example_dags/example_short_circuit_operator.py
[2025-06-09T11:38:52.315+0200] {processor.py:830} INFO - Processing file /home/ccd/airflow_venv/lib/python3.10/site-packages/airflow/example_dags/example_short_circuit_operator.py for tasks to queue
[2025-06-09T11:38:52.316+0200] {logging_mixin.py:188} INFO - [2025-06-09T11:38:52.316+0200] {dagbag.py:540} INFO - Filling up the DagBag from /home/ccd/airflow_venv/lib/python3.10/site-packages/airflow/example_dags/example_short_circuit_operator.py
[2025-06-09T11:38:52.320+0200] {processor.py:840} INFO - DAG(s) 'example_short_circuit_operator' retrieved from /home/ccd/airflow_venv/lib/python3.10/site-packages/airflow/example_dags/example_short_circuit_operator.py
[2025-06-09T11:38:52.333+0200] {logging_mixin.py:188} INFO - [2025-06-09T11:38:52.333+0200] {dag.py:3096} INFO - Sync 1 DAGs
[2025-06-09T11:38:52.346+0200] {logging_mixin.py:188} INFO - [2025-06-09T11:38:52.345+0200] {dag.py:3954} INFO - Setting next_dagrun for example_short_circuit_operator to 2025-06-08 00:00:00+00:00, run_after=2025-06-09 00:00:00+00:00
[2025-06-09T11:38:52.368+0200] {processor.py:183} INFO - Processing /home/ccd/airflow_venv/lib/python3.10/site-packages/airflow/example_dags/example_short_circuit_operator.py took 0.058 seconds
[2025-06-09T11:39:50.574+0200] {processor.py:161} INFO - Started process (PID=9944) to work on /home/ccd/airflow_venv/lib/python3.10/site-packages/airflow/example_dags/example_short_circuit_operator.py
[2025-06-09T11:39:50.585+0200] {processor.py:830} INFO - Processing file /home/ccd/airflow_venv/lib/python3.10/site-packages/airflow/example_dags/example_short_circuit_operator.py for tasks to queue
[2025-06-09T11:39:50.586+0200] {logging_mixin.py:188} INFO - [2025-06-09T11:39:50.586+0200] {dagbag.py:540} INFO - Filling up the DagBag from /home/ccd/airflow_venv/lib/python3.10/site-packages/airflow/example_dags/example_short_circuit_operator.py
[2025-06-09T11:39:50.591+0200] {processor.py:840} INFO - DAG(s) 'example_short_circuit_operator' retrieved from /home/ccd/airflow_venv/lib/python3.10/site-packages/airflow/example_dags/example_short_circuit_operator.py
[2025-06-09T11:39:50.602+0200] {logging_mixin.py:188} INFO - [2025-06-09T11:39:50.601+0200] {dag.py:3096} INFO - Sync 1 DAGs
[2025-06-09T11:39:50.613+0200] {logging_mixin.py:188} INFO - [2025-06-09T11:39:50.613+0200] {dag.py:3954} INFO - Setting next_dagrun for example_short_circuit_operator to 2025-06-08 00:00:00+00:00, run_after=2025-06-09 00:00:00+00:00
[2025-06-09T11:39:50.633+0200] {processor.py:183} INFO - Processing /home/ccd/airflow_venv/lib/python3.10/site-packages/airflow/example_dags/example_short_circuit_operator.py took 0.065 seconds
[2025-06-09T11:40:53.646+0200] {processor.py:161} INFO - Started process (PID=10570) to work on /home/ccd/airflow_venv/lib/python3.10/site-packages/airflow/example_dags/example_short_circuit_operator.py
[2025-06-09T11:40:53.647+0200] {processor.py:830} INFO - Processing file /home/ccd/airflow_venv/lib/python3.10/site-packages/airflow/example_dags/example_short_circuit_operator.py for tasks to queue
[2025-06-09T11:40:53.648+0200] {logging_mixin.py:188} INFO - [2025-06-09T11:40:53.648+0200] {dagbag.py:540} INFO - Filling up the DagBag from /home/ccd/airflow_venv/lib/python3.10/site-packages/airflow/example_dags/example_short_circuit_operator.py
[2025-06-09T11:40:53.653+0200] {processor.py:840} INFO - DAG(s) 'example_short_circuit_operator' retrieved from /home/ccd/airflow_venv/lib/python3.10/site-packages/airflow/example_dags/example_short_circuit_operator.py
[2025-06-09T11:40:53.669+0200] {logging_mixin.py:188} INFO - [2025-06-09T11:40:53.668+0200] {dag.py:3096} INFO - Sync 1 DAGs
[2025-06-09T11:40:53.679+0200] {logging_mixin.py:188} INFO - [2025-06-09T11:40:53.679+0200] {dag.py:3954} INFO - Setting next_dagrun for example_short_circuit_operator to 2025-06-08 00:00:00+00:00, run_after=2025-06-09 00:00:00+00:00
[2025-06-09T11:40:53.700+0200] {processor.py:183} INFO - Processing /home/ccd/airflow_venv/lib/python3.10/site-packages/airflow/example_dags/example_short_circuit_operator.py took 0.058 seconds
[2025-06-09T11:42:04.591+0200] {processor.py:161} INFO - Started process (PID=11216) to work on /home/ccd/airflow_venv/lib/python3.10/site-packages/airflow/example_dags/example_short_circuit_operator.py
[2025-06-09T11:42:04.602+0200] {processor.py:830} INFO - Processing file /home/ccd/airflow_venv/lib/python3.10/site-packages/airflow/example_dags/example_short_circuit_operator.py for tasks to queue
[2025-06-09T11:42:04.603+0200] {logging_mixin.py:188} INFO - [2025-06-09T11:42:04.603+0200] {dagbag.py:540} INFO - Filling up the DagBag from /home/ccd/airflow_venv/lib/python3.10/site-packages/airflow/example_dags/example_short_circuit_operator.py
[2025-06-09T11:42:04.608+0200] {processor.py:840} INFO - DAG(s) 'example_short_circuit_operator' retrieved from /home/ccd/airflow_venv/lib/python3.10/site-packages/airflow/example_dags/example_short_circuit_operator.py
[2025-06-09T11:42:04.621+0200] {logging_mixin.py:188} INFO - [2025-06-09T11:42:04.620+0200] {dag.py:3096} INFO - Sync 1 DAGs
[2025-06-09T11:42:04.632+0200] {logging_mixin.py:188} INFO - [2025-06-09T11:42:04.631+0200] {dag.py:3954} INFO - Setting next_dagrun for example_short_circuit_operator to 2025-06-08 00:00:00+00:00, run_after=2025-06-09 00:00:00+00:00
[2025-06-09T11:42:04.651+0200] {processor.py:183} INFO - Processing /home/ccd/airflow_venv/lib/python3.10/site-packages/airflow/example_dags/example_short_circuit_operator.py took 0.065 seconds
[2025-06-09T11:42:55.777+0200] {processor.py:161} INFO - Started process (PID=11512) to work on /home/ccd/airflow_venv/lib/python3.10/site-packages/airflow/example_dags/example_short_circuit_operator.py
[2025-06-09T11:42:55.779+0200] {processor.py:830} INFO - Processing file /home/ccd/airflow_venv/lib/python3.10/site-packages/airflow/example_dags/example_short_circuit_operator.py for tasks to queue
[2025-06-09T11:42:55.781+0200] {logging_mixin.py:188} INFO - [2025-06-09T11:42:55.780+0200] {dagbag.py:540} INFO - Filling up the DagBag from /home/ccd/airflow_venv/lib/python3.10/site-packages/airflow/example_dags/example_short_circuit_operator.py
[2025-06-09T11:42:55.787+0200] {processor.py:840} INFO - DAG(s) 'example_short_circuit_operator' retrieved from /home/ccd/airflow_venv/lib/python3.10/site-packages/airflow/example_dags/example_short_circuit_operator.py
[2025-06-09T11:42:55.801+0200] {logging_mixin.py:188} INFO - [2025-06-09T11:42:55.801+0200] {dag.py:3096} INFO - Sync 1 DAGs
[2025-06-09T11:42:55.814+0200] {logging_mixin.py:188} INFO - [2025-06-09T11:42:55.814+0200] {dag.py:3954} INFO - Setting next_dagrun for example_short_circuit_operator to 2025-06-08 00:00:00+00:00, run_after=2025-06-09 00:00:00+00:00
[2025-06-09T11:42:55.842+0200] {processor.py:183} INFO - Processing /home/ccd/airflow_venv/lib/python3.10/site-packages/airflow/example_dags/example_short_circuit_operator.py took 0.069 seconds
[2025-06-09T11:43:57.432+0200] {processor.py:161} INFO - Started process (PID=11902) to work on /home/ccd/airflow_venv/lib/python3.10/site-packages/airflow/example_dags/example_short_circuit_operator.py
[2025-06-09T11:43:57.433+0200] {processor.py:830} INFO - Processing file /home/ccd/airflow_venv/lib/python3.10/site-packages/airflow/example_dags/example_short_circuit_operator.py for tasks to queue
[2025-06-09T11:43:57.434+0200] {logging_mixin.py:188} INFO - [2025-06-09T11:43:57.434+0200] {dagbag.py:540} INFO - Filling up the DagBag from /home/ccd/airflow_venv/lib/python3.10/site-packages/airflow/example_dags/example_short_circuit_operator.py
[2025-06-09T11:43:57.439+0200] {processor.py:840} INFO - DAG(s) 'example_short_circuit_operator' retrieved from /home/ccd/airflow_venv/lib/python3.10/site-packages/airflow/example_dags/example_short_circuit_operator.py
[2025-06-09T11:43:57.449+0200] {logging_mixin.py:188} INFO - [2025-06-09T11:43:57.449+0200] {dag.py:3096} INFO - Sync 1 DAGs
[2025-06-09T11:43:57.460+0200] {logging_mixin.py:188} INFO - [2025-06-09T11:43:57.460+0200] {dag.py:3954} INFO - Setting next_dagrun for example_short_circuit_operator to 2025-06-08 00:00:00+00:00, run_after=2025-06-09 00:00:00+00:00
[2025-06-09T11:43:57.481+0200] {processor.py:183} INFO - Processing /home/ccd/airflow_venv/lib/python3.10/site-packages/airflow/example_dags/example_short_circuit_operator.py took 0.053 seconds
[2025-06-09T11:44:53.755+0200] {processor.py:161} INFO - Started process (PID=12207) to work on /home/ccd/airflow_venv/lib/python3.10/site-packages/airflow/example_dags/example_short_circuit_operator.py
[2025-06-09T11:44:53.766+0200] {processor.py:830} INFO - Processing file /home/ccd/airflow_venv/lib/python3.10/site-packages/airflow/example_dags/example_short_circuit_operator.py for tasks to queue
[2025-06-09T11:44:53.767+0200] {logging_mixin.py:188} INFO - [2025-06-09T11:44:53.766+0200] {dagbag.py:540} INFO - Filling up the DagBag from /home/ccd/airflow_venv/lib/python3.10/site-packages/airflow/example_dags/example_short_circuit_operator.py
[2025-06-09T11:44:53.772+0200] {processor.py:840} INFO - DAG(s) 'example_short_circuit_operator' retrieved from /home/ccd/airflow_venv/lib/python3.10/site-packages/airflow/example_dags/example_short_circuit_operator.py
[2025-06-09T11:44:53.783+0200] {logging_mixin.py:188} INFO - [2025-06-09T11:44:53.783+0200] {dag.py:3096} INFO - Sync 1 DAGs
[2025-06-09T11:44:53.796+0200] {logging_mixin.py:188} INFO - [2025-06-09T11:44:53.796+0200] {dag.py:3954} INFO - Setting next_dagrun for example_short_circuit_operator to 2025-06-08 00:00:00+00:00, run_after=2025-06-09 00:00:00+00:00
[2025-06-09T11:44:53.821+0200] {processor.py:183} INFO - Processing /home/ccd/airflow_venv/lib/python3.10/site-packages/airflow/example_dags/example_short_circuit_operator.py took 0.070 seconds
[2025-06-09T11:45:46.179+0200] {processor.py:161} INFO - Started process (PID=12516) to work on /home/ccd/airflow_venv/lib/python3.10/site-packages/airflow/example_dags/example_short_circuit_operator.py
[2025-06-09T11:45:46.180+0200] {processor.py:830} INFO - Processing file /home/ccd/airflow_venv/lib/python3.10/site-packages/airflow/example_dags/example_short_circuit_operator.py for tasks to queue
[2025-06-09T11:45:46.182+0200] {logging_mixin.py:188} INFO - [2025-06-09T11:45:46.182+0200] {dagbag.py:540} INFO - Filling up the DagBag from /home/ccd/airflow_venv/lib/python3.10/site-packages/airflow/example_dags/example_short_circuit_operator.py
[2025-06-09T11:45:46.191+0200] {processor.py:840} INFO - DAG(s) 'example_short_circuit_operator' retrieved from /home/ccd/airflow_venv/lib/python3.10/site-packages/airflow/example_dags/example_short_circuit_operator.py
[2025-06-09T11:45:46.208+0200] {logging_mixin.py:188} INFO - [2025-06-09T11:45:46.208+0200] {dag.py:3096} INFO - Sync 1 DAGs
[2025-06-09T11:45:46.221+0200] {logging_mixin.py:188} INFO - [2025-06-09T11:45:46.221+0200] {dag.py:3954} INFO - Setting next_dagrun for example_short_circuit_operator to 2025-06-08 00:00:00+00:00, run_after=2025-06-09 00:00:00+00:00
[2025-06-09T11:45:46.246+0200] {processor.py:183} INFO - Processing /home/ccd/airflow_venv/lib/python3.10/site-packages/airflow/example_dags/example_short_circuit_operator.py took 0.073 seconds
[2025-06-09T11:47:13.714+0200] {processor.py:161} INFO - Started process (PID=13943) to work on /home/ccd/airflow_venv/lib/python3.10/site-packages/airflow/example_dags/example_short_circuit_operator.py
[2025-06-09T11:47:13.726+0200] {processor.py:830} INFO - Processing file /home/ccd/airflow_venv/lib/python3.10/site-packages/airflow/example_dags/example_short_circuit_operator.py for tasks to queue
[2025-06-09T11:47:13.727+0200] {logging_mixin.py:188} INFO - [2025-06-09T11:47:13.726+0200] {dagbag.py:540} INFO - Filling up the DagBag from /home/ccd/airflow_venv/lib/python3.10/site-packages/airflow/example_dags/example_short_circuit_operator.py
[2025-06-09T11:47:13.732+0200] {processor.py:840} INFO - DAG(s) 'example_short_circuit_operator' retrieved from /home/ccd/airflow_venv/lib/python3.10/site-packages/airflow/example_dags/example_short_circuit_operator.py
[2025-06-09T11:47:13.743+0200] {logging_mixin.py:188} INFO - [2025-06-09T11:47:13.743+0200] {dag.py:3096} INFO - Sync 1 DAGs
[2025-06-09T11:47:13.754+0200] {logging_mixin.py:188} INFO - [2025-06-09T11:47:13.754+0200] {dag.py:3954} INFO - Setting next_dagrun for example_short_circuit_operator to 2025-06-08 00:00:00+00:00, run_after=2025-06-09 00:00:00+00:00
[2025-06-09T11:47:13.779+0200] {processor.py:183} INFO - Processing /home/ccd/airflow_venv/lib/python3.10/site-packages/airflow/example_dags/example_short_circuit_operator.py took 0.069 seconds
[2025-06-09T11:48:11.560+0200] {processor.py:161} INFO - Started process (PID=14340) to work on /home/ccd/airflow_venv/lib/python3.10/site-packages/airflow/example_dags/example_short_circuit_operator.py
[2025-06-09T11:48:11.562+0200] {processor.py:830} INFO - Processing file /home/ccd/airflow_venv/lib/python3.10/site-packages/airflow/example_dags/example_short_circuit_operator.py for tasks to queue
[2025-06-09T11:48:11.563+0200] {logging_mixin.py:188} INFO - [2025-06-09T11:48:11.563+0200] {dagbag.py:540} INFO - Filling up the DagBag from /home/ccd/airflow_venv/lib/python3.10/site-packages/airflow/example_dags/example_short_circuit_operator.py
[2025-06-09T11:48:11.570+0200] {processor.py:840} INFO - DAG(s) 'example_short_circuit_operator' retrieved from /home/ccd/airflow_venv/lib/python3.10/site-packages/airflow/example_dags/example_short_circuit_operator.py
[2025-06-09T11:48:11.582+0200] {logging_mixin.py:188} INFO - [2025-06-09T11:48:11.582+0200] {dag.py:3096} INFO - Sync 1 DAGs
[2025-06-09T11:48:11.596+0200] {logging_mixin.py:188} INFO - [2025-06-09T11:48:11.596+0200] {dag.py:3954} INFO - Setting next_dagrun for example_short_circuit_operator to 2025-06-08 00:00:00+00:00, run_after=2025-06-09 00:00:00+00:00
[2025-06-09T11:48:11.618+0200] {processor.py:183} INFO - Processing /home/ccd/airflow_venv/lib/python3.10/site-packages/airflow/example_dags/example_short_circuit_operator.py took 0.063 seconds
[2025-06-09T11:49:31.850+0200] {processor.py:161} INFO - Started process (PID=15924) to work on /home/ccd/airflow_venv/lib/python3.10/site-packages/airflow/example_dags/example_short_circuit_operator.py
[2025-06-09T11:49:31.852+0200] {processor.py:830} INFO - Processing file /home/ccd/airflow_venv/lib/python3.10/site-packages/airflow/example_dags/example_short_circuit_operator.py for tasks to queue
[2025-06-09T11:49:31.853+0200] {logging_mixin.py:188} INFO - [2025-06-09T11:49:31.853+0200] {dagbag.py:540} INFO - Filling up the DagBag from /home/ccd/airflow_venv/lib/python3.10/site-packages/airflow/example_dags/example_short_circuit_operator.py
[2025-06-09T11:49:31.858+0200] {processor.py:840} INFO - DAG(s) 'example_short_circuit_operator' retrieved from /home/ccd/airflow_venv/lib/python3.10/site-packages/airflow/example_dags/example_short_circuit_operator.py
[2025-06-09T11:49:31.870+0200] {logging_mixin.py:188} INFO - [2025-06-09T11:49:31.870+0200] {dag.py:3096} INFO - Sync 1 DAGs
[2025-06-09T11:49:31.881+0200] {logging_mixin.py:188} INFO - [2025-06-09T11:49:31.881+0200] {dag.py:3954} INFO - Setting next_dagrun for example_short_circuit_operator to 2025-06-08 00:00:00+00:00, run_after=2025-06-09 00:00:00+00:00
[2025-06-09T11:49:31.900+0200] {processor.py:183} INFO - Processing /home/ccd/airflow_venv/lib/python3.10/site-packages/airflow/example_dags/example_short_circuit_operator.py took 0.054 seconds
[2025-06-09T11:50:49.755+0200] {processor.py:161} INFO - Started process (PID=17034) to work on /home/ccd/airflow_venv/lib/python3.10/site-packages/airflow/example_dags/example_short_circuit_operator.py
[2025-06-09T11:50:49.756+0200] {processor.py:830} INFO - Processing file /home/ccd/airflow_venv/lib/python3.10/site-packages/airflow/example_dags/example_short_circuit_operator.py for tasks to queue
[2025-06-09T11:50:49.758+0200] {logging_mixin.py:188} INFO - [2025-06-09T11:50:49.757+0200] {dagbag.py:540} INFO - Filling up the DagBag from /home/ccd/airflow_venv/lib/python3.10/site-packages/airflow/example_dags/example_short_circuit_operator.py
[2025-06-09T11:50:49.763+0200] {processor.py:840} INFO - DAG(s) 'example_short_circuit_operator' retrieved from /home/ccd/airflow_venv/lib/python3.10/site-packages/airflow/example_dags/example_short_circuit_operator.py
[2025-06-09T11:50:49.777+0200] {logging_mixin.py:188} INFO - [2025-06-09T11:50:49.776+0200] {dag.py:3096} INFO - Sync 1 DAGs
[2025-06-09T11:50:49.791+0200] {logging_mixin.py:188} INFO - [2025-06-09T11:50:49.791+0200] {dag.py:3954} INFO - Setting next_dagrun for example_short_circuit_operator to 2025-06-08 00:00:00+00:00, run_after=2025-06-09 00:00:00+00:00
[2025-06-09T11:50:49.816+0200] {processor.py:183} INFO - Processing /home/ccd/airflow_venv/lib/python3.10/site-packages/airflow/example_dags/example_short_circuit_operator.py took 0.065 seconds
[2025-06-09T11:51:46.916+0200] {processor.py:161} INFO - Started process (PID=17415) to work on /home/ccd/airflow_venv/lib/python3.10/site-packages/airflow/example_dags/example_short_circuit_operator.py
[2025-06-09T11:51:46.927+0200] {processor.py:830} INFO - Processing file /home/ccd/airflow_venv/lib/python3.10/site-packages/airflow/example_dags/example_short_circuit_operator.py for tasks to queue
[2025-06-09T11:51:46.928+0200] {logging_mixin.py:188} INFO - [2025-06-09T11:51:46.928+0200] {dagbag.py:540} INFO - Filling up the DagBag from /home/ccd/airflow_venv/lib/python3.10/site-packages/airflow/example_dags/example_short_circuit_operator.py
[2025-06-09T11:51:46.933+0200] {processor.py:840} INFO - DAG(s) 'example_short_circuit_operator' retrieved from /home/ccd/airflow_venv/lib/python3.10/site-packages/airflow/example_dags/example_short_circuit_operator.py
[2025-06-09T11:51:46.944+0200] {logging_mixin.py:188} INFO - [2025-06-09T11:51:46.944+0200] {dag.py:3096} INFO - Sync 1 DAGs
[2025-06-09T11:51:46.955+0200] {logging_mixin.py:188} INFO - [2025-06-09T11:51:46.955+0200] {dag.py:3954} INFO - Setting next_dagrun for example_short_circuit_operator to 2025-06-08 00:00:00+00:00, run_after=2025-06-09 00:00:00+00:00
[2025-06-09T11:51:46.976+0200] {processor.py:183} INFO - Processing /home/ccd/airflow_venv/lib/python3.10/site-packages/airflow/example_dags/example_short_circuit_operator.py took 0.063 seconds
[2025-06-09T11:52:38.792+0200] {processor.py:161} INFO - Started process (PID=17727) to work on /home/ccd/airflow_venv/lib/python3.10/site-packages/airflow/example_dags/example_short_circuit_operator.py
[2025-06-09T11:52:38.793+0200] {processor.py:830} INFO - Processing file /home/ccd/airflow_venv/lib/python3.10/site-packages/airflow/example_dags/example_short_circuit_operator.py for tasks to queue
[2025-06-09T11:52:38.795+0200] {logging_mixin.py:188} INFO - [2025-06-09T11:52:38.794+0200] {dagbag.py:540} INFO - Filling up the DagBag from /home/ccd/airflow_venv/lib/python3.10/site-packages/airflow/example_dags/example_short_circuit_operator.py
[2025-06-09T11:52:38.799+0200] {processor.py:840} INFO - DAG(s) 'example_short_circuit_operator' retrieved from /home/ccd/airflow_venv/lib/python3.10/site-packages/airflow/example_dags/example_short_circuit_operator.py
[2025-06-09T11:52:38.810+0200] {logging_mixin.py:188} INFO - [2025-06-09T11:52:38.810+0200] {dag.py:3096} INFO - Sync 1 DAGs
[2025-06-09T11:52:38.821+0200] {logging_mixin.py:188} INFO - [2025-06-09T11:52:38.821+0200] {dag.py:3954} INFO - Setting next_dagrun for example_short_circuit_operator to 2025-06-08 00:00:00+00:00, run_after=2025-06-09 00:00:00+00:00
[2025-06-09T11:52:38.953+0200] {processor.py:183} INFO - Processing /home/ccd/airflow_venv/lib/python3.10/site-packages/airflow/example_dags/example_short_circuit_operator.py took 0.164 seconds
[2025-06-09T11:53:32.982+0200] {processor.py:161} INFO - Started process (PID=18030) to work on /home/ccd/airflow_venv/lib/python3.10/site-packages/airflow/example_dags/example_short_circuit_operator.py
[2025-06-09T11:53:32.993+0200] {processor.py:830} INFO - Processing file /home/ccd/airflow_venv/lib/python3.10/site-packages/airflow/example_dags/example_short_circuit_operator.py for tasks to queue
[2025-06-09T11:53:32.994+0200] {logging_mixin.py:188} INFO - [2025-06-09T11:53:32.994+0200] {dagbag.py:540} INFO - Filling up the DagBag from /home/ccd/airflow_venv/lib/python3.10/site-packages/airflow/example_dags/example_short_circuit_operator.py
[2025-06-09T11:53:32.999+0200] {processor.py:840} INFO - DAG(s) 'example_short_circuit_operator' retrieved from /home/ccd/airflow_venv/lib/python3.10/site-packages/airflow/example_dags/example_short_circuit_operator.py
[2025-06-09T11:53:33.009+0200] {logging_mixin.py:188} INFO - [2025-06-09T11:53:33.009+0200] {dag.py:3096} INFO - Sync 1 DAGs
[2025-06-09T11:53:33.020+0200] {logging_mixin.py:188} INFO - [2025-06-09T11:53:33.020+0200] {dag.py:3954} INFO - Setting next_dagrun for example_short_circuit_operator to 2025-06-08 00:00:00+00:00, run_after=2025-06-09 00:00:00+00:00
[2025-06-09T11:53:33.039+0200] {processor.py:183} INFO - Processing /home/ccd/airflow_venv/lib/python3.10/site-packages/airflow/example_dags/example_short_circuit_operator.py took 0.061 seconds
[2025-06-09T11:54:25.311+0200] {processor.py:161} INFO - Started process (PID=18319) to work on /home/ccd/airflow_venv/lib/python3.10/site-packages/airflow/example_dags/example_short_circuit_operator.py
[2025-06-09T11:54:25.322+0200] {processor.py:830} INFO - Processing file /home/ccd/airflow_venv/lib/python3.10/site-packages/airflow/example_dags/example_short_circuit_operator.py for tasks to queue
[2025-06-09T11:54:25.324+0200] {logging_mixin.py:188} INFO - [2025-06-09T11:54:25.323+0200] {dagbag.py:540} INFO - Filling up the DagBag from /home/ccd/airflow_venv/lib/python3.10/site-packages/airflow/example_dags/example_short_circuit_operator.py
[2025-06-09T11:54:25.329+0200] {processor.py:840} INFO - DAG(s) 'example_short_circuit_operator' retrieved from /home/ccd/airflow_venv/lib/python3.10/site-packages/airflow/example_dags/example_short_circuit_operator.py
[2025-06-09T11:54:25.345+0200] {logging_mixin.py:188} INFO - [2025-06-09T11:54:25.345+0200] {dag.py:3096} INFO - Sync 1 DAGs
[2025-06-09T11:54:25.358+0200] {logging_mixin.py:188} INFO - [2025-06-09T11:54:25.358+0200] {dag.py:3954} INFO - Setting next_dagrun for example_short_circuit_operator to 2025-06-08 00:00:00+00:00, run_after=2025-06-09 00:00:00+00:00
[2025-06-09T11:54:25.381+0200] {processor.py:183} INFO - Processing /home/ccd/airflow_venv/lib/python3.10/site-packages/airflow/example_dags/example_short_circuit_operator.py took 0.074 seconds
[2025-06-09T11:55:16.982+0200] {processor.py:161} INFO - Started process (PID=18625) to work on /home/ccd/airflow_venv/lib/python3.10/site-packages/airflow/example_dags/example_short_circuit_operator.py
[2025-06-09T11:55:16.992+0200] {processor.py:830} INFO - Processing file /home/ccd/airflow_venv/lib/python3.10/site-packages/airflow/example_dags/example_short_circuit_operator.py for tasks to queue
[2025-06-09T11:55:16.993+0200] {logging_mixin.py:188} INFO - [2025-06-09T11:55:16.993+0200] {dagbag.py:540} INFO - Filling up the DagBag from /home/ccd/airflow_venv/lib/python3.10/site-packages/airflow/example_dags/example_short_circuit_operator.py
[2025-06-09T11:55:16.998+0200] {processor.py:840} INFO - DAG(s) 'example_short_circuit_operator' retrieved from /home/ccd/airflow_venv/lib/python3.10/site-packages/airflow/example_dags/example_short_circuit_operator.py
[2025-06-09T11:55:17.009+0200] {logging_mixin.py:188} INFO - [2025-06-09T11:55:17.009+0200] {dag.py:3096} INFO - Sync 1 DAGs
[2025-06-09T11:55:17.021+0200] {logging_mixin.py:188} INFO - [2025-06-09T11:55:17.021+0200] {dag.py:3954} INFO - Setting next_dagrun for example_short_circuit_operator to 2025-06-08 00:00:00+00:00, run_after=2025-06-09 00:00:00+00:00
[2025-06-09T11:55:17.042+0200] {processor.py:183} INFO - Processing /home/ccd/airflow_venv/lib/python3.10/site-packages/airflow/example_dags/example_short_circuit_operator.py took 0.064 seconds
[2025-06-09T11:56:05.648+0200] {processor.py:161} INFO - Started process (PID=18908) to work on /home/ccd/airflow_venv/lib/python3.10/site-packages/airflow/example_dags/example_short_circuit_operator.py
[2025-06-09T11:56:05.650+0200] {processor.py:830} INFO - Processing file /home/ccd/airflow_venv/lib/python3.10/site-packages/airflow/example_dags/example_short_circuit_operator.py for tasks to queue
[2025-06-09T11:56:05.651+0200] {logging_mixin.py:188} INFO - [2025-06-09T11:56:05.651+0200] {dagbag.py:540} INFO - Filling up the DagBag from /home/ccd/airflow_venv/lib/python3.10/site-packages/airflow/example_dags/example_short_circuit_operator.py
[2025-06-09T11:56:05.656+0200] {processor.py:840} INFO - DAG(s) 'example_short_circuit_operator' retrieved from /home/ccd/airflow_venv/lib/python3.10/site-packages/airflow/example_dags/example_short_circuit_operator.py
[2025-06-09T11:56:05.667+0200] {logging_mixin.py:188} INFO - [2025-06-09T11:56:05.667+0200] {dag.py:3096} INFO - Sync 1 DAGs
[2025-06-09T11:56:05.677+0200] {logging_mixin.py:188} INFO - [2025-06-09T11:56:05.677+0200] {dag.py:3954} INFO - Setting next_dagrun for example_short_circuit_operator to 2025-06-08 00:00:00+00:00, run_after=2025-06-09 00:00:00+00:00
[2025-06-09T11:56:05.697+0200] {processor.py:183} INFO - Processing /home/ccd/airflow_venv/lib/python3.10/site-packages/airflow/example_dags/example_short_circuit_operator.py took 0.053 seconds
[2025-06-09T11:56:58.127+0200] {processor.py:161} INFO - Started process (PID=19201) to work on /home/ccd/airflow_venv/lib/python3.10/site-packages/airflow/example_dags/example_short_circuit_operator.py
[2025-06-09T11:56:58.138+0200] {processor.py:830} INFO - Processing file /home/ccd/airflow_venv/lib/python3.10/site-packages/airflow/example_dags/example_short_circuit_operator.py for tasks to queue
[2025-06-09T11:56:58.139+0200] {logging_mixin.py:188} INFO - [2025-06-09T11:56:58.139+0200] {dagbag.py:540} INFO - Filling up the DagBag from /home/ccd/airflow_venv/lib/python3.10/site-packages/airflow/example_dags/example_short_circuit_operator.py
[2025-06-09T11:56:58.144+0200] {processor.py:840} INFO - DAG(s) 'example_short_circuit_operator' retrieved from /home/ccd/airflow_venv/lib/python3.10/site-packages/airflow/example_dags/example_short_circuit_operator.py
[2025-06-09T11:56:58.155+0200] {logging_mixin.py:188} INFO - [2025-06-09T11:56:58.155+0200] {dag.py:3096} INFO - Sync 1 DAGs
[2025-06-09T11:56:58.169+0200] {logging_mixin.py:188} INFO - [2025-06-09T11:56:58.168+0200] {dag.py:3954} INFO - Setting next_dagrun for example_short_circuit_operator to 2025-06-08 00:00:00+00:00, run_after=2025-06-09 00:00:00+00:00
[2025-06-09T11:56:58.189+0200] {processor.py:183} INFO - Processing /home/ccd/airflow_venv/lib/python3.10/site-packages/airflow/example_dags/example_short_circuit_operator.py took 0.066 seconds
[2025-06-09T11:57:46.837+0200] {processor.py:161} INFO - Started process (PID=19501) to work on /home/ccd/airflow_venv/lib/python3.10/site-packages/airflow/example_dags/example_short_circuit_operator.py
[2025-06-09T11:57:46.840+0200] {processor.py:830} INFO - Processing file /home/ccd/airflow_venv/lib/python3.10/site-packages/airflow/example_dags/example_short_circuit_operator.py for tasks to queue
[2025-06-09T11:57:46.841+0200] {logging_mixin.py:188} INFO - [2025-06-09T11:57:46.840+0200] {dagbag.py:540} INFO - Filling up the DagBag from /home/ccd/airflow_venv/lib/python3.10/site-packages/airflow/example_dags/example_short_circuit_operator.py
[2025-06-09T11:57:46.845+0200] {processor.py:840} INFO - DAG(s) 'example_short_circuit_operator' retrieved from /home/ccd/airflow_venv/lib/python3.10/site-packages/airflow/example_dags/example_short_circuit_operator.py
[2025-06-09T11:57:46.856+0200] {logging_mixin.py:188} INFO - [2025-06-09T11:57:46.856+0200] {dag.py:3096} INFO - Sync 1 DAGs
[2025-06-09T11:57:46.867+0200] {logging_mixin.py:188} INFO - [2025-06-09T11:57:46.867+0200] {dag.py:3954} INFO - Setting next_dagrun for example_short_circuit_operator to 2025-06-08 00:00:00+00:00, run_after=2025-06-09 00:00:00+00:00
[2025-06-09T11:57:46.894+0200] {processor.py:183} INFO - Processing /home/ccd/airflow_venv/lib/python3.10/site-packages/airflow/example_dags/example_short_circuit_operator.py took 0.060 seconds
[2025-06-09T11:58:41.321+0200] {processor.py:161} INFO - Started process (PID=19788) to work on /home/ccd/airflow_venv/lib/python3.10/site-packages/airflow/example_dags/example_short_circuit_operator.py
[2025-06-09T11:58:41.323+0200] {processor.py:830} INFO - Processing file /home/ccd/airflow_venv/lib/python3.10/site-packages/airflow/example_dags/example_short_circuit_operator.py for tasks to queue
[2025-06-09T11:58:41.324+0200] {logging_mixin.py:188} INFO - [2025-06-09T11:58:41.324+0200] {dagbag.py:540} INFO - Filling up the DagBag from /home/ccd/airflow_venv/lib/python3.10/site-packages/airflow/example_dags/example_short_circuit_operator.py
[2025-06-09T11:58:41.329+0200] {processor.py:840} INFO - DAG(s) 'example_short_circuit_operator' retrieved from /home/ccd/airflow_venv/lib/python3.10/site-packages/airflow/example_dags/example_short_circuit_operator.py
[2025-06-09T11:58:41.341+0200] {logging_mixin.py:188} INFO - [2025-06-09T11:58:41.341+0200] {dag.py:3096} INFO - Sync 1 DAGs
[2025-06-09T11:58:41.353+0200] {logging_mixin.py:188} INFO - [2025-06-09T11:58:41.353+0200] {dag.py:3954} INFO - Setting next_dagrun for example_short_circuit_operator to 2025-06-08 00:00:00+00:00, run_after=2025-06-09 00:00:00+00:00
[2025-06-09T11:58:41.374+0200] {processor.py:183} INFO - Processing /home/ccd/airflow_venv/lib/python3.10/site-packages/airflow/example_dags/example_short_circuit_operator.py took 0.057 seconds
[2025-06-09T11:59:31.101+0200] {processor.py:161} INFO - Started process (PID=20114) to work on /home/ccd/airflow_venv/lib/python3.10/site-packages/airflow/example_dags/example_short_circuit_operator.py
[2025-06-09T11:59:31.104+0200] {processor.py:830} INFO - Processing file /home/ccd/airflow_venv/lib/python3.10/site-packages/airflow/example_dags/example_short_circuit_operator.py for tasks to queue
[2025-06-09T11:59:31.105+0200] {logging_mixin.py:188} INFO - [2025-06-09T11:59:31.105+0200] {dagbag.py:540} INFO - Filling up the DagBag from /home/ccd/airflow_venv/lib/python3.10/site-packages/airflow/example_dags/example_short_circuit_operator.py
[2025-06-09T11:59:31.110+0200] {processor.py:840} INFO - DAG(s) 'example_short_circuit_operator' retrieved from /home/ccd/airflow_venv/lib/python3.10/site-packages/airflow/example_dags/example_short_circuit_operator.py
[2025-06-09T11:59:31.121+0200] {logging_mixin.py:188} INFO - [2025-06-09T11:59:31.121+0200] {dag.py:3096} INFO - Sync 1 DAGs
[2025-06-09T11:59:31.132+0200] {logging_mixin.py:188} INFO - [2025-06-09T11:59:31.132+0200] {dag.py:3954} INFO - Setting next_dagrun for example_short_circuit_operator to 2025-06-08 00:00:00+00:00, run_after=2025-06-09 00:00:00+00:00
[2025-06-09T11:59:31.163+0200] {processor.py:183} INFO - Processing /home/ccd/airflow_venv/lib/python3.10/site-packages/airflow/example_dags/example_short_circuit_operator.py took 0.066 seconds
[2025-06-09T12:00:23.015+0200] {processor.py:161} INFO - Started process (PID=20546) to work on /home/ccd/airflow_venv/lib/python3.10/site-packages/airflow/example_dags/example_short_circuit_operator.py
[2025-06-09T12:00:23.016+0200] {processor.py:830} INFO - Processing file /home/ccd/airflow_venv/lib/python3.10/site-packages/airflow/example_dags/example_short_circuit_operator.py for tasks to queue
[2025-06-09T12:00:23.017+0200] {logging_mixin.py:188} INFO - [2025-06-09T12:00:23.017+0200] {dagbag.py:540} INFO - Filling up the DagBag from /home/ccd/airflow_venv/lib/python3.10/site-packages/airflow/example_dags/example_short_circuit_operator.py
[2025-06-09T12:00:23.023+0200] {processor.py:840} INFO - DAG(s) 'example_short_circuit_operator' retrieved from /home/ccd/airflow_venv/lib/python3.10/site-packages/airflow/example_dags/example_short_circuit_operator.py
[2025-06-09T12:00:23.037+0200] {logging_mixin.py:188} INFO - [2025-06-09T12:00:23.036+0200] {dag.py:3096} INFO - Sync 1 DAGs
[2025-06-09T12:00:23.049+0200] {logging_mixin.py:188} INFO - [2025-06-09T12:00:23.049+0200] {dag.py:3954} INFO - Setting next_dagrun for example_short_circuit_operator to 2025-06-08 00:00:00+00:00, run_after=2025-06-09 00:00:00+00:00
[2025-06-09T12:00:23.070+0200] {processor.py:183} INFO - Processing /home/ccd/airflow_venv/lib/python3.10/site-packages/airflow/example_dags/example_short_circuit_operator.py took 0.060 seconds
[2025-06-09T12:01:15.675+0200] {processor.py:161} INFO - Started process (PID=20884) to work on /home/ccd/airflow_venv/lib/python3.10/site-packages/airflow/example_dags/example_short_circuit_operator.py
[2025-06-09T12:01:15.678+0200] {processor.py:830} INFO - Processing file /home/ccd/airflow_venv/lib/python3.10/site-packages/airflow/example_dags/example_short_circuit_operator.py for tasks to queue
[2025-06-09T12:01:15.679+0200] {logging_mixin.py:188} INFO - [2025-06-09T12:01:15.679+0200] {dagbag.py:540} INFO - Filling up the DagBag from /home/ccd/airflow_venv/lib/python3.10/site-packages/airflow/example_dags/example_short_circuit_operator.py
[2025-06-09T12:01:15.684+0200] {processor.py:840} INFO - DAG(s) 'example_short_circuit_operator' retrieved from /home/ccd/airflow_venv/lib/python3.10/site-packages/airflow/example_dags/example_short_circuit_operator.py
[2025-06-09T12:01:15.697+0200] {logging_mixin.py:188} INFO - [2025-06-09T12:01:15.697+0200] {dag.py:3096} INFO - Sync 1 DAGs
[2025-06-09T12:01:15.708+0200] {logging_mixin.py:188} INFO - [2025-06-09T12:01:15.708+0200] {dag.py:3954} INFO - Setting next_dagrun for example_short_circuit_operator to 2025-06-08 00:00:00+00:00, run_after=2025-06-09 00:00:00+00:00
[2025-06-09T12:01:15.728+0200] {processor.py:183} INFO - Processing /home/ccd/airflow_venv/lib/python3.10/site-packages/airflow/example_dags/example_short_circuit_operator.py took 0.056 seconds
[2025-06-09T12:02:09.955+0200] {processor.py:161} INFO - Started process (PID=21198) to work on /home/ccd/airflow_venv/lib/python3.10/site-packages/airflow/example_dags/example_short_circuit_operator.py
[2025-06-09T12:02:09.957+0200] {processor.py:830} INFO - Processing file /home/ccd/airflow_venv/lib/python3.10/site-packages/airflow/example_dags/example_short_circuit_operator.py for tasks to queue
[2025-06-09T12:02:09.958+0200] {logging_mixin.py:188} INFO - [2025-06-09T12:02:09.958+0200] {dagbag.py:540} INFO - Filling up the DagBag from /home/ccd/airflow_venv/lib/python3.10/site-packages/airflow/example_dags/example_short_circuit_operator.py
[2025-06-09T12:02:09.962+0200] {processor.py:840} INFO - DAG(s) 'example_short_circuit_operator' retrieved from /home/ccd/airflow_venv/lib/python3.10/site-packages/airflow/example_dags/example_short_circuit_operator.py
[2025-06-09T12:02:09.973+0200] {logging_mixin.py:188} INFO - [2025-06-09T12:02:09.973+0200] {dag.py:3096} INFO - Sync 1 DAGs
[2025-06-09T12:02:09.989+0200] {logging_mixin.py:188} INFO - [2025-06-09T12:02:09.989+0200] {dag.py:3954} INFO - Setting next_dagrun for example_short_circuit_operator to 2025-06-08 00:00:00+00:00, run_after=2025-06-09 00:00:00+00:00
[2025-06-09T12:02:10.011+0200] {processor.py:183} INFO - Processing /home/ccd/airflow_venv/lib/python3.10/site-packages/airflow/example_dags/example_short_circuit_operator.py took 0.060 seconds
[2025-06-09T12:03:03.358+0200] {processor.py:161} INFO - Started process (PID=21528) to work on /home/ccd/airflow_venv/lib/python3.10/site-packages/airflow/example_dags/example_short_circuit_operator.py
[2025-06-09T12:03:03.361+0200] {processor.py:830} INFO - Processing file /home/ccd/airflow_venv/lib/python3.10/site-packages/airflow/example_dags/example_short_circuit_operator.py for tasks to queue
[2025-06-09T12:03:03.362+0200] {logging_mixin.py:188} INFO - [2025-06-09T12:03:03.362+0200] {dagbag.py:540} INFO - Filling up the DagBag from /home/ccd/airflow_venv/lib/python3.10/site-packages/airflow/example_dags/example_short_circuit_operator.py
[2025-06-09T12:03:03.367+0200] {processor.py:840} INFO - DAG(s) 'example_short_circuit_operator' retrieved from /home/ccd/airflow_venv/lib/python3.10/site-packages/airflow/example_dags/example_short_circuit_operator.py
[2025-06-09T12:03:03.378+0200] {logging_mixin.py:188} INFO - [2025-06-09T12:03:03.378+0200] {dag.py:3096} INFO - Sync 1 DAGs
[2025-06-09T12:03:03.389+0200] {logging_mixin.py:188} INFO - [2025-06-09T12:03:03.389+0200] {dag.py:3954} INFO - Setting next_dagrun for example_short_circuit_operator to 2025-06-08 00:00:00+00:00, run_after=2025-06-09 00:00:00+00:00
[2025-06-09T12:03:03.408+0200] {processor.py:183} INFO - Processing /home/ccd/airflow_venv/lib/python3.10/site-packages/airflow/example_dags/example_short_circuit_operator.py took 0.054 seconds
[2025-06-09T12:05:42.327+0200] {processor.py:161} INFO - Started process (PID=24372) to work on /home/ccd/airflow_venv/lib/python3.10/site-packages/airflow/example_dags/example_short_circuit_operator.py
[2025-06-09T12:05:42.338+0200] {processor.py:830} INFO - Processing file /home/ccd/airflow_venv/lib/python3.10/site-packages/airflow/example_dags/example_short_circuit_operator.py for tasks to queue
[2025-06-09T12:05:42.340+0200] {logging_mixin.py:188} INFO - [2025-06-09T12:05:42.340+0200] {dagbag.py:540} INFO - Filling up the DagBag from /home/ccd/airflow_venv/lib/python3.10/site-packages/airflow/example_dags/example_short_circuit_operator.py
[2025-06-09T12:05:42.349+0200] {processor.py:840} INFO - DAG(s) 'example_short_circuit_operator' retrieved from /home/ccd/airflow_venv/lib/python3.10/site-packages/airflow/example_dags/example_short_circuit_operator.py
[2025-06-09T12:05:42.390+0200] {logging_mixin.py:188} INFO - [2025-06-09T12:05:42.390+0200] {dag.py:3096} INFO - Sync 1 DAGs
[2025-06-09T12:05:42.436+0200] {logging_mixin.py:188} INFO - [2025-06-09T12:05:42.436+0200] {dag.py:3954} INFO - Setting next_dagrun for example_short_circuit_operator to 2025-06-08 00:00:00+00:00, run_after=2025-06-09 00:00:00+00:00
[2025-06-09T12:05:42.464+0200] {processor.py:183} INFO - Processing /home/ccd/airflow_venv/lib/python3.10/site-packages/airflow/example_dags/example_short_circuit_operator.py took 0.150 seconds
[2025-06-09T12:06:38.837+0200] {processor.py:161} INFO - Started process (PID=24773) to work on /home/ccd/airflow_venv/lib/python3.10/site-packages/airflow/example_dags/example_short_circuit_operator.py
[2025-06-09T12:06:38.848+0200] {processor.py:830} INFO - Processing file /home/ccd/airflow_venv/lib/python3.10/site-packages/airflow/example_dags/example_short_circuit_operator.py for tasks to queue
[2025-06-09T12:06:38.849+0200] {logging_mixin.py:188} INFO - [2025-06-09T12:06:38.849+0200] {dagbag.py:540} INFO - Filling up the DagBag from /home/ccd/airflow_venv/lib/python3.10/site-packages/airflow/example_dags/example_short_circuit_operator.py
[2025-06-09T12:06:38.854+0200] {processor.py:840} INFO - DAG(s) 'example_short_circuit_operator' retrieved from /home/ccd/airflow_venv/lib/python3.10/site-packages/airflow/example_dags/example_short_circuit_operator.py
[2025-06-09T12:06:38.865+0200] {logging_mixin.py:188} INFO - [2025-06-09T12:06:38.865+0200] {dag.py:3096} INFO - Sync 1 DAGs
[2025-06-09T12:06:38.876+0200] {logging_mixin.py:188} INFO - [2025-06-09T12:06:38.876+0200] {dag.py:3954} INFO - Setting next_dagrun for example_short_circuit_operator to 2025-06-08 00:00:00+00:00, run_after=2025-06-09 00:00:00+00:00
[2025-06-09T12:06:38.895+0200] {processor.py:183} INFO - Processing /home/ccd/airflow_venv/lib/python3.10/site-packages/airflow/example_dags/example_short_circuit_operator.py took 0.062 seconds
[2025-06-09T12:07:45.506+0200] {processor.py:161} INFO - Started process (PID=25392) to work on /home/ccd/airflow_venv/lib/python3.10/site-packages/airflow/example_dags/example_short_circuit_operator.py
[2025-06-09T12:07:45.525+0200] {processor.py:830} INFO - Processing file /home/ccd/airflow_venv/lib/python3.10/site-packages/airflow/example_dags/example_short_circuit_operator.py for tasks to queue
[2025-06-09T12:07:45.528+0200] {logging_mixin.py:188} INFO - [2025-06-09T12:07:45.527+0200] {dagbag.py:540} INFO - Filling up the DagBag from /home/ccd/airflow_venv/lib/python3.10/site-packages/airflow/example_dags/example_short_circuit_operator.py
[2025-06-09T12:07:45.549+0200] {processor.py:840} INFO - DAG(s) 'example_short_circuit_operator' retrieved from /home/ccd/airflow_venv/lib/python3.10/site-packages/airflow/example_dags/example_short_circuit_operator.py
[2025-06-09T12:07:45.590+0200] {logging_mixin.py:188} INFO - [2025-06-09T12:07:45.589+0200] {dag.py:3096} INFO - Sync 1 DAGs
[2025-06-09T12:07:45.633+0200] {logging_mixin.py:188} INFO - [2025-06-09T12:07:45.632+0200] {dag.py:3954} INFO - Setting next_dagrun for example_short_circuit_operator to 2025-06-08 00:00:00+00:00, run_after=2025-06-09 00:00:00+00:00
[2025-06-09T12:07:45.663+0200] {processor.py:183} INFO - Processing /home/ccd/airflow_venv/lib/python3.10/site-packages/airflow/example_dags/example_short_circuit_operator.py took 0.163 seconds
[2025-06-09T12:08:38.634+0200] {processor.py:161} INFO - Started process (PID=25727) to work on /home/ccd/airflow_venv/lib/python3.10/site-packages/airflow/example_dags/example_short_circuit_operator.py
[2025-06-09T12:08:38.636+0200] {processor.py:830} INFO - Processing file /home/ccd/airflow_venv/lib/python3.10/site-packages/airflow/example_dags/example_short_circuit_operator.py for tasks to queue
[2025-06-09T12:08:38.638+0200] {logging_mixin.py:188} INFO - [2025-06-09T12:08:38.637+0200] {dagbag.py:540} INFO - Filling up the DagBag from /home/ccd/airflow_venv/lib/python3.10/site-packages/airflow/example_dags/example_short_circuit_operator.py
[2025-06-09T12:08:38.642+0200] {processor.py:840} INFO - DAG(s) 'example_short_circuit_operator' retrieved from /home/ccd/airflow_venv/lib/python3.10/site-packages/airflow/example_dags/example_short_circuit_operator.py
[2025-06-09T12:08:38.653+0200] {logging_mixin.py:188} INFO - [2025-06-09T12:08:38.653+0200] {dag.py:3096} INFO - Sync 1 DAGs
[2025-06-09T12:08:38.664+0200] {logging_mixin.py:188} INFO - [2025-06-09T12:08:38.664+0200] {dag.py:3954} INFO - Setting next_dagrun for example_short_circuit_operator to 2025-06-08 00:00:00+00:00, run_after=2025-06-09 00:00:00+00:00
[2025-06-09T12:08:38.685+0200] {processor.py:183} INFO - Processing /home/ccd/airflow_venv/lib/python3.10/site-packages/airflow/example_dags/example_short_circuit_operator.py took 0.055 seconds
[2025-06-09T12:09:33.734+0200] {processor.py:161} INFO - Started process (PID=26216) to work on /home/ccd/airflow_venv/lib/python3.10/site-packages/airflow/example_dags/example_short_circuit_operator.py
[2025-06-09T12:09:33.745+0200] {processor.py:830} INFO - Processing file /home/ccd/airflow_venv/lib/python3.10/site-packages/airflow/example_dags/example_short_circuit_operator.py for tasks to queue
[2025-06-09T12:09:33.746+0200] {logging_mixin.py:188} INFO - [2025-06-09T12:09:33.746+0200] {dagbag.py:540} INFO - Filling up the DagBag from /home/ccd/airflow_venv/lib/python3.10/site-packages/airflow/example_dags/example_short_circuit_operator.py
[2025-06-09T12:09:33.751+0200] {processor.py:840} INFO - DAG(s) 'example_short_circuit_operator' retrieved from /home/ccd/airflow_venv/lib/python3.10/site-packages/airflow/example_dags/example_short_circuit_operator.py
[2025-06-09T12:09:33.761+0200] {logging_mixin.py:188} INFO - [2025-06-09T12:09:33.761+0200] {dag.py:3096} INFO - Sync 1 DAGs
[2025-06-09T12:09:33.772+0200] {logging_mixin.py:188} INFO - [2025-06-09T12:09:33.772+0200] {dag.py:3954} INFO - Setting next_dagrun for example_short_circuit_operator to 2025-06-08 00:00:00+00:00, run_after=2025-06-09 00:00:00+00:00
[2025-06-09T12:09:33.801+0200] {processor.py:183} INFO - Processing /home/ccd/airflow_venv/lib/python3.10/site-packages/airflow/example_dags/example_short_circuit_operator.py took 0.071 seconds
