[2025-06-09T17:29:59.012+0200] {processor.py:161} INFO - Started process (PID=106513) to work on /home/ccd/airflow_venv/lib/python3.10/site-packages/airflow/example_dags/example_latest_only_with_trigger.py
[2025-06-09T17:29:59.013+0200] {processor.py:830} INFO - Processing file /home/ccd/airflow_venv/lib/python3.10/site-packages/airflow/example_dags/example_latest_only_with_trigger.py for tasks to queue
[2025-06-09T17:29:59.015+0200] {logging_mixin.py:188} INFO - [2025-06-09T17:29:59.015+0200] {dagbag.py:540} INFO - Filling up the DagBag from /home/ccd/airflow_venv/lib/python3.10/site-packages/airflow/example_dags/example_latest_only_with_trigger.py
[2025-06-09T17:29:59.023+0200] {processor.py:840} INFO - DAG(s) 'latest_only_with_trigger' retrieved from /home/ccd/airflow_venv/lib/python3.10/site-packages/airflow/example_dags/example_latest_only_with_trigger.py
[2025-06-09T17:29:59.130+0200] {logging_mixin.py:188} INFO - [2025-06-09T17:29:59.130+0200] {dag.py:3096} INFO - Sync 1 DAGs
[2025-06-09T17:29:59.139+0200] {logging_mixin.py:188} INFO - [2025-06-09T17:29:59.139+0200] {dag.py:3954} INFO - Setting next_dagrun for latest_only_with_trigger to 2025-06-09 08:00:00+00:00, run_after=2025-06-09 12:00:00+00:00
[2025-06-09T17:29:59.159+0200] {processor.py:183} INFO - Processing /home/ccd/airflow_venv/lib/python3.10/site-packages/airflow/example_dags/example_latest_only_with_trigger.py took 0.151 seconds
[2025-06-09T17:31:15.236+0200] {processor.py:161} INFO - Started process (PID=107081) to work on /home/ccd/airflow_venv/lib/python3.10/site-packages/airflow/example_dags/example_latest_only_with_trigger.py
[2025-06-09T17:31:15.239+0200] {processor.py:830} INFO - Processing file /home/ccd/airflow_venv/lib/python3.10/site-packages/airflow/example_dags/example_latest_only_with_trigger.py for tasks to queue
[2025-06-09T17:31:15.240+0200] {logging_mixin.py:188} INFO - [2025-06-09T17:31:15.240+0200] {dagbag.py:540} INFO - Filling up the DagBag from /home/ccd/airflow_venv/lib/python3.10/site-packages/airflow/example_dags/example_latest_only_with_trigger.py
[2025-06-09T17:31:15.244+0200] {processor.py:840} INFO - DAG(s) 'latest_only_with_trigger' retrieved from /home/ccd/airflow_venv/lib/python3.10/site-packages/airflow/example_dags/example_latest_only_with_trigger.py
[2025-06-09T17:31:15.254+0200] {logging_mixin.py:188} INFO - [2025-06-09T17:31:15.254+0200] {dag.py:3096} INFO - Sync 1 DAGs
[2025-06-09T17:31:15.266+0200] {logging_mixin.py:188} INFO - [2025-06-09T17:31:15.266+0200] {dag.py:3954} INFO - Setting next_dagrun for latest_only_with_trigger to 2025-06-09 08:00:00+00:00, run_after=2025-06-09 12:00:00+00:00
[2025-06-09T17:31:15.289+0200] {processor.py:183} INFO - Processing /home/ccd/airflow_venv/lib/python3.10/site-packages/airflow/example_dags/example_latest_only_with_trigger.py took 0.056 seconds
[2025-06-09T17:32:13.195+0200] {processor.py:161} INFO - Started process (PID=107389) to work on /home/ccd/airflow_venv/lib/python3.10/site-packages/airflow/example_dags/example_latest_only_with_trigger.py
[2025-06-09T17:32:13.206+0200] {processor.py:830} INFO - Processing file /home/ccd/airflow_venv/lib/python3.10/site-packages/airflow/example_dags/example_latest_only_with_trigger.py for tasks to queue
[2025-06-09T17:32:13.207+0200] {logging_mixin.py:188} INFO - [2025-06-09T17:32:13.206+0200] {dagbag.py:540} INFO - Filling up the DagBag from /home/ccd/airflow_venv/lib/python3.10/site-packages/airflow/example_dags/example_latest_only_with_trigger.py
[2025-06-09T17:32:13.211+0200] {processor.py:840} INFO - DAG(s) 'latest_only_with_trigger' retrieved from /home/ccd/airflow_venv/lib/python3.10/site-packages/airflow/example_dags/example_latest_only_with_trigger.py
[2025-06-09T17:32:13.221+0200] {logging_mixin.py:188} INFO - [2025-06-09T17:32:13.221+0200] {dag.py:3096} INFO - Sync 1 DAGs
[2025-06-09T17:32:13.234+0200] {logging_mixin.py:188} INFO - [2025-06-09T17:32:13.233+0200] {dag.py:3954} INFO - Setting next_dagrun for latest_only_with_trigger to 2025-06-09 08:00:00+00:00, run_after=2025-06-09 12:00:00+00:00
[2025-06-09T17:32:13.254+0200] {processor.py:183} INFO - Processing /home/ccd/airflow_venv/lib/python3.10/site-packages/airflow/example_dags/example_latest_only_with_trigger.py took 0.063 seconds
[2025-06-09T17:33:10.349+0200] {processor.py:161} INFO - Started process (PID=107722) to work on /home/ccd/airflow_venv/lib/python3.10/site-packages/airflow/example_dags/example_latest_only_with_trigger.py
[2025-06-09T17:33:10.350+0200] {processor.py:830} INFO - Processing file /home/ccd/airflow_venv/lib/python3.10/site-packages/airflow/example_dags/example_latest_only_with_trigger.py for tasks to queue
[2025-06-09T17:33:10.351+0200] {logging_mixin.py:188} INFO - [2025-06-09T17:33:10.351+0200] {dagbag.py:540} INFO - Filling up the DagBag from /home/ccd/airflow_venv/lib/python3.10/site-packages/airflow/example_dags/example_latest_only_with_trigger.py
[2025-06-09T17:33:10.355+0200] {processor.py:840} INFO - DAG(s) 'latest_only_with_trigger' retrieved from /home/ccd/airflow_venv/lib/python3.10/site-packages/airflow/example_dags/example_latest_only_with_trigger.py
[2025-06-09T17:33:10.365+0200] {logging_mixin.py:188} INFO - [2025-06-09T17:33:10.365+0200] {dag.py:3096} INFO - Sync 1 DAGs
[2025-06-09T17:33:10.378+0200] {logging_mixin.py:188} INFO - [2025-06-09T17:33:10.377+0200] {dag.py:3954} INFO - Setting next_dagrun for latest_only_with_trigger to 2025-06-09 08:00:00+00:00, run_after=2025-06-09 12:00:00+00:00
[2025-06-09T17:33:10.398+0200] {processor.py:183} INFO - Processing /home/ccd/airflow_venv/lib/python3.10/site-packages/airflow/example_dags/example_latest_only_with_trigger.py took 0.053 seconds
[2025-06-09T17:34:03.770+0200] {processor.py:161} INFO - Started process (PID=108018) to work on /home/ccd/airflow_venv/lib/python3.10/site-packages/airflow/example_dags/example_latest_only_with_trigger.py
[2025-06-09T17:34:03.783+0200] {processor.py:830} INFO - Processing file /home/ccd/airflow_venv/lib/python3.10/site-packages/airflow/example_dags/example_latest_only_with_trigger.py for tasks to queue
[2025-06-09T17:34:03.784+0200] {logging_mixin.py:188} INFO - [2025-06-09T17:34:03.784+0200] {dagbag.py:540} INFO - Filling up the DagBag from /home/ccd/airflow_venv/lib/python3.10/site-packages/airflow/example_dags/example_latest_only_with_trigger.py
[2025-06-09T17:34:03.788+0200] {processor.py:840} INFO - DAG(s) 'latest_only_with_trigger' retrieved from /home/ccd/airflow_venv/lib/python3.10/site-packages/airflow/example_dags/example_latest_only_with_trigger.py
[2025-06-09T17:34:03.798+0200] {logging_mixin.py:188} INFO - [2025-06-09T17:34:03.798+0200] {dag.py:3096} INFO - Sync 1 DAGs
[2025-06-09T17:34:03.810+0200] {logging_mixin.py:188} INFO - [2025-06-09T17:34:03.810+0200] {dag.py:3954} INFO - Setting next_dagrun for latest_only_with_trigger to 2025-06-09 08:00:00+00:00, run_after=2025-06-09 12:00:00+00:00
[2025-06-09T17:34:03.832+0200] {processor.py:183} INFO - Processing /home/ccd/airflow_venv/lib/python3.10/site-packages/airflow/example_dags/example_latest_only_with_trigger.py took 0.066 seconds
[2025-06-09T17:34:58.471+0200] {processor.py:161} INFO - Started process (PID=108325) to work on /home/ccd/airflow_venv/lib/python3.10/site-packages/airflow/example_dags/example_latest_only_with_trigger.py
[2025-06-09T17:34:58.472+0200] {processor.py:830} INFO - Processing file /home/ccd/airflow_venv/lib/python3.10/site-packages/airflow/example_dags/example_latest_only_with_trigger.py for tasks to queue
[2025-06-09T17:34:58.473+0200] {logging_mixin.py:188} INFO - [2025-06-09T17:34:58.473+0200] {dagbag.py:540} INFO - Filling up the DagBag from /home/ccd/airflow_venv/lib/python3.10/site-packages/airflow/example_dags/example_latest_only_with_trigger.py
[2025-06-09T17:34:58.477+0200] {processor.py:840} INFO - DAG(s) 'latest_only_with_trigger' retrieved from /home/ccd/airflow_venv/lib/python3.10/site-packages/airflow/example_dags/example_latest_only_with_trigger.py
[2025-06-09T17:34:58.487+0200] {logging_mixin.py:188} INFO - [2025-06-09T17:34:58.486+0200] {dag.py:3096} INFO - Sync 1 DAGs
[2025-06-09T17:34:58.498+0200] {logging_mixin.py:188} INFO - [2025-06-09T17:34:58.498+0200] {dag.py:3954} INFO - Setting next_dagrun for latest_only_with_trigger to 2025-06-09 08:00:00+00:00, run_after=2025-06-09 12:00:00+00:00
[2025-06-09T17:34:58.526+0200] {processor.py:183} INFO - Processing /home/ccd/airflow_venv/lib/python3.10/site-packages/airflow/example_dags/example_latest_only_with_trigger.py took 0.059 seconds
[2025-06-09T17:35:53.650+0200] {processor.py:161} INFO - Started process (PID=108667) to work on /home/ccd/airflow_venv/lib/python3.10/site-packages/airflow/example_dags/example_latest_only_with_trigger.py
[2025-06-09T17:35:53.653+0200] {processor.py:830} INFO - Processing file /home/ccd/airflow_venv/lib/python3.10/site-packages/airflow/example_dags/example_latest_only_with_trigger.py for tasks to queue
[2025-06-09T17:35:53.655+0200] {logging_mixin.py:188} INFO - [2025-06-09T17:35:53.654+0200] {dagbag.py:540} INFO - Filling up the DagBag from /home/ccd/airflow_venv/lib/python3.10/site-packages/airflow/example_dags/example_latest_only_with_trigger.py
[2025-06-09T17:35:53.662+0200] {processor.py:840} INFO - DAG(s) 'latest_only_with_trigger' retrieved from /home/ccd/airflow_venv/lib/python3.10/site-packages/airflow/example_dags/example_latest_only_with_trigger.py
[2025-06-09T17:35:53.683+0200] {logging_mixin.py:188} INFO - [2025-06-09T17:35:53.683+0200] {dag.py:3096} INFO - Sync 1 DAGs
[2025-06-09T17:35:53.706+0200] {logging_mixin.py:188} INFO - [2025-06-09T17:35:53.706+0200] {dag.py:3954} INFO - Setting next_dagrun for latest_only_with_trigger to 2025-06-09 08:00:00+00:00, run_after=2025-06-09 12:00:00+00:00
[2025-06-09T17:35:53.741+0200] {processor.py:183} INFO - Processing /home/ccd/airflow_venv/lib/python3.10/site-packages/airflow/example_dags/example_latest_only_with_trigger.py took 0.099 seconds
[2025-06-09T17:36:49.726+0200] {processor.py:161} INFO - Started process (PID=108992) to work on /home/ccd/airflow_venv/lib/python3.10/site-packages/airflow/example_dags/example_latest_only_with_trigger.py
[2025-06-09T17:36:49.729+0200] {processor.py:830} INFO - Processing file /home/ccd/airflow_venv/lib/python3.10/site-packages/airflow/example_dags/example_latest_only_with_trigger.py for tasks to queue
[2025-06-09T17:36:49.731+0200] {logging_mixin.py:188} INFO - [2025-06-09T17:36:49.731+0200] {dagbag.py:540} INFO - Filling up the DagBag from /home/ccd/airflow_venv/lib/python3.10/site-packages/airflow/example_dags/example_latest_only_with_trigger.py
[2025-06-09T17:36:49.736+0200] {processor.py:840} INFO - DAG(s) 'latest_only_with_trigger' retrieved from /home/ccd/airflow_venv/lib/python3.10/site-packages/airflow/example_dags/example_latest_only_with_trigger.py
[2025-06-09T17:36:49.750+0200] {logging_mixin.py:188} INFO - [2025-06-09T17:36:49.750+0200] {dag.py:3096} INFO - Sync 1 DAGs
[2025-06-09T17:36:49.766+0200] {logging_mixin.py:188} INFO - [2025-06-09T17:36:49.766+0200] {dag.py:3954} INFO - Setting next_dagrun for latest_only_with_trigger to 2025-06-09 08:00:00+00:00, run_after=2025-06-09 12:00:00+00:00
[2025-06-09T17:36:49.795+0200] {processor.py:183} INFO - Processing /home/ccd/airflow_venv/lib/python3.10/site-packages/airflow/example_dags/example_latest_only_with_trigger.py took 0.074 seconds
[2025-06-09T17:38:10.732+0200] {processor.py:161} INFO - Started process (PID=109789) to work on /home/ccd/airflow_venv/lib/python3.10/site-packages/airflow/example_dags/example_latest_only_with_trigger.py
[2025-06-09T17:38:10.733+0200] {processor.py:830} INFO - Processing file /home/ccd/airflow_venv/lib/python3.10/site-packages/airflow/example_dags/example_latest_only_with_trigger.py for tasks to queue
[2025-06-09T17:38:10.734+0200] {logging_mixin.py:188} INFO - [2025-06-09T17:38:10.734+0200] {dagbag.py:540} INFO - Filling up the DagBag from /home/ccd/airflow_venv/lib/python3.10/site-packages/airflow/example_dags/example_latest_only_with_trigger.py
[2025-06-09T17:38:10.740+0200] {processor.py:840} INFO - DAG(s) 'latest_only_with_trigger' retrieved from /home/ccd/airflow_venv/lib/python3.10/site-packages/airflow/example_dags/example_latest_only_with_trigger.py
[2025-06-09T17:38:10.754+0200] {logging_mixin.py:188} INFO - [2025-06-09T17:38:10.754+0200] {dag.py:3096} INFO - Sync 1 DAGs
[2025-06-09T17:38:10.786+0200] {logging_mixin.py:188} INFO - [2025-06-09T17:38:10.786+0200] {dag.py:3954} INFO - Setting next_dagrun for latest_only_with_trigger to 2025-06-09 08:00:00+00:00, run_after=2025-06-09 12:00:00+00:00
[2025-06-09T17:38:11.097+0200] {processor.py:183} INFO - Processing /home/ccd/airflow_venv/lib/python3.10/site-packages/airflow/example_dags/example_latest_only_with_trigger.py took 0.371 seconds
[2025-06-09T17:39:32.564+0200] {processor.py:161} INFO - Started process (PID=110546) to work on /home/ccd/airflow_venv/lib/python3.10/site-packages/airflow/example_dags/example_latest_only_with_trigger.py
[2025-06-09T17:39:32.576+0200] {processor.py:830} INFO - Processing file /home/ccd/airflow_venv/lib/python3.10/site-packages/airflow/example_dags/example_latest_only_with_trigger.py for tasks to queue
[2025-06-09T17:39:32.577+0200] {logging_mixin.py:188} INFO - [2025-06-09T17:39:32.577+0200] {dagbag.py:540} INFO - Filling up the DagBag from /home/ccd/airflow_venv/lib/python3.10/site-packages/airflow/example_dags/example_latest_only_with_trigger.py
[2025-06-09T17:39:32.581+0200] {processor.py:840} INFO - DAG(s) 'latest_only_with_trigger' retrieved from /home/ccd/airflow_venv/lib/python3.10/site-packages/airflow/example_dags/example_latest_only_with_trigger.py
[2025-06-09T17:39:32.591+0200] {logging_mixin.py:188} INFO - [2025-06-09T17:39:32.591+0200] {dag.py:3096} INFO - Sync 1 DAGs
[2025-06-09T17:39:32.603+0200] {logging_mixin.py:188} INFO - [2025-06-09T17:39:32.603+0200] {dag.py:3954} INFO - Setting next_dagrun for latest_only_with_trigger to 2025-06-09 08:00:00+00:00, run_after=2025-06-09 12:00:00+00:00
[2025-06-09T17:39:32.624+0200] {processor.py:183} INFO - Processing /home/ccd/airflow_venv/lib/python3.10/site-packages/airflow/example_dags/example_latest_only_with_trigger.py took 0.064 seconds
[2025-06-09T17:40:46.137+0200] {processor.py:161} INFO - Started process (PID=111072) to work on /home/ccd/airflow_venv/lib/python3.10/site-packages/airflow/example_dags/example_latest_only_with_trigger.py
[2025-06-09T17:40:46.138+0200] {processor.py:830} INFO - Processing file /home/ccd/airflow_venv/lib/python3.10/site-packages/airflow/example_dags/example_latest_only_with_trigger.py for tasks to queue
[2025-06-09T17:40:46.139+0200] {logging_mixin.py:188} INFO - [2025-06-09T17:40:46.139+0200] {dagbag.py:540} INFO - Filling up the DagBag from /home/ccd/airflow_venv/lib/python3.10/site-packages/airflow/example_dags/example_latest_only_with_trigger.py
[2025-06-09T17:40:46.145+0200] {processor.py:840} INFO - DAG(s) 'latest_only_with_trigger' retrieved from /home/ccd/airflow_venv/lib/python3.10/site-packages/airflow/example_dags/example_latest_only_with_trigger.py
[2025-06-09T17:40:46.156+0200] {logging_mixin.py:188} INFO - [2025-06-09T17:40:46.155+0200] {dag.py:3096} INFO - Sync 1 DAGs
[2025-06-09T17:40:46.169+0200] {logging_mixin.py:188} INFO - [2025-06-09T17:40:46.169+0200] {dag.py:3954} INFO - Setting next_dagrun for latest_only_with_trigger to 2025-06-09 08:00:00+00:00, run_after=2025-06-09 12:00:00+00:00
[2025-06-09T17:40:46.195+0200] {processor.py:183} INFO - Processing /home/ccd/airflow_venv/lib/python3.10/site-packages/airflow/example_dags/example_latest_only_with_trigger.py took 0.062 seconds
[2025-06-09T17:41:57.260+0200] {processor.py:161} INFO - Started process (PID=111519) to work on /home/ccd/airflow_venv/lib/python3.10/site-packages/airflow/example_dags/example_latest_only_with_trigger.py
[2025-06-09T17:41:57.261+0200] {processor.py:830} INFO - Processing file /home/ccd/airflow_venv/lib/python3.10/site-packages/airflow/example_dags/example_latest_only_with_trigger.py for tasks to queue
[2025-06-09T17:41:57.262+0200] {logging_mixin.py:188} INFO - [2025-06-09T17:41:57.262+0200] {dagbag.py:540} INFO - Filling up the DagBag from /home/ccd/airflow_venv/lib/python3.10/site-packages/airflow/example_dags/example_latest_only_with_trigger.py
[2025-06-09T17:41:57.268+0200] {processor.py:840} INFO - DAG(s) 'latest_only_with_trigger' retrieved from /home/ccd/airflow_venv/lib/python3.10/site-packages/airflow/example_dags/example_latest_only_with_trigger.py
[2025-06-09T17:41:57.279+0200] {logging_mixin.py:188} INFO - [2025-06-09T17:41:57.278+0200] {dag.py:3096} INFO - Sync 1 DAGs
[2025-06-09T17:41:57.292+0200] {logging_mixin.py:188} INFO - [2025-06-09T17:41:57.291+0200] {dag.py:3954} INFO - Setting next_dagrun for latest_only_with_trigger to 2025-06-09 08:00:00+00:00, run_after=2025-06-09 12:00:00+00:00
[2025-06-09T17:41:57.314+0200] {processor.py:183} INFO - Processing /home/ccd/airflow_venv/lib/python3.10/site-packages/airflow/example_dags/example_latest_only_with_trigger.py took 0.058 seconds
[2025-06-09T17:43:54.471+0200] {processor.py:161} INFO - Started process (PID=112425) to work on /home/ccd/airflow_venv/lib/python3.10/site-packages/airflow/example_dags/example_latest_only_with_trigger.py
[2025-06-09T17:43:54.482+0200] {processor.py:830} INFO - Processing file /home/ccd/airflow_venv/lib/python3.10/site-packages/airflow/example_dags/example_latest_only_with_trigger.py for tasks to queue
[2025-06-09T17:43:54.483+0200] {logging_mixin.py:188} INFO - [2025-06-09T17:43:54.483+0200] {dagbag.py:540} INFO - Filling up the DagBag from /home/ccd/airflow_venv/lib/python3.10/site-packages/airflow/example_dags/example_latest_only_with_trigger.py
[2025-06-09T17:43:54.488+0200] {processor.py:840} INFO - DAG(s) 'latest_only_with_trigger' retrieved from /home/ccd/airflow_venv/lib/python3.10/site-packages/airflow/example_dags/example_latest_only_with_trigger.py
[2025-06-09T17:43:54.603+0200] {logging_mixin.py:188} INFO - [2025-06-09T17:43:54.603+0200] {dag.py:3096} INFO - Sync 1 DAGs
[2025-06-09T17:43:54.613+0200] {logging_mixin.py:188} INFO - [2025-06-09T17:43:54.613+0200] {dag.py:3954} INFO - Setting next_dagrun for latest_only_with_trigger to 2025-06-09 08:00:00+00:00, run_after=2025-06-09 12:00:00+00:00
[2025-06-09T17:43:54.634+0200] {processor.py:183} INFO - Processing /home/ccd/airflow_venv/lib/python3.10/site-packages/airflow/example_dags/example_latest_only_with_trigger.py took 0.166 seconds
[2025-06-09T17:45:08.166+0200] {processor.py:161} INFO - Started process (PID=112978) to work on /home/ccd/airflow_venv/lib/python3.10/site-packages/airflow/example_dags/example_latest_only_with_trigger.py
[2025-06-09T17:45:08.168+0200] {processor.py:830} INFO - Processing file /home/ccd/airflow_venv/lib/python3.10/site-packages/airflow/example_dags/example_latest_only_with_trigger.py for tasks to queue
[2025-06-09T17:45:08.179+0200] {logging_mixin.py:188} INFO - [2025-06-09T17:45:08.178+0200] {dagbag.py:540} INFO - Filling up the DagBag from /home/ccd/airflow_venv/lib/python3.10/site-packages/airflow/example_dags/example_latest_only_with_trigger.py
[2025-06-09T17:45:08.193+0200] {processor.py:840} INFO - DAG(s) 'latest_only_with_trigger' retrieved from /home/ccd/airflow_venv/lib/python3.10/site-packages/airflow/example_dags/example_latest_only_with_trigger.py
[2025-06-09T17:45:08.220+0200] {logging_mixin.py:188} INFO - [2025-06-09T17:45:08.220+0200] {dag.py:3096} INFO - Sync 1 DAGs
[2025-06-09T17:45:08.256+0200] {logging_mixin.py:188} INFO - [2025-06-09T17:45:08.255+0200] {dag.py:3954} INFO - Setting next_dagrun for latest_only_with_trigger to 2025-06-09 08:00:00+00:00, run_after=2025-06-09 12:00:00+00:00
[2025-06-09T17:45:08.607+0200] {processor.py:183} INFO - Processing /home/ccd/airflow_venv/lib/python3.10/site-packages/airflow/example_dags/example_latest_only_with_trigger.py took 0.459 seconds
[2025-06-09T17:46:14.808+0200] {processor.py:161} INFO - Started process (PID=113371) to work on /home/ccd/airflow_venv/lib/python3.10/site-packages/airflow/example_dags/example_latest_only_with_trigger.py
[2025-06-09T17:46:14.811+0200] {processor.py:830} INFO - Processing file /home/ccd/airflow_venv/lib/python3.10/site-packages/airflow/example_dags/example_latest_only_with_trigger.py for tasks to queue
[2025-06-09T17:46:14.812+0200] {logging_mixin.py:188} INFO - [2025-06-09T17:46:14.812+0200] {dagbag.py:540} INFO - Filling up the DagBag from /home/ccd/airflow_venv/lib/python3.10/site-packages/airflow/example_dags/example_latest_only_with_trigger.py
[2025-06-09T17:46:14.820+0200] {processor.py:840} INFO - DAG(s) 'latest_only_with_trigger' retrieved from /home/ccd/airflow_venv/lib/python3.10/site-packages/airflow/example_dags/example_latest_only_with_trigger.py
[2025-06-09T17:46:14.851+0200] {logging_mixin.py:188} INFO - [2025-06-09T17:46:14.851+0200] {dag.py:3096} INFO - Sync 1 DAGs
[2025-06-09T17:46:14.903+0200] {logging_mixin.py:188} INFO - [2025-06-09T17:46:14.902+0200] {dag.py:3954} INFO - Setting next_dagrun for latest_only_with_trigger to 2025-06-09 08:00:00+00:00, run_after=2025-06-09 12:00:00+00:00
[2025-06-09T17:46:15.140+0200] {processor.py:183} INFO - Processing /home/ccd/airflow_venv/lib/python3.10/site-packages/airflow/example_dags/example_latest_only_with_trigger.py took 0.346 seconds
[2025-06-09T17:47:12.771+0200] {processor.py:161} INFO - Started process (PID=113742) to work on /home/ccd/airflow_venv/lib/python3.10/site-packages/airflow/example_dags/example_latest_only_with_trigger.py
[2025-06-09T17:47:12.773+0200] {processor.py:830} INFO - Processing file /home/ccd/airflow_venv/lib/python3.10/site-packages/airflow/example_dags/example_latest_only_with_trigger.py for tasks to queue
[2025-06-09T17:47:12.776+0200] {logging_mixin.py:188} INFO - [2025-06-09T17:47:12.775+0200] {dagbag.py:540} INFO - Filling up the DagBag from /home/ccd/airflow_venv/lib/python3.10/site-packages/airflow/example_dags/example_latest_only_with_trigger.py
[2025-06-09T17:47:12.791+0200] {processor.py:840} INFO - DAG(s) 'latest_only_with_trigger' retrieved from /home/ccd/airflow_venv/lib/python3.10/site-packages/airflow/example_dags/example_latest_only_with_trigger.py
[2025-06-09T17:47:12.825+0200] {logging_mixin.py:188} INFO - [2025-06-09T17:47:12.825+0200] {dag.py:3096} INFO - Sync 1 DAGs
[2025-06-09T17:47:12.861+0200] {logging_mixin.py:188} INFO - [2025-06-09T17:47:12.861+0200] {dag.py:3954} INFO - Setting next_dagrun for latest_only_with_trigger to 2025-06-09 08:00:00+00:00, run_after=2025-06-09 12:00:00+00:00
[2025-06-09T17:47:12.908+0200] {processor.py:183} INFO - Processing /home/ccd/airflow_venv/lib/python3.10/site-packages/airflow/example_dags/example_latest_only_with_trigger.py took 0.152 seconds
[2025-06-09T17:50:37.309+0200] {processor.py:161} INFO - Started process (PID=117881) to work on /home/ccd/airflow_venv/lib/python3.10/site-packages/airflow/example_dags/example_latest_only_with_trigger.py
[2025-06-09T17:50:37.320+0200] {processor.py:830} INFO - Processing file /home/ccd/airflow_venv/lib/python3.10/site-packages/airflow/example_dags/example_latest_only_with_trigger.py for tasks to queue
[2025-06-09T17:50:37.321+0200] {logging_mixin.py:188} INFO - [2025-06-09T17:50:37.321+0200] {dagbag.py:540} INFO - Filling up the DagBag from /home/ccd/airflow_venv/lib/python3.10/site-packages/airflow/example_dags/example_latest_only_with_trigger.py
[2025-06-09T17:50:37.325+0200] {processor.py:840} INFO - DAG(s) 'latest_only_with_trigger' retrieved from /home/ccd/airflow_venv/lib/python3.10/site-packages/airflow/example_dags/example_latest_only_with_trigger.py
[2025-06-09T17:50:37.336+0200] {logging_mixin.py:188} INFO - [2025-06-09T17:50:37.336+0200] {dag.py:3096} INFO - Sync 1 DAGs
[2025-06-09T17:50:37.348+0200] {logging_mixin.py:188} INFO - [2025-06-09T17:50:37.348+0200] {dag.py:3954} INFO - Setting next_dagrun for latest_only_with_trigger to 2025-06-09 08:00:00+00:00, run_after=2025-06-09 12:00:00+00:00
[2025-06-09T17:50:37.369+0200] {processor.py:183} INFO - Processing /home/ccd/airflow_venv/lib/python3.10/site-packages/airflow/example_dags/example_latest_only_with_trigger.py took 0.064 seconds
[2025-06-09T17:51:43.076+0200] {processor.py:161} INFO - Started process (PID=118460) to work on /home/ccd/airflow_venv/lib/python3.10/site-packages/airflow/example_dags/example_latest_only_with_trigger.py
[2025-06-09T17:51:43.086+0200] {processor.py:830} INFO - Processing file /home/ccd/airflow_venv/lib/python3.10/site-packages/airflow/example_dags/example_latest_only_with_trigger.py for tasks to queue
[2025-06-09T17:51:43.088+0200] {logging_mixin.py:188} INFO - [2025-06-09T17:51:43.087+0200] {dagbag.py:540} INFO - Filling up the DagBag from /home/ccd/airflow_venv/lib/python3.10/site-packages/airflow/example_dags/example_latest_only_with_trigger.py
[2025-06-09T17:51:43.092+0200] {processor.py:840} INFO - DAG(s) 'latest_only_with_trigger' retrieved from /home/ccd/airflow_venv/lib/python3.10/site-packages/airflow/example_dags/example_latest_only_with_trigger.py
[2025-06-09T17:51:43.102+0200] {logging_mixin.py:188} INFO - [2025-06-09T17:51:43.102+0200] {dag.py:3096} INFO - Sync 1 DAGs
[2025-06-09T17:51:43.114+0200] {logging_mixin.py:188} INFO - [2025-06-09T17:51:43.114+0200] {dag.py:3954} INFO - Setting next_dagrun for latest_only_with_trigger to 2025-06-09 08:00:00+00:00, run_after=2025-06-09 12:00:00+00:00
[2025-06-09T17:51:43.135+0200] {processor.py:183} INFO - Processing /home/ccd/airflow_venv/lib/python3.10/site-packages/airflow/example_dags/example_latest_only_with_trigger.py took 0.064 seconds
[2025-06-09T17:52:41.858+0200] {processor.py:161} INFO - Started process (PID=118812) to work on /home/ccd/airflow_venv/lib/python3.10/site-packages/airflow/example_dags/example_latest_only_with_trigger.py
[2025-06-09T17:52:41.859+0200] {processor.py:830} INFO - Processing file /home/ccd/airflow_venv/lib/python3.10/site-packages/airflow/example_dags/example_latest_only_with_trigger.py for tasks to queue
[2025-06-09T17:52:41.860+0200] {logging_mixin.py:188} INFO - [2025-06-09T17:52:41.860+0200] {dagbag.py:540} INFO - Filling up the DagBag from /home/ccd/airflow_venv/lib/python3.10/site-packages/airflow/example_dags/example_latest_only_with_trigger.py
[2025-06-09T17:52:41.865+0200] {processor.py:840} INFO - DAG(s) 'latest_only_with_trigger' retrieved from /home/ccd/airflow_venv/lib/python3.10/site-packages/airflow/example_dags/example_latest_only_with_trigger.py
[2025-06-09T17:52:41.877+0200] {logging_mixin.py:188} INFO - [2025-06-09T17:52:41.877+0200] {dag.py:3096} INFO - Sync 1 DAGs
[2025-06-09T17:52:41.891+0200] {logging_mixin.py:188} INFO - [2025-06-09T17:52:41.891+0200] {dag.py:3954} INFO - Setting next_dagrun for latest_only_with_trigger to 2025-06-09 08:00:00+00:00, run_after=2025-06-09 12:00:00+00:00
[2025-06-09T17:52:41.916+0200] {processor.py:183} INFO - Processing /home/ccd/airflow_venv/lib/python3.10/site-packages/airflow/example_dags/example_latest_only_with_trigger.py took 0.063 seconds
[2025-06-09T17:56:18.002+0200] {processor.py:161} INFO - Started process (PID=122476) to work on /home/ccd/airflow_venv/lib/python3.10/site-packages/airflow/example_dags/example_latest_only_with_trigger.py
[2025-06-09T17:56:18.004+0200] {processor.py:830} INFO - Processing file /home/ccd/airflow_venv/lib/python3.10/site-packages/airflow/example_dags/example_latest_only_with_trigger.py for tasks to queue
[2025-06-09T17:56:18.006+0200] {logging_mixin.py:188} INFO - [2025-06-09T17:56:18.006+0200] {dagbag.py:540} INFO - Filling up the DagBag from /home/ccd/airflow_venv/lib/python3.10/site-packages/airflow/example_dags/example_latest_only_with_trigger.py
[2025-06-09T17:56:18.012+0200] {processor.py:840} INFO - DAG(s) 'latest_only_with_trigger' retrieved from /home/ccd/airflow_venv/lib/python3.10/site-packages/airflow/example_dags/example_latest_only_with_trigger.py
[2025-06-09T17:56:18.026+0200] {logging_mixin.py:188} INFO - [2025-06-09T17:56:18.025+0200] {dag.py:3096} INFO - Sync 1 DAGs
[2025-06-09T17:56:18.041+0200] {logging_mixin.py:188} INFO - [2025-06-09T17:56:18.041+0200] {dag.py:3954} INFO - Setting next_dagrun for latest_only_with_trigger to 2025-06-09 08:00:00+00:00, run_after=2025-06-09 12:00:00+00:00
[2025-06-09T17:56:18.067+0200] {processor.py:183} INFO - Processing /home/ccd/airflow_venv/lib/python3.10/site-packages/airflow/example_dags/example_latest_only_with_trigger.py took 0.070 seconds
[2025-06-09T17:57:17.727+0200] {processor.py:161} INFO - Started process (PID=122856) to work on /home/ccd/airflow_venv/lib/python3.10/site-packages/airflow/example_dags/example_latest_only_with_trigger.py
[2025-06-09T17:57:17.728+0200] {processor.py:830} INFO - Processing file /home/ccd/airflow_venv/lib/python3.10/site-packages/airflow/example_dags/example_latest_only_with_trigger.py for tasks to queue
[2025-06-09T17:57:17.729+0200] {logging_mixin.py:188} INFO - [2025-06-09T17:57:17.728+0200] {dagbag.py:540} INFO - Filling up the DagBag from /home/ccd/airflow_venv/lib/python3.10/site-packages/airflow/example_dags/example_latest_only_with_trigger.py
[2025-06-09T17:57:17.733+0200] {processor.py:840} INFO - DAG(s) 'latest_only_with_trigger' retrieved from /home/ccd/airflow_venv/lib/python3.10/site-packages/airflow/example_dags/example_latest_only_with_trigger.py
[2025-06-09T17:57:17.746+0200] {logging_mixin.py:188} INFO - [2025-06-09T17:57:17.746+0200] {dag.py:3096} INFO - Sync 1 DAGs
[2025-06-09T17:57:17.762+0200] {logging_mixin.py:188} INFO - [2025-06-09T17:57:17.761+0200] {dag.py:3954} INFO - Setting next_dagrun for latest_only_with_trigger to 2025-06-09 08:00:00+00:00, run_after=2025-06-09 12:00:00+00:00
[2025-06-09T17:57:17.786+0200] {processor.py:183} INFO - Processing /home/ccd/airflow_venv/lib/python3.10/site-packages/airflow/example_dags/example_latest_only_with_trigger.py took 0.063 seconds
[2025-06-09T17:58:17.734+0200] {processor.py:161} INFO - Started process (PID=123261) to work on /home/ccd/airflow_venv/lib/python3.10/site-packages/airflow/example_dags/example_latest_only_with_trigger.py
[2025-06-09T17:58:17.736+0200] {processor.py:830} INFO - Processing file /home/ccd/airflow_venv/lib/python3.10/site-packages/airflow/example_dags/example_latest_only_with_trigger.py for tasks to queue
[2025-06-09T17:58:17.738+0200] {logging_mixin.py:188} INFO - [2025-06-09T17:58:17.737+0200] {dagbag.py:540} INFO - Filling up the DagBag from /home/ccd/airflow_venv/lib/python3.10/site-packages/airflow/example_dags/example_latest_only_with_trigger.py
[2025-06-09T17:58:17.743+0200] {processor.py:840} INFO - DAG(s) 'latest_only_with_trigger' retrieved from /home/ccd/airflow_venv/lib/python3.10/site-packages/airflow/example_dags/example_latest_only_with_trigger.py
[2025-06-09T17:58:17.759+0200] {logging_mixin.py:188} INFO - [2025-06-09T17:58:17.758+0200] {dag.py:3096} INFO - Sync 1 DAGs
[2025-06-09T17:58:17.779+0200] {logging_mixin.py:188} INFO - [2025-06-09T17:58:17.778+0200] {dag.py:3954} INFO - Setting next_dagrun for latest_only_with_trigger to 2025-06-09 08:00:00+00:00, run_after=2025-06-09 12:00:00+00:00
[2025-06-09T17:58:17.819+0200] {processor.py:183} INFO - Processing /home/ccd/airflow_venv/lib/python3.10/site-packages/airflow/example_dags/example_latest_only_with_trigger.py took 0.091 seconds
[2025-06-09T18:01:52.326+0200] {processor.py:161} INFO - Started process (PID=126803) to work on /home/ccd/airflow_venv/lib/python3.10/site-packages/airflow/example_dags/example_latest_only_with_trigger.py
[2025-06-09T18:01:52.337+0200] {processor.py:830} INFO - Processing file /home/ccd/airflow_venv/lib/python3.10/site-packages/airflow/example_dags/example_latest_only_with_trigger.py for tasks to queue
[2025-06-09T18:01:52.339+0200] {logging_mixin.py:188} INFO - [2025-06-09T18:01:52.338+0200] {dagbag.py:540} INFO - Filling up the DagBag from /home/ccd/airflow_venv/lib/python3.10/site-packages/airflow/example_dags/example_latest_only_with_trigger.py
[2025-06-09T18:01:52.344+0200] {processor.py:840} INFO - DAG(s) 'latest_only_with_trigger' retrieved from /home/ccd/airflow_venv/lib/python3.10/site-packages/airflow/example_dags/example_latest_only_with_trigger.py
[2025-06-09T18:01:52.455+0200] {logging_mixin.py:188} INFO - [2025-06-09T18:01:52.455+0200] {dag.py:3096} INFO - Sync 1 DAGs
[2025-06-09T18:01:52.465+0200] {logging_mixin.py:188} INFO - [2025-06-09T18:01:52.465+0200] {dag.py:3954} INFO - Setting next_dagrun for latest_only_with_trigger to 2025-06-09 12:00:00+00:00, run_after=2025-06-09 16:00:00+00:00
[2025-06-09T18:01:52.489+0200] {processor.py:183} INFO - Processing /home/ccd/airflow_venv/lib/python3.10/site-packages/airflow/example_dags/example_latest_only_with_trigger.py took 0.167 seconds
