[2025-06-09T02:00:14.688+0200] {processor.py:161} INFO - Started process (PID=1328078) to work on /home/ccd/airflow_venv/lib/python3.10/site-packages/airflow/example_dags/example_display_name.py
[2025-06-09T02:00:14.689+0200] {processor.py:830} INFO - Processing file /home/ccd/airflow_venv/lib/python3.10/site-packages/airflow/example_dags/example_display_name.py for tasks to queue
[2025-06-09T02:00:14.689+0200] {logging_mixin.py:188} INFO - [2025-06-09T02:00:14.689+0200] {dagbag.py:540} INFO - Filling up the DagBag from /home/ccd/airflow_venv/lib/python3.10/site-packages/airflow/example_dags/example_display_name.py
[2025-06-09T02:00:14.695+0200] {processor.py:840} INFO - DAG(s) 'example_display_name' retrieved from /home/ccd/airflow_venv/lib/python3.10/site-packages/airflow/example_dags/example_display_name.py
[2025-06-09T02:00:14.709+0200] {logging_mixin.py:188} INFO - [2025-06-09T02:00:14.709+0200] {dag.py:3096} INFO - Sync 1 DAGs
[2025-06-09T02:00:14.718+0200] {logging_mixin.py:188} INFO - [2025-06-09T02:00:14.718+0200] {dag.py:3954} INFO - Setting next_dagrun for example_display_name to None, run_after=None
[2025-06-09T02:00:14.754+0200] {processor.py:183} INFO - Processing /home/ccd/airflow_venv/lib/python3.10/site-packages/airflow/example_dags/example_display_name.py took 0.072 seconds
[2025-06-09T02:01:18.143+0200] {processor.py:161} INFO - Started process (PID=1328498) to work on /home/ccd/airflow_venv/lib/python3.10/site-packages/airflow/example_dags/example_display_name.py
[2025-06-09T02:01:18.155+0200] {processor.py:830} INFO - Processing file /home/ccd/airflow_venv/lib/python3.10/site-packages/airflow/example_dags/example_display_name.py for tasks to queue
[2025-06-09T02:01:18.156+0200] {logging_mixin.py:188} INFO - [2025-06-09T02:01:18.155+0200] {dagbag.py:540} INFO - Filling up the DagBag from /home/ccd/airflow_venv/lib/python3.10/site-packages/airflow/example_dags/example_display_name.py
[2025-06-09T02:01:18.160+0200] {processor.py:840} INFO - DAG(s) 'example_display_name' retrieved from /home/ccd/airflow_venv/lib/python3.10/site-packages/airflow/example_dags/example_display_name.py
[2025-06-09T02:01:18.171+0200] {logging_mixin.py:188} INFO - [2025-06-09T02:01:18.171+0200] {dag.py:3096} INFO - Sync 1 DAGs
[2025-06-09T02:01:18.179+0200] {logging_mixin.py:188} INFO - [2025-06-09T02:01:18.179+0200] {dag.py:3954} INFO - Setting next_dagrun for example_display_name to None, run_after=None
[2025-06-09T02:01:18.200+0200] {processor.py:183} INFO - Processing /home/ccd/airflow_venv/lib/python3.10/site-packages/airflow/example_dags/example_display_name.py took 0.062 seconds
[2025-06-09T02:02:16.468+0200] {processor.py:161} INFO - Started process (PID=1328821) to work on /home/ccd/airflow_venv/lib/python3.10/site-packages/airflow/example_dags/example_display_name.py
[2025-06-09T02:02:16.480+0200] {processor.py:830} INFO - Processing file /home/ccd/airflow_venv/lib/python3.10/site-packages/airflow/example_dags/example_display_name.py for tasks to queue
[2025-06-09T02:02:16.481+0200] {logging_mixin.py:188} INFO - [2025-06-09T02:02:16.481+0200] {dagbag.py:540} INFO - Filling up the DagBag from /home/ccd/airflow_venv/lib/python3.10/site-packages/airflow/example_dags/example_display_name.py
[2025-06-09T02:02:16.486+0200] {processor.py:840} INFO - DAG(s) 'example_display_name' retrieved from /home/ccd/airflow_venv/lib/python3.10/site-packages/airflow/example_dags/example_display_name.py
[2025-06-09T02:02:16.498+0200] {logging_mixin.py:188} INFO - [2025-06-09T02:02:16.498+0200] {dag.py:3096} INFO - Sync 1 DAGs
[2025-06-09T02:02:16.505+0200] {logging_mixin.py:188} INFO - [2025-06-09T02:02:16.505+0200] {dag.py:3954} INFO - Setting next_dagrun for example_display_name to None, run_after=None
[2025-06-09T02:02:16.534+0200] {processor.py:183} INFO - Processing /home/ccd/airflow_venv/lib/python3.10/site-packages/airflow/example_dags/example_display_name.py took 0.070 seconds
[2025-06-09T02:03:09.056+0200] {processor.py:161} INFO - Started process (PID=1329117) to work on /home/ccd/airflow_venv/lib/python3.10/site-packages/airflow/example_dags/example_display_name.py
[2025-06-09T02:03:09.064+0200] {processor.py:830} INFO - Processing file /home/ccd/airflow_venv/lib/python3.10/site-packages/airflow/example_dags/example_display_name.py for tasks to queue
[2025-06-09T02:03:09.065+0200] {logging_mixin.py:188} INFO - [2025-06-09T02:03:09.064+0200] {dagbag.py:540} INFO - Filling up the DagBag from /home/ccd/airflow_venv/lib/python3.10/site-packages/airflow/example_dags/example_display_name.py
[2025-06-09T02:03:09.069+0200] {processor.py:840} INFO - DAG(s) 'example_display_name' retrieved from /home/ccd/airflow_venv/lib/python3.10/site-packages/airflow/example_dags/example_display_name.py
[2025-06-09T02:03:09.080+0200] {logging_mixin.py:188} INFO - [2025-06-09T02:03:09.079+0200] {dag.py:3096} INFO - Sync 1 DAGs
[2025-06-09T02:03:09.087+0200] {logging_mixin.py:188} INFO - [2025-06-09T02:03:09.087+0200] {dag.py:3954} INFO - Setting next_dagrun for example_display_name to None, run_after=None
[2025-06-09T02:03:09.112+0200] {processor.py:183} INFO - Processing /home/ccd/airflow_venv/lib/python3.10/site-packages/airflow/example_dags/example_display_name.py took 0.060 seconds
[2025-06-09T02:04:22.723+0200] {processor.py:161} INFO - Started process (PID=1329676) to work on /home/ccd/airflow_venv/lib/python3.10/site-packages/airflow/example_dags/example_display_name.py
[2025-06-09T02:04:22.724+0200] {processor.py:830} INFO - Processing file /home/ccd/airflow_venv/lib/python3.10/site-packages/airflow/example_dags/example_display_name.py for tasks to queue
[2025-06-09T02:04:22.725+0200] {logging_mixin.py:188} INFO - [2025-06-09T02:04:22.724+0200] {dagbag.py:540} INFO - Filling up the DagBag from /home/ccd/airflow_venv/lib/python3.10/site-packages/airflow/example_dags/example_display_name.py
[2025-06-09T02:04:22.728+0200] {processor.py:840} INFO - DAG(s) 'example_display_name' retrieved from /home/ccd/airflow_venv/lib/python3.10/site-packages/airflow/example_dags/example_display_name.py
[2025-06-09T02:04:22.740+0200] {logging_mixin.py:188} INFO - [2025-06-09T02:04:22.740+0200] {dag.py:3096} INFO - Sync 1 DAGs
[2025-06-09T02:04:22.747+0200] {logging_mixin.py:188} INFO - [2025-06-09T02:04:22.747+0200] {dag.py:3954} INFO - Setting next_dagrun for example_display_name to None, run_after=None
[2025-06-09T02:04:22.773+0200] {processor.py:183} INFO - Processing /home/ccd/airflow_venv/lib/python3.10/site-packages/airflow/example_dags/example_display_name.py took 0.056 seconds
[2025-06-09T02:05:16.215+0200] {processor.py:161} INFO - Started process (PID=1330049) to work on /home/ccd/airflow_venv/lib/python3.10/site-packages/airflow/example_dags/example_display_name.py
[2025-06-09T02:05:16.226+0200] {processor.py:830} INFO - Processing file /home/ccd/airflow_venv/lib/python3.10/site-packages/airflow/example_dags/example_display_name.py for tasks to queue
[2025-06-09T02:05:16.227+0200] {logging_mixin.py:188} INFO - [2025-06-09T02:05:16.227+0200] {dagbag.py:540} INFO - Filling up the DagBag from /home/ccd/airflow_venv/lib/python3.10/site-packages/airflow/example_dags/example_display_name.py
[2025-06-09T02:05:16.231+0200] {processor.py:840} INFO - DAG(s) 'example_display_name' retrieved from /home/ccd/airflow_venv/lib/python3.10/site-packages/airflow/example_dags/example_display_name.py
[2025-06-09T02:05:16.241+0200] {logging_mixin.py:188} INFO - [2025-06-09T02:05:16.241+0200] {dag.py:3096} INFO - Sync 1 DAGs
[2025-06-09T02:05:16.250+0200] {logging_mixin.py:188} INFO - [2025-06-09T02:05:16.250+0200] {dag.py:3954} INFO - Setting next_dagrun for example_display_name to None, run_after=None
[2025-06-09T02:05:16.271+0200] {processor.py:183} INFO - Processing /home/ccd/airflow_venv/lib/python3.10/site-packages/airflow/example_dags/example_display_name.py took 0.060 seconds
[2025-06-09T02:06:39.417+0200] {processor.py:161} INFO - Started process (PID=1330768) to work on /home/ccd/airflow_venv/lib/python3.10/site-packages/airflow/example_dags/example_display_name.py
[2025-06-09T02:06:39.428+0200] {processor.py:830} INFO - Processing file /home/ccd/airflow_venv/lib/python3.10/site-packages/airflow/example_dags/example_display_name.py for tasks to queue
[2025-06-09T02:06:39.430+0200] {logging_mixin.py:188} INFO - [2025-06-09T02:06:39.429+0200] {dagbag.py:540} INFO - Filling up the DagBag from /home/ccd/airflow_venv/lib/python3.10/site-packages/airflow/example_dags/example_display_name.py
[2025-06-09T02:06:39.436+0200] {processor.py:840} INFO - DAG(s) 'example_display_name' retrieved from /home/ccd/airflow_venv/lib/python3.10/site-packages/airflow/example_dags/example_display_name.py
[2025-06-09T02:06:39.453+0200] {logging_mixin.py:188} INFO - [2025-06-09T02:06:39.453+0200] {dag.py:3096} INFO - Sync 1 DAGs
[2025-06-09T02:06:39.467+0200] {logging_mixin.py:188} INFO - [2025-06-09T02:06:39.466+0200] {dag.py:3954} INFO - Setting next_dagrun for example_display_name to None, run_after=None
[2025-06-09T02:06:39.590+0200] {processor.py:183} INFO - Processing /home/ccd/airflow_venv/lib/python3.10/site-packages/airflow/example_dags/example_display_name.py took 0.184 seconds
[2025-06-09T02:07:36.495+0200] {processor.py:161} INFO - Started process (PID=1331233) to work on /home/ccd/airflow_venv/lib/python3.10/site-packages/airflow/example_dags/example_display_name.py
[2025-06-09T02:07:36.508+0200] {processor.py:830} INFO - Processing file /home/ccd/airflow_venv/lib/python3.10/site-packages/airflow/example_dags/example_display_name.py for tasks to queue
[2025-06-09T02:07:36.511+0200] {logging_mixin.py:188} INFO - [2025-06-09T02:07:36.510+0200] {dagbag.py:540} INFO - Filling up the DagBag from /home/ccd/airflow_venv/lib/python3.10/site-packages/airflow/example_dags/example_display_name.py
[2025-06-09T02:07:36.552+0200] {processor.py:840} INFO - DAG(s) 'example_display_name' retrieved from /home/ccd/airflow_venv/lib/python3.10/site-packages/airflow/example_dags/example_display_name.py
[2025-06-09T02:07:36.654+0200] {logging_mixin.py:188} INFO - [2025-06-09T02:07:36.653+0200] {dag.py:3096} INFO - Sync 1 DAGs
[2025-06-09T02:07:36.739+0200] {logging_mixin.py:188} INFO - [2025-06-09T02:07:36.738+0200] {dag.py:3954} INFO - Setting next_dagrun for example_display_name to None, run_after=None
[2025-06-09T02:07:36.838+0200] {processor.py:183} INFO - Processing /home/ccd/airflow_venv/lib/python3.10/site-packages/airflow/example_dags/example_display_name.py took 0.402 seconds
[2025-06-09T02:08:59.357+0200] {processor.py:161} INFO - Started process (PID=1332049) to work on /home/ccd/airflow_venv/lib/python3.10/site-packages/airflow/example_dags/example_display_name.py
[2025-06-09T02:08:59.370+0200] {processor.py:830} INFO - Processing file /home/ccd/airflow_venv/lib/python3.10/site-packages/airflow/example_dags/example_display_name.py for tasks to queue
[2025-06-09T02:08:59.371+0200] {logging_mixin.py:188} INFO - [2025-06-09T02:08:59.371+0200] {dagbag.py:540} INFO - Filling up the DagBag from /home/ccd/airflow_venv/lib/python3.10/site-packages/airflow/example_dags/example_display_name.py
[2025-06-09T02:08:59.376+0200] {processor.py:840} INFO - DAG(s) 'example_display_name' retrieved from /home/ccd/airflow_venv/lib/python3.10/site-packages/airflow/example_dags/example_display_name.py
[2025-06-09T02:08:59.386+0200] {logging_mixin.py:188} INFO - [2025-06-09T02:08:59.386+0200] {dag.py:3096} INFO - Sync 1 DAGs
[2025-06-09T02:08:59.393+0200] {logging_mixin.py:188} INFO - [2025-06-09T02:08:59.393+0200] {dag.py:3954} INFO - Setting next_dagrun for example_display_name to None, run_after=None
[2025-06-09T02:08:59.415+0200] {processor.py:183} INFO - Processing /home/ccd/airflow_venv/lib/python3.10/site-packages/airflow/example_dags/example_display_name.py took 0.062 seconds
[2025-06-09T02:10:13.671+0200] {processor.py:161} INFO - Started process (PID=1332463) to work on /home/ccd/airflow_venv/lib/python3.10/site-packages/airflow/example_dags/example_display_name.py
[2025-06-09T02:10:13.682+0200] {processor.py:830} INFO - Processing file /home/ccd/airflow_venv/lib/python3.10/site-packages/airflow/example_dags/example_display_name.py for tasks to queue
[2025-06-09T02:10:13.683+0200] {logging_mixin.py:188} INFO - [2025-06-09T02:10:13.682+0200] {dagbag.py:540} INFO - Filling up the DagBag from /home/ccd/airflow_venv/lib/python3.10/site-packages/airflow/example_dags/example_display_name.py
[2025-06-09T02:10:13.687+0200] {processor.py:840} INFO - DAG(s) 'example_display_name' retrieved from /home/ccd/airflow_venv/lib/python3.10/site-packages/airflow/example_dags/example_display_name.py
[2025-06-09T02:10:13.698+0200] {logging_mixin.py:188} INFO - [2025-06-09T02:10:13.697+0200] {dag.py:3096} INFO - Sync 1 DAGs
[2025-06-09T02:10:13.704+0200] {logging_mixin.py:188} INFO - [2025-06-09T02:10:13.704+0200] {dag.py:3954} INFO - Setting next_dagrun for example_display_name to None, run_after=None
[2025-06-09T02:10:13.726+0200] {processor.py:183} INFO - Processing /home/ccd/airflow_venv/lib/python3.10/site-packages/airflow/example_dags/example_display_name.py took 0.059 seconds
[2025-06-09T11:30:51.103+0200] {processor.py:161} INFO - Started process (PID=3856) to work on /home/ccd/airflow_venv/lib/python3.10/site-packages/airflow/example_dags/example_display_name.py
[2025-06-09T11:30:51.114+0200] {processor.py:830} INFO - Processing file /home/ccd/airflow_venv/lib/python3.10/site-packages/airflow/example_dags/example_display_name.py for tasks to queue
[2025-06-09T11:30:51.115+0200] {logging_mixin.py:188} INFO - [2025-06-09T11:30:51.115+0200] {dagbag.py:540} INFO - Filling up the DagBag from /home/ccd/airflow_venv/lib/python3.10/site-packages/airflow/example_dags/example_display_name.py
[2025-06-09T11:30:51.118+0200] {processor.py:840} INFO - DAG(s) 'example_display_name' retrieved from /home/ccd/airflow_venv/lib/python3.10/site-packages/airflow/example_dags/example_display_name.py
[2025-06-09T11:30:51.214+0200] {logging_mixin.py:188} INFO - [2025-06-09T11:30:51.214+0200] {dag.py:3096} INFO - Sync 1 DAGs
[2025-06-09T11:30:51.218+0200] {logging_mixin.py:188} INFO - [2025-06-09T11:30:51.218+0200] {dag.py:3954} INFO - Setting next_dagrun for example_display_name to None, run_after=None
[2025-06-09T11:30:51.241+0200] {processor.py:183} INFO - Processing /home/ccd/airflow_venv/lib/python3.10/site-packages/airflow/example_dags/example_display_name.py took 0.142 seconds
[2025-06-09T11:31:49.088+0200] {processor.py:161} INFO - Started process (PID=4167) to work on /home/ccd/airflow_venv/lib/python3.10/site-packages/airflow/example_dags/example_display_name.py
[2025-06-09T11:31:49.090+0200] {processor.py:830} INFO - Processing file /home/ccd/airflow_venv/lib/python3.10/site-packages/airflow/example_dags/example_display_name.py for tasks to queue
[2025-06-09T11:31:49.092+0200] {logging_mixin.py:188} INFO - [2025-06-09T11:31:49.091+0200] {dagbag.py:540} INFO - Filling up the DagBag from /home/ccd/airflow_venv/lib/python3.10/site-packages/airflow/example_dags/example_display_name.py
[2025-06-09T11:31:49.095+0200] {processor.py:840} INFO - DAG(s) 'example_display_name' retrieved from /home/ccd/airflow_venv/lib/python3.10/site-packages/airflow/example_dags/example_display_name.py
[2025-06-09T11:31:49.104+0200] {logging_mixin.py:188} INFO - [2025-06-09T11:31:49.104+0200] {dag.py:3096} INFO - Sync 1 DAGs
[2025-06-09T11:31:49.111+0200] {logging_mixin.py:188} INFO - [2025-06-09T11:31:49.111+0200] {dag.py:3954} INFO - Setting next_dagrun for example_display_name to None, run_after=None
[2025-06-09T11:31:49.132+0200] {processor.py:183} INFO - Processing /home/ccd/airflow_venv/lib/python3.10/site-packages/airflow/example_dags/example_display_name.py took 0.048 seconds
[2025-06-09T11:32:58.094+0200] {processor.py:161} INFO - Started process (PID=4829) to work on /home/ccd/airflow_venv/lib/python3.10/site-packages/airflow/example_dags/example_display_name.py
[2025-06-09T11:32:58.104+0200] {processor.py:830} INFO - Processing file /home/ccd/airflow_venv/lib/python3.10/site-packages/airflow/example_dags/example_display_name.py for tasks to queue
[2025-06-09T11:32:58.105+0200] {logging_mixin.py:188} INFO - [2025-06-09T11:32:58.105+0200] {dagbag.py:540} INFO - Filling up the DagBag from /home/ccd/airflow_venv/lib/python3.10/site-packages/airflow/example_dags/example_display_name.py
[2025-06-09T11:32:58.111+0200] {processor.py:840} INFO - DAG(s) 'example_display_name' retrieved from /home/ccd/airflow_venv/lib/python3.10/site-packages/airflow/example_dags/example_display_name.py
[2025-06-09T11:32:58.123+0200] {logging_mixin.py:188} INFO - [2025-06-09T11:32:58.123+0200] {dag.py:3096} INFO - Sync 1 DAGs
[2025-06-09T11:32:58.132+0200] {logging_mixin.py:188} INFO - [2025-06-09T11:32:58.131+0200] {dag.py:3954} INFO - Setting next_dagrun for example_display_name to None, run_after=None
[2025-06-09T11:32:58.164+0200] {processor.py:183} INFO - Processing /home/ccd/airflow_venv/lib/python3.10/site-packages/airflow/example_dags/example_display_name.py took 0.074 seconds
[2025-06-09T11:34:15.372+0200] {processor.py:161} INFO - Started process (PID=5436) to work on /home/ccd/airflow_venv/lib/python3.10/site-packages/airflow/example_dags/example_display_name.py
[2025-06-09T11:34:15.374+0200] {processor.py:830} INFO - Processing file /home/ccd/airflow_venv/lib/python3.10/site-packages/airflow/example_dags/example_display_name.py for tasks to queue
[2025-06-09T11:34:15.375+0200] {logging_mixin.py:188} INFO - [2025-06-09T11:34:15.375+0200] {dagbag.py:540} INFO - Filling up the DagBag from /home/ccd/airflow_venv/lib/python3.10/site-packages/airflow/example_dags/example_display_name.py
[2025-06-09T11:34:15.378+0200] {processor.py:840} INFO - DAG(s) 'example_display_name' retrieved from /home/ccd/airflow_venv/lib/python3.10/site-packages/airflow/example_dags/example_display_name.py
[2025-06-09T11:34:15.387+0200] {logging_mixin.py:188} INFO - [2025-06-09T11:34:15.387+0200] {dag.py:3096} INFO - Sync 1 DAGs
[2025-06-09T11:34:15.394+0200] {logging_mixin.py:188} INFO - [2025-06-09T11:34:15.393+0200] {dag.py:3954} INFO - Setting next_dagrun for example_display_name to None, run_after=None
[2025-06-09T11:34:15.414+0200] {processor.py:183} INFO - Processing /home/ccd/airflow_venv/lib/python3.10/site-packages/airflow/example_dags/example_display_name.py took 0.046 seconds
[2025-06-09T11:35:13.869+0200] {processor.py:161} INFO - Started process (PID=5839) to work on /home/ccd/airflow_venv/lib/python3.10/site-packages/airflow/example_dags/example_display_name.py
[2025-06-09T11:35:13.879+0200] {processor.py:830} INFO - Processing file /home/ccd/airflow_venv/lib/python3.10/site-packages/airflow/example_dags/example_display_name.py for tasks to queue
[2025-06-09T11:35:13.881+0200] {logging_mixin.py:188} INFO - [2025-06-09T11:35:13.880+0200] {dagbag.py:540} INFO - Filling up the DagBag from /home/ccd/airflow_venv/lib/python3.10/site-packages/airflow/example_dags/example_display_name.py
[2025-06-09T11:35:13.884+0200] {processor.py:840} INFO - DAG(s) 'example_display_name' retrieved from /home/ccd/airflow_venv/lib/python3.10/site-packages/airflow/example_dags/example_display_name.py
[2025-06-09T11:35:13.893+0200] {logging_mixin.py:188} INFO - [2025-06-09T11:35:13.892+0200] {dag.py:3096} INFO - Sync 1 DAGs
[2025-06-09T11:35:13.899+0200] {logging_mixin.py:188} INFO - [2025-06-09T11:35:13.899+0200] {dag.py:3954} INFO - Setting next_dagrun for example_display_name to None, run_after=None
[2025-06-09T11:35:13.919+0200] {processor.py:183} INFO - Processing /home/ccd/airflow_venv/lib/python3.10/site-packages/airflow/example_dags/example_display_name.py took 0.054 seconds
[2025-06-09T11:36:10.337+0200] {processor.py:161} INFO - Started process (PID=6153) to work on /home/ccd/airflow_venv/lib/python3.10/site-packages/airflow/example_dags/example_display_name.py
[2025-06-09T11:36:10.338+0200] {processor.py:830} INFO - Processing file /home/ccd/airflow_venv/lib/python3.10/site-packages/airflow/example_dags/example_display_name.py for tasks to queue
[2025-06-09T11:36:10.339+0200] {logging_mixin.py:188} INFO - [2025-06-09T11:36:10.339+0200] {dagbag.py:540} INFO - Filling up the DagBag from /home/ccd/airflow_venv/lib/python3.10/site-packages/airflow/example_dags/example_display_name.py
[2025-06-09T11:36:10.343+0200] {processor.py:840} INFO - DAG(s) 'example_display_name' retrieved from /home/ccd/airflow_venv/lib/python3.10/site-packages/airflow/example_dags/example_display_name.py
[2025-06-09T11:36:10.352+0200] {logging_mixin.py:188} INFO - [2025-06-09T11:36:10.352+0200] {dag.py:3096} INFO - Sync 1 DAGs
[2025-06-09T11:36:10.359+0200] {logging_mixin.py:188} INFO - [2025-06-09T11:36:10.358+0200] {dag.py:3954} INFO - Setting next_dagrun for example_display_name to None, run_after=None
[2025-06-09T11:36:10.380+0200] {processor.py:183} INFO - Processing /home/ccd/airflow_venv/lib/python3.10/site-packages/airflow/example_dags/example_display_name.py took 0.048 seconds
[2025-06-09T11:38:27.031+0200] {processor.py:161} INFO - Started process (PID=9252) to work on /home/ccd/airflow_venv/lib/python3.10/site-packages/airflow/example_dags/example_display_name.py
[2025-06-09T11:38:27.032+0200] {processor.py:830} INFO - Processing file /home/ccd/airflow_venv/lib/python3.10/site-packages/airflow/example_dags/example_display_name.py for tasks to queue
[2025-06-09T11:38:27.034+0200] {logging_mixin.py:188} INFO - [2025-06-09T11:38:27.033+0200] {dagbag.py:540} INFO - Filling up the DagBag from /home/ccd/airflow_venv/lib/python3.10/site-packages/airflow/example_dags/example_display_name.py
[2025-06-09T11:38:27.038+0200] {processor.py:840} INFO - DAG(s) 'example_display_name' retrieved from /home/ccd/airflow_venv/lib/python3.10/site-packages/airflow/example_dags/example_display_name.py
[2025-06-09T11:38:27.049+0200] {logging_mixin.py:188} INFO - [2025-06-09T11:38:27.048+0200] {dag.py:3096} INFO - Sync 1 DAGs
[2025-06-09T11:38:27.055+0200] {logging_mixin.py:188} INFO - [2025-06-09T11:38:27.055+0200] {dag.py:3954} INFO - Setting next_dagrun for example_display_name to None, run_after=None
[2025-06-09T11:38:27.074+0200] {processor.py:183} INFO - Processing /home/ccd/airflow_venv/lib/python3.10/site-packages/airflow/example_dags/example_display_name.py took 0.047 seconds
[2025-06-09T11:39:28.882+0200] {processor.py:161} INFO - Started process (PID=9786) to work on /home/ccd/airflow_venv/lib/python3.10/site-packages/airflow/example_dags/example_display_name.py
[2025-06-09T11:39:28.885+0200] {processor.py:830} INFO - Processing file /home/ccd/airflow_venv/lib/python3.10/site-packages/airflow/example_dags/example_display_name.py for tasks to queue
[2025-06-09T11:39:28.887+0200] {logging_mixin.py:188} INFO - [2025-06-09T11:39:28.886+0200] {dagbag.py:540} INFO - Filling up the DagBag from /home/ccd/airflow_venv/lib/python3.10/site-packages/airflow/example_dags/example_display_name.py
[2025-06-09T11:39:28.891+0200] {processor.py:840} INFO - DAG(s) 'example_display_name' retrieved from /home/ccd/airflow_venv/lib/python3.10/site-packages/airflow/example_dags/example_display_name.py
[2025-06-09T11:39:28.901+0200] {logging_mixin.py:188} INFO - [2025-06-09T11:39:28.901+0200] {dag.py:3096} INFO - Sync 1 DAGs
[2025-06-09T11:39:28.908+0200] {logging_mixin.py:188} INFO - [2025-06-09T11:39:28.908+0200] {dag.py:3954} INFO - Setting next_dagrun for example_display_name to None, run_after=None
[2025-06-09T11:39:28.930+0200] {processor.py:183} INFO - Processing /home/ccd/airflow_venv/lib/python3.10/site-packages/airflow/example_dags/example_display_name.py took 0.052 seconds
[2025-06-09T11:40:41.567+0200] {processor.py:161} INFO - Started process (PID=10501) to work on /home/ccd/airflow_venv/lib/python3.10/site-packages/airflow/example_dags/example_display_name.py
[2025-06-09T11:40:41.570+0200] {processor.py:830} INFO - Processing file /home/ccd/airflow_venv/lib/python3.10/site-packages/airflow/example_dags/example_display_name.py for tasks to queue
[2025-06-09T11:40:41.571+0200] {logging_mixin.py:188} INFO - [2025-06-09T11:40:41.570+0200] {dagbag.py:540} INFO - Filling up the DagBag from /home/ccd/airflow_venv/lib/python3.10/site-packages/airflow/example_dags/example_display_name.py
[2025-06-09T11:40:41.574+0200] {processor.py:840} INFO - DAG(s) 'example_display_name' retrieved from /home/ccd/airflow_venv/lib/python3.10/site-packages/airflow/example_dags/example_display_name.py
[2025-06-09T11:40:41.583+0200] {logging_mixin.py:188} INFO - [2025-06-09T11:40:41.582+0200] {dag.py:3096} INFO - Sync 1 DAGs
[2025-06-09T11:40:41.589+0200] {logging_mixin.py:188} INFO - [2025-06-09T11:40:41.589+0200] {dag.py:3954} INFO - Setting next_dagrun for example_display_name to None, run_after=None
[2025-06-09T11:40:41.611+0200] {processor.py:183} INFO - Processing /home/ccd/airflow_venv/lib/python3.10/site-packages/airflow/example_dags/example_display_name.py took 0.047 seconds
[2025-06-09T11:41:49.104+0200] {processor.py:161} INFO - Started process (PID=11087) to work on /home/ccd/airflow_venv/lib/python3.10/site-packages/airflow/example_dags/example_display_name.py
[2025-06-09T11:41:49.106+0200] {processor.py:830} INFO - Processing file /home/ccd/airflow_venv/lib/python3.10/site-packages/airflow/example_dags/example_display_name.py for tasks to queue
[2025-06-09T11:41:49.107+0200] {logging_mixin.py:188} INFO - [2025-06-09T11:41:49.107+0200] {dagbag.py:540} INFO - Filling up the DagBag from /home/ccd/airflow_venv/lib/python3.10/site-packages/airflow/example_dags/example_display_name.py
[2025-06-09T11:41:49.111+0200] {processor.py:840} INFO - DAG(s) 'example_display_name' retrieved from /home/ccd/airflow_venv/lib/python3.10/site-packages/airflow/example_dags/example_display_name.py
[2025-06-09T11:41:49.120+0200] {logging_mixin.py:188} INFO - [2025-06-09T11:41:49.119+0200] {dag.py:3096} INFO - Sync 1 DAGs
[2025-06-09T11:41:49.126+0200] {logging_mixin.py:188} INFO - [2025-06-09T11:41:49.126+0200] {dag.py:3954} INFO - Setting next_dagrun for example_display_name to None, run_after=None
[2025-06-09T11:41:49.147+0200] {processor.py:183} INFO - Processing /home/ccd/airflow_venv/lib/python3.10/site-packages/airflow/example_dags/example_display_name.py took 0.047 seconds
[2025-06-09T11:43:04.618+0200] {processor.py:161} INFO - Started process (PID=11547) to work on /home/ccd/airflow_venv/lib/python3.10/site-packages/airflow/example_dags/example_display_name.py
[2025-06-09T11:43:04.628+0200] {processor.py:830} INFO - Processing file /home/ccd/airflow_venv/lib/python3.10/site-packages/airflow/example_dags/example_display_name.py for tasks to queue
[2025-06-09T11:43:04.629+0200] {logging_mixin.py:188} INFO - [2025-06-09T11:43:04.629+0200] {dagbag.py:540} INFO - Filling up the DagBag from /home/ccd/airflow_venv/lib/python3.10/site-packages/airflow/example_dags/example_display_name.py
[2025-06-09T11:43:04.634+0200] {processor.py:840} INFO - DAG(s) 'example_display_name' retrieved from /home/ccd/airflow_venv/lib/python3.10/site-packages/airflow/example_dags/example_display_name.py
[2025-06-09T11:43:04.643+0200] {logging_mixin.py:188} INFO - [2025-06-09T11:43:04.643+0200] {dag.py:3096} INFO - Sync 1 DAGs
[2025-06-09T11:43:04.650+0200] {logging_mixin.py:188} INFO - [2025-06-09T11:43:04.650+0200] {dag.py:3954} INFO - Setting next_dagrun for example_display_name to None, run_after=None
[2025-06-09T11:43:04.671+0200] {processor.py:183} INFO - Processing /home/ccd/airflow_venv/lib/python3.10/site-packages/airflow/example_dags/example_display_name.py took 0.056 seconds
[2025-06-09T11:44:08.833+0200] {processor.py:161} INFO - Started process (PID=11938) to work on /home/ccd/airflow_venv/lib/python3.10/site-packages/airflow/example_dags/example_display_name.py
[2025-06-09T11:44:08.843+0200] {processor.py:830} INFO - Processing file /home/ccd/airflow_venv/lib/python3.10/site-packages/airflow/example_dags/example_display_name.py for tasks to queue
[2025-06-09T11:44:08.844+0200] {logging_mixin.py:188} INFO - [2025-06-09T11:44:08.844+0200] {dagbag.py:540} INFO - Filling up the DagBag from /home/ccd/airflow_venv/lib/python3.10/site-packages/airflow/example_dags/example_display_name.py
[2025-06-09T11:44:08.849+0200] {processor.py:840} INFO - DAG(s) 'example_display_name' retrieved from /home/ccd/airflow_venv/lib/python3.10/site-packages/airflow/example_dags/example_display_name.py
[2025-06-09T11:44:08.857+0200] {logging_mixin.py:188} INFO - [2025-06-09T11:44:08.857+0200] {dag.py:3096} INFO - Sync 1 DAGs
[2025-06-09T11:44:08.864+0200] {logging_mixin.py:188} INFO - [2025-06-09T11:44:08.864+0200] {dag.py:3954} INFO - Setting next_dagrun for example_display_name to None, run_after=None
[2025-06-09T11:44:08.885+0200] {processor.py:183} INFO - Processing /home/ccd/airflow_venv/lib/python3.10/site-packages/airflow/example_dags/example_display_name.py took 0.056 seconds
[2025-06-09T11:45:04.980+0200] {processor.py:161} INFO - Started process (PID=12261) to work on /home/ccd/airflow_venv/lib/python3.10/site-packages/airflow/example_dags/example_display_name.py
[2025-06-09T11:45:04.991+0200] {processor.py:830} INFO - Processing file /home/ccd/airflow_venv/lib/python3.10/site-packages/airflow/example_dags/example_display_name.py for tasks to queue
[2025-06-09T11:45:04.992+0200] {logging_mixin.py:188} INFO - [2025-06-09T11:45:04.992+0200] {dagbag.py:540} INFO - Filling up the DagBag from /home/ccd/airflow_venv/lib/python3.10/site-packages/airflow/example_dags/example_display_name.py
[2025-06-09T11:45:04.996+0200] {processor.py:840} INFO - DAG(s) 'example_display_name' retrieved from /home/ccd/airflow_venv/lib/python3.10/site-packages/airflow/example_dags/example_display_name.py
[2025-06-09T11:45:05.005+0200] {logging_mixin.py:188} INFO - [2025-06-09T11:45:05.005+0200] {dag.py:3096} INFO - Sync 1 DAGs
[2025-06-09T11:45:05.012+0200] {logging_mixin.py:188} INFO - [2025-06-09T11:45:05.012+0200] {dag.py:3954} INFO - Setting next_dagrun for example_display_name to None, run_after=None
[2025-06-09T11:45:05.033+0200] {processor.py:183} INFO - Processing /home/ccd/airflow_venv/lib/python3.10/site-packages/airflow/example_dags/example_display_name.py took 0.057 seconds
[2025-06-09T11:46:48.978+0200] {processor.py:161} INFO - Started process (PID=13792) to work on /home/ccd/airflow_venv/lib/python3.10/site-packages/airflow/example_dags/example_display_name.py
[2025-06-09T11:46:48.990+0200] {processor.py:830} INFO - Processing file /home/ccd/airflow_venv/lib/python3.10/site-packages/airflow/example_dags/example_display_name.py for tasks to queue
[2025-06-09T11:46:48.991+0200] {logging_mixin.py:188} INFO - [2025-06-09T11:46:48.991+0200] {dagbag.py:540} INFO - Filling up the DagBag from /home/ccd/airflow_venv/lib/python3.10/site-packages/airflow/example_dags/example_display_name.py
[2025-06-09T11:46:48.996+0200] {processor.py:840} INFO - DAG(s) 'example_display_name' retrieved from /home/ccd/airflow_venv/lib/python3.10/site-packages/airflow/example_dags/example_display_name.py
[2025-06-09T11:46:49.006+0200] {logging_mixin.py:188} INFO - [2025-06-09T11:46:49.006+0200] {dag.py:3096} INFO - Sync 1 DAGs
[2025-06-09T11:46:49.013+0200] {logging_mixin.py:188} INFO - [2025-06-09T11:46:49.013+0200] {dag.py:3954} INFO - Setting next_dagrun for example_display_name to None, run_after=None
[2025-06-09T11:46:49.034+0200] {processor.py:183} INFO - Processing /home/ccd/airflow_venv/lib/python3.10/site-packages/airflow/example_dags/example_display_name.py took 0.060 seconds
[2025-06-09T11:47:47.678+0200] {processor.py:161} INFO - Started process (PID=14122) to work on /home/ccd/airflow_venv/lib/python3.10/site-packages/airflow/example_dags/example_display_name.py
[2025-06-09T11:47:47.688+0200] {processor.py:830} INFO - Processing file /home/ccd/airflow_venv/lib/python3.10/site-packages/airflow/example_dags/example_display_name.py for tasks to queue
[2025-06-09T11:47:47.690+0200] {logging_mixin.py:188} INFO - [2025-06-09T11:47:47.690+0200] {dagbag.py:540} INFO - Filling up the DagBag from /home/ccd/airflow_venv/lib/python3.10/site-packages/airflow/example_dags/example_display_name.py
[2025-06-09T11:47:47.694+0200] {processor.py:840} INFO - DAG(s) 'example_display_name' retrieved from /home/ccd/airflow_venv/lib/python3.10/site-packages/airflow/example_dags/example_display_name.py
[2025-06-09T11:47:47.705+0200] {logging_mixin.py:188} INFO - [2025-06-09T11:47:47.705+0200] {dag.py:3096} INFO - Sync 1 DAGs
[2025-06-09T11:47:47.712+0200] {logging_mixin.py:188} INFO - [2025-06-09T11:47:47.712+0200] {dag.py:3954} INFO - Setting next_dagrun for example_display_name to None, run_after=None
[2025-06-09T11:47:47.739+0200] {processor.py:183} INFO - Processing /home/ccd/airflow_venv/lib/python3.10/site-packages/airflow/example_dags/example_display_name.py took 0.066 seconds
[2025-06-09T11:49:05.466+0200] {processor.py:161} INFO - Started process (PID=15746) to work on /home/ccd/airflow_venv/lib/python3.10/site-packages/airflow/example_dags/example_display_name.py
[2025-06-09T11:49:05.476+0200] {processor.py:830} INFO - Processing file /home/ccd/airflow_venv/lib/python3.10/site-packages/airflow/example_dags/example_display_name.py for tasks to queue
[2025-06-09T11:49:05.479+0200] {logging_mixin.py:188} INFO - [2025-06-09T11:49:05.478+0200] {dagbag.py:540} INFO - Filling up the DagBag from /home/ccd/airflow_venv/lib/python3.10/site-packages/airflow/example_dags/example_display_name.py
[2025-06-09T11:49:05.482+0200] {processor.py:840} INFO - DAG(s) 'example_display_name' retrieved from /home/ccd/airflow_venv/lib/python3.10/site-packages/airflow/example_dags/example_display_name.py
[2025-06-09T11:49:05.494+0200] {logging_mixin.py:188} INFO - [2025-06-09T11:49:05.494+0200] {dag.py:3096} INFO - Sync 1 DAGs
[2025-06-09T11:49:05.504+0200] {logging_mixin.py:188} INFO - [2025-06-09T11:49:05.503+0200] {dag.py:3954} INFO - Setting next_dagrun for example_display_name to None, run_after=None
[2025-06-09T11:49:05.525+0200] {processor.py:183} INFO - Processing /home/ccd/airflow_venv/lib/python3.10/site-packages/airflow/example_dags/example_display_name.py took 0.062 seconds
[2025-06-09T11:50:30.711+0200] {processor.py:161} INFO - Started process (PID=16504) to work on /home/ccd/airflow_venv/lib/python3.10/site-packages/airflow/example_dags/example_display_name.py
[2025-06-09T11:50:30.712+0200] {processor.py:830} INFO - Processing file /home/ccd/airflow_venv/lib/python3.10/site-packages/airflow/example_dags/example_display_name.py for tasks to queue
[2025-06-09T11:50:30.715+0200] {logging_mixin.py:188} INFO - [2025-06-09T11:50:30.714+0200] {dagbag.py:540} INFO - Filling up the DagBag from /home/ccd/airflow_venv/lib/python3.10/site-packages/airflow/example_dags/example_display_name.py
[2025-06-09T11:50:30.723+0200] {processor.py:840} INFO - DAG(s) 'example_display_name' retrieved from /home/ccd/airflow_venv/lib/python3.10/site-packages/airflow/example_dags/example_display_name.py
[2025-06-09T11:50:30.736+0200] {logging_mixin.py:188} INFO - [2025-06-09T11:50:30.735+0200] {dag.py:3096} INFO - Sync 1 DAGs
[2025-06-09T11:50:30.747+0200] {logging_mixin.py:188} INFO - [2025-06-09T11:50:30.747+0200] {dag.py:3954} INFO - Setting next_dagrun for example_display_name to None, run_after=None
[2025-06-09T11:50:30.775+0200] {processor.py:183} INFO - Processing /home/ccd/airflow_venv/lib/python3.10/site-packages/airflow/example_dags/example_display_name.py took 0.071 seconds
[2025-06-09T11:51:39.332+0200] {processor.py:161} INFO - Started process (PID=17363) to work on /home/ccd/airflow_venv/lib/python3.10/site-packages/airflow/example_dags/example_display_name.py
[2025-06-09T11:51:39.333+0200] {processor.py:830} INFO - Processing file /home/ccd/airflow_venv/lib/python3.10/site-packages/airflow/example_dags/example_display_name.py for tasks to queue
[2025-06-09T11:51:39.335+0200] {logging_mixin.py:188} INFO - [2025-06-09T11:51:39.334+0200] {dagbag.py:540} INFO - Filling up the DagBag from /home/ccd/airflow_venv/lib/python3.10/site-packages/airflow/example_dags/example_display_name.py
[2025-06-09T11:51:39.339+0200] {processor.py:840} INFO - DAG(s) 'example_display_name' retrieved from /home/ccd/airflow_venv/lib/python3.10/site-packages/airflow/example_dags/example_display_name.py
[2025-06-09T11:51:39.348+0200] {logging_mixin.py:188} INFO - [2025-06-09T11:51:39.348+0200] {dag.py:3096} INFO - Sync 1 DAGs
[2025-06-09T11:51:39.356+0200] {logging_mixin.py:188} INFO - [2025-06-09T11:51:39.356+0200] {dag.py:3954} INFO - Setting next_dagrun for example_display_name to None, run_after=None
[2025-06-09T11:51:39.376+0200] {processor.py:183} INFO - Processing /home/ccd/airflow_venv/lib/python3.10/site-packages/airflow/example_dags/example_display_name.py took 0.048 seconds
[2025-06-09T11:52:35.055+0200] {processor.py:161} INFO - Started process (PID=17674) to work on /home/ccd/airflow_venv/lib/python3.10/site-packages/airflow/example_dags/example_display_name.py
[2025-06-09T11:52:35.067+0200] {processor.py:830} INFO - Processing file /home/ccd/airflow_venv/lib/python3.10/site-packages/airflow/example_dags/example_display_name.py for tasks to queue
[2025-06-09T11:52:35.068+0200] {logging_mixin.py:188} INFO - [2025-06-09T11:52:35.067+0200] {dagbag.py:540} INFO - Filling up the DagBag from /home/ccd/airflow_venv/lib/python3.10/site-packages/airflow/example_dags/example_display_name.py
[2025-06-09T11:52:35.071+0200] {processor.py:840} INFO - DAG(s) 'example_display_name' retrieved from /home/ccd/airflow_venv/lib/python3.10/site-packages/airflow/example_dags/example_display_name.py
[2025-06-09T11:52:35.080+0200] {logging_mixin.py:188} INFO - [2025-06-09T11:52:35.080+0200] {dag.py:3096} INFO - Sync 1 DAGs
[2025-06-09T11:52:35.086+0200] {logging_mixin.py:188} INFO - [2025-06-09T11:52:35.085+0200] {dag.py:3954} INFO - Setting next_dagrun for example_display_name to None, run_after=None
[2025-06-09T11:52:35.104+0200] {processor.py:183} INFO - Processing /home/ccd/airflow_venv/lib/python3.10/site-packages/airflow/example_dags/example_display_name.py took 0.052 seconds
[2025-06-09T11:53:53.564+0200] {processor.py:161} INFO - Started process (PID=18132) to work on /home/ccd/airflow_venv/lib/python3.10/site-packages/airflow/example_dags/example_display_name.py
[2025-06-09T11:53:53.574+0200] {processor.py:830} INFO - Processing file /home/ccd/airflow_venv/lib/python3.10/site-packages/airflow/example_dags/example_display_name.py for tasks to queue
[2025-06-09T11:53:53.575+0200] {logging_mixin.py:188} INFO - [2025-06-09T11:53:53.575+0200] {dagbag.py:540} INFO - Filling up the DagBag from /home/ccd/airflow_venv/lib/python3.10/site-packages/airflow/example_dags/example_display_name.py
[2025-06-09T11:53:53.579+0200] {processor.py:840} INFO - DAG(s) 'example_display_name' retrieved from /home/ccd/airflow_venv/lib/python3.10/site-packages/airflow/example_dags/example_display_name.py
[2025-06-09T11:53:53.588+0200] {logging_mixin.py:188} INFO - [2025-06-09T11:53:53.588+0200] {dag.py:3096} INFO - Sync 1 DAGs
[2025-06-09T11:53:53.594+0200] {logging_mixin.py:188} INFO - [2025-06-09T11:53:53.594+0200] {dag.py:3954} INFO - Setting next_dagrun for example_display_name to None, run_after=None
[2025-06-09T11:53:53.615+0200] {processor.py:183} INFO - Processing /home/ccd/airflow_venv/lib/python3.10/site-packages/airflow/example_dags/example_display_name.py took 0.055 seconds
[2025-06-09T11:55:13.179+0200] {processor.py:161} INFO - Started process (PID=18581) to work on /home/ccd/airflow_venv/lib/python3.10/site-packages/airflow/example_dags/example_display_name.py
[2025-06-09T11:55:13.190+0200] {processor.py:830} INFO - Processing file /home/ccd/airflow_venv/lib/python3.10/site-packages/airflow/example_dags/example_display_name.py for tasks to queue
[2025-06-09T11:55:13.191+0200] {logging_mixin.py:188} INFO - [2025-06-09T11:55:13.191+0200] {dagbag.py:540} INFO - Filling up the DagBag from /home/ccd/airflow_venv/lib/python3.10/site-packages/airflow/example_dags/example_display_name.py
[2025-06-09T11:55:13.195+0200] {processor.py:840} INFO - DAG(s) 'example_display_name' retrieved from /home/ccd/airflow_venv/lib/python3.10/site-packages/airflow/example_dags/example_display_name.py
[2025-06-09T11:55:13.204+0200] {logging_mixin.py:188} INFO - [2025-06-09T11:55:13.204+0200] {dag.py:3096} INFO - Sync 1 DAGs
[2025-06-09T11:55:13.211+0200] {logging_mixin.py:188} INFO - [2025-06-09T11:55:13.211+0200] {dag.py:3954} INFO - Setting next_dagrun for example_display_name to None, run_after=None
[2025-06-09T11:55:13.230+0200] {processor.py:183} INFO - Processing /home/ccd/airflow_venv/lib/python3.10/site-packages/airflow/example_dags/example_display_name.py took 0.055 seconds
[2025-06-09T11:56:29.181+0200] {processor.py:161} INFO - Started process (PID=19014) to work on /home/ccd/airflow_venv/lib/python3.10/site-packages/airflow/example_dags/example_display_name.py
[2025-06-09T11:56:29.183+0200] {processor.py:830} INFO - Processing file /home/ccd/airflow_venv/lib/python3.10/site-packages/airflow/example_dags/example_display_name.py for tasks to queue
[2025-06-09T11:56:29.184+0200] {logging_mixin.py:188} INFO - [2025-06-09T11:56:29.184+0200] {dagbag.py:540} INFO - Filling up the DagBag from /home/ccd/airflow_venv/lib/python3.10/site-packages/airflow/example_dags/example_display_name.py
[2025-06-09T11:56:29.188+0200] {processor.py:840} INFO - DAG(s) 'example_display_name' retrieved from /home/ccd/airflow_venv/lib/python3.10/site-packages/airflow/example_dags/example_display_name.py
[2025-06-09T11:56:29.197+0200] {logging_mixin.py:188} INFO - [2025-06-09T11:56:29.196+0200] {dag.py:3096} INFO - Sync 1 DAGs
[2025-06-09T11:56:29.203+0200] {logging_mixin.py:188} INFO - [2025-06-09T11:56:29.203+0200] {dag.py:3954} INFO - Setting next_dagrun for example_display_name to None, run_after=None
[2025-06-09T11:56:29.230+0200] {processor.py:183} INFO - Processing /home/ccd/airflow_venv/lib/python3.10/site-packages/airflow/example_dags/example_display_name.py took 0.053 seconds
[2025-06-09T11:57:42.823+0200] {processor.py:161} INFO - Started process (PID=19432) to work on /home/ccd/airflow_venv/lib/python3.10/site-packages/airflow/example_dags/example_display_name.py
[2025-06-09T11:57:42.824+0200] {processor.py:830} INFO - Processing file /home/ccd/airflow_venv/lib/python3.10/site-packages/airflow/example_dags/example_display_name.py for tasks to queue
[2025-06-09T11:57:42.825+0200] {logging_mixin.py:188} INFO - [2025-06-09T11:57:42.825+0200] {dagbag.py:540} INFO - Filling up the DagBag from /home/ccd/airflow_venv/lib/python3.10/site-packages/airflow/example_dags/example_display_name.py
[2025-06-09T11:57:42.829+0200] {processor.py:840} INFO - DAG(s) 'example_display_name' retrieved from /home/ccd/airflow_venv/lib/python3.10/site-packages/airflow/example_dags/example_display_name.py
[2025-06-09T11:57:42.838+0200] {logging_mixin.py:188} INFO - [2025-06-09T11:57:42.838+0200] {dag.py:3096} INFO - Sync 1 DAGs
[2025-06-09T11:57:42.847+0200] {logging_mixin.py:188} INFO - [2025-06-09T11:57:42.846+0200] {dag.py:3954} INFO - Setting next_dagrun for example_display_name to None, run_after=None
[2025-06-09T11:57:42.867+0200] {processor.py:183} INFO - Processing /home/ccd/airflow_venv/lib/python3.10/site-packages/airflow/example_dags/example_display_name.py took 0.048 seconds
[2025-06-09T11:59:00.125+0200] {processor.py:161} INFO - Started process (PID=19875) to work on /home/ccd/airflow_venv/lib/python3.10/site-packages/airflow/example_dags/example_display_name.py
[2025-06-09T11:59:00.137+0200] {processor.py:830} INFO - Processing file /home/ccd/airflow_venv/lib/python3.10/site-packages/airflow/example_dags/example_display_name.py for tasks to queue
[2025-06-09T11:59:00.138+0200] {logging_mixin.py:188} INFO - [2025-06-09T11:59:00.137+0200] {dagbag.py:540} INFO - Filling up the DagBag from /home/ccd/airflow_venv/lib/python3.10/site-packages/airflow/example_dags/example_display_name.py
[2025-06-09T11:59:00.141+0200] {processor.py:840} INFO - DAG(s) 'example_display_name' retrieved from /home/ccd/airflow_venv/lib/python3.10/site-packages/airflow/example_dags/example_display_name.py
[2025-06-09T11:59:00.150+0200] {logging_mixin.py:188} INFO - [2025-06-09T11:59:00.150+0200] {dag.py:3096} INFO - Sync 1 DAGs
[2025-06-09T11:59:00.157+0200] {logging_mixin.py:188} INFO - [2025-06-09T11:59:00.156+0200] {dag.py:3954} INFO - Setting next_dagrun for example_display_name to None, run_after=None
[2025-06-09T11:59:00.176+0200] {processor.py:183} INFO - Processing /home/ccd/airflow_venv/lib/python3.10/site-packages/airflow/example_dags/example_display_name.py took 0.054 seconds
[2025-06-09T12:00:16.273+0200] {processor.py:161} INFO - Started process (PID=20450) to work on /home/ccd/airflow_venv/lib/python3.10/site-packages/airflow/example_dags/example_display_name.py
[2025-06-09T12:00:16.284+0200] {processor.py:830} INFO - Processing file /home/ccd/airflow_venv/lib/python3.10/site-packages/airflow/example_dags/example_display_name.py for tasks to queue
[2025-06-09T12:00:16.286+0200] {logging_mixin.py:188} INFO - [2025-06-09T12:00:16.285+0200] {dagbag.py:540} INFO - Filling up the DagBag from /home/ccd/airflow_venv/lib/python3.10/site-packages/airflow/example_dags/example_display_name.py
[2025-06-09T12:00:16.290+0200] {processor.py:840} INFO - DAG(s) 'example_display_name' retrieved from /home/ccd/airflow_venv/lib/python3.10/site-packages/airflow/example_dags/example_display_name.py
[2025-06-09T12:00:16.300+0200] {logging_mixin.py:188} INFO - [2025-06-09T12:00:16.300+0200] {dag.py:3096} INFO - Sync 1 DAGs
[2025-06-09T12:00:16.308+0200] {logging_mixin.py:188} INFO - [2025-06-09T12:00:16.308+0200] {dag.py:3954} INFO - Setting next_dagrun for example_display_name to None, run_after=None
[2025-06-09T12:00:16.331+0200] {processor.py:183} INFO - Processing /home/ccd/airflow_venv/lib/python3.10/site-packages/airflow/example_dags/example_display_name.py took 0.062 seconds
[2025-06-09T12:01:35.160+0200] {processor.py:161} INFO - Started process (PID=20960) to work on /home/ccd/airflow_venv/lib/python3.10/site-packages/airflow/example_dags/example_display_name.py
[2025-06-09T12:01:35.170+0200] {processor.py:830} INFO - Processing file /home/ccd/airflow_venv/lib/python3.10/site-packages/airflow/example_dags/example_display_name.py for tasks to queue
[2025-06-09T12:01:35.172+0200] {logging_mixin.py:188} INFO - [2025-06-09T12:01:35.171+0200] {dagbag.py:540} INFO - Filling up the DagBag from /home/ccd/airflow_venv/lib/python3.10/site-packages/airflow/example_dags/example_display_name.py
[2025-06-09T12:01:35.176+0200] {processor.py:840} INFO - DAG(s) 'example_display_name' retrieved from /home/ccd/airflow_venv/lib/python3.10/site-packages/airflow/example_dags/example_display_name.py
[2025-06-09T12:01:35.189+0200] {logging_mixin.py:188} INFO - [2025-06-09T12:01:35.188+0200] {dag.py:3096} INFO - Sync 1 DAGs
[2025-06-09T12:01:35.196+0200] {logging_mixin.py:188} INFO - [2025-06-09T12:01:35.196+0200] {dag.py:3954} INFO - Setting next_dagrun for example_display_name to None, run_after=None
[2025-06-09T12:01:35.222+0200] {processor.py:183} INFO - Processing /home/ccd/airflow_venv/lib/python3.10/site-packages/airflow/example_dags/example_display_name.py took 0.066 seconds
[2025-06-09T12:02:29.699+0200] {processor.py:161} INFO - Started process (PID=21299) to work on /home/ccd/airflow_venv/lib/python3.10/site-packages/airflow/example_dags/example_display_name.py
[2025-06-09T12:02:29.701+0200] {processor.py:830} INFO - Processing file /home/ccd/airflow_venv/lib/python3.10/site-packages/airflow/example_dags/example_display_name.py for tasks to queue
[2025-06-09T12:02:29.702+0200] {logging_mixin.py:188} INFO - [2025-06-09T12:02:29.702+0200] {dagbag.py:540} INFO - Filling up the DagBag from /home/ccd/airflow_venv/lib/python3.10/site-packages/airflow/example_dags/example_display_name.py
[2025-06-09T12:02:29.706+0200] {processor.py:840} INFO - DAG(s) 'example_display_name' retrieved from /home/ccd/airflow_venv/lib/python3.10/site-packages/airflow/example_dags/example_display_name.py
[2025-06-09T12:02:29.715+0200] {logging_mixin.py:188} INFO - [2025-06-09T12:02:29.715+0200] {dag.py:3096} INFO - Sync 1 DAGs
[2025-06-09T12:02:29.721+0200] {logging_mixin.py:188} INFO - [2025-06-09T12:02:29.721+0200] {dag.py:3954} INFO - Setting next_dagrun for example_display_name to None, run_after=None
[2025-06-09T12:02:29.741+0200] {processor.py:183} INFO - Processing /home/ccd/airflow_venv/lib/python3.10/site-packages/airflow/example_dags/example_display_name.py took 0.046 seconds
[2025-06-09T12:05:18.644+0200] {processor.py:161} INFO - Started process (PID=24207) to work on /home/ccd/airflow_venv/lib/python3.10/site-packages/airflow/example_dags/example_display_name.py
[2025-06-09T12:05:18.655+0200] {processor.py:830} INFO - Processing file /home/ccd/airflow_venv/lib/python3.10/site-packages/airflow/example_dags/example_display_name.py for tasks to queue
[2025-06-09T12:05:18.656+0200] {logging_mixin.py:188} INFO - [2025-06-09T12:05:18.656+0200] {dagbag.py:540} INFO - Filling up the DagBag from /home/ccd/airflow_venv/lib/python3.10/site-packages/airflow/example_dags/example_display_name.py
[2025-06-09T12:05:18.660+0200] {processor.py:840} INFO - DAG(s) 'example_display_name' retrieved from /home/ccd/airflow_venv/lib/python3.10/site-packages/airflow/example_dags/example_display_name.py
[2025-06-09T12:05:18.670+0200] {logging_mixin.py:188} INFO - [2025-06-09T12:05:18.670+0200] {dag.py:3096} INFO - Sync 1 DAGs
[2025-06-09T12:05:18.676+0200] {logging_mixin.py:188} INFO - [2025-06-09T12:05:18.676+0200] {dag.py:3954} INFO - Setting next_dagrun for example_display_name to None, run_after=None
[2025-06-09T12:05:18.696+0200] {processor.py:183} INFO - Processing /home/ccd/airflow_venv/lib/python3.10/site-packages/airflow/example_dags/example_display_name.py took 0.055 seconds
[2025-06-09T12:06:29.685+0200] {processor.py:161} INFO - Started process (PID=24738) to work on /home/ccd/airflow_venv/lib/python3.10/site-packages/airflow/example_dags/example_display_name.py
[2025-06-09T12:06:29.696+0200] {processor.py:830} INFO - Processing file /home/ccd/airflow_venv/lib/python3.10/site-packages/airflow/example_dags/example_display_name.py for tasks to queue
[2025-06-09T12:06:29.697+0200] {logging_mixin.py:188} INFO - [2025-06-09T12:06:29.697+0200] {dagbag.py:540} INFO - Filling up the DagBag from /home/ccd/airflow_venv/lib/python3.10/site-packages/airflow/example_dags/example_display_name.py
[2025-06-09T12:06:29.701+0200] {processor.py:840} INFO - DAG(s) 'example_display_name' retrieved from /home/ccd/airflow_venv/lib/python3.10/site-packages/airflow/example_dags/example_display_name.py
[2025-06-09T12:06:29.710+0200] {logging_mixin.py:188} INFO - [2025-06-09T12:06:29.710+0200] {dag.py:3096} INFO - Sync 1 DAGs
[2025-06-09T12:06:29.717+0200] {logging_mixin.py:188} INFO - [2025-06-09T12:06:29.716+0200] {dag.py:3954} INFO - Setting next_dagrun for example_display_name to None, run_after=None
[2025-06-09T12:06:29.737+0200] {processor.py:183} INFO - Processing /home/ccd/airflow_venv/lib/python3.10/site-packages/airflow/example_dags/example_display_name.py took 0.056 seconds
[2025-06-09T12:07:36.394+0200] {processor.py:161} INFO - Started process (PID=25322) to work on /home/ccd/airflow_venv/lib/python3.10/site-packages/airflow/example_dags/example_display_name.py
[2025-06-09T12:07:36.396+0200] {processor.py:830} INFO - Processing file /home/ccd/airflow_venv/lib/python3.10/site-packages/airflow/example_dags/example_display_name.py for tasks to queue
[2025-06-09T12:07:36.398+0200] {logging_mixin.py:188} INFO - [2025-06-09T12:07:36.397+0200] {dagbag.py:540} INFO - Filling up the DagBag from /home/ccd/airflow_venv/lib/python3.10/site-packages/airflow/example_dags/example_display_name.py
[2025-06-09T12:07:36.402+0200] {processor.py:840} INFO - DAG(s) 'example_display_name' retrieved from /home/ccd/airflow_venv/lib/python3.10/site-packages/airflow/example_dags/example_display_name.py
[2025-06-09T12:07:36.413+0200] {logging_mixin.py:188} INFO - [2025-06-09T12:07:36.413+0200] {dag.py:3096} INFO - Sync 1 DAGs
[2025-06-09T12:07:36.422+0200] {logging_mixin.py:188} INFO - [2025-06-09T12:07:36.421+0200] {dag.py:3954} INFO - Setting next_dagrun for example_display_name to None, run_after=None
[2025-06-09T12:07:36.446+0200] {processor.py:183} INFO - Processing /home/ccd/airflow_venv/lib/python3.10/site-packages/airflow/example_dags/example_display_name.py took 0.056 seconds
[2025-06-09T12:08:33.474+0200] {processor.py:161} INFO - Started process (PID=25695) to work on /home/ccd/airflow_venv/lib/python3.10/site-packages/airflow/example_dags/example_display_name.py
[2025-06-09T12:08:33.475+0200] {processor.py:830} INFO - Processing file /home/ccd/airflow_venv/lib/python3.10/site-packages/airflow/example_dags/example_display_name.py for tasks to queue
[2025-06-09T12:08:33.476+0200] {logging_mixin.py:188} INFO - [2025-06-09T12:08:33.476+0200] {dagbag.py:540} INFO - Filling up the DagBag from /home/ccd/airflow_venv/lib/python3.10/site-packages/airflow/example_dags/example_display_name.py
[2025-06-09T12:08:33.488+0200] {processor.py:840} INFO - DAG(s) 'example_display_name' retrieved from /home/ccd/airflow_venv/lib/python3.10/site-packages/airflow/example_dags/example_display_name.py
[2025-06-09T12:08:33.499+0200] {logging_mixin.py:188} INFO - [2025-06-09T12:08:33.498+0200] {dag.py:3096} INFO - Sync 1 DAGs
[2025-06-09T12:08:33.505+0200] {logging_mixin.py:188} INFO - [2025-06-09T12:08:33.505+0200] {dag.py:3954} INFO - Setting next_dagrun for example_display_name to None, run_after=None
[2025-06-09T12:08:33.524+0200] {processor.py:183} INFO - Processing /home/ccd/airflow_venv/lib/python3.10/site-packages/airflow/example_dags/example_display_name.py took 0.054 seconds
[2025-06-09T12:09:52.865+0200] {processor.py:161} INFO - Started process (PID=26410) to work on /home/ccd/airflow_venv/lib/python3.10/site-packages/airflow/example_dags/example_display_name.py
[2025-06-09T12:09:52.876+0200] {processor.py:830} INFO - Processing file /home/ccd/airflow_venv/lib/python3.10/site-packages/airflow/example_dags/example_display_name.py for tasks to queue
[2025-06-09T12:09:52.877+0200] {logging_mixin.py:188} INFO - [2025-06-09T12:09:52.877+0200] {dagbag.py:540} INFO - Filling up the DagBag from /home/ccd/airflow_venv/lib/python3.10/site-packages/airflow/example_dags/example_display_name.py
[2025-06-09T12:09:52.881+0200] {processor.py:840} INFO - DAG(s) 'example_display_name' retrieved from /home/ccd/airflow_venv/lib/python3.10/site-packages/airflow/example_dags/example_display_name.py
[2025-06-09T12:09:52.890+0200] {logging_mixin.py:188} INFO - [2025-06-09T12:09:52.890+0200] {dag.py:3096} INFO - Sync 1 DAGs
[2025-06-09T12:09:52.897+0200] {logging_mixin.py:188} INFO - [2025-06-09T12:09:52.897+0200] {dag.py:3954} INFO - Setting next_dagrun for example_display_name to None, run_after=None
[2025-06-09T12:09:52.916+0200] {processor.py:183} INFO - Processing /home/ccd/airflow_venv/lib/python3.10/site-packages/airflow/example_dags/example_display_name.py took 0.055 seconds
