[2025-06-09T17:29:53.756+0200] {processor.py:161} INFO - Started process (PID=106508) to work on /home/ccd/airflow_venv/lib/python3.10/site-packages/airflow/example_dags/example_skip_dag.py
[2025-06-09T17:29:53.757+0200] {processor.py:830} INFO - Processing file /home/ccd/airflow_venv/lib/python3.10/site-packages/airflow/example_dags/example_skip_dag.py for tasks to queue
[2025-06-09T17:29:53.758+0200] {logging_mixin.py:188} INFO - [2025-06-09T17:29:53.757+0200] {dagbag.py:540} INFO - Filling up the DagBag from /home/ccd/airflow_venv/lib/python3.10/site-packages/airflow/example_dags/example_skip_dag.py
[2025-06-09T17:29:53.764+0200] {processor.py:840} INFO - DAG(s) 'example_skip_dag' retrieved from /home/ccd/airflow_venv/lib/python3.10/site-packages/airflow/example_dags/example_skip_dag.py
[2025-06-09T17:29:53.879+0200] {logging_mixin.py:188} INFO - [2025-06-09T17:29:53.879+0200] {dag.py:3096} INFO - Sync 1 DAGs
[2025-06-09T17:29:53.890+0200] {logging_mixin.py:188} INFO - [2025-06-09T17:29:53.890+0200] {dag.py:3954} INFO - Setting next_dagrun for example_skip_dag to 2025-06-08 00:00:00+00:00, run_after=2025-06-09 00:00:00+00:00
[2025-06-09T17:29:53.919+0200] {processor.py:183} INFO - Processing /home/ccd/airflow_venv/lib/python3.10/site-packages/airflow/example_dags/example_skip_dag.py took 0.167 seconds
[2025-06-09T17:31:03.395+0200] {processor.py:161} INFO - Started process (PID=106956) to work on /home/ccd/airflow_venv/lib/python3.10/site-packages/airflow/example_dags/example_skip_dag.py
[2025-06-09T17:31:03.396+0200] {processor.py:830} INFO - Processing file /home/ccd/airflow_venv/lib/python3.10/site-packages/airflow/example_dags/example_skip_dag.py for tasks to queue
[2025-06-09T17:31:03.398+0200] {logging_mixin.py:188} INFO - [2025-06-09T17:31:03.397+0200] {dagbag.py:540} INFO - Filling up the DagBag from /home/ccd/airflow_venv/lib/python3.10/site-packages/airflow/example_dags/example_skip_dag.py
[2025-06-09T17:31:03.404+0200] {processor.py:840} INFO - DAG(s) 'example_skip_dag' retrieved from /home/ccd/airflow_venv/lib/python3.10/site-packages/airflow/example_dags/example_skip_dag.py
[2025-06-09T17:31:03.420+0200] {logging_mixin.py:188} INFO - [2025-06-09T17:31:03.419+0200] {dag.py:3096} INFO - Sync 1 DAGs
[2025-06-09T17:31:03.437+0200] {logging_mixin.py:188} INFO - [2025-06-09T17:31:03.436+0200] {dag.py:3954} INFO - Setting next_dagrun for example_skip_dag to 2025-06-08 00:00:00+00:00, run_after=2025-06-09 00:00:00+00:00
[2025-06-09T17:31:03.472+0200] {processor.py:183} INFO - Processing /home/ccd/airflow_venv/lib/python3.10/site-packages/airflow/example_dags/example_skip_dag.py took 0.082 seconds
[2025-06-09T17:32:01.171+0200] {processor.py:161} INFO - Started process (PID=107301) to work on /home/ccd/airflow_venv/lib/python3.10/site-packages/airflow/example_dags/example_skip_dag.py
[2025-06-09T17:32:01.181+0200] {processor.py:830} INFO - Processing file /home/ccd/airflow_venv/lib/python3.10/site-packages/airflow/example_dags/example_skip_dag.py for tasks to queue
[2025-06-09T17:32:01.182+0200] {logging_mixin.py:188} INFO - [2025-06-09T17:32:01.182+0200] {dagbag.py:540} INFO - Filling up the DagBag from /home/ccd/airflow_venv/lib/python3.10/site-packages/airflow/example_dags/example_skip_dag.py
[2025-06-09T17:32:01.187+0200] {processor.py:840} INFO - DAG(s) 'example_skip_dag' retrieved from /home/ccd/airflow_venv/lib/python3.10/site-packages/airflow/example_dags/example_skip_dag.py
[2025-06-09T17:32:01.197+0200] {logging_mixin.py:188} INFO - [2025-06-09T17:32:01.197+0200] {dag.py:3096} INFO - Sync 1 DAGs
[2025-06-09T17:32:01.208+0200] {logging_mixin.py:188} INFO - [2025-06-09T17:32:01.208+0200] {dag.py:3954} INFO - Setting next_dagrun for example_skip_dag to 2025-06-08 00:00:00+00:00, run_after=2025-06-09 00:00:00+00:00
[2025-06-09T17:32:01.229+0200] {processor.py:183} INFO - Processing /home/ccd/airflow_venv/lib/python3.10/site-packages/airflow/example_dags/example_skip_dag.py took 0.062 seconds
[2025-06-09T17:32:55.932+0200] {processor.py:161} INFO - Started process (PID=107609) to work on /home/ccd/airflow_venv/lib/python3.10/site-packages/airflow/example_dags/example_skip_dag.py
[2025-06-09T17:32:55.933+0200] {processor.py:830} INFO - Processing file /home/ccd/airflow_venv/lib/python3.10/site-packages/airflow/example_dags/example_skip_dag.py for tasks to queue
[2025-06-09T17:32:55.934+0200] {logging_mixin.py:188} INFO - [2025-06-09T17:32:55.934+0200] {dagbag.py:540} INFO - Filling up the DagBag from /home/ccd/airflow_venv/lib/python3.10/site-packages/airflow/example_dags/example_skip_dag.py
[2025-06-09T17:32:55.939+0200] {processor.py:840} INFO - DAG(s) 'example_skip_dag' retrieved from /home/ccd/airflow_venv/lib/python3.10/site-packages/airflow/example_dags/example_skip_dag.py
[2025-06-09T17:32:55.950+0200] {logging_mixin.py:188} INFO - [2025-06-09T17:32:55.950+0200] {dag.py:3096} INFO - Sync 1 DAGs
[2025-06-09T17:32:55.961+0200] {logging_mixin.py:188} INFO - [2025-06-09T17:32:55.961+0200] {dag.py:3954} INFO - Setting next_dagrun for example_skip_dag to 2025-06-08 00:00:00+00:00, run_after=2025-06-09 00:00:00+00:00
[2025-06-09T17:32:55.983+0200] {processor.py:183} INFO - Processing /home/ccd/airflow_venv/lib/python3.10/site-packages/airflow/example_dags/example_skip_dag.py took 0.055 seconds
[2025-06-09T17:33:50.524+0200] {processor.py:161} INFO - Started process (PID=107927) to work on /home/ccd/airflow_venv/lib/python3.10/site-packages/airflow/example_dags/example_skip_dag.py
[2025-06-09T17:33:50.534+0200] {processor.py:830} INFO - Processing file /home/ccd/airflow_venv/lib/python3.10/site-packages/airflow/example_dags/example_skip_dag.py for tasks to queue
[2025-06-09T17:33:50.536+0200] {logging_mixin.py:188} INFO - [2025-06-09T17:33:50.535+0200] {dagbag.py:540} INFO - Filling up the DagBag from /home/ccd/airflow_venv/lib/python3.10/site-packages/airflow/example_dags/example_skip_dag.py
[2025-06-09T17:33:50.541+0200] {processor.py:840} INFO - DAG(s) 'example_skip_dag' retrieved from /home/ccd/airflow_venv/lib/python3.10/site-packages/airflow/example_dags/example_skip_dag.py
[2025-06-09T17:33:50.551+0200] {logging_mixin.py:188} INFO - [2025-06-09T17:33:50.550+0200] {dag.py:3096} INFO - Sync 1 DAGs
[2025-06-09T17:33:50.564+0200] {logging_mixin.py:188} INFO - [2025-06-09T17:33:50.564+0200] {dag.py:3954} INFO - Setting next_dagrun for example_skip_dag to 2025-06-08 00:00:00+00:00, run_after=2025-06-09 00:00:00+00:00
[2025-06-09T17:33:50.586+0200] {processor.py:183} INFO - Processing /home/ccd/airflow_venv/lib/python3.10/site-packages/airflow/example_dags/example_skip_dag.py took 0.066 seconds
[2025-06-09T17:34:45.877+0200] {processor.py:161} INFO - Started process (PID=108236) to work on /home/ccd/airflow_venv/lib/python3.10/site-packages/airflow/example_dags/example_skip_dag.py
[2025-06-09T17:34:45.879+0200] {processor.py:830} INFO - Processing file /home/ccd/airflow_venv/lib/python3.10/site-packages/airflow/example_dags/example_skip_dag.py for tasks to queue
[2025-06-09T17:34:45.880+0200] {logging_mixin.py:188} INFO - [2025-06-09T17:34:45.880+0200] {dagbag.py:540} INFO - Filling up the DagBag from /home/ccd/airflow_venv/lib/python3.10/site-packages/airflow/example_dags/example_skip_dag.py
[2025-06-09T17:34:45.886+0200] {processor.py:840} INFO - DAG(s) 'example_skip_dag' retrieved from /home/ccd/airflow_venv/lib/python3.10/site-packages/airflow/example_dags/example_skip_dag.py
[2025-06-09T17:34:45.897+0200] {logging_mixin.py:188} INFO - [2025-06-09T17:34:45.897+0200] {dag.py:3096} INFO - Sync 1 DAGs
[2025-06-09T17:34:45.913+0200] {logging_mixin.py:188} INFO - [2025-06-09T17:34:45.913+0200] {dag.py:3954} INFO - Setting next_dagrun for example_skip_dag to 2025-06-08 00:00:00+00:00, run_after=2025-06-09 00:00:00+00:00
[2025-06-09T17:34:45.936+0200] {processor.py:183} INFO - Processing /home/ccd/airflow_venv/lib/python3.10/site-packages/airflow/example_dags/example_skip_dag.py took 0.064 seconds
[2025-06-09T17:35:38.584+0200] {processor.py:161} INFO - Started process (PID=108542) to work on /home/ccd/airflow_venv/lib/python3.10/site-packages/airflow/example_dags/example_skip_dag.py
[2025-06-09T17:35:38.595+0200] {processor.py:830} INFO - Processing file /home/ccd/airflow_venv/lib/python3.10/site-packages/airflow/example_dags/example_skip_dag.py for tasks to queue
[2025-06-09T17:35:38.596+0200] {logging_mixin.py:188} INFO - [2025-06-09T17:35:38.596+0200] {dagbag.py:540} INFO - Filling up the DagBag from /home/ccd/airflow_venv/lib/python3.10/site-packages/airflow/example_dags/example_skip_dag.py
[2025-06-09T17:35:38.601+0200] {processor.py:840} INFO - DAG(s) 'example_skip_dag' retrieved from /home/ccd/airflow_venv/lib/python3.10/site-packages/airflow/example_dags/example_skip_dag.py
[2025-06-09T17:35:38.612+0200] {logging_mixin.py:188} INFO - [2025-06-09T17:35:38.612+0200] {dag.py:3096} INFO - Sync 1 DAGs
[2025-06-09T17:35:38.626+0200] {logging_mixin.py:188} INFO - [2025-06-09T17:35:38.626+0200] {dag.py:3954} INFO - Setting next_dagrun for example_skip_dag to 2025-06-08 00:00:00+00:00, run_after=2025-06-09 00:00:00+00:00
[2025-06-09T17:35:38.648+0200] {processor.py:183} INFO - Processing /home/ccd/airflow_venv/lib/python3.10/site-packages/airflow/example_dags/example_skip_dag.py took 0.068 seconds
[2025-06-09T17:36:34.596+0200] {processor.py:161} INFO - Started process (PID=108899) to work on /home/ccd/airflow_venv/lib/python3.10/site-packages/airflow/example_dags/example_skip_dag.py
[2025-06-09T17:36:34.606+0200] {processor.py:830} INFO - Processing file /home/ccd/airflow_venv/lib/python3.10/site-packages/airflow/example_dags/example_skip_dag.py for tasks to queue
[2025-06-09T17:36:34.607+0200] {logging_mixin.py:188} INFO - [2025-06-09T17:36:34.607+0200] {dagbag.py:540} INFO - Filling up the DagBag from /home/ccd/airflow_venv/lib/python3.10/site-packages/airflow/example_dags/example_skip_dag.py
[2025-06-09T17:36:34.612+0200] {processor.py:840} INFO - DAG(s) 'example_skip_dag' retrieved from /home/ccd/airflow_venv/lib/python3.10/site-packages/airflow/example_dags/example_skip_dag.py
[2025-06-09T17:36:34.622+0200] {logging_mixin.py:188} INFO - [2025-06-09T17:36:34.622+0200] {dag.py:3096} INFO - Sync 1 DAGs
[2025-06-09T17:36:34.635+0200] {logging_mixin.py:188} INFO - [2025-06-09T17:36:34.634+0200] {dag.py:3954} INFO - Setting next_dagrun for example_skip_dag to 2025-06-08 00:00:00+00:00, run_after=2025-06-09 00:00:00+00:00
[2025-06-09T17:36:34.657+0200] {processor.py:183} INFO - Processing /home/ccd/airflow_venv/lib/python3.10/site-packages/airflow/example_dags/example_skip_dag.py took 0.065 seconds
[2025-06-09T17:37:36.163+0200] {processor.py:161} INFO - Started process (PID=109274) to work on /home/ccd/airflow_venv/lib/python3.10/site-packages/airflow/example_dags/example_skip_dag.py
[2025-06-09T17:37:36.174+0200] {processor.py:830} INFO - Processing file /home/ccd/airflow_venv/lib/python3.10/site-packages/airflow/example_dags/example_skip_dag.py for tasks to queue
[2025-06-09T17:37:36.176+0200] {logging_mixin.py:188} INFO - [2025-06-09T17:37:36.175+0200] {dagbag.py:540} INFO - Filling up the DagBag from /home/ccd/airflow_venv/lib/python3.10/site-packages/airflow/example_dags/example_skip_dag.py
[2025-06-09T17:37:36.180+0200] {processor.py:840} INFO - DAG(s) 'example_skip_dag' retrieved from /home/ccd/airflow_venv/lib/python3.10/site-packages/airflow/example_dags/example_skip_dag.py
[2025-06-09T17:37:36.194+0200] {logging_mixin.py:188} INFO - [2025-06-09T17:37:36.194+0200] {dag.py:3096} INFO - Sync 1 DAGs
[2025-06-09T17:37:36.208+0200] {logging_mixin.py:188} INFO - [2025-06-09T17:37:36.208+0200] {dag.py:3954} INFO - Setting next_dagrun for example_skip_dag to 2025-06-08 00:00:00+00:00, run_after=2025-06-09 00:00:00+00:00
[2025-06-09T17:37:36.230+0200] {processor.py:183} INFO - Processing /home/ccd/airflow_venv/lib/python3.10/site-packages/airflow/example_dags/example_skip_dag.py took 0.072 seconds
[2025-06-09T17:39:06.077+0200] {processor.py:161} INFO - Started process (PID=110187) to work on /home/ccd/airflow_venv/lib/python3.10/site-packages/airflow/example_dags/example_skip_dag.py
[2025-06-09T17:39:06.078+0200] {processor.py:830} INFO - Processing file /home/ccd/airflow_venv/lib/python3.10/site-packages/airflow/example_dags/example_skip_dag.py for tasks to queue
[2025-06-09T17:39:06.079+0200] {logging_mixin.py:188} INFO - [2025-06-09T17:39:06.079+0200] {dagbag.py:540} INFO - Filling up the DagBag from /home/ccd/airflow_venv/lib/python3.10/site-packages/airflow/example_dags/example_skip_dag.py
[2025-06-09T17:39:06.083+0200] {processor.py:840} INFO - DAG(s) 'example_skip_dag' retrieved from /home/ccd/airflow_venv/lib/python3.10/site-packages/airflow/example_dags/example_skip_dag.py
[2025-06-09T17:39:06.093+0200] {logging_mixin.py:188} INFO - [2025-06-09T17:39:06.093+0200] {dag.py:3096} INFO - Sync 1 DAGs
[2025-06-09T17:39:06.104+0200] {logging_mixin.py:188} INFO - [2025-06-09T17:39:06.104+0200] {dag.py:3954} INFO - Setting next_dagrun for example_skip_dag to 2025-06-08 00:00:00+00:00, run_after=2025-06-09 00:00:00+00:00
[2025-06-09T17:39:06.123+0200] {processor.py:183} INFO - Processing /home/ccd/airflow_venv/lib/python3.10/site-packages/airflow/example_dags/example_skip_dag.py took 0.050 seconds
[2025-06-09T17:40:20.608+0200] {processor.py:161} INFO - Started process (PID=110881) to work on /home/ccd/airflow_venv/lib/python3.10/site-packages/airflow/example_dags/example_skip_dag.py
[2025-06-09T17:40:20.622+0200] {processor.py:830} INFO - Processing file /home/ccd/airflow_venv/lib/python3.10/site-packages/airflow/example_dags/example_skip_dag.py for tasks to queue
[2025-06-09T17:40:20.627+0200] {logging_mixin.py:188} INFO - [2025-06-09T17:40:20.626+0200] {dagbag.py:540} INFO - Filling up the DagBag from /home/ccd/airflow_venv/lib/python3.10/site-packages/airflow/example_dags/example_skip_dag.py
[2025-06-09T17:40:20.685+0200] {processor.py:840} INFO - DAG(s) 'example_skip_dag' retrieved from /home/ccd/airflow_venv/lib/python3.10/site-packages/airflow/example_dags/example_skip_dag.py
[2025-06-09T17:40:20.796+0200] {logging_mixin.py:188} INFO - [2025-06-09T17:40:20.795+0200] {dag.py:3096} INFO - Sync 1 DAGs
[2025-06-09T17:40:20.905+0200] {logging_mixin.py:188} INFO - [2025-06-09T17:40:20.904+0200] {dag.py:3954} INFO - Setting next_dagrun for example_skip_dag to 2025-06-08 00:00:00+00:00, run_after=2025-06-09 00:00:00+00:00
[2025-06-09T17:40:21.028+0200] {processor.py:183} INFO - Processing /home/ccd/airflow_venv/lib/python3.10/site-packages/airflow/example_dags/example_skip_dag.py took 0.468 seconds
[2025-06-09T17:41:35.005+0200] {processor.py:161} INFO - Started process (PID=111383) to work on /home/ccd/airflow_venv/lib/python3.10/site-packages/airflow/example_dags/example_skip_dag.py
[2025-06-09T17:41:35.012+0200] {processor.py:830} INFO - Processing file /home/ccd/airflow_venv/lib/python3.10/site-packages/airflow/example_dags/example_skip_dag.py for tasks to queue
[2025-06-09T17:41:35.014+0200] {logging_mixin.py:188} INFO - [2025-06-09T17:41:35.013+0200] {dagbag.py:540} INFO - Filling up the DagBag from /home/ccd/airflow_venv/lib/python3.10/site-packages/airflow/example_dags/example_skip_dag.py
[2025-06-09T17:41:35.020+0200] {processor.py:840} INFO - DAG(s) 'example_skip_dag' retrieved from /home/ccd/airflow_venv/lib/python3.10/site-packages/airflow/example_dags/example_skip_dag.py
[2025-06-09T17:41:35.034+0200] {logging_mixin.py:188} INFO - [2025-06-09T17:41:35.034+0200] {dag.py:3096} INFO - Sync 1 DAGs
[2025-06-09T17:41:35.050+0200] {logging_mixin.py:188} INFO - [2025-06-09T17:41:35.050+0200] {dag.py:3954} INFO - Setting next_dagrun for example_skip_dag to 2025-06-08 00:00:00+00:00, run_after=2025-06-09 00:00:00+00:00
[2025-06-09T17:41:35.079+0200] {processor.py:183} INFO - Processing /home/ccd/airflow_venv/lib/python3.10/site-packages/airflow/example_dags/example_skip_dag.py took 0.080 seconds
[2025-06-09T17:42:38.249+0200] {processor.py:161} INFO - Started process (PID=111788) to work on /home/ccd/airflow_venv/lib/python3.10/site-packages/airflow/example_dags/example_skip_dag.py
[2025-06-09T17:42:38.250+0200] {processor.py:830} INFO - Processing file /home/ccd/airflow_venv/lib/python3.10/site-packages/airflow/example_dags/example_skip_dag.py for tasks to queue
[2025-06-09T17:42:38.251+0200] {logging_mixin.py:188} INFO - [2025-06-09T17:42:38.251+0200] {dagbag.py:540} INFO - Filling up the DagBag from /home/ccd/airflow_venv/lib/python3.10/site-packages/airflow/example_dags/example_skip_dag.py
[2025-06-09T17:42:38.259+0200] {processor.py:840} INFO - DAG(s) 'example_skip_dag' retrieved from /home/ccd/airflow_venv/lib/python3.10/site-packages/airflow/example_dags/example_skip_dag.py
[2025-06-09T17:42:38.285+0200] {logging_mixin.py:188} INFO - [2025-06-09T17:42:38.285+0200] {dag.py:3096} INFO - Sync 1 DAGs
[2025-06-09T17:42:38.328+0200] {logging_mixin.py:188} INFO - [2025-06-09T17:42:38.327+0200] {dag.py:3954} INFO - Setting next_dagrun for example_skip_dag to 2025-06-08 00:00:00+00:00, run_after=2025-06-09 00:00:00+00:00
[2025-06-09T17:42:38.368+0200] {processor.py:183} INFO - Processing /home/ccd/airflow_venv/lib/python3.10/site-packages/airflow/example_dags/example_skip_dag.py took 0.124 seconds
[2025-06-09T17:43:47.797+0200] {processor.py:161} INFO - Started process (PID=112420) to work on /home/ccd/airflow_venv/lib/python3.10/site-packages/airflow/example_dags/example_skip_dag.py
[2025-06-09T17:43:47.809+0200] {processor.py:830} INFO - Processing file /home/ccd/airflow_venv/lib/python3.10/site-packages/airflow/example_dags/example_skip_dag.py for tasks to queue
[2025-06-09T17:43:47.812+0200] {logging_mixin.py:188} INFO - [2025-06-09T17:43:47.812+0200] {dagbag.py:540} INFO - Filling up the DagBag from /home/ccd/airflow_venv/lib/python3.10/site-packages/airflow/example_dags/example_skip_dag.py
[2025-06-09T17:43:47.827+0200] {processor.py:840} INFO - DAG(s) 'example_skip_dag' retrieved from /home/ccd/airflow_venv/lib/python3.10/site-packages/airflow/example_dags/example_skip_dag.py
[2025-06-09T17:43:48.073+0200] {logging_mixin.py:188} INFO - [2025-06-09T17:43:48.072+0200] {dag.py:3096} INFO - Sync 1 DAGs
[2025-06-09T17:43:48.101+0200] {logging_mixin.py:188} INFO - [2025-06-09T17:43:48.100+0200] {dag.py:3954} INFO - Setting next_dagrun for example_skip_dag to 2025-06-08 00:00:00+00:00, run_after=2025-06-09 00:00:00+00:00
[2025-06-09T17:43:48.157+0200] {processor.py:183} INFO - Processing /home/ccd/airflow_venv/lib/python3.10/site-packages/airflow/example_dags/example_skip_dag.py took 0.376 seconds
[2025-06-09T17:44:54.824+0200] {processor.py:161} INFO - Started process (PID=112818) to work on /home/ccd/airflow_venv/lib/python3.10/site-packages/airflow/example_dags/example_skip_dag.py
[2025-06-09T17:44:54.835+0200] {processor.py:830} INFO - Processing file /home/ccd/airflow_venv/lib/python3.10/site-packages/airflow/example_dags/example_skip_dag.py for tasks to queue
[2025-06-09T17:44:54.836+0200] {logging_mixin.py:188} INFO - [2025-06-09T17:44:54.836+0200] {dagbag.py:540} INFO - Filling up the DagBag from /home/ccd/airflow_venv/lib/python3.10/site-packages/airflow/example_dags/example_skip_dag.py
[2025-06-09T17:44:54.842+0200] {processor.py:840} INFO - DAG(s) 'example_skip_dag' retrieved from /home/ccd/airflow_venv/lib/python3.10/site-packages/airflow/example_dags/example_skip_dag.py
[2025-06-09T17:44:54.855+0200] {logging_mixin.py:188} INFO - [2025-06-09T17:44:54.855+0200] {dag.py:3096} INFO - Sync 1 DAGs
[2025-06-09T17:44:54.872+0200] {logging_mixin.py:188} INFO - [2025-06-09T17:44:54.872+0200] {dag.py:3954} INFO - Setting next_dagrun for example_skip_dag to 2025-06-08 00:00:00+00:00, run_after=2025-06-09 00:00:00+00:00
[2025-06-09T17:44:54.903+0200] {processor.py:183} INFO - Processing /home/ccd/airflow_venv/lib/python3.10/site-packages/airflow/example_dags/example_skip_dag.py took 0.085 seconds
[2025-06-09T17:46:04.389+0200] {processor.py:161} INFO - Started process (PID=113302) to work on /home/ccd/airflow_venv/lib/python3.10/site-packages/airflow/example_dags/example_skip_dag.py
[2025-06-09T17:46:04.400+0200] {processor.py:830} INFO - Processing file /home/ccd/airflow_venv/lib/python3.10/site-packages/airflow/example_dags/example_skip_dag.py for tasks to queue
[2025-06-09T17:46:04.401+0200] {logging_mixin.py:188} INFO - [2025-06-09T17:46:04.401+0200] {dagbag.py:540} INFO - Filling up the DagBag from /home/ccd/airflow_venv/lib/python3.10/site-packages/airflow/example_dags/example_skip_dag.py
[2025-06-09T17:46:04.406+0200] {processor.py:840} INFO - DAG(s) 'example_skip_dag' retrieved from /home/ccd/airflow_venv/lib/python3.10/site-packages/airflow/example_dags/example_skip_dag.py
[2025-06-09T17:46:04.418+0200] {logging_mixin.py:188} INFO - [2025-06-09T17:46:04.418+0200] {dag.py:3096} INFO - Sync 1 DAGs
[2025-06-09T17:46:04.433+0200] {logging_mixin.py:188} INFO - [2025-06-09T17:46:04.432+0200] {dag.py:3954} INFO - Setting next_dagrun for example_skip_dag to 2025-06-08 00:00:00+00:00, run_after=2025-06-09 00:00:00+00:00
[2025-06-09T17:46:04.456+0200] {processor.py:183} INFO - Processing /home/ccd/airflow_venv/lib/python3.10/site-packages/airflow/example_dags/example_skip_dag.py took 0.072 seconds
[2025-06-09T17:47:07.014+0200] {processor.py:161} INFO - Started process (PID=113699) to work on /home/ccd/airflow_venv/lib/python3.10/site-packages/airflow/example_dags/example_skip_dag.py
[2025-06-09T17:47:07.026+0200] {processor.py:830} INFO - Processing file /home/ccd/airflow_venv/lib/python3.10/site-packages/airflow/example_dags/example_skip_dag.py for tasks to queue
[2025-06-09T17:47:07.027+0200] {logging_mixin.py:188} INFO - [2025-06-09T17:47:07.027+0200] {dagbag.py:540} INFO - Filling up the DagBag from /home/ccd/airflow_venv/lib/python3.10/site-packages/airflow/example_dags/example_skip_dag.py
[2025-06-09T17:47:07.032+0200] {processor.py:840} INFO - DAG(s) 'example_skip_dag' retrieved from /home/ccd/airflow_venv/lib/python3.10/site-packages/airflow/example_dags/example_skip_dag.py
[2025-06-09T17:47:07.042+0200] {logging_mixin.py:188} INFO - [2025-06-09T17:47:07.042+0200] {dag.py:3096} INFO - Sync 1 DAGs
[2025-06-09T17:47:07.055+0200] {logging_mixin.py:188} INFO - [2025-06-09T17:47:07.055+0200] {dag.py:3954} INFO - Setting next_dagrun for example_skip_dag to 2025-06-08 00:00:00+00:00, run_after=2025-06-09 00:00:00+00:00
[2025-06-09T17:47:07.077+0200] {processor.py:183} INFO - Processing /home/ccd/airflow_venv/lib/python3.10/site-packages/airflow/example_dags/example_skip_dag.py took 0.068 seconds
[2025-06-09T17:50:15.744+0200] {processor.py:161} INFO - Started process (PID=117739) to work on /home/ccd/airflow_venv/lib/python3.10/site-packages/airflow/example_dags/example_skip_dag.py
[2025-06-09T17:50:15.746+0200] {processor.py:830} INFO - Processing file /home/ccd/airflow_venv/lib/python3.10/site-packages/airflow/example_dags/example_skip_dag.py for tasks to queue
[2025-06-09T17:50:15.747+0200] {logging_mixin.py:188} INFO - [2025-06-09T17:50:15.746+0200] {dagbag.py:540} INFO - Filling up the DagBag from /home/ccd/airflow_venv/lib/python3.10/site-packages/airflow/example_dags/example_skip_dag.py
[2025-06-09T17:50:15.751+0200] {processor.py:840} INFO - DAG(s) 'example_skip_dag' retrieved from /home/ccd/airflow_venv/lib/python3.10/site-packages/airflow/example_dags/example_skip_dag.py
[2025-06-09T17:50:15.763+0200] {logging_mixin.py:188} INFO - [2025-06-09T17:50:15.762+0200] {dag.py:3096} INFO - Sync 1 DAGs
[2025-06-09T17:50:15.775+0200] {logging_mixin.py:188} INFO - [2025-06-09T17:50:15.774+0200] {dag.py:3954} INFO - Setting next_dagrun for example_skip_dag to 2025-06-08 00:00:00+00:00, run_after=2025-06-09 00:00:00+00:00
[2025-06-09T17:50:15.799+0200] {processor.py:183} INFO - Processing /home/ccd/airflow_venv/lib/python3.10/site-packages/airflow/example_dags/example_skip_dag.py took 0.059 seconds
[2025-06-09T17:51:37.279+0200] {processor.py:161} INFO - Started process (PID=118428) to work on /home/ccd/airflow_venv/lib/python3.10/site-packages/airflow/example_dags/example_skip_dag.py
[2025-06-09T17:51:37.290+0200] {processor.py:830} INFO - Processing file /home/ccd/airflow_venv/lib/python3.10/site-packages/airflow/example_dags/example_skip_dag.py for tasks to queue
[2025-06-09T17:51:37.291+0200] {logging_mixin.py:188} INFO - [2025-06-09T17:51:37.291+0200] {dagbag.py:540} INFO - Filling up the DagBag from /home/ccd/airflow_venv/lib/python3.10/site-packages/airflow/example_dags/example_skip_dag.py
[2025-06-09T17:51:37.296+0200] {processor.py:840} INFO - DAG(s) 'example_skip_dag' retrieved from /home/ccd/airflow_venv/lib/python3.10/site-packages/airflow/example_dags/example_skip_dag.py
[2025-06-09T17:51:37.307+0200] {logging_mixin.py:188} INFO - [2025-06-09T17:51:37.307+0200] {dag.py:3096} INFO - Sync 1 DAGs
[2025-06-09T17:51:37.319+0200] {logging_mixin.py:188} INFO - [2025-06-09T17:51:37.319+0200] {dag.py:3954} INFO - Setting next_dagrun for example_skip_dag to 2025-06-08 00:00:00+00:00, run_after=2025-06-09 00:00:00+00:00
[2025-06-09T17:51:37.340+0200] {processor.py:183} INFO - Processing /home/ccd/airflow_venv/lib/python3.10/site-packages/airflow/example_dags/example_skip_dag.py took 0.064 seconds
[2025-06-09T17:52:35.543+0200] {processor.py:161} INFO - Started process (PID=118765) to work on /home/ccd/airflow_venv/lib/python3.10/site-packages/airflow/example_dags/example_skip_dag.py
[2025-06-09T17:52:35.553+0200] {processor.py:830} INFO - Processing file /home/ccd/airflow_venv/lib/python3.10/site-packages/airflow/example_dags/example_skip_dag.py for tasks to queue
[2025-06-09T17:52:35.554+0200] {logging_mixin.py:188} INFO - [2025-06-09T17:52:35.554+0200] {dagbag.py:540} INFO - Filling up the DagBag from /home/ccd/airflow_venv/lib/python3.10/site-packages/airflow/example_dags/example_skip_dag.py
[2025-06-09T17:52:35.560+0200] {processor.py:840} INFO - DAG(s) 'example_skip_dag' retrieved from /home/ccd/airflow_venv/lib/python3.10/site-packages/airflow/example_dags/example_skip_dag.py
[2025-06-09T17:52:35.574+0200] {logging_mixin.py:188} INFO - [2025-06-09T17:52:35.574+0200] {dag.py:3096} INFO - Sync 1 DAGs
[2025-06-09T17:52:35.590+0200] {logging_mixin.py:188} INFO - [2025-06-09T17:52:35.589+0200] {dag.py:3954} INFO - Setting next_dagrun for example_skip_dag to 2025-06-08 00:00:00+00:00, run_after=2025-06-09 00:00:00+00:00
[2025-06-09T17:52:35.614+0200] {processor.py:183} INFO - Processing /home/ccd/airflow_venv/lib/python3.10/site-packages/airflow/example_dags/example_skip_dag.py took 0.076 seconds
[2025-06-09T17:56:12.497+0200] {processor.py:161} INFO - Started process (PID=122428) to work on /home/ccd/airflow_venv/lib/python3.10/site-packages/airflow/example_dags/example_skip_dag.py
[2025-06-09T17:56:12.508+0200] {processor.py:830} INFO - Processing file /home/ccd/airflow_venv/lib/python3.10/site-packages/airflow/example_dags/example_skip_dag.py for tasks to queue
[2025-06-09T17:56:12.510+0200] {logging_mixin.py:188} INFO - [2025-06-09T17:56:12.509+0200] {dagbag.py:540} INFO - Filling up the DagBag from /home/ccd/airflow_venv/lib/python3.10/site-packages/airflow/example_dags/example_skip_dag.py
[2025-06-09T17:56:12.514+0200] {processor.py:840} INFO - DAG(s) 'example_skip_dag' retrieved from /home/ccd/airflow_venv/lib/python3.10/site-packages/airflow/example_dags/example_skip_dag.py
[2025-06-09T17:56:12.525+0200] {logging_mixin.py:188} INFO - [2025-06-09T17:56:12.525+0200] {dag.py:3096} INFO - Sync 1 DAGs
[2025-06-09T17:56:12.537+0200] {logging_mixin.py:188} INFO - [2025-06-09T17:56:12.537+0200] {dag.py:3954} INFO - Setting next_dagrun for example_skip_dag to 2025-06-08 00:00:00+00:00, run_after=2025-06-09 00:00:00+00:00
[2025-06-09T17:56:12.562+0200] {processor.py:183} INFO - Processing /home/ccd/airflow_venv/lib/python3.10/site-packages/airflow/example_dags/example_skip_dag.py took 0.069 seconds
[2025-06-09T17:57:13.727+0200] {processor.py:161} INFO - Started process (PID=122825) to work on /home/ccd/airflow_venv/lib/python3.10/site-packages/airflow/example_dags/example_skip_dag.py
[2025-06-09T17:57:13.727+0200] {processor.py:830} INFO - Processing file /home/ccd/airflow_venv/lib/python3.10/site-packages/airflow/example_dags/example_skip_dag.py for tasks to queue
[2025-06-09T17:57:13.729+0200] {logging_mixin.py:188} INFO - [2025-06-09T17:57:13.729+0200] {dagbag.py:540} INFO - Filling up the DagBag from /home/ccd/airflow_venv/lib/python3.10/site-packages/airflow/example_dags/example_skip_dag.py
[2025-06-09T17:57:13.734+0200] {processor.py:840} INFO - DAG(s) 'example_skip_dag' retrieved from /home/ccd/airflow_venv/lib/python3.10/site-packages/airflow/example_dags/example_skip_dag.py
[2025-06-09T17:57:13.746+0200] {logging_mixin.py:188} INFO - [2025-06-09T17:57:13.746+0200] {dag.py:3096} INFO - Sync 1 DAGs
[2025-06-09T17:57:13.758+0200] {logging_mixin.py:188} INFO - [2025-06-09T17:57:13.758+0200] {dag.py:3954} INFO - Setting next_dagrun for example_skip_dag to 2025-06-08 00:00:00+00:00, run_after=2025-06-09 00:00:00+00:00
[2025-06-09T17:57:13.780+0200] {processor.py:183} INFO - Processing /home/ccd/airflow_venv/lib/python3.10/site-packages/airflow/example_dags/example_skip_dag.py took 0.057 seconds
[2025-06-09T17:58:12.282+0200] {processor.py:161} INFO - Started process (PID=123228) to work on /home/ccd/airflow_venv/lib/python3.10/site-packages/airflow/example_dags/example_skip_dag.py
[2025-06-09T17:58:12.294+0200] {processor.py:830} INFO - Processing file /home/ccd/airflow_venv/lib/python3.10/site-packages/airflow/example_dags/example_skip_dag.py for tasks to queue
[2025-06-09T17:58:12.295+0200] {logging_mixin.py:188} INFO - [2025-06-09T17:58:12.294+0200] {dagbag.py:540} INFO - Filling up the DagBag from /home/ccd/airflow_venv/lib/python3.10/site-packages/airflow/example_dags/example_skip_dag.py
[2025-06-09T17:58:12.299+0200] {processor.py:840} INFO - DAG(s) 'example_skip_dag' retrieved from /home/ccd/airflow_venv/lib/python3.10/site-packages/airflow/example_dags/example_skip_dag.py
[2025-06-09T17:58:12.310+0200] {logging_mixin.py:188} INFO - [2025-06-09T17:58:12.310+0200] {dag.py:3096} INFO - Sync 1 DAGs
[2025-06-09T17:58:12.322+0200] {logging_mixin.py:188} INFO - [2025-06-09T17:58:12.322+0200] {dag.py:3954} INFO - Setting next_dagrun for example_skip_dag to 2025-06-08 00:00:00+00:00, run_after=2025-06-09 00:00:00+00:00
[2025-06-09T17:58:12.343+0200] {processor.py:183} INFO - Processing /home/ccd/airflow_venv/lib/python3.10/site-packages/airflow/example_dags/example_skip_dag.py took 0.064 seconds
[2025-06-09T18:01:46.443+0200] {processor.py:161} INFO - Started process (PID=126798) to work on /home/ccd/airflow_venv/lib/python3.10/site-packages/airflow/example_dags/example_skip_dag.py
[2025-06-09T18:01:46.444+0200] {processor.py:830} INFO - Processing file /home/ccd/airflow_venv/lib/python3.10/site-packages/airflow/example_dags/example_skip_dag.py for tasks to queue
[2025-06-09T18:01:46.445+0200] {logging_mixin.py:188} INFO - [2025-06-09T18:01:46.445+0200] {dagbag.py:540} INFO - Filling up the DagBag from /home/ccd/airflow_venv/lib/python3.10/site-packages/airflow/example_dags/example_skip_dag.py
[2025-06-09T18:01:46.452+0200] {processor.py:840} INFO - DAG(s) 'example_skip_dag' retrieved from /home/ccd/airflow_venv/lib/python3.10/site-packages/airflow/example_dags/example_skip_dag.py
[2025-06-09T18:01:46.579+0200] {logging_mixin.py:188} INFO - [2025-06-09T18:01:46.579+0200] {dag.py:3096} INFO - Sync 1 DAGs
[2025-06-09T18:01:46.591+0200] {logging_mixin.py:188} INFO - [2025-06-09T18:01:46.590+0200] {dag.py:3954} INFO - Setting next_dagrun for example_skip_dag to 2025-06-08 00:00:00+00:00, run_after=2025-06-09 00:00:00+00:00
[2025-06-09T18:01:46.615+0200] {processor.py:183} INFO - Processing /home/ccd/airflow_venv/lib/python3.10/site-packages/airflow/example_dags/example_skip_dag.py took 0.176 seconds
