[2025-06-09T17:30:26.149+0200] {processor.py:161} INFO - Started process (PID=106714) to work on /home/ccd/airflow_venv/lib/python3.10/site-packages/airflow/example_dags/example_dynamic_task_mapping.py
[2025-06-09T17:30:26.150+0200] {processor.py:830} INFO - Processing file /home/ccd/airflow_venv/lib/python3.10/site-packages/airflow/example_dags/example_dynamic_task_mapping.py for tasks to queue
[2025-06-09T17:30:26.151+0200] {logging_mixin.py:188} INFO - [2025-06-09T17:30:26.150+0200] {dagbag.py:540} INFO - Filling up the DagBag from /home/ccd/airflow_venv/lib/python3.10/site-packages/airflow/example_dags/example_dynamic_task_mapping.py
[2025-06-09T17:30:26.155+0200] {processor.py:840} INFO - DAG(s) 'example_dynamic_task_mapping' retrieved from /home/ccd/airflow_venv/lib/python3.10/site-packages/airflow/example_dags/example_dynamic_task_mapping.py
[2025-06-09T17:30:26.275+0200] {logging_mixin.py:188} INFO - [2025-06-09T17:30:26.274+0200] {dag.py:3096} INFO - Sync 1 DAGs
[2025-06-09T17:30:26.288+0200] {logging_mixin.py:188} INFO - [2025-06-09T17:30:26.288+0200] {dag.py:3954} INFO - Setting next_dagrun for example_dynamic_task_mapping to 2022-03-04 00:00:00+00:00, run_after=2022-03-05 00:00:00+00:00
[2025-06-09T17:30:26.313+0200] {processor.py:183} INFO - Processing /home/ccd/airflow_venv/lib/python3.10/site-packages/airflow/example_dags/example_dynamic_task_mapping.py took 0.168 seconds
[2025-06-09T17:31:38.929+0200] {processor.py:161} INFO - Started process (PID=107193) to work on /home/ccd/airflow_venv/lib/python3.10/site-packages/airflow/example_dags/example_dynamic_task_mapping.py
[2025-06-09T17:31:38.932+0200] {processor.py:830} INFO - Processing file /home/ccd/airflow_venv/lib/python3.10/site-packages/airflow/example_dags/example_dynamic_task_mapping.py for tasks to queue
[2025-06-09T17:31:38.934+0200] {logging_mixin.py:188} INFO - [2025-06-09T17:31:38.933+0200] {dagbag.py:540} INFO - Filling up the DagBag from /home/ccd/airflow_venv/lib/python3.10/site-packages/airflow/example_dags/example_dynamic_task_mapping.py
[2025-06-09T17:31:38.939+0200] {processor.py:840} INFO - DAG(s) 'example_dynamic_task_mapping' retrieved from /home/ccd/airflow_venv/lib/python3.10/site-packages/airflow/example_dags/example_dynamic_task_mapping.py
[2025-06-09T17:31:38.951+0200] {logging_mixin.py:188} INFO - [2025-06-09T17:31:38.951+0200] {dag.py:3096} INFO - Sync 1 DAGs
[2025-06-09T17:31:38.966+0200] {logging_mixin.py:188} INFO - [2025-06-09T17:31:38.966+0200] {dag.py:3954} INFO - Setting next_dagrun for example_dynamic_task_mapping to 2022-03-04 00:00:00+00:00, run_after=2022-03-05 00:00:00+00:00
[2025-06-09T17:31:38.989+0200] {processor.py:183} INFO - Processing /home/ccd/airflow_venv/lib/python3.10/site-packages/airflow/example_dags/example_dynamic_task_mapping.py took 0.064 seconds
[2025-06-09T17:32:59.407+0200] {processor.py:161} INFO - Started process (PID=107638) to work on /home/ccd/airflow_venv/lib/python3.10/site-packages/airflow/example_dags/example_dynamic_task_mapping.py
[2025-06-09T17:32:59.418+0200] {processor.py:830} INFO - Processing file /home/ccd/airflow_venv/lib/python3.10/site-packages/airflow/example_dags/example_dynamic_task_mapping.py for tasks to queue
[2025-06-09T17:32:59.419+0200] {logging_mixin.py:188} INFO - [2025-06-09T17:32:59.419+0200] {dagbag.py:540} INFO - Filling up the DagBag from /home/ccd/airflow_venv/lib/python3.10/site-packages/airflow/example_dags/example_dynamic_task_mapping.py
[2025-06-09T17:32:59.424+0200] {processor.py:840} INFO - DAG(s) 'example_dynamic_task_mapping' retrieved from /home/ccd/airflow_venv/lib/python3.10/site-packages/airflow/example_dags/example_dynamic_task_mapping.py
[2025-06-09T17:32:59.434+0200] {logging_mixin.py:188} INFO - [2025-06-09T17:32:59.434+0200] {dag.py:3096} INFO - Sync 1 DAGs
[2025-06-09T17:32:59.446+0200] {logging_mixin.py:188} INFO - [2025-06-09T17:32:59.445+0200] {dag.py:3954} INFO - Setting next_dagrun for example_dynamic_task_mapping to 2022-03-04 00:00:00+00:00, run_after=2022-03-05 00:00:00+00:00
[2025-06-09T17:32:59.467+0200] {processor.py:183} INFO - Processing /home/ccd/airflow_venv/lib/python3.10/site-packages/airflow/example_dags/example_dynamic_task_mapping.py took 0.064 seconds
[2025-06-09T17:34:20.773+0200] {processor.py:161} INFO - Started process (PID=108116) to work on /home/ccd/airflow_venv/lib/python3.10/site-packages/airflow/example_dags/example_dynamic_task_mapping.py
[2025-06-09T17:34:20.775+0200] {processor.py:830} INFO - Processing file /home/ccd/airflow_venv/lib/python3.10/site-packages/airflow/example_dags/example_dynamic_task_mapping.py for tasks to queue
[2025-06-09T17:34:20.776+0200] {logging_mixin.py:188} INFO - [2025-06-09T17:34:20.776+0200] {dagbag.py:540} INFO - Filling up the DagBag from /home/ccd/airflow_venv/lib/python3.10/site-packages/airflow/example_dags/example_dynamic_task_mapping.py
[2025-06-09T17:34:20.781+0200] {processor.py:840} INFO - DAG(s) 'example_dynamic_task_mapping' retrieved from /home/ccd/airflow_venv/lib/python3.10/site-packages/airflow/example_dags/example_dynamic_task_mapping.py
[2025-06-09T17:34:20.791+0200] {logging_mixin.py:188} INFO - [2025-06-09T17:34:20.790+0200] {dag.py:3096} INFO - Sync 1 DAGs
[2025-06-09T17:34:20.802+0200] {logging_mixin.py:188} INFO - [2025-06-09T17:34:20.802+0200] {dag.py:3954} INFO - Setting next_dagrun for example_dynamic_task_mapping to 2022-03-04 00:00:00+00:00, run_after=2022-03-05 00:00:00+00:00
[2025-06-09T17:34:20.824+0200] {processor.py:183} INFO - Processing /home/ccd/airflow_venv/lib/python3.10/site-packages/airflow/example_dags/example_dynamic_task_mapping.py took 0.055 seconds
[2025-06-09T17:35:41.193+0200] {processor.py:161} INFO - Started process (PID=108546) to work on /home/ccd/airflow_venv/lib/python3.10/site-packages/airflow/example_dags/example_dynamic_task_mapping.py
[2025-06-09T17:35:41.195+0200] {processor.py:830} INFO - Processing file /home/ccd/airflow_venv/lib/python3.10/site-packages/airflow/example_dags/example_dynamic_task_mapping.py for tasks to queue
[2025-06-09T17:35:41.197+0200] {logging_mixin.py:188} INFO - [2025-06-09T17:35:41.196+0200] {dagbag.py:540} INFO - Filling up the DagBag from /home/ccd/airflow_venv/lib/python3.10/site-packages/airflow/example_dags/example_dynamic_task_mapping.py
[2025-06-09T17:35:41.202+0200] {processor.py:840} INFO - DAG(s) 'example_dynamic_task_mapping' retrieved from /home/ccd/airflow_venv/lib/python3.10/site-packages/airflow/example_dags/example_dynamic_task_mapping.py
[2025-06-09T17:35:41.212+0200] {logging_mixin.py:188} INFO - [2025-06-09T17:35:41.212+0200] {dag.py:3096} INFO - Sync 1 DAGs
[2025-06-09T17:35:41.226+0200] {logging_mixin.py:188} INFO - [2025-06-09T17:35:41.225+0200] {dag.py:3954} INFO - Setting next_dagrun for example_dynamic_task_mapping to 2022-03-04 00:00:00+00:00, run_after=2022-03-05 00:00:00+00:00
[2025-06-09T17:35:41.250+0200] {processor.py:183} INFO - Processing /home/ccd/airflow_venv/lib/python3.10/site-packages/airflow/example_dags/example_dynamic_task_mapping.py took 0.061 seconds
[2025-06-09T17:37:09.318+0200] {processor.py:161} INFO - Started process (PID=109092) to work on /home/ccd/airflow_venv/lib/python3.10/site-packages/airflow/example_dags/example_dynamic_task_mapping.py
[2025-06-09T17:37:09.320+0200] {processor.py:830} INFO - Processing file /home/ccd/airflow_venv/lib/python3.10/site-packages/airflow/example_dags/example_dynamic_task_mapping.py for tasks to queue
[2025-06-09T17:37:09.321+0200] {logging_mixin.py:188} INFO - [2025-06-09T17:37:09.320+0200] {dagbag.py:540} INFO - Filling up the DagBag from /home/ccd/airflow_venv/lib/python3.10/site-packages/airflow/example_dags/example_dynamic_task_mapping.py
[2025-06-09T17:37:09.327+0200] {processor.py:840} INFO - DAG(s) 'example_dynamic_task_mapping' retrieved from /home/ccd/airflow_venv/lib/python3.10/site-packages/airflow/example_dags/example_dynamic_task_mapping.py
[2025-06-09T17:37:09.336+0200] {logging_mixin.py:188} INFO - [2025-06-09T17:37:09.336+0200] {dag.py:3096} INFO - Sync 1 DAGs
[2025-06-09T17:37:09.348+0200] {logging_mixin.py:188} INFO - [2025-06-09T17:37:09.348+0200] {dag.py:3954} INFO - Setting next_dagrun for example_dynamic_task_mapping to 2022-03-04 00:00:00+00:00, run_after=2022-03-05 00:00:00+00:00
[2025-06-09T17:37:09.370+0200] {processor.py:183} INFO - Processing /home/ccd/airflow_venv/lib/python3.10/site-packages/airflow/example_dags/example_dynamic_task_mapping.py took 0.057 seconds
[2025-06-09T17:38:33.288+0200] {processor.py:161} INFO - Started process (PID=109948) to work on /home/ccd/airflow_venv/lib/python3.10/site-packages/airflow/example_dags/example_dynamic_task_mapping.py
[2025-06-09T17:38:33.289+0200] {processor.py:830} INFO - Processing file /home/ccd/airflow_venv/lib/python3.10/site-packages/airflow/example_dags/example_dynamic_task_mapping.py for tasks to queue
[2025-06-09T17:38:33.290+0200] {logging_mixin.py:188} INFO - [2025-06-09T17:38:33.290+0200] {dagbag.py:540} INFO - Filling up the DagBag from /home/ccd/airflow_venv/lib/python3.10/site-packages/airflow/example_dags/example_dynamic_task_mapping.py
[2025-06-09T17:38:33.295+0200] {processor.py:840} INFO - DAG(s) 'example_dynamic_task_mapping' retrieved from /home/ccd/airflow_venv/lib/python3.10/site-packages/airflow/example_dags/example_dynamic_task_mapping.py
[2025-06-09T17:38:33.305+0200] {logging_mixin.py:188} INFO - [2025-06-09T17:38:33.305+0200] {dag.py:3096} INFO - Sync 1 DAGs
[2025-06-09T17:38:33.320+0200] {logging_mixin.py:188} INFO - [2025-06-09T17:38:33.319+0200] {dag.py:3954} INFO - Setting next_dagrun for example_dynamic_task_mapping to 2022-03-04 00:00:00+00:00, run_after=2022-03-05 00:00:00+00:00
[2025-06-09T17:38:33.341+0200] {processor.py:183} INFO - Processing /home/ccd/airflow_venv/lib/python3.10/site-packages/airflow/example_dags/example_dynamic_task_mapping.py took 0.058 seconds
[2025-06-09T17:39:50.202+0200] {processor.py:161} INFO - Started process (PID=110655) to work on /home/ccd/airflow_venv/lib/python3.10/site-packages/airflow/example_dags/example_dynamic_task_mapping.py
[2025-06-09T17:39:50.212+0200] {processor.py:830} INFO - Processing file /home/ccd/airflow_venv/lib/python3.10/site-packages/airflow/example_dags/example_dynamic_task_mapping.py for tasks to queue
[2025-06-09T17:39:50.213+0200] {logging_mixin.py:188} INFO - [2025-06-09T17:39:50.213+0200] {dagbag.py:540} INFO - Filling up the DagBag from /home/ccd/airflow_venv/lib/python3.10/site-packages/airflow/example_dags/example_dynamic_task_mapping.py
[2025-06-09T17:39:50.218+0200] {processor.py:840} INFO - DAG(s) 'example_dynamic_task_mapping' retrieved from /home/ccd/airflow_venv/lib/python3.10/site-packages/airflow/example_dags/example_dynamic_task_mapping.py
[2025-06-09T17:39:50.227+0200] {logging_mixin.py:188} INFO - [2025-06-09T17:39:50.227+0200] {dag.py:3096} INFO - Sync 1 DAGs
[2025-06-09T17:39:50.239+0200] {logging_mixin.py:188} INFO - [2025-06-09T17:39:50.239+0200] {dag.py:3954} INFO - Setting next_dagrun for example_dynamic_task_mapping to 2022-03-04 00:00:00+00:00, run_after=2022-03-05 00:00:00+00:00
[2025-06-09T17:39:50.259+0200] {processor.py:183} INFO - Processing /home/ccd/airflow_venv/lib/python3.10/site-packages/airflow/example_dags/example_dynamic_task_mapping.py took 0.061 seconds
[2025-06-09T17:41:03.851+0200] {processor.py:161} INFO - Started process (PID=111169) to work on /home/ccd/airflow_venv/lib/python3.10/site-packages/airflow/example_dags/example_dynamic_task_mapping.py
[2025-06-09T17:41:03.853+0200] {processor.py:830} INFO - Processing file /home/ccd/airflow_venv/lib/python3.10/site-packages/airflow/example_dags/example_dynamic_task_mapping.py for tasks to queue
[2025-06-09T17:41:03.854+0200] {logging_mixin.py:188} INFO - [2025-06-09T17:41:03.854+0200] {dagbag.py:540} INFO - Filling up the DagBag from /home/ccd/airflow_venv/lib/python3.10/site-packages/airflow/example_dags/example_dynamic_task_mapping.py
[2025-06-09T17:41:03.858+0200] {processor.py:840} INFO - DAG(s) 'example_dynamic_task_mapping' retrieved from /home/ccd/airflow_venv/lib/python3.10/site-packages/airflow/example_dags/example_dynamic_task_mapping.py
[2025-06-09T17:41:03.868+0200] {logging_mixin.py:188} INFO - [2025-06-09T17:41:03.868+0200] {dag.py:3096} INFO - Sync 1 DAGs
[2025-06-09T17:41:03.879+0200] {logging_mixin.py:188} INFO - [2025-06-09T17:41:03.879+0200] {dag.py:3954} INFO - Setting next_dagrun for example_dynamic_task_mapping to 2022-03-04 00:00:00+00:00, run_after=2022-03-05 00:00:00+00:00
[2025-06-09T17:41:03.902+0200] {processor.py:183} INFO - Processing /home/ccd/airflow_venv/lib/python3.10/site-packages/airflow/example_dags/example_dynamic_task_mapping.py took 0.055 seconds
[2025-06-09T17:42:16.604+0200] {processor.py:161} INFO - Started process (PID=111661) to work on /home/ccd/airflow_venv/lib/python3.10/site-packages/airflow/example_dags/example_dynamic_task_mapping.py
[2025-06-09T17:42:16.606+0200] {processor.py:830} INFO - Processing file /home/ccd/airflow_venv/lib/python3.10/site-packages/airflow/example_dags/example_dynamic_task_mapping.py for tasks to queue
[2025-06-09T17:42:16.608+0200] {logging_mixin.py:188} INFO - [2025-06-09T17:42:16.607+0200] {dagbag.py:540} INFO - Filling up the DagBag from /home/ccd/airflow_venv/lib/python3.10/site-packages/airflow/example_dags/example_dynamic_task_mapping.py
[2025-06-09T17:42:16.617+0200] {processor.py:840} INFO - DAG(s) 'example_dynamic_task_mapping' retrieved from /home/ccd/airflow_venv/lib/python3.10/site-packages/airflow/example_dags/example_dynamic_task_mapping.py
[2025-06-09T17:42:16.641+0200] {logging_mixin.py:188} INFO - [2025-06-09T17:42:16.640+0200] {dag.py:3096} INFO - Sync 1 DAGs
[2025-06-09T17:42:16.676+0200] {logging_mixin.py:188} INFO - [2025-06-09T17:42:16.675+0200] {dag.py:3954} INFO - Setting next_dagrun for example_dynamic_task_mapping to 2022-03-04 00:00:00+00:00, run_after=2022-03-05 00:00:00+00:00
[2025-06-09T17:42:16.725+0200] {processor.py:183} INFO - Processing /home/ccd/airflow_venv/lib/python3.10/site-packages/airflow/example_dags/example_dynamic_task_mapping.py took 0.129 seconds
[2025-06-09T17:44:19.905+0200] {processor.py:161} INFO - Started process (PID=112568) to work on /home/ccd/airflow_venv/lib/python3.10/site-packages/airflow/example_dags/example_dynamic_task_mapping.py
[2025-06-09T17:44:19.918+0200] {processor.py:830} INFO - Processing file /home/ccd/airflow_venv/lib/python3.10/site-packages/airflow/example_dags/example_dynamic_task_mapping.py for tasks to queue
[2025-06-09T17:44:19.919+0200] {logging_mixin.py:188} INFO - [2025-06-09T17:44:19.919+0200] {dagbag.py:540} INFO - Filling up the DagBag from /home/ccd/airflow_venv/lib/python3.10/site-packages/airflow/example_dags/example_dynamic_task_mapping.py
[2025-06-09T17:44:19.923+0200] {processor.py:840} INFO - DAG(s) 'example_dynamic_task_mapping' retrieved from /home/ccd/airflow_venv/lib/python3.10/site-packages/airflow/example_dags/example_dynamic_task_mapping.py
[2025-06-09T17:44:20.031+0200] {logging_mixin.py:188} INFO - [2025-06-09T17:44:20.031+0200] {dag.py:3096} INFO - Sync 1 DAGs
[2025-06-09T17:44:20.042+0200] {logging_mixin.py:188} INFO - [2025-06-09T17:44:20.042+0200] {dag.py:3954} INFO - Setting next_dagrun for example_dynamic_task_mapping to 2022-03-04 00:00:00+00:00, run_after=2022-03-05 00:00:00+00:00
[2025-06-09T17:44:20.065+0200] {processor.py:183} INFO - Processing /home/ccd/airflow_venv/lib/python3.10/site-packages/airflow/example_dags/example_dynamic_task_mapping.py took 0.163 seconds
[2025-06-09T17:45:32.982+0200] {processor.py:161} INFO - Started process (PID=113116) to work on /home/ccd/airflow_venv/lib/python3.10/site-packages/airflow/example_dags/example_dynamic_task_mapping.py
[2025-06-09T17:45:32.992+0200] {processor.py:830} INFO - Processing file /home/ccd/airflow_venv/lib/python3.10/site-packages/airflow/example_dags/example_dynamic_task_mapping.py for tasks to queue
[2025-06-09T17:45:32.993+0200] {logging_mixin.py:188} INFO - [2025-06-09T17:45:32.993+0200] {dagbag.py:540} INFO - Filling up the DagBag from /home/ccd/airflow_venv/lib/python3.10/site-packages/airflow/example_dags/example_dynamic_task_mapping.py
[2025-06-09T17:45:32.998+0200] {processor.py:840} INFO - DAG(s) 'example_dynamic_task_mapping' retrieved from /home/ccd/airflow_venv/lib/python3.10/site-packages/airflow/example_dags/example_dynamic_task_mapping.py
[2025-06-09T17:45:33.008+0200] {logging_mixin.py:188} INFO - [2025-06-09T17:45:33.008+0200] {dag.py:3096} INFO - Sync 1 DAGs
[2025-06-09T17:45:33.022+0200] {logging_mixin.py:188} INFO - [2025-06-09T17:45:33.021+0200] {dag.py:3954} INFO - Setting next_dagrun for example_dynamic_task_mapping to 2022-03-04 00:00:00+00:00, run_after=2022-03-05 00:00:00+00:00
[2025-06-09T17:45:33.043+0200] {processor.py:183} INFO - Processing /home/ccd/airflow_venv/lib/python3.10/site-packages/airflow/example_dags/example_dynamic_task_mapping.py took 0.066 seconds
[2025-06-09T17:46:37.950+0200] {processor.py:161} INFO - Started process (PID=113530) to work on /home/ccd/airflow_venv/lib/python3.10/site-packages/airflow/example_dags/example_dynamic_task_mapping.py
[2025-06-09T17:46:37.952+0200] {processor.py:830} INFO - Processing file /home/ccd/airflow_venv/lib/python3.10/site-packages/airflow/example_dags/example_dynamic_task_mapping.py for tasks to queue
[2025-06-09T17:46:37.953+0200] {logging_mixin.py:188} INFO - [2025-06-09T17:46:37.953+0200] {dagbag.py:540} INFO - Filling up the DagBag from /home/ccd/airflow_venv/lib/python3.10/site-packages/airflow/example_dags/example_dynamic_task_mapping.py
[2025-06-09T17:46:37.960+0200] {processor.py:840} INFO - DAG(s) 'example_dynamic_task_mapping' retrieved from /home/ccd/airflow_venv/lib/python3.10/site-packages/airflow/example_dags/example_dynamic_task_mapping.py
[2025-06-09T17:46:37.973+0200] {logging_mixin.py:188} INFO - [2025-06-09T17:46:37.973+0200] {dag.py:3096} INFO - Sync 1 DAGs
[2025-06-09T17:46:37.991+0200] {logging_mixin.py:188} INFO - [2025-06-09T17:46:37.991+0200] {dag.py:3954} INFO - Setting next_dagrun for example_dynamic_task_mapping to 2022-03-04 00:00:00+00:00, run_after=2022-03-05 00:00:00+00:00
[2025-06-09T17:46:38.025+0200] {processor.py:183} INFO - Processing /home/ccd/airflow_venv/lib/python3.10/site-packages/airflow/example_dags/example_dynamic_task_mapping.py took 0.082 seconds
[2025-06-09T17:50:19.934+0200] {processor.py:161} INFO - Started process (PID=117763) to work on /home/ccd/airflow_venv/lib/python3.10/site-packages/airflow/example_dags/example_dynamic_task_mapping.py
[2025-06-09T17:50:19.945+0200] {processor.py:830} INFO - Processing file /home/ccd/airflow_venv/lib/python3.10/site-packages/airflow/example_dags/example_dynamic_task_mapping.py for tasks to queue
[2025-06-09T17:50:19.946+0200] {logging_mixin.py:188} INFO - [2025-06-09T17:50:19.946+0200] {dagbag.py:540} INFO - Filling up the DagBag from /home/ccd/airflow_venv/lib/python3.10/site-packages/airflow/example_dags/example_dynamic_task_mapping.py
[2025-06-09T17:50:19.951+0200] {processor.py:840} INFO - DAG(s) 'example_dynamic_task_mapping' retrieved from /home/ccd/airflow_venv/lib/python3.10/site-packages/airflow/example_dags/example_dynamic_task_mapping.py
[2025-06-09T17:50:19.961+0200] {logging_mixin.py:188} INFO - [2025-06-09T17:50:19.961+0200] {dag.py:3096} INFO - Sync 1 DAGs
[2025-06-09T17:50:19.974+0200] {logging_mixin.py:188} INFO - [2025-06-09T17:50:19.974+0200] {dag.py:3954} INFO - Setting next_dagrun for example_dynamic_task_mapping to 2022-03-04 00:00:00+00:00, run_after=2022-03-05 00:00:00+00:00
[2025-06-09T17:50:19.997+0200] {processor.py:183} INFO - Processing /home/ccd/airflow_venv/lib/python3.10/site-packages/airflow/example_dags/example_dynamic_task_mapping.py took 0.068 seconds
[2025-06-09T17:51:48.204+0200] {processor.py:161} INFO - Started process (PID=118505) to work on /home/ccd/airflow_venv/lib/python3.10/site-packages/airflow/example_dags/example_dynamic_task_mapping.py
[2025-06-09T17:51:48.207+0200] {processor.py:830} INFO - Processing file /home/ccd/airflow_venv/lib/python3.10/site-packages/airflow/example_dags/example_dynamic_task_mapping.py for tasks to queue
[2025-06-09T17:51:48.208+0200] {logging_mixin.py:188} INFO - [2025-06-09T17:51:48.207+0200] {dagbag.py:540} INFO - Filling up the DagBag from /home/ccd/airflow_venv/lib/python3.10/site-packages/airflow/example_dags/example_dynamic_task_mapping.py
[2025-06-09T17:51:48.213+0200] {processor.py:840} INFO - DAG(s) 'example_dynamic_task_mapping' retrieved from /home/ccd/airflow_venv/lib/python3.10/site-packages/airflow/example_dags/example_dynamic_task_mapping.py
[2025-06-09T17:51:48.223+0200] {logging_mixin.py:188} INFO - [2025-06-09T17:51:48.223+0200] {dag.py:3096} INFO - Sync 1 DAGs
[2025-06-09T17:51:48.237+0200] {logging_mixin.py:188} INFO - [2025-06-09T17:51:48.236+0200] {dag.py:3954} INFO - Setting next_dagrun for example_dynamic_task_mapping to 2022-03-04 00:00:00+00:00, run_after=2022-03-05 00:00:00+00:00
[2025-06-09T17:51:48.267+0200] {processor.py:183} INFO - Processing /home/ccd/airflow_venv/lib/python3.10/site-packages/airflow/example_dags/example_dynamic_task_mapping.py took 0.067 seconds
[2025-06-09T17:54:53.931+0200] {processor.py:161} INFO - Started process (PID=121115) to work on /home/ccd/airflow_venv/lib/python3.10/site-packages/airflow/example_dags/example_dynamic_task_mapping.py
[2025-06-09T17:54:53.943+0200] {processor.py:830} INFO - Processing file /home/ccd/airflow_venv/lib/python3.10/site-packages/airflow/example_dags/example_dynamic_task_mapping.py for tasks to queue
[2025-06-09T17:54:53.944+0200] {logging_mixin.py:188} INFO - [2025-06-09T17:54:53.944+0200] {dagbag.py:540} INFO - Filling up the DagBag from /home/ccd/airflow_venv/lib/python3.10/site-packages/airflow/example_dags/example_dynamic_task_mapping.py
[2025-06-09T17:54:53.949+0200] {processor.py:840} INFO - DAG(s) 'example_dynamic_task_mapping' retrieved from /home/ccd/airflow_venv/lib/python3.10/site-packages/airflow/example_dags/example_dynamic_task_mapping.py
[2025-06-09T17:54:53.960+0200] {logging_mixin.py:188} INFO - [2025-06-09T17:54:53.960+0200] {dag.py:3096} INFO - Sync 1 DAGs
[2025-06-09T17:54:53.974+0200] {logging_mixin.py:188} INFO - [2025-06-09T17:54:53.974+0200] {dag.py:3954} INFO - Setting next_dagrun for example_dynamic_task_mapping to 2022-03-04 00:00:00+00:00, run_after=2022-03-05 00:00:00+00:00
[2025-06-09T17:54:53.996+0200] {processor.py:183} INFO - Processing /home/ccd/airflow_venv/lib/python3.10/site-packages/airflow/example_dags/example_dynamic_task_mapping.py took 0.070 seconds
[2025-06-09T17:57:09.704+0200] {processor.py:161} INFO - Started process (PID=122810) to work on /home/ccd/airflow_venv/lib/python3.10/site-packages/airflow/example_dags/example_dynamic_task_mapping.py
[2025-06-09T17:57:09.708+0200] {processor.py:830} INFO - Processing file /home/ccd/airflow_venv/lib/python3.10/site-packages/airflow/example_dags/example_dynamic_task_mapping.py for tasks to queue
[2025-06-09T17:57:09.712+0200] {logging_mixin.py:188} INFO - [2025-06-09T17:57:09.711+0200] {dagbag.py:540} INFO - Filling up the DagBag from /home/ccd/airflow_venv/lib/python3.10/site-packages/airflow/example_dags/example_dynamic_task_mapping.py
[2025-06-09T17:57:09.720+0200] {processor.py:840} INFO - DAG(s) 'example_dynamic_task_mapping' retrieved from /home/ccd/airflow_venv/lib/python3.10/site-packages/airflow/example_dags/example_dynamic_task_mapping.py
[2025-06-09T17:57:09.752+0200] {logging_mixin.py:188} INFO - [2025-06-09T17:57:09.751+0200] {dag.py:3096} INFO - Sync 1 DAGs
[2025-06-09T17:57:09.787+0200] {logging_mixin.py:188} INFO - [2025-06-09T17:57:09.787+0200] {dag.py:3954} INFO - Setting next_dagrun for example_dynamic_task_mapping to 2022-03-04 00:00:00+00:00, run_after=2022-03-05 00:00:00+00:00
[2025-06-09T17:57:09.825+0200] {processor.py:183} INFO - Processing /home/ccd/airflow_venv/lib/python3.10/site-packages/airflow/example_dags/example_dynamic_task_mapping.py took 0.130 seconds
[2025-06-09T18:02:14.340+0200] {processor.py:161} INFO - Started process (PID=126938) to work on /home/ccd/airflow_venv/lib/python3.10/site-packages/airflow/example_dags/example_dynamic_task_mapping.py
[2025-06-09T18:02:14.343+0200] {processor.py:830} INFO - Processing file /home/ccd/airflow_venv/lib/python3.10/site-packages/airflow/example_dags/example_dynamic_task_mapping.py for tasks to queue
[2025-06-09T18:02:14.344+0200] {logging_mixin.py:188} INFO - [2025-06-09T18:02:14.344+0200] {dagbag.py:540} INFO - Filling up the DagBag from /home/ccd/airflow_venv/lib/python3.10/site-packages/airflow/example_dags/example_dynamic_task_mapping.py
[2025-06-09T18:02:14.350+0200] {processor.py:840} INFO - DAG(s) 'example_dynamic_task_mapping' retrieved from /home/ccd/airflow_venv/lib/python3.10/site-packages/airflow/example_dags/example_dynamic_task_mapping.py
[2025-06-09T18:02:14.457+0200] {logging_mixin.py:188} INFO - [2025-06-09T18:02:14.456+0200] {dag.py:3096} INFO - Sync 1 DAGs
[2025-06-09T18:02:14.466+0200] {logging_mixin.py:188} INFO - [2025-06-09T18:02:14.466+0200] {dag.py:3954} INFO - Setting next_dagrun for example_dynamic_task_mapping to 2022-03-04 00:00:00+00:00, run_after=2022-03-05 00:00:00+00:00
[2025-06-09T18:02:14.486+0200] {processor.py:183} INFO - Processing /home/ccd/airflow_venv/lib/python3.10/site-packages/airflow/example_dags/example_dynamic_task_mapping.py took 0.150 seconds
