[2025-06-09T02:00:49.174+0200] {processor.py:161} INFO - Started process (PID=1328322) to work on /home/ccd/airflow_venv/lib/python3.10/site-packages/airflow/example_dags/example_bash_operator.py
[2025-06-09T02:00:49.174+0200] {processor.py:830} INFO - Processing file /home/ccd/airflow_venv/lib/python3.10/site-packages/airflow/example_dags/example_bash_operator.py for tasks to queue
[2025-06-09T02:00:49.175+0200] {logging_mixin.py:188} INFO - [2025-06-09T02:00:49.175+0200] {dagbag.py:540} INFO - Filling up the DagBag from /home/ccd/airflow_venv/lib/python3.10/site-packages/airflow/example_dags/example_bash_operator.py
[2025-06-09T02:00:49.183+0200] {processor.py:840} INFO - DAG(s) 'example_bash_operator' retrieved from /home/ccd/airflow_venv/lib/python3.10/site-packages/airflow/example_dags/example_bash_operator.py
[2025-06-09T02:00:49.200+0200] {logging_mixin.py:188} INFO - [2025-06-09T02:00:49.200+0200] {dag.py:3096} INFO - Sync 1 DAGs
[2025-06-09T02:00:49.215+0200] {logging_mixin.py:188} INFO - [2025-06-09T02:00:49.215+0200] {dag.py:3954} INFO - Setting next_dagrun for example_bash_operator to 2025-06-08 00:00:00+00:00, run_after=2025-06-09 00:00:00+00:00
[2025-06-09T02:00:49.240+0200] {processor.py:183} INFO - Processing /home/ccd/airflow_venv/lib/python3.10/site-packages/airflow/example_dags/example_bash_operator.py took 0.073 seconds
[2025-06-09T02:01:48.574+0200] {processor.py:161} INFO - Started process (PID=1328717) to work on /home/ccd/airflow_venv/lib/python3.10/site-packages/airflow/example_dags/example_bash_operator.py
[2025-06-09T02:01:48.585+0200] {processor.py:830} INFO - Processing file /home/ccd/airflow_venv/lib/python3.10/site-packages/airflow/example_dags/example_bash_operator.py for tasks to queue
[2025-06-09T02:01:48.586+0200] {logging_mixin.py:188} INFO - [2025-06-09T02:01:48.586+0200] {dagbag.py:540} INFO - Filling up the DagBag from /home/ccd/airflow_venv/lib/python3.10/site-packages/airflow/example_dags/example_bash_operator.py
[2025-06-09T02:01:48.594+0200] {processor.py:840} INFO - DAG(s) 'example_bash_operator' retrieved from /home/ccd/airflow_venv/lib/python3.10/site-packages/airflow/example_dags/example_bash_operator.py
[2025-06-09T02:01:48.609+0200] {logging_mixin.py:188} INFO - [2025-06-09T02:01:48.609+0200] {dag.py:3096} INFO - Sync 1 DAGs
[2025-06-09T02:01:48.621+0200] {logging_mixin.py:188} INFO - [2025-06-09T02:01:48.621+0200] {dag.py:3954} INFO - Setting next_dagrun for example_bash_operator to 2025-06-08 00:00:00+00:00, run_after=2025-06-09 00:00:00+00:00
[2025-06-09T02:01:48.648+0200] {processor.py:183} INFO - Processing /home/ccd/airflow_venv/lib/python3.10/site-packages/airflow/example_dags/example_bash_operator.py took 0.079 seconds
[2025-06-09T02:02:43.234+0200] {processor.py:161} INFO - Started process (PID=1328958) to work on /home/ccd/airflow_venv/lib/python3.10/site-packages/airflow/example_dags/example_bash_operator.py
[2025-06-09T02:02:43.236+0200] {processor.py:830} INFO - Processing file /home/ccd/airflow_venv/lib/python3.10/site-packages/airflow/example_dags/example_bash_operator.py for tasks to queue
[2025-06-09T02:02:43.237+0200] {logging_mixin.py:188} INFO - [2025-06-09T02:02:43.237+0200] {dagbag.py:540} INFO - Filling up the DagBag from /home/ccd/airflow_venv/lib/python3.10/site-packages/airflow/example_dags/example_bash_operator.py
[2025-06-09T02:02:43.246+0200] {processor.py:840} INFO - DAG(s) 'example_bash_operator' retrieved from /home/ccd/airflow_venv/lib/python3.10/site-packages/airflow/example_dags/example_bash_operator.py
[2025-06-09T02:02:43.263+0200] {logging_mixin.py:188} INFO - [2025-06-09T02:02:43.263+0200] {dag.py:3096} INFO - Sync 1 DAGs
[2025-06-09T02:02:43.276+0200] {logging_mixin.py:188} INFO - [2025-06-09T02:02:43.276+0200] {dag.py:3954} INFO - Setting next_dagrun for example_bash_operator to 2025-06-08 00:00:00+00:00, run_after=2025-06-09 00:00:00+00:00
[2025-06-09T02:02:43.301+0200] {processor.py:183} INFO - Processing /home/ccd/airflow_venv/lib/python3.10/site-packages/airflow/example_dags/example_bash_operator.py took 0.072 seconds
[2025-06-09T02:03:58.295+0200] {processor.py:161} INFO - Started process (PID=1329450) to work on /home/ccd/airflow_venv/lib/python3.10/site-packages/airflow/example_dags/example_bash_operator.py
[2025-06-09T02:03:58.306+0200] {processor.py:830} INFO - Processing file /home/ccd/airflow_venv/lib/python3.10/site-packages/airflow/example_dags/example_bash_operator.py for tasks to queue
[2025-06-09T02:03:58.306+0200] {logging_mixin.py:188} INFO - [2025-06-09T02:03:58.306+0200] {dagbag.py:540} INFO - Filling up the DagBag from /home/ccd/airflow_venv/lib/python3.10/site-packages/airflow/example_dags/example_bash_operator.py
[2025-06-09T02:03:58.314+0200] {processor.py:840} INFO - DAG(s) 'example_bash_operator' retrieved from /home/ccd/airflow_venv/lib/python3.10/site-packages/airflow/example_dags/example_bash_operator.py
[2025-06-09T02:03:58.328+0200] {logging_mixin.py:188} INFO - [2025-06-09T02:03:58.328+0200] {dag.py:3096} INFO - Sync 1 DAGs
[2025-06-09T02:03:58.341+0200] {logging_mixin.py:188} INFO - [2025-06-09T02:03:58.341+0200] {dag.py:3954} INFO - Setting next_dagrun for example_bash_operator to 2025-06-08 00:00:00+00:00, run_after=2025-06-09 00:00:00+00:00
[2025-06-09T02:03:58.364+0200] {processor.py:183} INFO - Processing /home/ccd/airflow_venv/lib/python3.10/site-packages/airflow/example_dags/example_bash_operator.py took 0.074 seconds
[2025-06-09T02:05:13.029+0200] {processor.py:161} INFO - Started process (PID=1330021) to work on /home/ccd/airflow_venv/lib/python3.10/site-packages/airflow/example_dags/example_bash_operator.py
[2025-06-09T02:05:13.040+0200] {processor.py:830} INFO - Processing file /home/ccd/airflow_venv/lib/python3.10/site-packages/airflow/example_dags/example_bash_operator.py for tasks to queue
[2025-06-09T02:05:13.041+0200] {logging_mixin.py:188} INFO - [2025-06-09T02:05:13.041+0200] {dagbag.py:540} INFO - Filling up the DagBag from /home/ccd/airflow_venv/lib/python3.10/site-packages/airflow/example_dags/example_bash_operator.py
[2025-06-09T02:05:13.051+0200] {processor.py:840} INFO - DAG(s) 'example_bash_operator' retrieved from /home/ccd/airflow_venv/lib/python3.10/site-packages/airflow/example_dags/example_bash_operator.py
[2025-06-09T02:05:13.067+0200] {logging_mixin.py:188} INFO - [2025-06-09T02:05:13.066+0200] {dag.py:3096} INFO - Sync 1 DAGs
[2025-06-09T02:05:13.079+0200] {logging_mixin.py:188} INFO - [2025-06-09T02:05:13.078+0200] {dag.py:3954} INFO - Setting next_dagrun for example_bash_operator to 2025-06-08 00:00:00+00:00, run_after=2025-06-09 00:00:00+00:00
[2025-06-09T02:05:13.100+0200] {processor.py:183} INFO - Processing /home/ccd/airflow_venv/lib/python3.10/site-packages/airflow/example_dags/example_bash_operator.py took 0.076 seconds
[2025-06-09T02:06:08.137+0200] {processor.py:161} INFO - Started process (PID=1330594) to work on /home/ccd/airflow_venv/lib/python3.10/site-packages/airflow/example_dags/example_bash_operator.py
[2025-06-09T02:06:08.149+0200] {processor.py:830} INFO - Processing file /home/ccd/airflow_venv/lib/python3.10/site-packages/airflow/example_dags/example_bash_operator.py for tasks to queue
[2025-06-09T02:06:08.150+0200] {logging_mixin.py:188} INFO - [2025-06-09T02:06:08.150+0200] {dagbag.py:540} INFO - Filling up the DagBag from /home/ccd/airflow_venv/lib/python3.10/site-packages/airflow/example_dags/example_bash_operator.py
[2025-06-09T02:06:08.157+0200] {processor.py:840} INFO - DAG(s) 'example_bash_operator' retrieved from /home/ccd/airflow_venv/lib/python3.10/site-packages/airflow/example_dags/example_bash_operator.py
[2025-06-09T02:06:08.174+0200] {logging_mixin.py:188} INFO - [2025-06-09T02:06:08.173+0200] {dag.py:3096} INFO - Sync 1 DAGs
[2025-06-09T02:06:08.187+0200] {logging_mixin.py:188} INFO - [2025-06-09T02:06:08.187+0200] {dag.py:3954} INFO - Setting next_dagrun for example_bash_operator to 2025-06-08 00:00:00+00:00, run_after=2025-06-09 00:00:00+00:00
[2025-06-09T02:06:08.217+0200] {processor.py:183} INFO - Processing /home/ccd/airflow_venv/lib/python3.10/site-packages/airflow/example_dags/example_bash_operator.py took 0.084 seconds
[2025-06-09T02:07:03.341+0200] {processor.py:161} INFO - Started process (PID=1330978) to work on /home/ccd/airflow_venv/lib/python3.10/site-packages/airflow/example_dags/example_bash_operator.py
[2025-06-09T02:07:03.352+0200] {processor.py:830} INFO - Processing file /home/ccd/airflow_venv/lib/python3.10/site-packages/airflow/example_dags/example_bash_operator.py for tasks to queue
[2025-06-09T02:07:03.353+0200] {logging_mixin.py:188} INFO - [2025-06-09T02:07:03.352+0200] {dagbag.py:540} INFO - Filling up the DagBag from /home/ccd/airflow_venv/lib/python3.10/site-packages/airflow/example_dags/example_bash_operator.py
[2025-06-09T02:07:03.360+0200] {processor.py:840} INFO - DAG(s) 'example_bash_operator' retrieved from /home/ccd/airflow_venv/lib/python3.10/site-packages/airflow/example_dags/example_bash_operator.py
[2025-06-09T02:07:03.376+0200] {logging_mixin.py:188} INFO - [2025-06-09T02:07:03.376+0200] {dag.py:3096} INFO - Sync 1 DAGs
[2025-06-09T02:07:03.389+0200] {logging_mixin.py:188} INFO - [2025-06-09T02:07:03.389+0200] {dag.py:3954} INFO - Setting next_dagrun for example_bash_operator to 2025-06-08 00:00:00+00:00, run_after=2025-06-09 00:00:00+00:00
[2025-06-09T02:07:03.412+0200] {processor.py:183} INFO - Processing /home/ccd/airflow_venv/lib/python3.10/site-packages/airflow/example_dags/example_bash_operator.py took 0.075 seconds
[2025-06-09T02:07:59.229+0200] {processor.py:161} INFO - Started process (PID=1331415) to work on /home/ccd/airflow_venv/lib/python3.10/site-packages/airflow/example_dags/example_bash_operator.py
[2025-06-09T02:07:59.241+0200] {processor.py:830} INFO - Processing file /home/ccd/airflow_venv/lib/python3.10/site-packages/airflow/example_dags/example_bash_operator.py for tasks to queue
[2025-06-09T02:07:59.241+0200] {logging_mixin.py:188} INFO - [2025-06-09T02:07:59.241+0200] {dagbag.py:540} INFO - Filling up the DagBag from /home/ccd/airflow_venv/lib/python3.10/site-packages/airflow/example_dags/example_bash_operator.py
[2025-06-09T02:07:59.250+0200] {processor.py:840} INFO - DAG(s) 'example_bash_operator' retrieved from /home/ccd/airflow_venv/lib/python3.10/site-packages/airflow/example_dags/example_bash_operator.py
[2025-06-09T02:07:59.265+0200] {logging_mixin.py:188} INFO - [2025-06-09T02:07:59.265+0200] {dag.py:3096} INFO - Sync 1 DAGs
[2025-06-09T02:07:59.277+0200] {logging_mixin.py:188} INFO - [2025-06-09T02:07:59.276+0200] {dag.py:3954} INFO - Setting next_dagrun for example_bash_operator to 2025-06-08 00:00:00+00:00, run_after=2025-06-09 00:00:00+00:00
[2025-06-09T02:07:59.299+0200] {processor.py:183} INFO - Processing /home/ccd/airflow_venv/lib/python3.10/site-packages/airflow/example_dags/example_bash_operator.py took 0.076 seconds
[2025-06-09T02:08:57.095+0200] {processor.py:161} INFO - Started process (PID=1332047) to work on /home/ccd/airflow_venv/lib/python3.10/site-packages/airflow/example_dags/example_bash_operator.py
[2025-06-09T02:08:57.106+0200] {processor.py:830} INFO - Processing file /home/ccd/airflow_venv/lib/python3.10/site-packages/airflow/example_dags/example_bash_operator.py for tasks to queue
[2025-06-09T02:08:57.107+0200] {logging_mixin.py:188} INFO - [2025-06-09T02:08:57.107+0200] {dagbag.py:540} INFO - Filling up the DagBag from /home/ccd/airflow_venv/lib/python3.10/site-packages/airflow/example_dags/example_bash_operator.py
[2025-06-09T02:08:57.115+0200] {processor.py:840} INFO - DAG(s) 'example_bash_operator' retrieved from /home/ccd/airflow_venv/lib/python3.10/site-packages/airflow/example_dags/example_bash_operator.py
[2025-06-09T02:08:57.130+0200] {logging_mixin.py:188} INFO - [2025-06-09T02:08:57.130+0200] {dag.py:3096} INFO - Sync 1 DAGs
[2025-06-09T02:08:57.141+0200] {logging_mixin.py:188} INFO - [2025-06-09T02:08:57.141+0200] {dag.py:3954} INFO - Setting next_dagrun for example_bash_operator to 2025-06-08 00:00:00+00:00, run_after=2025-06-09 00:00:00+00:00
[2025-06-09T02:08:57.166+0200] {processor.py:183} INFO - Processing /home/ccd/airflow_venv/lib/python3.10/site-packages/airflow/example_dags/example_bash_operator.py took 0.076 seconds
[2025-06-09T02:09:47.836+0200] {processor.py:161} INFO - Started process (PID=1332341) to work on /home/ccd/airflow_venv/lib/python3.10/site-packages/airflow/example_dags/example_bash_operator.py
[2025-06-09T02:09:47.838+0200] {processor.py:830} INFO - Processing file /home/ccd/airflow_venv/lib/python3.10/site-packages/airflow/example_dags/example_bash_operator.py for tasks to queue
[2025-06-09T02:09:47.839+0200] {logging_mixin.py:188} INFO - [2025-06-09T02:09:47.838+0200] {dagbag.py:540} INFO - Filling up the DagBag from /home/ccd/airflow_venv/lib/python3.10/site-packages/airflow/example_dags/example_bash_operator.py
[2025-06-09T02:09:47.847+0200] {processor.py:840} INFO - DAG(s) 'example_bash_operator' retrieved from /home/ccd/airflow_venv/lib/python3.10/site-packages/airflow/example_dags/example_bash_operator.py
[2025-06-09T02:09:47.865+0200] {logging_mixin.py:188} INFO - [2025-06-09T02:09:47.864+0200] {dag.py:3096} INFO - Sync 1 DAGs
[2025-06-09T02:09:47.878+0200] {logging_mixin.py:188} INFO - [2025-06-09T02:09:47.878+0200] {dag.py:3954} INFO - Setting next_dagrun for example_bash_operator to 2025-06-08 00:00:00+00:00, run_after=2025-06-09 00:00:00+00:00
[2025-06-09T02:09:47.902+0200] {processor.py:183} INFO - Processing /home/ccd/airflow_venv/lib/python3.10/site-packages/airflow/example_dags/example_bash_operator.py took 0.073 seconds
[2025-06-09T11:30:47.394+0200] {processor.py:161} INFO - Started process (PID=3828) to work on /home/ccd/airflow_venv/lib/python3.10/site-packages/airflow/example_dags/example_bash_operator.py
[2025-06-09T11:30:47.405+0200] {processor.py:830} INFO - Processing file /home/ccd/airflow_venv/lib/python3.10/site-packages/airflow/example_dags/example_bash_operator.py for tasks to queue
[2025-06-09T11:30:47.406+0200] {logging_mixin.py:188} INFO - [2025-06-09T11:30:47.406+0200] {dagbag.py:540} INFO - Filling up the DagBag from /home/ccd/airflow_venv/lib/python3.10/site-packages/airflow/example_dags/example_bash_operator.py
[2025-06-09T11:30:47.412+0200] {processor.py:840} INFO - DAG(s) 'example_bash_operator' retrieved from /home/ccd/airflow_venv/lib/python3.10/site-packages/airflow/example_dags/example_bash_operator.py
[2025-06-09T11:30:47.514+0200] {logging_mixin.py:188} INFO - [2025-06-09T11:30:47.514+0200] {dag.py:3096} INFO - Sync 1 DAGs
[2025-06-09T11:30:47.524+0200] {logging_mixin.py:188} INFO - [2025-06-09T11:30:47.524+0200] {dag.py:3954} INFO - Setting next_dagrun for example_bash_operator to 2025-06-08 00:00:00+00:00, run_after=2025-06-09 00:00:00+00:00
[2025-06-09T11:30:47.546+0200] {processor.py:183} INFO - Processing /home/ccd/airflow_venv/lib/python3.10/site-packages/airflow/example_dags/example_bash_operator.py took 0.155 seconds
[2025-06-09T11:31:46.768+0200] {processor.py:161} INFO - Started process (PID=4164) to work on /home/ccd/airflow_venv/lib/python3.10/site-packages/airflow/example_dags/example_bash_operator.py
[2025-06-09T11:31:46.769+0200] {processor.py:830} INFO - Processing file /home/ccd/airflow_venv/lib/python3.10/site-packages/airflow/example_dags/example_bash_operator.py for tasks to queue
[2025-06-09T11:31:46.771+0200] {logging_mixin.py:188} INFO - [2025-06-09T11:31:46.770+0200] {dagbag.py:540} INFO - Filling up the DagBag from /home/ccd/airflow_venv/lib/python3.10/site-packages/airflow/example_dags/example_bash_operator.py
[2025-06-09T11:31:46.780+0200] {processor.py:840} INFO - DAG(s) 'example_bash_operator' retrieved from /home/ccd/airflow_venv/lib/python3.10/site-packages/airflow/example_dags/example_bash_operator.py
[2025-06-09T11:31:46.794+0200] {logging_mixin.py:188} INFO - [2025-06-09T11:31:46.794+0200] {dag.py:3096} INFO - Sync 1 DAGs
[2025-06-09T11:31:46.806+0200] {logging_mixin.py:188} INFO - [2025-06-09T11:31:46.805+0200] {dag.py:3954} INFO - Setting next_dagrun for example_bash_operator to 2025-06-08 00:00:00+00:00, run_after=2025-06-09 00:00:00+00:00
[2025-06-09T11:31:46.829+0200] {processor.py:183} INFO - Processing /home/ccd/airflow_venv/lib/python3.10/site-packages/airflow/example_dags/example_bash_operator.py took 0.065 seconds
[2025-06-09T11:32:54.698+0200] {processor.py:161} INFO - Started process (PID=4804) to work on /home/ccd/airflow_venv/lib/python3.10/site-packages/airflow/example_dags/example_bash_operator.py
[2025-06-09T11:32:54.709+0200] {processor.py:830} INFO - Processing file /home/ccd/airflow_venv/lib/python3.10/site-packages/airflow/example_dags/example_bash_operator.py for tasks to queue
[2025-06-09T11:32:54.710+0200] {logging_mixin.py:188} INFO - [2025-06-09T11:32:54.710+0200] {dagbag.py:540} INFO - Filling up the DagBag from /home/ccd/airflow_venv/lib/python3.10/site-packages/airflow/example_dags/example_bash_operator.py
[2025-06-09T11:32:54.718+0200] {processor.py:840} INFO - DAG(s) 'example_bash_operator' retrieved from /home/ccd/airflow_venv/lib/python3.10/site-packages/airflow/example_dags/example_bash_operator.py
[2025-06-09T11:32:54.733+0200] {logging_mixin.py:188} INFO - [2025-06-09T11:32:54.733+0200] {dag.py:3096} INFO - Sync 1 DAGs
[2025-06-09T11:32:54.744+0200] {logging_mixin.py:188} INFO - [2025-06-09T11:32:54.744+0200] {dag.py:3954} INFO - Setting next_dagrun for example_bash_operator to 2025-06-08 00:00:00+00:00, run_after=2025-06-09 00:00:00+00:00
[2025-06-09T11:32:54.767+0200] {processor.py:183} INFO - Processing /home/ccd/airflow_venv/lib/python3.10/site-packages/airflow/example_dags/example_bash_operator.py took 0.074 seconds
[2025-06-09T11:34:13.656+0200] {processor.py:161} INFO - Started process (PID=5433) to work on /home/ccd/airflow_venv/lib/python3.10/site-packages/airflow/example_dags/example_bash_operator.py
[2025-06-09T11:34:13.668+0200] {processor.py:830} INFO - Processing file /home/ccd/airflow_venv/lib/python3.10/site-packages/airflow/example_dags/example_bash_operator.py for tasks to queue
[2025-06-09T11:34:13.669+0200] {logging_mixin.py:188} INFO - [2025-06-09T11:34:13.669+0200] {dagbag.py:540} INFO - Filling up the DagBag from /home/ccd/airflow_venv/lib/python3.10/site-packages/airflow/example_dags/example_bash_operator.py
[2025-06-09T11:34:13.676+0200] {processor.py:840} INFO - DAG(s) 'example_bash_operator' retrieved from /home/ccd/airflow_venv/lib/python3.10/site-packages/airflow/example_dags/example_bash_operator.py
[2025-06-09T11:34:13.689+0200] {logging_mixin.py:188} INFO - [2025-06-09T11:34:13.688+0200] {dag.py:3096} INFO - Sync 1 DAGs
[2025-06-09T11:34:13.700+0200] {logging_mixin.py:188} INFO - [2025-06-09T11:34:13.700+0200] {dag.py:3954} INFO - Setting next_dagrun for example_bash_operator to 2025-06-08 00:00:00+00:00, run_after=2025-06-09 00:00:00+00:00
[2025-06-09T11:34:13.719+0200] {processor.py:183} INFO - Processing /home/ccd/airflow_venv/lib/python3.10/site-packages/airflow/example_dags/example_bash_operator.py took 0.066 seconds
[2025-06-09T11:35:10.259+0200] {processor.py:161} INFO - Started process (PID=5836) to work on /home/ccd/airflow_venv/lib/python3.10/site-packages/airflow/example_dags/example_bash_operator.py
[2025-06-09T11:35:10.260+0200] {processor.py:830} INFO - Processing file /home/ccd/airflow_venv/lib/python3.10/site-packages/airflow/example_dags/example_bash_operator.py for tasks to queue
[2025-06-09T11:35:10.263+0200] {logging_mixin.py:188} INFO - [2025-06-09T11:35:10.262+0200] {dagbag.py:540} INFO - Filling up the DagBag from /home/ccd/airflow_venv/lib/python3.10/site-packages/airflow/example_dags/example_bash_operator.py
[2025-06-09T11:35:10.282+0200] {processor.py:840} INFO - DAG(s) 'example_bash_operator' retrieved from /home/ccd/airflow_venv/lib/python3.10/site-packages/airflow/example_dags/example_bash_operator.py
[2025-06-09T11:35:10.341+0200] {logging_mixin.py:188} INFO - [2025-06-09T11:35:10.340+0200] {dag.py:3096} INFO - Sync 1 DAGs
[2025-06-09T11:35:10.397+0200] {logging_mixin.py:188} INFO - [2025-06-09T11:35:10.397+0200] {dag.py:3954} INFO - Setting next_dagrun for example_bash_operator to 2025-06-08 00:00:00+00:00, run_after=2025-06-09 00:00:00+00:00
[2025-06-09T11:35:10.441+0200] {processor.py:183} INFO - Processing /home/ccd/airflow_venv/lib/python3.10/site-packages/airflow/example_dags/example_bash_operator.py took 0.193 seconds
[2025-06-09T11:36:06.894+0200] {processor.py:161} INFO - Started process (PID=6125) to work on /home/ccd/airflow_venv/lib/python3.10/site-packages/airflow/example_dags/example_bash_operator.py
[2025-06-09T11:36:06.896+0200] {processor.py:830} INFO - Processing file /home/ccd/airflow_venv/lib/python3.10/site-packages/airflow/example_dags/example_bash_operator.py for tasks to queue
[2025-06-09T11:36:06.906+0200] {logging_mixin.py:188} INFO - [2025-06-09T11:36:06.905+0200] {dagbag.py:540} INFO - Filling up the DagBag from /home/ccd/airflow_venv/lib/python3.10/site-packages/airflow/example_dags/example_bash_operator.py
[2025-06-09T11:36:06.936+0200] {processor.py:840} INFO - DAG(s) 'example_bash_operator' retrieved from /home/ccd/airflow_venv/lib/python3.10/site-packages/airflow/example_dags/example_bash_operator.py
[2025-06-09T11:36:06.990+0200] {logging_mixin.py:188} INFO - [2025-06-09T11:36:06.990+0200] {dag.py:3096} INFO - Sync 1 DAGs
[2025-06-09T11:36:07.145+0200] {logging_mixin.py:188} INFO - [2025-06-09T11:36:07.145+0200] {dag.py:3954} INFO - Setting next_dagrun for example_bash_operator to 2025-06-08 00:00:00+00:00, run_after=2025-06-09 00:00:00+00:00
[2025-06-09T11:36:07.176+0200] {processor.py:183} INFO - Processing /home/ccd/airflow_venv/lib/python3.10/site-packages/airflow/example_dags/example_bash_operator.py took 0.288 seconds
[2025-06-09T11:38:25.284+0200] {processor.py:161} INFO - Started process (PID=9249) to work on /home/ccd/airflow_venv/lib/python3.10/site-packages/airflow/example_dags/example_bash_operator.py
[2025-06-09T11:38:25.295+0200] {processor.py:830} INFO - Processing file /home/ccd/airflow_venv/lib/python3.10/site-packages/airflow/example_dags/example_bash_operator.py for tasks to queue
[2025-06-09T11:38:25.296+0200] {logging_mixin.py:188} INFO - [2025-06-09T11:38:25.296+0200] {dagbag.py:540} INFO - Filling up the DagBag from /home/ccd/airflow_venv/lib/python3.10/site-packages/airflow/example_dags/example_bash_operator.py
[2025-06-09T11:38:25.305+0200] {processor.py:840} INFO - DAG(s) 'example_bash_operator' retrieved from /home/ccd/airflow_venv/lib/python3.10/site-packages/airflow/example_dags/example_bash_operator.py
[2025-06-09T11:38:25.320+0200] {logging_mixin.py:188} INFO - [2025-06-09T11:38:25.320+0200] {dag.py:3096} INFO - Sync 1 DAGs
[2025-06-09T11:38:25.335+0200] {logging_mixin.py:188} INFO - [2025-06-09T11:38:25.335+0200] {dag.py:3954} INFO - Setting next_dagrun for example_bash_operator to 2025-06-08 00:00:00+00:00, run_after=2025-06-09 00:00:00+00:00
[2025-06-09T11:38:25.358+0200] {processor.py:183} INFO - Processing /home/ccd/airflow_venv/lib/python3.10/site-packages/airflow/example_dags/example_bash_operator.py took 0.078 seconds
[2025-06-09T11:39:25.167+0200] {processor.py:161} INFO - Started process (PID=9764) to work on /home/ccd/airflow_venv/lib/python3.10/site-packages/airflow/example_dags/example_bash_operator.py
[2025-06-09T11:39:25.169+0200] {processor.py:830} INFO - Processing file /home/ccd/airflow_venv/lib/python3.10/site-packages/airflow/example_dags/example_bash_operator.py for tasks to queue
[2025-06-09T11:39:25.171+0200] {logging_mixin.py:188} INFO - [2025-06-09T11:39:25.171+0200] {dagbag.py:540} INFO - Filling up the DagBag from /home/ccd/airflow_venv/lib/python3.10/site-packages/airflow/example_dags/example_bash_operator.py
[2025-06-09T11:39:25.180+0200] {processor.py:840} INFO - DAG(s) 'example_bash_operator' retrieved from /home/ccd/airflow_venv/lib/python3.10/site-packages/airflow/example_dags/example_bash_operator.py
[2025-06-09T11:39:25.204+0200] {logging_mixin.py:188} INFO - [2025-06-09T11:39:25.204+0200] {dag.py:3096} INFO - Sync 1 DAGs
[2025-06-09T11:39:25.229+0200] {logging_mixin.py:188} INFO - [2025-06-09T11:39:25.228+0200] {dag.py:3954} INFO - Setting next_dagrun for example_bash_operator to 2025-06-08 00:00:00+00:00, run_after=2025-06-09 00:00:00+00:00
[2025-06-09T11:39:25.283+0200] {processor.py:183} INFO - Processing /home/ccd/airflow_venv/lib/python3.10/site-packages/airflow/example_dags/example_bash_operator.py took 0.124 seconds
[2025-06-09T11:40:38.178+0200] {processor.py:161} INFO - Started process (PID=10494) to work on /home/ccd/airflow_venv/lib/python3.10/site-packages/airflow/example_dags/example_bash_operator.py
[2025-06-09T11:40:38.179+0200] {processor.py:830} INFO - Processing file /home/ccd/airflow_venv/lib/python3.10/site-packages/airflow/example_dags/example_bash_operator.py for tasks to queue
[2025-06-09T11:40:38.180+0200] {logging_mixin.py:188} INFO - [2025-06-09T11:40:38.180+0200] {dagbag.py:540} INFO - Filling up the DagBag from /home/ccd/airflow_venv/lib/python3.10/site-packages/airflow/example_dags/example_bash_operator.py
[2025-06-09T11:40:38.186+0200] {processor.py:840} INFO - DAG(s) 'example_bash_operator' retrieved from /home/ccd/airflow_venv/lib/python3.10/site-packages/airflow/example_dags/example_bash_operator.py
[2025-06-09T11:40:38.200+0200] {logging_mixin.py:188} INFO - [2025-06-09T11:40:38.200+0200] {dag.py:3096} INFO - Sync 1 DAGs
[2025-06-09T11:40:38.211+0200] {logging_mixin.py:188} INFO - [2025-06-09T11:40:38.211+0200] {dag.py:3954} INFO - Setting next_dagrun for example_bash_operator to 2025-06-08 00:00:00+00:00, run_after=2025-06-09 00:00:00+00:00
[2025-06-09T11:40:38.231+0200] {processor.py:183} INFO - Processing /home/ccd/airflow_venv/lib/python3.10/site-packages/airflow/example_dags/example_bash_operator.py took 0.057 seconds
[2025-06-09T11:41:47.358+0200] {processor.py:161} INFO - Started process (PID=11068) to work on /home/ccd/airflow_venv/lib/python3.10/site-packages/airflow/example_dags/example_bash_operator.py
[2025-06-09T11:41:47.360+0200] {processor.py:830} INFO - Processing file /home/ccd/airflow_venv/lib/python3.10/site-packages/airflow/example_dags/example_bash_operator.py for tasks to queue
[2025-06-09T11:41:47.361+0200] {logging_mixin.py:188} INFO - [2025-06-09T11:41:47.361+0200] {dagbag.py:540} INFO - Filling up the DagBag from /home/ccd/airflow_venv/lib/python3.10/site-packages/airflow/example_dags/example_bash_operator.py
[2025-06-09T11:41:47.368+0200] {processor.py:840} INFO - DAG(s) 'example_bash_operator' retrieved from /home/ccd/airflow_venv/lib/python3.10/site-packages/airflow/example_dags/example_bash_operator.py
[2025-06-09T11:41:47.385+0200] {logging_mixin.py:188} INFO - [2025-06-09T11:41:47.385+0200] {dag.py:3096} INFO - Sync 1 DAGs
[2025-06-09T11:41:47.400+0200] {logging_mixin.py:188} INFO - [2025-06-09T11:41:47.399+0200] {dag.py:3954} INFO - Setting next_dagrun for example_bash_operator to 2025-06-08 00:00:00+00:00, run_after=2025-06-09 00:00:00+00:00
[2025-06-09T11:41:47.425+0200] {processor.py:183} INFO - Processing /home/ccd/airflow_venv/lib/python3.10/site-packages/airflow/example_dags/example_bash_operator.py took 0.071 seconds
[2025-06-09T11:43:01.568+0200] {processor.py:161} INFO - Started process (PID=11544) to work on /home/ccd/airflow_venv/lib/python3.10/site-packages/airflow/example_dags/example_bash_operator.py
[2025-06-09T11:43:01.578+0200] {processor.py:830} INFO - Processing file /home/ccd/airflow_venv/lib/python3.10/site-packages/airflow/example_dags/example_bash_operator.py for tasks to queue
[2025-06-09T11:43:01.579+0200] {logging_mixin.py:188} INFO - [2025-06-09T11:43:01.579+0200] {dagbag.py:540} INFO - Filling up the DagBag from /home/ccd/airflow_venv/lib/python3.10/site-packages/airflow/example_dags/example_bash_operator.py
[2025-06-09T11:43:01.587+0200] {processor.py:840} INFO - DAG(s) 'example_bash_operator' retrieved from /home/ccd/airflow_venv/lib/python3.10/site-packages/airflow/example_dags/example_bash_operator.py
[2025-06-09T11:43:01.601+0200] {logging_mixin.py:188} INFO - [2025-06-09T11:43:01.601+0200] {dag.py:3096} INFO - Sync 1 DAGs
[2025-06-09T11:43:01.615+0200] {logging_mixin.py:188} INFO - [2025-06-09T11:43:01.615+0200] {dag.py:3954} INFO - Setting next_dagrun for example_bash_operator to 2025-06-08 00:00:00+00:00, run_after=2025-06-09 00:00:00+00:00
[2025-06-09T11:43:01.636+0200] {processor.py:183} INFO - Processing /home/ccd/airflow_venv/lib/python3.10/site-packages/airflow/example_dags/example_bash_operator.py took 0.072 seconds
[2025-06-09T11:44:05.460+0200] {processor.py:161} INFO - Started process (PID=11935) to work on /home/ccd/airflow_venv/lib/python3.10/site-packages/airflow/example_dags/example_bash_operator.py
[2025-06-09T11:44:05.462+0200] {processor.py:830} INFO - Processing file /home/ccd/airflow_venv/lib/python3.10/site-packages/airflow/example_dags/example_bash_operator.py for tasks to queue
[2025-06-09T11:44:05.463+0200] {logging_mixin.py:188} INFO - [2025-06-09T11:44:05.463+0200] {dagbag.py:540} INFO - Filling up the DagBag from /home/ccd/airflow_venv/lib/python3.10/site-packages/airflow/example_dags/example_bash_operator.py
[2025-06-09T11:44:05.470+0200] {processor.py:840} INFO - DAG(s) 'example_bash_operator' retrieved from /home/ccd/airflow_venv/lib/python3.10/site-packages/airflow/example_dags/example_bash_operator.py
[2025-06-09T11:44:05.483+0200] {logging_mixin.py:188} INFO - [2025-06-09T11:44:05.482+0200] {dag.py:3096} INFO - Sync 1 DAGs
[2025-06-09T11:44:05.494+0200] {logging_mixin.py:188} INFO - [2025-06-09T11:44:05.494+0200] {dag.py:3954} INFO - Setting next_dagrun for example_bash_operator to 2025-06-08 00:00:00+00:00, run_after=2025-06-09 00:00:00+00:00
[2025-06-09T11:44:05.514+0200] {processor.py:183} INFO - Processing /home/ccd/airflow_venv/lib/python3.10/site-packages/airflow/example_dags/example_bash_operator.py took 0.057 seconds
[2025-06-09T11:45:01.593+0200] {processor.py:161} INFO - Started process (PID=12258) to work on /home/ccd/airflow_venv/lib/python3.10/site-packages/airflow/example_dags/example_bash_operator.py
[2025-06-09T11:45:01.594+0200] {processor.py:830} INFO - Processing file /home/ccd/airflow_venv/lib/python3.10/site-packages/airflow/example_dags/example_bash_operator.py for tasks to queue
[2025-06-09T11:45:01.595+0200] {logging_mixin.py:188} INFO - [2025-06-09T11:45:01.595+0200] {dagbag.py:540} INFO - Filling up the DagBag from /home/ccd/airflow_venv/lib/python3.10/site-packages/airflow/example_dags/example_bash_operator.py
[2025-06-09T11:45:01.602+0200] {processor.py:840} INFO - DAG(s) 'example_bash_operator' retrieved from /home/ccd/airflow_venv/lib/python3.10/site-packages/airflow/example_dags/example_bash_operator.py
[2025-06-09T11:45:01.614+0200] {logging_mixin.py:188} INFO - [2025-06-09T11:45:01.614+0200] {dag.py:3096} INFO - Sync 1 DAGs
[2025-06-09T11:45:01.627+0200] {logging_mixin.py:188} INFO - [2025-06-09T11:45:01.627+0200] {dag.py:3954} INFO - Setting next_dagrun for example_bash_operator to 2025-06-08 00:00:00+00:00, run_after=2025-06-09 00:00:00+00:00
[2025-06-09T11:45:01.647+0200] {processor.py:183} INFO - Processing /home/ccd/airflow_venv/lib/python3.10/site-packages/airflow/example_dags/example_bash_operator.py took 0.058 seconds
[2025-06-09T11:46:45.590+0200] {processor.py:161} INFO - Started process (PID=13761) to work on /home/ccd/airflow_venv/lib/python3.10/site-packages/airflow/example_dags/example_bash_operator.py
[2025-06-09T11:46:45.593+0200] {processor.py:830} INFO - Processing file /home/ccd/airflow_venv/lib/python3.10/site-packages/airflow/example_dags/example_bash_operator.py for tasks to queue
[2025-06-09T11:46:45.594+0200] {logging_mixin.py:188} INFO - [2025-06-09T11:46:45.593+0200] {dagbag.py:540} INFO - Filling up the DagBag from /home/ccd/airflow_venv/lib/python3.10/site-packages/airflow/example_dags/example_bash_operator.py
[2025-06-09T11:46:45.602+0200] {processor.py:840} INFO - DAG(s) 'example_bash_operator' retrieved from /home/ccd/airflow_venv/lib/python3.10/site-packages/airflow/example_dags/example_bash_operator.py
[2025-06-09T11:46:45.618+0200] {logging_mixin.py:188} INFO - [2025-06-09T11:46:45.617+0200] {dag.py:3096} INFO - Sync 1 DAGs
[2025-06-09T11:46:45.633+0200] {logging_mixin.py:188} INFO - [2025-06-09T11:46:45.633+0200] {dag.py:3954} INFO - Setting next_dagrun for example_bash_operator to 2025-06-08 00:00:00+00:00, run_after=2025-06-09 00:00:00+00:00
[2025-06-09T11:46:45.653+0200] {processor.py:183} INFO - Processing /home/ccd/airflow_venv/lib/python3.10/site-packages/airflow/example_dags/example_bash_operator.py took 0.068 seconds
[2025-06-09T11:47:43.373+0200] {processor.py:161} INFO - Started process (PID=14099) to work on /home/ccd/airflow_venv/lib/python3.10/site-packages/airflow/example_dags/example_bash_operator.py
[2025-06-09T11:47:43.376+0200] {processor.py:830} INFO - Processing file /home/ccd/airflow_venv/lib/python3.10/site-packages/airflow/example_dags/example_bash_operator.py for tasks to queue
[2025-06-09T11:47:43.378+0200] {logging_mixin.py:188} INFO - [2025-06-09T11:47:43.378+0200] {dagbag.py:540} INFO - Filling up the DagBag from /home/ccd/airflow_venv/lib/python3.10/site-packages/airflow/example_dags/example_bash_operator.py
[2025-06-09T11:47:43.388+0200] {processor.py:840} INFO - DAG(s) 'example_bash_operator' retrieved from /home/ccd/airflow_venv/lib/python3.10/site-packages/airflow/example_dags/example_bash_operator.py
[2025-06-09T11:47:43.405+0200] {logging_mixin.py:188} INFO - [2025-06-09T11:47:43.404+0200] {dag.py:3096} INFO - Sync 1 DAGs
[2025-06-09T11:47:43.417+0200] {logging_mixin.py:188} INFO - [2025-06-09T11:47:43.417+0200] {dag.py:3954} INFO - Setting next_dagrun for example_bash_operator to 2025-06-08 00:00:00+00:00, run_after=2025-06-09 00:00:00+00:00
[2025-06-09T11:47:43.436+0200] {processor.py:183} INFO - Processing /home/ccd/airflow_venv/lib/python3.10/site-packages/airflow/example_dags/example_bash_operator.py took 0.067 seconds
[2025-06-09T11:49:02.078+0200] {processor.py:161} INFO - Started process (PID=15715) to work on /home/ccd/airflow_venv/lib/python3.10/site-packages/airflow/example_dags/example_bash_operator.py
[2025-06-09T11:49:02.080+0200] {processor.py:830} INFO - Processing file /home/ccd/airflow_venv/lib/python3.10/site-packages/airflow/example_dags/example_bash_operator.py for tasks to queue
[2025-06-09T11:49:02.081+0200] {logging_mixin.py:188} INFO - [2025-06-09T11:49:02.080+0200] {dagbag.py:540} INFO - Filling up the DagBag from /home/ccd/airflow_venv/lib/python3.10/site-packages/airflow/example_dags/example_bash_operator.py
[2025-06-09T11:49:02.090+0200] {processor.py:840} INFO - DAG(s) 'example_bash_operator' retrieved from /home/ccd/airflow_venv/lib/python3.10/site-packages/airflow/example_dags/example_bash_operator.py
[2025-06-09T11:49:02.105+0200] {logging_mixin.py:188} INFO - [2025-06-09T11:49:02.105+0200] {dag.py:3096} INFO - Sync 1 DAGs
[2025-06-09T11:49:02.120+0200] {logging_mixin.py:188} INFO - [2025-06-09T11:49:02.120+0200] {dag.py:3954} INFO - Setting next_dagrun for example_bash_operator to 2025-06-08 00:00:00+00:00, run_after=2025-06-09 00:00:00+00:00
[2025-06-09T11:49:02.141+0200] {processor.py:183} INFO - Processing /home/ccd/airflow_venv/lib/python3.10/site-packages/airflow/example_dags/example_bash_operator.py took 0.068 seconds
[2025-06-09T11:50:27.840+0200] {processor.py:161} INFO - Started process (PID=16440) to work on /home/ccd/airflow_venv/lib/python3.10/site-packages/airflow/example_dags/example_bash_operator.py
[2025-06-09T11:50:27.851+0200] {processor.py:830} INFO - Processing file /home/ccd/airflow_venv/lib/python3.10/site-packages/airflow/example_dags/example_bash_operator.py for tasks to queue
[2025-06-09T11:50:27.853+0200] {logging_mixin.py:188} INFO - [2025-06-09T11:50:27.852+0200] {dagbag.py:540} INFO - Filling up the DagBag from /home/ccd/airflow_venv/lib/python3.10/site-packages/airflow/example_dags/example_bash_operator.py
[2025-06-09T11:50:27.860+0200] {processor.py:840} INFO - DAG(s) 'example_bash_operator' retrieved from /home/ccd/airflow_venv/lib/python3.10/site-packages/airflow/example_dags/example_bash_operator.py
[2025-06-09T11:50:27.874+0200] {logging_mixin.py:188} INFO - [2025-06-09T11:50:27.873+0200] {dag.py:3096} INFO - Sync 1 DAGs
[2025-06-09T11:50:27.886+0200] {logging_mixin.py:188} INFO - [2025-06-09T11:50:27.886+0200] {dag.py:3954} INFO - Setting next_dagrun for example_bash_operator to 2025-06-08 00:00:00+00:00, run_after=2025-06-09 00:00:00+00:00
[2025-06-09T11:50:27.908+0200] {processor.py:183} INFO - Processing /home/ccd/airflow_venv/lib/python3.10/site-packages/airflow/example_dags/example_bash_operator.py took 0.073 seconds
[2025-06-09T11:51:36.772+0200] {processor.py:161} INFO - Started process (PID=17330) to work on /home/ccd/airflow_venv/lib/python3.10/site-packages/airflow/example_dags/example_bash_operator.py
[2025-06-09T11:51:36.774+0200] {processor.py:830} INFO - Processing file /home/ccd/airflow_venv/lib/python3.10/site-packages/airflow/example_dags/example_bash_operator.py for tasks to queue
[2025-06-09T11:51:36.775+0200] {logging_mixin.py:188} INFO - [2025-06-09T11:51:36.775+0200] {dagbag.py:540} INFO - Filling up the DagBag from /home/ccd/airflow_venv/lib/python3.10/site-packages/airflow/example_dags/example_bash_operator.py
[2025-06-09T11:51:36.784+0200] {processor.py:840} INFO - DAG(s) 'example_bash_operator' retrieved from /home/ccd/airflow_venv/lib/python3.10/site-packages/airflow/example_dags/example_bash_operator.py
[2025-06-09T11:51:36.800+0200] {logging_mixin.py:188} INFO - [2025-06-09T11:51:36.799+0200] {dag.py:3096} INFO - Sync 1 DAGs
[2025-06-09T11:51:36.813+0200] {logging_mixin.py:188} INFO - [2025-06-09T11:51:36.812+0200] {dag.py:3954} INFO - Setting next_dagrun for example_bash_operator to 2025-06-08 00:00:00+00:00, run_after=2025-06-09 00:00:00+00:00
[2025-06-09T11:51:36.838+0200] {processor.py:183} INFO - Processing /home/ccd/airflow_venv/lib/python3.10/site-packages/airflow/example_dags/example_bash_operator.py took 0.069 seconds
[2025-06-09T11:52:32.182+0200] {processor.py:161} INFO - Started process (PID=17671) to work on /home/ccd/airflow_venv/lib/python3.10/site-packages/airflow/example_dags/example_bash_operator.py
[2025-06-09T11:52:32.193+0200] {processor.py:830} INFO - Processing file /home/ccd/airflow_venv/lib/python3.10/site-packages/airflow/example_dags/example_bash_operator.py for tasks to queue
[2025-06-09T11:52:32.194+0200] {logging_mixin.py:188} INFO - [2025-06-09T11:52:32.193+0200] {dagbag.py:540} INFO - Filling up the DagBag from /home/ccd/airflow_venv/lib/python3.10/site-packages/airflow/example_dags/example_bash_operator.py
[2025-06-09T11:52:32.200+0200] {processor.py:840} INFO - DAG(s) 'example_bash_operator' retrieved from /home/ccd/airflow_venv/lib/python3.10/site-packages/airflow/example_dags/example_bash_operator.py
[2025-06-09T11:52:32.212+0200] {logging_mixin.py:188} INFO - [2025-06-09T11:52:32.212+0200] {dag.py:3096} INFO - Sync 1 DAGs
[2025-06-09T11:52:32.222+0200] {logging_mixin.py:188} INFO - [2025-06-09T11:52:32.222+0200] {dag.py:3954} INFO - Setting next_dagrun for example_bash_operator to 2025-06-08 00:00:00+00:00, run_after=2025-06-09 00:00:00+00:00
[2025-06-09T11:52:32.241+0200] {processor.py:183} INFO - Processing /home/ccd/airflow_venv/lib/python3.10/site-packages/airflow/example_dags/example_bash_operator.py took 0.062 seconds
[2025-06-09T11:53:24.239+0200] {processor.py:161} INFO - Started process (PID=17959) to work on /home/ccd/airflow_venv/lib/python3.10/site-packages/airflow/example_dags/example_bash_operator.py
[2025-06-09T11:53:24.251+0200] {processor.py:830} INFO - Processing file /home/ccd/airflow_venv/lib/python3.10/site-packages/airflow/example_dags/example_bash_operator.py for tasks to queue
[2025-06-09T11:53:24.252+0200] {logging_mixin.py:188} INFO - [2025-06-09T11:53:24.252+0200] {dagbag.py:540} INFO - Filling up the DagBag from /home/ccd/airflow_venv/lib/python3.10/site-packages/airflow/example_dags/example_bash_operator.py
[2025-06-09T11:53:24.261+0200] {processor.py:840} INFO - DAG(s) 'example_bash_operator' retrieved from /home/ccd/airflow_venv/lib/python3.10/site-packages/airflow/example_dags/example_bash_operator.py
[2025-06-09T11:53:24.277+0200] {logging_mixin.py:188} INFO - [2025-06-09T11:53:24.277+0200] {dag.py:3096} INFO - Sync 1 DAGs
[2025-06-09T11:53:24.291+0200] {logging_mixin.py:188} INFO - [2025-06-09T11:53:24.290+0200] {dag.py:3954} INFO - Setting next_dagrun for example_bash_operator to 2025-06-08 00:00:00+00:00, run_after=2025-06-09 00:00:00+00:00
[2025-06-09T11:53:24.312+0200] {processor.py:183} INFO - Processing /home/ccd/airflow_venv/lib/python3.10/site-packages/airflow/example_dags/example_bash_operator.py took 0.077 seconds
[2025-06-09T11:54:17.302+0200] {processor.py:161} INFO - Started process (PID=18264) to work on /home/ccd/airflow_venv/lib/python3.10/site-packages/airflow/example_dags/example_bash_operator.py
[2025-06-09T11:54:17.314+0200] {processor.py:830} INFO - Processing file /home/ccd/airflow_venv/lib/python3.10/site-packages/airflow/example_dags/example_bash_operator.py for tasks to queue
[2025-06-09T11:54:17.315+0200] {logging_mixin.py:188} INFO - [2025-06-09T11:54:17.315+0200] {dagbag.py:540} INFO - Filling up the DagBag from /home/ccd/airflow_venv/lib/python3.10/site-packages/airflow/example_dags/example_bash_operator.py
[2025-06-09T11:54:17.323+0200] {processor.py:840} INFO - DAG(s) 'example_bash_operator' retrieved from /home/ccd/airflow_venv/lib/python3.10/site-packages/airflow/example_dags/example_bash_operator.py
[2025-06-09T11:54:17.340+0200] {logging_mixin.py:188} INFO - [2025-06-09T11:54:17.340+0200] {dag.py:3096} INFO - Sync 1 DAGs
[2025-06-09T11:54:17.352+0200] {logging_mixin.py:188} INFO - [2025-06-09T11:54:17.352+0200] {dag.py:3954} INFO - Setting next_dagrun for example_bash_operator to 2025-06-08 00:00:00+00:00, run_after=2025-06-09 00:00:00+00:00
[2025-06-09T11:54:17.373+0200] {processor.py:183} INFO - Processing /home/ccd/airflow_venv/lib/python3.10/site-packages/airflow/example_dags/example_bash_operator.py took 0.074 seconds
[2025-06-09T11:55:11.440+0200] {processor.py:161} INFO - Started process (PID=18552) to work on /home/ccd/airflow_venv/lib/python3.10/site-packages/airflow/example_dags/example_bash_operator.py
[2025-06-09T11:55:11.451+0200] {processor.py:830} INFO - Processing file /home/ccd/airflow_venv/lib/python3.10/site-packages/airflow/example_dags/example_bash_operator.py for tasks to queue
[2025-06-09T11:55:11.452+0200] {logging_mixin.py:188} INFO - [2025-06-09T11:55:11.452+0200] {dagbag.py:540} INFO - Filling up the DagBag from /home/ccd/airflow_venv/lib/python3.10/site-packages/airflow/example_dags/example_bash_operator.py
[2025-06-09T11:55:11.459+0200] {processor.py:840} INFO - DAG(s) 'example_bash_operator' retrieved from /home/ccd/airflow_venv/lib/python3.10/site-packages/airflow/example_dags/example_bash_operator.py
[2025-06-09T11:55:11.471+0200] {logging_mixin.py:188} INFO - [2025-06-09T11:55:11.471+0200] {dag.py:3096} INFO - Sync 1 DAGs
[2025-06-09T11:55:11.482+0200] {logging_mixin.py:188} INFO - [2025-06-09T11:55:11.482+0200] {dag.py:3954} INFO - Setting next_dagrun for example_bash_operator to 2025-06-08 00:00:00+00:00, run_after=2025-06-09 00:00:00+00:00
[2025-06-09T11:55:11.502+0200] {processor.py:183} INFO - Processing /home/ccd/airflow_venv/lib/python3.10/site-packages/airflow/example_dags/example_bash_operator.py took 0.066 seconds
[2025-06-09T11:56:26.923+0200] {processor.py:161} INFO - Started process (PID=19012) to work on /home/ccd/airflow_venv/lib/python3.10/site-packages/airflow/example_dags/example_bash_operator.py
[2025-06-09T11:56:26.925+0200] {processor.py:830} INFO - Processing file /home/ccd/airflow_venv/lib/python3.10/site-packages/airflow/example_dags/example_bash_operator.py for tasks to queue
[2025-06-09T11:56:26.926+0200] {logging_mixin.py:188} INFO - [2025-06-09T11:56:26.926+0200] {dagbag.py:540} INFO - Filling up the DagBag from /home/ccd/airflow_venv/lib/python3.10/site-packages/airflow/example_dags/example_bash_operator.py
[2025-06-09T11:56:26.933+0200] {processor.py:840} INFO - DAG(s) 'example_bash_operator' retrieved from /home/ccd/airflow_venv/lib/python3.10/site-packages/airflow/example_dags/example_bash_operator.py
[2025-06-09T11:56:26.946+0200] {logging_mixin.py:188} INFO - [2025-06-09T11:56:26.946+0200] {dag.py:3096} INFO - Sync 1 DAGs
[2025-06-09T11:56:26.958+0200] {logging_mixin.py:188} INFO - [2025-06-09T11:56:26.958+0200] {dag.py:3954} INFO - Setting next_dagrun for example_bash_operator to 2025-06-08 00:00:00+00:00, run_after=2025-06-09 00:00:00+00:00
[2025-06-09T11:56:26.988+0200] {processor.py:183} INFO - Processing /home/ccd/airflow_venv/lib/python3.10/site-packages/airflow/example_dags/example_bash_operator.py took 0.069 seconds
[2025-06-09T11:57:40.619+0200] {processor.py:161} INFO - Started process (PID=19430) to work on /home/ccd/airflow_venv/lib/python3.10/site-packages/airflow/example_dags/example_bash_operator.py
[2025-06-09T11:57:40.619+0200] {processor.py:830} INFO - Processing file /home/ccd/airflow_venv/lib/python3.10/site-packages/airflow/example_dags/example_bash_operator.py for tasks to queue
[2025-06-09T11:57:40.621+0200] {logging_mixin.py:188} INFO - [2025-06-09T11:57:40.620+0200] {dagbag.py:540} INFO - Filling up the DagBag from /home/ccd/airflow_venv/lib/python3.10/site-packages/airflow/example_dags/example_bash_operator.py
[2025-06-09T11:57:40.629+0200] {processor.py:840} INFO - DAG(s) 'example_bash_operator' retrieved from /home/ccd/airflow_venv/lib/python3.10/site-packages/airflow/example_dags/example_bash_operator.py
[2025-06-09T11:57:40.643+0200] {logging_mixin.py:188} INFO - [2025-06-09T11:57:40.643+0200] {dag.py:3096} INFO - Sync 1 DAGs
[2025-06-09T11:57:40.655+0200] {logging_mixin.py:188} INFO - [2025-06-09T11:57:40.655+0200] {dag.py:3954} INFO - Setting next_dagrun for example_bash_operator to 2025-06-08 00:00:00+00:00, run_after=2025-06-09 00:00:00+00:00
[2025-06-09T11:57:40.683+0200] {processor.py:183} INFO - Processing /home/ccd/airflow_venv/lib/python3.10/site-packages/airflow/example_dags/example_bash_operator.py took 0.068 seconds
[2025-06-09T11:58:34.606+0200] {processor.py:161} INFO - Started process (PID=19734) to work on /home/ccd/airflow_venv/lib/python3.10/site-packages/airflow/example_dags/example_bash_operator.py
[2025-06-09T11:58:34.609+0200] {processor.py:830} INFO - Processing file /home/ccd/airflow_venv/lib/python3.10/site-packages/airflow/example_dags/example_bash_operator.py for tasks to queue
[2025-06-09T11:58:34.610+0200] {logging_mixin.py:188} INFO - [2025-06-09T11:58:34.610+0200] {dagbag.py:540} INFO - Filling up the DagBag from /home/ccd/airflow_venv/lib/python3.10/site-packages/airflow/example_dags/example_bash_operator.py
[2025-06-09T11:58:34.617+0200] {processor.py:840} INFO - DAG(s) 'example_bash_operator' retrieved from /home/ccd/airflow_venv/lib/python3.10/site-packages/airflow/example_dags/example_bash_operator.py
[2025-06-09T11:58:34.630+0200] {logging_mixin.py:188} INFO - [2025-06-09T11:58:34.630+0200] {dag.py:3096} INFO - Sync 1 DAGs
[2025-06-09T11:58:34.642+0200] {logging_mixin.py:188} INFO - [2025-06-09T11:58:34.642+0200] {dag.py:3954} INFO - Setting next_dagrun for example_bash_operator to 2025-06-08 00:00:00+00:00, run_after=2025-06-09 00:00:00+00:00
[2025-06-09T11:58:34.669+0200] {processor.py:183} INFO - Processing /home/ccd/airflow_venv/lib/python3.10/site-packages/airflow/example_dags/example_bash_operator.py took 0.066 seconds
[2025-06-09T11:59:48.416+0200] {processor.py:161} INFO - Started process (PID=20258) to work on /home/ccd/airflow_venv/lib/python3.10/site-packages/airflow/example_dags/example_bash_operator.py
[2025-06-09T11:59:48.427+0200] {processor.py:830} INFO - Processing file /home/ccd/airflow_venv/lib/python3.10/site-packages/airflow/example_dags/example_bash_operator.py for tasks to queue
[2025-06-09T11:59:48.428+0200] {logging_mixin.py:188} INFO - [2025-06-09T11:59:48.428+0200] {dagbag.py:540} INFO - Filling up the DagBag from /home/ccd/airflow_venv/lib/python3.10/site-packages/airflow/example_dags/example_bash_operator.py
[2025-06-09T11:59:48.437+0200] {processor.py:840} INFO - DAG(s) 'example_bash_operator' retrieved from /home/ccd/airflow_venv/lib/python3.10/site-packages/airflow/example_dags/example_bash_operator.py
[2025-06-09T11:59:48.454+0200] {logging_mixin.py:188} INFO - [2025-06-09T11:59:48.454+0200] {dag.py:3096} INFO - Sync 1 DAGs
[2025-06-09T11:59:48.468+0200] {logging_mixin.py:188} INFO - [2025-06-09T11:59:48.468+0200] {dag.py:3954} INFO - Setting next_dagrun for example_bash_operator to 2025-06-08 00:00:00+00:00, run_after=2025-06-09 00:00:00+00:00
[2025-06-09T11:59:48.490+0200] {processor.py:183} INFO - Processing /home/ccd/airflow_venv/lib/python3.10/site-packages/airflow/example_dags/example_bash_operator.py took 0.078 seconds
[2025-06-09T12:00:44.285+0200] {processor.py:161} INFO - Started process (PID=20651) to work on /home/ccd/airflow_venv/lib/python3.10/site-packages/airflow/example_dags/example_bash_operator.py
[2025-06-09T12:00:44.286+0200] {processor.py:830} INFO - Processing file /home/ccd/airflow_venv/lib/python3.10/site-packages/airflow/example_dags/example_bash_operator.py for tasks to queue
[2025-06-09T12:00:44.287+0200] {logging_mixin.py:188} INFO - [2025-06-09T12:00:44.287+0200] {dagbag.py:540} INFO - Filling up the DagBag from /home/ccd/airflow_venv/lib/python3.10/site-packages/airflow/example_dags/example_bash_operator.py
[2025-06-09T12:00:44.297+0200] {processor.py:840} INFO - DAG(s) 'example_bash_operator' retrieved from /home/ccd/airflow_venv/lib/python3.10/site-packages/airflow/example_dags/example_bash_operator.py
[2025-06-09T12:00:44.314+0200] {logging_mixin.py:188} INFO - [2025-06-09T12:00:44.314+0200] {dag.py:3096} INFO - Sync 1 DAGs
[2025-06-09T12:00:44.327+0200] {logging_mixin.py:188} INFO - [2025-06-09T12:00:44.327+0200] {dag.py:3954} INFO - Setting next_dagrun for example_bash_operator to 2025-06-08 00:00:00+00:00, run_after=2025-06-09 00:00:00+00:00
[2025-06-09T12:00:44.350+0200] {processor.py:183} INFO - Processing /home/ccd/airflow_venv/lib/python3.10/site-packages/airflow/example_dags/example_bash_operator.py took 0.069 seconds
[2025-06-09T12:02:00.610+0200] {processor.py:161} INFO - Started process (PID=21126) to work on /home/ccd/airflow_venv/lib/python3.10/site-packages/airflow/example_dags/example_bash_operator.py
[2025-06-09T12:02:00.621+0200] {processor.py:830} INFO - Processing file /home/ccd/airflow_venv/lib/python3.10/site-packages/airflow/example_dags/example_bash_operator.py for tasks to queue
[2025-06-09T12:02:00.622+0200] {logging_mixin.py:188} INFO - [2025-06-09T12:02:00.622+0200] {dagbag.py:540} INFO - Filling up the DagBag from /home/ccd/airflow_venv/lib/python3.10/site-packages/airflow/example_dags/example_bash_operator.py
[2025-06-09T12:02:00.628+0200] {processor.py:840} INFO - DAG(s) 'example_bash_operator' retrieved from /home/ccd/airflow_venv/lib/python3.10/site-packages/airflow/example_dags/example_bash_operator.py
[2025-06-09T12:02:00.642+0200] {logging_mixin.py:188} INFO - [2025-06-09T12:02:00.641+0200] {dag.py:3096} INFO - Sync 1 DAGs
[2025-06-09T12:02:00.653+0200] {logging_mixin.py:188} INFO - [2025-06-09T12:02:00.652+0200] {dag.py:3954} INFO - Setting next_dagrun for example_bash_operator to 2025-06-08 00:00:00+00:00, run_after=2025-06-09 00:00:00+00:00
[2025-06-09T12:02:00.674+0200] {processor.py:183} INFO - Processing /home/ccd/airflow_venv/lib/python3.10/site-packages/airflow/example_dags/example_bash_operator.py took 0.068 seconds
[2025-06-09T12:02:54.029+0200] {processor.py:161} INFO - Started process (PID=21444) to work on /home/ccd/airflow_venv/lib/python3.10/site-packages/airflow/example_dags/example_bash_operator.py
[2025-06-09T12:02:54.039+0200] {processor.py:830} INFO - Processing file /home/ccd/airflow_venv/lib/python3.10/site-packages/airflow/example_dags/example_bash_operator.py for tasks to queue
[2025-06-09T12:02:54.041+0200] {logging_mixin.py:188} INFO - [2025-06-09T12:02:54.040+0200] {dagbag.py:540} INFO - Filling up the DagBag from /home/ccd/airflow_venv/lib/python3.10/site-packages/airflow/example_dags/example_bash_operator.py
[2025-06-09T12:02:54.047+0200] {processor.py:840} INFO - DAG(s) 'example_bash_operator' retrieved from /home/ccd/airflow_venv/lib/python3.10/site-packages/airflow/example_dags/example_bash_operator.py
[2025-06-09T12:02:54.060+0200] {logging_mixin.py:188} INFO - [2025-06-09T12:02:54.060+0200] {dag.py:3096} INFO - Sync 1 DAGs
[2025-06-09T12:02:54.071+0200] {logging_mixin.py:188} INFO - [2025-06-09T12:02:54.071+0200] {dag.py:3954} INFO - Setting next_dagrun for example_bash_operator to 2025-06-08 00:00:00+00:00, run_after=2025-06-09 00:00:00+00:00
[2025-06-09T12:02:54.092+0200] {processor.py:183} INFO - Processing /home/ccd/airflow_venv/lib/python3.10/site-packages/airflow/example_dags/example_bash_operator.py took 0.068 seconds
[2025-06-09T12:05:16.375+0200] {processor.py:161} INFO - Started process (PID=24179) to work on /home/ccd/airflow_venv/lib/python3.10/site-packages/airflow/example_dags/example_bash_operator.py
[2025-06-09T12:05:16.386+0200] {processor.py:830} INFO - Processing file /home/ccd/airflow_venv/lib/python3.10/site-packages/airflow/example_dags/example_bash_operator.py for tasks to queue
[2025-06-09T12:05:16.387+0200] {logging_mixin.py:188} INFO - [2025-06-09T12:05:16.387+0200] {dagbag.py:540} INFO - Filling up the DagBag from /home/ccd/airflow_venv/lib/python3.10/site-packages/airflow/example_dags/example_bash_operator.py
[2025-06-09T12:05:16.395+0200] {processor.py:840} INFO - DAG(s) 'example_bash_operator' retrieved from /home/ccd/airflow_venv/lib/python3.10/site-packages/airflow/example_dags/example_bash_operator.py
[2025-06-09T12:05:16.410+0200] {logging_mixin.py:188} INFO - [2025-06-09T12:05:16.409+0200] {dag.py:3096} INFO - Sync 1 DAGs
[2025-06-09T12:05:16.421+0200] {logging_mixin.py:188} INFO - [2025-06-09T12:05:16.421+0200] {dag.py:3954} INFO - Setting next_dagrun for example_bash_operator to 2025-06-08 00:00:00+00:00, run_after=2025-06-09 00:00:00+00:00
[2025-06-09T12:05:16.443+0200] {processor.py:183} INFO - Processing /home/ccd/airflow_venv/lib/python3.10/site-packages/airflow/example_dags/example_bash_operator.py took 0.072 seconds
[2025-06-09T12:06:27.419+0200] {processor.py:161} INFO - Started process (PID=24710) to work on /home/ccd/airflow_venv/lib/python3.10/site-packages/airflow/example_dags/example_bash_operator.py
[2025-06-09T12:06:27.431+0200] {processor.py:830} INFO - Processing file /home/ccd/airflow_venv/lib/python3.10/site-packages/airflow/example_dags/example_bash_operator.py for tasks to queue
[2025-06-09T12:06:27.432+0200] {logging_mixin.py:188} INFO - [2025-06-09T12:06:27.431+0200] {dagbag.py:540} INFO - Filling up the DagBag from /home/ccd/airflow_venv/lib/python3.10/site-packages/airflow/example_dags/example_bash_operator.py
[2025-06-09T12:06:27.438+0200] {processor.py:840} INFO - DAG(s) 'example_bash_operator' retrieved from /home/ccd/airflow_venv/lib/python3.10/site-packages/airflow/example_dags/example_bash_operator.py
[2025-06-09T12:06:27.453+0200] {logging_mixin.py:188} INFO - [2025-06-09T12:06:27.453+0200] {dag.py:3096} INFO - Sync 1 DAGs
[2025-06-09T12:06:27.464+0200] {logging_mixin.py:188} INFO - [2025-06-09T12:06:27.464+0200] {dag.py:3954} INFO - Setting next_dagrun for example_bash_operator to 2025-06-08 00:00:00+00:00, run_after=2025-06-09 00:00:00+00:00
[2025-06-09T12:06:27.486+0200] {processor.py:183} INFO - Processing /home/ccd/airflow_venv/lib/python3.10/site-packages/airflow/example_dags/example_bash_operator.py took 0.070 seconds
[2025-06-09T12:07:34.483+0200] {processor.py:161} INFO - Started process (PID=25320) to work on /home/ccd/airflow_venv/lib/python3.10/site-packages/airflow/example_dags/example_bash_operator.py
[2025-06-09T12:07:34.484+0200] {processor.py:830} INFO - Processing file /home/ccd/airflow_venv/lib/python3.10/site-packages/airflow/example_dags/example_bash_operator.py for tasks to queue
[2025-06-09T12:07:34.486+0200] {logging_mixin.py:188} INFO - [2025-06-09T12:07:34.485+0200] {dagbag.py:540} INFO - Filling up the DagBag from /home/ccd/airflow_venv/lib/python3.10/site-packages/airflow/example_dags/example_bash_operator.py
[2025-06-09T12:07:34.495+0200] {processor.py:840} INFO - DAG(s) 'example_bash_operator' retrieved from /home/ccd/airflow_venv/lib/python3.10/site-packages/airflow/example_dags/example_bash_operator.py
[2025-06-09T12:07:34.510+0200] {logging_mixin.py:188} INFO - [2025-06-09T12:07:34.510+0200] {dag.py:3096} INFO - Sync 1 DAGs
[2025-06-09T12:07:34.523+0200] {logging_mixin.py:188} INFO - [2025-06-09T12:07:34.522+0200] {dag.py:3954} INFO - Setting next_dagrun for example_bash_operator to 2025-06-08 00:00:00+00:00, run_after=2025-06-09 00:00:00+00:00
[2025-06-09T12:07:34.543+0200] {processor.py:183} INFO - Processing /home/ccd/airflow_venv/lib/python3.10/site-packages/airflow/example_dags/example_bash_operator.py took 0.064 seconds
[2025-06-09T12:08:31.208+0200] {processor.py:161} INFO - Started process (PID=25668) to work on /home/ccd/airflow_venv/lib/python3.10/site-packages/airflow/example_dags/example_bash_operator.py
[2025-06-09T12:08:31.219+0200] {processor.py:830} INFO - Processing file /home/ccd/airflow_venv/lib/python3.10/site-packages/airflow/example_dags/example_bash_operator.py for tasks to queue
[2025-06-09T12:08:31.220+0200] {logging_mixin.py:188} INFO - [2025-06-09T12:08:31.220+0200] {dagbag.py:540} INFO - Filling up the DagBag from /home/ccd/airflow_venv/lib/python3.10/site-packages/airflow/example_dags/example_bash_operator.py
[2025-06-09T12:08:31.227+0200] {processor.py:840} INFO - DAG(s) 'example_bash_operator' retrieved from /home/ccd/airflow_venv/lib/python3.10/site-packages/airflow/example_dags/example_bash_operator.py
[2025-06-09T12:08:31.239+0200] {logging_mixin.py:188} INFO - [2025-06-09T12:08:31.239+0200] {dag.py:3096} INFO - Sync 1 DAGs
[2025-06-09T12:08:31.250+0200] {logging_mixin.py:188} INFO - [2025-06-09T12:08:31.250+0200] {dag.py:3954} INFO - Setting next_dagrun for example_bash_operator to 2025-06-08 00:00:00+00:00, run_after=2025-06-09 00:00:00+00:00
[2025-06-09T12:08:31.271+0200] {processor.py:183} INFO - Processing /home/ccd/airflow_venv/lib/python3.10/site-packages/airflow/example_dags/example_bash_operator.py took 0.067 seconds
[2025-06-09T12:09:26.026+0200] {processor.py:161} INFO - Started process (PID=26163) to work on /home/ccd/airflow_venv/lib/python3.10/site-packages/airflow/example_dags/example_bash_operator.py
[2025-06-09T12:09:26.029+0200] {processor.py:830} INFO - Processing file /home/ccd/airflow_venv/lib/python3.10/site-packages/airflow/example_dags/example_bash_operator.py for tasks to queue
[2025-06-09T12:09:26.031+0200] {logging_mixin.py:188} INFO - [2025-06-09T12:09:26.031+0200] {dagbag.py:540} INFO - Filling up the DagBag from /home/ccd/airflow_venv/lib/python3.10/site-packages/airflow/example_dags/example_bash_operator.py
[2025-06-09T12:09:26.043+0200] {processor.py:840} INFO - DAG(s) 'example_bash_operator' retrieved from /home/ccd/airflow_venv/lib/python3.10/site-packages/airflow/example_dags/example_bash_operator.py
[2025-06-09T12:09:26.065+0200] {logging_mixin.py:188} INFO - [2025-06-09T12:09:26.065+0200] {dag.py:3096} INFO - Sync 1 DAGs
[2025-06-09T12:09:26.081+0200] {logging_mixin.py:188} INFO - [2025-06-09T12:09:26.081+0200] {dag.py:3954} INFO - Setting next_dagrun for example_bash_operator to 2025-06-08 00:00:00+00:00, run_after=2025-06-09 00:00:00+00:00
[2025-06-09T12:09:26.124+0200] {processor.py:183} INFO - Processing /home/ccd/airflow_venv/lib/python3.10/site-packages/airflow/example_dags/example_bash_operator.py took 0.102 seconds
[2025-06-09T12:10:22.574+0200] {processor.py:161} INFO - Started process (PID=26804) to work on /home/ccd/airflow_venv/lib/python3.10/site-packages/airflow/example_dags/example_bash_operator.py
[2025-06-09T12:10:22.574+0200] {processor.py:830} INFO - Processing file /home/ccd/airflow_venv/lib/python3.10/site-packages/airflow/example_dags/example_bash_operator.py for tasks to queue
[2025-06-09T12:10:22.576+0200] {logging_mixin.py:188} INFO - [2025-06-09T12:10:22.575+0200] {dagbag.py:540} INFO - Filling up the DagBag from /home/ccd/airflow_venv/lib/python3.10/site-packages/airflow/example_dags/example_bash_operator.py
[2025-06-09T12:10:22.582+0200] {processor.py:840} INFO - DAG(s) 'example_bash_operator' retrieved from /home/ccd/airflow_venv/lib/python3.10/site-packages/airflow/example_dags/example_bash_operator.py
[2025-06-09T12:10:22.595+0200] {logging_mixin.py:188} INFO - [2025-06-09T12:10:22.595+0200] {dag.py:3096} INFO - Sync 1 DAGs
[2025-06-09T12:10:22.607+0200] {logging_mixin.py:188} INFO - [2025-06-09T12:10:22.607+0200] {dag.py:3954} INFO - Setting next_dagrun for example_bash_operator to 2025-06-08 00:00:00+00:00, run_after=2025-06-09 00:00:00+00:00
[2025-06-09T12:10:22.628+0200] {processor.py:183} INFO - Processing /home/ccd/airflow_venv/lib/python3.10/site-packages/airflow/example_dags/example_bash_operator.py took 0.059 seconds
