[2025-06-09T02:00:38.875+0200] {processor.py:161} INFO - Started process (PID=1328270) to work on /home/ccd/airflow_venv/lib/python3.10/site-packages/airflow/example_dags/example_params_trigger_ui.py
[2025-06-09T02:00:38.876+0200] {processor.py:830} INFO - Processing file /home/ccd/airflow_venv/lib/python3.10/site-packages/airflow/example_dags/example_params_trigger_ui.py for tasks to queue
[2025-06-09T02:00:38.876+0200] {logging_mixin.py:188} INFO - [2025-06-09T02:00:38.876+0200] {dagbag.py:540} INFO - Filling up the DagBag from /home/ccd/airflow_venv/lib/python3.10/site-packages/airflow/example_dags/example_params_trigger_ui.py
[2025-06-09T02:00:38.887+0200] {processor.py:840} INFO - DAG(s) 'example_params_trigger_ui' retrieved from /home/ccd/airflow_venv/lib/python3.10/site-packages/airflow/example_dags/example_params_trigger_ui.py
[2025-06-09T02:00:38.915+0200] {logging_mixin.py:188} INFO - [2025-06-09T02:00:38.915+0200] {dag.py:3096} INFO - Sync 1 DAGs
[2025-06-09T02:00:38.924+0200] {logging_mixin.py:188} INFO - [2025-06-09T02:00:38.924+0200] {dag.py:3954} INFO - Setting next_dagrun for example_params_trigger_ui to None, run_after=None
[2025-06-09T02:00:38.958+0200] {processor.py:183} INFO - Processing /home/ccd/airflow_venv/lib/python3.10/site-packages/airflow/example_dags/example_params_trigger_ui.py took 0.088 seconds
[2025-06-09T02:01:38.341+0200] {processor.py:161} INFO - Started process (PID=1328618) to work on /home/ccd/airflow_venv/lib/python3.10/site-packages/airflow/example_dags/example_params_trigger_ui.py
[2025-06-09T02:01:38.343+0200] {processor.py:830} INFO - Processing file /home/ccd/airflow_venv/lib/python3.10/site-packages/airflow/example_dags/example_params_trigger_ui.py for tasks to queue
[2025-06-09T02:01:38.344+0200] {logging_mixin.py:188} INFO - [2025-06-09T02:01:38.344+0200] {dagbag.py:540} INFO - Filling up the DagBag from /home/ccd/airflow_venv/lib/python3.10/site-packages/airflow/example_dags/example_params_trigger_ui.py
[2025-06-09T02:01:38.353+0200] {processor.py:840} INFO - DAG(s) 'example_params_trigger_ui' retrieved from /home/ccd/airflow_venv/lib/python3.10/site-packages/airflow/example_dags/example_params_trigger_ui.py
[2025-06-09T02:01:38.381+0200] {logging_mixin.py:188} INFO - [2025-06-09T02:01:38.381+0200] {dag.py:3096} INFO - Sync 1 DAGs
[2025-06-09T02:01:38.391+0200] {logging_mixin.py:188} INFO - [2025-06-09T02:01:38.390+0200] {dag.py:3954} INFO - Setting next_dagrun for example_params_trigger_ui to None, run_after=None
[2025-06-09T02:01:38.424+0200] {processor.py:183} INFO - Processing /home/ccd/airflow_venv/lib/python3.10/site-packages/airflow/example_dags/example_params_trigger_ui.py took 0.089 seconds
[2025-06-09T02:02:32.941+0200] {processor.py:161} INFO - Started process (PID=1328910) to work on /home/ccd/airflow_venv/lib/python3.10/site-packages/airflow/example_dags/example_params_trigger_ui.py
[2025-06-09T02:02:32.944+0200] {processor.py:830} INFO - Processing file /home/ccd/airflow_venv/lib/python3.10/site-packages/airflow/example_dags/example_params_trigger_ui.py for tasks to queue
[2025-06-09T02:02:32.945+0200] {logging_mixin.py:188} INFO - [2025-06-09T02:02:32.944+0200] {dagbag.py:540} INFO - Filling up the DagBag from /home/ccd/airflow_venv/lib/python3.10/site-packages/airflow/example_dags/example_params_trigger_ui.py
[2025-06-09T02:02:32.954+0200] {processor.py:840} INFO - DAG(s) 'example_params_trigger_ui' retrieved from /home/ccd/airflow_venv/lib/python3.10/site-packages/airflow/example_dags/example_params_trigger_ui.py
[2025-06-09T02:02:32.983+0200] {logging_mixin.py:188} INFO - [2025-06-09T02:02:32.982+0200] {dag.py:3096} INFO - Sync 1 DAGs
[2025-06-09T02:02:32.990+0200] {logging_mixin.py:188} INFO - [2025-06-09T02:02:32.990+0200] {dag.py:3954} INFO - Setting next_dagrun for example_params_trigger_ui to None, run_after=None
[2025-06-09T02:02:33.012+0200] {processor.py:183} INFO - Processing /home/ccd/airflow_venv/lib/python3.10/site-packages/airflow/example_dags/example_params_trigger_ui.py took 0.079 seconds
[2025-06-09T02:03:25.766+0200] {processor.py:161} INFO - Started process (PID=1329261) to work on /home/ccd/airflow_venv/lib/python3.10/site-packages/airflow/example_dags/example_params_trigger_ui.py
[2025-06-09T02:03:25.777+0200] {processor.py:830} INFO - Processing file /home/ccd/airflow_venv/lib/python3.10/site-packages/airflow/example_dags/example_params_trigger_ui.py for tasks to queue
[2025-06-09T02:03:25.777+0200] {logging_mixin.py:188} INFO - [2025-06-09T02:03:25.777+0200] {dagbag.py:540} INFO - Filling up the DagBag from /home/ccd/airflow_venv/lib/python3.10/site-packages/airflow/example_dags/example_params_trigger_ui.py
[2025-06-09T02:03:25.787+0200] {processor.py:840} INFO - DAG(s) 'example_params_trigger_ui' retrieved from /home/ccd/airflow_venv/lib/python3.10/site-packages/airflow/example_dags/example_params_trigger_ui.py
[2025-06-09T02:03:25.813+0200] {logging_mixin.py:188} INFO - [2025-06-09T02:03:25.813+0200] {dag.py:3096} INFO - Sync 1 DAGs
[2025-06-09T02:03:25.821+0200] {logging_mixin.py:188} INFO - [2025-06-09T02:03:25.820+0200] {dag.py:3954} INFO - Setting next_dagrun for example_params_trigger_ui to None, run_after=None
[2025-06-09T02:03:25.843+0200] {processor.py:183} INFO - Processing /home/ccd/airflow_venv/lib/python3.10/site-packages/airflow/example_dags/example_params_trigger_ui.py took 0.082 seconds
[2025-06-09T02:04:15.970+0200] {processor.py:161} INFO - Started process (PID=1329641) to work on /home/ccd/airflow_venv/lib/python3.10/site-packages/airflow/example_dags/example_params_trigger_ui.py
[2025-06-09T02:04:15.973+0200] {processor.py:830} INFO - Processing file /home/ccd/airflow_venv/lib/python3.10/site-packages/airflow/example_dags/example_params_trigger_ui.py for tasks to queue
[2025-06-09T02:04:15.973+0200] {logging_mixin.py:188} INFO - [2025-06-09T02:04:15.973+0200] {dagbag.py:540} INFO - Filling up the DagBag from /home/ccd/airflow_venv/lib/python3.10/site-packages/airflow/example_dags/example_params_trigger_ui.py
[2025-06-09T02:04:15.984+0200] {processor.py:840} INFO - DAG(s) 'example_params_trigger_ui' retrieved from /home/ccd/airflow_venv/lib/python3.10/site-packages/airflow/example_dags/example_params_trigger_ui.py
[2025-06-09T02:04:16.011+0200] {logging_mixin.py:188} INFO - [2025-06-09T02:04:16.011+0200] {dag.py:3096} INFO - Sync 1 DAGs
[2025-06-09T02:04:16.019+0200] {logging_mixin.py:188} INFO - [2025-06-09T02:04:16.019+0200] {dag.py:3954} INFO - Setting next_dagrun for example_params_trigger_ui to None, run_after=None
[2025-06-09T02:04:16.044+0200] {processor.py:183} INFO - Processing /home/ccd/airflow_venv/lib/python3.10/site-packages/airflow/example_dags/example_params_trigger_ui.py took 0.078 seconds
[2025-06-09T02:05:07.046+0200] {processor.py:161} INFO - Started process (PID=1329996) to work on /home/ccd/airflow_venv/lib/python3.10/site-packages/airflow/example_dags/example_params_trigger_ui.py
[2025-06-09T02:05:07.057+0200] {processor.py:830} INFO - Processing file /home/ccd/airflow_venv/lib/python3.10/site-packages/airflow/example_dags/example_params_trigger_ui.py for tasks to queue
[2025-06-09T02:05:07.057+0200] {logging_mixin.py:188} INFO - [2025-06-09T02:05:07.057+0200] {dagbag.py:540} INFO - Filling up the DagBag from /home/ccd/airflow_venv/lib/python3.10/site-packages/airflow/example_dags/example_params_trigger_ui.py
[2025-06-09T02:05:07.066+0200] {processor.py:840} INFO - DAG(s) 'example_params_trigger_ui' retrieved from /home/ccd/airflow_venv/lib/python3.10/site-packages/airflow/example_dags/example_params_trigger_ui.py
[2025-06-09T02:05:07.093+0200] {logging_mixin.py:188} INFO - [2025-06-09T02:05:07.093+0200] {dag.py:3096} INFO - Sync 1 DAGs
[2025-06-09T02:05:07.100+0200] {logging_mixin.py:188} INFO - [2025-06-09T02:05:07.099+0200] {dag.py:3954} INFO - Setting next_dagrun for example_params_trigger_ui to None, run_after=None
[2025-06-09T02:05:07.122+0200] {processor.py:183} INFO - Processing /home/ccd/airflow_venv/lib/python3.10/site-packages/airflow/example_dags/example_params_trigger_ui.py took 0.080 seconds
[2025-06-09T02:06:00.612+0200] {processor.py:161} INFO - Started process (PID=1330536) to work on /home/ccd/airflow_venv/lib/python3.10/site-packages/airflow/example_dags/example_params_trigger_ui.py
[2025-06-09T02:06:00.625+0200] {processor.py:830} INFO - Processing file /home/ccd/airflow_venv/lib/python3.10/site-packages/airflow/example_dags/example_params_trigger_ui.py for tasks to queue
[2025-06-09T02:06:00.626+0200] {logging_mixin.py:188} INFO - [2025-06-09T02:06:00.625+0200] {dagbag.py:540} INFO - Filling up the DagBag from /home/ccd/airflow_venv/lib/python3.10/site-packages/airflow/example_dags/example_params_trigger_ui.py
[2025-06-09T02:06:00.636+0200] {processor.py:840} INFO - DAG(s) 'example_params_trigger_ui' retrieved from /home/ccd/airflow_venv/lib/python3.10/site-packages/airflow/example_dags/example_params_trigger_ui.py
[2025-06-09T02:06:00.665+0200] {logging_mixin.py:188} INFO - [2025-06-09T02:06:00.665+0200] {dag.py:3096} INFO - Sync 1 DAGs
[2025-06-09T02:06:00.674+0200] {logging_mixin.py:188} INFO - [2025-06-09T02:06:00.674+0200] {dag.py:3954} INFO - Setting next_dagrun for example_params_trigger_ui to None, run_after=None
[2025-06-09T02:06:00.695+0200] {processor.py:183} INFO - Processing /home/ccd/airflow_venv/lib/python3.10/site-packages/airflow/example_dags/example_params_trigger_ui.py took 0.088 seconds
[2025-06-09T02:06:57.480+0200] {processor.py:161} INFO - Started process (PID=1330967) to work on /home/ccd/airflow_venv/lib/python3.10/site-packages/airflow/example_dags/example_params_trigger_ui.py
[2025-06-09T02:06:57.491+0200] {processor.py:830} INFO - Processing file /home/ccd/airflow_venv/lib/python3.10/site-packages/airflow/example_dags/example_params_trigger_ui.py for tasks to queue
[2025-06-09T02:06:57.492+0200] {logging_mixin.py:188} INFO - [2025-06-09T02:06:57.492+0200] {dagbag.py:540} INFO - Filling up the DagBag from /home/ccd/airflow_venv/lib/python3.10/site-packages/airflow/example_dags/example_params_trigger_ui.py
[2025-06-09T02:06:57.502+0200] {processor.py:840} INFO - DAG(s) 'example_params_trigger_ui' retrieved from /home/ccd/airflow_venv/lib/python3.10/site-packages/airflow/example_dags/example_params_trigger_ui.py
[2025-06-09T02:06:57.526+0200] {logging_mixin.py:188} INFO - [2025-06-09T02:06:57.526+0200] {dag.py:3096} INFO - Sync 1 DAGs
[2025-06-09T02:06:57.533+0200] {logging_mixin.py:188} INFO - [2025-06-09T02:06:57.533+0200] {dag.py:3954} INFO - Setting next_dagrun for example_params_trigger_ui to None, run_after=None
[2025-06-09T02:06:57.555+0200] {processor.py:183} INFO - Processing /home/ccd/airflow_venv/lib/python3.10/site-packages/airflow/example_dags/example_params_trigger_ui.py took 0.080 seconds
[2025-06-09T02:07:52.317+0200] {processor.py:161} INFO - Started process (PID=1331350) to work on /home/ccd/airflow_venv/lib/python3.10/site-packages/airflow/example_dags/example_params_trigger_ui.py
[2025-06-09T02:07:52.318+0200] {processor.py:830} INFO - Processing file /home/ccd/airflow_venv/lib/python3.10/site-packages/airflow/example_dags/example_params_trigger_ui.py for tasks to queue
[2025-06-09T02:07:52.319+0200] {logging_mixin.py:188} INFO - [2025-06-09T02:07:52.319+0200] {dagbag.py:540} INFO - Filling up the DagBag from /home/ccd/airflow_venv/lib/python3.10/site-packages/airflow/example_dags/example_params_trigger_ui.py
[2025-06-09T02:07:52.327+0200] {processor.py:840} INFO - DAG(s) 'example_params_trigger_ui' retrieved from /home/ccd/airflow_venv/lib/python3.10/site-packages/airflow/example_dags/example_params_trigger_ui.py
[2025-06-09T02:07:52.354+0200] {logging_mixin.py:188} INFO - [2025-06-09T02:07:52.354+0200] {dag.py:3096} INFO - Sync 1 DAGs
[2025-06-09T02:07:52.361+0200] {logging_mixin.py:188} INFO - [2025-06-09T02:07:52.360+0200] {dag.py:3954} INFO - Setting next_dagrun for example_params_trigger_ui to None, run_after=None
[2025-06-09T02:07:52.383+0200] {processor.py:183} INFO - Processing /home/ccd/airflow_venv/lib/python3.10/site-packages/airflow/example_dags/example_params_trigger_ui.py took 0.071 seconds
[2025-06-09T02:08:49.674+0200] {processor.py:161} INFO - Started process (PID=1331953) to work on /home/ccd/airflow_venv/lib/python3.10/site-packages/airflow/example_dags/example_params_trigger_ui.py
[2025-06-09T02:08:49.686+0200] {processor.py:830} INFO - Processing file /home/ccd/airflow_venv/lib/python3.10/site-packages/airflow/example_dags/example_params_trigger_ui.py for tasks to queue
[2025-06-09T02:08:49.687+0200] {logging_mixin.py:188} INFO - [2025-06-09T02:08:49.686+0200] {dagbag.py:540} INFO - Filling up the DagBag from /home/ccd/airflow_venv/lib/python3.10/site-packages/airflow/example_dags/example_params_trigger_ui.py
[2025-06-09T02:08:49.695+0200] {processor.py:840} INFO - DAG(s) 'example_params_trigger_ui' retrieved from /home/ccd/airflow_venv/lib/python3.10/site-packages/airflow/example_dags/example_params_trigger_ui.py
[2025-06-09T02:08:49.720+0200] {logging_mixin.py:188} INFO - [2025-06-09T02:08:49.720+0200] {dag.py:3096} INFO - Sync 1 DAGs
[2025-06-09T02:08:49.727+0200] {logging_mixin.py:188} INFO - [2025-06-09T02:08:49.727+0200] {dag.py:3954} INFO - Setting next_dagrun for example_params_trigger_ui to None, run_after=None
[2025-06-09T02:08:49.750+0200] {processor.py:183} INFO - Processing /home/ccd/airflow_venv/lib/python3.10/site-packages/airflow/example_dags/example_params_trigger_ui.py took 0.081 seconds
[2025-06-09T02:09:42.692+0200] {processor.py:161} INFO - Started process (PID=1332309) to work on /home/ccd/airflow_venv/lib/python3.10/site-packages/airflow/example_dags/example_params_trigger_ui.py
[2025-06-09T02:09:42.696+0200] {processor.py:830} INFO - Processing file /home/ccd/airflow_venv/lib/python3.10/site-packages/airflow/example_dags/example_params_trigger_ui.py for tasks to queue
[2025-06-09T02:09:42.697+0200] {logging_mixin.py:188} INFO - [2025-06-09T02:09:42.696+0200] {dagbag.py:540} INFO - Filling up the DagBag from /home/ccd/airflow_venv/lib/python3.10/site-packages/airflow/example_dags/example_params_trigger_ui.py
[2025-06-09T02:09:42.708+0200] {processor.py:840} INFO - DAG(s) 'example_params_trigger_ui' retrieved from /home/ccd/airflow_venv/lib/python3.10/site-packages/airflow/example_dags/example_params_trigger_ui.py
[2025-06-09T02:09:42.732+0200] {logging_mixin.py:188} INFO - [2025-06-09T02:09:42.731+0200] {dag.py:3096} INFO - Sync 1 DAGs
[2025-06-09T02:09:42.739+0200] {logging_mixin.py:188} INFO - [2025-06-09T02:09:42.739+0200] {dag.py:3954} INFO - Setting next_dagrun for example_params_trigger_ui to None, run_after=None
[2025-06-09T02:09:42.765+0200] {processor.py:183} INFO - Processing /home/ccd/airflow_venv/lib/python3.10/site-packages/airflow/example_dags/example_params_trigger_ui.py took 0.077 seconds
[2025-06-09T11:30:30.543+0200] {processor.py:161} INFO - Started process (PID=3757) to work on /home/ccd/airflow_venv/lib/python3.10/site-packages/airflow/example_dags/example_params_trigger_ui.py
[2025-06-09T11:30:30.544+0200] {processor.py:830} INFO - Processing file /home/ccd/airflow_venv/lib/python3.10/site-packages/airflow/example_dags/example_params_trigger_ui.py for tasks to queue
[2025-06-09T11:30:30.545+0200] {logging_mixin.py:188} INFO - [2025-06-09T11:30:30.545+0200] {dagbag.py:540} INFO - Filling up the DagBag from /home/ccd/airflow_venv/lib/python3.10/site-packages/airflow/example_dags/example_params_trigger_ui.py
[2025-06-09T11:30:30.553+0200] {processor.py:840} INFO - DAG(s) 'example_params_trigger_ui' retrieved from /home/ccd/airflow_venv/lib/python3.10/site-packages/airflow/example_dags/example_params_trigger_ui.py
[2025-06-09T11:30:30.658+0200] {logging_mixin.py:188} INFO - [2025-06-09T11:30:30.658+0200] {dag.py:3096} INFO - Sync 1 DAGs
[2025-06-09T11:30:30.662+0200] {logging_mixin.py:188} INFO - [2025-06-09T11:30:30.662+0200] {dag.py:3954} INFO - Setting next_dagrun for example_params_trigger_ui to None, run_after=None
[2025-06-09T11:30:30.687+0200] {processor.py:183} INFO - Processing /home/ccd/airflow_venv/lib/python3.10/site-packages/airflow/example_dags/example_params_trigger_ui.py took 0.147 seconds
[2025-06-09T11:31:30.848+0200] {processor.py:161} INFO - Started process (PID=4066) to work on /home/ccd/airflow_venv/lib/python3.10/site-packages/airflow/example_dags/example_params_trigger_ui.py
[2025-06-09T11:31:30.859+0200] {processor.py:830} INFO - Processing file /home/ccd/airflow_venv/lib/python3.10/site-packages/airflow/example_dags/example_params_trigger_ui.py for tasks to queue
[2025-06-09T11:31:30.861+0200] {logging_mixin.py:188} INFO - [2025-06-09T11:31:30.860+0200] {dagbag.py:540} INFO - Filling up the DagBag from /home/ccd/airflow_venv/lib/python3.10/site-packages/airflow/example_dags/example_params_trigger_ui.py
[2025-06-09T11:31:30.868+0200] {processor.py:840} INFO - DAG(s) 'example_params_trigger_ui' retrieved from /home/ccd/airflow_venv/lib/python3.10/site-packages/airflow/example_dags/example_params_trigger_ui.py
[2025-06-09T11:31:30.889+0200] {logging_mixin.py:188} INFO - [2025-06-09T11:31:30.889+0200] {dag.py:3096} INFO - Sync 1 DAGs
[2025-06-09T11:31:30.895+0200] {logging_mixin.py:188} INFO - [2025-06-09T11:31:30.895+0200] {dag.py:3954} INFO - Setting next_dagrun for example_params_trigger_ui to None, run_after=None
[2025-06-09T11:31:30.915+0200] {processor.py:183} INFO - Processing /home/ccd/airflow_venv/lib/python3.10/site-packages/airflow/example_dags/example_params_trigger_ui.py took 0.070 seconds
[2025-06-09T11:32:38.681+0200] {processor.py:161} INFO - Started process (PID=4703) to work on /home/ccd/airflow_venv/lib/python3.10/site-packages/airflow/example_dags/example_params_trigger_ui.py
[2025-06-09T11:32:38.694+0200] {processor.py:830} INFO - Processing file /home/ccd/airflow_venv/lib/python3.10/site-packages/airflow/example_dags/example_params_trigger_ui.py for tasks to queue
[2025-06-09T11:32:38.697+0200] {logging_mixin.py:188} INFO - [2025-06-09T11:32:38.697+0200] {dagbag.py:540} INFO - Filling up the DagBag from /home/ccd/airflow_venv/lib/python3.10/site-packages/airflow/example_dags/example_params_trigger_ui.py
[2025-06-09T11:32:38.729+0200] {processor.py:840} INFO - DAG(s) 'example_params_trigger_ui' retrieved from /home/ccd/airflow_venv/lib/python3.10/site-packages/airflow/example_dags/example_params_trigger_ui.py
[2025-06-09T11:32:38.814+0200] {logging_mixin.py:188} INFO - [2025-06-09T11:32:38.814+0200] {dag.py:3096} INFO - Sync 1 DAGs
[2025-06-09T11:32:38.849+0200] {logging_mixin.py:188} INFO - [2025-06-09T11:32:38.849+0200] {dag.py:3954} INFO - Setting next_dagrun for example_params_trigger_ui to None, run_after=None
[2025-06-09T11:32:39.157+0200] {processor.py:183} INFO - Processing /home/ccd/airflow_venv/lib/python3.10/site-packages/airflow/example_dags/example_params_trigger_ui.py took 0.489 seconds
[2025-06-09T11:33:57.748+0200] {processor.py:161} INFO - Started process (PID=5373) to work on /home/ccd/airflow_venv/lib/python3.10/site-packages/airflow/example_dags/example_params_trigger_ui.py
[2025-06-09T11:33:57.749+0200] {processor.py:830} INFO - Processing file /home/ccd/airflow_venv/lib/python3.10/site-packages/airflow/example_dags/example_params_trigger_ui.py for tasks to queue
[2025-06-09T11:33:57.751+0200] {logging_mixin.py:188} INFO - [2025-06-09T11:33:57.750+0200] {dagbag.py:540} INFO - Filling up the DagBag from /home/ccd/airflow_venv/lib/python3.10/site-packages/airflow/example_dags/example_params_trigger_ui.py
[2025-06-09T11:33:57.761+0200] {processor.py:840} INFO - DAG(s) 'example_params_trigger_ui' retrieved from /home/ccd/airflow_venv/lib/python3.10/site-packages/airflow/example_dags/example_params_trigger_ui.py
[2025-06-09T11:33:57.789+0200] {logging_mixin.py:188} INFO - [2025-06-09T11:33:57.789+0200] {dag.py:3096} INFO - Sync 1 DAGs
[2025-06-09T11:33:57.796+0200] {logging_mixin.py:188} INFO - [2025-06-09T11:33:57.796+0200] {dag.py:3954} INFO - Setting next_dagrun for example_params_trigger_ui to None, run_after=None
[2025-06-09T11:33:57.822+0200] {processor.py:183} INFO - Processing /home/ccd/airflow_venv/lib/python3.10/site-packages/airflow/example_dags/example_params_trigger_ui.py took 0.079 seconds
[2025-06-09T11:34:54.937+0200] {processor.py:161} INFO - Started process (PID=5708) to work on /home/ccd/airflow_venv/lib/python3.10/site-packages/airflow/example_dags/example_params_trigger_ui.py
[2025-06-09T11:34:54.939+0200] {processor.py:830} INFO - Processing file /home/ccd/airflow_venv/lib/python3.10/site-packages/airflow/example_dags/example_params_trigger_ui.py for tasks to queue
[2025-06-09T11:34:54.941+0200] {logging_mixin.py:188} INFO - [2025-06-09T11:34:54.940+0200] {dagbag.py:540} INFO - Filling up the DagBag from /home/ccd/airflow_venv/lib/python3.10/site-packages/airflow/example_dags/example_params_trigger_ui.py
[2025-06-09T11:34:54.951+0200] {processor.py:840} INFO - DAG(s) 'example_params_trigger_ui' retrieved from /home/ccd/airflow_venv/lib/python3.10/site-packages/airflow/example_dags/example_params_trigger_ui.py
[2025-06-09T11:34:54.982+0200] {logging_mixin.py:188} INFO - [2025-06-09T11:34:54.982+0200] {dag.py:3096} INFO - Sync 1 DAGs
[2025-06-09T11:34:54.991+0200] {logging_mixin.py:188} INFO - [2025-06-09T11:34:54.990+0200] {dag.py:3954} INFO - Setting next_dagrun for example_params_trigger_ui to None, run_after=None
[2025-06-09T11:34:55.013+0200] {processor.py:183} INFO - Processing /home/ccd/airflow_venv/lib/python3.10/site-packages/airflow/example_dags/example_params_trigger_ui.py took 0.080 seconds
[2025-06-09T11:35:51.165+0200] {processor.py:161} INFO - Started process (PID=6026) to work on /home/ccd/airflow_venv/lib/python3.10/site-packages/airflow/example_dags/example_params_trigger_ui.py
[2025-06-09T11:35:51.177+0200] {processor.py:830} INFO - Processing file /home/ccd/airflow_venv/lib/python3.10/site-packages/airflow/example_dags/example_params_trigger_ui.py for tasks to queue
[2025-06-09T11:35:51.178+0200] {logging_mixin.py:188} INFO - [2025-06-09T11:35:51.178+0200] {dagbag.py:540} INFO - Filling up the DagBag from /home/ccd/airflow_venv/lib/python3.10/site-packages/airflow/example_dags/example_params_trigger_ui.py
[2025-06-09T11:35:51.188+0200] {processor.py:840} INFO - DAG(s) 'example_params_trigger_ui' retrieved from /home/ccd/airflow_venv/lib/python3.10/site-packages/airflow/example_dags/example_params_trigger_ui.py
[2025-06-09T11:35:51.214+0200] {logging_mixin.py:188} INFO - [2025-06-09T11:35:51.214+0200] {dag.py:3096} INFO - Sync 1 DAGs
[2025-06-09T11:35:51.222+0200] {logging_mixin.py:188} INFO - [2025-06-09T11:35:51.222+0200] {dag.py:3954} INFO - Setting next_dagrun for example_params_trigger_ui to None, run_after=None
[2025-06-09T11:35:51.249+0200] {processor.py:183} INFO - Processing /home/ccd/airflow_venv/lib/python3.10/site-packages/airflow/example_dags/example_params_trigger_ui.py took 0.087 seconds
[2025-06-09T11:38:09.463+0200] {processor.py:161} INFO - Started process (PID=9125) to work on /home/ccd/airflow_venv/lib/python3.10/site-packages/airflow/example_dags/example_params_trigger_ui.py
[2025-06-09T11:38:09.465+0200] {processor.py:830} INFO - Processing file /home/ccd/airflow_venv/lib/python3.10/site-packages/airflow/example_dags/example_params_trigger_ui.py for tasks to queue
[2025-06-09T11:38:09.467+0200] {logging_mixin.py:188} INFO - [2025-06-09T11:38:09.466+0200] {dagbag.py:540} INFO - Filling up the DagBag from /home/ccd/airflow_venv/lib/python3.10/site-packages/airflow/example_dags/example_params_trigger_ui.py
[2025-06-09T11:38:09.477+0200] {processor.py:840} INFO - DAG(s) 'example_params_trigger_ui' retrieved from /home/ccd/airflow_venv/lib/python3.10/site-packages/airflow/example_dags/example_params_trigger_ui.py
[2025-06-09T11:38:09.503+0200] {logging_mixin.py:188} INFO - [2025-06-09T11:38:09.503+0200] {dag.py:3096} INFO - Sync 1 DAGs
[2025-06-09T11:38:09.510+0200] {logging_mixin.py:188} INFO - [2025-06-09T11:38:09.510+0200] {dag.py:3954} INFO - Setting next_dagrun for example_params_trigger_ui to None, run_after=None
[2025-06-09T11:38:09.532+0200] {processor.py:183} INFO - Processing /home/ccd/airflow_venv/lib/python3.10/site-packages/airflow/example_dags/example_params_trigger_ui.py took 0.074 seconds
[2025-06-09T11:39:10.579+0200] {processor.py:161} INFO - Started process (PID=9640) to work on /home/ccd/airflow_venv/lib/python3.10/site-packages/airflow/example_dags/example_params_trigger_ui.py
[2025-06-09T11:39:10.582+0200] {processor.py:830} INFO - Processing file /home/ccd/airflow_venv/lib/python3.10/site-packages/airflow/example_dags/example_params_trigger_ui.py for tasks to queue
[2025-06-09T11:39:10.584+0200] {logging_mixin.py:188} INFO - [2025-06-09T11:39:10.583+0200] {dagbag.py:540} INFO - Filling up the DagBag from /home/ccd/airflow_venv/lib/python3.10/site-packages/airflow/example_dags/example_params_trigger_ui.py
[2025-06-09T11:39:10.593+0200] {processor.py:840} INFO - DAG(s) 'example_params_trigger_ui' retrieved from /home/ccd/airflow_venv/lib/python3.10/site-packages/airflow/example_dags/example_params_trigger_ui.py
[2025-06-09T11:39:10.622+0200] {logging_mixin.py:188} INFO - [2025-06-09T11:39:10.622+0200] {dag.py:3096} INFO - Sync 1 DAGs
[2025-06-09T11:39:10.630+0200] {logging_mixin.py:188} INFO - [2025-06-09T11:39:10.630+0200] {dag.py:3954} INFO - Setting next_dagrun for example_params_trigger_ui to None, run_after=None
[2025-06-09T11:39:10.651+0200] {processor.py:183} INFO - Processing /home/ccd/airflow_venv/lib/python3.10/site-packages/airflow/example_dags/example_params_trigger_ui.py took 0.076 seconds
[2025-06-09T11:40:23.028+0200] {processor.py:161} INFO - Started process (PID=10358) to work on /home/ccd/airflow_venv/lib/python3.10/site-packages/airflow/example_dags/example_params_trigger_ui.py
[2025-06-09T11:40:23.039+0200] {processor.py:830} INFO - Processing file /home/ccd/airflow_venv/lib/python3.10/site-packages/airflow/example_dags/example_params_trigger_ui.py for tasks to queue
[2025-06-09T11:40:23.040+0200] {logging_mixin.py:188} INFO - [2025-06-09T11:40:23.040+0200] {dagbag.py:540} INFO - Filling up the DagBag from /home/ccd/airflow_venv/lib/python3.10/site-packages/airflow/example_dags/example_params_trigger_ui.py
[2025-06-09T11:40:23.048+0200] {processor.py:840} INFO - DAG(s) 'example_params_trigger_ui' retrieved from /home/ccd/airflow_venv/lib/python3.10/site-packages/airflow/example_dags/example_params_trigger_ui.py
[2025-06-09T11:40:23.071+0200] {logging_mixin.py:188} INFO - [2025-06-09T11:40:23.071+0200] {dag.py:3096} INFO - Sync 1 DAGs
[2025-06-09T11:40:23.078+0200] {logging_mixin.py:188} INFO - [2025-06-09T11:40:23.077+0200] {dag.py:3954} INFO - Setting next_dagrun for example_params_trigger_ui to None, run_after=None
[2025-06-09T11:40:23.099+0200] {processor.py:183} INFO - Processing /home/ccd/airflow_venv/lib/python3.10/site-packages/airflow/example_dags/example_params_trigger_ui.py took 0.074 seconds
[2025-06-09T11:41:30.924+0200] {processor.py:161} INFO - Started process (PID=10996) to work on /home/ccd/airflow_venv/lib/python3.10/site-packages/airflow/example_dags/example_params_trigger_ui.py
[2025-06-09T11:41:30.926+0200] {processor.py:830} INFO - Processing file /home/ccd/airflow_venv/lib/python3.10/site-packages/airflow/example_dags/example_params_trigger_ui.py for tasks to queue
[2025-06-09T11:41:30.927+0200] {logging_mixin.py:188} INFO - [2025-06-09T11:41:30.927+0200] {dagbag.py:540} INFO - Filling up the DagBag from /home/ccd/airflow_venv/lib/python3.10/site-packages/airflow/example_dags/example_params_trigger_ui.py
[2025-06-09T11:41:30.937+0200] {processor.py:840} INFO - DAG(s) 'example_params_trigger_ui' retrieved from /home/ccd/airflow_venv/lib/python3.10/site-packages/airflow/example_dags/example_params_trigger_ui.py
[2025-06-09T11:41:30.960+0200] {logging_mixin.py:188} INFO - [2025-06-09T11:41:30.960+0200] {dag.py:3096} INFO - Sync 1 DAGs
[2025-06-09T11:41:30.967+0200] {logging_mixin.py:188} INFO - [2025-06-09T11:41:30.966+0200] {dag.py:3954} INFO - Setting next_dagrun for example_params_trigger_ui to None, run_after=None
[2025-06-09T11:41:30.993+0200] {processor.py:183} INFO - Processing /home/ccd/airflow_venv/lib/python3.10/site-packages/airflow/example_dags/example_params_trigger_ui.py took 0.073 seconds
[2025-06-09T11:42:25.017+0200] {processor.py:161} INFO - Started process (PID=11304) to work on /home/ccd/airflow_venv/lib/python3.10/site-packages/airflow/example_dags/example_params_trigger_ui.py
[2025-06-09T11:42:25.020+0200] {processor.py:830} INFO - Processing file /home/ccd/airflow_venv/lib/python3.10/site-packages/airflow/example_dags/example_params_trigger_ui.py for tasks to queue
[2025-06-09T11:42:25.021+0200] {logging_mixin.py:188} INFO - [2025-06-09T11:42:25.021+0200] {dagbag.py:540} INFO - Filling up the DagBag from /home/ccd/airflow_venv/lib/python3.10/site-packages/airflow/example_dags/example_params_trigger_ui.py
[2025-06-09T11:42:25.029+0200] {processor.py:840} INFO - DAG(s) 'example_params_trigger_ui' retrieved from /home/ccd/airflow_venv/lib/python3.10/site-packages/airflow/example_dags/example_params_trigger_ui.py
[2025-06-09T11:42:25.052+0200] {logging_mixin.py:188} INFO - [2025-06-09T11:42:25.051+0200] {dag.py:3096} INFO - Sync 1 DAGs
[2025-06-09T11:42:25.058+0200] {logging_mixin.py:188} INFO - [2025-06-09T11:42:25.058+0200] {dag.py:3954} INFO - Setting next_dagrun for example_params_trigger_ui to None, run_after=None
[2025-06-09T11:42:25.079+0200] {processor.py:183} INFO - Processing /home/ccd/airflow_venv/lib/python3.10/site-packages/airflow/example_dags/example_params_trigger_ui.py took 0.066 seconds
[2025-06-09T11:43:20.156+0200] {processor.py:161} INFO - Started process (PID=11628) to work on /home/ccd/airflow_venv/lib/python3.10/site-packages/airflow/example_dags/example_params_trigger_ui.py
[2025-06-09T11:43:20.157+0200] {processor.py:830} INFO - Processing file /home/ccd/airflow_venv/lib/python3.10/site-packages/airflow/example_dags/example_params_trigger_ui.py for tasks to queue
[2025-06-09T11:43:20.158+0200] {logging_mixin.py:188} INFO - [2025-06-09T11:43:20.157+0200] {dagbag.py:540} INFO - Filling up the DagBag from /home/ccd/airflow_venv/lib/python3.10/site-packages/airflow/example_dags/example_params_trigger_ui.py
[2025-06-09T11:43:20.166+0200] {processor.py:840} INFO - DAG(s) 'example_params_trigger_ui' retrieved from /home/ccd/airflow_venv/lib/python3.10/site-packages/airflow/example_dags/example_params_trigger_ui.py
[2025-06-09T11:43:20.191+0200] {logging_mixin.py:188} INFO - [2025-06-09T11:43:20.191+0200] {dag.py:3096} INFO - Sync 1 DAGs
[2025-06-09T11:43:20.198+0200] {logging_mixin.py:188} INFO - [2025-06-09T11:43:20.198+0200] {dag.py:3954} INFO - Setting next_dagrun for example_params_trigger_ui to None, run_after=None
[2025-06-09T11:43:20.218+0200] {processor.py:183} INFO - Processing /home/ccd/airflow_venv/lib/python3.10/site-packages/airflow/example_dags/example_params_trigger_ui.py took 0.067 seconds
[2025-06-09T11:44:20.455+0200] {processor.py:161} INFO - Started process (PID=12014) to work on /home/ccd/airflow_venv/lib/python3.10/site-packages/airflow/example_dags/example_params_trigger_ui.py
[2025-06-09T11:44:20.465+0200] {processor.py:830} INFO - Processing file /home/ccd/airflow_venv/lib/python3.10/site-packages/airflow/example_dags/example_params_trigger_ui.py for tasks to queue
[2025-06-09T11:44:20.466+0200] {logging_mixin.py:188} INFO - [2025-06-09T11:44:20.466+0200] {dagbag.py:540} INFO - Filling up the DagBag from /home/ccd/airflow_venv/lib/python3.10/site-packages/airflow/example_dags/example_params_trigger_ui.py
[2025-06-09T11:44:20.475+0200] {processor.py:840} INFO - DAG(s) 'example_params_trigger_ui' retrieved from /home/ccd/airflow_venv/lib/python3.10/site-packages/airflow/example_dags/example_params_trigger_ui.py
[2025-06-09T11:44:20.497+0200] {logging_mixin.py:188} INFO - [2025-06-09T11:44:20.497+0200] {dag.py:3096} INFO - Sync 1 DAGs
[2025-06-09T11:44:20.504+0200] {logging_mixin.py:188} INFO - [2025-06-09T11:44:20.504+0200] {dag.py:3954} INFO - Setting next_dagrun for example_params_trigger_ui to None, run_after=None
[2025-06-09T11:44:20.525+0200] {processor.py:183} INFO - Processing /home/ccd/airflow_venv/lib/python3.10/site-packages/airflow/example_dags/example_params_trigger_ui.py took 0.074 seconds
[2025-06-09T11:45:14.311+0200] {processor.py:161} INFO - Started process (PID=12337) to work on /home/ccd/airflow_venv/lib/python3.10/site-packages/airflow/example_dags/example_params_trigger_ui.py
[2025-06-09T11:45:14.313+0200] {processor.py:830} INFO - Processing file /home/ccd/airflow_venv/lib/python3.10/site-packages/airflow/example_dags/example_params_trigger_ui.py for tasks to queue
[2025-06-09T11:45:14.314+0200] {logging_mixin.py:188} INFO - [2025-06-09T11:45:14.314+0200] {dagbag.py:540} INFO - Filling up the DagBag from /home/ccd/airflow_venv/lib/python3.10/site-packages/airflow/example_dags/example_params_trigger_ui.py
[2025-06-09T11:45:14.322+0200] {processor.py:840} INFO - DAG(s) 'example_params_trigger_ui' retrieved from /home/ccd/airflow_venv/lib/python3.10/site-packages/airflow/example_dags/example_params_trigger_ui.py
[2025-06-09T11:45:14.345+0200] {logging_mixin.py:188} INFO - [2025-06-09T11:45:14.345+0200] {dag.py:3096} INFO - Sync 1 DAGs
[2025-06-09T11:45:14.352+0200] {logging_mixin.py:188} INFO - [2025-06-09T11:45:14.352+0200] {dag.py:3954} INFO - Setting next_dagrun for example_params_trigger_ui to None, run_after=None
[2025-06-09T11:45:14.373+0200] {processor.py:183} INFO - Processing /home/ccd/airflow_venv/lib/python3.10/site-packages/airflow/example_dags/example_params_trigger_ui.py took 0.066 seconds
[2025-06-09T11:46:30.246+0200] {processor.py:161} INFO - Started process (PID=13678) to work on /home/ccd/airflow_venv/lib/python3.10/site-packages/airflow/example_dags/example_params_trigger_ui.py
[2025-06-09T11:46:30.257+0200] {processor.py:830} INFO - Processing file /home/ccd/airflow_venv/lib/python3.10/site-packages/airflow/example_dags/example_params_trigger_ui.py for tasks to queue
[2025-06-09T11:46:30.258+0200] {logging_mixin.py:188} INFO - [2025-06-09T11:46:30.258+0200] {dagbag.py:540} INFO - Filling up the DagBag from /home/ccd/airflow_venv/lib/python3.10/site-packages/airflow/example_dags/example_params_trigger_ui.py
[2025-06-09T11:46:30.268+0200] {processor.py:840} INFO - DAG(s) 'example_params_trigger_ui' retrieved from /home/ccd/airflow_venv/lib/python3.10/site-packages/airflow/example_dags/example_params_trigger_ui.py
[2025-06-09T11:46:30.291+0200] {logging_mixin.py:188} INFO - [2025-06-09T11:46:30.291+0200] {dag.py:3096} INFO - Sync 1 DAGs
[2025-06-09T11:46:30.297+0200] {logging_mixin.py:188} INFO - [2025-06-09T11:46:30.297+0200] {dag.py:3954} INFO - Setting next_dagrun for example_params_trigger_ui to None, run_after=None
[2025-06-09T11:46:30.317+0200] {processor.py:183} INFO - Processing /home/ccd/airflow_venv/lib/python3.10/site-packages/airflow/example_dags/example_params_trigger_ui.py took 0.076 seconds
[2025-06-09T11:47:27.979+0200] {processor.py:161} INFO - Started process (PID=14000) to work on /home/ccd/airflow_venv/lib/python3.10/site-packages/airflow/example_dags/example_params_trigger_ui.py
[2025-06-09T11:47:27.980+0200] {processor.py:830} INFO - Processing file /home/ccd/airflow_venv/lib/python3.10/site-packages/airflow/example_dags/example_params_trigger_ui.py for tasks to queue
[2025-06-09T11:47:27.981+0200] {logging_mixin.py:188} INFO - [2025-06-09T11:47:27.981+0200] {dagbag.py:540} INFO - Filling up the DagBag from /home/ccd/airflow_venv/lib/python3.10/site-packages/airflow/example_dags/example_params_trigger_ui.py
[2025-06-09T11:47:27.989+0200] {processor.py:840} INFO - DAG(s) 'example_params_trigger_ui' retrieved from /home/ccd/airflow_venv/lib/python3.10/site-packages/airflow/example_dags/example_params_trigger_ui.py
[2025-06-09T11:47:28.013+0200] {logging_mixin.py:188} INFO - [2025-06-09T11:47:28.013+0200] {dag.py:3096} INFO - Sync 1 DAGs
[2025-06-09T11:47:28.019+0200] {logging_mixin.py:188} INFO - [2025-06-09T11:47:28.019+0200] {dag.py:3954} INFO - Setting next_dagrun for example_params_trigger_ui to None, run_after=None
[2025-06-09T11:47:28.039+0200] {processor.py:183} INFO - Processing /home/ccd/airflow_venv/lib/python3.10/site-packages/airflow/example_dags/example_params_trigger_ui.py took 0.063 seconds
[2025-06-09T11:48:27.247+0200] {processor.py:161} INFO - Started process (PID=14442) to work on /home/ccd/airflow_venv/lib/python3.10/site-packages/airflow/example_dags/example_params_trigger_ui.py
[2025-06-09T11:48:27.249+0200] {processor.py:830} INFO - Processing file /home/ccd/airflow_venv/lib/python3.10/site-packages/airflow/example_dags/example_params_trigger_ui.py for tasks to queue
[2025-06-09T11:48:27.250+0200] {logging_mixin.py:188} INFO - [2025-06-09T11:48:27.250+0200] {dagbag.py:540} INFO - Filling up the DagBag from /home/ccd/airflow_venv/lib/python3.10/site-packages/airflow/example_dags/example_params_trigger_ui.py
[2025-06-09T11:48:27.260+0200] {processor.py:840} INFO - DAG(s) 'example_params_trigger_ui' retrieved from /home/ccd/airflow_venv/lib/python3.10/site-packages/airflow/example_dags/example_params_trigger_ui.py
[2025-06-09T11:48:27.283+0200] {logging_mixin.py:188} INFO - [2025-06-09T11:48:27.283+0200] {dag.py:3096} INFO - Sync 1 DAGs
[2025-06-09T11:48:27.289+0200] {logging_mixin.py:188} INFO - [2025-06-09T11:48:27.289+0200] {dag.py:3954} INFO - Setting next_dagrun for example_params_trigger_ui to None, run_after=None
[2025-06-09T11:48:27.310+0200] {processor.py:183} INFO - Processing /home/ccd/airflow_venv/lib/python3.10/site-packages/airflow/example_dags/example_params_trigger_ui.py took 0.068 seconds
[2025-06-09T11:49:42.111+0200] {processor.py:161} INFO - Started process (PID=15960) to work on /home/ccd/airflow_venv/lib/python3.10/site-packages/airflow/example_dags/example_params_trigger_ui.py
[2025-06-09T11:49:42.122+0200] {processor.py:830} INFO - Processing file /home/ccd/airflow_venv/lib/python3.10/site-packages/airflow/example_dags/example_params_trigger_ui.py for tasks to queue
[2025-06-09T11:49:42.123+0200] {logging_mixin.py:188} INFO - [2025-06-09T11:49:42.123+0200] {dagbag.py:540} INFO - Filling up the DagBag from /home/ccd/airflow_venv/lib/python3.10/site-packages/airflow/example_dags/example_params_trigger_ui.py
[2025-06-09T11:49:42.132+0200] {processor.py:840} INFO - DAG(s) 'example_params_trigger_ui' retrieved from /home/ccd/airflow_venv/lib/python3.10/site-packages/airflow/example_dags/example_params_trigger_ui.py
[2025-06-09T11:49:42.157+0200] {logging_mixin.py:188} INFO - [2025-06-09T11:49:42.157+0200] {dag.py:3096} INFO - Sync 1 DAGs
[2025-06-09T11:49:42.164+0200] {logging_mixin.py:188} INFO - [2025-06-09T11:49:42.164+0200] {dag.py:3954} INFO - Setting next_dagrun for example_params_trigger_ui to None, run_after=None
[2025-06-09T11:49:42.185+0200] {processor.py:183} INFO - Processing /home/ccd/airflow_venv/lib/python3.10/site-packages/airflow/example_dags/example_params_trigger_ui.py took 0.078 seconds
[2025-06-09T11:50:59.753+0200] {processor.py:161} INFO - Started process (PID=17072) to work on /home/ccd/airflow_venv/lib/python3.10/site-packages/airflow/example_dags/example_params_trigger_ui.py
[2025-06-09T11:50:59.764+0200] {processor.py:830} INFO - Processing file /home/ccd/airflow_venv/lib/python3.10/site-packages/airflow/example_dags/example_params_trigger_ui.py for tasks to queue
[2025-06-09T11:50:59.766+0200] {logging_mixin.py:188} INFO - [2025-06-09T11:50:59.765+0200] {dagbag.py:540} INFO - Filling up the DagBag from /home/ccd/airflow_venv/lib/python3.10/site-packages/airflow/example_dags/example_params_trigger_ui.py
[2025-06-09T11:50:59.776+0200] {processor.py:840} INFO - DAG(s) 'example_params_trigger_ui' retrieved from /home/ccd/airflow_venv/lib/python3.10/site-packages/airflow/example_dags/example_params_trigger_ui.py
[2025-06-09T11:50:59.803+0200] {logging_mixin.py:188} INFO - [2025-06-09T11:50:59.803+0200] {dag.py:3096} INFO - Sync 1 DAGs
[2025-06-09T11:50:59.812+0200] {logging_mixin.py:188} INFO - [2025-06-09T11:50:59.812+0200] {dag.py:3954} INFO - Setting next_dagrun for example_params_trigger_ui to None, run_after=None
[2025-06-09T11:50:59.834+0200] {processor.py:183} INFO - Processing /home/ccd/airflow_venv/lib/python3.10/site-packages/airflow/example_dags/example_params_trigger_ui.py took 0.085 seconds
[2025-06-09T11:51:56.539+0200] {processor.py:161} INFO - Started process (PID=17446) to work on /home/ccd/airflow_venv/lib/python3.10/site-packages/airflow/example_dags/example_params_trigger_ui.py
[2025-06-09T11:51:56.550+0200] {processor.py:830} INFO - Processing file /home/ccd/airflow_venv/lib/python3.10/site-packages/airflow/example_dags/example_params_trigger_ui.py for tasks to queue
[2025-06-09T11:51:56.551+0200] {logging_mixin.py:188} INFO - [2025-06-09T11:51:56.551+0200] {dagbag.py:540} INFO - Filling up the DagBag from /home/ccd/airflow_venv/lib/python3.10/site-packages/airflow/example_dags/example_params_trigger_ui.py
[2025-06-09T11:51:56.559+0200] {processor.py:840} INFO - DAG(s) 'example_params_trigger_ui' retrieved from /home/ccd/airflow_venv/lib/python3.10/site-packages/airflow/example_dags/example_params_trigger_ui.py
[2025-06-09T11:51:56.584+0200] {logging_mixin.py:188} INFO - [2025-06-09T11:51:56.584+0200] {dag.py:3096} INFO - Sync 1 DAGs
[2025-06-09T11:51:56.591+0200] {logging_mixin.py:188} INFO - [2025-06-09T11:51:56.591+0200] {dag.py:3954} INFO - Setting next_dagrun for example_params_trigger_ui to None, run_after=None
[2025-06-09T11:51:56.611+0200] {processor.py:183} INFO - Processing /home/ccd/airflow_venv/lib/python3.10/site-packages/airflow/example_dags/example_params_trigger_ui.py took 0.076 seconds
[2025-06-09T11:52:48.949+0200] {processor.py:161} INFO - Started process (PID=17778) to work on /home/ccd/airflow_venv/lib/python3.10/site-packages/airflow/example_dags/example_params_trigger_ui.py
[2025-06-09T11:52:48.951+0200] {processor.py:830} INFO - Processing file /home/ccd/airflow_venv/lib/python3.10/site-packages/airflow/example_dags/example_params_trigger_ui.py for tasks to queue
[2025-06-09T11:52:48.952+0200] {logging_mixin.py:188} INFO - [2025-06-09T11:52:48.952+0200] {dagbag.py:540} INFO - Filling up the DagBag from /home/ccd/airflow_venv/lib/python3.10/site-packages/airflow/example_dags/example_params_trigger_ui.py
[2025-06-09T11:52:48.961+0200] {processor.py:840} INFO - DAG(s) 'example_params_trigger_ui' retrieved from /home/ccd/airflow_venv/lib/python3.10/site-packages/airflow/example_dags/example_params_trigger_ui.py
[2025-06-09T11:52:48.983+0200] {logging_mixin.py:188} INFO - [2025-06-09T11:52:48.983+0200] {dag.py:3096} INFO - Sync 1 DAGs
[2025-06-09T11:52:49.042+0200] {logging_mixin.py:188} INFO - [2025-06-09T11:52:49.042+0200] {dag.py:3954} INFO - Setting next_dagrun for example_params_trigger_ui to None, run_after=None
[2025-06-09T11:52:49.062+0200] {processor.py:183} INFO - Processing /home/ccd/airflow_venv/lib/python3.10/site-packages/airflow/example_dags/example_params_trigger_ui.py took 0.117 seconds
[2025-06-09T11:53:42.870+0200] {processor.py:161} INFO - Started process (PID=18068) to work on /home/ccd/airflow_venv/lib/python3.10/site-packages/airflow/example_dags/example_params_trigger_ui.py
[2025-06-09T11:53:42.881+0200] {processor.py:830} INFO - Processing file /home/ccd/airflow_venv/lib/python3.10/site-packages/airflow/example_dags/example_params_trigger_ui.py for tasks to queue
[2025-06-09T11:53:42.882+0200] {logging_mixin.py:188} INFO - [2025-06-09T11:53:42.882+0200] {dagbag.py:540} INFO - Filling up the DagBag from /home/ccd/airflow_venv/lib/python3.10/site-packages/airflow/example_dags/example_params_trigger_ui.py
[2025-06-09T11:53:42.890+0200] {processor.py:840} INFO - DAG(s) 'example_params_trigger_ui' retrieved from /home/ccd/airflow_venv/lib/python3.10/site-packages/airflow/example_dags/example_params_trigger_ui.py
[2025-06-09T11:53:42.913+0200] {logging_mixin.py:188} INFO - [2025-06-09T11:53:42.913+0200] {dag.py:3096} INFO - Sync 1 DAGs
[2025-06-09T11:53:42.920+0200] {logging_mixin.py:188} INFO - [2025-06-09T11:53:42.919+0200] {dag.py:3954} INFO - Setting next_dagrun for example_params_trigger_ui to None, run_after=None
[2025-06-09T11:53:42.944+0200] {processor.py:183} INFO - Processing /home/ccd/airflow_venv/lib/python3.10/site-packages/airflow/example_dags/example_params_trigger_ui.py took 0.078 seconds
[2025-06-09T11:54:34.072+0200] {processor.py:161} INFO - Started process (PID=18371) to work on /home/ccd/airflow_venv/lib/python3.10/site-packages/airflow/example_dags/example_params_trigger_ui.py
[2025-06-09T11:54:34.083+0200] {processor.py:830} INFO - Processing file /home/ccd/airflow_venv/lib/python3.10/site-packages/airflow/example_dags/example_params_trigger_ui.py for tasks to queue
[2025-06-09T11:54:34.084+0200] {logging_mixin.py:188} INFO - [2025-06-09T11:54:34.084+0200] {dagbag.py:540} INFO - Filling up the DagBag from /home/ccd/airflow_venv/lib/python3.10/site-packages/airflow/example_dags/example_params_trigger_ui.py
[2025-06-09T11:54:34.093+0200] {processor.py:840} INFO - DAG(s) 'example_params_trigger_ui' retrieved from /home/ccd/airflow_venv/lib/python3.10/site-packages/airflow/example_dags/example_params_trigger_ui.py
[2025-06-09T11:54:34.114+0200] {logging_mixin.py:188} INFO - [2025-06-09T11:54:34.114+0200] {dag.py:3096} INFO - Sync 1 DAGs
[2025-06-09T11:54:34.121+0200] {logging_mixin.py:188} INFO - [2025-06-09T11:54:34.121+0200] {dag.py:3954} INFO - Setting next_dagrun for example_params_trigger_ui to None, run_after=None
[2025-06-09T11:54:34.149+0200] {processor.py:183} INFO - Processing /home/ccd/airflow_venv/lib/python3.10/site-packages/airflow/example_dags/example_params_trigger_ui.py took 0.081 seconds
[2025-06-09T11:55:26.843+0200] {processor.py:161} INFO - Started process (PID=18660) to work on /home/ccd/airflow_venv/lib/python3.10/site-packages/airflow/example_dags/example_params_trigger_ui.py
[2025-06-09T11:55:26.853+0200] {processor.py:830} INFO - Processing file /home/ccd/airflow_venv/lib/python3.10/site-packages/airflow/example_dags/example_params_trigger_ui.py for tasks to queue
[2025-06-09T11:55:26.854+0200] {logging_mixin.py:188} INFO - [2025-06-09T11:55:26.854+0200] {dagbag.py:540} INFO - Filling up the DagBag from /home/ccd/airflow_venv/lib/python3.10/site-packages/airflow/example_dags/example_params_trigger_ui.py
[2025-06-09T11:55:26.862+0200] {processor.py:840} INFO - DAG(s) 'example_params_trigger_ui' retrieved from /home/ccd/airflow_venv/lib/python3.10/site-packages/airflow/example_dags/example_params_trigger_ui.py
[2025-06-09T11:55:26.885+0200] {logging_mixin.py:188} INFO - [2025-06-09T11:55:26.885+0200] {dag.py:3096} INFO - Sync 1 DAGs
[2025-06-09T11:55:26.894+0200] {logging_mixin.py:188} INFO - [2025-06-09T11:55:26.893+0200] {dag.py:3954} INFO - Setting next_dagrun for example_params_trigger_ui to None, run_after=None
[2025-06-09T11:55:26.916+0200] {processor.py:183} INFO - Processing /home/ccd/airflow_venv/lib/python3.10/site-packages/airflow/example_dags/example_params_trigger_ui.py took 0.077 seconds
[2025-06-09T11:56:15.621+0200] {processor.py:161} INFO - Started process (PID=18962) to work on /home/ccd/airflow_venv/lib/python3.10/site-packages/airflow/example_dags/example_params_trigger_ui.py
[2025-06-09T11:56:15.622+0200] {processor.py:830} INFO - Processing file /home/ccd/airflow_venv/lib/python3.10/site-packages/airflow/example_dags/example_params_trigger_ui.py for tasks to queue
[2025-06-09T11:56:15.625+0200] {logging_mixin.py:188} INFO - [2025-06-09T11:56:15.624+0200] {dagbag.py:540} INFO - Filling up the DagBag from /home/ccd/airflow_venv/lib/python3.10/site-packages/airflow/example_dags/example_params_trigger_ui.py
[2025-06-09T11:56:15.653+0200] {processor.py:840} INFO - DAG(s) 'example_params_trigger_ui' retrieved from /home/ccd/airflow_venv/lib/python3.10/site-packages/airflow/example_dags/example_params_trigger_ui.py
[2025-06-09T11:56:15.752+0200] {logging_mixin.py:188} INFO - [2025-06-09T11:56:15.751+0200] {dag.py:3096} INFO - Sync 1 DAGs
[2025-06-09T11:56:15.775+0200] {logging_mixin.py:188} INFO - [2025-06-09T11:56:15.774+0200] {dag.py:3954} INFO - Setting next_dagrun for example_params_trigger_ui to None, run_after=None
[2025-06-09T11:56:16.078+0200] {processor.py:183} INFO - Processing /home/ccd/airflow_venv/lib/python3.10/site-packages/airflow/example_dags/example_params_trigger_ui.py took 0.464 seconds
[2025-06-09T11:57:08.010+0200] {processor.py:161} INFO - Started process (PID=19252) to work on /home/ccd/airflow_venv/lib/python3.10/site-packages/airflow/example_dags/example_params_trigger_ui.py
[2025-06-09T11:57:08.011+0200] {processor.py:830} INFO - Processing file /home/ccd/airflow_venv/lib/python3.10/site-packages/airflow/example_dags/example_params_trigger_ui.py for tasks to queue
[2025-06-09T11:57:08.012+0200] {logging_mixin.py:188} INFO - [2025-06-09T11:57:08.012+0200] {dagbag.py:540} INFO - Filling up the DagBag from /home/ccd/airflow_venv/lib/python3.10/site-packages/airflow/example_dags/example_params_trigger_ui.py
[2025-06-09T11:57:08.020+0200] {processor.py:840} INFO - DAG(s) 'example_params_trigger_ui' retrieved from /home/ccd/airflow_venv/lib/python3.10/site-packages/airflow/example_dags/example_params_trigger_ui.py
[2025-06-09T11:57:08.041+0200] {logging_mixin.py:188} INFO - [2025-06-09T11:57:08.041+0200] {dag.py:3096} INFO - Sync 1 DAGs
[2025-06-09T11:57:08.048+0200] {logging_mixin.py:188} INFO - [2025-06-09T11:57:08.048+0200] {dag.py:3954} INFO - Setting next_dagrun for example_params_trigger_ui to None, run_after=None
[2025-06-09T11:57:08.069+0200] {processor.py:183} INFO - Processing /home/ccd/airflow_venv/lib/python3.10/site-packages/airflow/example_dags/example_params_trigger_ui.py took 0.063 seconds
[2025-06-09T11:57:58.003+0200] {processor.py:161} INFO - Started process (PID=19536) to work on /home/ccd/airflow_venv/lib/python3.10/site-packages/airflow/example_dags/example_params_trigger_ui.py
[2025-06-09T11:57:58.014+0200] {processor.py:830} INFO - Processing file /home/ccd/airflow_venv/lib/python3.10/site-packages/airflow/example_dags/example_params_trigger_ui.py for tasks to queue
[2025-06-09T11:57:58.016+0200] {logging_mixin.py:188} INFO - [2025-06-09T11:57:58.015+0200] {dagbag.py:540} INFO - Filling up the DagBag from /home/ccd/airflow_venv/lib/python3.10/site-packages/airflow/example_dags/example_params_trigger_ui.py
[2025-06-09T11:57:58.024+0200] {processor.py:840} INFO - DAG(s) 'example_params_trigger_ui' retrieved from /home/ccd/airflow_venv/lib/python3.10/site-packages/airflow/example_dags/example_params_trigger_ui.py
[2025-06-09T11:57:58.045+0200] {logging_mixin.py:188} INFO - [2025-06-09T11:57:58.045+0200] {dag.py:3096} INFO - Sync 1 DAGs
[2025-06-09T11:57:58.052+0200] {logging_mixin.py:188} INFO - [2025-06-09T11:57:58.052+0200] {dag.py:3954} INFO - Setting next_dagrun for example_params_trigger_ui to None, run_after=None
[2025-06-09T11:57:58.074+0200] {processor.py:183} INFO - Processing /home/ccd/airflow_venv/lib/python3.10/site-packages/airflow/example_dags/example_params_trigger_ui.py took 0.075 seconds
[2025-06-09T11:58:49.243+0200] {processor.py:161} INFO - Started process (PID=19839) to work on /home/ccd/airflow_venv/lib/python3.10/site-packages/airflow/example_dags/example_params_trigger_ui.py
[2025-06-09T11:58:49.244+0200] {processor.py:830} INFO - Processing file /home/ccd/airflow_venv/lib/python3.10/site-packages/airflow/example_dags/example_params_trigger_ui.py for tasks to queue
[2025-06-09T11:58:49.245+0200] {logging_mixin.py:188} INFO - [2025-06-09T11:58:49.245+0200] {dagbag.py:540} INFO - Filling up the DagBag from /home/ccd/airflow_venv/lib/python3.10/site-packages/airflow/example_dags/example_params_trigger_ui.py
[2025-06-09T11:58:49.253+0200] {processor.py:840} INFO - DAG(s) 'example_params_trigger_ui' retrieved from /home/ccd/airflow_venv/lib/python3.10/site-packages/airflow/example_dags/example_params_trigger_ui.py
[2025-06-09T11:58:49.275+0200] {logging_mixin.py:188} INFO - [2025-06-09T11:58:49.274+0200] {dag.py:3096} INFO - Sync 1 DAGs
[2025-06-09T11:58:49.281+0200] {logging_mixin.py:188} INFO - [2025-06-09T11:58:49.281+0200] {dag.py:3954} INFO - Setting next_dagrun for example_params_trigger_ui to None, run_after=None
[2025-06-09T11:58:49.308+0200] {processor.py:183} INFO - Processing /home/ccd/airflow_venv/lib/python3.10/site-packages/airflow/example_dags/example_params_trigger_ui.py took 0.069 seconds
[2025-06-09T11:59:41.312+0200] {processor.py:161} INFO - Started process (PID=20200) to work on /home/ccd/airflow_venv/lib/python3.10/site-packages/airflow/example_dags/example_params_trigger_ui.py
[2025-06-09T11:59:41.323+0200] {processor.py:830} INFO - Processing file /home/ccd/airflow_venv/lib/python3.10/site-packages/airflow/example_dags/example_params_trigger_ui.py for tasks to queue
[2025-06-09T11:59:41.325+0200] {logging_mixin.py:188} INFO - [2025-06-09T11:59:41.324+0200] {dagbag.py:540} INFO - Filling up the DagBag from /home/ccd/airflow_venv/lib/python3.10/site-packages/airflow/example_dags/example_params_trigger_ui.py
[2025-06-09T11:59:41.335+0200] {processor.py:840} INFO - DAG(s) 'example_params_trigger_ui' retrieved from /home/ccd/airflow_venv/lib/python3.10/site-packages/airflow/example_dags/example_params_trigger_ui.py
[2025-06-09T11:59:41.366+0200] {logging_mixin.py:188} INFO - [2025-06-09T11:59:41.365+0200] {dag.py:3096} INFO - Sync 1 DAGs
[2025-06-09T11:59:41.373+0200] {logging_mixin.py:188} INFO - [2025-06-09T11:59:41.373+0200] {dag.py:3954} INFO - Setting next_dagrun for example_params_trigger_ui to None, run_after=None
[2025-06-09T11:59:41.400+0200] {processor.py:183} INFO - Processing /home/ccd/airflow_venv/lib/python3.10/site-packages/airflow/example_dags/example_params_trigger_ui.py took 0.092 seconds
[2025-06-09T12:00:33.198+0200] {processor.py:161} INFO - Started process (PID=20606) to work on /home/ccd/airflow_venv/lib/python3.10/site-packages/airflow/example_dags/example_params_trigger_ui.py
[2025-06-09T12:00:33.209+0200] {processor.py:830} INFO - Processing file /home/ccd/airflow_venv/lib/python3.10/site-packages/airflow/example_dags/example_params_trigger_ui.py for tasks to queue
[2025-06-09T12:00:33.211+0200] {logging_mixin.py:188} INFO - [2025-06-09T12:00:33.211+0200] {dagbag.py:540} INFO - Filling up the DagBag from /home/ccd/airflow_venv/lib/python3.10/site-packages/airflow/example_dags/example_params_trigger_ui.py
[2025-06-09T12:00:33.220+0200] {processor.py:840} INFO - DAG(s) 'example_params_trigger_ui' retrieved from /home/ccd/airflow_venv/lib/python3.10/site-packages/airflow/example_dags/example_params_trigger_ui.py
[2025-06-09T12:00:33.245+0200] {logging_mixin.py:188} INFO - [2025-06-09T12:00:33.244+0200] {dag.py:3096} INFO - Sync 1 DAGs
[2025-06-09T12:00:33.252+0200] {logging_mixin.py:188} INFO - [2025-06-09T12:00:33.252+0200] {dag.py:3954} INFO - Setting next_dagrun for example_params_trigger_ui to None, run_after=None
[2025-06-09T12:00:33.274+0200] {processor.py:183} INFO - Processing /home/ccd/airflow_venv/lib/python3.10/site-packages/airflow/example_dags/example_params_trigger_ui.py took 0.080 seconds
[2025-06-09T12:01:26.088+0200] {processor.py:161} INFO - Started process (PID=20923) to work on /home/ccd/airflow_venv/lib/python3.10/site-packages/airflow/example_dags/example_params_trigger_ui.py
[2025-06-09T12:01:26.089+0200] {processor.py:830} INFO - Processing file /home/ccd/airflow_venv/lib/python3.10/site-packages/airflow/example_dags/example_params_trigger_ui.py for tasks to queue
[2025-06-09T12:01:26.091+0200] {logging_mixin.py:188} INFO - [2025-06-09T12:01:26.090+0200] {dagbag.py:540} INFO - Filling up the DagBag from /home/ccd/airflow_venv/lib/python3.10/site-packages/airflow/example_dags/example_params_trigger_ui.py
[2025-06-09T12:01:26.100+0200] {processor.py:840} INFO - DAG(s) 'example_params_trigger_ui' retrieved from /home/ccd/airflow_venv/lib/python3.10/site-packages/airflow/example_dags/example_params_trigger_ui.py
[2025-06-09T12:01:26.124+0200] {logging_mixin.py:188} INFO - [2025-06-09T12:01:26.124+0200] {dag.py:3096} INFO - Sync 1 DAGs
[2025-06-09T12:01:26.132+0200] {logging_mixin.py:188} INFO - [2025-06-09T12:01:26.132+0200] {dag.py:3954} INFO - Setting next_dagrun for example_params_trigger_ui to None, run_after=None
[2025-06-09T12:01:26.154+0200] {processor.py:183} INFO - Processing /home/ccd/airflow_venv/lib/python3.10/site-packages/airflow/example_dags/example_params_trigger_ui.py took 0.071 seconds
[2025-06-09T12:02:20.598+0200] {processor.py:161} INFO - Started process (PID=21247) to work on /home/ccd/airflow_venv/lib/python3.10/site-packages/airflow/example_dags/example_params_trigger_ui.py
[2025-06-09T12:02:20.601+0200] {processor.py:830} INFO - Processing file /home/ccd/airflow_venv/lib/python3.10/site-packages/airflow/example_dags/example_params_trigger_ui.py for tasks to queue
[2025-06-09T12:02:20.602+0200] {logging_mixin.py:188} INFO - [2025-06-09T12:02:20.602+0200] {dagbag.py:540} INFO - Filling up the DagBag from /home/ccd/airflow_venv/lib/python3.10/site-packages/airflow/example_dags/example_params_trigger_ui.py
[2025-06-09T12:02:20.612+0200] {processor.py:840} INFO - DAG(s) 'example_params_trigger_ui' retrieved from /home/ccd/airflow_venv/lib/python3.10/site-packages/airflow/example_dags/example_params_trigger_ui.py
[2025-06-09T12:02:20.633+0200] {logging_mixin.py:188} INFO - [2025-06-09T12:02:20.633+0200] {dag.py:3096} INFO - Sync 1 DAGs
[2025-06-09T12:02:20.640+0200] {logging_mixin.py:188} INFO - [2025-06-09T12:02:20.640+0200] {dag.py:3954} INFO - Setting next_dagrun for example_params_trigger_ui to None, run_after=None
[2025-06-09T12:02:20.660+0200] {processor.py:183} INFO - Processing /home/ccd/airflow_venv/lib/python3.10/site-packages/airflow/example_dags/example_params_trigger_ui.py took 0.066 seconds
[2025-06-09T12:03:12.439+0200] {processor.py:161} INFO - Started process (PID=21555) to work on /home/ccd/airflow_venv/lib/python3.10/site-packages/airflow/example_dags/example_params_trigger_ui.py
[2025-06-09T12:03:12.450+0200] {processor.py:830} INFO - Processing file /home/ccd/airflow_venv/lib/python3.10/site-packages/airflow/example_dags/example_params_trigger_ui.py for tasks to queue
[2025-06-09T12:03:12.452+0200] {logging_mixin.py:188} INFO - [2025-06-09T12:03:12.451+0200] {dagbag.py:540} INFO - Filling up the DagBag from /home/ccd/airflow_venv/lib/python3.10/site-packages/airflow/example_dags/example_params_trigger_ui.py
[2025-06-09T12:03:12.460+0200] {processor.py:840} INFO - DAG(s) 'example_params_trigger_ui' retrieved from /home/ccd/airflow_venv/lib/python3.10/site-packages/airflow/example_dags/example_params_trigger_ui.py
[2025-06-09T12:03:12.487+0200] {logging_mixin.py:188} INFO - [2025-06-09T12:03:12.487+0200] {dag.py:3096} INFO - Sync 1 DAGs
[2025-06-09T12:03:12.493+0200] {logging_mixin.py:188} INFO - [2025-06-09T12:03:12.493+0200] {dag.py:3954} INFO - Setting next_dagrun for example_params_trigger_ui to None, run_after=None
[2025-06-09T12:03:12.512+0200] {processor.py:183} INFO - Processing /home/ccd/airflow_venv/lib/python3.10/site-packages/airflow/example_dags/example_params_trigger_ui.py took 0.077 seconds
[2025-06-09T12:05:52.577+0200] {processor.py:161} INFO - Started process (PID=24461) to work on /home/ccd/airflow_venv/lib/python3.10/site-packages/airflow/example_dags/example_params_trigger_ui.py
[2025-06-09T12:05:52.578+0200] {processor.py:830} INFO - Processing file /home/ccd/airflow_venv/lib/python3.10/site-packages/airflow/example_dags/example_params_trigger_ui.py for tasks to queue
[2025-06-09T12:05:52.579+0200] {logging_mixin.py:188} INFO - [2025-06-09T12:05:52.579+0200] {dagbag.py:540} INFO - Filling up the DagBag from /home/ccd/airflow_venv/lib/python3.10/site-packages/airflow/example_dags/example_params_trigger_ui.py
[2025-06-09T12:05:52.590+0200] {processor.py:840} INFO - DAG(s) 'example_params_trigger_ui' retrieved from /home/ccd/airflow_venv/lib/python3.10/site-packages/airflow/example_dags/example_params_trigger_ui.py
[2025-06-09T12:05:52.615+0200] {logging_mixin.py:188} INFO - [2025-06-09T12:05:52.615+0200] {dag.py:3096} INFO - Sync 1 DAGs
[2025-06-09T12:05:52.624+0200] {logging_mixin.py:188} INFO - [2025-06-09T12:05:52.624+0200] {dag.py:3954} INFO - Setting next_dagrun for example_params_trigger_ui to None, run_after=None
[2025-06-09T12:05:52.645+0200] {processor.py:183} INFO - Processing /home/ccd/airflow_venv/lib/python3.10/site-packages/airflow/example_dags/example_params_trigger_ui.py took 0.073 seconds
[2025-06-09T12:06:49.331+0200] {processor.py:161} INFO - Started process (PID=24810) to work on /home/ccd/airflow_venv/lib/python3.10/site-packages/airflow/example_dags/example_params_trigger_ui.py
[2025-06-09T12:06:49.334+0200] {processor.py:830} INFO - Processing file /home/ccd/airflow_venv/lib/python3.10/site-packages/airflow/example_dags/example_params_trigger_ui.py for tasks to queue
[2025-06-09T12:06:49.335+0200] {logging_mixin.py:188} INFO - [2025-06-09T12:06:49.335+0200] {dagbag.py:540} INFO - Filling up the DagBag from /home/ccd/airflow_venv/lib/python3.10/site-packages/airflow/example_dags/example_params_trigger_ui.py
[2025-06-09T12:06:49.344+0200] {processor.py:840} INFO - DAG(s) 'example_params_trigger_ui' retrieved from /home/ccd/airflow_venv/lib/python3.10/site-packages/airflow/example_dags/example_params_trigger_ui.py
[2025-06-09T12:06:49.369+0200] {logging_mixin.py:188} INFO - [2025-06-09T12:06:49.369+0200] {dag.py:3096} INFO - Sync 1 DAGs
[2025-06-09T12:06:49.377+0200] {logging_mixin.py:188} INFO - [2025-06-09T12:06:49.377+0200] {dag.py:3954} INFO - Setting next_dagrun for example_params_trigger_ui to None, run_after=None
[2025-06-09T12:06:49.398+0200] {processor.py:183} INFO - Processing /home/ccd/airflow_venv/lib/python3.10/site-packages/airflow/example_dags/example_params_trigger_ui.py took 0.071 seconds
[2025-06-09T12:07:56.427+0200] {processor.py:161} INFO - Started process (PID=25430) to work on /home/ccd/airflow_venv/lib/python3.10/site-packages/airflow/example_dags/example_params_trigger_ui.py
[2025-06-09T12:07:56.438+0200] {processor.py:830} INFO - Processing file /home/ccd/airflow_venv/lib/python3.10/site-packages/airflow/example_dags/example_params_trigger_ui.py for tasks to queue
[2025-06-09T12:07:56.439+0200] {logging_mixin.py:188} INFO - [2025-06-09T12:07:56.439+0200] {dagbag.py:540} INFO - Filling up the DagBag from /home/ccd/airflow_venv/lib/python3.10/site-packages/airflow/example_dags/example_params_trigger_ui.py
[2025-06-09T12:07:56.449+0200] {processor.py:840} INFO - DAG(s) 'example_params_trigger_ui' retrieved from /home/ccd/airflow_venv/lib/python3.10/site-packages/airflow/example_dags/example_params_trigger_ui.py
[2025-06-09T12:07:56.473+0200] {logging_mixin.py:188} INFO - [2025-06-09T12:07:56.473+0200] {dag.py:3096} INFO - Sync 1 DAGs
[2025-06-09T12:07:56.480+0200] {logging_mixin.py:188} INFO - [2025-06-09T12:07:56.480+0200] {dag.py:3954} INFO - Setting next_dagrun for example_params_trigger_ui to None, run_after=None
[2025-06-09T12:07:56.502+0200] {processor.py:183} INFO - Processing /home/ccd/airflow_venv/lib/python3.10/site-packages/airflow/example_dags/example_params_trigger_ui.py took 0.078 seconds
[2025-06-09T12:08:49.113+0200] {processor.py:161} INFO - Started process (PID=25765) to work on /home/ccd/airflow_venv/lib/python3.10/site-packages/airflow/example_dags/example_params_trigger_ui.py
[2025-06-09T12:08:49.124+0200] {processor.py:830} INFO - Processing file /home/ccd/airflow_venv/lib/python3.10/site-packages/airflow/example_dags/example_params_trigger_ui.py for tasks to queue
[2025-06-09T12:08:49.125+0200] {logging_mixin.py:188} INFO - [2025-06-09T12:08:49.125+0200] {dagbag.py:540} INFO - Filling up the DagBag from /home/ccd/airflow_venv/lib/python3.10/site-packages/airflow/example_dags/example_params_trigger_ui.py
[2025-06-09T12:08:49.134+0200] {processor.py:840} INFO - DAG(s) 'example_params_trigger_ui' retrieved from /home/ccd/airflow_venv/lib/python3.10/site-packages/airflow/example_dags/example_params_trigger_ui.py
[2025-06-09T12:08:49.156+0200] {logging_mixin.py:188} INFO - [2025-06-09T12:08:49.156+0200] {dag.py:3096} INFO - Sync 1 DAGs
[2025-06-09T12:08:49.163+0200] {logging_mixin.py:188} INFO - [2025-06-09T12:08:49.162+0200] {dag.py:3954} INFO - Setting next_dagrun for example_params_trigger_ui to None, run_after=None
[2025-06-09T12:08:49.183+0200] {processor.py:183} INFO - Processing /home/ccd/airflow_venv/lib/python3.10/site-packages/airflow/example_dags/example_params_trigger_ui.py took 0.073 seconds
[2025-06-09T12:09:42.734+0200] {processor.py:161} INFO - Started process (PID=26270) to work on /home/ccd/airflow_venv/lib/python3.10/site-packages/airflow/example_dags/example_params_trigger_ui.py
[2025-06-09T12:09:42.735+0200] {processor.py:830} INFO - Processing file /home/ccd/airflow_venv/lib/python3.10/site-packages/airflow/example_dags/example_params_trigger_ui.py for tasks to queue
[2025-06-09T12:09:42.736+0200] {logging_mixin.py:188} INFO - [2025-06-09T12:09:42.736+0200] {dagbag.py:540} INFO - Filling up the DagBag from /home/ccd/airflow_venv/lib/python3.10/site-packages/airflow/example_dags/example_params_trigger_ui.py
[2025-06-09T12:09:42.746+0200] {processor.py:840} INFO - DAG(s) 'example_params_trigger_ui' retrieved from /home/ccd/airflow_venv/lib/python3.10/site-packages/airflow/example_dags/example_params_trigger_ui.py
[2025-06-09T12:09:42.770+0200] {logging_mixin.py:188} INFO - [2025-06-09T12:09:42.770+0200] {dag.py:3096} INFO - Sync 1 DAGs
[2025-06-09T12:09:42.778+0200] {logging_mixin.py:188} INFO - [2025-06-09T12:09:42.778+0200] {dag.py:3954} INFO - Setting next_dagrun for example_params_trigger_ui to None, run_after=None
[2025-06-09T12:09:42.800+0200] {processor.py:183} INFO - Processing /home/ccd/airflow_venv/lib/python3.10/site-packages/airflow/example_dags/example_params_trigger_ui.py took 0.071 seconds
[2025-06-09T12:10:38.965+0200] {processor.py:161} INFO - Started process (PID=26917) to work on /home/ccd/airflow_venv/lib/python3.10/site-packages/airflow/example_dags/example_params_trigger_ui.py
[2025-06-09T12:10:38.967+0200] {processor.py:830} INFO - Processing file /home/ccd/airflow_venv/lib/python3.10/site-packages/airflow/example_dags/example_params_trigger_ui.py for tasks to queue
[2025-06-09T12:10:38.968+0200] {logging_mixin.py:188} INFO - [2025-06-09T12:10:38.968+0200] {dagbag.py:540} INFO - Filling up the DagBag from /home/ccd/airflow_venv/lib/python3.10/site-packages/airflow/example_dags/example_params_trigger_ui.py
[2025-06-09T12:10:38.976+0200] {processor.py:840} INFO - DAG(s) 'example_params_trigger_ui' retrieved from /home/ccd/airflow_venv/lib/python3.10/site-packages/airflow/example_dags/example_params_trigger_ui.py
[2025-06-09T12:10:39.001+0200] {logging_mixin.py:188} INFO - [2025-06-09T12:10:39.001+0200] {dag.py:3096} INFO - Sync 1 DAGs
[2025-06-09T12:10:39.007+0200] {logging_mixin.py:188} INFO - [2025-06-09T12:10:39.007+0200] {dag.py:3954} INFO - Setting next_dagrun for example_params_trigger_ui to None, run_after=None
[2025-06-09T12:10:39.029+0200] {processor.py:183} INFO - Processing /home/ccd/airflow_venv/lib/python3.10/site-packages/airflow/example_dags/example_params_trigger_ui.py took 0.068 seconds
