[2025-06-09T17:29:45.152+0200] {processor.py:161} INFO - Started process (PID=106455) to work on /home/ccd/airflow_venv/lib/python3.10/site-packages/airflow/example_dags/tutorial_objectstorage.py
[2025-06-09T17:29:45.153+0200] {processor.py:830} INFO - Processing file /home/ccd/airflow_venv/lib/python3.10/site-packages/airflow/example_dags/tutorial_objectstorage.py for tasks to queue
[2025-06-09T17:29:45.157+0200] {logging_mixin.py:188} INFO - [2025-06-09T17:29:45.156+0200] {dagbag.py:540} INFO - Filling up the DagBag from /home/ccd/airflow_venv/lib/python3.10/site-packages/airflow/example_dags/tutorial_objectstorage.py
[2025-06-09T17:29:45.168+0200] {processor.py:840} INFO - DAG(s) 'tutorial_objectstorage' retrieved from /home/ccd/airflow_venv/lib/python3.10/site-packages/airflow/example_dags/tutorial_objectstorage.py
[2025-06-09T17:29:45.319+0200] {logging_mixin.py:188} INFO - [2025-06-09T17:29:45.319+0200] {dag.py:3096} INFO - Sync 1 DAGs
[2025-06-09T17:29:45.327+0200] {logging_mixin.py:188} INFO - [2025-06-09T17:29:45.326+0200] {dag.py:3954} INFO - Setting next_dagrun for tutorial_objectstorage to None, run_after=None
[2025-06-09T17:29:45.354+0200] {processor.py:183} INFO - Processing /home/ccd/airflow_venv/lib/python3.10/site-packages/airflow/example_dags/tutorial_objectstorage.py took 0.207 seconds
[2025-06-09T17:30:53.688+0200] {processor.py:161} INFO - Started process (PID=106877) to work on /home/ccd/airflow_venv/lib/python3.10/site-packages/airflow/example_dags/tutorial_objectstorage.py
[2025-06-09T17:30:53.699+0200] {processor.py:830} INFO - Processing file /home/ccd/airflow_venv/lib/python3.10/site-packages/airflow/example_dags/tutorial_objectstorage.py for tasks to queue
[2025-06-09T17:30:53.700+0200] {logging_mixin.py:188} INFO - [2025-06-09T17:30:53.700+0200] {dagbag.py:540} INFO - Filling up the DagBag from /home/ccd/airflow_venv/lib/python3.10/site-packages/airflow/example_dags/tutorial_objectstorage.py
[2025-06-09T17:30:53.705+0200] {processor.py:840} INFO - DAG(s) 'tutorial_objectstorage' retrieved from /home/ccd/airflow_venv/lib/python3.10/site-packages/airflow/example_dags/tutorial_objectstorage.py
[2025-06-09T17:30:53.717+0200] {logging_mixin.py:188} INFO - [2025-06-09T17:30:53.717+0200] {dag.py:3096} INFO - Sync 1 DAGs
[2025-06-09T17:30:53.724+0200] {logging_mixin.py:188} INFO - [2025-06-09T17:30:53.724+0200] {dag.py:3954} INFO - Setting next_dagrun for tutorial_objectstorage to None, run_after=None
[2025-06-09T17:30:53.749+0200] {processor.py:183} INFO - Processing /home/ccd/airflow_venv/lib/python3.10/site-packages/airflow/example_dags/tutorial_objectstorage.py took 0.065 seconds
[2025-06-09T17:31:53.835+0200] {processor.py:161} INFO - Started process (PID=107269) to work on /home/ccd/airflow_venv/lib/python3.10/site-packages/airflow/example_dags/tutorial_objectstorage.py
[2025-06-09T17:31:53.845+0200] {processor.py:830} INFO - Processing file /home/ccd/airflow_venv/lib/python3.10/site-packages/airflow/example_dags/tutorial_objectstorage.py for tasks to queue
[2025-06-09T17:31:53.846+0200] {logging_mixin.py:188} INFO - [2025-06-09T17:31:53.846+0200] {dagbag.py:540} INFO - Filling up the DagBag from /home/ccd/airflow_venv/lib/python3.10/site-packages/airflow/example_dags/tutorial_objectstorage.py
[2025-06-09T17:31:53.851+0200] {processor.py:840} INFO - DAG(s) 'tutorial_objectstorage' retrieved from /home/ccd/airflow_venv/lib/python3.10/site-packages/airflow/example_dags/tutorial_objectstorage.py
[2025-06-09T17:31:53.861+0200] {logging_mixin.py:188} INFO - [2025-06-09T17:31:53.861+0200] {dag.py:3096} INFO - Sync 1 DAGs
[2025-06-09T17:31:53.867+0200] {logging_mixin.py:188} INFO - [2025-06-09T17:31:53.867+0200] {dag.py:3954} INFO - Setting next_dagrun for tutorial_objectstorage to None, run_after=None
[2025-06-09T17:31:53.889+0200] {processor.py:183} INFO - Processing /home/ccd/airflow_venv/lib/python3.10/site-packages/airflow/example_dags/tutorial_objectstorage.py took 0.058 seconds
[2025-06-09T17:32:49.116+0200] {processor.py:161} INFO - Started process (PID=107584) to work on /home/ccd/airflow_venv/lib/python3.10/site-packages/airflow/example_dags/tutorial_objectstorage.py
[2025-06-09T17:32:49.127+0200] {processor.py:830} INFO - Processing file /home/ccd/airflow_venv/lib/python3.10/site-packages/airflow/example_dags/tutorial_objectstorage.py for tasks to queue
[2025-06-09T17:32:49.128+0200] {logging_mixin.py:188} INFO - [2025-06-09T17:32:49.128+0200] {dagbag.py:540} INFO - Filling up the DagBag from /home/ccd/airflow_venv/lib/python3.10/site-packages/airflow/example_dags/tutorial_objectstorage.py
[2025-06-09T17:32:49.133+0200] {processor.py:840} INFO - DAG(s) 'tutorial_objectstorage' retrieved from /home/ccd/airflow_venv/lib/python3.10/site-packages/airflow/example_dags/tutorial_objectstorage.py
[2025-06-09T17:32:49.142+0200] {logging_mixin.py:188} INFO - [2025-06-09T17:32:49.142+0200] {dag.py:3096} INFO - Sync 1 DAGs
[2025-06-09T17:32:49.149+0200] {logging_mixin.py:188} INFO - [2025-06-09T17:32:49.149+0200] {dag.py:3954} INFO - Setting next_dagrun for tutorial_objectstorage to None, run_after=None
[2025-06-09T17:32:49.170+0200] {processor.py:183} INFO - Processing /home/ccd/airflow_venv/lib/python3.10/site-packages/airflow/example_dags/tutorial_objectstorage.py took 0.058 seconds
[2025-06-09T17:33:44.273+0200] {processor.py:161} INFO - Started process (PID=107894) to work on /home/ccd/airflow_venv/lib/python3.10/site-packages/airflow/example_dags/tutorial_objectstorage.py
[2025-06-09T17:33:44.280+0200] {processor.py:830} INFO - Processing file /home/ccd/airflow_venv/lib/python3.10/site-packages/airflow/example_dags/tutorial_objectstorage.py for tasks to queue
[2025-06-09T17:33:44.281+0200] {logging_mixin.py:188} INFO - [2025-06-09T17:33:44.281+0200] {dagbag.py:540} INFO - Filling up the DagBag from /home/ccd/airflow_venv/lib/python3.10/site-packages/airflow/example_dags/tutorial_objectstorage.py
[2025-06-09T17:33:44.287+0200] {processor.py:840} INFO - DAG(s) 'tutorial_objectstorage' retrieved from /home/ccd/airflow_venv/lib/python3.10/site-packages/airflow/example_dags/tutorial_objectstorage.py
[2025-06-09T17:33:44.296+0200] {logging_mixin.py:188} INFO - [2025-06-09T17:33:44.295+0200] {dag.py:3096} INFO - Sync 1 DAGs
[2025-06-09T17:33:44.303+0200] {logging_mixin.py:188} INFO - [2025-06-09T17:33:44.303+0200] {dag.py:3954} INFO - Setting next_dagrun for tutorial_objectstorage to None, run_after=None
[2025-06-09T17:33:44.325+0200] {processor.py:183} INFO - Processing /home/ccd/airflow_venv/lib/python3.10/site-packages/airflow/example_dags/tutorial_objectstorage.py took 0.055 seconds
[2025-06-09T17:34:38.274+0200] {processor.py:161} INFO - Started process (PID=108204) to work on /home/ccd/airflow_venv/lib/python3.10/site-packages/airflow/example_dags/tutorial_objectstorage.py
[2025-06-09T17:34:38.284+0200] {processor.py:830} INFO - Processing file /home/ccd/airflow_venv/lib/python3.10/site-packages/airflow/example_dags/tutorial_objectstorage.py for tasks to queue
[2025-06-09T17:34:38.286+0200] {logging_mixin.py:188} INFO - [2025-06-09T17:34:38.285+0200] {dagbag.py:540} INFO - Filling up the DagBag from /home/ccd/airflow_venv/lib/python3.10/site-packages/airflow/example_dags/tutorial_objectstorage.py
[2025-06-09T17:34:38.291+0200] {processor.py:840} INFO - DAG(s) 'tutorial_objectstorage' retrieved from /home/ccd/airflow_venv/lib/python3.10/site-packages/airflow/example_dags/tutorial_objectstorage.py
[2025-06-09T17:34:38.301+0200] {logging_mixin.py:188} INFO - [2025-06-09T17:34:38.301+0200] {dag.py:3096} INFO - Sync 1 DAGs
[2025-06-09T17:34:38.308+0200] {logging_mixin.py:188} INFO - [2025-06-09T17:34:38.308+0200] {dag.py:3954} INFO - Setting next_dagrun for tutorial_objectstorage to None, run_after=None
[2025-06-09T17:34:38.333+0200] {processor.py:183} INFO - Processing /home/ccd/airflow_venv/lib/python3.10/site-packages/airflow/example_dags/tutorial_objectstorage.py took 0.063 seconds
[2025-06-09T17:35:31.064+0200] {processor.py:161} INFO - Started process (PID=108492) to work on /home/ccd/airflow_venv/lib/python3.10/site-packages/airflow/example_dags/tutorial_objectstorage.py
[2025-06-09T17:35:31.076+0200] {processor.py:830} INFO - Processing file /home/ccd/airflow_venv/lib/python3.10/site-packages/airflow/example_dags/tutorial_objectstorage.py for tasks to queue
[2025-06-09T17:35:31.077+0200] {logging_mixin.py:188} INFO - [2025-06-09T17:35:31.077+0200] {dagbag.py:540} INFO - Filling up the DagBag from /home/ccd/airflow_venv/lib/python3.10/site-packages/airflow/example_dags/tutorial_objectstorage.py
[2025-06-09T17:35:31.083+0200] {processor.py:840} INFO - DAG(s) 'tutorial_objectstorage' retrieved from /home/ccd/airflow_venv/lib/python3.10/site-packages/airflow/example_dags/tutorial_objectstorage.py
[2025-06-09T17:35:31.093+0200] {logging_mixin.py:188} INFO - [2025-06-09T17:35:31.093+0200] {dag.py:3096} INFO - Sync 1 DAGs
[2025-06-09T17:35:31.101+0200] {logging_mixin.py:188} INFO - [2025-06-09T17:35:31.101+0200] {dag.py:3954} INFO - Setting next_dagrun for tutorial_objectstorage to None, run_after=None
[2025-06-09T17:35:31.122+0200] {processor.py:183} INFO - Processing /home/ccd/airflow_venv/lib/python3.10/site-packages/airflow/example_dags/tutorial_objectstorage.py took 0.062 seconds
[2025-06-09T17:36:29.157+0200] {processor.py:161} INFO - Started process (PID=108867) to work on /home/ccd/airflow_venv/lib/python3.10/site-packages/airflow/example_dags/tutorial_objectstorage.py
[2025-06-09T17:36:29.167+0200] {processor.py:830} INFO - Processing file /home/ccd/airflow_venv/lib/python3.10/site-packages/airflow/example_dags/tutorial_objectstorage.py for tasks to queue
[2025-06-09T17:36:29.168+0200] {logging_mixin.py:188} INFO - [2025-06-09T17:36:29.168+0200] {dagbag.py:540} INFO - Filling up the DagBag from /home/ccd/airflow_venv/lib/python3.10/site-packages/airflow/example_dags/tutorial_objectstorage.py
[2025-06-09T17:36:29.174+0200] {processor.py:840} INFO - DAG(s) 'tutorial_objectstorage' retrieved from /home/ccd/airflow_venv/lib/python3.10/site-packages/airflow/example_dags/tutorial_objectstorage.py
[2025-06-09T17:36:29.183+0200] {logging_mixin.py:188} INFO - [2025-06-09T17:36:29.183+0200] {dag.py:3096} INFO - Sync 1 DAGs
[2025-06-09T17:36:29.190+0200] {logging_mixin.py:188} INFO - [2025-06-09T17:36:29.190+0200] {dag.py:3954} INFO - Setting next_dagrun for tutorial_objectstorage to None, run_after=None
[2025-06-09T17:36:29.213+0200] {processor.py:183} INFO - Processing /home/ccd/airflow_venv/lib/python3.10/site-packages/airflow/example_dags/tutorial_objectstorage.py took 0.061 seconds
[2025-06-09T17:37:28.751+0200] {processor.py:161} INFO - Started process (PID=109238) to work on /home/ccd/airflow_venv/lib/python3.10/site-packages/airflow/example_dags/tutorial_objectstorage.py
[2025-06-09T17:37:28.762+0200] {processor.py:830} INFO - Processing file /home/ccd/airflow_venv/lib/python3.10/site-packages/airflow/example_dags/tutorial_objectstorage.py for tasks to queue
[2025-06-09T17:37:28.764+0200] {logging_mixin.py:188} INFO - [2025-06-09T17:37:28.763+0200] {dagbag.py:540} INFO - Filling up the DagBag from /home/ccd/airflow_venv/lib/python3.10/site-packages/airflow/example_dags/tutorial_objectstorage.py
[2025-06-09T17:37:28.771+0200] {processor.py:840} INFO - DAG(s) 'tutorial_objectstorage' retrieved from /home/ccd/airflow_venv/lib/python3.10/site-packages/airflow/example_dags/tutorial_objectstorage.py
[2025-06-09T17:37:28.784+0200] {logging_mixin.py:188} INFO - [2025-06-09T17:37:28.783+0200] {dag.py:3096} INFO - Sync 1 DAGs
[2025-06-09T17:37:28.792+0200] {logging_mixin.py:188} INFO - [2025-06-09T17:37:28.792+0200] {dag.py:3954} INFO - Setting next_dagrun for tutorial_objectstorage to None, run_after=None
[2025-06-09T17:37:28.819+0200] {processor.py:183} INFO - Processing /home/ccd/airflow_venv/lib/python3.10/site-packages/airflow/example_dags/tutorial_objectstorage.py took 0.074 seconds
[2025-06-09T17:38:59.124+0200] {processor.py:161} INFO - Started process (PID=110180) to work on /home/ccd/airflow_venv/lib/python3.10/site-packages/airflow/example_dags/tutorial_objectstorage.py
[2025-06-09T17:38:59.135+0200] {processor.py:830} INFO - Processing file /home/ccd/airflow_venv/lib/python3.10/site-packages/airflow/example_dags/tutorial_objectstorage.py for tasks to queue
[2025-06-09T17:38:59.137+0200] {logging_mixin.py:188} INFO - [2025-06-09T17:38:59.137+0200] {dagbag.py:540} INFO - Filling up the DagBag from /home/ccd/airflow_venv/lib/python3.10/site-packages/airflow/example_dags/tutorial_objectstorage.py
[2025-06-09T17:38:59.145+0200] {processor.py:840} INFO - DAG(s) 'tutorial_objectstorage' retrieved from /home/ccd/airflow_venv/lib/python3.10/site-packages/airflow/example_dags/tutorial_objectstorage.py
[2025-06-09T17:38:59.162+0200] {logging_mixin.py:188} INFO - [2025-06-09T17:38:59.161+0200] {dag.py:3096} INFO - Sync 1 DAGs
[2025-06-09T17:38:59.175+0200] {logging_mixin.py:188} INFO - [2025-06-09T17:38:59.175+0200] {dag.py:3954} INFO - Setting next_dagrun for tutorial_objectstorage to None, run_after=None
[2025-06-09T17:38:59.211+0200] {processor.py:183} INFO - Processing /home/ccd/airflow_venv/lib/python3.10/site-packages/airflow/example_dags/tutorial_objectstorage.py took 0.094 seconds
[2025-06-09T17:40:13.019+0200] {processor.py:161} INFO - Started process (PID=110823) to work on /home/ccd/airflow_venv/lib/python3.10/site-packages/airflow/example_dags/tutorial_objectstorage.py
[2025-06-09T17:40:13.030+0200] {processor.py:830} INFO - Processing file /home/ccd/airflow_venv/lib/python3.10/site-packages/airflow/example_dags/tutorial_objectstorage.py for tasks to queue
[2025-06-09T17:40:13.032+0200] {logging_mixin.py:188} INFO - [2025-06-09T17:40:13.031+0200] {dagbag.py:540} INFO - Filling up the DagBag from /home/ccd/airflow_venv/lib/python3.10/site-packages/airflow/example_dags/tutorial_objectstorage.py
[2025-06-09T17:40:13.038+0200] {processor.py:840} INFO - DAG(s) 'tutorial_objectstorage' retrieved from /home/ccd/airflow_venv/lib/python3.10/site-packages/airflow/example_dags/tutorial_objectstorage.py
[2025-06-09T17:40:13.052+0200] {logging_mixin.py:188} INFO - [2025-06-09T17:40:13.052+0200] {dag.py:3096} INFO - Sync 1 DAGs
[2025-06-09T17:40:13.064+0200] {logging_mixin.py:188} INFO - [2025-06-09T17:40:13.063+0200] {dag.py:3954} INFO - Setting next_dagrun for tutorial_objectstorage to None, run_after=None
[2025-06-09T17:40:13.092+0200] {processor.py:183} INFO - Processing /home/ccd/airflow_venv/lib/python3.10/site-packages/airflow/example_dags/tutorial_objectstorage.py took 0.079 seconds
[2025-06-09T17:41:28.359+0200] {processor.py:161} INFO - Started process (PID=111328) to work on /home/ccd/airflow_venv/lib/python3.10/site-packages/airflow/example_dags/tutorial_objectstorage.py
[2025-06-09T17:41:28.362+0200] {processor.py:830} INFO - Processing file /home/ccd/airflow_venv/lib/python3.10/site-packages/airflow/example_dags/tutorial_objectstorage.py for tasks to queue
[2025-06-09T17:41:28.363+0200] {logging_mixin.py:188} INFO - [2025-06-09T17:41:28.363+0200] {dagbag.py:540} INFO - Filling up the DagBag from /home/ccd/airflow_venv/lib/python3.10/site-packages/airflow/example_dags/tutorial_objectstorage.py
[2025-06-09T17:41:28.369+0200] {processor.py:840} INFO - DAG(s) 'tutorial_objectstorage' retrieved from /home/ccd/airflow_venv/lib/python3.10/site-packages/airflow/example_dags/tutorial_objectstorage.py
[2025-06-09T17:41:28.378+0200] {logging_mixin.py:188} INFO - [2025-06-09T17:41:28.378+0200] {dag.py:3096} INFO - Sync 1 DAGs
[2025-06-09T17:41:28.385+0200] {logging_mixin.py:188} INFO - [2025-06-09T17:41:28.385+0200] {dag.py:3954} INFO - Setting next_dagrun for tutorial_objectstorage to None, run_after=None
[2025-06-09T17:41:28.411+0200] {processor.py:183} INFO - Processing /home/ccd/airflow_venv/lib/python3.10/site-packages/airflow/example_dags/tutorial_objectstorage.py took 0.055 seconds
[2025-06-09T17:42:32.060+0200] {processor.py:161} INFO - Started process (PID=111727) to work on /home/ccd/airflow_venv/lib/python3.10/site-packages/airflow/example_dags/tutorial_objectstorage.py
[2025-06-09T17:42:32.061+0200] {processor.py:830} INFO - Processing file /home/ccd/airflow_venv/lib/python3.10/site-packages/airflow/example_dags/tutorial_objectstorage.py for tasks to queue
[2025-06-09T17:42:32.061+0200] {logging_mixin.py:188} INFO - [2025-06-09T17:42:32.061+0200] {dagbag.py:540} INFO - Filling up the DagBag from /home/ccd/airflow_venv/lib/python3.10/site-packages/airflow/example_dags/tutorial_objectstorage.py
[2025-06-09T17:42:32.066+0200] {processor.py:840} INFO - DAG(s) 'tutorial_objectstorage' retrieved from /home/ccd/airflow_venv/lib/python3.10/site-packages/airflow/example_dags/tutorial_objectstorage.py
[2025-06-09T17:42:32.076+0200] {logging_mixin.py:188} INFO - [2025-06-09T17:42:32.076+0200] {dag.py:3096} INFO - Sync 1 DAGs
[2025-06-09T17:42:32.083+0200] {logging_mixin.py:188} INFO - [2025-06-09T17:42:32.083+0200] {dag.py:3954} INFO - Setting next_dagrun for tutorial_objectstorage to None, run_after=None
[2025-06-09T17:42:32.105+0200] {processor.py:183} INFO - Processing /home/ccd/airflow_venv/lib/python3.10/site-packages/airflow/example_dags/tutorial_objectstorage.py took 0.050 seconds
[2025-06-09T17:43:40.015+0200] {processor.py:161} INFO - Started process (PID=112363) to work on /home/ccd/airflow_venv/lib/python3.10/site-packages/airflow/example_dags/tutorial_objectstorage.py
[2025-06-09T17:43:40.016+0200] {processor.py:830} INFO - Processing file /home/ccd/airflow_venv/lib/python3.10/site-packages/airflow/example_dags/tutorial_objectstorage.py for tasks to queue
[2025-06-09T17:43:40.017+0200] {logging_mixin.py:188} INFO - [2025-06-09T17:43:40.017+0200] {dagbag.py:540} INFO - Filling up the DagBag from /home/ccd/airflow_venv/lib/python3.10/site-packages/airflow/example_dags/tutorial_objectstorage.py
[2025-06-09T17:43:40.024+0200] {processor.py:840} INFO - DAG(s) 'tutorial_objectstorage' retrieved from /home/ccd/airflow_venv/lib/python3.10/site-packages/airflow/example_dags/tutorial_objectstorage.py
[2025-06-09T17:43:40.158+0200] {logging_mixin.py:188} INFO - [2025-06-09T17:43:40.157+0200] {dag.py:3096} INFO - Sync 1 DAGs
[2025-06-09T17:43:40.163+0200] {logging_mixin.py:188} INFO - [2025-06-09T17:43:40.163+0200] {dag.py:3954} INFO - Setting next_dagrun for tutorial_objectstorage to None, run_after=None
[2025-06-09T17:43:40.186+0200] {processor.py:183} INFO - Processing /home/ccd/airflow_venv/lib/python3.10/site-packages/airflow/example_dags/tutorial_objectstorage.py took 0.174 seconds
[2025-06-09T17:44:48.050+0200] {processor.py:161} INFO - Started process (PID=112807) to work on /home/ccd/airflow_venv/lib/python3.10/site-packages/airflow/example_dags/tutorial_objectstorage.py
[2025-06-09T17:44:48.052+0200] {processor.py:830} INFO - Processing file /home/ccd/airflow_venv/lib/python3.10/site-packages/airflow/example_dags/tutorial_objectstorage.py for tasks to queue
[2025-06-09T17:44:48.054+0200] {logging_mixin.py:188} INFO - [2025-06-09T17:44:48.054+0200] {dagbag.py:540} INFO - Filling up the DagBag from /home/ccd/airflow_venv/lib/python3.10/site-packages/airflow/example_dags/tutorial_objectstorage.py
[2025-06-09T17:44:48.060+0200] {processor.py:840} INFO - DAG(s) 'tutorial_objectstorage' retrieved from /home/ccd/airflow_venv/lib/python3.10/site-packages/airflow/example_dags/tutorial_objectstorage.py
[2025-06-09T17:44:48.074+0200] {logging_mixin.py:188} INFO - [2025-06-09T17:44:48.073+0200] {dag.py:3096} INFO - Sync 1 DAGs
[2025-06-09T17:44:48.084+0200] {logging_mixin.py:188} INFO - [2025-06-09T17:44:48.083+0200] {dag.py:3954} INFO - Setting next_dagrun for tutorial_objectstorage to None, run_after=None
[2025-06-09T17:44:48.117+0200] {processor.py:183} INFO - Processing /home/ccd/airflow_venv/lib/python3.10/site-packages/airflow/example_dags/tutorial_objectstorage.py took 0.073 seconds
[2025-06-09T17:45:57.438+0200] {processor.py:161} INFO - Started process (PID=113269) to work on /home/ccd/airflow_venv/lib/python3.10/site-packages/airflow/example_dags/tutorial_objectstorage.py
[2025-06-09T17:45:57.449+0200] {processor.py:830} INFO - Processing file /home/ccd/airflow_venv/lib/python3.10/site-packages/airflow/example_dags/tutorial_objectstorage.py for tasks to queue
[2025-06-09T17:45:57.450+0200] {logging_mixin.py:188} INFO - [2025-06-09T17:45:57.450+0200] {dagbag.py:540} INFO - Filling up the DagBag from /home/ccd/airflow_venv/lib/python3.10/site-packages/airflow/example_dags/tutorial_objectstorage.py
[2025-06-09T17:45:57.455+0200] {processor.py:840} INFO - DAG(s) 'tutorial_objectstorage' retrieved from /home/ccd/airflow_venv/lib/python3.10/site-packages/airflow/example_dags/tutorial_objectstorage.py
[2025-06-09T17:45:57.466+0200] {logging_mixin.py:188} INFO - [2025-06-09T17:45:57.466+0200] {dag.py:3096} INFO - Sync 1 DAGs
[2025-06-09T17:45:57.475+0200] {logging_mixin.py:188} INFO - [2025-06-09T17:45:57.475+0200] {dag.py:3954} INFO - Setting next_dagrun for tutorial_objectstorage to None, run_after=None
[2025-06-09T17:45:57.500+0200] {processor.py:183} INFO - Processing /home/ccd/airflow_venv/lib/python3.10/site-packages/airflow/example_dags/tutorial_objectstorage.py took 0.066 seconds
[2025-06-09T17:46:58.867+0200] {processor.py:161} INFO - Started process (PID=113664) to work on /home/ccd/airflow_venv/lib/python3.10/site-packages/airflow/example_dags/tutorial_objectstorage.py
[2025-06-09T17:46:58.878+0200] {processor.py:830} INFO - Processing file /home/ccd/airflow_venv/lib/python3.10/site-packages/airflow/example_dags/tutorial_objectstorage.py for tasks to queue
[2025-06-09T17:46:58.880+0200] {logging_mixin.py:188} INFO - [2025-06-09T17:46:58.879+0200] {dagbag.py:540} INFO - Filling up the DagBag from /home/ccd/airflow_venv/lib/python3.10/site-packages/airflow/example_dags/tutorial_objectstorage.py
[2025-06-09T17:46:58.885+0200] {processor.py:840} INFO - DAG(s) 'tutorial_objectstorage' retrieved from /home/ccd/airflow_venv/lib/python3.10/site-packages/airflow/example_dags/tutorial_objectstorage.py
[2025-06-09T17:46:58.894+0200] {logging_mixin.py:188} INFO - [2025-06-09T17:46:58.894+0200] {dag.py:3096} INFO - Sync 1 DAGs
[2025-06-09T17:46:58.902+0200] {logging_mixin.py:188} INFO - [2025-06-09T17:46:58.902+0200] {dag.py:3954} INFO - Setting next_dagrun for tutorial_objectstorage to None, run_after=None
[2025-06-09T17:46:58.923+0200] {processor.py:183} INFO - Processing /home/ccd/airflow_venv/lib/python3.10/site-packages/airflow/example_dags/tutorial_objectstorage.py took 0.060 seconds
[2025-06-09T17:50:08.500+0200] {processor.py:161} INFO - Started process (PID=117678) to work on /home/ccd/airflow_venv/lib/python3.10/site-packages/airflow/example_dags/tutorial_objectstorage.py
[2025-06-09T17:50:08.511+0200] {processor.py:830} INFO - Processing file /home/ccd/airflow_venv/lib/python3.10/site-packages/airflow/example_dags/tutorial_objectstorage.py for tasks to queue
[2025-06-09T17:50:08.512+0200] {logging_mixin.py:188} INFO - [2025-06-09T17:50:08.512+0200] {dagbag.py:540} INFO - Filling up the DagBag from /home/ccd/airflow_venv/lib/python3.10/site-packages/airflow/example_dags/tutorial_objectstorage.py
[2025-06-09T17:50:08.517+0200] {processor.py:840} INFO - DAG(s) 'tutorial_objectstorage' retrieved from /home/ccd/airflow_venv/lib/python3.10/site-packages/airflow/example_dags/tutorial_objectstorage.py
[2025-06-09T17:50:08.530+0200] {logging_mixin.py:188} INFO - [2025-06-09T17:50:08.530+0200] {dag.py:3096} INFO - Sync 1 DAGs
[2025-06-09T17:50:08.538+0200] {logging_mixin.py:188} INFO - [2025-06-09T17:50:08.537+0200] {dag.py:3954} INFO - Setting next_dagrun for tutorial_objectstorage to None, run_after=None
[2025-06-09T17:50:08.562+0200] {processor.py:183} INFO - Processing /home/ccd/airflow_venv/lib/python3.10/site-packages/airflow/example_dags/tutorial_objectstorage.py took 0.067 seconds
[2025-06-09T17:51:31.519+0200] {processor.py:161} INFO - Started process (PID=118421) to work on /home/ccd/airflow_venv/lib/python3.10/site-packages/airflow/example_dags/tutorial_objectstorage.py
[2025-06-09T17:51:31.530+0200] {processor.py:830} INFO - Processing file /home/ccd/airflow_venv/lib/python3.10/site-packages/airflow/example_dags/tutorial_objectstorage.py for tasks to queue
[2025-06-09T17:51:31.531+0200] {logging_mixin.py:188} INFO - [2025-06-09T17:51:31.531+0200] {dagbag.py:540} INFO - Filling up the DagBag from /home/ccd/airflow_venv/lib/python3.10/site-packages/airflow/example_dags/tutorial_objectstorage.py
[2025-06-09T17:51:31.536+0200] {processor.py:840} INFO - DAG(s) 'tutorial_objectstorage' retrieved from /home/ccd/airflow_venv/lib/python3.10/site-packages/airflow/example_dags/tutorial_objectstorage.py
[2025-06-09T17:51:31.546+0200] {logging_mixin.py:188} INFO - [2025-06-09T17:51:31.546+0200] {dag.py:3096} INFO - Sync 1 DAGs
[2025-06-09T17:51:31.554+0200] {logging_mixin.py:188} INFO - [2025-06-09T17:51:31.554+0200] {dag.py:3954} INFO - Setting next_dagrun for tutorial_objectstorage to None, run_after=None
[2025-06-09T17:51:31.574+0200] {processor.py:183} INFO - Processing /home/ccd/airflow_venv/lib/python3.10/site-packages/airflow/example_dags/tutorial_objectstorage.py took 0.058 seconds
[2025-06-09T17:52:28.724+0200] {processor.py:161} INFO - Started process (PID=118730) to work on /home/ccd/airflow_venv/lib/python3.10/site-packages/airflow/example_dags/tutorial_objectstorage.py
[2025-06-09T17:52:28.726+0200] {processor.py:830} INFO - Processing file /home/ccd/airflow_venv/lib/python3.10/site-packages/airflow/example_dags/tutorial_objectstorage.py for tasks to queue
[2025-06-09T17:52:28.727+0200] {logging_mixin.py:188} INFO - [2025-06-09T17:52:28.727+0200] {dagbag.py:540} INFO - Filling up the DagBag from /home/ccd/airflow_venv/lib/python3.10/site-packages/airflow/example_dags/tutorial_objectstorage.py
[2025-06-09T17:52:28.734+0200] {processor.py:840} INFO - DAG(s) 'tutorial_objectstorage' retrieved from /home/ccd/airflow_venv/lib/python3.10/site-packages/airflow/example_dags/tutorial_objectstorage.py
[2025-06-09T17:52:28.743+0200] {logging_mixin.py:188} INFO - [2025-06-09T17:52:28.743+0200] {dag.py:3096} INFO - Sync 1 DAGs
[2025-06-09T17:52:28.752+0200] {logging_mixin.py:188} INFO - [2025-06-09T17:52:28.751+0200] {dag.py:3954} INFO - Setting next_dagrun for tutorial_objectstorage to None, run_after=None
[2025-06-09T17:52:28.772+0200] {processor.py:183} INFO - Processing /home/ccd/airflow_venv/lib/python3.10/site-packages/airflow/example_dags/tutorial_objectstorage.py took 0.052 seconds
[2025-06-09T17:56:06.670+0200] {processor.py:161} INFO - Started process (PID=122380) to work on /home/ccd/airflow_venv/lib/python3.10/site-packages/airflow/example_dags/tutorial_objectstorage.py
[2025-06-09T17:56:06.671+0200] {processor.py:830} INFO - Processing file /home/ccd/airflow_venv/lib/python3.10/site-packages/airflow/example_dags/tutorial_objectstorage.py for tasks to queue
[2025-06-09T17:56:06.672+0200] {logging_mixin.py:188} INFO - [2025-06-09T17:56:06.672+0200] {dagbag.py:540} INFO - Filling up the DagBag from /home/ccd/airflow_venv/lib/python3.10/site-packages/airflow/example_dags/tutorial_objectstorage.py
[2025-06-09T17:56:06.677+0200] {processor.py:840} INFO - DAG(s) 'tutorial_objectstorage' retrieved from /home/ccd/airflow_venv/lib/python3.10/site-packages/airflow/example_dags/tutorial_objectstorage.py
[2025-06-09T17:56:06.686+0200] {logging_mixin.py:188} INFO - [2025-06-09T17:56:06.685+0200] {dag.py:3096} INFO - Sync 1 DAGs
[2025-06-09T17:56:06.693+0200] {logging_mixin.py:188} INFO - [2025-06-09T17:56:06.693+0200] {dag.py:3954} INFO - Setting next_dagrun for tutorial_objectstorage to None, run_after=None
[2025-06-09T17:56:06.714+0200] {processor.py:183} INFO - Processing /home/ccd/airflow_venv/lib/python3.10/site-packages/airflow/example_dags/tutorial_objectstorage.py took 0.048 seconds
[2025-06-09T17:57:01.733+0200] {processor.py:161} INFO - Started process (PID=122777) to work on /home/ccd/airflow_venv/lib/python3.10/site-packages/airflow/example_dags/tutorial_objectstorage.py
[2025-06-09T17:57:01.745+0200] {processor.py:830} INFO - Processing file /home/ccd/airflow_venv/lib/python3.10/site-packages/airflow/example_dags/tutorial_objectstorage.py for tasks to queue
[2025-06-09T17:57:01.748+0200] {logging_mixin.py:188} INFO - [2025-06-09T17:57:01.747+0200] {dagbag.py:540} INFO - Filling up the DagBag from /home/ccd/airflow_venv/lib/python3.10/site-packages/airflow/example_dags/tutorial_objectstorage.py
[2025-06-09T17:57:01.780+0200] {processor.py:840} INFO - DAG(s) 'tutorial_objectstorage' retrieved from /home/ccd/airflow_venv/lib/python3.10/site-packages/airflow/example_dags/tutorial_objectstorage.py
[2025-06-09T17:57:01.822+0200] {logging_mixin.py:188} INFO - [2025-06-09T17:57:01.822+0200] {dag.py:3096} INFO - Sync 1 DAGs
[2025-06-09T17:57:01.849+0200] {logging_mixin.py:188} INFO - [2025-06-09T17:57:01.846+0200] {dag.py:3954} INFO - Setting next_dagrun for tutorial_objectstorage to None, run_after=None
[2025-06-09T17:57:01.924+0200] {processor.py:183} INFO - Processing /home/ccd/airflow_venv/lib/python3.10/site-packages/airflow/example_dags/tutorial_objectstorage.py took 0.210 seconds
[2025-06-09T17:58:03.008+0200] {processor.py:161} INFO - Started process (PID=123162) to work on /home/ccd/airflow_venv/lib/python3.10/site-packages/airflow/example_dags/tutorial_objectstorage.py
[2025-06-09T17:58:03.019+0200] {processor.py:830} INFO - Processing file /home/ccd/airflow_venv/lib/python3.10/site-packages/airflow/example_dags/tutorial_objectstorage.py for tasks to queue
[2025-06-09T17:58:03.021+0200] {logging_mixin.py:188} INFO - [2025-06-09T17:58:03.020+0200] {dagbag.py:540} INFO - Filling up the DagBag from /home/ccd/airflow_venv/lib/python3.10/site-packages/airflow/example_dags/tutorial_objectstorage.py
[2025-06-09T17:58:03.026+0200] {processor.py:840} INFO - DAG(s) 'tutorial_objectstorage' retrieved from /home/ccd/airflow_venv/lib/python3.10/site-packages/airflow/example_dags/tutorial_objectstorage.py
[2025-06-09T17:58:03.037+0200] {logging_mixin.py:188} INFO - [2025-06-09T17:58:03.037+0200] {dag.py:3096} INFO - Sync 1 DAGs
[2025-06-09T17:58:03.044+0200] {logging_mixin.py:188} INFO - [2025-06-09T17:58:03.044+0200] {dag.py:3954} INFO - Setting next_dagrun for tutorial_objectstorage to None, run_after=None
[2025-06-09T17:58:03.068+0200] {processor.py:183} INFO - Processing /home/ccd/airflow_venv/lib/python3.10/site-packages/airflow/example_dags/tutorial_objectstorage.py took 0.064 seconds
[2025-06-09T18:01:07.235+0200] {processor.py:161} INFO - Started process (PID=126034) to work on /home/ccd/airflow_venv/lib/python3.10/site-packages/airflow/example_dags/tutorial_objectstorage.py
[2025-06-09T18:01:07.237+0200] {processor.py:830} INFO - Processing file /home/ccd/airflow_venv/lib/python3.10/site-packages/airflow/example_dags/tutorial_objectstorage.py for tasks to queue
[2025-06-09T18:01:07.239+0200] {logging_mixin.py:188} INFO - [2025-06-09T18:01:07.239+0200] {dagbag.py:540} INFO - Filling up the DagBag from /home/ccd/airflow_venv/lib/python3.10/site-packages/airflow/example_dags/tutorial_objectstorage.py
[2025-06-09T18:01:07.249+0200] {processor.py:840} INFO - DAG(s) 'tutorial_objectstorage' retrieved from /home/ccd/airflow_venv/lib/python3.10/site-packages/airflow/example_dags/tutorial_objectstorage.py
[2025-06-09T18:01:07.434+0200] {logging_mixin.py:188} INFO - [2025-06-09T18:01:07.434+0200] {dag.py:3096} INFO - Sync 1 DAGs
[2025-06-09T18:01:07.444+0200] {logging_mixin.py:188} INFO - [2025-06-09T18:01:07.444+0200] {dag.py:3954} INFO - Setting next_dagrun for tutorial_objectstorage to None, run_after=None
[2025-06-09T18:01:07.473+0200] {processor.py:183} INFO - Processing /home/ccd/airflow_venv/lib/python3.10/site-packages/airflow/example_dags/tutorial_objectstorage.py took 0.244 seconds
[2025-06-09T18:02:40.718+0200] {processor.py:161} INFO - Started process (PID=127088) to work on /home/ccd/airflow_venv/lib/python3.10/site-packages/airflow/example_dags/tutorial_objectstorage.py
[2025-06-09T18:02:40.719+0200] {processor.py:830} INFO - Processing file /home/ccd/airflow_venv/lib/python3.10/site-packages/airflow/example_dags/tutorial_objectstorage.py for tasks to queue
[2025-06-09T18:02:40.721+0200] {logging_mixin.py:188} INFO - [2025-06-09T18:02:40.720+0200] {dagbag.py:540} INFO - Filling up the DagBag from /home/ccd/airflow_venv/lib/python3.10/site-packages/airflow/example_dags/tutorial_objectstorage.py
[2025-06-09T18:02:40.727+0200] {processor.py:840} INFO - DAG(s) 'tutorial_objectstorage' retrieved from /home/ccd/airflow_venv/lib/python3.10/site-packages/airflow/example_dags/tutorial_objectstorage.py
[2025-06-09T18:02:40.739+0200] {logging_mixin.py:188} INFO - [2025-06-09T18:02:40.738+0200] {dag.py:3096} INFO - Sync 1 DAGs
[2025-06-09T18:02:40.747+0200] {logging_mixin.py:188} INFO - [2025-06-09T18:02:40.747+0200] {dag.py:3954} INFO - Setting next_dagrun for tutorial_objectstorage to None, run_after=None
[2025-06-09T18:02:40.776+0200] {processor.py:183} INFO - Processing /home/ccd/airflow_venv/lib/python3.10/site-packages/airflow/example_dags/tutorial_objectstorage.py took 0.062 seconds
