[2025-06-09T17:29:21.676+0200] {processor.py:161} INFO - Started process (PID=106169) to work on /home/ccd/airflow_venv/lib/python3.10/site-packages/airflow/example_dags/tutorial_dag.py
[2025-06-09T17:29:21.677+0200] {processor.py:830} INFO - Processing file /home/ccd/airflow_venv/lib/python3.10/site-packages/airflow/example_dags/tutorial_dag.py for tasks to queue
[2025-06-09T17:29:21.678+0200] {logging_mixin.py:188} INFO - [2025-06-09T17:29:21.678+0200] {dagbag.py:540} INFO - Filling up the DagBag from /home/ccd/airflow_venv/lib/python3.10/site-packages/airflow/example_dags/tutorial_dag.py
[2025-06-09T17:29:21.684+0200] {processor.py:840} INFO - DAG(s) 'tutorial_dag' retrieved from /home/ccd/airflow_venv/lib/python3.10/site-packages/airflow/example_dags/tutorial_dag.py
[2025-06-09T17:29:21.690+0200] {logging_mixin.py:188} INFO - [2025-06-09T17:29:21.690+0200] {dag.py:3096} INFO - Sync 1 DAGs
[2025-06-09T17:29:21.698+0200] {logging_mixin.py:188} INFO - [2025-06-09T17:29:21.698+0200] {dag.py:3954} INFO - Setting next_dagrun for tutorial_dag to None, run_after=None
[2025-06-09T17:29:21.730+0200] {processor.py:183} INFO - Processing /home/ccd/airflow_venv/lib/python3.10/site-packages/airflow/example_dags/tutorial_dag.py took 0.058 seconds
[2025-06-09T17:30:50.207+0200] {processor.py:161} INFO - Started process (PID=106873) to work on /home/ccd/airflow_venv/lib/python3.10/site-packages/airflow/example_dags/tutorial_dag.py
[2025-06-09T17:30:50.219+0200] {processor.py:830} INFO - Processing file /home/ccd/airflow_venv/lib/python3.10/site-packages/airflow/example_dags/tutorial_dag.py for tasks to queue
[2025-06-09T17:30:50.221+0200] {logging_mixin.py:188} INFO - [2025-06-09T17:30:50.220+0200] {dagbag.py:540} INFO - Filling up the DagBag from /home/ccd/airflow_venv/lib/python3.10/site-packages/airflow/example_dags/tutorial_dag.py
[2025-06-09T17:30:50.225+0200] {processor.py:840} INFO - DAG(s) 'tutorial_dag' retrieved from /home/ccd/airflow_venv/lib/python3.10/site-packages/airflow/example_dags/tutorial_dag.py
[2025-06-09T17:30:50.289+0200] {logging_mixin.py:188} INFO - [2025-06-09T17:30:50.289+0200] {dag.py:3096} INFO - Sync 1 DAGs
[2025-06-09T17:30:50.296+0200] {logging_mixin.py:188} INFO - [2025-06-09T17:30:50.295+0200] {dag.py:3954} INFO - Setting next_dagrun for tutorial_dag to None, run_after=None
[2025-06-09T17:30:50.319+0200] {processor.py:183} INFO - Processing /home/ccd/airflow_venv/lib/python3.10/site-packages/airflow/example_dags/tutorial_dag.py took 0.116 seconds
[2025-06-09T17:31:50.207+0200] {processor.py:161} INFO - Started process (PID=107249) to work on /home/ccd/airflow_venv/lib/python3.10/site-packages/airflow/example_dags/tutorial_dag.py
[2025-06-09T17:31:50.208+0200] {processor.py:830} INFO - Processing file /home/ccd/airflow_venv/lib/python3.10/site-packages/airflow/example_dags/tutorial_dag.py for tasks to queue
[2025-06-09T17:31:50.209+0200] {logging_mixin.py:188} INFO - [2025-06-09T17:31:50.209+0200] {dagbag.py:540} INFO - Filling up the DagBag from /home/ccd/airflow_venv/lib/python3.10/site-packages/airflow/example_dags/tutorial_dag.py
[2025-06-09T17:31:50.213+0200] {processor.py:840} INFO - DAG(s) 'tutorial_dag' retrieved from /home/ccd/airflow_venv/lib/python3.10/site-packages/airflow/example_dags/tutorial_dag.py
[2025-06-09T17:31:50.225+0200] {logging_mixin.py:188} INFO - [2025-06-09T17:31:50.225+0200] {dag.py:3096} INFO - Sync 1 DAGs
[2025-06-09T17:31:50.236+0200] {logging_mixin.py:188} INFO - [2025-06-09T17:31:50.236+0200] {dag.py:3954} INFO - Setting next_dagrun for tutorial_dag to None, run_after=None
[2025-06-09T17:31:50.258+0200] {processor.py:183} INFO - Processing /home/ccd/airflow_venv/lib/python3.10/site-packages/airflow/example_dags/tutorial_dag.py took 0.056 seconds
[2025-06-09T17:32:44.671+0200] {processor.py:161} INFO - Started process (PID=107554) to work on /home/ccd/airflow_venv/lib/python3.10/site-packages/airflow/example_dags/tutorial_dag.py
[2025-06-09T17:32:44.682+0200] {processor.py:830} INFO - Processing file /home/ccd/airflow_venv/lib/python3.10/site-packages/airflow/example_dags/tutorial_dag.py for tasks to queue
[2025-06-09T17:32:44.683+0200] {logging_mixin.py:188} INFO - [2025-06-09T17:32:44.683+0200] {dagbag.py:540} INFO - Filling up the DagBag from /home/ccd/airflow_venv/lib/python3.10/site-packages/airflow/example_dags/tutorial_dag.py
[2025-06-09T17:32:44.687+0200] {processor.py:840} INFO - DAG(s) 'tutorial_dag' retrieved from /home/ccd/airflow_venv/lib/python3.10/site-packages/airflow/example_dags/tutorial_dag.py
[2025-06-09T17:32:44.706+0200] {logging_mixin.py:188} INFO - [2025-06-09T17:32:44.705+0200] {dag.py:3096} INFO - Sync 1 DAGs
[2025-06-09T17:32:44.712+0200] {logging_mixin.py:188} INFO - [2025-06-09T17:32:44.712+0200] {dag.py:3954} INFO - Setting next_dagrun for tutorial_dag to None, run_after=None
[2025-06-09T17:32:44.734+0200] {processor.py:183} INFO - Processing /home/ccd/airflow_venv/lib/python3.10/site-packages/airflow/example_dags/tutorial_dag.py took 0.066 seconds
[2025-06-09T17:33:40.273+0200] {processor.py:161} INFO - Started process (PID=107890) to work on /home/ccd/airflow_venv/lib/python3.10/site-packages/airflow/example_dags/tutorial_dag.py
[2025-06-09T17:33:40.277+0200] {processor.py:830} INFO - Processing file /home/ccd/airflow_venv/lib/python3.10/site-packages/airflow/example_dags/tutorial_dag.py for tasks to queue
[2025-06-09T17:33:40.278+0200] {logging_mixin.py:188} INFO - [2025-06-09T17:33:40.278+0200] {dagbag.py:540} INFO - Filling up the DagBag from /home/ccd/airflow_venv/lib/python3.10/site-packages/airflow/example_dags/tutorial_dag.py
[2025-06-09T17:33:40.282+0200] {processor.py:840} INFO - DAG(s) 'tutorial_dag' retrieved from /home/ccd/airflow_venv/lib/python3.10/site-packages/airflow/example_dags/tutorial_dag.py
[2025-06-09T17:33:40.291+0200] {logging_mixin.py:188} INFO - [2025-06-09T17:33:40.291+0200] {dag.py:3096} INFO - Sync 1 DAGs
[2025-06-09T17:33:40.299+0200] {logging_mixin.py:188} INFO - [2025-06-09T17:33:40.298+0200] {dag.py:3954} INFO - Setting next_dagrun for tutorial_dag to None, run_after=None
[2025-06-09T17:33:40.321+0200] {processor.py:183} INFO - Processing /home/ccd/airflow_venv/lib/python3.10/site-packages/airflow/example_dags/tutorial_dag.py took 0.052 seconds
[2025-06-09T17:34:33.749+0200] {processor.py:161} INFO - Started process (PID=108182) to work on /home/ccd/airflow_venv/lib/python3.10/site-packages/airflow/example_dags/tutorial_dag.py
[2025-06-09T17:34:33.750+0200] {processor.py:830} INFO - Processing file /home/ccd/airflow_venv/lib/python3.10/site-packages/airflow/example_dags/tutorial_dag.py for tasks to queue
[2025-06-09T17:34:33.751+0200] {logging_mixin.py:188} INFO - [2025-06-09T17:34:33.751+0200] {dagbag.py:540} INFO - Filling up the DagBag from /home/ccd/airflow_venv/lib/python3.10/site-packages/airflow/example_dags/tutorial_dag.py
[2025-06-09T17:34:33.756+0200] {processor.py:840} INFO - DAG(s) 'tutorial_dag' retrieved from /home/ccd/airflow_venv/lib/python3.10/site-packages/airflow/example_dags/tutorial_dag.py
[2025-06-09T17:34:33.767+0200] {logging_mixin.py:188} INFO - [2025-06-09T17:34:33.766+0200] {dag.py:3096} INFO - Sync 1 DAGs
[2025-06-09T17:34:33.774+0200] {logging_mixin.py:188} INFO - [2025-06-09T17:34:33.773+0200] {dag.py:3954} INFO - Setting next_dagrun for tutorial_dag to None, run_after=None
[2025-06-09T17:34:33.795+0200] {processor.py:183} INFO - Processing /home/ccd/airflow_venv/lib/python3.10/site-packages/airflow/example_dags/tutorial_dag.py took 0.050 seconds
[2025-06-09T17:35:27.019+0200] {processor.py:161} INFO - Started process (PID=108488) to work on /home/ccd/airflow_venv/lib/python3.10/site-packages/airflow/example_dags/tutorial_dag.py
[2025-06-09T17:35:27.030+0200] {processor.py:830} INFO - Processing file /home/ccd/airflow_venv/lib/python3.10/site-packages/airflow/example_dags/tutorial_dag.py for tasks to queue
[2025-06-09T17:35:27.032+0200] {logging_mixin.py:188} INFO - [2025-06-09T17:35:27.032+0200] {dagbag.py:540} INFO - Filling up the DagBag from /home/ccd/airflow_venv/lib/python3.10/site-packages/airflow/example_dags/tutorial_dag.py
[2025-06-09T17:35:27.037+0200] {processor.py:840} INFO - DAG(s) 'tutorial_dag' retrieved from /home/ccd/airflow_venv/lib/python3.10/site-packages/airflow/example_dags/tutorial_dag.py
[2025-06-09T17:35:27.050+0200] {logging_mixin.py:188} INFO - [2025-06-09T17:35:27.049+0200] {dag.py:3096} INFO - Sync 1 DAGs
[2025-06-09T17:35:27.058+0200] {logging_mixin.py:188} INFO - [2025-06-09T17:35:27.057+0200] {dag.py:3954} INFO - Setting next_dagrun for tutorial_dag to None, run_after=None
[2025-06-09T17:35:27.087+0200] {processor.py:183} INFO - Processing /home/ccd/airflow_venv/lib/python3.10/site-packages/airflow/example_dags/tutorial_dag.py took 0.073 seconds
[2025-06-09T17:36:25.094+0200] {processor.py:161} INFO - Started process (PID=108845) to work on /home/ccd/airflow_venv/lib/python3.10/site-packages/airflow/example_dags/tutorial_dag.py
[2025-06-09T17:36:25.105+0200] {processor.py:830} INFO - Processing file /home/ccd/airflow_venv/lib/python3.10/site-packages/airflow/example_dags/tutorial_dag.py for tasks to queue
[2025-06-09T17:36:25.106+0200] {logging_mixin.py:188} INFO - [2025-06-09T17:36:25.106+0200] {dagbag.py:540} INFO - Filling up the DagBag from /home/ccd/airflow_venv/lib/python3.10/site-packages/airflow/example_dags/tutorial_dag.py
[2025-06-09T17:36:25.111+0200] {processor.py:840} INFO - DAG(s) 'tutorial_dag' retrieved from /home/ccd/airflow_venv/lib/python3.10/site-packages/airflow/example_dags/tutorial_dag.py
[2025-06-09T17:36:25.121+0200] {logging_mixin.py:188} INFO - [2025-06-09T17:36:25.121+0200] {dag.py:3096} INFO - Sync 1 DAGs
[2025-06-09T17:36:25.128+0200] {logging_mixin.py:188} INFO - [2025-06-09T17:36:25.128+0200] {dag.py:3954} INFO - Setting next_dagrun for tutorial_dag to None, run_after=None
[2025-06-09T17:36:25.150+0200] {processor.py:183} INFO - Processing /home/ccd/airflow_venv/lib/python3.10/site-packages/airflow/example_dags/tutorial_dag.py took 0.059 seconds
[2025-06-09T17:37:24.775+0200] {processor.py:161} INFO - Started process (PID=109184) to work on /home/ccd/airflow_venv/lib/python3.10/site-packages/airflow/example_dags/tutorial_dag.py
[2025-06-09T17:37:24.787+0200] {processor.py:830} INFO - Processing file /home/ccd/airflow_venv/lib/python3.10/site-packages/airflow/example_dags/tutorial_dag.py for tasks to queue
[2025-06-09T17:37:24.790+0200] {logging_mixin.py:188} INFO - [2025-06-09T17:37:24.789+0200] {dagbag.py:540} INFO - Filling up the DagBag from /home/ccd/airflow_venv/lib/python3.10/site-packages/airflow/example_dags/tutorial_dag.py
[2025-06-09T17:37:24.806+0200] {processor.py:840} INFO - DAG(s) 'tutorial_dag' retrieved from /home/ccd/airflow_venv/lib/python3.10/site-packages/airflow/example_dags/tutorial_dag.py
[2025-06-09T17:37:24.833+0200] {logging_mixin.py:188} INFO - [2025-06-09T17:37:24.833+0200] {dag.py:3096} INFO - Sync 1 DAGs
[2025-06-09T17:37:24.856+0200] {logging_mixin.py:188} INFO - [2025-06-09T17:37:24.856+0200] {dag.py:3954} INFO - Setting next_dagrun for tutorial_dag to None, run_after=None
[2025-06-09T17:37:24.904+0200] {processor.py:183} INFO - Processing /home/ccd/airflow_venv/lib/python3.10/site-packages/airflow/example_dags/tutorial_dag.py took 0.149 seconds
[2025-06-09T17:38:55.117+0200] {processor.py:161} INFO - Started process (PID=110148) to work on /home/ccd/airflow_venv/lib/python3.10/site-packages/airflow/example_dags/tutorial_dag.py
[2025-06-09T17:38:55.119+0200] {processor.py:830} INFO - Processing file /home/ccd/airflow_venv/lib/python3.10/site-packages/airflow/example_dags/tutorial_dag.py for tasks to queue
[2025-06-09T17:38:55.123+0200] {logging_mixin.py:188} INFO - [2025-06-09T17:38:55.123+0200] {dagbag.py:540} INFO - Filling up the DagBag from /home/ccd/airflow_venv/lib/python3.10/site-packages/airflow/example_dags/tutorial_dag.py
[2025-06-09T17:38:55.130+0200] {processor.py:840} INFO - DAG(s) 'tutorial_dag' retrieved from /home/ccd/airflow_venv/lib/python3.10/site-packages/airflow/example_dags/tutorial_dag.py
[2025-06-09T17:38:55.146+0200] {logging_mixin.py:188} INFO - [2025-06-09T17:38:55.146+0200] {dag.py:3096} INFO - Sync 1 DAGs
[2025-06-09T17:38:55.159+0200] {logging_mixin.py:188} INFO - [2025-06-09T17:38:55.159+0200] {dag.py:3954} INFO - Setting next_dagrun for tutorial_dag to None, run_after=None
[2025-06-09T17:38:55.198+0200] {processor.py:183} INFO - Processing /home/ccd/airflow_venv/lib/python3.10/site-packages/airflow/example_dags/tutorial_dag.py took 0.087 seconds
[2025-06-09T17:40:09.097+0200] {processor.py:161} INFO - Started process (PID=110794) to work on /home/ccd/airflow_venv/lib/python3.10/site-packages/airflow/example_dags/tutorial_dag.py
[2025-06-09T17:40:09.103+0200] {processor.py:830} INFO - Processing file /home/ccd/airflow_venv/lib/python3.10/site-packages/airflow/example_dags/tutorial_dag.py for tasks to queue
[2025-06-09T17:40:09.105+0200] {logging_mixin.py:188} INFO - [2025-06-09T17:40:09.104+0200] {dagbag.py:540} INFO - Filling up the DagBag from /home/ccd/airflow_venv/lib/python3.10/site-packages/airflow/example_dags/tutorial_dag.py
[2025-06-09T17:40:09.109+0200] {processor.py:840} INFO - DAG(s) 'tutorial_dag' retrieved from /home/ccd/airflow_venv/lib/python3.10/site-packages/airflow/example_dags/tutorial_dag.py
[2025-06-09T17:40:09.119+0200] {logging_mixin.py:188} INFO - [2025-06-09T17:40:09.119+0200] {dag.py:3096} INFO - Sync 1 DAGs
[2025-06-09T17:40:09.127+0200] {logging_mixin.py:188} INFO - [2025-06-09T17:40:09.127+0200] {dag.py:3954} INFO - Setting next_dagrun for tutorial_dag to None, run_after=None
[2025-06-09T17:40:09.152+0200] {processor.py:183} INFO - Processing /home/ccd/airflow_venv/lib/python3.10/site-packages/airflow/example_dags/tutorial_dag.py took 0.059 seconds
[2025-06-09T17:41:24.690+0200] {processor.py:161} INFO - Started process (PID=111321) to work on /home/ccd/airflow_venv/lib/python3.10/site-packages/airflow/example_dags/tutorial_dag.py
[2025-06-09T17:41:24.692+0200] {processor.py:830} INFO - Processing file /home/ccd/airflow_venv/lib/python3.10/site-packages/airflow/example_dags/tutorial_dag.py for tasks to queue
[2025-06-09T17:41:24.694+0200] {logging_mixin.py:188} INFO - [2025-06-09T17:41:24.694+0200] {dagbag.py:540} INFO - Filling up the DagBag from /home/ccd/airflow_venv/lib/python3.10/site-packages/airflow/example_dags/tutorial_dag.py
[2025-06-09T17:41:24.702+0200] {processor.py:840} INFO - DAG(s) 'tutorial_dag' retrieved from /home/ccd/airflow_venv/lib/python3.10/site-packages/airflow/example_dags/tutorial_dag.py
[2025-06-09T17:41:24.718+0200] {logging_mixin.py:188} INFO - [2025-06-09T17:41:24.718+0200] {dag.py:3096} INFO - Sync 1 DAGs
[2025-06-09T17:41:24.732+0200] {logging_mixin.py:188} INFO - [2025-06-09T17:41:24.731+0200] {dag.py:3954} INFO - Setting next_dagrun for tutorial_dag to None, run_after=None
[2025-06-09T17:41:24.764+0200] {processor.py:183} INFO - Processing /home/ccd/airflow_venv/lib/python3.10/site-packages/airflow/example_dags/tutorial_dag.py took 0.082 seconds
[2025-06-09T17:42:28.694+0200] {processor.py:161} INFO - Started process (PID=111723) to work on /home/ccd/airflow_venv/lib/python3.10/site-packages/airflow/example_dags/tutorial_dag.py
[2025-06-09T17:42:28.696+0200] {processor.py:830} INFO - Processing file /home/ccd/airflow_venv/lib/python3.10/site-packages/airflow/example_dags/tutorial_dag.py for tasks to queue
[2025-06-09T17:42:28.697+0200] {logging_mixin.py:188} INFO - [2025-06-09T17:42:28.696+0200] {dagbag.py:540} INFO - Filling up the DagBag from /home/ccd/airflow_venv/lib/python3.10/site-packages/airflow/example_dags/tutorial_dag.py
[2025-06-09T17:42:28.701+0200] {processor.py:840} INFO - DAG(s) 'tutorial_dag' retrieved from /home/ccd/airflow_venv/lib/python3.10/site-packages/airflow/example_dags/tutorial_dag.py
[2025-06-09T17:42:28.712+0200] {logging_mixin.py:188} INFO - [2025-06-09T17:42:28.712+0200] {dag.py:3096} INFO - Sync 1 DAGs
[2025-06-09T17:42:28.720+0200] {logging_mixin.py:188} INFO - [2025-06-09T17:42:28.719+0200] {dag.py:3954} INFO - Setting next_dagrun for tutorial_dag to None, run_after=None
[2025-06-09T17:42:28.740+0200] {processor.py:183} INFO - Processing /home/ccd/airflow_venv/lib/python3.10/site-packages/airflow/example_dags/tutorial_dag.py took 0.050 seconds
[2025-06-09T17:43:34.885+0200] {processor.py:161} INFO - Started process (PID=112310) to work on /home/ccd/airflow_venv/lib/python3.10/site-packages/airflow/example_dags/tutorial_dag.py
[2025-06-09T17:43:34.886+0200] {processor.py:830} INFO - Processing file /home/ccd/airflow_venv/lib/python3.10/site-packages/airflow/example_dags/tutorial_dag.py for tasks to queue
[2025-06-09T17:43:34.888+0200] {logging_mixin.py:188} INFO - [2025-06-09T17:43:34.888+0200] {dagbag.py:540} INFO - Filling up the DagBag from /home/ccd/airflow_venv/lib/python3.10/site-packages/airflow/example_dags/tutorial_dag.py
[2025-06-09T17:43:34.893+0200] {processor.py:840} INFO - DAG(s) 'tutorial_dag' retrieved from /home/ccd/airflow_venv/lib/python3.10/site-packages/airflow/example_dags/tutorial_dag.py
[2025-06-09T17:43:34.975+0200] {logging_mixin.py:188} INFO - [2025-06-09T17:43:34.975+0200] {dag.py:3096} INFO - Sync 1 DAGs
[2025-06-09T17:43:34.983+0200] {logging_mixin.py:188} INFO - [2025-06-09T17:43:34.983+0200] {dag.py:3954} INFO - Setting next_dagrun for tutorial_dag to None, run_after=None
[2025-06-09T17:43:35.007+0200] {processor.py:183} INFO - Processing /home/ccd/airflow_venv/lib/python3.10/site-packages/airflow/example_dags/tutorial_dag.py took 0.127 seconds
[2025-06-09T17:44:43.138+0200] {processor.py:161} INFO - Started process (PID=112747) to work on /home/ccd/airflow_venv/lib/python3.10/site-packages/airflow/example_dags/tutorial_dag.py
[2025-06-09T17:44:43.142+0200] {processor.py:830} INFO - Processing file /home/ccd/airflow_venv/lib/python3.10/site-packages/airflow/example_dags/tutorial_dag.py for tasks to queue
[2025-06-09T17:44:43.144+0200] {logging_mixin.py:188} INFO - [2025-06-09T17:44:43.143+0200] {dagbag.py:540} INFO - Filling up the DagBag from /home/ccd/airflow_venv/lib/python3.10/site-packages/airflow/example_dags/tutorial_dag.py
[2025-06-09T17:44:43.152+0200] {processor.py:840} INFO - DAG(s) 'tutorial_dag' retrieved from /home/ccd/airflow_venv/lib/python3.10/site-packages/airflow/example_dags/tutorial_dag.py
[2025-06-09T17:44:43.175+0200] {logging_mixin.py:188} INFO - [2025-06-09T17:44:43.174+0200] {dag.py:3096} INFO - Sync 1 DAGs
[2025-06-09T17:44:43.194+0200] {logging_mixin.py:188} INFO - [2025-06-09T17:44:43.193+0200] {dag.py:3954} INFO - Setting next_dagrun for tutorial_dag to None, run_after=None
[2025-06-09T17:44:43.242+0200] {processor.py:183} INFO - Processing /home/ccd/airflow_venv/lib/python3.10/site-packages/airflow/example_dags/tutorial_dag.py took 0.115 seconds
[2025-06-09T17:45:53.590+0200] {processor.py:161} INFO - Started process (PID=113265) to work on /home/ccd/airflow_venv/lib/python3.10/site-packages/airflow/example_dags/tutorial_dag.py
[2025-06-09T17:45:53.601+0200] {processor.py:830} INFO - Processing file /home/ccd/airflow_venv/lib/python3.10/site-packages/airflow/example_dags/tutorial_dag.py for tasks to queue
[2025-06-09T17:45:53.602+0200] {logging_mixin.py:188} INFO - [2025-06-09T17:45:53.601+0200] {dagbag.py:540} INFO - Filling up the DagBag from /home/ccd/airflow_venv/lib/python3.10/site-packages/airflow/example_dags/tutorial_dag.py
[2025-06-09T17:45:53.606+0200] {processor.py:840} INFO - DAG(s) 'tutorial_dag' retrieved from /home/ccd/airflow_venv/lib/python3.10/site-packages/airflow/example_dags/tutorial_dag.py
[2025-06-09T17:45:53.615+0200] {logging_mixin.py:188} INFO - [2025-06-09T17:45:53.615+0200] {dag.py:3096} INFO - Sync 1 DAGs
[2025-06-09T17:45:53.624+0200] {logging_mixin.py:188} INFO - [2025-06-09T17:45:53.624+0200] {dag.py:3954} INFO - Setting next_dagrun for tutorial_dag to None, run_after=None
[2025-06-09T17:45:53.652+0200] {processor.py:183} INFO - Processing /home/ccd/airflow_venv/lib/python3.10/site-packages/airflow/example_dags/tutorial_dag.py took 0.067 seconds
[2025-06-09T17:46:55.537+0200] {processor.py:161} INFO - Started process (PID=113656) to work on /home/ccd/airflow_venv/lib/python3.10/site-packages/airflow/example_dags/tutorial_dag.py
[2025-06-09T17:46:55.548+0200] {processor.py:830} INFO - Processing file /home/ccd/airflow_venv/lib/python3.10/site-packages/airflow/example_dags/tutorial_dag.py for tasks to queue
[2025-06-09T17:46:55.549+0200] {logging_mixin.py:188} INFO - [2025-06-09T17:46:55.549+0200] {dagbag.py:540} INFO - Filling up the DagBag from /home/ccd/airflow_venv/lib/python3.10/site-packages/airflow/example_dags/tutorial_dag.py
[2025-06-09T17:46:55.553+0200] {processor.py:840} INFO - DAG(s) 'tutorial_dag' retrieved from /home/ccd/airflow_venv/lib/python3.10/site-packages/airflow/example_dags/tutorial_dag.py
[2025-06-09T17:46:55.563+0200] {logging_mixin.py:188} INFO - [2025-06-09T17:46:55.563+0200] {dag.py:3096} INFO - Sync 1 DAGs
[2025-06-09T17:46:55.571+0200] {logging_mixin.py:188} INFO - [2025-06-09T17:46:55.571+0200] {dag.py:3954} INFO - Setting next_dagrun for tutorial_dag to None, run_after=None
[2025-06-09T17:46:55.595+0200] {processor.py:183} INFO - Processing /home/ccd/airflow_venv/lib/python3.10/site-packages/airflow/example_dags/tutorial_dag.py took 0.062 seconds
[2025-06-09T17:49:54.458+0200] {processor.py:161} INFO - Started process (PID=117427) to work on /home/ccd/airflow_venv/lib/python3.10/site-packages/airflow/example_dags/tutorial_dag.py
[2025-06-09T17:49:54.460+0200] {processor.py:830} INFO - Processing file /home/ccd/airflow_venv/lib/python3.10/site-packages/airflow/example_dags/tutorial_dag.py for tasks to queue
[2025-06-09T17:49:54.462+0200] {logging_mixin.py:188} INFO - [2025-06-09T17:49:54.461+0200] {dagbag.py:540} INFO - Filling up the DagBag from /home/ccd/airflow_venv/lib/python3.10/site-packages/airflow/example_dags/tutorial_dag.py
[2025-06-09T17:49:54.468+0200] {processor.py:840} INFO - DAG(s) 'tutorial_dag' retrieved from /home/ccd/airflow_venv/lib/python3.10/site-packages/airflow/example_dags/tutorial_dag.py
[2025-06-09T17:49:54.481+0200] {logging_mixin.py:188} INFO - [2025-06-09T17:49:54.480+0200] {dag.py:3096} INFO - Sync 1 DAGs
[2025-06-09T17:49:54.490+0200] {logging_mixin.py:188} INFO - [2025-06-09T17:49:54.490+0200] {dag.py:3954} INFO - Setting next_dagrun for tutorial_dag to None, run_after=None
[2025-06-09T17:49:54.512+0200] {processor.py:183} INFO - Processing /home/ccd/airflow_venv/lib/python3.10/site-packages/airflow/example_dags/tutorial_dag.py took 0.058 seconds
[2025-06-09T17:51:27.007+0200] {processor.py:161} INFO - Started process (PID=118388) to work on /home/ccd/airflow_venv/lib/python3.10/site-packages/airflow/example_dags/tutorial_dag.py
[2025-06-09T17:51:27.008+0200] {processor.py:830} INFO - Processing file /home/ccd/airflow_venv/lib/python3.10/site-packages/airflow/example_dags/tutorial_dag.py for tasks to queue
[2025-06-09T17:51:27.009+0200] {logging_mixin.py:188} INFO - [2025-06-09T17:51:27.009+0200] {dagbag.py:540} INFO - Filling up the DagBag from /home/ccd/airflow_venv/lib/python3.10/site-packages/airflow/example_dags/tutorial_dag.py
[2025-06-09T17:51:27.013+0200] {processor.py:840} INFO - DAG(s) 'tutorial_dag' retrieved from /home/ccd/airflow_venv/lib/python3.10/site-packages/airflow/example_dags/tutorial_dag.py
[2025-06-09T17:51:27.024+0200] {logging_mixin.py:188} INFO - [2025-06-09T17:51:27.024+0200] {dag.py:3096} INFO - Sync 1 DAGs
[2025-06-09T17:51:27.032+0200] {logging_mixin.py:188} INFO - [2025-06-09T17:51:27.031+0200] {dag.py:3954} INFO - Setting next_dagrun for tutorial_dag to None, run_after=None
[2025-06-09T17:51:27.055+0200] {processor.py:183} INFO - Processing /home/ccd/airflow_venv/lib/python3.10/site-packages/airflow/example_dags/tutorial_dag.py took 0.053 seconds
[2025-06-09T17:52:24.874+0200] {processor.py:161} INFO - Started process (PID=118726) to work on /home/ccd/airflow_venv/lib/python3.10/site-packages/airflow/example_dags/tutorial_dag.py
[2025-06-09T17:52:24.886+0200] {processor.py:830} INFO - Processing file /home/ccd/airflow_venv/lib/python3.10/site-packages/airflow/example_dags/tutorial_dag.py for tasks to queue
[2025-06-09T17:52:24.888+0200] {logging_mixin.py:188} INFO - [2025-06-09T17:52:24.887+0200] {dagbag.py:540} INFO - Filling up the DagBag from /home/ccd/airflow_venv/lib/python3.10/site-packages/airflow/example_dags/tutorial_dag.py
[2025-06-09T17:52:24.895+0200] {processor.py:840} INFO - DAG(s) 'tutorial_dag' retrieved from /home/ccd/airflow_venv/lib/python3.10/site-packages/airflow/example_dags/tutorial_dag.py
[2025-06-09T17:52:24.912+0200] {logging_mixin.py:188} INFO - [2025-06-09T17:52:24.911+0200] {dag.py:3096} INFO - Sync 1 DAGs
[2025-06-09T17:52:24.923+0200] {logging_mixin.py:188} INFO - [2025-06-09T17:52:24.923+0200] {dag.py:3954} INFO - Setting next_dagrun for tutorial_dag to None, run_after=None
[2025-06-09T17:52:24.960+0200] {processor.py:183} INFO - Processing /home/ccd/airflow_venv/lib/python3.10/site-packages/airflow/example_dags/tutorial_dag.py took 0.095 seconds
[2025-06-09T17:56:02.231+0200] {processor.py:161} INFO - Started process (PID=122347) to work on /home/ccd/airflow_venv/lib/python3.10/site-packages/airflow/example_dags/tutorial_dag.py
[2025-06-09T17:56:02.232+0200] {processor.py:830} INFO - Processing file /home/ccd/airflow_venv/lib/python3.10/site-packages/airflow/example_dags/tutorial_dag.py for tasks to queue
[2025-06-09T17:56:02.233+0200] {logging_mixin.py:188} INFO - [2025-06-09T17:56:02.233+0200] {dagbag.py:540} INFO - Filling up the DagBag from /home/ccd/airflow_venv/lib/python3.10/site-packages/airflow/example_dags/tutorial_dag.py
[2025-06-09T17:56:02.237+0200] {processor.py:840} INFO - DAG(s) 'tutorial_dag' retrieved from /home/ccd/airflow_venv/lib/python3.10/site-packages/airflow/example_dags/tutorial_dag.py
[2025-06-09T17:56:02.248+0200] {logging_mixin.py:188} INFO - [2025-06-09T17:56:02.248+0200] {dag.py:3096} INFO - Sync 1 DAGs
[2025-06-09T17:56:02.256+0200] {logging_mixin.py:188} INFO - [2025-06-09T17:56:02.256+0200] {dag.py:3954} INFO - Setting next_dagrun for tutorial_dag to None, run_after=None
[2025-06-09T17:56:02.279+0200] {processor.py:183} INFO - Processing /home/ccd/airflow_venv/lib/python3.10/site-packages/airflow/example_dags/tutorial_dag.py took 0.052 seconds
[2025-06-09T17:56:57.696+0200] {processor.py:161} INFO - Started process (PID=122769) to work on /home/ccd/airflow_venv/lib/python3.10/site-packages/airflow/example_dags/tutorial_dag.py
[2025-06-09T17:56:57.706+0200] {processor.py:830} INFO - Processing file /home/ccd/airflow_venv/lib/python3.10/site-packages/airflow/example_dags/tutorial_dag.py for tasks to queue
[2025-06-09T17:56:57.707+0200] {logging_mixin.py:188} INFO - [2025-06-09T17:56:57.707+0200] {dagbag.py:540} INFO - Filling up the DagBag from /home/ccd/airflow_venv/lib/python3.10/site-packages/airflow/example_dags/tutorial_dag.py
[2025-06-09T17:56:57.711+0200] {processor.py:840} INFO - DAG(s) 'tutorial_dag' retrieved from /home/ccd/airflow_venv/lib/python3.10/site-packages/airflow/example_dags/tutorial_dag.py
[2025-06-09T17:56:57.723+0200] {logging_mixin.py:188} INFO - [2025-06-09T17:56:57.723+0200] {dag.py:3096} INFO - Sync 1 DAGs
[2025-06-09T17:56:57.731+0200] {logging_mixin.py:188} INFO - [2025-06-09T17:56:57.731+0200] {dag.py:3954} INFO - Setting next_dagrun for tutorial_dag to None, run_after=None
[2025-06-09T17:56:57.760+0200] {processor.py:183} INFO - Processing /home/ccd/airflow_venv/lib/python3.10/site-packages/airflow/example_dags/tutorial_dag.py took 0.068 seconds
[2025-06-09T17:57:58.999+0200] {processor.py:161} INFO - Started process (PID=123154) to work on /home/ccd/airflow_venv/lib/python3.10/site-packages/airflow/example_dags/tutorial_dag.py
[2025-06-09T17:57:59.009+0200] {processor.py:830} INFO - Processing file /home/ccd/airflow_venv/lib/python3.10/site-packages/airflow/example_dags/tutorial_dag.py for tasks to queue
[2025-06-09T17:57:59.010+0200] {logging_mixin.py:188} INFO - [2025-06-09T17:57:59.010+0200] {dagbag.py:540} INFO - Filling up the DagBag from /home/ccd/airflow_venv/lib/python3.10/site-packages/airflow/example_dags/tutorial_dag.py
[2025-06-09T17:57:59.014+0200] {processor.py:840} INFO - DAG(s) 'tutorial_dag' retrieved from /home/ccd/airflow_venv/lib/python3.10/site-packages/airflow/example_dags/tutorial_dag.py
[2025-06-09T17:57:59.025+0200] {logging_mixin.py:188} INFO - [2025-06-09T17:57:59.025+0200] {dag.py:3096} INFO - Sync 1 DAGs
[2025-06-09T17:57:59.033+0200] {logging_mixin.py:188} INFO - [2025-06-09T17:57:59.032+0200] {dag.py:3954} INFO - Setting next_dagrun for tutorial_dag to None, run_after=None
[2025-06-09T17:57:59.054+0200] {processor.py:183} INFO - Processing /home/ccd/airflow_venv/lib/python3.10/site-packages/airflow/example_dags/tutorial_dag.py took 0.060 seconds
[2025-06-09T18:00:14.576+0200] {processor.py:161} INFO - Started process (PID=125043) to work on /home/ccd/airflow_venv/lib/python3.10/site-packages/airflow/example_dags/tutorial_dag.py
[2025-06-09T18:00:14.577+0200] {processor.py:830} INFO - Processing file /home/ccd/airflow_venv/lib/python3.10/site-packages/airflow/example_dags/tutorial_dag.py for tasks to queue
[2025-06-09T18:00:14.579+0200] {logging_mixin.py:188} INFO - [2025-06-09T18:00:14.578+0200] {dagbag.py:540} INFO - Filling up the DagBag from /home/ccd/airflow_venv/lib/python3.10/site-packages/airflow/example_dags/tutorial_dag.py
[2025-06-09T18:00:14.585+0200] {processor.py:840} INFO - DAG(s) 'tutorial_dag' retrieved from /home/ccd/airflow_venv/lib/python3.10/site-packages/airflow/example_dags/tutorial_dag.py
[2025-06-09T18:00:14.657+0200] {logging_mixin.py:188} INFO - [2025-06-09T18:00:14.657+0200] {dag.py:3096} INFO - Sync 1 DAGs
[2025-06-09T18:00:14.665+0200] {logging_mixin.py:188} INFO - [2025-06-09T18:00:14.665+0200] {dag.py:3954} INFO - Setting next_dagrun for tutorial_dag to None, run_after=None
[2025-06-09T18:00:14.697+0200] {processor.py:183} INFO - Processing /home/ccd/airflow_venv/lib/python3.10/site-packages/airflow/example_dags/tutorial_dag.py took 0.127 seconds
[2025-06-09T18:02:35.932+0200] {processor.py:161} INFO - Started process (PID=127083) to work on /home/ccd/airflow_venv/lib/python3.10/site-packages/airflow/example_dags/tutorial_dag.py
[2025-06-09T18:02:35.943+0200] {processor.py:830} INFO - Processing file /home/ccd/airflow_venv/lib/python3.10/site-packages/airflow/example_dags/tutorial_dag.py for tasks to queue
[2025-06-09T18:02:35.944+0200] {logging_mixin.py:188} INFO - [2025-06-09T18:02:35.944+0200] {dagbag.py:540} INFO - Filling up the DagBag from /home/ccd/airflow_venv/lib/python3.10/site-packages/airflow/example_dags/tutorial_dag.py
[2025-06-09T18:02:35.949+0200] {processor.py:840} INFO - DAG(s) 'tutorial_dag' retrieved from /home/ccd/airflow_venv/lib/python3.10/site-packages/airflow/example_dags/tutorial_dag.py
[2025-06-09T18:02:35.961+0200] {logging_mixin.py:188} INFO - [2025-06-09T18:02:35.961+0200] {dag.py:3096} INFO - Sync 1 DAGs
[2025-06-09T18:02:35.970+0200] {logging_mixin.py:188} INFO - [2025-06-09T18:02:35.969+0200] {dag.py:3954} INFO - Setting next_dagrun for tutorial_dag to None, run_after=None
[2025-06-09T18:02:35.993+0200] {processor.py:183} INFO - Processing /home/ccd/airflow_venv/lib/python3.10/site-packages/airflow/example_dags/tutorial_dag.py took 0.064 seconds
