[2025-06-09T19:18:38.517+0200] {local_task_job_runner.py:120} INFO - ::group::Pre task execution logs
[2025-06-09T19:18:38.535+0200] {taskinstance.py:2073} INFO - Dependencies all met for dep_context=non-requeueable deps ti=<TaskInstance: inspect_static_parquet_file_dag.inspect_static_parquet manual__2025-06-09T17:18:35.879644+00:00 [queued]>
[2025-06-09T19:18:38.538+0200] {taskinstance.py:2073} INFO - Dependencies all met for dep_context=requeueable deps ti=<TaskInstance: inspect_static_parquet_file_dag.inspect_static_parquet manual__2025-06-09T17:18:35.879644+00:00 [queued]>
[2025-06-09T19:18:38.539+0200] {taskinstance.py:2303} INFO - Starting attempt 1 of 1
[2025-06-09T19:18:38.555+0200] {taskinstance.py:2327} INFO - Executing <Task(PythonOperator): inspect_static_parquet> on 2025-06-09 17:18:35.879644+00:00
[2025-06-09T19:18:38.557+0200] {standard_task_runner.py:63} INFO - Started process 230399 to run task
[2025-06-09T19:18:38.560+0200] {standard_task_runner.py:90} INFO - Running: ['airflow', 'tasks', 'run', 'inspect_static_parquet_file_dag', 'inspect_static_parquet', 'manual__2025-06-09T17:18:35.879644+00:00', '--job-id', '440', '--raw', '--subdir', 'DAGS_FOLDER/inspect_parquet_file.py', '--cfg-path', '/tmp/tmpe5yczv6s']
[2025-06-09T19:18:38.561+0200] {standard_task_runner.py:91} INFO - Job 440: Subtask inspect_static_parquet
[2025-06-09T19:18:38.592+0200] {task_command.py:426} INFO - Running <TaskInstance: inspect_static_parquet_file_dag.inspect_static_parquet manual__2025-06-09T17:18:35.879644+00:00 [running]> on host DESKTOP-2QS8J6D.
[2025-06-09T19:18:38.661+0200] {taskinstance.py:2644} INFO - Exporting env vars: AIRFLOW_CTX_DAG_OWNER='airflow' AIRFLOW_CTX_DAG_ID='inspect_static_parquet_file_dag' AIRFLOW_CTX_TASK_ID='inspect_static_parquet' AIRFLOW_CTX_EXECUTION_DATE='2025-06-09T17:18:35.879644+00:00' AIRFLOW_CTX_TRY_NUMBER='1' AIRFLOW_CTX_DAG_RUN_ID='manual__2025-06-09T17:18:35.879644+00:00'
[2025-06-09T19:18:38.663+0200] {taskinstance.py:430} INFO - ::endgroup::
[2025-06-09T19:18:44.102+0200] {logging_mixin.py:188} INFO - === Pollution Parquet Schema ===
[2025-06-09T19:18:45.399+0200] {logging_mixin.py:188} INFO - root
 |-- time: string (nullable = true)
 |-- temperature_2m_max: double (nullable = true)
 |-- temperature_2m_min: double (nullable = true)
 |-- temperature_2m_mean: double (nullable = true)
 |-- precipitation_sum: double (nullable = true)
 |-- snowfall_sum: double (nullable = true)
 |-- cloudcover_mean: long (nullable = true)
 |-- windgusts_10m_max: double (nullable = true)
 |-- winddirection_10m_dominant: long (nullable = true)
 |-- shortwave_radiation_sum: double (nullable = true)
 |-- et0_fao_evapotranspiration: double (nullable = true)
 |-- lat: double (nullable = true)
 |-- lon: double (nullable = true)
 |-- city_name: string (nullable = true)
 |-- __index_level_0__: long (nullable = true)
[2025-06-09T19:18:46.675+0200] {logging_mixin.py:188} INFO - +----------+------------------+------------------+-------------------+-----------------+------------+---------------+-----------------+--------------------------+-----------------------+--------------------------+--------+---------+---------+-----------------+
|time      |temperature_2m_max|temperature_2m_min|temperature_2m_mean|precipitation_sum|snowfall_sum|cloudcover_mean|windgusts_10m_max|winddirection_10m_dominant|shortwave_radiation_sum|et0_fao_evapotranspiration|lat     |lon      |city_name|__index_level_0__|
+----------+------------------+------------------+-------------------+-----------------+------------+---------------+-----------------+--------------------------+-----------------------+--------------------------+--------+---------+---------+-----------------+
|2025-05-05|26.8              |11.7              |20.0               |0.0              |0.0         |51             |28.8             |199                       |26.41                  |5.26                      |41.01933|29.015692|istanbul |338              |
+----------+------------------+------------------+-------------------+-----------------+------------+---------------+-----------------+--------------------------+-----------------------+--------------------------+--------+---------+---------+-----------------+
[2025-06-09T19:18:46.676+0200] {logging_mixin.py:188} INFO - === Weather Parquet Schema ===
[2025-06-09T19:18:46.785+0200] {logging_mixin.py:188} INFO - root
 |-- co: double (nullable = true)
 |-- no: double (nullable = true)
 |-- no2: double (nullable = true)
 |-- o3: double (nullable = true)
 |-- so2: double (nullable = true)
 |-- pm2_5: double (nullable = true)
 |-- pm10: double (nullable = true)
 |-- nh3: double (nullable = true)
 |-- aqi_mode: long (nullable = true)
 |-- lat: double (nullable = true)
 |-- lon: double (nullable = true)
 |-- time: string (nullable = true)
 |-- city_name: string (nullable = true)
 |-- population: long (nullable = true)
[2025-06-09T19:18:46.981+0200] {logging_mixin.py:188} INFO - +-------+-----+-----+------+----+-----+-----+----+--------+-------+-------+----------+---------+----------+
|co     |no   |no2  |o3    |so2 |pm2_5|pm10 |nh3 |aqi_mode|lat    |lon    |time      |city_name|population|
+-------+-----+-----+------+----+-----+-----+----+--------+-------+-------+----------+---------+----------+
|107.251|0.148|2.296|90.458|2.44|7.352|8.546|5.25|3       |41.0082|28.9784|2025-05-05|istanbul |15701602  |
+-------+-----+-----+------+----+-----+-----+----+--------+-------+-------+----------+---------+----------+
[2025-06-09T19:18:47.048+0200] {python.py:237} INFO - Done. Returned value was: None
[2025-06-09T19:18:47.049+0200] {taskinstance.py:441} INFO - ::group::Post task execution logs
[2025-06-09T19:18:47.052+0200] {taskinstance.py:1205} INFO - Marking task as SUCCESS. dag_id=inspect_static_parquet_file_dag, task_id=inspect_static_parquet, execution_date=20250609T171835, start_date=20250609T171838, end_date=20250609T171847
[2025-06-09T19:18:47.115+0200] {local_task_job_runner.py:240} INFO - Task exited with return code 0
[2025-06-09T19:18:47.122+0200] {taskinstance.py:3482} INFO - 0 downstream tasks scheduled from follow-on schedule check
[2025-06-09T19:18:47.123+0200] {local_task_job_runner.py:222} INFO - ::endgroup::
