[2025-06-09T17:53:19.554+0200] {local_task_job_runner.py:120} INFO - ::group::Pre task execution logs
[2025-06-09T17:53:19.566+0200] {taskinstance.py:2073} INFO - Dependencies all met for dep_context=non-requeueable deps ti=<TaskInstance: fetch_daily_pollution_weather_dag.format_daily_data_all_cities scheduled__2025-06-05T00:00:00+00:00 [queued]>
[2025-06-09T17:53:19.570+0200] {taskinstance.py:2073} INFO - Dependencies all met for dep_context=requeueable deps ti=<TaskInstance: fetch_daily_pollution_weather_dag.format_daily_data_all_cities scheduled__2025-06-05T00:00:00+00:00 [queued]>
[2025-06-09T17:53:19.570+0200] {taskinstance.py:2303} INFO - Starting attempt 1 of 2
[2025-06-09T17:53:19.584+0200] {taskinstance.py:2327} INFO - Executing <Task(PythonOperator): format_daily_data_all_cities> on 2025-06-05 00:00:00+00:00
[2025-06-09T17:53:19.587+0200] {standard_task_runner.py:63} INFO - Started process 119042 to run task
[2025-06-09T17:53:19.589+0200] {standard_task_runner.py:90} INFO - Running: ['airflow', 'tasks', 'run', 'fetch_daily_pollution_weather_dag', 'format_daily_data_all_cities', 'scheduled__2025-06-05T00:00:00+00:00', '--job-id', '413', '--raw', '--subdir', 'DAGS_FOLDER/daily_dag.py', '--cfg-path', '/tmp/tmp4ktr3mha']
[2025-06-09T17:53:19.589+0200] {standard_task_runner.py:91} INFO - Job 413: Subtask format_daily_data_all_cities
[2025-06-09T17:53:19.622+0200] {task_command.py:426} INFO - Running <TaskInstance: fetch_daily_pollution_weather_dag.format_daily_data_all_cities scheduled__2025-06-05T00:00:00+00:00 [running]> on host DESKTOP-2QS8J6D.
[2025-06-09T17:53:19.677+0200] {taskinstance.py:2644} INFO - Exporting env vars: AIRFLOW_CTX_DAG_OWNER='airflow' AIRFLOW_CTX_DAG_ID='fetch_daily_pollution_weather_dag' AIRFLOW_CTX_TASK_ID='format_daily_data_all_cities' AIRFLOW_CTX_EXECUTION_DATE='2025-06-05T00:00:00+00:00' AIRFLOW_CTX_TRY_NUMBER='1' AIRFLOW_CTX_DAG_RUN_ID='scheduled__2025-06-05T00:00:00+00:00'
[2025-06-09T17:53:19.678+0200] {taskinstance.py:430} INFO - ::endgroup::
[2025-06-09T17:53:19.680+0200] {logging_mixin.py:188} INFO - [START] Formatting data for execution_date: 2025-06-05
[2025-06-09T17:53:24.942+0200] {logging_mixin.py:188} INFO - [INFO] Spark session started
[2025-06-09T17:53:24.950+0200] {logging_mixin.py:188} INFO - [INFO] Loaded 2 cities from config
[2025-06-09T17:53:24.950+0200] {logging_mixin.py:188} INFO - [PROCESSING] City: istanbul
[2025-06-09T17:53:24.950+0200] {logging_mixin.py:188} INFO - [FOUND] Pollution file exists: /home/ccd/airflow/data/raw/pollution/istanbul/2025-06-05.json
[2025-06-09T17:53:24.953+0200] {logging_mixin.py:188} INFO - [INFO] Flattened pollution data: 25 rows
[2025-06-09T17:53:24.962+0200] {logging_mixin.py:188} INFO - [INFO] Aggregated pollution data: 1 rows
[2025-06-09T17:53:29.329+0200] {logging_mixin.py:188} INFO - [OK] Formatted pollution for istanbul
[2025-06-09T17:53:29.329+0200] {logging_mixin.py:188} INFO - [FOUND] Weather file exists: /home/ccd/airflow/data/raw/weather/istanbul/2025-06-05.json
[2025-06-09T17:53:29.332+0200] {logging_mixin.py:188} INFO - [INFO] Flattened weather data: 1 rows
[2025-06-09T17:53:30.240+0200] {logging_mixin.py:188} INFO - [OK] Formatted weather for istanbul
[2025-06-09T17:53:30.241+0200] {logging_mixin.py:188} INFO - [PROCESSING] City: moscow
[2025-06-09T17:53:30.241+0200] {logging_mixin.py:188} INFO - [FOUND] Pollution file exists: /home/ccd/airflow/data/raw/pollution/moscow/2025-06-05.json
[2025-06-09T17:53:30.244+0200] {logging_mixin.py:188} INFO - [INFO] Flattened pollution data: 25 rows
[2025-06-09T17:53:30.250+0200] {logging_mixin.py:188} INFO - [INFO] Aggregated pollution data: 1 rows
[2025-06-09T17:53:31.209+0200] {logging_mixin.py:188} INFO - [OK] Formatted pollution for moscow
[2025-06-09T17:53:31.210+0200] {logging_mixin.py:188} INFO - [FOUND] Weather file exists: /home/ccd/airflow/data/raw/weather/moscow/2025-06-05.json
[2025-06-09T17:53:31.216+0200] {logging_mixin.py:188} INFO - [INFO] Flattened weather data: 1 rows
[2025-06-09T17:53:32.160+0200] {logging_mixin.py:188} INFO - [OK] Formatted weather for moscow
[2025-06-09T17:53:33.143+0200] {logging_mixin.py:188} INFO - [DONE] Spark session closed
[2025-06-09T17:53:33.143+0200] {python.py:237} INFO - Done. Returned value was: None
[2025-06-09T17:53:33.144+0200] {taskinstance.py:441} INFO - ::group::Post task execution logs
[2025-06-09T17:53:33.147+0200] {taskinstance.py:1205} INFO - Marking task as SUCCESS. dag_id=fetch_daily_pollution_weather_dag, task_id=format_daily_data_all_cities, execution_date=20250605T000000, start_date=20250609T155319, end_date=20250609T155333
[2025-06-09T17:53:33.200+0200] {local_task_job_runner.py:240} INFO - Task exited with return code 0
[2025-06-09T17:53:33.209+0200] {taskinstance.py:3482} INFO - 1 downstream tasks scheduled from follow-on schedule check
[2025-06-09T17:53:33.218+0200] {local_task_job_runner.py:222} INFO - ::endgroup::
[2025-06-09T17:59:10.503+0200] {local_task_job_runner.py:120} INFO - ::group::Pre task execution logs
[2025-06-09T17:59:10.516+0200] {taskinstance.py:2073} INFO - Dependencies all met for dep_context=non-requeueable deps ti=<TaskInstance: fetch_daily_pollution_weather_dag.format_daily_data_all_cities scheduled__2025-06-05T00:00:00+00:00 [queued]>
[2025-06-09T17:59:10.519+0200] {taskinstance.py:2073} INFO - Dependencies all met for dep_context=requeueable deps ti=<TaskInstance: fetch_daily_pollution_weather_dag.format_daily_data_all_cities scheduled__2025-06-05T00:00:00+00:00 [queued]>
[2025-06-09T17:59:10.519+0200] {taskinstance.py:2303} INFO - Starting attempt 1 of 2
[2025-06-09T17:59:10.537+0200] {taskinstance.py:2327} INFO - Executing <Task(PythonOperator): format_daily_data_all_cities> on 2025-06-05 00:00:00+00:00
[2025-06-09T17:59:10.540+0200] {standard_task_runner.py:63} INFO - Started process 123672 to run task
[2025-06-09T17:59:10.542+0200] {standard_task_runner.py:90} INFO - Running: ['airflow', 'tasks', 'run', 'fetch_daily_pollution_weather_dag', 'format_daily_data_all_cities', 'scheduled__2025-06-05T00:00:00+00:00', '--job-id', '415', '--raw', '--subdir', 'DAGS_FOLDER/daily_dag.py', '--cfg-path', '/tmp/tmpsjljbz0g']
[2025-06-09T17:59:10.542+0200] {standard_task_runner.py:91} INFO - Job 415: Subtask format_daily_data_all_cities
[2025-06-09T17:59:10.574+0200] {task_command.py:426} INFO - Running <TaskInstance: fetch_daily_pollution_weather_dag.format_daily_data_all_cities scheduled__2025-06-05T00:00:00+00:00 [running]> on host DESKTOP-2QS8J6D.
[2025-06-09T17:59:10.623+0200] {taskinstance.py:2644} INFO - Exporting env vars: AIRFLOW_CTX_DAG_OWNER='airflow' AIRFLOW_CTX_DAG_ID='fetch_daily_pollution_weather_dag' AIRFLOW_CTX_TASK_ID='format_daily_data_all_cities' AIRFLOW_CTX_EXECUTION_DATE='2025-06-05T00:00:00+00:00' AIRFLOW_CTX_TRY_NUMBER='1' AIRFLOW_CTX_DAG_RUN_ID='scheduled__2025-06-05T00:00:00+00:00'
[2025-06-09T17:59:10.624+0200] {taskinstance.py:430} INFO - ::endgroup::
[2025-06-09T17:59:10.625+0200] {logging_mixin.py:188} INFO - [START] Formatting data for execution_date: 2025-06-05
[2025-06-09T17:59:15.276+0200] {logging_mixin.py:188} INFO - [INFO] Spark session started
[2025-06-09T17:59:15.283+0200] {logging_mixin.py:188} INFO - [INFO] Loaded 2 cities from config
[2025-06-09T17:59:15.283+0200] {logging_mixin.py:188} INFO - [PROCESSING] City: istanbul
[2025-06-09T17:59:15.283+0200] {logging_mixin.py:188} INFO - [FOUND] Pollution file exists: /home/ccd/airflow/data/raw/pollution/istanbul/2025-06-05.json
[2025-06-09T17:59:15.286+0200] {logging_mixin.py:188} INFO - [INFO] Flattened pollution data: 25 rows
[2025-06-09T17:59:15.291+0200] {logging_mixin.py:188} INFO - [INFO] Aggregated pollution data: 1 rows
[2025-06-09T17:59:21.915+0200] {logging_mixin.py:188} INFO - [OK] Formatted pollution for istanbul
[2025-06-09T17:59:21.915+0200] {logging_mixin.py:188} INFO - [FOUND] Weather file exists: /home/ccd/airflow/data/raw/weather/istanbul/2025-06-05.json
[2025-06-09T17:59:21.918+0200] {logging_mixin.py:188} INFO - [INFO] Flattened weather data: 1 rows
[2025-06-09T17:59:22.782+0200] {logging_mixin.py:188} INFO - [OK] Formatted weather for istanbul
[2025-06-09T17:59:22.783+0200] {logging_mixin.py:188} INFO - [PROCESSING] City: moscow
[2025-06-09T17:59:22.783+0200] {logging_mixin.py:188} INFO - [FOUND] Pollution file exists: /home/ccd/airflow/data/raw/pollution/moscow/2025-06-05.json
[2025-06-09T17:59:22.785+0200] {logging_mixin.py:188} INFO - [INFO] Flattened pollution data: 25 rows
[2025-06-09T17:59:22.790+0200] {logging_mixin.py:188} INFO - [INFO] Aggregated pollution data: 1 rows
[2025-06-09T17:59:23.691+0200] {logging_mixin.py:188} INFO - [OK] Formatted pollution for moscow
[2025-06-09T17:59:23.691+0200] {logging_mixin.py:188} INFO - [FOUND] Weather file exists: /home/ccd/airflow/data/raw/weather/moscow/2025-06-05.json
[2025-06-09T17:59:23.696+0200] {logging_mixin.py:188} INFO - [INFO] Flattened weather data: 1 rows
[2025-06-09T17:59:24.665+0200] {logging_mixin.py:188} INFO - [OK] Formatted weather for moscow
[2025-06-09T17:59:25.650+0200] {logging_mixin.py:188} INFO - [DONE] Spark session closed
[2025-06-09T17:59:25.650+0200] {python.py:237} INFO - Done. Returned value was: None
[2025-06-09T17:59:25.651+0200] {taskinstance.py:441} INFO - ::group::Post task execution logs
[2025-06-09T17:59:25.653+0200] {taskinstance.py:1205} INFO - Marking task as SUCCESS. dag_id=fetch_daily_pollution_weather_dag, task_id=format_daily_data_all_cities, execution_date=20250605T000000, start_date=20250609T155910, end_date=20250609T155925
[2025-06-09T17:59:25.681+0200] {local_task_job_runner.py:240} INFO - Task exited with return code 0
[2025-06-09T17:59:25.689+0200] {taskinstance.py:3482} INFO - 1 downstream tasks scheduled from follow-on schedule check
[2025-06-09T17:59:25.704+0200] {local_task_job_runner.py:222} INFO - ::endgroup::
