[2025-06-09T18:57:38.571+0200] {local_task_job_runner.py:120} INFO - ::group::Pre task execution logs
[2025-06-09T18:57:38.588+0200] {taskinstance.py:2073} INFO - Dependencies all met for dep_context=non-requeueable deps ti=<TaskInstance: backfill_pollution_weather_dag.combine_backfill_data manual__2025-06-09T16:57:28.404558+00:00 [queued]>
[2025-06-09T18:57:38.593+0200] {taskinstance.py:2073} INFO - Dependencies all met for dep_context=requeueable deps ti=<TaskInstance: backfill_pollution_weather_dag.combine_backfill_data manual__2025-06-09T16:57:28.404558+00:00 [queued]>
[2025-06-09T18:57:38.593+0200] {taskinstance.py:2303} INFO - Starting attempt 1 of 2
[2025-06-09T18:57:38.618+0200] {taskinstance.py:2327} INFO - Executing <Task(PythonOperator): combine_backfill_data> on 2025-06-09 16:57:28.404558+00:00
[2025-06-09T18:57:38.622+0200] {standard_task_runner.py:63} INFO - Started process 188741 to run task
[2025-06-09T18:57:38.624+0200] {standard_task_runner.py:90} INFO - Running: ['airflow', 'tasks', 'run', 'backfill_pollution_weather_dag', 'combine_backfill_data', 'manual__2025-06-09T16:57:28.404558+00:00', '--job-id', '434', '--raw', '--subdir', 'DAGS_FOLDER/backfill_dag.py', '--cfg-path', '/tmp/tmpu8nijiz4']
[2025-06-09T18:57:38.624+0200] {standard_task_runner.py:91} INFO - Job 434: Subtask combine_backfill_data
[2025-06-09T18:57:38.661+0200] {task_command.py:426} INFO - Running <TaskInstance: backfill_pollution_weather_dag.combine_backfill_data manual__2025-06-09T16:57:28.404558+00:00 [running]> on host DESKTOP-2QS8J6D.
[2025-06-09T18:57:38.732+0200] {taskinstance.py:2644} INFO - Exporting env vars: AIRFLOW_CTX_DAG_OWNER='airflow' AIRFLOW_CTX_DAG_ID='backfill_pollution_weather_dag' AIRFLOW_CTX_TASK_ID='combine_backfill_data' AIRFLOW_CTX_EXECUTION_DATE='2025-06-09T16:57:28.404558+00:00' AIRFLOW_CTX_TRY_NUMBER='1' AIRFLOW_CTX_DAG_RUN_ID='manual__2025-06-09T16:57:28.404558+00:00'
[2025-06-09T18:57:38.733+0200] {taskinstance.py:430} INFO - ::endgroup::
[2025-06-09T18:57:43.218+0200] {logging_mixin.py:188} INFO - [COMBINING] City: istanbul
[2025-06-09T18:57:43.220+0200] {logging_mixin.py:188} INFO - [COMBINING] City: moscow
[2025-06-09T18:57:43.220+0200] {logging_mixin.py:188} INFO - [COMBINING] City: london
[2025-06-09T18:57:43.221+0200] {logging_mixin.py:188} INFO - [COMBINING] City: saint_petersburg
[2025-06-09T18:57:43.221+0200] {logging_mixin.py:188} INFO - [COMBINING] City: berlin
[2025-06-09T18:57:43.221+0200] {logging_mixin.py:188} INFO - [COMBINING] City: madrid
[2025-06-09T18:57:43.222+0200] {logging_mixin.py:188} INFO - [COMBINING] City: kyiv
[2025-06-09T18:57:43.222+0200] {logging_mixin.py:188} INFO - [COMBINING] City: rome
[2025-06-09T18:57:43.222+0200] {logging_mixin.py:188} INFO - [COMBINING] City: baku
[2025-06-09T18:57:43.222+0200] {logging_mixin.py:188} INFO - [COMBINING] City: paris
[2025-06-09T18:57:43.223+0200] {logging_mixin.py:188} INFO - [COMBINING] City: vienna
[2025-06-09T18:57:43.223+0200] {logging_mixin.py:188} INFO - [COMBINING] City: minsk
[2025-06-09T18:57:43.224+0200] {logging_mixin.py:188} INFO - [COMBINING] City: hamburg
[2025-06-09T18:57:43.224+0200] {logging_mixin.py:188} INFO - [COMBINING] City: warsaw
[2025-06-09T18:57:43.224+0200] {logging_mixin.py:188} INFO - [COMBINING] City: bucharest
[2025-06-09T18:57:43.225+0200] {logging_mixin.py:188} INFO - [COMBINING] City: barcelona
[2025-06-09T18:57:43.225+0200] {logging_mixin.py:188} INFO - [COMBINING] City: budapest
[2025-06-09T18:57:43.225+0200] {logging_mixin.py:188} INFO - [COMBINING] City: belgrade
[2025-06-09T18:57:43.236+0200] {logging_mixin.py:188} INFO - [COMBINING] City: munich
[2025-06-09T18:57:43.236+0200] {logging_mixin.py:188} INFO - [COMBINING] City: kharkiv
[2025-06-09T18:57:43.237+0200] {logging_mixin.py:188} INFO - [COMBINING] City: prague
[2025-06-09T18:57:43.237+0200] {logging_mixin.py:188} INFO - [COMBINING] City: milan
[2025-06-09T18:57:43.238+0200] {logging_mixin.py:188} INFO - [COMBINING] City: algiers
[2025-06-09T18:57:43.633+0200] {logging_mixin.py:188} INFO - [DONE] Backfill combining completed
[2025-06-09T18:57:43.633+0200] {python.py:237} INFO - Done. Returned value was: None
[2025-06-09T18:57:43.634+0200] {taskinstance.py:441} INFO - ::group::Post task execution logs
[2025-06-09T18:57:43.644+0200] {taskinstance.py:1205} INFO - Marking task as SUCCESS. dag_id=backfill_pollution_weather_dag, task_id=combine_backfill_data, execution_date=20250609T165728, start_date=20250609T165738, end_date=20250609T165743
[2025-06-09T18:57:43.782+0200] {local_task_job_runner.py:240} INFO - Task exited with return code 0
[2025-06-09T18:57:43.800+0200] {taskinstance.py:3482} INFO - 1 downstream tasks scheduled from follow-on schedule check
[2025-06-09T18:57:43.811+0200] {local_task_job_runner.py:222} INFO - ::endgroup::
