[2025-05-28T21:33:28.211+0200] {local_task_job_runner.py:120} INFO - ::group::Pre task execution logs
[2025-05-28T21:33:28.224+0200] {taskinstance.py:2073} INFO - Dependencies all met for dep_context=non-requeueable deps ti=<TaskInstance: backfill_pollution_weather_dag.format_pollution_backfill manual__2025-05-28T19:33:25.959858+00:00 [queued]>
[2025-05-28T21:33:28.228+0200] {taskinstance.py:2073} INFO - Dependencies all met for dep_context=requeueable deps ti=<TaskInstance: backfill_pollution_weather_dag.format_pollution_backfill manual__2025-05-28T19:33:25.959858+00:00 [queued]>
[2025-05-28T21:33:28.228+0200] {taskinstance.py:2303} INFO - Starting attempt 1 of 1
[2025-05-28T21:33:28.243+0200] {taskinstance.py:2327} INFO - Executing <Task(PythonOperator): format_pollution_backfill> on 2025-05-28 19:33:25.959858+00:00
[2025-05-28T21:33:28.246+0200] {standard_task_runner.py:63} INFO - Started process 213129 to run task
[2025-05-28T21:33:28.249+0200] {standard_task_runner.py:90} INFO - Running: ['airflow', 'tasks', 'run', 'backfill_pollution_weather_dag', 'format_pollution_backfill', 'manual__2025-05-28T19:33:25.959858+00:00', '--job-id', '38', '--raw', '--subdir', 'DAGS_FOLDER/backfill_dag.py', '--cfg-path', '/tmp/tmpf5a7g_0j']
[2025-05-28T21:33:28.249+0200] {standard_task_runner.py:91} INFO - Job 38: Subtask format_pollution_backfill
[2025-05-28T21:33:28.283+0200] {task_command.py:426} INFO - Running <TaskInstance: backfill_pollution_weather_dag.format_pollution_backfill manual__2025-05-28T19:33:25.959858+00:00 [running]> on host DESKTOP-2QS8J6D.
[2025-05-28T21:33:29.067+0200] {taskinstance.py:2644} INFO - Exporting env vars: AIRFLOW_CTX_DAG_OWNER='airflow' AIRFLOW_CTX_DAG_ID='backfill_pollution_weather_dag' AIRFLOW_CTX_TASK_ID='format_pollution_backfill' AIRFLOW_CTX_EXECUTION_DATE='2025-05-28T19:33:25.959858+00:00' AIRFLOW_CTX_TRY_NUMBER='1' AIRFLOW_CTX_DAG_RUN_ID='manual__2025-05-28T19:33:25.959858+00:00'
[2025-05-28T21:33:29.068+0200] {taskinstance.py:430} INFO - ::endgroup::
[2025-05-28T21:33:29.378+0200] {taskinstance.py:441} INFO - ::group::Post task execution logs
[2025-05-28T21:33:29.379+0200] {taskinstance.py:2890} ERROR - Task failed with exception
Traceback (most recent call last):
  File "/home/ccd/airflow_venv/lib/python3.10/site-packages/airflow/models/taskinstance.py", line 465, in _execute_task
    result = _execute_callable(context=context, **execute_callable_kwargs)
  File "/home/ccd/airflow_venv/lib/python3.10/site-packages/airflow/models/taskinstance.py", line 432, in _execute_callable
    return execute_callable(context=context, **execute_callable_kwargs)
  File "/home/ccd/airflow_venv/lib/python3.10/site-packages/airflow/models/baseoperator.py", line 400, in wrapper
    return func(self, *args, **kwargs)
  File "/home/ccd/airflow_venv/lib/python3.10/site-packages/airflow/operators/python.py", line 235, in execute
    return_value = self.execute_callable()
  File "/home/ccd/airflow_venv/lib/python3.10/site-packages/airflow/operators/python.py", line 252, in execute_callable
    return self.python_callable(*self.op_args, **self.op_kwargs)
  File "/home/ccd/airflow/dags/backfill_dag.py", line 99, in format_pollution_backfill
    spark = SparkSession.builder.appName("FormatPollution").getOrCreate()
  File "/home/ccd/airflow_venv/lib/python3.10/site-packages/pyspark/sql/session.py", line 556, in getOrCreate
    sc = SparkContext.getOrCreate(sparkConf)
  File "/home/ccd/airflow_venv/lib/python3.10/site-packages/pyspark/core/context.py", line 523, in getOrCreate
    SparkContext(conf=conf or SparkConf())
  File "/home/ccd/airflow_venv/lib/python3.10/site-packages/pyspark/core/context.py", line 205, in __init__
    SparkContext._ensure_initialized(self, gateway=gateway, conf=conf)
  File "/home/ccd/airflow_venv/lib/python3.10/site-packages/pyspark/core/context.py", line 444, in _ensure_initialized
    SparkContext._gateway = gateway or launch_gateway(conf)
  File "/home/ccd/airflow_venv/lib/python3.10/site-packages/pyspark/java_gateway.py", line 111, in launch_gateway
    raise PySparkRuntimeError(
pyspark.errors.exceptions.base.PySparkRuntimeError: [JAVA_GATEWAY_EXITED] Java gateway process exited before sending its port number.
[2025-05-28T21:33:29.383+0200] {taskinstance.py:1205} INFO - Marking task as FAILED. dag_id=backfill_pollution_weather_dag, task_id=format_pollution_backfill, execution_date=20250528T193325, start_date=20250528T193328, end_date=20250528T193329
[2025-05-28T21:33:29.399+0200] {standard_task_runner.py:110} ERROR - Failed to execute job 38 for task format_pollution_backfill ([JAVA_GATEWAY_EXITED] Java gateway process exited before sending its port number.; 213129)
[2025-05-28T21:33:29.432+0200] {local_task_job_runner.py:240} INFO - Task exited with return code 1
[2025-05-28T21:33:29.438+0200] {taskinstance.py:3482} INFO - 0 downstream tasks scheduled from follow-on schedule check
[2025-05-28T21:33:29.439+0200] {local_task_job_runner.py:222} INFO - ::endgroup::
