[2025-05-31T14:24:22.723+0200] {local_task_job_runner.py:120} INFO - ::group::Pre task execution logs
[2025-05-31T14:24:22.735+0200] {taskinstance.py:2073} INFO - Dependencies all met for dep_context=non-requeueable deps ti=<TaskInstance: inspect_static_parquet_file_dag.inspect_static_parquet manual__2025-05-31T12:24:20.880761+00:00 [queued]>
[2025-05-31T14:24:22.739+0200] {taskinstance.py:2073} INFO - Dependencies all met for dep_context=requeueable deps ti=<TaskInstance: inspect_static_parquet_file_dag.inspect_static_parquet manual__2025-05-31T12:24:20.880761+00:00 [queued]>
[2025-05-31T14:24:22.739+0200] {taskinstance.py:2303} INFO - Starting attempt 1 of 1
[2025-05-31T14:24:22.754+0200] {taskinstance.py:2327} INFO - Executing <Task(PythonOperator): inspect_static_parquet> on 2025-05-31 12:24:20.880761+00:00
[2025-05-31T14:24:22.756+0200] {standard_task_runner.py:63} INFO - Started process 57248 to run task
[2025-05-31T14:24:22.759+0200] {standard_task_runner.py:90} INFO - Running: ['airflow', 'tasks', 'run', 'inspect_static_parquet_file_dag', 'inspect_static_parquet', 'manual__2025-05-31T12:24:20.880761+00:00', '--job-id', '189', '--raw', '--subdir', 'DAGS_FOLDER/inspect_parquet_file.py', '--cfg-path', '/tmp/tmp3uh3fuxg']
[2025-05-31T14:24:22.760+0200] {standard_task_runner.py:91} INFO - Job 189: Subtask inspect_static_parquet
[2025-05-31T14:24:22.790+0200] {task_command.py:426} INFO - Running <TaskInstance: inspect_static_parquet_file_dag.inspect_static_parquet manual__2025-05-31T12:24:20.880761+00:00 [running]> on host DESKTOP-2QS8J6D.
[2025-05-31T14:24:22.858+0200] {taskinstance.py:2644} INFO - Exporting env vars: AIRFLOW_CTX_DAG_OWNER='airflow' AIRFLOW_CTX_DAG_ID='inspect_static_parquet_file_dag' AIRFLOW_CTX_TASK_ID='inspect_static_parquet' AIRFLOW_CTX_EXECUTION_DATE='2025-05-31T12:24:20.880761+00:00' AIRFLOW_CTX_TRY_NUMBER='1' AIRFLOW_CTX_DAG_RUN_ID='manual__2025-05-31T12:24:20.880761+00:00'
[2025-05-31T14:24:22.859+0200] {taskinstance.py:430} INFO - ::endgroup::
[2025-05-31T14:24:27.727+0200] {logging_mixin.py:188} INFO - === Parquet Schema ===
[2025-05-31T14:24:27.736+0200] {logging_mixin.py:188} INFO - root
 |-- co: double (nullable = true)
 |-- no: double (nullable = true)
 |-- no2: double (nullable = true)
 |-- o3: double (nullable = true)
 |-- so2: double (nullable = true)
 |-- pm2_5: double (nullable = true)
 |-- pm10: double (nullable = true)
 |-- nh3: double (nullable = true)
 |-- aqi_mode: long (nullable = true)
 |-- lat: double (nullable = true)
 |-- lon: double (nullable = true)
 |-- date: string (nullable = true)
 |-- city_name: string (nullable = true)
[2025-05-31T14:24:27.736+0200] {logging_mixin.py:188} INFO - === Sample Data ===
[2025-05-31T14:24:28.836+0200] {logging_mixin.py:188} INFO - +-------+-----+-----+------+-----+-----+-----+-----+--------+-------+------+----------+---------+
|co     |no   |no2  |o3    |so2  |pm2_5|pm10 |nh3  |aqi_mode|lat    |lon   |date      |city_name|
+-------+-----+-----+------+-----+-----+-----+-----+--------+-------+------+----------+---------+
|103.918|0.521|1.828|49.039|0.159|2.671|4.637|3.473|1       |48.8566|2.3522|2025-05-28|paris    |
+-------+-----+-----+------+-----+-----+-----+-----+--------+-------+------+----------+---------+
[2025-05-31T14:24:28.836+0200] {logging_mixin.py:188} INFO - === Static Parquet File Inspection Completed ===
[2025-05-31T14:24:28.943+0200] {logging_mixin.py:188} INFO - === Parquet Schema ===
[2025-05-31T14:24:28.945+0200] {logging_mixin.py:188} INFO - root
 |-- time: string (nullable = true)
 |-- temperature_2m_max: double (nullable = true)
 |-- temperature_2m_min: double (nullable = true)
 |-- temperature_2m_mean: double (nullable = true)
 |-- precipitation_sum: double (nullable = true)
 |-- snowfall_sum: double (nullable = true)
 |-- cloudcover_mean: long (nullable = true)
 |-- windgusts_10m_max: double (nullable = true)
 |-- winddirection_10m_dominant: long (nullable = true)
 |-- shortwave_radiation_sum: double (nullable = true)
 |-- et0_fao_evapotranspiration: double (nullable = true)
 |-- lat: double (nullable = true)
 |-- lon: double (nullable = true)
 |-- city_name: string (nullable = true)
[2025-05-31T14:24:28.945+0200] {logging_mixin.py:188} INFO - === Sample Data ===
[2025-05-31T14:24:29.151+0200] {logging_mixin.py:188} INFO - +----------+------------------+------------------+-------------------+-----------------+------------+---------------+-----------------+--------------------------+-----------------------+--------------------------+---------+---------+---------+
|time      |temperature_2m_max|temperature_2m_min|temperature_2m_mean|precipitation_sum|snowfall_sum|cloudcover_mean|windgusts_10m_max|winddirection_10m_dominant|shortwave_radiation_sum|et0_fao_evapotranspiration|lat      |lon      |city_name|
+----------+------------------+------------------+-------------------+-----------------+------------+---------------+-----------------+--------------------------+-----------------------+--------------------------+---------+---------+---------+
|2025-05-29|24.5              |11.6              |18.3               |0.0              |0.0         |84             |34.6             |247                       |20.03                  |3.92                      |48.822495|2.2881355|paris    |
+----------+------------------+------------------+-------------------+-----------------+------------+---------------+-----------------+--------------------------+-----------------------+--------------------------+---------+---------+---------+
[2025-05-31T14:24:30.607+0200] {python.py:237} INFO - Done. Returned value was: None
[2025-05-31T14:24:30.608+0200] {taskinstance.py:441} INFO - ::group::Post task execution logs
[2025-05-31T14:24:30.612+0200] {taskinstance.py:1205} INFO - Marking task as SUCCESS. dag_id=inspect_static_parquet_file_dag, task_id=inspect_static_parquet, execution_date=20250531T122420, start_date=20250531T122422, end_date=20250531T122430
[2025-05-31T14:24:30.679+0200] {local_task_job_runner.py:240} INFO - Task exited with return code 0
[2025-05-31T14:24:30.684+0200] {taskinstance.py:3482} INFO - 0 downstream tasks scheduled from follow-on schedule check
[2025-05-31T14:24:30.684+0200] {local_task_job_runner.py:222} INFO - ::endgroup::
