[2025-06-09T02:00:44.025+0200] {processor.py:161} INFO - Started process (PID=1328279) to work on /home/ccd/airflow_venv/lib/python3.10/site-packages/airflow/example_dags/subdags/subdag.py
[2025-06-09T02:00:44.026+0200] {processor.py:830} INFO - Processing file /home/ccd/airflow_venv/lib/python3.10/site-packages/airflow/example_dags/subdags/subdag.py for tasks to queue
[2025-06-09T02:00:44.026+0200] {logging_mixin.py:188} INFO - [2025-06-09T02:00:44.026+0200] {dagbag.py:540} INFO - Filling up the DagBag from /home/ccd/airflow_venv/lib/python3.10/site-packages/airflow/example_dags/subdags/subdag.py
[2025-06-09T02:00:44.029+0200] {processor.py:842} WARNING - No viable dags retrieved from /home/ccd/airflow_venv/lib/python3.10/site-packages/airflow/example_dags/subdags/subdag.py
[2025-06-09T02:00:44.040+0200] {processor.py:183} INFO - Processing /home/ccd/airflow_venv/lib/python3.10/site-packages/airflow/example_dags/subdags/subdag.py took 0.020 seconds
[2025-06-09T02:01:42.459+0200] {processor.py:161} INFO - Started process (PID=1328671) to work on /home/ccd/airflow_venv/lib/python3.10/site-packages/airflow/example_dags/subdags/subdag.py
[2025-06-09T02:01:42.461+0200] {processor.py:830} INFO - Processing file /home/ccd/airflow_venv/lib/python3.10/site-packages/airflow/example_dags/subdags/subdag.py for tasks to queue
[2025-06-09T02:01:42.462+0200] {logging_mixin.py:188} INFO - [2025-06-09T02:01:42.461+0200] {dagbag.py:540} INFO - Filling up the DagBag from /home/ccd/airflow_venv/lib/python3.10/site-packages/airflow/example_dags/subdags/subdag.py
[2025-06-09T02:01:42.464+0200] {processor.py:842} WARNING - No viable dags retrieved from /home/ccd/airflow_venv/lib/python3.10/site-packages/airflow/example_dags/subdags/subdag.py
[2025-06-09T02:01:42.471+0200] {processor.py:183} INFO - Processing /home/ccd/airflow_venv/lib/python3.10/site-packages/airflow/example_dags/subdags/subdag.py took 0.017 seconds
[2025-06-09T02:02:38.086+0200] {processor.py:161} INFO - Started process (PID=1328941) to work on /home/ccd/airflow_venv/lib/python3.10/site-packages/airflow/example_dags/subdags/subdag.py
[2025-06-09T02:02:38.088+0200] {processor.py:830} INFO - Processing file /home/ccd/airflow_venv/lib/python3.10/site-packages/airflow/example_dags/subdags/subdag.py for tasks to queue
[2025-06-09T02:02:38.089+0200] {logging_mixin.py:188} INFO - [2025-06-09T02:02:38.089+0200] {dagbag.py:540} INFO - Filling up the DagBag from /home/ccd/airflow_venv/lib/python3.10/site-packages/airflow/example_dags/subdags/subdag.py
[2025-06-09T02:02:38.091+0200] {processor.py:842} WARNING - No viable dags retrieved from /home/ccd/airflow_venv/lib/python3.10/site-packages/airflow/example_dags/subdags/subdag.py
[2025-06-09T02:02:38.105+0200] {processor.py:183} INFO - Processing /home/ccd/airflow_venv/lib/python3.10/site-packages/airflow/example_dags/subdags/subdag.py took 0.026 seconds
[2025-06-09T02:03:31.186+0200] {processor.py:161} INFO - Started process (PID=1329269) to work on /home/ccd/airflow_venv/lib/python3.10/site-packages/airflow/example_dags/subdags/subdag.py
[2025-06-09T02:03:31.198+0200] {processor.py:830} INFO - Processing file /home/ccd/airflow_venv/lib/python3.10/site-packages/airflow/example_dags/subdags/subdag.py for tasks to queue
[2025-06-09T02:03:31.198+0200] {logging_mixin.py:188} INFO - [2025-06-09T02:03:31.198+0200] {dagbag.py:540} INFO - Filling up the DagBag from /home/ccd/airflow_venv/lib/python3.10/site-packages/airflow/example_dags/subdags/subdag.py
[2025-06-09T02:03:31.201+0200] {processor.py:842} WARNING - No viable dags retrieved from /home/ccd/airflow_venv/lib/python3.10/site-packages/airflow/example_dags/subdags/subdag.py
[2025-06-09T02:03:31.209+0200] {processor.py:183} INFO - Processing /home/ccd/airflow_venv/lib/python3.10/site-packages/airflow/example_dags/subdags/subdag.py took 0.028 seconds
[2025-06-09T02:04:20.691+0200] {processor.py:161} INFO - Started process (PID=1329670) to work on /home/ccd/airflow_venv/lib/python3.10/site-packages/airflow/example_dags/subdags/subdag.py
[2025-06-09T02:04:20.702+0200] {processor.py:830} INFO - Processing file /home/ccd/airflow_venv/lib/python3.10/site-packages/airflow/example_dags/subdags/subdag.py for tasks to queue
[2025-06-09T02:04:20.703+0200] {logging_mixin.py:188} INFO - [2025-06-09T02:04:20.703+0200] {dagbag.py:540} INFO - Filling up the DagBag from /home/ccd/airflow_venv/lib/python3.10/site-packages/airflow/example_dags/subdags/subdag.py
[2025-06-09T02:04:20.705+0200] {processor.py:842} WARNING - No viable dags retrieved from /home/ccd/airflow_venv/lib/python3.10/site-packages/airflow/example_dags/subdags/subdag.py
[2025-06-09T02:04:20.712+0200] {processor.py:183} INFO - Processing /home/ccd/airflow_venv/lib/python3.10/site-packages/airflow/example_dags/subdags/subdag.py took 0.025 seconds
[2025-06-09T02:05:11.353+0200] {processor.py:161} INFO - Started process (PID=1330019) to work on /home/ccd/airflow_venv/lib/python3.10/site-packages/airflow/example_dags/subdags/subdag.py
[2025-06-09T02:05:11.354+0200] {processor.py:830} INFO - Processing file /home/ccd/airflow_venv/lib/python3.10/site-packages/airflow/example_dags/subdags/subdag.py for tasks to queue
[2025-06-09T02:05:11.355+0200] {logging_mixin.py:188} INFO - [2025-06-09T02:05:11.355+0200] {dagbag.py:540} INFO - Filling up the DagBag from /home/ccd/airflow_venv/lib/python3.10/site-packages/airflow/example_dags/subdags/subdag.py
[2025-06-09T02:05:11.356+0200] {processor.py:842} WARNING - No viable dags retrieved from /home/ccd/airflow_venv/lib/python3.10/site-packages/airflow/example_dags/subdags/subdag.py
[2025-06-09T02:05:11.366+0200] {processor.py:183} INFO - Processing /home/ccd/airflow_venv/lib/python3.10/site-packages/airflow/example_dags/subdags/subdag.py took 0.017 seconds
[2025-06-09T02:06:05.756+0200] {processor.py:161} INFO - Started process (PID=1330592) to work on /home/ccd/airflow_venv/lib/python3.10/site-packages/airflow/example_dags/subdags/subdag.py
[2025-06-09T02:06:05.767+0200] {processor.py:830} INFO - Processing file /home/ccd/airflow_venv/lib/python3.10/site-packages/airflow/example_dags/subdags/subdag.py for tasks to queue
[2025-06-09T02:06:05.768+0200] {logging_mixin.py:188} INFO - [2025-06-09T02:06:05.768+0200] {dagbag.py:540} INFO - Filling up the DagBag from /home/ccd/airflow_venv/lib/python3.10/site-packages/airflow/example_dags/subdags/subdag.py
[2025-06-09T02:06:05.770+0200] {processor.py:842} WARNING - No viable dags retrieved from /home/ccd/airflow_venv/lib/python3.10/site-packages/airflow/example_dags/subdags/subdag.py
[2025-06-09T02:06:05.778+0200] {processor.py:183} INFO - Processing /home/ccd/airflow_venv/lib/python3.10/site-packages/airflow/example_dags/subdags/subdag.py took 0.027 seconds
[2025-06-09T02:07:02.134+0200] {processor.py:161} INFO - Started process (PID=1330976) to work on /home/ccd/airflow_venv/lib/python3.10/site-packages/airflow/example_dags/subdags/subdag.py
[2025-06-09T02:07:02.137+0200] {processor.py:830} INFO - Processing file /home/ccd/airflow_venv/lib/python3.10/site-packages/airflow/example_dags/subdags/subdag.py for tasks to queue
[2025-06-09T02:07:02.137+0200] {logging_mixin.py:188} INFO - [2025-06-09T02:07:02.137+0200] {dagbag.py:540} INFO - Filling up the DagBag from /home/ccd/airflow_venv/lib/python3.10/site-packages/airflow/example_dags/subdags/subdag.py
[2025-06-09T02:07:02.139+0200] {processor.py:842} WARNING - No viable dags retrieved from /home/ccd/airflow_venv/lib/python3.10/site-packages/airflow/example_dags/subdags/subdag.py
[2025-06-09T02:07:02.148+0200] {processor.py:183} INFO - Processing /home/ccd/airflow_venv/lib/python3.10/site-packages/airflow/example_dags/subdags/subdag.py took 0.018 seconds
[2025-06-09T02:07:57.476+0200] {processor.py:161} INFO - Started process (PID=1331413) to work on /home/ccd/airflow_venv/lib/python3.10/site-packages/airflow/example_dags/subdags/subdag.py
[2025-06-09T02:07:57.479+0200] {processor.py:830} INFO - Processing file /home/ccd/airflow_venv/lib/python3.10/site-packages/airflow/example_dags/subdags/subdag.py for tasks to queue
[2025-06-09T02:07:57.481+0200] {logging_mixin.py:188} INFO - [2025-06-09T02:07:57.480+0200] {dagbag.py:540} INFO - Filling up the DagBag from /home/ccd/airflow_venv/lib/python3.10/site-packages/airflow/example_dags/subdags/subdag.py
[2025-06-09T02:07:57.484+0200] {processor.py:842} WARNING - No viable dags retrieved from /home/ccd/airflow_venv/lib/python3.10/site-packages/airflow/example_dags/subdags/subdag.py
[2025-06-09T02:07:57.516+0200] {processor.py:183} INFO - Processing /home/ccd/airflow_venv/lib/python3.10/site-packages/airflow/example_dags/subdags/subdag.py took 0.054 seconds
[2025-06-09T02:08:54.818+0200] {processor.py:161} INFO - Started process (PID=1332020) to work on /home/ccd/airflow_venv/lib/python3.10/site-packages/airflow/example_dags/subdags/subdag.py
[2025-06-09T02:08:54.820+0200] {processor.py:830} INFO - Processing file /home/ccd/airflow_venv/lib/python3.10/site-packages/airflow/example_dags/subdags/subdag.py for tasks to queue
[2025-06-09T02:08:54.821+0200] {logging_mixin.py:188} INFO - [2025-06-09T02:08:54.821+0200] {dagbag.py:540} INFO - Filling up the DagBag from /home/ccd/airflow_venv/lib/python3.10/site-packages/airflow/example_dags/subdags/subdag.py
[2025-06-09T02:08:54.823+0200] {processor.py:842} WARNING - No viable dags retrieved from /home/ccd/airflow_venv/lib/python3.10/site-packages/airflow/example_dags/subdags/subdag.py
[2025-06-09T02:08:54.831+0200] {processor.py:183} INFO - Processing /home/ccd/airflow_venv/lib/python3.10/site-packages/airflow/example_dags/subdags/subdag.py took 0.018 seconds
[2025-06-09T02:09:46.407+0200] {processor.py:161} INFO - Started process (PID=1332339) to work on /home/ccd/airflow_venv/lib/python3.10/site-packages/airflow/example_dags/subdags/subdag.py
[2025-06-09T02:09:46.409+0200] {processor.py:830} INFO - Processing file /home/ccd/airflow_venv/lib/python3.10/site-packages/airflow/example_dags/subdags/subdag.py for tasks to queue
[2025-06-09T02:09:46.410+0200] {logging_mixin.py:188} INFO - [2025-06-09T02:09:46.409+0200] {dagbag.py:540} INFO - Filling up the DagBag from /home/ccd/airflow_venv/lib/python3.10/site-packages/airflow/example_dags/subdags/subdag.py
[2025-06-09T02:09:46.412+0200] {processor.py:842} WARNING - No viable dags retrieved from /home/ccd/airflow_venv/lib/python3.10/site-packages/airflow/example_dags/subdags/subdag.py
[2025-06-09T02:09:46.422+0200] {processor.py:183} INFO - Processing /home/ccd/airflow_venv/lib/python3.10/site-packages/airflow/example_dags/subdags/subdag.py took 0.020 seconds
[2025-06-09T11:30:35.919+0200] {processor.py:161} INFO - Started process (PID=3762) to work on /home/ccd/airflow_venv/lib/python3.10/site-packages/airflow/example_dags/subdags/subdag.py
[2025-06-09T11:30:35.921+0200] {processor.py:830} INFO - Processing file /home/ccd/airflow_venv/lib/python3.10/site-packages/airflow/example_dags/subdags/subdag.py for tasks to queue
[2025-06-09T11:30:35.922+0200] {logging_mixin.py:188} INFO - [2025-06-09T11:30:35.922+0200] {dagbag.py:540} INFO - Filling up the DagBag from /home/ccd/airflow_venv/lib/python3.10/site-packages/airflow/example_dags/subdags/subdag.py
[2025-06-09T11:30:35.924+0200] {processor.py:842} WARNING - No viable dags retrieved from /home/ccd/airflow_venv/lib/python3.10/site-packages/airflow/example_dags/subdags/subdag.py
[2025-06-09T11:30:35.929+0200] {processor.py:183} INFO - Processing /home/ccd/airflow_venv/lib/python3.10/site-packages/airflow/example_dags/subdags/subdag.py took 0.014 seconds
[2025-06-09T11:31:35.656+0200] {processor.py:161} INFO - Started process (PID=4096) to work on /home/ccd/airflow_venv/lib/python3.10/site-packages/airflow/example_dags/subdags/subdag.py
[2025-06-09T11:31:35.667+0200] {processor.py:830} INFO - Processing file /home/ccd/airflow_venv/lib/python3.10/site-packages/airflow/example_dags/subdags/subdag.py for tasks to queue
[2025-06-09T11:31:35.669+0200] {logging_mixin.py:188} INFO - [2025-06-09T11:31:35.668+0200] {dagbag.py:540} INFO - Filling up the DagBag from /home/ccd/airflow_venv/lib/python3.10/site-packages/airflow/example_dags/subdags/subdag.py
[2025-06-09T11:31:35.670+0200] {processor.py:842} WARNING - No viable dags retrieved from /home/ccd/airflow_venv/lib/python3.10/site-packages/airflow/example_dags/subdags/subdag.py
[2025-06-09T11:31:35.676+0200] {processor.py:183} INFO - Processing /home/ccd/airflow_venv/lib/python3.10/site-packages/airflow/example_dags/subdags/subdag.py took 0.023 seconds
[2025-06-09T11:32:44.151+0200] {processor.py:161} INFO - Started process (PID=4752) to work on /home/ccd/airflow_venv/lib/python3.10/site-packages/airflow/example_dags/subdags/subdag.py
[2025-06-09T11:32:44.153+0200] {processor.py:830} INFO - Processing file /home/ccd/airflow_venv/lib/python3.10/site-packages/airflow/example_dags/subdags/subdag.py for tasks to queue
[2025-06-09T11:32:44.154+0200] {logging_mixin.py:188} INFO - [2025-06-09T11:32:44.154+0200] {dagbag.py:540} INFO - Filling up the DagBag from /home/ccd/airflow_venv/lib/python3.10/site-packages/airflow/example_dags/subdags/subdag.py
[2025-06-09T11:32:44.155+0200] {processor.py:842} WARNING - No viable dags retrieved from /home/ccd/airflow_venv/lib/python3.10/site-packages/airflow/example_dags/subdags/subdag.py
[2025-06-09T11:32:44.169+0200] {processor.py:183} INFO - Processing /home/ccd/airflow_venv/lib/python3.10/site-packages/airflow/example_dags/subdags/subdag.py took 0.022 seconds
[2025-06-09T11:34:02.856+0200] {processor.py:161} INFO - Started process (PID=5379) to work on /home/ccd/airflow_venv/lib/python3.10/site-packages/airflow/example_dags/subdags/subdag.py
[2025-06-09T11:34:02.867+0200] {processor.py:830} INFO - Processing file /home/ccd/airflow_venv/lib/python3.10/site-packages/airflow/example_dags/subdags/subdag.py for tasks to queue
[2025-06-09T11:34:02.868+0200] {logging_mixin.py:188} INFO - [2025-06-09T11:34:02.868+0200] {dagbag.py:540} INFO - Filling up the DagBag from /home/ccd/airflow_venv/lib/python3.10/site-packages/airflow/example_dags/subdags/subdag.py
[2025-06-09T11:34:02.870+0200] {processor.py:842} WARNING - No viable dags retrieved from /home/ccd/airflow_venv/lib/python3.10/site-packages/airflow/example_dags/subdags/subdag.py
[2025-06-09T11:34:02.878+0200] {processor.py:183} INFO - Processing /home/ccd/airflow_venv/lib/python3.10/site-packages/airflow/example_dags/subdags/subdag.py took 0.026 seconds
[2025-06-09T11:35:00.238+0200] {processor.py:161} INFO - Started process (PID=5756) to work on /home/ccd/airflow_venv/lib/python3.10/site-packages/airflow/example_dags/subdags/subdag.py
[2025-06-09T11:35:00.250+0200] {processor.py:830} INFO - Processing file /home/ccd/airflow_venv/lib/python3.10/site-packages/airflow/example_dags/subdags/subdag.py for tasks to queue
[2025-06-09T11:35:00.251+0200] {logging_mixin.py:188} INFO - [2025-06-09T11:35:00.251+0200] {dagbag.py:540} INFO - Filling up the DagBag from /home/ccd/airflow_venv/lib/python3.10/site-packages/airflow/example_dags/subdags/subdag.py
[2025-06-09T11:35:00.253+0200] {processor.py:842} WARNING - No viable dags retrieved from /home/ccd/airflow_venv/lib/python3.10/site-packages/airflow/example_dags/subdags/subdag.py
[2025-06-09T11:35:00.260+0200] {processor.py:183} INFO - Processing /home/ccd/airflow_venv/lib/python3.10/site-packages/airflow/example_dags/subdags/subdag.py took 0.026 seconds
[2025-06-09T11:35:56.324+0200] {processor.py:161} INFO - Started process (PID=6055) to work on /home/ccd/airflow_venv/lib/python3.10/site-packages/airflow/example_dags/subdags/subdag.py
[2025-06-09T11:35:56.335+0200] {processor.py:830} INFO - Processing file /home/ccd/airflow_venv/lib/python3.10/site-packages/airflow/example_dags/subdags/subdag.py for tasks to queue
[2025-06-09T11:35:56.336+0200] {logging_mixin.py:188} INFO - [2025-06-09T11:35:56.336+0200] {dagbag.py:540} INFO - Filling up the DagBag from /home/ccd/airflow_venv/lib/python3.10/site-packages/airflow/example_dags/subdags/subdag.py
[2025-06-09T11:35:56.338+0200] {processor.py:842} WARNING - No viable dags retrieved from /home/ccd/airflow_venv/lib/python3.10/site-packages/airflow/example_dags/subdags/subdag.py
[2025-06-09T11:35:56.344+0200] {processor.py:183} INFO - Processing /home/ccd/airflow_venv/lib/python3.10/site-packages/airflow/example_dags/subdags/subdag.py took 0.023 seconds
[2025-06-09T11:38:13.454+0200] {processor.py:161} INFO - Started process (PID=9179) to work on /home/ccd/airflow_venv/lib/python3.10/site-packages/airflow/example_dags/subdags/subdag.py
[2025-06-09T11:38:13.466+0200] {processor.py:830} INFO - Processing file /home/ccd/airflow_venv/lib/python3.10/site-packages/airflow/example_dags/subdags/subdag.py for tasks to queue
[2025-06-09T11:38:13.467+0200] {logging_mixin.py:188} INFO - [2025-06-09T11:38:13.467+0200] {dagbag.py:540} INFO - Filling up the DagBag from /home/ccd/airflow_venv/lib/python3.10/site-packages/airflow/example_dags/subdags/subdag.py
[2025-06-09T11:38:13.468+0200] {processor.py:842} WARNING - No viable dags retrieved from /home/ccd/airflow_venv/lib/python3.10/site-packages/airflow/example_dags/subdags/subdag.py
[2025-06-09T11:38:13.476+0200] {processor.py:183} INFO - Processing /home/ccd/airflow_venv/lib/python3.10/site-packages/airflow/example_dags/subdags/subdag.py took 0.027 seconds
[2025-06-09T11:39:15.726+0200] {processor.py:161} INFO - Started process (PID=9692) to work on /home/ccd/airflow_venv/lib/python3.10/site-packages/airflow/example_dags/subdags/subdag.py
[2025-06-09T11:39:15.727+0200] {processor.py:830} INFO - Processing file /home/ccd/airflow_venv/lib/python3.10/site-packages/airflow/example_dags/subdags/subdag.py for tasks to queue
[2025-06-09T11:39:15.728+0200] {logging_mixin.py:188} INFO - [2025-06-09T11:39:15.728+0200] {dagbag.py:540} INFO - Filling up the DagBag from /home/ccd/airflow_venv/lib/python3.10/site-packages/airflow/example_dags/subdags/subdag.py
[2025-06-09T11:39:15.729+0200] {processor.py:842} WARNING - No viable dags retrieved from /home/ccd/airflow_venv/lib/python3.10/site-packages/airflow/example_dags/subdags/subdag.py
[2025-06-09T11:39:15.735+0200] {processor.py:183} INFO - Processing /home/ccd/airflow_venv/lib/python3.10/site-packages/airflow/example_dags/subdags/subdag.py took 0.015 seconds
[2025-06-09T11:40:28.166+0200] {processor.py:161} INFO - Started process (PID=10415) to work on /home/ccd/airflow_venv/lib/python3.10/site-packages/airflow/example_dags/subdags/subdag.py
[2025-06-09T11:40:28.168+0200] {processor.py:830} INFO - Processing file /home/ccd/airflow_venv/lib/python3.10/site-packages/airflow/example_dags/subdags/subdag.py for tasks to queue
[2025-06-09T11:40:28.169+0200] {logging_mixin.py:188} INFO - [2025-06-09T11:40:28.169+0200] {dagbag.py:540} INFO - Filling up the DagBag from /home/ccd/airflow_venv/lib/python3.10/site-packages/airflow/example_dags/subdags/subdag.py
[2025-06-09T11:40:28.171+0200] {processor.py:842} WARNING - No viable dags retrieved from /home/ccd/airflow_venv/lib/python3.10/site-packages/airflow/example_dags/subdags/subdag.py
[2025-06-09T11:40:28.179+0200] {processor.py:183} INFO - Processing /home/ccd/airflow_venv/lib/python3.10/site-packages/airflow/example_dags/subdags/subdag.py took 0.018 seconds
[2025-06-09T11:41:36.064+0200] {processor.py:161} INFO - Started process (PID=11018) to work on /home/ccd/airflow_venv/lib/python3.10/site-packages/airflow/example_dags/subdags/subdag.py
[2025-06-09T11:41:36.075+0200] {processor.py:830} INFO - Processing file /home/ccd/airflow_venv/lib/python3.10/site-packages/airflow/example_dags/subdags/subdag.py for tasks to queue
[2025-06-09T11:41:36.076+0200] {logging_mixin.py:188} INFO - [2025-06-09T11:41:36.076+0200] {dagbag.py:540} INFO - Filling up the DagBag from /home/ccd/airflow_venv/lib/python3.10/site-packages/airflow/example_dags/subdags/subdag.py
[2025-06-09T11:41:36.078+0200] {processor.py:842} WARNING - No viable dags retrieved from /home/ccd/airflow_venv/lib/python3.10/site-packages/airflow/example_dags/subdags/subdag.py
[2025-06-09T11:41:36.084+0200] {processor.py:183} INFO - Processing /home/ccd/airflow_venv/lib/python3.10/site-packages/airflow/example_dags/subdags/subdag.py took 0.024 seconds
[2025-06-09T11:42:30.263+0200] {processor.py:161} INFO - Started process (PID=11309) to work on /home/ccd/airflow_venv/lib/python3.10/site-packages/airflow/example_dags/subdags/subdag.py
[2025-06-09T11:42:30.274+0200] {processor.py:830} INFO - Processing file /home/ccd/airflow_venv/lib/python3.10/site-packages/airflow/example_dags/subdags/subdag.py for tasks to queue
[2025-06-09T11:42:30.275+0200] {logging_mixin.py:188} INFO - [2025-06-09T11:42:30.275+0200] {dagbag.py:540} INFO - Filling up the DagBag from /home/ccd/airflow_venv/lib/python3.10/site-packages/airflow/example_dags/subdags/subdag.py
[2025-06-09T11:42:30.276+0200] {processor.py:842} WARNING - No viable dags retrieved from /home/ccd/airflow_venv/lib/python3.10/site-packages/airflow/example_dags/subdags/subdag.py
[2025-06-09T11:42:30.284+0200] {processor.py:183} INFO - Processing /home/ccd/airflow_venv/lib/python3.10/site-packages/airflow/example_dags/subdags/subdag.py took 0.026 seconds
[2025-06-09T11:43:26.587+0200] {processor.py:161} INFO - Started process (PID=11678) to work on /home/ccd/airflow_venv/lib/python3.10/site-packages/airflow/example_dags/subdags/subdag.py
[2025-06-09T11:43:26.598+0200] {processor.py:830} INFO - Processing file /home/ccd/airflow_venv/lib/python3.10/site-packages/airflow/example_dags/subdags/subdag.py for tasks to queue
[2025-06-09T11:43:26.599+0200] {logging_mixin.py:188} INFO - [2025-06-09T11:43:26.599+0200] {dagbag.py:540} INFO - Filling up the DagBag from /home/ccd/airflow_venv/lib/python3.10/site-packages/airflow/example_dags/subdags/subdag.py
[2025-06-09T11:43:26.600+0200] {processor.py:842} WARNING - No viable dags retrieved from /home/ccd/airflow_venv/lib/python3.10/site-packages/airflow/example_dags/subdags/subdag.py
[2025-06-09T11:43:26.609+0200] {processor.py:183} INFO - Processing /home/ccd/airflow_venv/lib/python3.10/site-packages/airflow/example_dags/subdags/subdag.py took 0.026 seconds
[2025-06-09T11:44:26.932+0200] {processor.py:161} INFO - Started process (PID=12064) to work on /home/ccd/airflow_venv/lib/python3.10/site-packages/airflow/example_dags/subdags/subdag.py
[2025-06-09T11:44:26.943+0200] {processor.py:830} INFO - Processing file /home/ccd/airflow_venv/lib/python3.10/site-packages/airflow/example_dags/subdags/subdag.py for tasks to queue
[2025-06-09T11:44:26.944+0200] {logging_mixin.py:188} INFO - [2025-06-09T11:44:26.944+0200] {dagbag.py:540} INFO - Filling up the DagBag from /home/ccd/airflow_venv/lib/python3.10/site-packages/airflow/example_dags/subdags/subdag.py
[2025-06-09T11:44:26.946+0200] {processor.py:842} WARNING - No viable dags retrieved from /home/ccd/airflow_venv/lib/python3.10/site-packages/airflow/example_dags/subdags/subdag.py
[2025-06-09T11:44:26.952+0200] {processor.py:183} INFO - Processing /home/ccd/airflow_venv/lib/python3.10/site-packages/airflow/example_dags/subdags/subdag.py took 0.024 seconds
[2025-06-09T11:45:18.631+0200] {processor.py:161} INFO - Started process (PID=12367) to work on /home/ccd/airflow_venv/lib/python3.10/site-packages/airflow/example_dags/subdags/subdag.py
[2025-06-09T11:45:18.642+0200] {processor.py:830} INFO - Processing file /home/ccd/airflow_venv/lib/python3.10/site-packages/airflow/example_dags/subdags/subdag.py for tasks to queue
[2025-06-09T11:45:18.643+0200] {logging_mixin.py:188} INFO - [2025-06-09T11:45:18.643+0200] {dagbag.py:540} INFO - Filling up the DagBag from /home/ccd/airflow_venv/lib/python3.10/site-packages/airflow/example_dags/subdags/subdag.py
[2025-06-09T11:45:18.645+0200] {processor.py:842} WARNING - No viable dags retrieved from /home/ccd/airflow_venv/lib/python3.10/site-packages/airflow/example_dags/subdags/subdag.py
[2025-06-09T11:45:18.652+0200] {processor.py:183} INFO - Processing /home/ccd/airflow_venv/lib/python3.10/site-packages/airflow/example_dags/subdags/subdag.py took 0.024 seconds
[2025-06-09T11:46:34.246+0200] {processor.py:161} INFO - Started process (PID=13686) to work on /home/ccd/airflow_venv/lib/python3.10/site-packages/airflow/example_dags/subdags/subdag.py
[2025-06-09T11:46:34.250+0200] {processor.py:830} INFO - Processing file /home/ccd/airflow_venv/lib/python3.10/site-packages/airflow/example_dags/subdags/subdag.py for tasks to queue
[2025-06-09T11:46:34.251+0200] {logging_mixin.py:188} INFO - [2025-06-09T11:46:34.251+0200] {dagbag.py:540} INFO - Filling up the DagBag from /home/ccd/airflow_venv/lib/python3.10/site-packages/airflow/example_dags/subdags/subdag.py
[2025-06-09T11:46:34.252+0200] {processor.py:842} WARNING - No viable dags retrieved from /home/ccd/airflow_venv/lib/python3.10/site-packages/airflow/example_dags/subdags/subdag.py
[2025-06-09T11:46:34.260+0200] {processor.py:183} INFO - Processing /home/ccd/airflow_venv/lib/python3.10/site-packages/airflow/example_dags/subdags/subdag.py took 0.019 seconds
[2025-06-09T11:47:33.122+0200] {processor.py:161} INFO - Started process (PID=14046) to work on /home/ccd/airflow_venv/lib/python3.10/site-packages/airflow/example_dags/subdags/subdag.py
[2025-06-09T11:47:33.124+0200] {processor.py:830} INFO - Processing file /home/ccd/airflow_venv/lib/python3.10/site-packages/airflow/example_dags/subdags/subdag.py for tasks to queue
[2025-06-09T11:47:33.125+0200] {logging_mixin.py:188} INFO - [2025-06-09T11:47:33.125+0200] {dagbag.py:540} INFO - Filling up the DagBag from /home/ccd/airflow_venv/lib/python3.10/site-packages/airflow/example_dags/subdags/subdag.py
[2025-06-09T11:47:33.127+0200] {processor.py:842} WARNING - No viable dags retrieved from /home/ccd/airflow_venv/lib/python3.10/site-packages/airflow/example_dags/subdags/subdag.py
[2025-06-09T11:47:33.133+0200] {processor.py:183} INFO - Processing /home/ccd/airflow_venv/lib/python3.10/site-packages/airflow/example_dags/subdags/subdag.py took 0.017 seconds
[2025-06-09T11:48:32.455+0200] {processor.py:161} INFO - Started process (PID=14473) to work on /home/ccd/airflow_venv/lib/python3.10/site-packages/airflow/example_dags/subdags/subdag.py
[2025-06-09T11:48:32.466+0200] {processor.py:830} INFO - Processing file /home/ccd/airflow_venv/lib/python3.10/site-packages/airflow/example_dags/subdags/subdag.py for tasks to queue
[2025-06-09T11:48:32.468+0200] {logging_mixin.py:188} INFO - [2025-06-09T11:48:32.467+0200] {dagbag.py:540} INFO - Filling up the DagBag from /home/ccd/airflow_venv/lib/python3.10/site-packages/airflow/example_dags/subdags/subdag.py
[2025-06-09T11:48:32.469+0200] {processor.py:842} WARNING - No viable dags retrieved from /home/ccd/airflow_venv/lib/python3.10/site-packages/airflow/example_dags/subdags/subdag.py
[2025-06-09T11:48:32.475+0200] {processor.py:183} INFO - Processing /home/ccd/airflow_venv/lib/python3.10/site-packages/airflow/example_dags/subdags/subdag.py took 0.024 seconds
[2025-06-09T11:49:47.233+0200] {processor.py:161} INFO - Started process (PID=16014) to work on /home/ccd/airflow_venv/lib/python3.10/site-packages/airflow/example_dags/subdags/subdag.py
[2025-06-09T11:49:47.235+0200] {processor.py:830} INFO - Processing file /home/ccd/airflow_venv/lib/python3.10/site-packages/airflow/example_dags/subdags/subdag.py for tasks to queue
[2025-06-09T11:49:47.236+0200] {logging_mixin.py:188} INFO - [2025-06-09T11:49:47.236+0200] {dagbag.py:540} INFO - Filling up the DagBag from /home/ccd/airflow_venv/lib/python3.10/site-packages/airflow/example_dags/subdags/subdag.py
[2025-06-09T11:49:47.237+0200] {processor.py:842} WARNING - No viable dags retrieved from /home/ccd/airflow_venv/lib/python3.10/site-packages/airflow/example_dags/subdags/subdag.py
[2025-06-09T11:49:47.263+0200] {processor.py:183} INFO - Processing /home/ccd/airflow_venv/lib/python3.10/site-packages/airflow/example_dags/subdags/subdag.py took 0.034 seconds
[2025-06-09T11:51:03.909+0200] {processor.py:161} INFO - Started process (PID=17104) to work on /home/ccd/airflow_venv/lib/python3.10/site-packages/airflow/example_dags/subdags/subdag.py
[2025-06-09T11:51:03.921+0200] {processor.py:830} INFO - Processing file /home/ccd/airflow_venv/lib/python3.10/site-packages/airflow/example_dags/subdags/subdag.py for tasks to queue
[2025-06-09T11:51:03.922+0200] {logging_mixin.py:188} INFO - [2025-06-09T11:51:03.921+0200] {dagbag.py:540} INFO - Filling up the DagBag from /home/ccd/airflow_venv/lib/python3.10/site-packages/airflow/example_dags/subdags/subdag.py
[2025-06-09T11:51:03.923+0200] {processor.py:842} WARNING - No viable dags retrieved from /home/ccd/airflow_venv/lib/python3.10/site-packages/airflow/example_dags/subdags/subdag.py
[2025-06-09T11:51:03.929+0200] {processor.py:183} INFO - Processing /home/ccd/airflow_venv/lib/python3.10/site-packages/airflow/example_dags/subdags/subdag.py took 0.024 seconds
[2025-06-09T11:52:01.788+0200] {processor.py:161} INFO - Started process (PID=17494) to work on /home/ccd/airflow_venv/lib/python3.10/site-packages/airflow/example_dags/subdags/subdag.py
[2025-06-09T11:52:01.798+0200] {processor.py:830} INFO - Processing file /home/ccd/airflow_venv/lib/python3.10/site-packages/airflow/example_dags/subdags/subdag.py for tasks to queue
[2025-06-09T11:52:01.799+0200] {logging_mixin.py:188} INFO - [2025-06-09T11:52:01.799+0200] {dagbag.py:540} INFO - Filling up the DagBag from /home/ccd/airflow_venv/lib/python3.10/site-packages/airflow/example_dags/subdags/subdag.py
[2025-06-09T11:52:01.800+0200] {processor.py:842} WARNING - No viable dags retrieved from /home/ccd/airflow_venv/lib/python3.10/site-packages/airflow/example_dags/subdags/subdag.py
[2025-06-09T11:52:01.806+0200] {processor.py:183} INFO - Processing /home/ccd/airflow_venv/lib/python3.10/site-packages/airflow/example_dags/subdags/subdag.py took 0.021 seconds
[2025-06-09T11:52:53.193+0200] {processor.py:161} INFO - Started process (PID=17783) to work on /home/ccd/airflow_venv/lib/python3.10/site-packages/airflow/example_dags/subdags/subdag.py
[2025-06-09T11:52:53.204+0200] {processor.py:830} INFO - Processing file /home/ccd/airflow_venv/lib/python3.10/site-packages/airflow/example_dags/subdags/subdag.py for tasks to queue
[2025-06-09T11:52:53.205+0200] {logging_mixin.py:188} INFO - [2025-06-09T11:52:53.205+0200] {dagbag.py:540} INFO - Filling up the DagBag from /home/ccd/airflow_venv/lib/python3.10/site-packages/airflow/example_dags/subdags/subdag.py
[2025-06-09T11:52:53.207+0200] {processor.py:842} WARNING - No viable dags retrieved from /home/ccd/airflow_venv/lib/python3.10/site-packages/airflow/example_dags/subdags/subdag.py
[2025-06-09T11:52:53.214+0200] {processor.py:183} INFO - Processing /home/ccd/airflow_venv/lib/python3.10/site-packages/airflow/example_dags/subdags/subdag.py took 0.025 seconds
[2025-06-09T11:53:47.324+0200] {processor.py:161} INFO - Started process (PID=18089) to work on /home/ccd/airflow_venv/lib/python3.10/site-packages/airflow/example_dags/subdags/subdag.py
[2025-06-09T11:53:47.335+0200] {processor.py:830} INFO - Processing file /home/ccd/airflow_venv/lib/python3.10/site-packages/airflow/example_dags/subdags/subdag.py for tasks to queue
[2025-06-09T11:53:47.337+0200] {logging_mixin.py:188} INFO - [2025-06-09T11:53:47.336+0200] {dagbag.py:540} INFO - Filling up the DagBag from /home/ccd/airflow_venv/lib/python3.10/site-packages/airflow/example_dags/subdags/subdag.py
[2025-06-09T11:53:47.338+0200] {processor.py:842} WARNING - No viable dags retrieved from /home/ccd/airflow_venv/lib/python3.10/site-packages/airflow/example_dags/subdags/subdag.py
[2025-06-09T11:53:47.344+0200] {processor.py:183} INFO - Processing /home/ccd/airflow_venv/lib/python3.10/site-packages/airflow/example_dags/subdags/subdag.py took 0.024 seconds
[2025-06-09T11:54:39.149+0200] {processor.py:161} INFO - Started process (PID=18376) to work on /home/ccd/airflow_venv/lib/python3.10/site-packages/airflow/example_dags/subdags/subdag.py
[2025-06-09T11:54:39.160+0200] {processor.py:830} INFO - Processing file /home/ccd/airflow_venv/lib/python3.10/site-packages/airflow/example_dags/subdags/subdag.py for tasks to queue
[2025-06-09T11:54:39.161+0200] {logging_mixin.py:188} INFO - [2025-06-09T11:54:39.161+0200] {dagbag.py:540} INFO - Filling up the DagBag from /home/ccd/airflow_venv/lib/python3.10/site-packages/airflow/example_dags/subdags/subdag.py
[2025-06-09T11:54:39.162+0200] {processor.py:842} WARNING - No viable dags retrieved from /home/ccd/airflow_venv/lib/python3.10/site-packages/airflow/example_dags/subdags/subdag.py
[2025-06-09T11:54:39.168+0200] {processor.py:183} INFO - Processing /home/ccd/airflow_venv/lib/python3.10/site-packages/airflow/example_dags/subdags/subdag.py took 0.023 seconds
[2025-06-09T11:55:30.873+0200] {processor.py:161} INFO - Started process (PID=18681) to work on /home/ccd/airflow_venv/lib/python3.10/site-packages/airflow/example_dags/subdags/subdag.py
[2025-06-09T11:55:30.874+0200] {processor.py:830} INFO - Processing file /home/ccd/airflow_venv/lib/python3.10/site-packages/airflow/example_dags/subdags/subdag.py for tasks to queue
[2025-06-09T11:55:30.875+0200] {logging_mixin.py:188} INFO - [2025-06-09T11:55:30.875+0200] {dagbag.py:540} INFO - Filling up the DagBag from /home/ccd/airflow_venv/lib/python3.10/site-packages/airflow/example_dags/subdags/subdag.py
[2025-06-09T11:55:30.876+0200] {processor.py:842} WARNING - No viable dags retrieved from /home/ccd/airflow_venv/lib/python3.10/site-packages/airflow/example_dags/subdags/subdag.py
[2025-06-09T11:55:30.882+0200] {processor.py:183} INFO - Processing /home/ccd/airflow_venv/lib/python3.10/site-packages/airflow/example_dags/subdags/subdag.py took 0.013 seconds
[2025-06-09T11:56:21.182+0200] {processor.py:161} INFO - Started process (PID=18967) to work on /home/ccd/airflow_venv/lib/python3.10/site-packages/airflow/example_dags/subdags/subdag.py
[2025-06-09T11:56:21.193+0200] {processor.py:830} INFO - Processing file /home/ccd/airflow_venv/lib/python3.10/site-packages/airflow/example_dags/subdags/subdag.py for tasks to queue
[2025-06-09T11:56:21.194+0200] {logging_mixin.py:188} INFO - [2025-06-09T11:56:21.194+0200] {dagbag.py:540} INFO - Filling up the DagBag from /home/ccd/airflow_venv/lib/python3.10/site-packages/airflow/example_dags/subdags/subdag.py
[2025-06-09T11:56:21.195+0200] {processor.py:842} WARNING - No viable dags retrieved from /home/ccd/airflow_venv/lib/python3.10/site-packages/airflow/example_dags/subdags/subdag.py
[2025-06-09T11:56:21.202+0200] {processor.py:183} INFO - Processing /home/ccd/airflow_venv/lib/python3.10/site-packages/airflow/example_dags/subdags/subdag.py took 0.024 seconds
[2025-06-09T11:57:11.805+0200] {processor.py:161} INFO - Started process (PID=19257) to work on /home/ccd/airflow_venv/lib/python3.10/site-packages/airflow/example_dags/subdags/subdag.py
[2025-06-09T11:57:11.816+0200] {processor.py:830} INFO - Processing file /home/ccd/airflow_venv/lib/python3.10/site-packages/airflow/example_dags/subdags/subdag.py for tasks to queue
[2025-06-09T11:57:11.817+0200] {logging_mixin.py:188} INFO - [2025-06-09T11:57:11.817+0200] {dagbag.py:540} INFO - Filling up the DagBag from /home/ccd/airflow_venv/lib/python3.10/site-packages/airflow/example_dags/subdags/subdag.py
[2025-06-09T11:57:11.819+0200] {processor.py:842} WARNING - No viable dags retrieved from /home/ccd/airflow_venv/lib/python3.10/site-packages/airflow/example_dags/subdags/subdag.py
[2025-06-09T11:57:11.825+0200] {processor.py:183} INFO - Processing /home/ccd/airflow_venv/lib/python3.10/site-packages/airflow/example_dags/subdags/subdag.py took 0.024 seconds
[2025-06-09T11:58:02.599+0200] {processor.py:161} INFO - Started process (PID=19559) to work on /home/ccd/airflow_venv/lib/python3.10/site-packages/airflow/example_dags/subdags/subdag.py
[2025-06-09T11:58:02.610+0200] {processor.py:830} INFO - Processing file /home/ccd/airflow_venv/lib/python3.10/site-packages/airflow/example_dags/subdags/subdag.py for tasks to queue
[2025-06-09T11:58:02.611+0200] {logging_mixin.py:188} INFO - [2025-06-09T11:58:02.610+0200] {dagbag.py:540} INFO - Filling up the DagBag from /home/ccd/airflow_venv/lib/python3.10/site-packages/airflow/example_dags/subdags/subdag.py
[2025-06-09T11:58:02.612+0200] {processor.py:842} WARNING - No viable dags retrieved from /home/ccd/airflow_venv/lib/python3.10/site-packages/airflow/example_dags/subdags/subdag.py
[2025-06-09T11:58:02.618+0200] {processor.py:183} INFO - Processing /home/ccd/airflow_venv/lib/python3.10/site-packages/airflow/example_dags/subdags/subdag.py took 0.023 seconds
[2025-06-09T11:58:54.397+0200] {processor.py:161} INFO - Started process (PID=19844) to work on /home/ccd/airflow_venv/lib/python3.10/site-packages/airflow/example_dags/subdags/subdag.py
[2025-06-09T11:58:54.400+0200] {processor.py:830} INFO - Processing file /home/ccd/airflow_venv/lib/python3.10/site-packages/airflow/example_dags/subdags/subdag.py for tasks to queue
[2025-06-09T11:58:54.401+0200] {logging_mixin.py:188} INFO - [2025-06-09T11:58:54.401+0200] {dagbag.py:540} INFO - Filling up the DagBag from /home/ccd/airflow_venv/lib/python3.10/site-packages/airflow/example_dags/subdags/subdag.py
[2025-06-09T11:58:54.402+0200] {processor.py:842} WARNING - No viable dags retrieved from /home/ccd/airflow_venv/lib/python3.10/site-packages/airflow/example_dags/subdags/subdag.py
[2025-06-09T11:58:54.409+0200] {processor.py:183} INFO - Processing /home/ccd/airflow_venv/lib/python3.10/site-packages/airflow/example_dags/subdags/subdag.py took 0.016 seconds
[2025-06-09T11:59:46.552+0200] {processor.py:161} INFO - Started process (PID=20229) to work on /home/ccd/airflow_venv/lib/python3.10/site-packages/airflow/example_dags/subdags/subdag.py
[2025-06-09T11:59:46.554+0200] {processor.py:830} INFO - Processing file /home/ccd/airflow_venv/lib/python3.10/site-packages/airflow/example_dags/subdags/subdag.py for tasks to queue
[2025-06-09T11:59:46.557+0200] {logging_mixin.py:188} INFO - [2025-06-09T11:59:46.555+0200] {dagbag.py:540} INFO - Filling up the DagBag from /home/ccd/airflow_venv/lib/python3.10/site-packages/airflow/example_dags/subdags/subdag.py
[2025-06-09T11:59:46.558+0200] {processor.py:842} WARNING - No viable dags retrieved from /home/ccd/airflow_venv/lib/python3.10/site-packages/airflow/example_dags/subdags/subdag.py
[2025-06-09T11:59:46.566+0200] {processor.py:183} INFO - Processing /home/ccd/airflow_venv/lib/python3.10/site-packages/airflow/example_dags/subdags/subdag.py took 0.018 seconds
[2025-06-09T12:00:38.851+0200] {processor.py:161} INFO - Started process (PID=20615) to work on /home/ccd/airflow_venv/lib/python3.10/site-packages/airflow/example_dags/subdags/subdag.py
[2025-06-09T12:00:38.863+0200] {processor.py:830} INFO - Processing file /home/ccd/airflow_venv/lib/python3.10/site-packages/airflow/example_dags/subdags/subdag.py for tasks to queue
[2025-06-09T12:00:38.864+0200] {logging_mixin.py:188} INFO - [2025-06-09T12:00:38.863+0200] {dagbag.py:540} INFO - Filling up the DagBag from /home/ccd/airflow_venv/lib/python3.10/site-packages/airflow/example_dags/subdags/subdag.py
[2025-06-09T12:00:38.865+0200] {processor.py:842} WARNING - No viable dags retrieved from /home/ccd/airflow_venv/lib/python3.10/site-packages/airflow/example_dags/subdags/subdag.py
[2025-06-09T12:00:38.873+0200] {processor.py:183} INFO - Processing /home/ccd/airflow_venv/lib/python3.10/site-packages/airflow/example_dags/subdags/subdag.py took 0.025 seconds
[2025-06-09T12:01:30.641+0200] {processor.py:161} INFO - Started process (PID=20954) to work on /home/ccd/airflow_venv/lib/python3.10/site-packages/airflow/example_dags/subdags/subdag.py
[2025-06-09T12:01:30.653+0200] {processor.py:830} INFO - Processing file /home/ccd/airflow_venv/lib/python3.10/site-packages/airflow/example_dags/subdags/subdag.py for tasks to queue
[2025-06-09T12:01:30.655+0200] {logging_mixin.py:188} INFO - [2025-06-09T12:01:30.654+0200] {dagbag.py:540} INFO - Filling up the DagBag from /home/ccd/airflow_venv/lib/python3.10/site-packages/airflow/example_dags/subdags/subdag.py
[2025-06-09T12:01:30.656+0200] {processor.py:842} WARNING - No viable dags retrieved from /home/ccd/airflow_venv/lib/python3.10/site-packages/airflow/example_dags/subdags/subdag.py
[2025-06-09T12:01:30.662+0200] {processor.py:183} INFO - Processing /home/ccd/airflow_venv/lib/python3.10/site-packages/airflow/example_dags/subdags/subdag.py took 0.025 seconds
[2025-06-09T12:02:25.242+0200] {processor.py:161} INFO - Started process (PID=21281) to work on /home/ccd/airflow_venv/lib/python3.10/site-packages/airflow/example_dags/subdags/subdag.py
[2025-06-09T12:02:25.243+0200] {processor.py:830} INFO - Processing file /home/ccd/airflow_venv/lib/python3.10/site-packages/airflow/example_dags/subdags/subdag.py for tasks to queue
[2025-06-09T12:02:25.244+0200] {logging_mixin.py:188} INFO - [2025-06-09T12:02:25.244+0200] {dagbag.py:540} INFO - Filling up the DagBag from /home/ccd/airflow_venv/lib/python3.10/site-packages/airflow/example_dags/subdags/subdag.py
[2025-06-09T12:02:25.245+0200] {processor.py:842} WARNING - No viable dags retrieved from /home/ccd/airflow_venv/lib/python3.10/site-packages/airflow/example_dags/subdags/subdag.py
[2025-06-09T12:02:25.252+0200] {processor.py:183} INFO - Processing /home/ccd/airflow_venv/lib/python3.10/site-packages/airflow/example_dags/subdags/subdag.py took 0.016 seconds
[2025-06-09T12:03:17.125+0200] {processor.py:161} INFO - Started process (PID=21585) to work on /home/ccd/airflow_venv/lib/python3.10/site-packages/airflow/example_dags/subdags/subdag.py
[2025-06-09T12:03:17.128+0200] {processor.py:830} INFO - Processing file /home/ccd/airflow_venv/lib/python3.10/site-packages/airflow/example_dags/subdags/subdag.py for tasks to queue
[2025-06-09T12:03:17.129+0200] {logging_mixin.py:188} INFO - [2025-06-09T12:03:17.129+0200] {dagbag.py:540} INFO - Filling up the DagBag from /home/ccd/airflow_venv/lib/python3.10/site-packages/airflow/example_dags/subdags/subdag.py
[2025-06-09T12:03:17.130+0200] {processor.py:842} WARNING - No viable dags retrieved from /home/ccd/airflow_venv/lib/python3.10/site-packages/airflow/example_dags/subdags/subdag.py
[2025-06-09T12:03:17.136+0200] {processor.py:183} INFO - Processing /home/ccd/airflow_venv/lib/python3.10/site-packages/airflow/example_dags/subdags/subdag.py took 0.016 seconds
[2025-06-09T12:05:56.585+0200] {processor.py:161} INFO - Started process (PID=24466) to work on /home/ccd/airflow_venv/lib/python3.10/site-packages/airflow/example_dags/subdags/subdag.py
[2025-06-09T12:05:56.597+0200] {processor.py:830} INFO - Processing file /home/ccd/airflow_venv/lib/python3.10/site-packages/airflow/example_dags/subdags/subdag.py for tasks to queue
[2025-06-09T12:05:56.598+0200] {logging_mixin.py:188} INFO - [2025-06-09T12:05:56.597+0200] {dagbag.py:540} INFO - Filling up the DagBag from /home/ccd/airflow_venv/lib/python3.10/site-packages/airflow/example_dags/subdags/subdag.py
[2025-06-09T12:05:56.599+0200] {processor.py:842} WARNING - No viable dags retrieved from /home/ccd/airflow_venv/lib/python3.10/site-packages/airflow/example_dags/subdags/subdag.py
[2025-06-09T12:05:56.606+0200] {processor.py:183} INFO - Processing /home/ccd/airflow_venv/lib/python3.10/site-packages/airflow/example_dags/subdags/subdag.py took 0.026 seconds
[2025-06-09T12:06:55.214+0200] {processor.py:161} INFO - Started process (PID=24843) to work on /home/ccd/airflow_venv/lib/python3.10/site-packages/airflow/example_dags/subdags/subdag.py
[2025-06-09T12:06:55.225+0200] {processor.py:830} INFO - Processing file /home/ccd/airflow_venv/lib/python3.10/site-packages/airflow/example_dags/subdags/subdag.py for tasks to queue
[2025-06-09T12:06:55.226+0200] {logging_mixin.py:188} INFO - [2025-06-09T12:06:55.226+0200] {dagbag.py:540} INFO - Filling up the DagBag from /home/ccd/airflow_venv/lib/python3.10/site-packages/airflow/example_dags/subdags/subdag.py
[2025-06-09T12:06:55.227+0200] {processor.py:842} WARNING - No viable dags retrieved from /home/ccd/airflow_venv/lib/python3.10/site-packages/airflow/example_dags/subdags/subdag.py
[2025-06-09T12:06:55.234+0200] {processor.py:183} INFO - Processing /home/ccd/airflow_venv/lib/python3.10/site-packages/airflow/example_dags/subdags/subdag.py took 0.024 seconds
[2025-06-09T12:08:01.433+0200] {processor.py:161} INFO - Started process (PID=25461) to work on /home/ccd/airflow_venv/lib/python3.10/site-packages/airflow/example_dags/subdags/subdag.py
[2025-06-09T12:08:01.444+0200] {processor.py:830} INFO - Processing file /home/ccd/airflow_venv/lib/python3.10/site-packages/airflow/example_dags/subdags/subdag.py for tasks to queue
[2025-06-09T12:08:01.446+0200] {logging_mixin.py:188} INFO - [2025-06-09T12:08:01.445+0200] {dagbag.py:540} INFO - Filling up the DagBag from /home/ccd/airflow_venv/lib/python3.10/site-packages/airflow/example_dags/subdags/subdag.py
[2025-06-09T12:08:01.447+0200] {processor.py:842} WARNING - No viable dags retrieved from /home/ccd/airflow_venv/lib/python3.10/site-packages/airflow/example_dags/subdags/subdag.py
[2025-06-09T12:08:01.455+0200] {processor.py:183} INFO - Processing /home/ccd/airflow_venv/lib/python3.10/site-packages/airflow/example_dags/subdags/subdag.py took 0.027 seconds
[2025-06-09T12:08:54.629+0200] {processor.py:161} INFO - Started process (PID=25796) to work on /home/ccd/airflow_venv/lib/python3.10/site-packages/airflow/example_dags/subdags/subdag.py
[2025-06-09T12:08:54.631+0200] {processor.py:830} INFO - Processing file /home/ccd/airflow_venv/lib/python3.10/site-packages/airflow/example_dags/subdags/subdag.py for tasks to queue
[2025-06-09T12:08:54.632+0200] {logging_mixin.py:188} INFO - [2025-06-09T12:08:54.631+0200] {dagbag.py:540} INFO - Filling up the DagBag from /home/ccd/airflow_venv/lib/python3.10/site-packages/airflow/example_dags/subdags/subdag.py
[2025-06-09T12:08:54.633+0200] {processor.py:842} WARNING - No viable dags retrieved from /home/ccd/airflow_venv/lib/python3.10/site-packages/airflow/example_dags/subdags/subdag.py
[2025-06-09T12:08:54.639+0200] {processor.py:183} INFO - Processing /home/ccd/airflow_venv/lib/python3.10/site-packages/airflow/example_dags/subdags/subdag.py took 0.013 seconds
[2025-06-09T12:09:47.944+0200] {processor.py:161} INFO - Started process (PID=26329) to work on /home/ccd/airflow_venv/lib/python3.10/site-packages/airflow/example_dags/subdags/subdag.py
[2025-06-09T12:09:47.947+0200] {processor.py:830} INFO - Processing file /home/ccd/airflow_venv/lib/python3.10/site-packages/airflow/example_dags/subdags/subdag.py for tasks to queue
[2025-06-09T12:09:47.948+0200] {logging_mixin.py:188} INFO - [2025-06-09T12:09:47.948+0200] {dagbag.py:540} INFO - Filling up the DagBag from /home/ccd/airflow_venv/lib/python3.10/site-packages/airflow/example_dags/subdags/subdag.py
[2025-06-09T12:09:47.950+0200] {processor.py:842} WARNING - No viable dags retrieved from /home/ccd/airflow_venv/lib/python3.10/site-packages/airflow/example_dags/subdags/subdag.py
[2025-06-09T12:09:47.956+0200] {processor.py:183} INFO - Processing /home/ccd/airflow_venv/lib/python3.10/site-packages/airflow/example_dags/subdags/subdag.py took 0.016 seconds
