[2025-06-09T19:02:29.459+0200] {local_task_job_runner.py:120} INFO - ::group::Pre task execution logs
[2025-06-09T19:02:29.478+0200] {taskinstance.py:2073} INFO - Dependencies all met for dep_context=non-requeueable deps ti=<TaskInstance: backfill_pollution_weather_dag.format_backfill_all_data manual__2025-06-09T16:59:48.712184+00:00 [queued]>
[2025-06-09T19:02:29.484+0200] {taskinstance.py:2073} INFO - Dependencies all met for dep_context=requeueable deps ti=<TaskInstance: backfill_pollution_weather_dag.format_backfill_all_data manual__2025-06-09T16:59:48.712184+00:00 [queued]>
[2025-06-09T19:02:29.485+0200] {taskinstance.py:2303} INFO - Starting attempt 1 of 2
[2025-06-09T19:02:29.508+0200] {taskinstance.py:2327} INFO - Executing <Task(PythonOperator): format_backfill_all_data> on 2025-06-09 16:59:48.712184+00:00
[2025-06-09T19:02:29.514+0200] {standard_task_runner.py:63} INFO - Started process 190603 to run task
[2025-06-09T19:02:29.520+0200] {standard_task_runner.py:90} INFO - Running: ['airflow', 'tasks', 'run', 'backfill_pollution_weather_dag', 'format_backfill_all_data', 'manual__2025-06-09T16:59:48.712184+00:00', '--job-id', '437', '--raw', '--subdir', 'DAGS_FOLDER/backfill_dag.py', '--cfg-path', '/tmp/tmpxv13c5hg']
[2025-06-09T19:02:29.521+0200] {standard_task_runner.py:91} INFO - Job 437: Subtask format_backfill_all_data
[2025-06-09T19:02:29.565+0200] {task_command.py:426} INFO - Running <TaskInstance: backfill_pollution_weather_dag.format_backfill_all_data manual__2025-06-09T16:59:48.712184+00:00 [running]> on host DESKTOP-2QS8J6D.
[2025-06-09T19:02:29.647+0200] {taskinstance.py:2644} INFO - Exporting env vars: AIRFLOW_CTX_DAG_OWNER='airflow' AIRFLOW_CTX_DAG_ID='backfill_pollution_weather_dag' AIRFLOW_CTX_TASK_ID='format_backfill_all_data' AIRFLOW_CTX_EXECUTION_DATE='2025-06-09T16:59:48.712184+00:00' AIRFLOW_CTX_TRY_NUMBER='1' AIRFLOW_CTX_DAG_RUN_ID='manual__2025-06-09T16:59:48.712184+00:00'
[2025-06-09T19:02:29.648+0200] {taskinstance.py:430} INFO - ::endgroup::
[2025-06-09T19:02:42.990+0200] {logging_mixin.py:188} INFO - [CITY] Processing: istanbul
[2025-06-09T19:02:42.991+0200] {logging_mixin.py:188} INFO - [CITY] Processing: moscow
[2025-06-09T19:02:42.992+0200] {logging_mixin.py:188} INFO - [CITY] Processing: london
[2025-06-09T19:02:42.992+0200] {logging_mixin.py:188} INFO - [CITY] Processing: saint_petersburg
[2025-06-09T19:02:52.143+0200] {logging_mixin.py:188} INFO - [OK] Pollution written: /home/ccd/airflow/data/formatted/pollution/saint_petersburg/2024-06-01
[2025-06-09T19:02:52.149+0200] {logging_mixin.py:188} INFO - [OK] Pollution written: /home/ccd/airflow/data/formatted/pollution/london/2024-06-01
[2025-06-09T19:02:52.383+0200] {logging_mixin.py:188} INFO - [OK] Pollution written: /home/ccd/airflow/data/formatted/pollution/istanbul/2024-06-01
[2025-06-09T19:02:53.077+0200] {logging_mixin.py:188} INFO - [OK] Pollution written: /home/ccd/airflow/data/formatted/pollution/moscow/2024-06-01
[2025-06-09T19:02:53.737+0200] {logging_mixin.py:188} INFO - [OK] Pollution written: /home/ccd/airflow/data/formatted/pollution/london/2024-06-02
[2025-06-09T19:02:54.236+0200] {logging_mixin.py:188} INFO - [OK] Pollution written: /home/ccd/airflow/data/formatted/pollution/saint_petersburg/2024-06-02
[2025-06-09T19:02:54.656+0200] {logging_mixin.py:188} INFO - [OK] Pollution written: /home/ccd/airflow/data/formatted/pollution/istanbul/2024-06-02
[2025-06-09T19:02:55.174+0200] {logging_mixin.py:188} INFO - [OK] Pollution written: /home/ccd/airflow/data/formatted/pollution/moscow/2024-06-02
[2025-06-09T19:02:55.560+0200] {logging_mixin.py:188} INFO - [OK] Pollution written: /home/ccd/airflow/data/formatted/pollution/london/2024-06-03
[2025-06-09T19:02:55.912+0200] {logging_mixin.py:188} INFO - [OK] Pollution written: /home/ccd/airflow/data/formatted/pollution/saint_petersburg/2024-06-03
[2025-06-09T19:02:56.491+0200] {logging_mixin.py:188} INFO - [OK] Pollution written: /home/ccd/airflow/data/formatted/pollution/istanbul/2024-06-03
[2025-06-09T19:02:57.157+0200] {logging_mixin.py:188} INFO - [OK] Pollution written: /home/ccd/airflow/data/formatted/pollution/moscow/2024-06-03
[2025-06-09T19:02:57.650+0200] {logging_mixin.py:188} INFO - [OK] Pollution written: /home/ccd/airflow/data/formatted/pollution/london/2024-06-04
[2025-06-09T19:02:58.666+0200] {logging_mixin.py:188} INFO - [OK] Pollution written: /home/ccd/airflow/data/formatted/pollution/saint_petersburg/2024-06-04
[2025-06-09T19:02:59.382+0200] {logging_mixin.py:188} INFO - [OK] Pollution written: /home/ccd/airflow/data/formatted/pollution/istanbul/2024-06-04
[2025-06-09T19:03:00.046+0200] {logging_mixin.py:188} INFO - [OK] Pollution written: /home/ccd/airflow/data/formatted/pollution/moscow/2024-06-04
[2025-06-09T19:03:00.863+0200] {logging_mixin.py:188} INFO - [OK] Pollution written: /home/ccd/airflow/data/formatted/pollution/london/2024-06-05
[2025-06-09T19:03:01.563+0200] {logging_mixin.py:188} INFO - [OK] Pollution written: /home/ccd/airflow/data/formatted/pollution/saint_petersburg/2024-06-05
[2025-06-09T19:03:02.500+0200] {logging_mixin.py:188} INFO - [OK] Pollution written: /home/ccd/airflow/data/formatted/pollution/istanbul/2024-06-05
[2025-06-09T19:03:03.052+0200] {logging_mixin.py:188} INFO - [OK] Pollution written: /home/ccd/airflow/data/formatted/pollution/moscow/2024-06-05
[2025-06-09T19:03:04.039+0200] {logging_mixin.py:188} INFO - [OK] Pollution written: /home/ccd/airflow/data/formatted/pollution/london/2024-06-06
[2025-06-09T19:03:05.415+0200] {logging_mixin.py:188} INFO - [OK] Pollution written: /home/ccd/airflow/data/formatted/pollution/saint_petersburg/2024-06-06
[2025-06-09T19:03:05.810+0200] {logging_mixin.py:188} INFO - [OK] Pollution written: /home/ccd/airflow/data/formatted/pollution/istanbul/2024-06-06
[2025-06-09T19:03:06.827+0200] {logging_mixin.py:188} INFO - [OK] Pollution written: /home/ccd/airflow/data/formatted/pollution/moscow/2024-06-06
[2025-06-09T19:03:08.139+0200] {logging_mixin.py:188} INFO - [OK] Pollution written: /home/ccd/airflow/data/formatted/pollution/london/2024-06-07
[2025-06-09T19:03:08.703+0200] {logging_mixin.py:188} INFO - [OK] Pollution written: /home/ccd/airflow/data/formatted/pollution/saint_petersburg/2024-06-07
[2025-06-09T19:03:09.815+0200] {logging_mixin.py:188} INFO - [OK] Pollution written: /home/ccd/airflow/data/formatted/pollution/istanbul/2024-06-07
[2025-06-09T19:03:10.738+0200] {logging_mixin.py:188} INFO - [OK] Pollution written: /home/ccd/airflow/data/formatted/pollution/moscow/2024-06-07
[2025-06-09T19:03:11.836+0200] {logging_mixin.py:188} INFO - [OK] Pollution written: /home/ccd/airflow/data/formatted/pollution/london/2024-06-08
[2025-06-09T19:03:12.532+0200] {logging_mixin.py:188} INFO - [OK] Pollution written: /home/ccd/airflow/data/formatted/pollution/saint_petersburg/2024-06-08
[2025-06-09T19:03:13.603+0200] {logging_mixin.py:188} INFO - [OK] Pollution written: /home/ccd/airflow/data/formatted/pollution/istanbul/2024-06-08
[2025-06-09T19:03:14.433+0200] {logging_mixin.py:188} INFO - [OK] Pollution written: /home/ccd/airflow/data/formatted/pollution/moscow/2024-06-08
[2025-06-09T19:03:15.158+0200] {logging_mixin.py:188} INFO - [OK] Pollution written: /home/ccd/airflow/data/formatted/pollution/london/2024-06-09
[2025-06-09T19:03:15.862+0200] {logging_mixin.py:188} INFO - [OK] Pollution written: /home/ccd/airflow/data/formatted/pollution/saint_petersburg/2024-06-09
[2025-06-09T19:03:16.552+0200] {logging_mixin.py:188} INFO - [OK] Pollution written: /home/ccd/airflow/data/formatted/pollution/istanbul/2024-06-09
[2025-06-09T19:03:17.048+0200] {logging_mixin.py:188} INFO - [OK] Pollution written: /home/ccd/airflow/data/formatted/pollution/moscow/2024-06-09
[2025-06-09T19:03:18.025+0200] {logging_mixin.py:188} INFO - [OK] Pollution written: /home/ccd/airflow/data/formatted/pollution/london/2024-06-10
[2025-06-09T19:03:18.588+0200] {logging_mixin.py:188} INFO - [OK] Pollution written: /home/ccd/airflow/data/formatted/pollution/saint_petersburg/2024-06-10
[2025-06-09T19:03:19.196+0200] {logging_mixin.py:188} INFO - [OK] Pollution written: /home/ccd/airflow/data/formatted/pollution/istanbul/2024-06-10
[2025-06-09T19:03:19.900+0200] {logging_mixin.py:188} INFO - [OK] Pollution written: /home/ccd/airflow/data/formatted/pollution/moscow/2024-06-10
[2025-06-09T19:03:20.891+0200] {logging_mixin.py:188} INFO - [OK] Pollution written: /home/ccd/airflow/data/formatted/pollution/london/2024-06-11
[2025-06-09T19:03:21.777+0200] {logging_mixin.py:188} INFO - [OK] Pollution written: /home/ccd/airflow/data/formatted/pollution/saint_petersburg/2024-06-11
[2025-06-09T19:03:22.215+0200] {logging_mixin.py:188} INFO - [OK] Pollution written: /home/ccd/airflow/data/formatted/pollution/istanbul/2024-06-11
[2025-06-09T19:03:22.660+0200] {logging_mixin.py:188} INFO - [OK] Pollution written: /home/ccd/airflow/data/formatted/pollution/moscow/2024-06-11
[2025-06-09T19:03:24.398+0200] {logging_mixin.py:188} INFO - [OK] Pollution written: /home/ccd/airflow/data/formatted/pollution/london/2024-06-12
[2025-06-09T19:03:25.086+0200] {logging_mixin.py:188} INFO - [OK] Pollution written: /home/ccd/airflow/data/formatted/pollution/saint_petersburg/2024-06-12
[2025-06-09T19:03:25.794+0200] {logging_mixin.py:188} INFO - [OK] Pollution written: /home/ccd/airflow/data/formatted/pollution/istanbul/2024-06-12
[2025-06-09T19:03:26.656+0200] {logging_mixin.py:188} INFO - [OK] Pollution written: /home/ccd/airflow/data/formatted/pollution/moscow/2024-06-12
[2025-06-09T19:03:27.795+0200] {logging_mixin.py:188} INFO - [OK] Pollution written: /home/ccd/airflow/data/formatted/pollution/london/2024-06-13
[2025-06-09T19:03:28.435+0200] {logging_mixin.py:188} INFO - [OK] Pollution written: /home/ccd/airflow/data/formatted/pollution/saint_petersburg/2024-06-13
[2025-06-09T19:03:28.774+0200] {logging_mixin.py:188} INFO - [OK] Pollution written: /home/ccd/airflow/data/formatted/pollution/istanbul/2024-06-13
[2025-06-09T19:03:29.217+0200] {logging_mixin.py:188} INFO - [OK] Pollution written: /home/ccd/airflow/data/formatted/pollution/moscow/2024-06-13
[2025-06-09T19:03:29.721+0200] {logging_mixin.py:188} INFO - [OK] Pollution written: /home/ccd/airflow/data/formatted/pollution/london/2024-06-14
[2025-06-09T19:03:30.118+0200] {logging_mixin.py:188} INFO - [OK] Pollution written: /home/ccd/airflow/data/formatted/pollution/saint_petersburg/2024-06-14
[2025-06-09T19:03:30.667+0200] {logging_mixin.py:188} INFO - [OK] Pollution written: /home/ccd/airflow/data/formatted/pollution/istanbul/2024-06-14
[2025-06-09T19:03:31.255+0200] {logging_mixin.py:188} INFO - [OK] Pollution written: /home/ccd/airflow/data/formatted/pollution/moscow/2024-06-14
[2025-06-09T19:03:31.795+0200] {logging_mixin.py:188} INFO - [OK] Pollution written: /home/ccd/airflow/data/formatted/pollution/london/2024-06-15
[2025-06-09T19:03:32.386+0200] {logging_mixin.py:188} INFO - [OK] Pollution written: /home/ccd/airflow/data/formatted/pollution/saint_petersburg/2024-06-15
[2025-06-09T19:03:33.024+0200] {logging_mixin.py:188} INFO - [OK] Pollution written: /home/ccd/airflow/data/formatted/pollution/istanbul/2024-06-15
[2025-06-09T19:03:33.557+0200] {logging_mixin.py:188} INFO - [OK] Pollution written: /home/ccd/airflow/data/formatted/pollution/moscow/2024-06-15
[2025-06-09T19:03:35.391+0200] {logging_mixin.py:188} INFO - [OK] Pollution written: /home/ccd/airflow/data/formatted/pollution/london/2024-06-16
[2025-06-09T19:03:36.069+0200] {logging_mixin.py:188} INFO - [OK] Pollution written: /home/ccd/airflow/data/formatted/pollution/saint_petersburg/2024-06-16
[2025-06-09T19:03:37.108+0200] {logging_mixin.py:188} INFO - [OK] Pollution written: /home/ccd/airflow/data/formatted/pollution/istanbul/2024-06-16
[2025-06-09T19:03:38.152+0200] {logging_mixin.py:188} INFO - [OK] Pollution written: /home/ccd/airflow/data/formatted/pollution/moscow/2024-06-17
[2025-06-09T19:03:39.104+0200] {logging_mixin.py:188} INFO - [OK] Pollution written: /home/ccd/airflow/data/formatted/pollution/london/2024-06-17
[2025-06-09T19:03:40.565+0200] {logging_mixin.py:188} INFO - [OK] Pollution written: /home/ccd/airflow/data/formatted/pollution/saint_petersburg/2024-06-17
[2025-06-09T19:03:41.493+0200] {logging_mixin.py:188} INFO - [OK] Pollution written: /home/ccd/airflow/data/formatted/pollution/istanbul/2024-06-17
[2025-06-09T19:03:42.551+0200] {logging_mixin.py:188} INFO - [OK] Pollution written: /home/ccd/airflow/data/formatted/pollution/moscow/2024-06-18
[2025-06-09T19:03:43.571+0200] {logging_mixin.py:188} INFO - [OK] Pollution written: /home/ccd/airflow/data/formatted/pollution/london/2024-06-18
[2025-06-09T19:03:44.527+0200] {logging_mixin.py:188} INFO - [OK] Pollution written: /home/ccd/airflow/data/formatted/pollution/saint_petersburg/2024-06-18
[2025-06-09T19:03:45.173+0200] {logging_mixin.py:188} INFO - [OK] Pollution written: /home/ccd/airflow/data/formatted/pollution/istanbul/2024-06-18
[2025-06-09T19:03:46.034+0200] {logging_mixin.py:188} INFO - [OK] Pollution written: /home/ccd/airflow/data/formatted/pollution/moscow/2024-06-19
[2025-06-09T19:03:47.654+0200] {logging_mixin.py:188} INFO - [OK] Pollution written: /home/ccd/airflow/data/formatted/pollution/london/2024-06-19
[2025-06-09T19:03:48.517+0200] {logging_mixin.py:188} INFO - [OK] Pollution written: /home/ccd/airflow/data/formatted/pollution/saint_petersburg/2024-06-19
[2025-06-09T19:03:49.444+0200] {logging_mixin.py:188} INFO - [OK] Pollution written: /home/ccd/airflow/data/formatted/pollution/istanbul/2024-06-19
[2025-06-09T19:03:50.235+0200] {logging_mixin.py:188} INFO - [OK] Pollution written: /home/ccd/airflow/data/formatted/pollution/moscow/2024-06-20
[2025-06-09T19:03:51.116+0200] {logging_mixin.py:188} INFO - [OK] Pollution written: /home/ccd/airflow/data/formatted/pollution/london/2024-06-20
[2025-06-09T19:03:51.511+0200] {logging_mixin.py:188} INFO - [OK] Pollution written: /home/ccd/airflow/data/formatted/pollution/saint_petersburg/2024-06-20
[2025-06-09T19:03:52.188+0200] {logging_mixin.py:188} INFO - [OK] Pollution written: /home/ccd/airflow/data/formatted/pollution/istanbul/2024-06-20
[2025-06-09T19:03:52.850+0200] {logging_mixin.py:188} INFO - [OK] Pollution written: /home/ccd/airflow/data/formatted/pollution/moscow/2024-06-21
[2025-06-09T19:03:53.353+0200] {logging_mixin.py:188} INFO - [OK] Pollution written: /home/ccd/airflow/data/formatted/pollution/london/2024-06-21
[2025-06-09T19:03:53.744+0200] {logging_mixin.py:188} INFO - [OK] Pollution written: /home/ccd/airflow/data/formatted/pollution/saint_petersburg/2024-06-21
[2025-06-09T19:03:54.105+0200] {logging_mixin.py:188} INFO - [OK] Pollution written: /home/ccd/airflow/data/formatted/pollution/istanbul/2024-06-21
[2025-06-09T19:03:54.509+0200] {logging_mixin.py:188} INFO - [OK] Pollution written: /home/ccd/airflow/data/formatted/pollution/moscow/2024-06-22
[2025-06-09T19:03:54.840+0200] {logging_mixin.py:188} INFO - [OK] Pollution written: /home/ccd/airflow/data/formatted/pollution/london/2024-06-22
[2025-06-09T19:03:55.328+0200] {logging_mixin.py:188} INFO - [OK] Pollution written: /home/ccd/airflow/data/formatted/pollution/saint_petersburg/2024-06-22
[2025-06-09T19:03:55.625+0200] {logging_mixin.py:188} INFO - [OK] Pollution written: /home/ccd/airflow/data/formatted/pollution/istanbul/2024-06-22
[2025-06-09T19:03:56.076+0200] {logging_mixin.py:188} INFO - [OK] Pollution written: /home/ccd/airflow/data/formatted/pollution/moscow/2024-06-23
[2025-06-09T19:03:56.425+0200] {logging_mixin.py:188} INFO - [OK] Pollution written: /home/ccd/airflow/data/formatted/pollution/london/2024-06-23
[2025-06-09T19:03:57.379+0200] {logging_mixin.py:188} INFO - [OK] Pollution written: /home/ccd/airflow/data/formatted/pollution/saint_petersburg/2024-06-23
[2025-06-09T19:03:57.802+0200] {logging_mixin.py:188} INFO - [OK] Pollution written: /home/ccd/airflow/data/formatted/pollution/istanbul/2024-06-23
[2025-06-09T19:03:58.229+0200] {logging_mixin.py:188} INFO - [OK] Pollution written: /home/ccd/airflow/data/formatted/pollution/moscow/2024-06-24
[2025-06-09T19:03:58.650+0200] {logging_mixin.py:188} INFO - [OK] Pollution written: /home/ccd/airflow/data/formatted/pollution/london/2024-06-24
[2025-06-09T19:03:59.030+0200] {logging_mixin.py:188} INFO - [OK] Pollution written: /home/ccd/airflow/data/formatted/pollution/saint_petersburg/2024-06-24
[2025-06-09T19:03:59.348+0200] {logging_mixin.py:188} INFO - [OK] Pollution written: /home/ccd/airflow/data/formatted/pollution/istanbul/2024-06-24
[2025-06-09T19:03:59.881+0200] {logging_mixin.py:188} INFO - [OK] Pollution written: /home/ccd/airflow/data/formatted/pollution/moscow/2024-06-25
[2025-06-09T19:04:00.240+0200] {logging_mixin.py:188} INFO - [OK] Pollution written: /home/ccd/airflow/data/formatted/pollution/london/2024-06-25
[2025-06-09T19:04:00.739+0200] {logging_mixin.py:188} INFO - [OK] Pollution written: /home/ccd/airflow/data/formatted/pollution/saint_petersburg/2024-06-25
[2025-06-09T19:04:01.063+0200] {logging_mixin.py:188} INFO - [OK] Pollution written: /home/ccd/airflow/data/formatted/pollution/istanbul/2024-06-25
[2025-06-09T19:04:01.692+0200] {logging_mixin.py:188} INFO - [OK] Pollution written: /home/ccd/airflow/data/formatted/pollution/moscow/2024-06-26
[2025-06-09T19:04:02.042+0200] {logging_mixin.py:188} INFO - [OK] Pollution written: /home/ccd/airflow/data/formatted/pollution/london/2024-06-26
[2025-06-09T19:04:02.533+0200] {logging_mixin.py:188} INFO - [OK] Pollution written: /home/ccd/airflow/data/formatted/pollution/saint_petersburg/2024-06-26
[2025-06-09T19:04:03.097+0200] {logging_mixin.py:188} INFO - [OK] Pollution written: /home/ccd/airflow/data/formatted/pollution/istanbul/2024-06-26
[2025-06-09T19:04:03.743+0200] {logging_mixin.py:188} INFO - [OK] Pollution written: /home/ccd/airflow/data/formatted/pollution/moscow/2024-06-27
[2025-06-09T19:04:04.140+0200] {logging_mixin.py:188} INFO - [OK] Pollution written: /home/ccd/airflow/data/formatted/pollution/london/2024-06-27
[2025-06-09T19:04:04.419+0200] {logging_mixin.py:188} INFO - [OK] Pollution written: /home/ccd/airflow/data/formatted/pollution/saint_petersburg/2024-06-27
[2025-06-09T19:04:04.773+0200] {logging_mixin.py:188} INFO - [OK] Pollution written: /home/ccd/airflow/data/formatted/pollution/istanbul/2024-06-27
[2025-06-09T19:04:05.222+0200] {logging_mixin.py:188} INFO - [OK] Pollution written: /home/ccd/airflow/data/formatted/pollution/moscow/2024-06-28
[2025-06-09T19:04:05.640+0200] {logging_mixin.py:188} INFO - [OK] Pollution written: /home/ccd/airflow/data/formatted/pollution/london/2024-06-28
[2025-06-09T19:04:05.992+0200] {logging_mixin.py:188} INFO - [OK] Pollution written: /home/ccd/airflow/data/formatted/pollution/saint_petersburg/2024-06-28
[2025-06-09T19:04:06.445+0200] {logging_mixin.py:188} INFO - [OK] Pollution written: /home/ccd/airflow/data/formatted/pollution/istanbul/2024-06-28
[2025-06-09T19:04:06.784+0200] {logging_mixin.py:188} INFO - [OK] Pollution written: /home/ccd/airflow/data/formatted/pollution/moscow/2024-06-29
[2025-06-09T19:04:07.351+0200] {logging_mixin.py:188} INFO - [OK] Pollution written: /home/ccd/airflow/data/formatted/pollution/london/2024-06-29
[2025-06-09T19:04:07.891+0200] {logging_mixin.py:188} INFO - [OK] Pollution written: /home/ccd/airflow/data/formatted/pollution/saint_petersburg/2024-06-29
[2025-06-09T19:04:08.603+0200] {logging_mixin.py:188} INFO - [OK] Pollution written: /home/ccd/airflow/data/formatted/pollution/istanbul/2024-06-29
[2025-06-09T19:04:09.216+0200] {logging_mixin.py:188} INFO - [OK] Pollution written: /home/ccd/airflow/data/formatted/pollution/moscow/2024-06-30
[2025-06-09T19:04:09.960+0200] {logging_mixin.py:188} INFO - [OK] Pollution written: /home/ccd/airflow/data/formatted/pollution/london/2024-06-30
[2025-06-09T19:04:10.734+0200] {logging_mixin.py:188} INFO - [OK] Pollution written: /home/ccd/airflow/data/formatted/pollution/saint_petersburg/2024-06-30
[2025-06-09T19:04:11.253+0200] {logging_mixin.py:188} INFO - [OK] Pollution written: /home/ccd/airflow/data/formatted/pollution/istanbul/2024-06-30
[2025-06-09T19:04:11.958+0200] {logging_mixin.py:188} INFO - [OK] Pollution written: /home/ccd/airflow/data/formatted/pollution/moscow/2024-07-01
[2025-06-09T19:04:12.554+0200] {logging_mixin.py:188} INFO - [OK] Pollution written: /home/ccd/airflow/data/formatted/pollution/london/2024-07-01
[2025-06-09T19:04:13.446+0200] {logging_mixin.py:188} INFO - [OK] Pollution written: /home/ccd/airflow/data/formatted/pollution/saint_petersburg/2024-07-01
[2025-06-09T19:04:14.986+0200] {logging_mixin.py:188} INFO - [OK] Pollution written: /home/ccd/airflow/data/formatted/pollution/istanbul/2024-07-01
[2025-06-09T19:04:15.640+0200] {logging_mixin.py:188} INFO - [OK] Pollution written: /home/ccd/airflow/data/formatted/pollution/moscow/2024-07-02
[2025-06-09T19:04:17.206+0200] {logging_mixin.py:188} INFO - [OK] Pollution written: /home/ccd/airflow/data/formatted/pollution/london/2024-07-02
[2025-06-09T19:04:18.399+0200] {logging_mixin.py:188} INFO - [OK] Pollution written: /home/ccd/airflow/data/formatted/pollution/saint_petersburg/2024-07-02
[2025-06-09T19:04:19.710+0200] {logging_mixin.py:188} INFO - [OK] Pollution written: /home/ccd/airflow/data/formatted/pollution/istanbul/2024-07-02
[2025-06-09T19:04:21.260+0200] {logging_mixin.py:188} INFO - [OK] Pollution written: /home/ccd/airflow/data/formatted/pollution/moscow/2024-07-03
[2025-06-09T19:04:22.545+0200] {logging_mixin.py:188} INFO - [OK] Pollution written: /home/ccd/airflow/data/formatted/pollution/london/2024-07-03
[2025-06-09T19:04:23.686+0200] {logging_mixin.py:188} INFO - [OK] Pollution written: /home/ccd/airflow/data/formatted/pollution/saint_petersburg/2024-07-03
[2025-06-09T19:04:24.331+0200] {logging_mixin.py:188} INFO - [OK] Pollution written: /home/ccd/airflow/data/formatted/pollution/istanbul/2024-07-03
[2025-06-09T19:04:24.917+0200] {logging_mixin.py:188} INFO - [OK] Pollution written: /home/ccd/airflow/data/formatted/pollution/moscow/2024-07-04
[2025-06-09T19:04:25.595+0200] {logging_mixin.py:188} INFO - [OK] Pollution written: /home/ccd/airflow/data/formatted/pollution/london/2024-07-04
[2025-06-09T19:04:26.380+0200] {logging_mixin.py:188} INFO - [OK] Pollution written: /home/ccd/airflow/data/formatted/pollution/saint_petersburg/2024-07-04
[2025-06-09T19:04:26.644+0200] {logging_mixin.py:188} INFO - [OK] Pollution written: /home/ccd/airflow/data/formatted/pollution/istanbul/2024-07-04
[2025-06-09T19:04:27.160+0200] {logging_mixin.py:188} INFO - [OK] Pollution written: /home/ccd/airflow/data/formatted/pollution/moscow/2024-07-05
[2025-06-09T19:04:27.469+0200] {logging_mixin.py:188} INFO - [OK] Pollution written: /home/ccd/airflow/data/formatted/pollution/london/2024-07-05
[2025-06-09T19:04:27.812+0200] {logging_mixin.py:188} INFO - [OK] Pollution written: /home/ccd/airflow/data/formatted/pollution/saint_petersburg/2024-07-05
[2025-06-09T19:04:28.280+0200] {logging_mixin.py:188} INFO - [OK] Pollution written: /home/ccd/airflow/data/formatted/pollution/istanbul/2024-07-05
[2025-06-09T19:04:28.651+0200] {logging_mixin.py:188} INFO - [OK] Pollution written: /home/ccd/airflow/data/formatted/pollution/moscow/2024-07-06
[2025-06-09T19:04:28.992+0200] {logging_mixin.py:188} INFO - [OK] Pollution written: /home/ccd/airflow/data/formatted/pollution/london/2024-07-06
[2025-06-09T19:04:29.947+0200] {logging_mixin.py:188} INFO - [OK] Pollution written: /home/ccd/airflow/data/formatted/pollution/saint_petersburg/2024-07-06
[2025-06-09T19:04:30.262+0200] {logging_mixin.py:188} INFO - [OK] Pollution written: /home/ccd/airflow/data/formatted/pollution/istanbul/2024-07-06
[2025-06-09T19:04:30.662+0200] {logging_mixin.py:188} INFO - [OK] Pollution written: /home/ccd/airflow/data/formatted/pollution/moscow/2024-07-07
[2025-06-09T19:04:31.084+0200] {logging_mixin.py:188} INFO - [OK] Pollution written: /home/ccd/airflow/data/formatted/pollution/london/2024-07-07
[2025-06-09T19:04:31.437+0200] {logging_mixin.py:188} INFO - [OK] Pollution written: /home/ccd/airflow/data/formatted/pollution/saint_petersburg/2024-07-07
[2025-06-09T19:04:31.776+0200] {logging_mixin.py:188} INFO - [OK] Pollution written: /home/ccd/airflow/data/formatted/pollution/istanbul/2024-07-07
[2025-06-09T19:04:32.203+0200] {logging_mixin.py:188} INFO - [OK] Pollution written: /home/ccd/airflow/data/formatted/pollution/moscow/2024-07-08
[2025-06-09T19:04:32.573+0200] {logging_mixin.py:188} INFO - [OK] Pollution written: /home/ccd/airflow/data/formatted/pollution/london/2024-07-08
[2025-06-09T19:04:32.802+0200] {logging_mixin.py:188} INFO - [OK] Pollution written: /home/ccd/airflow/data/formatted/pollution/saint_petersburg/2024-07-08
[2025-06-09T19:04:33.203+0200] {logging_mixin.py:188} INFO - [OK] Pollution written: /home/ccd/airflow/data/formatted/pollution/istanbul/2024-07-08
[2025-06-09T19:04:33.504+0200] {logging_mixin.py:188} INFO - [OK] Pollution written: /home/ccd/airflow/data/formatted/pollution/moscow/2024-07-09
[2025-06-09T19:04:33.914+0200] {logging_mixin.py:188} INFO - [OK] Pollution written: /home/ccd/airflow/data/formatted/pollution/london/2024-07-09
[2025-06-09T19:04:34.350+0200] {logging_mixin.py:188} INFO - [OK] Pollution written: /home/ccd/airflow/data/formatted/pollution/saint_petersburg/2024-07-09
[2025-06-09T19:04:34.572+0200] {logging_mixin.py:188} INFO - [OK] Pollution written: /home/ccd/airflow/data/formatted/pollution/istanbul/2024-07-09
[2025-06-09T19:04:34.992+0200] {logging_mixin.py:188} INFO - [OK] Pollution written: /home/ccd/airflow/data/formatted/pollution/moscow/2024-07-10
[2025-06-09T19:04:35.425+0200] {logging_mixin.py:188} INFO - [OK] Pollution written: /home/ccd/airflow/data/formatted/pollution/london/2024-07-10
[2025-06-09T19:04:35.754+0200] {logging_mixin.py:188} INFO - [OK] Pollution written: /home/ccd/airflow/data/formatted/pollution/saint_petersburg/2024-07-10
[2025-06-09T19:04:36.127+0200] {logging_mixin.py:188} INFO - [OK] Pollution written: /home/ccd/airflow/data/formatted/pollution/istanbul/2024-07-10
[2025-06-09T19:04:36.534+0200] {logging_mixin.py:188} INFO - [OK] Pollution written: /home/ccd/airflow/data/formatted/pollution/moscow/2024-07-11
[2025-06-09T19:04:36.937+0200] {logging_mixin.py:188} INFO - [OK] Pollution written: /home/ccd/airflow/data/formatted/pollution/london/2024-07-11
[2025-06-09T19:04:37.231+0200] {logging_mixin.py:188} INFO - [OK] Pollution written: /home/ccd/airflow/data/formatted/pollution/saint_petersburg/2024-07-11
[2025-06-09T19:04:37.657+0200] {logging_mixin.py:188} INFO - [OK] Pollution written: /home/ccd/airflow/data/formatted/pollution/istanbul/2024-07-11
[2025-06-09T19:04:38.078+0200] {logging_mixin.py:188} INFO - [OK] Pollution written: /home/ccd/airflow/data/formatted/pollution/moscow/2024-07-12
[2025-06-09T19:04:38.483+0200] {logging_mixin.py:188} INFO - [OK] Pollution written: /home/ccd/airflow/data/formatted/pollution/london/2024-07-12
[2025-06-09T19:04:38.840+0200] {logging_mixin.py:188} INFO - [OK] Pollution written: /home/ccd/airflow/data/formatted/pollution/saint_petersburg/2024-07-12
[2025-06-09T19:04:39.163+0200] {logging_mixin.py:188} INFO - [OK] Pollution written: /home/ccd/airflow/data/formatted/pollution/istanbul/2024-07-12
[2025-06-09T19:04:39.527+0200] {logging_mixin.py:188} INFO - [OK] Pollution written: /home/ccd/airflow/data/formatted/pollution/moscow/2024-07-13
[2025-06-09T19:04:39.933+0200] {logging_mixin.py:188} INFO - [OK] Pollution written: /home/ccd/airflow/data/formatted/pollution/london/2024-07-13
[2025-06-09T19:04:40.325+0200] {logging_mixin.py:188} INFO - [OK] Pollution written: /home/ccd/airflow/data/formatted/pollution/saint_petersburg/2024-07-13
[2025-06-09T19:04:40.686+0200] {logging_mixin.py:188} INFO - [OK] Pollution written: /home/ccd/airflow/data/formatted/pollution/istanbul/2024-07-13
[2025-06-09T19:04:41.087+0200] {logging_mixin.py:188} INFO - [OK] Pollution written: /home/ccd/airflow/data/formatted/pollution/moscow/2024-07-14
[2025-06-09T19:04:41.488+0200] {logging_mixin.py:188} INFO - [OK] Pollution written: /home/ccd/airflow/data/formatted/pollution/london/2024-07-14
[2025-06-09T19:04:41.854+0200] {logging_mixin.py:188} INFO - [OK] Pollution written: /home/ccd/airflow/data/formatted/pollution/saint_petersburg/2024-07-14
[2025-06-09T19:04:42.188+0200] {logging_mixin.py:188} INFO - [OK] Pollution written: /home/ccd/airflow/data/formatted/pollution/istanbul/2024-07-14
[2025-06-09T19:04:42.895+0200] {logging_mixin.py:188} INFO - [OK] Pollution written: /home/ccd/airflow/data/formatted/pollution/moscow/2024-07-15
[2025-06-09T19:04:43.588+0200] {logging_mixin.py:188} INFO - [OK] Pollution written: /home/ccd/airflow/data/formatted/pollution/london/2024-07-15
[2025-06-09T19:04:44.643+0200] {logging_mixin.py:188} INFO - [OK] Pollution written: /home/ccd/airflow/data/formatted/pollution/saint_petersburg/2024-07-15
[2025-06-09T19:04:45.394+0200] {logging_mixin.py:188} INFO - [OK] Pollution written: /home/ccd/airflow/data/formatted/pollution/istanbul/2024-07-15
[2025-06-09T19:04:45.921+0200] {logging_mixin.py:188} INFO - [OK] Pollution written: /home/ccd/airflow/data/formatted/pollution/moscow/2024-07-16
[2025-06-09T19:04:46.629+0200] {logging_mixin.py:188} INFO - [OK] Pollution written: /home/ccd/airflow/data/formatted/pollution/london/2024-07-16
[2025-06-09T19:04:47.167+0200] {logging_mixin.py:188} INFO - [OK] Pollution written: /home/ccd/airflow/data/formatted/pollution/saint_petersburg/2024-07-16
[2025-06-09T19:04:47.814+0200] {logging_mixin.py:188} INFO - [OK] Pollution written: /home/ccd/airflow/data/formatted/pollution/istanbul/2024-07-16
[2025-06-09T19:04:48.652+0200] {logging_mixin.py:188} INFO - [OK] Pollution written: /home/ccd/airflow/data/formatted/pollution/moscow/2024-07-17
[2025-06-09T19:04:49.263+0200] {logging_mixin.py:188} INFO - [OK] Pollution written: /home/ccd/airflow/data/formatted/pollution/london/2024-07-17
[2025-06-09T19:04:49.848+0200] {logging_mixin.py:188} INFO - [OK] Pollution written: /home/ccd/airflow/data/formatted/pollution/saint_petersburg/2024-07-17
[2025-06-09T19:04:50.375+0200] {logging_mixin.py:188} INFO - [OK] Pollution written: /home/ccd/airflow/data/formatted/pollution/istanbul/2024-07-17
[2025-06-09T19:04:51.034+0200] {logging_mixin.py:188} INFO - [OK] Pollution written: /home/ccd/airflow/data/formatted/pollution/moscow/2024-07-18
[2025-06-09T19:04:52.194+0200] {logging_mixin.py:188} INFO - [OK] Pollution written: /home/ccd/airflow/data/formatted/pollution/london/2024-07-18
[2025-06-09T19:04:52.640+0200] {logging_mixin.py:188} INFO - [OK] Pollution written: /home/ccd/airflow/data/formatted/pollution/saint_petersburg/2024-07-18
[2025-06-09T19:04:54.295+0200] {logging_mixin.py:188} INFO - [OK] Pollution written: /home/ccd/airflow/data/formatted/pollution/istanbul/2024-07-18
[2025-06-09T19:04:55.327+0200] {logging_mixin.py:188} INFO - [OK] Pollution written: /home/ccd/airflow/data/formatted/pollution/moscow/2024-07-19
[2025-06-09T19:04:56.170+0200] {logging_mixin.py:188} INFO - [OK] Pollution written: /home/ccd/airflow/data/formatted/pollution/london/2024-07-19
[2025-06-09T19:04:57.089+0200] {logging_mixin.py:188} INFO - [OK] Pollution written: /home/ccd/airflow/data/formatted/pollution/saint_petersburg/2024-07-19
[2025-06-09T19:04:58.145+0200] {logging_mixin.py:188} INFO - [OK] Pollution written: /home/ccd/airflow/data/formatted/pollution/istanbul/2024-07-19
[2025-06-09T19:04:58.919+0200] {logging_mixin.py:188} INFO - [OK] Pollution written: /home/ccd/airflow/data/formatted/pollution/moscow/2024-07-20
[2025-06-09T19:04:59.894+0200] {logging_mixin.py:188} INFO - [OK] Pollution written: /home/ccd/airflow/data/formatted/pollution/london/2024-07-20
[2025-06-09T19:05:00.650+0200] {logging_mixin.py:188} INFO - [OK] Pollution written: /home/ccd/airflow/data/formatted/pollution/saint_petersburg/2024-07-20
[2025-06-09T19:05:01.370+0200] {logging_mixin.py:188} INFO - [OK] Pollution written: /home/ccd/airflow/data/formatted/pollution/istanbul/2024-07-20
[2025-06-09T19:05:01.993+0200] {logging_mixin.py:188} INFO - [OK] Pollution written: /home/ccd/airflow/data/formatted/pollution/moscow/2024-07-21
[2025-06-09T19:05:03.155+0200] {logging_mixin.py:188} INFO - [OK] Pollution written: /home/ccd/airflow/data/formatted/pollution/london/2024-07-21
[2025-06-09T19:05:03.730+0200] {logging_mixin.py:188} INFO - [OK] Pollution written: /home/ccd/airflow/data/formatted/pollution/saint_petersburg/2024-07-21
[2025-06-09T19:05:04.215+0200] {logging_mixin.py:188} INFO - [OK] Pollution written: /home/ccd/airflow/data/formatted/pollution/istanbul/2024-07-21
[2025-06-09T19:05:04.594+0200] {logging_mixin.py:188} INFO - [OK] Pollution written: /home/ccd/airflow/data/formatted/pollution/moscow/2024-07-24
[2025-06-09T19:05:04.978+0200] {logging_mixin.py:188} INFO - [OK] Pollution written: /home/ccd/airflow/data/formatted/pollution/london/2024-07-22
[2025-06-09T19:05:05.344+0200] {logging_mixin.py:188} INFO - [OK] Pollution written: /home/ccd/airflow/data/formatted/pollution/saint_petersburg/2024-07-24
[2025-06-09T19:05:05.694+0200] {logging_mixin.py:188} INFO - [OK] Pollution written: /home/ccd/airflow/data/formatted/pollution/istanbul/2024-07-24
[2025-06-09T19:05:06.144+0200] {logging_mixin.py:188} INFO - [OK] Pollution written: /home/ccd/airflow/data/formatted/pollution/moscow/2024-07-25
[2025-06-09T19:05:06.644+0200] {logging_mixin.py:188} INFO - [OK] Pollution written: /home/ccd/airflow/data/formatted/pollution/london/2024-07-25
[2025-06-09T19:05:07.029+0200] {logging_mixin.py:188} INFO - [OK] Pollution written: /home/ccd/airflow/data/formatted/pollution/saint_petersburg/2024-07-25
[2025-06-09T19:05:07.436+0200] {logging_mixin.py:188} INFO - [OK] Pollution written: /home/ccd/airflow/data/formatted/pollution/istanbul/2024-07-25
[2025-06-09T19:05:07.759+0200] {logging_mixin.py:188} INFO - [OK] Pollution written: /home/ccd/airflow/data/formatted/pollution/moscow/2024-07-26
[2025-06-09T19:05:08.094+0200] {logging_mixin.py:188} INFO - [OK] Pollution written: /home/ccd/airflow/data/formatted/pollution/london/2024-07-26
[2025-06-09T19:05:08.484+0200] {logging_mixin.py:188} INFO - [OK] Pollution written: /home/ccd/airflow/data/formatted/pollution/saint_petersburg/2024-07-26
[2025-06-09T19:05:08.810+0200] {logging_mixin.py:188} INFO - [OK] Pollution written: /home/ccd/airflow/data/formatted/pollution/istanbul/2024-07-26
[2025-06-09T19:05:09.270+0200] {logging_mixin.py:188} INFO - [OK] Pollution written: /home/ccd/airflow/data/formatted/pollution/moscow/2024-07-27
[2025-06-09T19:05:09.675+0200] {logging_mixin.py:188} INFO - [OK] Pollution written: /home/ccd/airflow/data/formatted/pollution/london/2024-07-27
[2025-06-09T19:05:10.019+0200] {logging_mixin.py:188} INFO - [OK] Pollution written: /home/ccd/airflow/data/formatted/pollution/saint_petersburg/2024-07-27
[2025-06-09T19:05:10.425+0200] {logging_mixin.py:188} INFO - [OK] Pollution written: /home/ccd/airflow/data/formatted/pollution/istanbul/2024-07-27
[2025-06-09T19:05:10.766+0200] {logging_mixin.py:188} INFO - [OK] Pollution written: /home/ccd/airflow/data/formatted/pollution/moscow/2024-07-28
[2025-06-09T19:05:11.145+0200] {logging_mixin.py:188} INFO - [OK] Pollution written: /home/ccd/airflow/data/formatted/pollution/london/2024-07-28
[2025-06-09T19:05:11.480+0200] {logging_mixin.py:188} INFO - [OK] Pollution written: /home/ccd/airflow/data/formatted/pollution/saint_petersburg/2024-07-28
[2025-06-09T19:05:11.756+0200] {logging_mixin.py:188} INFO - [OK] Pollution written: /home/ccd/airflow/data/formatted/pollution/istanbul/2024-07-28
[2025-06-09T19:05:12.221+0200] {logging_mixin.py:188} INFO - [OK] Pollution written: /home/ccd/airflow/data/formatted/pollution/moscow/2024-07-29
[2025-06-09T19:05:12.552+0200] {logging_mixin.py:188} INFO - [OK] Pollution written: /home/ccd/airflow/data/formatted/pollution/london/2024-07-29
[2025-06-09T19:05:12.950+0200] {logging_mixin.py:188} INFO - [OK] Pollution written: /home/ccd/airflow/data/formatted/pollution/saint_petersburg/2024-07-29
[2025-06-09T19:05:13.434+0200] {logging_mixin.py:188} INFO - [OK] Pollution written: /home/ccd/airflow/data/formatted/pollution/istanbul/2024-07-29
[2025-06-09T19:05:13.710+0200] {logging_mixin.py:188} INFO - [OK] Pollution written: /home/ccd/airflow/data/formatted/pollution/moscow/2024-07-30
[2025-06-09T19:05:14.064+0200] {logging_mixin.py:188} INFO - [OK] Pollution written: /home/ccd/airflow/data/formatted/pollution/london/2024-07-30
[2025-06-09T19:05:14.437+0200] {logging_mixin.py:188} INFO - [OK] Pollution written: /home/ccd/airflow/data/formatted/pollution/saint_petersburg/2024-07-30
[2025-06-09T19:05:14.855+0200] {logging_mixin.py:188} INFO - [OK] Pollution written: /home/ccd/airflow/data/formatted/pollution/istanbul/2024-07-30
[2025-06-09T19:05:15.815+0200] {logging_mixin.py:188} INFO - [OK] Pollution written: /home/ccd/airflow/data/formatted/pollution/moscow/2024-07-31
[2025-06-09T19:05:16.400+0200] {logging_mixin.py:188} INFO - [OK] Pollution written: /home/ccd/airflow/data/formatted/pollution/london/2024-07-31
[2025-06-09T19:05:16.890+0200] {logging_mixin.py:188} INFO - [OK] Pollution written: /home/ccd/airflow/data/formatted/pollution/saint_petersburg/2024-07-31
[2025-06-09T19:05:17.435+0200] {logging_mixin.py:188} INFO - [OK] Pollution written: /home/ccd/airflow/data/formatted/pollution/istanbul/2024-07-31
[2025-06-09T19:05:17.784+0200] {logging_mixin.py:188} INFO - [OK] Pollution written: /home/ccd/airflow/data/formatted/pollution/moscow/2024-08-01
[2025-06-09T19:05:18.140+0200] {logging_mixin.py:188} INFO - [OK] Pollution written: /home/ccd/airflow/data/formatted/pollution/london/2024-08-01
[2025-06-09T19:05:18.556+0200] {logging_mixin.py:188} INFO - [OK] Pollution written: /home/ccd/airflow/data/formatted/pollution/saint_petersburg/2024-08-01
[2025-06-09T19:05:18.834+0200] {logging_mixin.py:188} INFO - [OK] Pollution written: /home/ccd/airflow/data/formatted/pollution/istanbul/2024-08-01
[2025-06-09T19:05:19.204+0200] {logging_mixin.py:188} INFO - [OK] Pollution written: /home/ccd/airflow/data/formatted/pollution/moscow/2024-08-02
[2025-06-09T19:05:19.770+0200] {logging_mixin.py:188} INFO - [OK] Pollution written: /home/ccd/airflow/data/formatted/pollution/london/2024-08-02
[2025-06-09T19:05:20.434+0200] {logging_mixin.py:188} INFO - [OK] Pollution written: /home/ccd/airflow/data/formatted/pollution/saint_petersburg/2024-08-02
[2025-06-09T19:05:21.110+0200] {logging_mixin.py:188} INFO - [OK] Pollution written: /home/ccd/airflow/data/formatted/pollution/istanbul/2024-08-02
[2025-06-09T19:05:21.835+0200] {logging_mixin.py:188} INFO - [OK] Pollution written: /home/ccd/airflow/data/formatted/pollution/moscow/2024-08-03
[2025-06-09T19:05:22.533+0200] {logging_mixin.py:188} INFO - [OK] Pollution written: /home/ccd/airflow/data/formatted/pollution/london/2024-08-03
[2025-06-09T19:05:23.335+0200] {logging_mixin.py:188} INFO - [OK] Pollution written: /home/ccd/airflow/data/formatted/pollution/saint_petersburg/2024-08-03
[2025-06-09T19:05:23.931+0200] {logging_mixin.py:188} INFO - [OK] Pollution written: /home/ccd/airflow/data/formatted/pollution/istanbul/2024-08-03
[2025-06-09T19:05:24.438+0200] {logging_mixin.py:188} INFO - [OK] Pollution written: /home/ccd/airflow/data/formatted/pollution/moscow/2024-08-04
[2025-06-09T19:05:25.226+0200] {logging_mixin.py:188} INFO - [OK] Pollution written: /home/ccd/airflow/data/formatted/pollution/london/2024-08-04
[2025-06-09T19:05:25.756+0200] {logging_mixin.py:188} INFO - [OK] Pollution written: /home/ccd/airflow/data/formatted/pollution/saint_petersburg/2024-08-04
[2025-06-09T19:05:26.534+0200] {logging_mixin.py:188} INFO - [OK] Pollution written: /home/ccd/airflow/data/formatted/pollution/istanbul/2024-08-04
[2025-06-09T19:05:27.168+0200] {logging_mixin.py:188} INFO - [OK] Pollution written: /home/ccd/airflow/data/formatted/pollution/moscow/2024-08-05
[2025-06-09T19:05:27.714+0200] {logging_mixin.py:188} INFO - [OK] Pollution written: /home/ccd/airflow/data/formatted/pollution/london/2024-08-05
[2025-06-09T19:05:28.270+0200] {logging_mixin.py:188} INFO - [OK] Pollution written: /home/ccd/airflow/data/formatted/pollution/saint_petersburg/2024-08-05
[2025-06-09T19:05:28.888+0200] {logging_mixin.py:188} INFO - [OK] Pollution written: /home/ccd/airflow/data/formatted/pollution/istanbul/2024-08-05
[2025-06-09T19:05:29.712+0200] {logging_mixin.py:188} INFO - [OK] Pollution written: /home/ccd/airflow/data/formatted/pollution/moscow/2024-08-06
[2025-06-09T19:05:30.445+0200] {logging_mixin.py:188} INFO - [OK] Pollution written: /home/ccd/airflow/data/formatted/pollution/london/2024-08-06
[2025-06-09T19:05:30.966+0200] {logging_mixin.py:188} INFO - [OK] Pollution written: /home/ccd/airflow/data/formatted/pollution/saint_petersburg/2024-08-06
[2025-06-09T19:05:31.416+0200] {logging_mixin.py:188} INFO - [OK] Pollution written: /home/ccd/airflow/data/formatted/pollution/istanbul/2024-08-06
[2025-06-09T19:05:31.987+0200] {logging_mixin.py:188} INFO - [OK] Pollution written: /home/ccd/airflow/data/formatted/pollution/moscow/2024-08-07
[2025-06-09T19:05:32.568+0200] {logging_mixin.py:188} INFO - [OK] Pollution written: /home/ccd/airflow/data/formatted/pollution/london/2024-08-07
[2025-06-09T19:05:33.215+0200] {logging_mixin.py:188} INFO - [OK] Pollution written: /home/ccd/airflow/data/formatted/pollution/saint_petersburg/2024-08-07
[2025-06-09T19:05:33.897+0200] {logging_mixin.py:188} INFO - [OK] Pollution written: /home/ccd/airflow/data/formatted/pollution/istanbul/2024-08-07
[2025-06-09T19:05:34.366+0200] {logging_mixin.py:188} INFO - [OK] Pollution written: /home/ccd/airflow/data/formatted/pollution/moscow/2024-08-08
[2025-06-09T19:05:35.605+0200] {logging_mixin.py:188} INFO - [OK] Pollution written: /home/ccd/airflow/data/formatted/pollution/london/2024-08-08
[2025-06-09T19:05:36.408+0200] {logging_mixin.py:188} INFO - [OK] Pollution written: /home/ccd/airflow/data/formatted/pollution/saint_petersburg/2024-08-08
[2025-06-09T19:05:37.110+0200] {logging_mixin.py:188} INFO - [OK] Pollution written: /home/ccd/airflow/data/formatted/pollution/istanbul/2024-08-08
[2025-06-09T19:05:37.821+0200] {logging_mixin.py:188} INFO - [OK] Pollution written: /home/ccd/airflow/data/formatted/pollution/moscow/2024-08-09
[2025-06-09T19:05:38.497+0200] {logging_mixin.py:188} INFO - [OK] Pollution written: /home/ccd/airflow/data/formatted/pollution/london/2024-08-09
[2025-06-09T19:05:39.506+0200] {logging_mixin.py:188} INFO - [OK] Pollution written: /home/ccd/airflow/data/formatted/pollution/saint_petersburg/2024-08-09
[2025-06-09T19:05:40.108+0200] {logging_mixin.py:188} INFO - [OK] Pollution written: /home/ccd/airflow/data/formatted/pollution/istanbul/2024-08-09
[2025-06-09T19:05:40.588+0200] {logging_mixin.py:188} INFO - [OK] Pollution written: /home/ccd/airflow/data/formatted/pollution/moscow/2024-08-10
[2025-06-09T19:05:41.122+0200] {logging_mixin.py:188} INFO - [OK] Pollution written: /home/ccd/airflow/data/formatted/pollution/london/2024-08-10
[2025-06-09T19:05:42.088+0200] {logging_mixin.py:188} INFO - [OK] Pollution written: /home/ccd/airflow/data/formatted/pollution/saint_petersburg/2024-08-10
[2025-06-09T19:05:42.834+0200] {logging_mixin.py:188} INFO - [OK] Pollution written: /home/ccd/airflow/data/formatted/pollution/istanbul/2024-08-10
[2025-06-09T19:05:43.090+0200] {logging_mixin.py:188} INFO - [OK] Pollution written: /home/ccd/airflow/data/formatted/pollution/moscow/2024-08-11
[2025-06-09T19:05:43.617+0200] {logging_mixin.py:188} INFO - [OK] Pollution written: /home/ccd/airflow/data/formatted/pollution/london/2024-08-11
[2025-06-09T19:05:43.963+0200] {logging_mixin.py:188} INFO - [OK] Pollution written: /home/ccd/airflow/data/formatted/pollution/saint_petersburg/2024-08-11
[2025-06-09T19:05:44.306+0200] {logging_mixin.py:188} INFO - [OK] Pollution written: /home/ccd/airflow/data/formatted/pollution/istanbul/2024-08-11
[2025-06-09T19:05:44.798+0200] {logging_mixin.py:188} INFO - [OK] Pollution written: /home/ccd/airflow/data/formatted/pollution/moscow/2024-08-12
[2025-06-09T19:05:45.089+0200] {logging_mixin.py:188} INFO - [OK] Pollution written: /home/ccd/airflow/data/formatted/pollution/london/2024-08-12
[2025-06-09T19:05:45.390+0200] {logging_mixin.py:188} INFO - [OK] Pollution written: /home/ccd/airflow/data/formatted/pollution/saint_petersburg/2024-08-12
[2025-06-09T19:05:45.766+0200] {logging_mixin.py:188} INFO - [OK] Pollution written: /home/ccd/airflow/data/formatted/pollution/istanbul/2024-08-12
[2025-06-09T19:05:46.042+0200] {logging_mixin.py:188} INFO - [OK] Pollution written: /home/ccd/airflow/data/formatted/pollution/moscow/2024-08-13
[2025-06-09T19:05:46.499+0200] {logging_mixin.py:188} INFO - [OK] Pollution written: /home/ccd/airflow/data/formatted/pollution/london/2024-08-13
[2025-06-09T19:05:46.835+0200] {logging_mixin.py:188} INFO - [OK] Pollution written: /home/ccd/airflow/data/formatted/pollution/saint_petersburg/2024-08-13
[2025-06-09T19:05:47.293+0200] {logging_mixin.py:188} INFO - [OK] Pollution written: /home/ccd/airflow/data/formatted/pollution/istanbul/2024-08-13
[2025-06-09T19:05:47.650+0200] {logging_mixin.py:188} INFO - [OK] Pollution written: /home/ccd/airflow/data/formatted/pollution/moscow/2024-08-14
[2025-06-09T19:05:48.023+0200] {logging_mixin.py:188} INFO - [OK] Pollution written: /home/ccd/airflow/data/formatted/pollution/london/2024-08-14
[2025-06-09T19:05:48.368+0200] {logging_mixin.py:188} INFO - [OK] Pollution written: /home/ccd/airflow/data/formatted/pollution/saint_petersburg/2024-08-14
[2025-06-09T19:05:48.720+0200] {logging_mixin.py:188} INFO - [OK] Pollution written: /home/ccd/airflow/data/formatted/pollution/istanbul/2024-08-14
[2025-06-09T19:05:49.085+0200] {logging_mixin.py:188} INFO - [OK] Pollution written: /home/ccd/airflow/data/formatted/pollution/moscow/2024-08-15
[2025-06-09T19:05:49.379+0200] {logging_mixin.py:188} INFO - [OK] Pollution written: /home/ccd/airflow/data/formatted/pollution/london/2024-08-15
[2025-06-09T19:05:49.709+0200] {logging_mixin.py:188} INFO - [OK] Pollution written: /home/ccd/airflow/data/formatted/pollution/saint_petersburg/2024-08-15
[2025-06-09T19:05:50.054+0200] {logging_mixin.py:188} INFO - [OK] Pollution written: /home/ccd/airflow/data/formatted/pollution/istanbul/2024-08-15
[2025-06-09T19:05:50.440+0200] {logging_mixin.py:188} INFO - [OK] Pollution written: /home/ccd/airflow/data/formatted/pollution/moscow/2024-08-16
[2025-06-09T19:05:50.778+0200] {logging_mixin.py:188} INFO - [OK] Pollution written: /home/ccd/airflow/data/formatted/pollution/london/2024-08-16
[2025-06-09T19:05:51.114+0200] {logging_mixin.py:188} INFO - [OK] Pollution written: /home/ccd/airflow/data/formatted/pollution/saint_petersburg/2024-08-16
[2025-06-09T19:05:51.488+0200] {logging_mixin.py:188} INFO - [OK] Pollution written: /home/ccd/airflow/data/formatted/pollution/istanbul/2024-08-16
[2025-06-09T19:05:51.807+0200] {logging_mixin.py:188} INFO - [OK] Pollution written: /home/ccd/airflow/data/formatted/pollution/moscow/2024-08-17
[2025-06-09T19:05:52.176+0200] {logging_mixin.py:188} INFO - [OK] Pollution written: /home/ccd/airflow/data/formatted/pollution/london/2024-08-17
[2025-06-09T19:05:52.576+0200] {logging_mixin.py:188} INFO - [OK] Pollution written: /home/ccd/airflow/data/formatted/pollution/saint_petersburg/2024-08-17
[2025-06-09T19:05:52.892+0200] {logging_mixin.py:188} INFO - [OK] Pollution written: /home/ccd/airflow/data/formatted/pollution/istanbul/2024-08-17
[2025-06-09T19:05:53.203+0200] {logging_mixin.py:188} INFO - [OK] Pollution written: /home/ccd/airflow/data/formatted/pollution/moscow/2024-08-18
[2025-06-09T19:05:53.519+0200] {logging_mixin.py:188} INFO - [OK] Pollution written: /home/ccd/airflow/data/formatted/pollution/london/2024-08-18
[2025-06-09T19:05:53.985+0200] {logging_mixin.py:188} INFO - [OK] Pollution written: /home/ccd/airflow/data/formatted/pollution/saint_petersburg/2024-08-18
[2025-06-09T19:05:54.466+0200] {logging_mixin.py:188} INFO - [OK] Pollution written: /home/ccd/airflow/data/formatted/pollution/istanbul/2024-08-18
[2025-06-09T19:05:54.777+0200] {logging_mixin.py:188} INFO - [OK] Pollution written: /home/ccd/airflow/data/formatted/pollution/moscow/2024-08-19
[2025-06-09T19:05:55.227+0200] {logging_mixin.py:188} INFO - [OK] Pollution written: /home/ccd/airflow/data/formatted/pollution/london/2024-08-19
[2025-06-09T19:05:55.523+0200] {logging_mixin.py:188} INFO - [OK] Pollution written: /home/ccd/airflow/data/formatted/pollution/saint_petersburg/2024-08-19
[2025-06-09T19:05:55.866+0200] {logging_mixin.py:188} INFO - [OK] Pollution written: /home/ccd/airflow/data/formatted/pollution/istanbul/2024-08-19
[2025-06-09T19:05:56.163+0200] {logging_mixin.py:188} INFO - [OK] Pollution written: /home/ccd/airflow/data/formatted/pollution/moscow/2024-08-20
[2025-06-09T19:05:56.644+0200] {logging_mixin.py:188} INFO - [OK] Pollution written: /home/ccd/airflow/data/formatted/pollution/london/2024-08-20
[2025-06-09T19:05:57.259+0200] {logging_mixin.py:188} INFO - [OK] Pollution written: /home/ccd/airflow/data/formatted/pollution/saint_petersburg/2024-08-20
[2025-06-09T19:05:57.934+0200] {logging_mixin.py:188} INFO - [OK] Pollution written: /home/ccd/airflow/data/formatted/pollution/istanbul/2024-08-20
[2025-06-09T19:05:58.599+0200] {logging_mixin.py:188} INFO - [OK] Pollution written: /home/ccd/airflow/data/formatted/pollution/moscow/2024-08-21
[2025-06-09T19:05:59.306+0200] {logging_mixin.py:188} INFO - [OK] Pollution written: /home/ccd/airflow/data/formatted/pollution/london/2024-08-21
[2025-06-09T19:05:59.848+0200] {logging_mixin.py:188} INFO - [OK] Pollution written: /home/ccd/airflow/data/formatted/pollution/saint_petersburg/2024-08-21
[2025-06-09T19:06:00.559+0200] {logging_mixin.py:188} INFO - [OK] Pollution written: /home/ccd/airflow/data/formatted/pollution/istanbul/2024-08-21
[2025-06-09T19:06:01.285+0200] {logging_mixin.py:188} INFO - [OK] Pollution written: /home/ccd/airflow/data/formatted/pollution/moscow/2024-08-22
[2025-06-09T19:06:01.691+0200] {logging_mixin.py:188} INFO - [OK] Pollution written: /home/ccd/airflow/data/formatted/pollution/london/2024-08-22
[2025-06-09T19:06:02.383+0200] {logging_mixin.py:188} INFO - [OK] Pollution written: /home/ccd/airflow/data/formatted/pollution/saint_petersburg/2024-08-22
[2025-06-09T19:06:03.022+0200] {logging_mixin.py:188} INFO - [OK] Pollution written: /home/ccd/airflow/data/formatted/pollution/istanbul/2024-08-22
[2025-06-09T19:06:03.519+0200] {logging_mixin.py:188} INFO - [OK] Pollution written: /home/ccd/airflow/data/formatted/pollution/moscow/2024-08-23
[2025-06-09T19:06:04.235+0200] {logging_mixin.py:188} INFO - [OK] Pollution written: /home/ccd/airflow/data/formatted/pollution/london/2024-08-23
[2025-06-09T19:06:04.886+0200] {logging_mixin.py:188} INFO - [OK] Pollution written: /home/ccd/airflow/data/formatted/pollution/saint_petersburg/2024-08-23
[2025-06-09T19:06:05.429+0200] {logging_mixin.py:188} INFO - [OK] Pollution written: /home/ccd/airflow/data/formatted/pollution/istanbul/2024-08-23
[2025-06-09T19:06:06.279+0200] {logging_mixin.py:188} INFO - [OK] Pollution written: /home/ccd/airflow/data/formatted/pollution/moscow/2024-08-24
[2025-06-09T19:06:06.974+0200] {logging_mixin.py:188} INFO - [OK] Pollution written: /home/ccd/airflow/data/formatted/pollution/london/2024-08-24
[2025-06-09T19:06:07.469+0200] {logging_mixin.py:188} INFO - [OK] Pollution written: /home/ccd/airflow/data/formatted/pollution/saint_petersburg/2024-08-24
[2025-06-09T19:06:08.788+0200] {logging_mixin.py:188} INFO - [OK] Pollution written: /home/ccd/airflow/data/formatted/pollution/istanbul/2024-08-24
[2025-06-09T19:06:09.449+0200] {logging_mixin.py:188} INFO - [OK] Pollution written: /home/ccd/airflow/data/formatted/pollution/moscow/2024-08-25
[2025-06-09T19:06:10.135+0200] {logging_mixin.py:188} INFO - [OK] Pollution written: /home/ccd/airflow/data/formatted/pollution/london/2024-08-25
[2025-06-09T19:06:10.782+0200] {logging_mixin.py:188} INFO - [OK] Pollution written: /home/ccd/airflow/data/formatted/pollution/saint_petersburg/2024-08-25
[2025-06-09T19:06:11.870+0200] {logging_mixin.py:188} INFO - [OK] Pollution written: /home/ccd/airflow/data/formatted/pollution/istanbul/2024-08-25
[2025-06-09T19:06:12.402+0200] {logging_mixin.py:188} INFO - [OK] Pollution written: /home/ccd/airflow/data/formatted/pollution/moscow/2024-08-26
[2025-06-09T19:06:13.148+0200] {logging_mixin.py:188} INFO - [OK] Pollution written: /home/ccd/airflow/data/formatted/pollution/london/2024-08-26
[2025-06-09T19:06:14.050+0200] {logging_mixin.py:188} INFO - [OK] Pollution written: /home/ccd/airflow/data/formatted/pollution/saint_petersburg/2024-08-26
[2025-06-09T19:06:14.540+0200] {logging_mixin.py:188} INFO - [OK] Pollution written: /home/ccd/airflow/data/formatted/pollution/istanbul/2024-08-26
[2025-06-09T19:06:15.231+0200] {logging_mixin.py:188} INFO - [OK] Pollution written: /home/ccd/airflow/data/formatted/pollution/moscow/2024-08-27
[2025-06-09T19:06:16.076+0200] {logging_mixin.py:188} INFO - [OK] Pollution written: /home/ccd/airflow/data/formatted/pollution/london/2024-08-27
[2025-06-09T19:06:17.111+0200] {logging_mixin.py:188} INFO - [OK] Pollution written: /home/ccd/airflow/data/formatted/pollution/saint_petersburg/2024-08-27
[2025-06-09T19:06:17.638+0200] {logging_mixin.py:188} INFO - [OK] Pollution written: /home/ccd/airflow/data/formatted/pollution/istanbul/2024-08-27
[2025-06-09T19:06:18.431+0200] {logging_mixin.py:188} INFO - [OK] Pollution written: /home/ccd/airflow/data/formatted/pollution/moscow/2024-08-28
[2025-06-09T19:06:18.890+0200] {logging_mixin.py:188} INFO - [OK] Pollution written: /home/ccd/airflow/data/formatted/pollution/london/2024-08-28
[2025-06-09T19:06:19.477+0200] {logging_mixin.py:188} INFO - [OK] Pollution written: /home/ccd/airflow/data/formatted/pollution/saint_petersburg/2024-08-28
[2025-06-09T19:06:20.381+0200] {logging_mixin.py:188} INFO - [OK] Pollution written: /home/ccd/airflow/data/formatted/pollution/istanbul/2024-08-28
[2025-06-09T19:06:20.968+0200] {logging_mixin.py:188} INFO - [OK] Pollution written: /home/ccd/airflow/data/formatted/pollution/moscow/2024-08-29
[2025-06-09T19:06:21.804+0200] {logging_mixin.py:188} INFO - [OK] Pollution written: /home/ccd/airflow/data/formatted/pollution/london/2024-08-29
[2025-06-09T19:06:22.269+0200] {logging_mixin.py:188} INFO - [OK] Pollution written: /home/ccd/airflow/data/formatted/pollution/saint_petersburg/2024-08-29
[2025-06-09T19:06:22.660+0200] {logging_mixin.py:188} INFO - [OK] Pollution written: /home/ccd/airflow/data/formatted/pollution/istanbul/2024-08-29
[2025-06-09T19:06:23.080+0200] {logging_mixin.py:188} INFO - [OK] Pollution written: /home/ccd/airflow/data/formatted/pollution/moscow/2024-08-30
[2025-06-09T19:06:23.492+0200] {logging_mixin.py:188} INFO - [OK] Pollution written: /home/ccd/airflow/data/formatted/pollution/london/2024-08-30
[2025-06-09T19:06:24.003+0200] {logging_mixin.py:188} INFO - [OK] Pollution written: /home/ccd/airflow/data/formatted/pollution/saint_petersburg/2024-08-30
[2025-06-09T19:06:25.443+0200] {logging_mixin.py:188} INFO - [OK] Pollution written: /home/ccd/airflow/data/formatted/pollution/istanbul/2024-08-30
[2025-06-09T19:06:25.782+0200] {logging_mixin.py:188} INFO - [OK] Pollution written: /home/ccd/airflow/data/formatted/pollution/moscow/2024-08-31
[2025-06-09T19:06:26.278+0200] {logging_mixin.py:188} INFO - [OK] Pollution written: /home/ccd/airflow/data/formatted/pollution/london/2024-08-31
[2025-06-09T19:06:26.674+0200] {logging_mixin.py:188} INFO - [OK] Pollution written: /home/ccd/airflow/data/formatted/pollution/saint_petersburg/2024-08-31
[2025-06-09T19:06:27.112+0200] {logging_mixin.py:188} INFO - [OK] Pollution written: /home/ccd/airflow/data/formatted/pollution/istanbul/2024-08-31
[2025-06-09T19:06:27.502+0200] {logging_mixin.py:188} INFO - [OK] Pollution written: /home/ccd/airflow/data/formatted/pollution/moscow/2024-09-01
[2025-06-09T19:06:27.943+0200] {logging_mixin.py:188} INFO - [OK] Pollution written: /home/ccd/airflow/data/formatted/pollution/london/2024-09-01
[2025-06-09T19:06:28.280+0200] {logging_mixin.py:188} INFO - [OK] Pollution written: /home/ccd/airflow/data/formatted/pollution/saint_petersburg/2024-09-01
[2025-06-09T19:06:28.516+0200] {logging_mixin.py:188} INFO - [OK] Pollution written: /home/ccd/airflow/data/formatted/pollution/istanbul/2024-09-01
[2025-06-09T19:06:28.851+0200] {local_task_job_runner.py:310} WARNING - State of this instance has been externally set to failed. Terminating instance.
[2025-06-09T19:06:28.852+0200] {local_task_job_runner.py:222} INFO - ::endgroup::
[2025-06-09T19:06:28.858+0200] {process_utils.py:132} INFO - Sending Signals.SIGTERM to group 190603. PIDs of all processes in the group: [190604, 190873, 190876, 190877, 190880, 190882, 190884, 190886, 190888, 190890, 190892, 190895, 190898, 190900, 190603]
[2025-06-09T19:06:28.859+0200] {process_utils.py:87} INFO - Sending the signal Signals.SIGTERM to group 190603
[2025-06-09T19:06:28.859+0200] {taskinstance.py:2607} ERROR - Received SIGTERM. Terminating subprocesses.
[2025-06-09T19:06:28.859+0200] {taskinstance.py:441} INFO - ::group::Post task execution logs
[2025-06-09T19:06:28.983+0200] {process_utils.py:80} INFO - Process psutil.Process(pid=190886, status='terminated', started='19:02:48') (190886) terminated with exit code None
[2025-06-09T19:06:28.984+0200] {process_utils.py:80} INFO - Process psutil.Process(pid=190900, status='terminated', started='19:02:48') (190900) terminated with exit code None
[2025-06-09T19:06:28.984+0200] {process_utils.py:80} INFO - Process psutil.Process(pid=190876, status='terminated', started='19:02:48') (190876) terminated with exit code None
[2025-06-09T19:06:28.985+0200] {process_utils.py:80} INFO - Process psutil.Process(pid=190895, status='terminated', started='19:02:48') (190895) terminated with exit code None
[2025-06-09T19:06:28.985+0200] {process_utils.py:80} INFO - Process psutil.Process(pid=190882, status='terminated', started='19:02:48') (190882) terminated with exit code None
[2025-06-09T19:06:29.078+0200] {process_utils.py:80} INFO - Process psutil.Process(pid=190877, status='terminated', started='19:02:48') (190877) terminated with exit code None
[2025-06-09T19:06:29.078+0200] {process_utils.py:80} INFO - Process psutil.Process(pid=190888, status='terminated', started='19:02:48') (190888) terminated with exit code None
[2025-06-09T19:06:29.078+0200] {process_utils.py:80} INFO - Process psutil.Process(pid=190898, status='terminated', started='19:02:48') (190898) terminated with exit code None
[2025-06-09T19:06:29.079+0200] {process_utils.py:80} INFO - Process psutil.Process(pid=190884, status='terminated', started='19:02:48') (190884) terminated with exit code None
[2025-06-09T19:06:29.079+0200] {process_utils.py:80} INFO - Process psutil.Process(pid=190890, status='terminated', started='19:02:48') (190890) terminated with exit code None
[2025-06-09T19:06:29.079+0200] {process_utils.py:80} INFO - Process psutil.Process(pid=190880, status='terminated', started='19:02:48') (190880) terminated with exit code None
[2025-06-09T19:06:29.079+0200] {process_utils.py:80} INFO - Process psutil.Process(pid=190892, status='terminated', started='19:02:48') (190892) terminated with exit code None
[2025-06-09T19:06:29.079+0200] {process_utils.py:80} INFO - Process psutil.Process(pid=190603, status='terminated', exitcode=0, started='19:02:28') (190603) terminated with exit code 0
[2025-06-09T19:06:29.413+0200] {process_utils.py:80} INFO - Process psutil.Process(pid=190604, status='terminated', started='19:02:29') (190604) terminated with exit code None
[2025-06-09T19:06:29.413+0200] {process_utils.py:80} INFO - Process psutil.Process(pid=190873, status='terminated', started='19:02:46') (190873) terminated with exit code None
