[2025-05-29T01:00:56.055+0200] {local_task_job_runner.py:120} INFO - ::group::Pre task execution logs
[2025-05-29T01:00:56.075+0200] {taskinstance.py:2073} INFO - Dependencies all met for dep_context=non-requeueable deps ti=<TaskInstance: fetch_daily_pollution_weather_dag.format_daily_data_all_cities scheduled__2025-05-27T00:00:00+00:00 [queued]>
[2025-05-29T01:00:56.081+0200] {taskinstance.py:2073} INFO - Dependencies all met for dep_context=requeueable deps ti=<TaskInstance: fetch_daily_pollution_weather_dag.format_daily_data_all_cities scheduled__2025-05-27T00:00:00+00:00 [queued]>
[2025-05-29T01:00:56.081+0200] {taskinstance.py:2303} INFO - Starting attempt 1 of 2
[2025-05-29T01:00:56.100+0200] {taskinstance.py:2327} INFO - Executing <Task(PythonOperator): format_daily_data_all_cities> on 2025-05-27 00:00:00+00:00
[2025-05-29T01:00:56.103+0200] {standard_task_runner.py:63} INFO - Started process 396262 to run task
[2025-05-29T01:00:56.106+0200] {standard_task_runner.py:90} INFO - Running: ['airflow', 'tasks', 'run', 'fetch_daily_pollution_weather_dag', 'format_daily_data_all_cities', 'scheduled__2025-05-27T00:00:00+00:00', '--job-id', '56', '--raw', '--subdir', 'DAGS_FOLDER/daily_dag.py', '--cfg-path', '/tmp/tmp7bjy9aj5']
[2025-05-29T01:00:56.107+0200] {standard_task_runner.py:91} INFO - Job 56: Subtask format_daily_data_all_cities
[2025-05-29T01:00:56.145+0200] {task_command.py:426} INFO - Running <TaskInstance: fetch_daily_pollution_weather_dag.format_daily_data_all_cities scheduled__2025-05-27T00:00:00+00:00 [running]> on host DESKTOP-2QS8J6D.
[2025-05-29T01:00:56.221+0200] {taskinstance.py:2644} INFO - Exporting env vars: AIRFLOW_CTX_DAG_OWNER='airflow' AIRFLOW_CTX_DAG_ID='fetch_daily_pollution_weather_dag' AIRFLOW_CTX_TASK_ID='format_daily_data_all_cities' AIRFLOW_CTX_EXECUTION_DATE='2025-05-27T00:00:00+00:00' AIRFLOW_CTX_TRY_NUMBER='1' AIRFLOW_CTX_DAG_RUN_ID='scheduled__2025-05-27T00:00:00+00:00'
[2025-05-29T01:00:56.222+0200] {taskinstance.py:430} INFO - ::endgroup::
[2025-05-29T01:00:56.302+0200] {python.py:237} INFO - Done. Returned value was: None
[2025-05-29T01:00:56.303+0200] {taskinstance.py:441} INFO - ::group::Post task execution logs
[2025-05-29T01:00:56.307+0200] {taskinstance.py:1205} INFO - Marking task as SUCCESS. dag_id=fetch_daily_pollution_weather_dag, task_id=format_daily_data_all_cities, execution_date=20250527T000000, start_date=20250528T230056, end_date=20250528T230056
[2025-05-29T01:00:56.359+0200] {local_task_job_runner.py:240} INFO - Task exited with return code 0
[2025-05-29T01:00:56.369+0200] {taskinstance.py:3482} INFO - 0 downstream tasks scheduled from follow-on schedule check
[2025-05-29T01:00:56.369+0200] {local_task_job_runner.py:222} INFO - ::endgroup::
[2025-05-30T17:25:11.577+0200] {local_task_job_runner.py:120} INFO - ::group::Pre task execution logs
[2025-05-30T17:25:11.587+0200] {taskinstance.py:2073} INFO - Dependencies all met for dep_context=non-requeueable deps ti=<TaskInstance: fetch_daily_pollution_weather_dag.format_daily_data_all_cities scheduled__2025-05-27T00:00:00+00:00 [queued]>
[2025-05-30T17:25:11.591+0200] {taskinstance.py:2073} INFO - Dependencies all met for dep_context=requeueable deps ti=<TaskInstance: fetch_daily_pollution_weather_dag.format_daily_data_all_cities scheduled__2025-05-27T00:00:00+00:00 [queued]>
[2025-05-30T17:25:11.591+0200] {taskinstance.py:2303} INFO - Starting attempt 1 of 2
[2025-05-30T17:25:11.606+0200] {taskinstance.py:2327} INFO - Executing <Task(PythonOperator): format_daily_data_all_cities> on 2025-05-27 00:00:00+00:00
[2025-05-30T17:25:11.608+0200] {standard_task_runner.py:63} INFO - Started process 33067 to run task
[2025-05-30T17:25:11.611+0200] {standard_task_runner.py:90} INFO - Running: ['airflow', 'tasks', 'run', 'fetch_daily_pollution_weather_dag', 'format_daily_data_all_cities', 'scheduled__2025-05-27T00:00:00+00:00', '--job-id', '82', '--raw', '--subdir', 'DAGS_FOLDER/daily_dag.py', '--cfg-path', '/tmp/tmpzzf0_04x']
[2025-05-30T17:25:11.611+0200] {standard_task_runner.py:91} INFO - Job 82: Subtask format_daily_data_all_cities
[2025-05-30T17:25:11.642+0200] {task_command.py:426} INFO - Running <TaskInstance: fetch_daily_pollution_weather_dag.format_daily_data_all_cities scheduled__2025-05-27T00:00:00+00:00 [running]> on host DESKTOP-2QS8J6D.
[2025-05-30T17:25:11.688+0200] {taskinstance.py:2644} INFO - Exporting env vars: AIRFLOW_CTX_DAG_OWNER='airflow' AIRFLOW_CTX_DAG_ID='fetch_daily_pollution_weather_dag' AIRFLOW_CTX_TASK_ID='format_daily_data_all_cities' AIRFLOW_CTX_EXECUTION_DATE='2025-05-27T00:00:00+00:00' AIRFLOW_CTX_TRY_NUMBER='1' AIRFLOW_CTX_DAG_RUN_ID='scheduled__2025-05-27T00:00:00+00:00'
[2025-05-30T17:25:11.689+0200] {taskinstance.py:430} INFO - ::endgroup::
[2025-05-30T17:25:11.798+0200] {python.py:237} INFO - Done. Returned value was: None
[2025-05-30T17:25:11.798+0200] {taskinstance.py:441} INFO - ::group::Post task execution logs
[2025-05-30T17:25:11.801+0200] {taskinstance.py:1205} INFO - Marking task as SUCCESS. dag_id=fetch_daily_pollution_weather_dag, task_id=format_daily_data_all_cities, execution_date=20250527T000000, start_date=20250530T152511, end_date=20250530T152511
[2025-05-30T17:25:11.823+0200] {local_task_job_runner.py:240} INFO - Task exited with return code 0
[2025-05-30T17:25:11.829+0200] {taskinstance.py:3482} INFO - 0 downstream tasks scheduled from follow-on schedule check
[2025-05-30T17:25:11.829+0200] {local_task_job_runner.py:222} INFO - ::endgroup::
