[2025-06-08T22:10:47.792+0200] {local_task_job_runner.py:120} INFO - ::group::Pre task execution logs
[2025-06-08T22:10:47.804+0200] {taskinstance.py:2073} INFO - Dependencies all met for dep_context=non-requeueable deps ti=<TaskInstance: inspect_static_parquet_file_dag.inspect_static_parquet manual__2025-06-08T20:10:44.538651+00:00 [queued]>
[2025-06-08T22:10:47.808+0200] {taskinstance.py:2073} INFO - Dependencies all met for dep_context=requeueable deps ti=<TaskInstance: inspect_static_parquet_file_dag.inspect_static_parquet manual__2025-06-08T20:10:44.538651+00:00 [queued]>
[2025-06-08T22:10:47.808+0200] {taskinstance.py:2303} INFO - Starting attempt 1 of 1
[2025-06-08T22:10:47.823+0200] {taskinstance.py:2327} INFO - Executing <Task(PythonOperator): inspect_static_parquet> on 2025-06-08 20:10:44.538651+00:00
[2025-06-08T22:10:47.825+0200] {standard_task_runner.py:63} INFO - Started process 1129512 to run task
[2025-06-08T22:10:47.827+0200] {standard_task_runner.py:90} INFO - Running: ['airflow', 'tasks', 'run', 'inspect_static_parquet_file_dag', 'inspect_static_parquet', 'manual__2025-06-08T20:10:44.538651+00:00', '--job-id', '261', '--raw', '--subdir', 'DAGS_FOLDER/inspect_parquet_file.py', '--cfg-path', '/tmp/tmpb01e6hgw']
[2025-06-08T22:10:47.829+0200] {standard_task_runner.py:91} INFO - Job 261: Subtask inspect_static_parquet
[2025-06-08T22:10:47.858+0200] {task_command.py:426} INFO - Running <TaskInstance: inspect_static_parquet_file_dag.inspect_static_parquet manual__2025-06-08T20:10:44.538651+00:00 [running]> on host DESKTOP-2QS8J6D.
[2025-06-08T22:10:47.912+0200] {taskinstance.py:2644} INFO - Exporting env vars: AIRFLOW_CTX_DAG_OWNER='airflow' AIRFLOW_CTX_DAG_ID='inspect_static_parquet_file_dag' AIRFLOW_CTX_TASK_ID='inspect_static_parquet' AIRFLOW_CTX_EXECUTION_DATE='2025-06-08T20:10:44.538651+00:00' AIRFLOW_CTX_TRY_NUMBER='1' AIRFLOW_CTX_DAG_RUN_ID='manual__2025-06-08T20:10:44.538651+00:00'
[2025-06-08T22:10:47.913+0200] {taskinstance.py:430} INFO - ::endgroup::
[2025-06-08T22:10:51.500+0200] {logging_mixin.py:188} INFO - [ERROR] Pollution file not found: /home/ccd/airflow/data/formatted/pollution/paris/2024-04-22/
[2025-06-08T22:10:51.500+0200] {logging_mixin.py:188} INFO - === Weather Parquet Schema ===
[2025-06-08T22:10:53.139+0200] {logging_mixin.py:188} INFO - root
 |-- time: timestamp (nullable = true)
 |-- temperature_2m_max: double (nullable = true)
 |-- temperature_2m_min: double (nullable = true)
 |-- temperature_2m_mean: double (nullable = true)
 |-- precipitation_sum: double (nullable = true)
 |-- snowfall_sum: double (nullable = true)
 |-- cloudcover_mean: long (nullable = true)
 |-- windgusts_10m_max: double (nullable = true)
 |-- winddirection_10m_dominant: long (nullable = true)
 |-- shortwave_radiation_sum: double (nullable = true)
 |-- et0_fao_evapotranspiration: double (nullable = true)
 |-- lat: double (nullable = true)
 |-- lon: double (nullable = true)
 |-- city_name: string (nullable = true)
[2025-06-08T22:10:54.259+0200] {logging_mixin.py:188} INFO - +-------------------+------------------+------------------+-------------------+-----------------+------------+---------------+-----------------+--------------------------+-----------------------+--------------------------+---------+---------+---------+
|time               |temperature_2m_max|temperature_2m_min|temperature_2m_mean|precipitation_sum|snowfall_sum|cloudcover_mean|windgusts_10m_max|winddirection_10m_dominant|shortwave_radiation_sum|et0_fao_evapotranspiration|lat      |lon      |city_name|
+-------------------+------------------+------------------+-------------------+-----------------+------------+---------------+-----------------+--------------------------+-----------------------+--------------------------+---------+---------+---------+
|2025-04-22 00:00:00|16.8              |7.6               |12.4               |0.4              |0.0         |70             |18.7             |260                       |17.36                  |2.7                       |48.822495|2.2881355|paris    |
+-------------------+------------------+------------------+-------------------+-----------------+------------+---------------+-----------------+--------------------------+-----------------------+--------------------------+---------+---------+---------+
[2025-06-08T22:10:54.694+0200] {python.py:237} INFO - Done. Returned value was: None
[2025-06-08T22:10:54.695+0200] {taskinstance.py:441} INFO - ::group::Post task execution logs
[2025-06-08T22:10:54.698+0200] {taskinstance.py:1205} INFO - Marking task as SUCCESS. dag_id=inspect_static_parquet_file_dag, task_id=inspect_static_parquet, execution_date=20250608T201044, start_date=20250608T201047, end_date=20250608T201054
[2025-06-08T22:10:54.743+0200] {local_task_job_runner.py:240} INFO - Task exited with return code 0
[2025-06-08T22:10:54.748+0200] {taskinstance.py:3482} INFO - 0 downstream tasks scheduled from follow-on schedule check
[2025-06-08T22:10:54.749+0200] {local_task_job_runner.py:222} INFO - ::endgroup::
