[2025-06-09T17:54:13.495+0200] {local_task_job_runner.py:120} INFO - ::group::Pre task execution logs
[2025-06-09T17:54:13.508+0200] {taskinstance.py:2073} INFO - Dependencies all met for dep_context=non-requeueable deps ti=<TaskInstance: fetch_daily_pollution_weather_dag.format_daily_data_all_cities scheduled__2025-06-06T00:00:00+00:00 [queued]>
[2025-06-09T17:54:13.512+0200] {taskinstance.py:2073} INFO - Dependencies all met for dep_context=requeueable deps ti=<TaskInstance: fetch_daily_pollution_weather_dag.format_daily_data_all_cities scheduled__2025-06-06T00:00:00+00:00 [queued]>
[2025-06-09T17:54:13.512+0200] {taskinstance.py:2303} INFO - Starting attempt 1 of 2
[2025-06-09T17:54:13.529+0200] {taskinstance.py:2327} INFO - Executing <Task(PythonOperator): format_daily_data_all_cities> on 2025-06-06 00:00:00+00:00
[2025-06-09T17:54:13.532+0200] {standard_task_runner.py:63} INFO - Started process 120100 to run task
[2025-06-09T17:54:13.535+0200] {standard_task_runner.py:90} INFO - Running: ['airflow', 'tasks', 'run', 'fetch_daily_pollution_weather_dag', 'format_daily_data_all_cities', 'scheduled__2025-06-06T00:00:00+00:00', '--job-id', '417', '--raw', '--subdir', 'DAGS_FOLDER/daily_dag.py', '--cfg-path', '/tmp/tmp0xz_4z40']
[2025-06-09T17:54:13.535+0200] {standard_task_runner.py:91} INFO - Job 417: Subtask format_daily_data_all_cities
[2025-06-09T17:54:13.568+0200] {task_command.py:426} INFO - Running <TaskInstance: fetch_daily_pollution_weather_dag.format_daily_data_all_cities scheduled__2025-06-06T00:00:00+00:00 [running]> on host DESKTOP-2QS8J6D.
[2025-06-09T17:54:13.625+0200] {taskinstance.py:2644} INFO - Exporting env vars: AIRFLOW_CTX_DAG_OWNER='airflow' AIRFLOW_CTX_DAG_ID='fetch_daily_pollution_weather_dag' AIRFLOW_CTX_TASK_ID='format_daily_data_all_cities' AIRFLOW_CTX_EXECUTION_DATE='2025-06-06T00:00:00+00:00' AIRFLOW_CTX_TRY_NUMBER='1' AIRFLOW_CTX_DAG_RUN_ID='scheduled__2025-06-06T00:00:00+00:00'
[2025-06-09T17:54:13.627+0200] {taskinstance.py:430} INFO - ::endgroup::
[2025-06-09T17:54:13.628+0200] {logging_mixin.py:188} INFO - [START] Formatting data for execution_date: 2025-06-06
[2025-06-09T17:54:18.863+0200] {logging_mixin.py:188} INFO - [INFO] Spark session started
[2025-06-09T17:54:18.870+0200] {logging_mixin.py:188} INFO - [INFO] Loaded 2 cities from config
[2025-06-09T17:54:18.870+0200] {logging_mixin.py:188} INFO - [PROCESSING] City: istanbul
[2025-06-09T17:54:18.870+0200] {logging_mixin.py:188} INFO - [FOUND] Pollution file exists: /home/ccd/airflow/data/raw/pollution/istanbul/2025-06-06.json
[2025-06-09T17:54:18.874+0200] {logging_mixin.py:188} INFO - [INFO] Flattened pollution data: 25 rows
[2025-06-09T17:54:18.882+0200] {logging_mixin.py:188} INFO - [INFO] Aggregated pollution data: 1 rows
[2025-06-09T17:54:23.635+0200] {logging_mixin.py:188} INFO - [OK] Formatted pollution for istanbul
[2025-06-09T17:54:23.636+0200] {logging_mixin.py:188} INFO - [FOUND] Weather file exists: /home/ccd/airflow/data/raw/weather/istanbul/2025-06-06.json
[2025-06-09T17:54:23.646+0200] {logging_mixin.py:188} INFO - [INFO] Flattened weather data: 1 rows
[2025-06-09T17:54:25.547+0200] {logging_mixin.py:188} INFO - [OK] Formatted weather for istanbul
[2025-06-09T17:54:25.548+0200] {logging_mixin.py:188} INFO - [PROCESSING] City: moscow
[2025-06-09T17:54:25.548+0200] {logging_mixin.py:188} INFO - [FOUND] Pollution file exists: /home/ccd/airflow/data/raw/pollution/moscow/2025-06-06.json
[2025-06-09T17:54:25.552+0200] {logging_mixin.py:188} INFO - [INFO] Flattened pollution data: 25 rows
[2025-06-09T17:54:25.556+0200] {logging_mixin.py:188} INFO - [INFO] Aggregated pollution data: 1 rows
[2025-06-09T17:54:26.567+0200] {logging_mixin.py:188} INFO - [OK] Formatted pollution for moscow
[2025-06-09T17:54:26.567+0200] {logging_mixin.py:188} INFO - [FOUND] Weather file exists: /home/ccd/airflow/data/raw/weather/moscow/2025-06-06.json
[2025-06-09T17:54:26.571+0200] {logging_mixin.py:188} INFO - [INFO] Flattened weather data: 1 rows
[2025-06-09T17:54:27.558+0200] {logging_mixin.py:188} INFO - [OK] Formatted weather for moscow
[2025-06-09T17:54:28.537+0200] {logging_mixin.py:188} INFO - [DONE] Spark session closed
[2025-06-09T17:54:28.537+0200] {python.py:237} INFO - Done. Returned value was: None
[2025-06-09T17:54:28.538+0200] {taskinstance.py:441} INFO - ::group::Post task execution logs
[2025-06-09T17:54:28.540+0200] {taskinstance.py:1205} INFO - Marking task as SUCCESS. dag_id=fetch_daily_pollution_weather_dag, task_id=format_daily_data_all_cities, execution_date=20250606T000000, start_date=20250609T155413, end_date=20250609T155428
[2025-06-09T17:54:28.560+0200] {local_task_job_runner.py:240} INFO - Task exited with return code 0
[2025-06-09T17:54:28.570+0200] {taskinstance.py:3482} INFO - 1 downstream tasks scheduled from follow-on schedule check
[2025-06-09T17:54:28.587+0200] {local_task_job_runner.py:222} INFO - ::endgroup::
[2025-06-09T17:59:56.764+0200] {local_task_job_runner.py:120} INFO - ::group::Pre task execution logs
[2025-06-09T17:59:56.776+0200] {taskinstance.py:2073} INFO - Dependencies all met for dep_context=non-requeueable deps ti=<TaskInstance: fetch_daily_pollution_weather_dag.format_daily_data_all_cities scheduled__2025-06-06T00:00:00+00:00 [queued]>
[2025-06-09T17:59:56.779+0200] {taskinstance.py:2073} INFO - Dependencies all met for dep_context=requeueable deps ti=<TaskInstance: fetch_daily_pollution_weather_dag.format_daily_data_all_cities scheduled__2025-06-06T00:00:00+00:00 [queued]>
[2025-06-09T17:59:56.780+0200] {taskinstance.py:2303} INFO - Starting attempt 1 of 2
[2025-06-09T17:59:56.796+0200] {taskinstance.py:2327} INFO - Executing <Task(PythonOperator): format_daily_data_all_cities> on 2025-06-06 00:00:00+00:00
[2025-06-09T17:59:56.798+0200] {standard_task_runner.py:63} INFO - Started process 124583 to run task
[2025-06-09T17:59:56.800+0200] {standard_task_runner.py:90} INFO - Running: ['airflow', 'tasks', 'run', 'fetch_daily_pollution_weather_dag', 'format_daily_data_all_cities', 'scheduled__2025-06-06T00:00:00+00:00', '--job-id', '418', '--raw', '--subdir', 'DAGS_FOLDER/daily_dag.py', '--cfg-path', '/tmp/tmpx42lqj99']
[2025-06-09T17:59:56.801+0200] {standard_task_runner.py:91} INFO - Job 418: Subtask format_daily_data_all_cities
[2025-06-09T17:59:56.830+0200] {task_command.py:426} INFO - Running <TaskInstance: fetch_daily_pollution_weather_dag.format_daily_data_all_cities scheduled__2025-06-06T00:00:00+00:00 [running]> on host DESKTOP-2QS8J6D.
[2025-06-09T17:59:56.881+0200] {taskinstance.py:2644} INFO - Exporting env vars: AIRFLOW_CTX_DAG_OWNER='airflow' AIRFLOW_CTX_DAG_ID='fetch_daily_pollution_weather_dag' AIRFLOW_CTX_TASK_ID='format_daily_data_all_cities' AIRFLOW_CTX_EXECUTION_DATE='2025-06-06T00:00:00+00:00' AIRFLOW_CTX_TRY_NUMBER='1' AIRFLOW_CTX_DAG_RUN_ID='scheduled__2025-06-06T00:00:00+00:00'
[2025-06-09T17:59:56.882+0200] {taskinstance.py:430} INFO - ::endgroup::
[2025-06-09T17:59:56.883+0200] {logging_mixin.py:188} INFO - [START] Formatting data for execution_date: 2025-06-06
[2025-06-09T18:00:01.172+0200] {logging_mixin.py:188} INFO - [INFO] Spark session started
[2025-06-09T18:00:01.178+0200] {logging_mixin.py:188} INFO - [INFO] Loaded 2 cities from config
[2025-06-09T18:00:01.178+0200] {logging_mixin.py:188} INFO - [PROCESSING] City: istanbul
[2025-06-09T18:00:01.178+0200] {logging_mixin.py:188} INFO - [FOUND] Pollution file exists: /home/ccd/airflow/data/raw/pollution/istanbul/2025-06-06.json
[2025-06-09T18:00:01.182+0200] {logging_mixin.py:188} INFO - [INFO] Flattened pollution data: 25 rows
[2025-06-09T18:00:01.188+0200] {logging_mixin.py:188} INFO - [INFO] Aggregated pollution data: 1 rows
[2025-06-09T18:00:07.827+0200] {logging_mixin.py:188} INFO - [OK] Formatted pollution for istanbul
[2025-06-09T18:00:07.828+0200] {logging_mixin.py:188} INFO - [FOUND] Weather file exists: /home/ccd/airflow/data/raw/weather/istanbul/2025-06-06.json
[2025-06-09T18:00:07.832+0200] {logging_mixin.py:188} INFO - [INFO] Flattened weather data: 1 rows
[2025-06-09T18:00:09.687+0200] {logging_mixin.py:188} INFO - [OK] Formatted weather for istanbul
[2025-06-09T18:00:09.688+0200] {logging_mixin.py:188} INFO - [PROCESSING] City: moscow
[2025-06-09T18:00:09.688+0200] {logging_mixin.py:188} INFO - [FOUND] Pollution file exists: /home/ccd/airflow/data/raw/pollution/moscow/2025-06-06.json
[2025-06-09T18:00:09.694+0200] {logging_mixin.py:188} INFO - [INFO] Flattened pollution data: 25 rows
[2025-06-09T18:00:09.714+0200] {logging_mixin.py:188} INFO - [INFO] Aggregated pollution data: 1 rows
[2025-06-09T18:00:11.320+0200] {logging_mixin.py:188} INFO - [OK] Formatted pollution for moscow
[2025-06-09T18:00:11.320+0200] {logging_mixin.py:188} INFO - [FOUND] Weather file exists: /home/ccd/airflow/data/raw/weather/moscow/2025-06-06.json
[2025-06-09T18:00:11.325+0200] {logging_mixin.py:188} INFO - [INFO] Flattened weather data: 1 rows
[2025-06-09T18:00:13.127+0200] {logging_mixin.py:188} INFO - [OK] Formatted weather for moscow
[2025-06-09T18:00:14.054+0200] {logging_mixin.py:188} INFO - [DONE] Spark session closed
[2025-06-09T18:00:14.054+0200] {python.py:237} INFO - Done. Returned value was: None
[2025-06-09T18:00:14.055+0200] {taskinstance.py:441} INFO - ::group::Post task execution logs
[2025-06-09T18:00:14.059+0200] {taskinstance.py:1205} INFO - Marking task as SUCCESS. dag_id=fetch_daily_pollution_weather_dag, task_id=format_daily_data_all_cities, execution_date=20250606T000000, start_date=20250609T155956, end_date=20250609T160014
[2025-06-09T18:00:14.110+0200] {local_task_job_runner.py:240} INFO - Task exited with return code 0
[2025-06-09T18:00:14.120+0200] {taskinstance.py:3482} INFO - 1 downstream tasks scheduled from follow-on schedule check
[2025-06-09T18:00:14.131+0200] {local_task_job_runner.py:222} INFO - ::endgroup::
[2025-06-09T20:12:47.242+0200] {local_task_job_runner.py:120} INFO - ::group::Pre task execution logs
[2025-06-09T20:12:47.256+0200] {taskinstance.py:2073} INFO - Dependencies all met for dep_context=non-requeueable deps ti=<TaskInstance: fetch_daily_pollution_weather_dag.format_daily_data_all_cities scheduled__2025-06-06T00:00:00+00:00 [queued]>
[2025-06-09T20:12:47.259+0200] {taskinstance.py:2073} INFO - Dependencies all met for dep_context=requeueable deps ti=<TaskInstance: fetch_daily_pollution_weather_dag.format_daily_data_all_cities scheduled__2025-06-06T00:00:00+00:00 [queued]>
[2025-06-09T20:12:47.259+0200] {taskinstance.py:2303} INFO - Starting attempt 1 of 2
[2025-06-09T20:12:47.278+0200] {taskinstance.py:2327} INFO - Executing <Task(PythonOperator): format_daily_data_all_cities> on 2025-06-06 00:00:00+00:00
[2025-06-09T20:12:47.280+0200] {standard_task_runner.py:63} INFO - Started process 298348 to run task
[2025-06-09T20:12:47.284+0200] {standard_task_runner.py:90} INFO - Running: ['airflow', 'tasks', 'run', 'fetch_daily_pollution_weather_dag', 'format_daily_data_all_cities', 'scheduled__2025-06-06T00:00:00+00:00', '--job-id', '445', '--raw', '--subdir', 'DAGS_FOLDER/daily_dag.py', '--cfg-path', '/tmp/tmpxfstn1o0']
[2025-06-09T20:12:47.285+0200] {standard_task_runner.py:91} INFO - Job 445: Subtask format_daily_data_all_cities
[2025-06-09T20:12:47.318+0200] {task_command.py:426} INFO - Running <TaskInstance: fetch_daily_pollution_weather_dag.format_daily_data_all_cities scheduled__2025-06-06T00:00:00+00:00 [running]> on host DESKTOP-2QS8J6D.
[2025-06-09T20:12:47.373+0200] {taskinstance.py:2644} INFO - Exporting env vars: AIRFLOW_CTX_DAG_OWNER='airflow' AIRFLOW_CTX_DAG_ID='fetch_daily_pollution_weather_dag' AIRFLOW_CTX_TASK_ID='format_daily_data_all_cities' AIRFLOW_CTX_EXECUTION_DATE='2025-06-06T00:00:00+00:00' AIRFLOW_CTX_TRY_NUMBER='1' AIRFLOW_CTX_DAG_RUN_ID='scheduled__2025-06-06T00:00:00+00:00'
[2025-06-09T20:12:47.374+0200] {taskinstance.py:430} INFO - ::endgroup::
[2025-06-09T20:12:47.375+0200] {logging_mixin.py:188} INFO - [START] Formatting data for execution_date: 2025-06-06
[2025-06-09T20:12:47.381+0200] {logging_mixin.py:188} INFO - [INFO] Loaded 23 cities from config
[2025-06-09T20:12:47.381+0200] {logging_mixin.py:188} INFO - [PROCESSING] City: istanbul
[2025-06-09T20:12:47.382+0200] {logging_mixin.py:188} INFO - [FOUND] Pollution file exists: /home/ccd/airflow/data/raw/pollution/istanbul/2025-06-06.json
[2025-06-09T20:12:47.385+0200] {logging_mixin.py:188} INFO - [INFO] Flattened pollution data: 25 rows
[2025-06-09T20:12:47.468+0200] {logging_mixin.py:188} INFO - [INFO] Aggregated pollution data: 1 rows
[2025-06-09T20:12:47.472+0200] {logging_mixin.py:188} INFO - [OK] Formatted pollution for istanbul
[2025-06-09T20:12:47.472+0200] {logging_mixin.py:188} INFO - [FOUND] Weather file exists: /home/ccd/airflow/data/raw/weather/istanbul/2025-06-06.json
[2025-06-09T20:12:47.474+0200] {logging_mixin.py:188} INFO - [INFO] Flattened weather data: 1 rows
[2025-06-09T20:12:47.476+0200] {logging_mixin.py:188} INFO - [OK] Formatted weather for istanbul
[2025-06-09T20:12:47.476+0200] {logging_mixin.py:188} INFO - [PROCESSING] City: moscow
[2025-06-09T20:12:47.476+0200] {logging_mixin.py:188} INFO - [FOUND] Pollution file exists: /home/ccd/airflow/data/raw/pollution/moscow/2025-06-06.json
[2025-06-09T20:12:47.477+0200] {logging_mixin.py:188} INFO - [INFO] Flattened pollution data: 25 rows
[2025-06-09T20:12:47.480+0200] {logging_mixin.py:188} INFO - [INFO] Aggregated pollution data: 1 rows
[2025-06-09T20:12:47.481+0200] {logging_mixin.py:188} INFO - [OK] Formatted pollution for moscow
[2025-06-09T20:12:47.482+0200] {logging_mixin.py:188} INFO - [FOUND] Weather file exists: /home/ccd/airflow/data/raw/weather/moscow/2025-06-06.json
[2025-06-09T20:12:47.483+0200] {logging_mixin.py:188} INFO - [INFO] Flattened weather data: 1 rows
[2025-06-09T20:12:47.485+0200] {logging_mixin.py:188} INFO - [OK] Formatted weather for moscow
[2025-06-09T20:12:47.486+0200] {logging_mixin.py:188} INFO - [PROCESSING] City: london
[2025-06-09T20:12:47.486+0200] {logging_mixin.py:188} INFO - [FOUND] Pollution file exists: /home/ccd/airflow/data/raw/pollution/london/2025-06-06.json
[2025-06-09T20:12:47.487+0200] {logging_mixin.py:188} INFO - [INFO] Flattened pollution data: 25 rows
[2025-06-09T20:12:47.490+0200] {logging_mixin.py:188} INFO - [INFO] Aggregated pollution data: 1 rows
[2025-06-09T20:12:47.491+0200] {logging_mixin.py:188} INFO - [OK] Formatted pollution for london
[2025-06-09T20:12:47.492+0200] {logging_mixin.py:188} INFO - [FOUND] Weather file exists: /home/ccd/airflow/data/raw/weather/london/2025-06-06.json
[2025-06-09T20:12:47.493+0200] {logging_mixin.py:188} INFO - [INFO] Flattened weather data: 1 rows
[2025-06-09T20:12:47.495+0200] {logging_mixin.py:188} INFO - [OK] Formatted weather for london
[2025-06-09T20:12:47.495+0200] {logging_mixin.py:188} INFO - [PROCESSING] City: saint_petersburg
[2025-06-09T20:12:47.495+0200] {logging_mixin.py:188} INFO - [FOUND] Pollution file exists: /home/ccd/airflow/data/raw/pollution/saint_petersburg/2025-06-06.json
[2025-06-09T20:12:47.496+0200] {logging_mixin.py:188} INFO - [INFO] Flattened pollution data: 25 rows
[2025-06-09T20:12:47.499+0200] {logging_mixin.py:188} INFO - [INFO] Aggregated pollution data: 1 rows
[2025-06-09T20:12:47.500+0200] {logging_mixin.py:188} INFO - [OK] Formatted pollution for saint_petersburg
[2025-06-09T20:12:47.501+0200] {logging_mixin.py:188} INFO - [FOUND] Weather file exists: /home/ccd/airflow/data/raw/weather/saint_petersburg/2025-06-06.json
[2025-06-09T20:12:47.502+0200] {logging_mixin.py:188} INFO - [INFO] Flattened weather data: 1 rows
[2025-06-09T20:12:47.504+0200] {logging_mixin.py:188} INFO - [OK] Formatted weather for saint_petersburg
[2025-06-09T20:12:47.504+0200] {logging_mixin.py:188} INFO - [PROCESSING] City: berlin
[2025-06-09T20:12:47.504+0200] {logging_mixin.py:188} INFO - [FOUND] Pollution file exists: /home/ccd/airflow/data/raw/pollution/berlin/2025-06-06.json
[2025-06-09T20:12:47.506+0200] {logging_mixin.py:188} INFO - [INFO] Flattened pollution data: 25 rows
[2025-06-09T20:12:47.509+0200] {logging_mixin.py:188} INFO - [INFO] Aggregated pollution data: 1 rows
[2025-06-09T20:12:47.512+0200] {logging_mixin.py:188} INFO - [OK] Formatted pollution for berlin
[2025-06-09T20:12:47.512+0200] {logging_mixin.py:188} INFO - [FOUND] Weather file exists: /home/ccd/airflow/data/raw/weather/berlin/2025-06-06.json
[2025-06-09T20:12:47.514+0200] {logging_mixin.py:188} INFO - [INFO] Flattened weather data: 1 rows
[2025-06-09T20:12:47.519+0200] {logging_mixin.py:188} INFO - [OK] Formatted weather for berlin
[2025-06-09T20:12:47.520+0200] {logging_mixin.py:188} INFO - [PROCESSING] City: madrid
[2025-06-09T20:12:47.521+0200] {logging_mixin.py:188} INFO - [FOUND] Pollution file exists: /home/ccd/airflow/data/raw/pollution/madrid/2025-06-06.json
[2025-06-09T20:12:47.522+0200] {logging_mixin.py:188} INFO - [INFO] Flattened pollution data: 25 rows
[2025-06-09T20:12:47.525+0200] {logging_mixin.py:188} INFO - [INFO] Aggregated pollution data: 1 rows
[2025-06-09T20:12:47.528+0200] {logging_mixin.py:188} INFO - [OK] Formatted pollution for madrid
[2025-06-09T20:12:47.528+0200] {logging_mixin.py:188} INFO - [FOUND] Weather file exists: /home/ccd/airflow/data/raw/weather/madrid/2025-06-06.json
[2025-06-09T20:12:47.530+0200] {logging_mixin.py:188} INFO - [INFO] Flattened weather data: 1 rows
[2025-06-09T20:12:47.531+0200] {logging_mixin.py:188} INFO - [OK] Formatted weather for madrid
[2025-06-09T20:12:47.532+0200] {logging_mixin.py:188} INFO - [PROCESSING] City: kyiv
[2025-06-09T20:12:47.532+0200] {logging_mixin.py:188} INFO - [FOUND] Pollution file exists: /home/ccd/airflow/data/raw/pollution/kyiv/2025-06-06.json
[2025-06-09T20:12:47.533+0200] {logging_mixin.py:188} INFO - [INFO] Flattened pollution data: 25 rows
[2025-06-09T20:12:47.535+0200] {logging_mixin.py:188} INFO - [INFO] Aggregated pollution data: 1 rows
[2025-06-09T20:12:47.538+0200] {logging_mixin.py:188} INFO - [OK] Formatted pollution for kyiv
[2025-06-09T20:12:47.538+0200] {logging_mixin.py:188} INFO - [FOUND] Weather file exists: /home/ccd/airflow/data/raw/weather/kyiv/2025-06-06.json
[2025-06-09T20:12:47.540+0200] {logging_mixin.py:188} INFO - [INFO] Flattened weather data: 1 rows
[2025-06-09T20:12:47.542+0200] {logging_mixin.py:188} INFO - [OK] Formatted weather for kyiv
[2025-06-09T20:12:47.542+0200] {logging_mixin.py:188} INFO - [PROCESSING] City: rome
[2025-06-09T20:12:47.542+0200] {logging_mixin.py:188} INFO - [FOUND] Pollution file exists: /home/ccd/airflow/data/raw/pollution/rome/2025-06-06.json
[2025-06-09T20:12:47.543+0200] {logging_mixin.py:188} INFO - [INFO] Flattened pollution data: 25 rows
[2025-06-09T20:12:47.546+0200] {logging_mixin.py:188} INFO - [INFO] Aggregated pollution data: 1 rows
[2025-06-09T20:12:47.549+0200] {logging_mixin.py:188} INFO - [OK] Formatted pollution for rome
[2025-06-09T20:12:47.549+0200] {logging_mixin.py:188} INFO - [FOUND] Weather file exists: /home/ccd/airflow/data/raw/weather/rome/2025-06-06.json
[2025-06-09T20:12:47.550+0200] {logging_mixin.py:188} INFO - [INFO] Flattened weather data: 1 rows
[2025-06-09T20:12:47.552+0200] {logging_mixin.py:188} INFO - [OK] Formatted weather for rome
[2025-06-09T20:12:47.553+0200] {logging_mixin.py:188} INFO - [PROCESSING] City: baku
[2025-06-09T20:12:47.553+0200] {logging_mixin.py:188} INFO - [FOUND] Pollution file exists: /home/ccd/airflow/data/raw/pollution/baku/2025-06-06.json
[2025-06-09T20:12:47.554+0200] {logging_mixin.py:188} INFO - [INFO] Flattened pollution data: 25 rows
[2025-06-09T20:12:47.556+0200] {logging_mixin.py:188} INFO - [INFO] Aggregated pollution data: 1 rows
[2025-06-09T20:12:47.558+0200] {logging_mixin.py:188} INFO - [OK] Formatted pollution for baku
[2025-06-09T20:12:47.558+0200] {logging_mixin.py:188} INFO - [FOUND] Weather file exists: /home/ccd/airflow/data/raw/weather/baku/2025-06-06.json
[2025-06-09T20:12:47.560+0200] {logging_mixin.py:188} INFO - [INFO] Flattened weather data: 1 rows
[2025-06-09T20:12:47.561+0200] {logging_mixin.py:188} INFO - [OK] Formatted weather for baku
[2025-06-09T20:12:47.562+0200] {logging_mixin.py:188} INFO - [PROCESSING] City: paris
[2025-06-09T20:12:47.562+0200] {logging_mixin.py:188} INFO - [FOUND] Pollution file exists: /home/ccd/airflow/data/raw/pollution/paris/2025-06-06.json
[2025-06-09T20:12:47.563+0200] {logging_mixin.py:188} INFO - [INFO] Flattened pollution data: 25 rows
[2025-06-09T20:12:47.565+0200] {logging_mixin.py:188} INFO - [INFO] Aggregated pollution data: 1 rows
[2025-06-09T20:12:47.568+0200] {logging_mixin.py:188} INFO - [OK] Formatted pollution for paris
[2025-06-09T20:12:47.568+0200] {logging_mixin.py:188} INFO - [FOUND] Weather file exists: /home/ccd/airflow/data/raw/weather/paris/2025-06-06.json
[2025-06-09T20:12:47.570+0200] {logging_mixin.py:188} INFO - [INFO] Flattened weather data: 1 rows
[2025-06-09T20:12:47.572+0200] {logging_mixin.py:188} INFO - [OK] Formatted weather for paris
[2025-06-09T20:12:47.572+0200] {logging_mixin.py:188} INFO - [PROCESSING] City: vienna
[2025-06-09T20:12:47.572+0200] {logging_mixin.py:188} INFO - [FOUND] Pollution file exists: /home/ccd/airflow/data/raw/pollution/vienna/2025-06-06.json
[2025-06-09T20:12:47.573+0200] {logging_mixin.py:188} INFO - [INFO] Flattened pollution data: 25 rows
[2025-06-09T20:12:47.576+0200] {logging_mixin.py:188} INFO - [INFO] Aggregated pollution data: 1 rows
[2025-06-09T20:12:47.577+0200] {logging_mixin.py:188} INFO - [OK] Formatted pollution for vienna
[2025-06-09T20:12:47.578+0200] {logging_mixin.py:188} INFO - [FOUND] Weather file exists: /home/ccd/airflow/data/raw/weather/vienna/2025-06-06.json
[2025-06-09T20:12:47.579+0200] {logging_mixin.py:188} INFO - [INFO] Flattened weather data: 1 rows
[2025-06-09T20:12:47.581+0200] {logging_mixin.py:188} INFO - [OK] Formatted weather for vienna
[2025-06-09T20:12:47.581+0200] {logging_mixin.py:188} INFO - [PROCESSING] City: minsk
[2025-06-09T20:12:47.581+0200] {logging_mixin.py:188} INFO - [FOUND] Pollution file exists: /home/ccd/airflow/data/raw/pollution/minsk/2025-06-06.json
[2025-06-09T20:12:47.582+0200] {logging_mixin.py:188} INFO - [INFO] Flattened pollution data: 25 rows
[2025-06-09T20:12:47.584+0200] {logging_mixin.py:188} INFO - [INFO] Aggregated pollution data: 1 rows
[2025-06-09T20:12:47.586+0200] {logging_mixin.py:188} INFO - [OK] Formatted pollution for minsk
[2025-06-09T20:12:47.586+0200] {logging_mixin.py:188} INFO - [FOUND] Weather file exists: /home/ccd/airflow/data/raw/weather/minsk/2025-06-06.json
[2025-06-09T20:12:47.588+0200] {logging_mixin.py:188} INFO - [INFO] Flattened weather data: 1 rows
[2025-06-09T20:12:47.589+0200] {logging_mixin.py:188} INFO - [OK] Formatted weather for minsk
[2025-06-09T20:12:47.589+0200] {logging_mixin.py:188} INFO - [PROCESSING] City: hamburg
[2025-06-09T20:12:47.590+0200] {logging_mixin.py:188} INFO - [FOUND] Pollution file exists: /home/ccd/airflow/data/raw/pollution/hamburg/2025-06-06.json
[2025-06-09T20:12:47.591+0200] {logging_mixin.py:188} INFO - [INFO] Flattened pollution data: 25 rows
[2025-06-09T20:12:47.593+0200] {logging_mixin.py:188} INFO - [INFO] Aggregated pollution data: 1 rows
[2025-06-09T20:12:47.594+0200] {logging_mixin.py:188} INFO - [OK] Formatted pollution for hamburg
[2025-06-09T20:12:47.594+0200] {logging_mixin.py:188} INFO - [FOUND] Weather file exists: /home/ccd/airflow/data/raw/weather/hamburg/2025-06-06.json
[2025-06-09T20:12:47.596+0200] {logging_mixin.py:188} INFO - [INFO] Flattened weather data: 1 rows
[2025-06-09T20:12:47.597+0200] {logging_mixin.py:188} INFO - [OK] Formatted weather for hamburg
[2025-06-09T20:12:47.597+0200] {logging_mixin.py:188} INFO - [PROCESSING] City: warsaw
[2025-06-09T20:12:47.597+0200] {logging_mixin.py:188} INFO - [FOUND] Pollution file exists: /home/ccd/airflow/data/raw/pollution/warsaw/2025-06-06.json
[2025-06-09T20:12:47.599+0200] {logging_mixin.py:188} INFO - [INFO] Flattened pollution data: 25 rows
[2025-06-09T20:12:47.601+0200] {logging_mixin.py:188} INFO - [INFO] Aggregated pollution data: 1 rows
[2025-06-09T20:12:47.603+0200] {logging_mixin.py:188} INFO - [OK] Formatted pollution for warsaw
[2025-06-09T20:12:47.603+0200] {logging_mixin.py:188} INFO - [FOUND] Weather file exists: /home/ccd/airflow/data/raw/weather/warsaw/2025-06-06.json
[2025-06-09T20:12:47.604+0200] {logging_mixin.py:188} INFO - [INFO] Flattened weather data: 1 rows
[2025-06-09T20:12:47.606+0200] {logging_mixin.py:188} INFO - [OK] Formatted weather for warsaw
[2025-06-09T20:12:47.606+0200] {logging_mixin.py:188} INFO - [PROCESSING] City: bucharest
[2025-06-09T20:12:47.606+0200] {logging_mixin.py:188} INFO - [FOUND] Pollution file exists: /home/ccd/airflow/data/raw/pollution/bucharest/2025-06-06.json
[2025-06-09T20:12:47.607+0200] {logging_mixin.py:188} INFO - [INFO] Flattened pollution data: 25 rows
[2025-06-09T20:12:47.609+0200] {logging_mixin.py:188} INFO - [INFO] Aggregated pollution data: 1 rows
[2025-06-09T20:12:47.611+0200] {logging_mixin.py:188} INFO - [OK] Formatted pollution for bucharest
[2025-06-09T20:12:47.611+0200] {logging_mixin.py:188} INFO - [FOUND] Weather file exists: /home/ccd/airflow/data/raw/weather/bucharest/2025-06-06.json
[2025-06-09T20:12:47.612+0200] {logging_mixin.py:188} INFO - [INFO] Flattened weather data: 1 rows
[2025-06-09T20:12:47.614+0200] {logging_mixin.py:188} INFO - [OK] Formatted weather for bucharest
[2025-06-09T20:12:47.615+0200] {logging_mixin.py:188} INFO - [PROCESSING] City: barcelona
[2025-06-09T20:12:47.615+0200] {logging_mixin.py:188} INFO - [FOUND] Pollution file exists: /home/ccd/airflow/data/raw/pollution/barcelona/2025-06-06.json
[2025-06-09T20:12:47.616+0200] {logging_mixin.py:188} INFO - [INFO] Flattened pollution data: 25 rows
[2025-06-09T20:12:47.618+0200] {logging_mixin.py:188} INFO - [INFO] Aggregated pollution data: 1 rows
[2025-06-09T20:12:47.620+0200] {logging_mixin.py:188} INFO - [OK] Formatted pollution for barcelona
[2025-06-09T20:12:47.620+0200] {logging_mixin.py:188} INFO - [FOUND] Weather file exists: /home/ccd/airflow/data/raw/weather/barcelona/2025-06-06.json
[2025-06-09T20:12:47.622+0200] {logging_mixin.py:188} INFO - [INFO] Flattened weather data: 1 rows
[2025-06-09T20:12:47.624+0200] {logging_mixin.py:188} INFO - [OK] Formatted weather for barcelona
[2025-06-09T20:12:47.624+0200] {logging_mixin.py:188} INFO - [PROCESSING] City: budapest
[2025-06-09T20:12:47.624+0200] {logging_mixin.py:188} INFO - [FOUND] Pollution file exists: /home/ccd/airflow/data/raw/pollution/budapest/2025-06-06.json
[2025-06-09T20:12:47.625+0200] {logging_mixin.py:188} INFO - [INFO] Flattened pollution data: 25 rows
[2025-06-09T20:12:47.627+0200] {logging_mixin.py:188} INFO - [INFO] Aggregated pollution data: 1 rows
[2025-06-09T20:12:47.630+0200] {logging_mixin.py:188} INFO - [OK] Formatted pollution for budapest
[2025-06-09T20:12:47.630+0200] {logging_mixin.py:188} INFO - [FOUND] Weather file exists: /home/ccd/airflow/data/raw/weather/budapest/2025-06-06.json
[2025-06-09T20:12:47.632+0200] {logging_mixin.py:188} INFO - [INFO] Flattened weather data: 1 rows
[2025-06-09T20:12:47.633+0200] {logging_mixin.py:188} INFO - [OK] Formatted weather for budapest
[2025-06-09T20:12:47.634+0200] {logging_mixin.py:188} INFO - [PROCESSING] City: belgrade
[2025-06-09T20:12:47.634+0200] {logging_mixin.py:188} INFO - [FOUND] Pollution file exists: /home/ccd/airflow/data/raw/pollution/belgrade/2025-06-06.json
[2025-06-09T20:12:47.635+0200] {logging_mixin.py:188} INFO - [INFO] Flattened pollution data: 25 rows
[2025-06-09T20:12:47.637+0200] {logging_mixin.py:188} INFO - [INFO] Aggregated pollution data: 1 rows
[2025-06-09T20:12:47.638+0200] {logging_mixin.py:188} INFO - [OK] Formatted pollution for belgrade
[2025-06-09T20:12:47.639+0200] {logging_mixin.py:188} INFO - [FOUND] Weather file exists: /home/ccd/airflow/data/raw/weather/belgrade/2025-06-06.json
[2025-06-09T20:12:47.640+0200] {logging_mixin.py:188} INFO - [INFO] Flattened weather data: 1 rows
[2025-06-09T20:12:47.642+0200] {logging_mixin.py:188} INFO - [OK] Formatted weather for belgrade
[2025-06-09T20:12:47.642+0200] {logging_mixin.py:188} INFO - [PROCESSING] City: munich
[2025-06-09T20:12:47.642+0200] {logging_mixin.py:188} INFO - [FOUND] Pollution file exists: /home/ccd/airflow/data/raw/pollution/munich/2025-06-06.json
[2025-06-09T20:12:47.643+0200] {logging_mixin.py:188} INFO - [INFO] Flattened pollution data: 25 rows
[2025-06-09T20:12:47.645+0200] {logging_mixin.py:188} INFO - [INFO] Aggregated pollution data: 1 rows
[2025-06-09T20:12:47.647+0200] {logging_mixin.py:188} INFO - [OK] Formatted pollution for munich
[2025-06-09T20:12:47.647+0200] {logging_mixin.py:188} INFO - [FOUND] Weather file exists: /home/ccd/airflow/data/raw/weather/munich/2025-06-06.json
[2025-06-09T20:12:47.649+0200] {logging_mixin.py:188} INFO - [INFO] Flattened weather data: 1 rows
[2025-06-09T20:12:47.651+0200] {logging_mixin.py:188} INFO - [OK] Formatted weather for munich
[2025-06-09T20:12:47.651+0200] {logging_mixin.py:188} INFO - [PROCESSING] City: kharkiv
[2025-06-09T20:12:47.652+0200] {logging_mixin.py:188} INFO - [FOUND] Pollution file exists: /home/ccd/airflow/data/raw/pollution/kharkiv/2025-06-06.json
[2025-06-09T20:12:47.653+0200] {logging_mixin.py:188} INFO - [INFO] Flattened pollution data: 25 rows
[2025-06-09T20:12:47.655+0200] {logging_mixin.py:188} INFO - [INFO] Aggregated pollution data: 1 rows
[2025-06-09T20:12:47.656+0200] {logging_mixin.py:188} INFO - [OK] Formatted pollution for kharkiv
[2025-06-09T20:12:47.657+0200] {logging_mixin.py:188} INFO - [FOUND] Weather file exists: /home/ccd/airflow/data/raw/weather/kharkiv/2025-06-06.json
[2025-06-09T20:12:47.658+0200] {logging_mixin.py:188} INFO - [INFO] Flattened weather data: 1 rows
[2025-06-09T20:12:47.660+0200] {logging_mixin.py:188} INFO - [OK] Formatted weather for kharkiv
[2025-06-09T20:12:47.660+0200] {logging_mixin.py:188} INFO - [PROCESSING] City: prague
[2025-06-09T20:12:47.661+0200] {logging_mixin.py:188} INFO - [FOUND] Pollution file exists: /home/ccd/airflow/data/raw/pollution/prague/2025-06-06.json
[2025-06-09T20:12:47.662+0200] {logging_mixin.py:188} INFO - [INFO] Flattened pollution data: 25 rows
[2025-06-09T20:12:47.664+0200] {logging_mixin.py:188} INFO - [INFO] Aggregated pollution data: 1 rows
[2025-06-09T20:12:47.666+0200] {logging_mixin.py:188} INFO - [OK] Formatted pollution for prague
[2025-06-09T20:12:47.666+0200] {logging_mixin.py:188} INFO - [FOUND] Weather file exists: /home/ccd/airflow/data/raw/weather/prague/2025-06-06.json
[2025-06-09T20:12:47.667+0200] {logging_mixin.py:188} INFO - [INFO] Flattened weather data: 1 rows
[2025-06-09T20:12:47.669+0200] {logging_mixin.py:188} INFO - [OK] Formatted weather for prague
[2025-06-09T20:12:47.669+0200] {logging_mixin.py:188} INFO - [PROCESSING] City: milan
[2025-06-09T20:12:47.670+0200] {logging_mixin.py:188} INFO - [FOUND] Pollution file exists: /home/ccd/airflow/data/raw/pollution/milan/2025-06-06.json
[2025-06-09T20:12:47.671+0200] {logging_mixin.py:188} INFO - [INFO] Flattened pollution data: 25 rows
[2025-06-09T20:12:47.673+0200] {logging_mixin.py:188} INFO - [INFO] Aggregated pollution data: 1 rows
[2025-06-09T20:12:47.675+0200] {logging_mixin.py:188} INFO - [OK] Formatted pollution for milan
[2025-06-09T20:12:47.675+0200] {logging_mixin.py:188} INFO - [FOUND] Weather file exists: /home/ccd/airflow/data/raw/weather/milan/2025-06-06.json
[2025-06-09T20:12:47.676+0200] {logging_mixin.py:188} INFO - [INFO] Flattened weather data: 1 rows
[2025-06-09T20:12:47.678+0200] {logging_mixin.py:188} INFO - [OK] Formatted weather for milan
[2025-06-09T20:12:47.678+0200] {logging_mixin.py:188} INFO - [PROCESSING] City: algiers
[2025-06-09T20:12:47.679+0200] {logging_mixin.py:188} INFO - [FOUND] Pollution file exists: /home/ccd/airflow/data/raw/pollution/algiers/2025-06-06.json
[2025-06-09T20:12:47.680+0200] {logging_mixin.py:188} INFO - [INFO] Flattened pollution data: 25 rows
[2025-06-09T20:12:47.682+0200] {logging_mixin.py:188} INFO - [INFO] Aggregated pollution data: 1 rows
[2025-06-09T20:12:47.684+0200] {logging_mixin.py:188} INFO - [OK] Formatted pollution for algiers
[2025-06-09T20:12:47.684+0200] {logging_mixin.py:188} INFO - [FOUND] Weather file exists: /home/ccd/airflow/data/raw/weather/algiers/2025-06-06.json
[2025-06-09T20:12:47.685+0200] {logging_mixin.py:188} INFO - [INFO] Flattened weather data: 1 rows
[2025-06-09T20:12:47.687+0200] {logging_mixin.py:188} INFO - [OK] Formatted weather for algiers
[2025-06-09T20:12:47.687+0200] {logging_mixin.py:188} INFO - [DONE] Spark session closed
[2025-06-09T20:12:47.688+0200] {python.py:237} INFO - Done. Returned value was: None
[2025-06-09T20:12:47.688+0200] {taskinstance.py:441} INFO - ::group::Post task execution logs
[2025-06-09T20:12:47.691+0200] {taskinstance.py:1205} INFO - Marking task as SUCCESS. dag_id=fetch_daily_pollution_weather_dag, task_id=format_daily_data_all_cities, execution_date=20250606T000000, start_date=20250609T181247, end_date=20250609T181247
[2025-06-09T20:12:47.743+0200] {local_task_job_runner.py:240} INFO - Task exited with return code 0
[2025-06-09T20:12:47.755+0200] {taskinstance.py:3482} INFO - 1 downstream tasks scheduled from follow-on schedule check
[2025-06-09T20:12:47.769+0200] {local_task_job_runner.py:222} INFO - ::endgroup::
