[2025-05-28T20:55:05.746+0200] {local_task_job_runner.py:120} INFO - ::group::Pre task execution logs
[2025-05-28T20:55:05.760+0200] {taskinstance.py:2073} INFO - Dependencies all met for dep_context=non-requeueable deps ti=<TaskInstance: backfill_pollution_weather_dag.format_pollution_backfill manual__2025-05-28T18:50:45.287815+00:00 [queued]>
[2025-05-28T20:55:05.764+0200] {taskinstance.py:2073} INFO - Dependencies all met for dep_context=requeueable deps ti=<TaskInstance: backfill_pollution_weather_dag.format_pollution_backfill manual__2025-05-28T18:50:45.287815+00:00 [queued]>
[2025-05-28T20:55:05.765+0200] {taskinstance.py:2303} INFO - Starting attempt 1 of 1
[2025-05-28T20:55:05.780+0200] {taskinstance.py:2327} INFO - Executing <Task(PythonOperator): format_pollution_backfill> on 2025-05-28 18:50:45.287815+00:00
[2025-05-28T20:55:05.783+0200] {standard_task_runner.py:63} INFO - Started process 196080 to run task
[2025-05-28T20:55:05.787+0200] {standard_task_runner.py:90} INFO - Running: ['airflow', 'tasks', 'run', 'backfill_pollution_weather_dag', 'format_pollution_backfill', 'manual__2025-05-28T18:50:45.287815+00:00', '--job-id', '13', '--raw', '--subdir', 'DAGS_FOLDER/backfill_dag.py', '--cfg-path', '/tmp/tmpnmf6port']
[2025-05-28T20:55:05.788+0200] {standard_task_runner.py:91} INFO - Job 13: Subtask format_pollution_backfill
[2025-05-28T20:55:05.826+0200] {task_command.py:426} INFO - Running <TaskInstance: backfill_pollution_weather_dag.format_pollution_backfill manual__2025-05-28T18:50:45.287815+00:00 [running]> on host DESKTOP-2QS8J6D.
[2025-05-28T20:55:05.883+0200] {taskinstance.py:2644} INFO - Exporting env vars: AIRFLOW_CTX_DAG_OWNER='airflow' AIRFLOW_CTX_DAG_ID='backfill_pollution_weather_dag' AIRFLOW_CTX_TASK_ID='format_pollution_backfill' AIRFLOW_CTX_EXECUTION_DATE='2025-05-28T18:50:45.287815+00:00' AIRFLOW_CTX_TRY_NUMBER='1' AIRFLOW_CTX_DAG_RUN_ID='manual__2025-05-28T18:50:45.287815+00:00'
[2025-05-28T20:55:05.884+0200] {taskinstance.py:430} INFO - ::endgroup::
[2025-05-28T20:55:05.993+0200] {taskinstance.py:441} INFO - ::group::Post task execution logs
[2025-05-28T20:55:05.994+0200] {taskinstance.py:2890} ERROR - Task failed with exception
Traceback (most recent call last):
  File "/home/ccd/airflow_venv/lib/python3.10/site-packages/airflow/models/taskinstance.py", line 465, in _execute_task
    result = _execute_callable(context=context, **execute_callable_kwargs)
  File "/home/ccd/airflow_venv/lib/python3.10/site-packages/airflow/models/taskinstance.py", line 432, in _execute_callable
    return execute_callable(context=context, **execute_callable_kwargs)
  File "/home/ccd/airflow_venv/lib/python3.10/site-packages/airflow/models/baseoperator.py", line 400, in wrapper
    return func(self, *args, **kwargs)
  File "/home/ccd/airflow_venv/lib/python3.10/site-packages/airflow/operators/python.py", line 235, in execute
    return_value = self.execute_callable()
  File "/home/ccd/airflow_venv/lib/python3.10/site-packages/airflow/operators/python.py", line 252, in execute_callable
    return self.python_callable(*self.op_args, **self.op_kwargs)
  File "/home/ccd/airflow/dags/backfill_dag.py", line 93, in format_pollution_backfill
    spark = SparkSession.builder.appName("FormatPollution").getOrCreate()
  File "/home/ccd/airflow_venv/lib/python3.10/site-packages/pyspark/sql/session.py", line 556, in getOrCreate
    sc = SparkContext.getOrCreate(sparkConf)
  File "/home/ccd/airflow_venv/lib/python3.10/site-packages/pyspark/core/context.py", line 523, in getOrCreate
    SparkContext(conf=conf or SparkConf())
  File "/home/ccd/airflow_venv/lib/python3.10/site-packages/pyspark/core/context.py", line 205, in __init__
    SparkContext._ensure_initialized(self, gateway=gateway, conf=conf)
  File "/home/ccd/airflow_venv/lib/python3.10/site-packages/pyspark/core/context.py", line 444, in _ensure_initialized
    SparkContext._gateway = gateway or launch_gateway(conf)
  File "/home/ccd/airflow_venv/lib/python3.10/site-packages/pyspark/java_gateway.py", line 111, in launch_gateway
    raise PySparkRuntimeError(
pyspark.errors.exceptions.base.PySparkRuntimeError: [JAVA_GATEWAY_EXITED] Java gateway process exited before sending its port number.
[2025-05-28T20:55:05.998+0200] {taskinstance.py:1205} INFO - Marking task as FAILED. dag_id=backfill_pollution_weather_dag, task_id=format_pollution_backfill, execution_date=20250528T185045, start_date=20250528T185505, end_date=20250528T185505
[2025-05-28T20:55:06.015+0200] {standard_task_runner.py:110} ERROR - Failed to execute job 13 for task format_pollution_backfill ([JAVA_GATEWAY_EXITED] Java gateway process exited before sending its port number.; 196080)
[2025-05-28T20:55:06.039+0200] {local_task_job_runner.py:240} INFO - Task exited with return code 1
[2025-05-28T20:55:06.049+0200] {taskinstance.py:3482} INFO - 0 downstream tasks scheduled from follow-on schedule check
[2025-05-28T20:55:06.061+0200] {local_task_job_runner.py:222} INFO - ::endgroup::
